[2024-10-21T17:30:14.810+0000] {local_task_job_runner.py:123} INFO - ::group::Pre task execution logs
[2024-10-21T17:30:14.866+0000] {taskinstance.py:2612} INFO - Dependencies all met for dep_context=non-requeueable deps ti=<TaskInstance: DAG_LatestOnlyOperator.latest scheduled__2024-10-21T04:11:00+00:00 [queued]>
[2024-10-21T17:30:14.916+0000] {taskinstance.py:2612} INFO - Dependencies all met for dep_context=requeueable deps ti=<TaskInstance: DAG_LatestOnlyOperator.latest scheduled__2024-10-21T04:11:00+00:00 [queued]>
[2024-10-21T17:30:14.917+0000] {taskinstance.py:2865} INFO - Starting attempt 1 of 1
[2024-10-21T17:30:14.974+0000] {taskinstance.py:2888} INFO - Executing <Task(LatestOnlyOperator): latest> on 2024-10-21 04:11:00+00:00
[2024-10-21T17:30:14.999+0000] {warnings.py:112} WARNING - /home/***/.local/lib/python3.12/site-packages/***/task/task_runner/standard_task_runner.py:70: DeprecationWarning: This process (pid=1536) is multi-threaded, use of fork() may lead to deadlocks in the child.
  pid = os.fork()

[2024-10-21T17:30:15.007+0000] {standard_task_runner.py:72} INFO - Started process 1561 to run task
[2024-10-21T17:30:15.001+0000] {standard_task_runner.py:104} INFO - Running: ['***', 'tasks', 'run', 'DAG_LatestOnlyOperator', 'latest', 'scheduled__2024-10-21T04:11:00+00:00', '--job-id', '313', '--raw', '--subdir', 'DAGS_FOLDER/lesson_4_dag_latest.py', '--cfg-path', '/tmp/tmp1n1fjdvo']
[2024-10-21T17:30:15.016+0000] {standard_task_runner.py:105} INFO - Job 313: Subtask latest
[2024-10-21T17:30:15.229+0000] {task_command.py:467} INFO - Running <TaskInstance: DAG_LatestOnlyOperator.latest scheduled__2024-10-21T04:11:00+00:00 [running]> on host 1da8eee663cb
[2024-10-21T17:30:15.715+0000] {taskinstance.py:3131} INFO - Exporting env vars: AIRFLOW_CTX_DAG_OWNER='***' AIRFLOW_CTX_DAG_ID='DAG_LatestOnlyOperator' AIRFLOW_CTX_TASK_ID='latest' AIRFLOW_CTX_EXECUTION_DATE='2024-10-21T04:11:00+00:00' AIRFLOW_CTX_TRY_NUMBER='1' AIRFLOW_CTX_DAG_RUN_ID='scheduled__2024-10-21T04:11:00+00:00'
[2024-10-21T17:30:15.719+0000] {logging_mixin.py:190} INFO - Task instance is in running state
[2024-10-21T17:30:15.724+0000] {logging_mixin.py:190} INFO -  Previous state of the Task instance: queued
[2024-10-21T17:30:15.732+0000] {logging_mixin.py:190} INFO - Current task name:latest state:running start_date:2024-10-21 17:30:14.872784+00:00
[2024-10-21T17:30:15.733+0000] {logging_mixin.py:190} INFO - Dag name:DAG_LatestOnlyOperator and current dag run status:running
[2024-10-21T17:30:15.733+0000] {taskinstance.py:731} INFO - ::endgroup::
[2024-10-21T17:30:15.735+0000] {latest_only.py:63} INFO - Checking latest only with left_window: 2024-10-21 04:12:00+00:00 right_window: 2024-10-21 04:13:00+00:00 now: 2024-10-21 17:30:15.735581+00:00
[2024-10-21T17:30:15.736+0000] {latest_only.py:71} INFO - Not latest execution, skipping downstream.
[2024-10-21T17:30:15.737+0000] {branch.py:38} INFO - Branch into []
[2024-10-21T17:30:15.738+0000] {skipmixin.py:230} INFO - Following branch ()
[2024-10-21T17:30:15.782+0000] {skipmixin.py:278} INFO - Skipping tasks [('python_principal', -1)]
[2024-10-21T17:30:15.887+0000] {taskinstance.py:340} INFO - ::group::Post task execution logs
[2024-10-21T17:30:15.888+0000] {taskinstance.py:352} INFO - Marking task as SUCCESS. dag_id=DAG_LatestOnlyOperator, task_id=latest, run_id=scheduled__2024-10-21T04:11:00+00:00, execution_date=20241021T041100, start_date=20241021T173014, end_date=20241021T173015
[2024-10-21T17:30:15.954+0000] {logging_mixin.py:190} INFO - Task instance in success state
[2024-10-21T17:30:15.955+0000] {logging_mixin.py:190} INFO -  Previous state of the Task instance: running
[2024-10-21T17:30:15.956+0000] {logging_mixin.py:190} INFO - Dag name:DAG_LatestOnlyOperator queued_at:2024-10-21 17:30:11.499103+00:00
[2024-10-21T17:30:15.956+0000] {logging_mixin.py:190} INFO - Task hostname:1da8eee663cb operator:LatestOnlyOperator
[2024-10-21T17:30:15.976+0000] {local_task_job_runner.py:266} INFO - Task exited with return code 0
[2024-10-21T17:30:15.995+0000] {local_task_job_runner.py:245} INFO - ::endgroup::
