[2024-10-21T17:19:33.025+0000] {local_task_job_runner.py:123} INFO - ::group::Pre task execution logs
[2024-10-21T17:19:33.060+0000] {taskinstance.py:2612} INFO - Dependencies all met for dep_context=non-requeueable deps ti=<TaskInstance: DAG_filha.wait_principal scheduled__2024-10-21T03:09:00+00:00 [queued]>
[2024-10-21T17:19:33.086+0000] {taskinstance.py:2612} INFO - Dependencies all met for dep_context=requeueable deps ti=<TaskInstance: DAG_filha.wait_principal scheduled__2024-10-21T03:09:00+00:00 [queued]>
[2024-10-21T17:19:33.093+0000] {taskinstance.py:2865} INFO - Starting attempt 1 of 1
[2024-10-21T17:19:33.126+0000] {taskinstance.py:2888} INFO - Executing <Task(ExternalTaskSensor): wait_principal> on 2024-10-21 03:09:00+00:00
[2024-10-21T17:19:33.145+0000] {warnings.py:112} WARNING - /home/***/.local/lib/python3.12/site-packages/***/task/task_runner/standard_task_runner.py:70: DeprecationWarning: This process (pid=627) is multi-threaded, use of fork() may lead to deadlocks in the child.
  pid = os.fork()

[2024-10-21T17:19:33.147+0000] {standard_task_runner.py:72} INFO - Started process 663 to run task
[2024-10-21T17:19:33.170+0000] {standard_task_runner.py:104} INFO - Running: ['***', 'tasks', 'run', 'DAG_filha', 'wait_principal', 'scheduled__2024-10-21T03:09:00+00:00', '--job-id', '125', '--raw', '--subdir', 'DAGS_FOLDER/lesson_3_dag_filha.py', '--cfg-path', '/tmp/tmp4mlma07k']
[2024-10-21T17:19:33.175+0000] {standard_task_runner.py:105} INFO - Job 125: Subtask wait_principal
[2024-10-21T17:19:33.332+0000] {task_command.py:467} INFO - Running <TaskInstance: DAG_filha.wait_principal scheduled__2024-10-21T03:09:00+00:00 [running]> on host 1da8eee663cb
[2024-10-21T17:19:33.521+0000] {taskinstance.py:3131} INFO - Exporting env vars: AIRFLOW_CTX_DAG_OWNER='***' AIRFLOW_CTX_DAG_ID='DAG_filha' AIRFLOW_CTX_TASK_ID='wait_principal' AIRFLOW_CTX_EXECUTION_DATE='2024-10-21T03:09:00+00:00' AIRFLOW_CTX_TRY_NUMBER='1' AIRFLOW_CTX_DAG_RUN_ID='scheduled__2024-10-21T03:09:00+00:00'
[2024-10-21T17:19:33.522+0000] {logging_mixin.py:190} INFO - Task instance is in running state
[2024-10-21T17:19:33.523+0000] {logging_mixin.py:190} INFO -  Previous state of the Task instance: queued
[2024-10-21T17:19:33.523+0000] {logging_mixin.py:190} INFO - Current task name:wait_principal state:running start_date:2024-10-21 17:19:33.067369+00:00
[2024-10-21T17:19:33.524+0000] {logging_mixin.py:190} INFO - Dag name:DAG_filha and current dag run status:running
[2024-10-21T17:19:33.526+0000] {taskinstance.py:731} INFO - ::endgroup::
[2024-10-21T17:19:33.527+0000] {baseoperator.py:405} WARNING - ExternalTaskSensor.execute cannot be called outside TaskInstance!
[2024-10-21T17:19:33.555+0000] {external_task.py:274} INFO - Poking for DAG 'python_principal' on 2024-10-21T02:09:00+00:00 ... 
[2024-10-21T17:19:33.556+0000] {warnings.py:112} WARNING - /home/***/.local/lib/python3.12/site-packages/***/utils/session.py:97: DeprecationWarning: This method is deprecated and will be removed in future.
  return func(*args, session=session, **kwargs)

[2024-10-21T17:19:33.665+0000] {taskinstance.py:309} INFO - Rescheduling task, marking task as UP_FOR_RESCHEDULE
[2024-10-21T17:19:33.670+0000] {taskinstance.py:340} INFO - ::group::Post task execution logs
[2024-10-21T17:19:33.693+0000] {local_task_job_runner.py:266} INFO - Task exited with return code 0
[2024-10-21T17:19:33.782+0000] {taskinstance.py:3900} INFO - 0 downstream tasks scheduled from follow-on schedule check
[2024-10-21T17:19:33.792+0000] {local_task_job_runner.py:245} INFO - ::endgroup::
[2024-10-21T17:20:07.093+0000] {local_task_job_runner.py:123} INFO - ::group::Pre task execution logs
[2024-10-21T17:20:07.142+0000] {taskinstance.py:2612} INFO - Dependencies all met for dep_context=non-requeueable deps ti=<TaskInstance: DAG_filha.wait_principal scheduled__2024-10-21T03:09:00+00:00 [queued]>
[2024-10-21T17:20:07.156+0000] {taskinstance.py:2612} INFO - Dependencies all met for dep_context=requeueable deps ti=<TaskInstance: DAG_filha.wait_principal scheduled__2024-10-21T03:09:00+00:00 [queued]>
[2024-10-21T17:20:07.160+0000] {taskinstance.py:2865} INFO - Starting attempt 1 of 1
[2024-10-21T17:20:07.390+0000] {taskinstance.py:2888} INFO - Executing <Task(ExternalTaskSensor): wait_principal> on 2024-10-21 03:09:00+00:00
[2024-10-21T17:20:07.399+0000] {warnings.py:112} WARNING - /home/***/.local/lib/python3.12/site-packages/***/task/task_runner/standard_task_runner.py:70: DeprecationWarning: This process (pid=861) is multi-threaded, use of fork() may lead to deadlocks in the child.
  pid = os.fork()

[2024-10-21T17:20:07.420+0000] {standard_task_runner.py:72} INFO - Started process 900 to run task
[2024-10-21T17:20:07.411+0000] {standard_task_runner.py:104} INFO - Running: ['***', 'tasks', 'run', 'DAG_filha', 'wait_principal', 'scheduled__2024-10-21T03:09:00+00:00', '--job-id', '180', '--raw', '--subdir', 'DAGS_FOLDER/lesson_3_dag_filha.py', '--cfg-path', '/tmp/tmpr98rqo8r']
[2024-10-21T17:20:07.441+0000] {standard_task_runner.py:105} INFO - Job 180: Subtask wait_principal
[2024-10-21T17:20:07.603+0000] {task_command.py:467} INFO - Running <TaskInstance: DAG_filha.wait_principal scheduled__2024-10-21T03:09:00+00:00 [running]> on host 1da8eee663cb
[2024-10-21T17:20:07.790+0000] {taskinstance.py:3131} INFO - Exporting env vars: AIRFLOW_CTX_DAG_OWNER='***' AIRFLOW_CTX_DAG_ID='DAG_filha' AIRFLOW_CTX_TASK_ID='wait_principal' AIRFLOW_CTX_EXECUTION_DATE='2024-10-21T03:09:00+00:00' AIRFLOW_CTX_TRY_NUMBER='1' AIRFLOW_CTX_DAG_RUN_ID='scheduled__2024-10-21T03:09:00+00:00'
[2024-10-21T17:20:07.794+0000] {logging_mixin.py:190} INFO - Task instance is in running state
[2024-10-21T17:20:07.795+0000] {logging_mixin.py:190} INFO -  Previous state of the Task instance: queued
[2024-10-21T17:20:07.810+0000] {logging_mixin.py:190} INFO - Current task name:wait_principal state:running start_date:2024-10-21 17:20:07.143511+00:00
[2024-10-21T17:20:07.814+0000] {logging_mixin.py:190} INFO - Dag name:DAG_filha and current dag run status:running
[2024-10-21T17:20:07.815+0000] {taskinstance.py:731} INFO - ::endgroup::
[2024-10-21T17:20:07.816+0000] {baseoperator.py:405} WARNING - ExternalTaskSensor.execute cannot be called outside TaskInstance!
[2024-10-21T17:20:07.836+0000] {external_task.py:274} INFO - Poking for DAG 'python_principal' on 2024-10-21T02:09:00+00:00 ... 
[2024-10-21T17:20:07.839+0000] {warnings.py:112} WARNING - /home/***/.local/lib/python3.12/site-packages/***/utils/session.py:97: DeprecationWarning: This method is deprecated and will be removed in future.
  return func(*args, session=session, **kwargs)

[2024-10-21T17:20:07.919+0000] {taskinstance.py:309} INFO - Rescheduling task, marking task as UP_FOR_RESCHEDULE
[2024-10-21T17:20:07.920+0000] {taskinstance.py:340} INFO - ::group::Post task execution logs
[2024-10-21T17:20:07.976+0000] {local_task_job_runner.py:266} INFO - Task exited with return code 0
[2024-10-21T17:20:08.039+0000] {taskinstance.py:3900} INFO - 0 downstream tasks scheduled from follow-on schedule check
[2024-10-21T17:20:08.061+0000] {local_task_job_runner.py:245} INFO - ::endgroup::
[2024-10-21T17:20:42.444+0000] {local_task_job_runner.py:123} INFO - ::group::Pre task execution logs
[2024-10-21T17:20:42.499+0000] {taskinstance.py:2612} INFO - Dependencies all met for dep_context=non-requeueable deps ti=<TaskInstance: DAG_filha.wait_principal scheduled__2024-10-21T03:09:00+00:00 [queued]>
[2024-10-21T17:20:42.531+0000] {taskinstance.py:2612} INFO - Dependencies all met for dep_context=requeueable deps ti=<TaskInstance: DAG_filha.wait_principal scheduled__2024-10-21T03:09:00+00:00 [queued]>
[2024-10-21T17:20:42.534+0000] {taskinstance.py:2865} INFO - Starting attempt 1 of 1
[2024-10-21T17:20:42.558+0000] {taskinstance.py:2888} INFO - Executing <Task(ExternalTaskSensor): wait_principal> on 2024-10-21 03:09:00+00:00
[2024-10-21T17:20:42.574+0000] {warnings.py:112} WARNING - /home/***/.local/lib/python3.12/site-packages/***/task/task_runner/standard_task_runner.py:70: DeprecationWarning: This process (pid=1044) is multi-threaded, use of fork() may lead to deadlocks in the child.
  pid = os.fork()

[2024-10-21T17:20:42.579+0000] {standard_task_runner.py:72} INFO - Started process 1067 to run task
[2024-10-21T17:20:42.576+0000] {standard_task_runner.py:104} INFO - Running: ['***', 'tasks', 'run', 'DAG_filha', 'wait_principal', 'scheduled__2024-10-21T03:09:00+00:00', '--job-id', '223', '--raw', '--subdir', 'DAGS_FOLDER/lesson_3_dag_filha.py', '--cfg-path', '/tmp/tmpbxctzlwx']
[2024-10-21T17:20:42.580+0000] {standard_task_runner.py:105} INFO - Job 223: Subtask wait_principal
[2024-10-21T17:20:42.718+0000] {task_command.py:467} INFO - Running <TaskInstance: DAG_filha.wait_principal scheduled__2024-10-21T03:09:00+00:00 [running]> on host 1da8eee663cb
[2024-10-21T17:20:42.908+0000] {taskinstance.py:3131} INFO - Exporting env vars: AIRFLOW_CTX_DAG_OWNER='***' AIRFLOW_CTX_DAG_ID='DAG_filha' AIRFLOW_CTX_TASK_ID='wait_principal' AIRFLOW_CTX_EXECUTION_DATE='2024-10-21T03:09:00+00:00' AIRFLOW_CTX_TRY_NUMBER='1' AIRFLOW_CTX_DAG_RUN_ID='scheduled__2024-10-21T03:09:00+00:00'
[2024-10-21T17:20:42.910+0000] {logging_mixin.py:190} INFO - Task instance is in running state
[2024-10-21T17:20:42.911+0000] {logging_mixin.py:190} INFO -  Previous state of the Task instance: queued
[2024-10-21T17:20:42.912+0000] {logging_mixin.py:190} INFO - Current task name:wait_principal state:running start_date:2024-10-21 17:20:42.500802+00:00
[2024-10-21T17:20:42.913+0000] {logging_mixin.py:190} INFO - Dag name:DAG_filha and current dag run status:running
[2024-10-21T17:20:42.913+0000] {taskinstance.py:731} INFO - ::endgroup::
[2024-10-21T17:20:42.914+0000] {baseoperator.py:405} WARNING - ExternalTaskSensor.execute cannot be called outside TaskInstance!
[2024-10-21T17:20:42.930+0000] {external_task.py:274} INFO - Poking for DAG 'python_principal' on 2024-10-21T02:09:00+00:00 ... 
[2024-10-21T17:20:42.933+0000] {warnings.py:112} WARNING - /home/***/.local/lib/python3.12/site-packages/***/utils/session.py:97: DeprecationWarning: This method is deprecated and will be removed in future.
  return func(*args, session=session, **kwargs)

[2024-10-21T17:20:43.092+0000] {taskinstance.py:309} INFO - Rescheduling task, marking task as UP_FOR_RESCHEDULE
[2024-10-21T17:20:43.096+0000] {taskinstance.py:340} INFO - ::group::Post task execution logs
[2024-10-21T17:20:43.145+0000] {local_task_job_runner.py:266} INFO - Task exited with return code 0
[2024-10-21T17:20:43.188+0000] {taskinstance.py:3900} INFO - 0 downstream tasks scheduled from follow-on schedule check
[2024-10-21T17:20:43.192+0000] {local_task_job_runner.py:245} INFO - ::endgroup::
