[2024-10-21T17:29:56.553+0000] {local_task_job_runner.py:123} INFO - ::group::Pre task execution logs
[2024-10-21T17:29:56.578+0000] {taskinstance.py:2612} INFO - Dependencies all met for dep_context=non-requeueable deps ti=<TaskInstance: DAG_LatestOnlyOperator.latest scheduled__2024-10-21T03:48:00+00:00 [queued]>
[2024-10-21T17:29:56.591+0000] {taskinstance.py:2612} INFO - Dependencies all met for dep_context=requeueable deps ti=<TaskInstance: DAG_LatestOnlyOperator.latest scheduled__2024-10-21T03:48:00+00:00 [queued]>
[2024-10-21T17:29:56.592+0000] {taskinstance.py:2865} INFO - Starting attempt 1 of 1
[2024-10-21T17:29:56.612+0000] {taskinstance.py:2888} INFO - Executing <Task(LatestOnlyOperator): latest> on 2024-10-21 03:48:00+00:00
[2024-10-21T17:29:56.625+0000] {warnings.py:112} WARNING - /home/***/.local/lib/python3.12/site-packages/***/task/task_runner/standard_task_runner.py:70: DeprecationWarning: This process (pid=1428) is multi-threaded, use of fork() may lead to deadlocks in the child.
  pid = os.fork()

[2024-10-21T17:29:56.627+0000] {standard_task_runner.py:72} INFO - Started process 1454 to run task
[2024-10-21T17:29:56.633+0000] {standard_task_runner.py:104} INFO - Running: ['***', 'tasks', 'run', 'DAG_LatestOnlyOperator', 'latest', 'scheduled__2024-10-21T03:48:00+00:00', '--job-id', '290', '--raw', '--subdir', 'DAGS_FOLDER/lesson_4_dag_latest.py', '--cfg-path', '/tmp/tmp47kwvlho']
[2024-10-21T17:29:56.635+0000] {standard_task_runner.py:105} INFO - Job 290: Subtask latest
[2024-10-21T17:29:56.704+0000] {task_command.py:467} INFO - Running <TaskInstance: DAG_LatestOnlyOperator.latest scheduled__2024-10-21T03:48:00+00:00 [running]> on host 1da8eee663cb
[2024-10-21T17:29:56.824+0000] {taskinstance.py:3131} INFO - Exporting env vars: AIRFLOW_CTX_DAG_OWNER='***' AIRFLOW_CTX_DAG_ID='DAG_LatestOnlyOperator' AIRFLOW_CTX_TASK_ID='latest' AIRFLOW_CTX_EXECUTION_DATE='2024-10-21T03:48:00+00:00' AIRFLOW_CTX_TRY_NUMBER='1' AIRFLOW_CTX_DAG_RUN_ID='scheduled__2024-10-21T03:48:00+00:00'
[2024-10-21T17:29:56.828+0000] {logging_mixin.py:190} INFO - Task instance is in running state
[2024-10-21T17:29:56.829+0000] {logging_mixin.py:190} INFO -  Previous state of the Task instance: queued
[2024-10-21T17:29:56.829+0000] {logging_mixin.py:190} INFO - Current task name:latest state:running start_date:2024-10-21 17:29:56.579521+00:00
[2024-10-21T17:29:56.830+0000] {logging_mixin.py:190} INFO - Dag name:DAG_LatestOnlyOperator and current dag run status:running
[2024-10-21T17:29:56.831+0000] {taskinstance.py:731} INFO - ::endgroup::
[2024-10-21T17:29:56.832+0000] {latest_only.py:63} INFO - Checking latest only with left_window: 2024-10-21 03:49:00+00:00 right_window: 2024-10-21 03:50:00+00:00 now: 2024-10-21 17:29:56.832489+00:00
[2024-10-21T17:29:56.833+0000] {latest_only.py:71} INFO - Not latest execution, skipping downstream.
[2024-10-21T17:29:56.834+0000] {branch.py:38} INFO - Branch into []
[2024-10-21T17:29:56.834+0000] {skipmixin.py:230} INFO - Following branch ()
[2024-10-21T17:29:56.847+0000] {skipmixin.py:278} INFO - Skipping tasks [('python_principal', -1)]
[2024-10-21T17:29:56.890+0000] {taskinstance.py:340} INFO - ::group::Post task execution logs
[2024-10-21T17:29:56.891+0000] {taskinstance.py:352} INFO - Marking task as SUCCESS. dag_id=DAG_LatestOnlyOperator, task_id=latest, run_id=scheduled__2024-10-21T03:48:00+00:00, execution_date=20241021T034800, start_date=20241021T172956, end_date=20241021T172956
[2024-10-21T17:29:56.907+0000] {logging_mixin.py:190} INFO - Task instance in success state
[2024-10-21T17:29:56.910+0000] {logging_mixin.py:190} INFO -  Previous state of the Task instance: running
[2024-10-21T17:29:56.911+0000] {logging_mixin.py:190} INFO - Dag name:DAG_LatestOnlyOperator queued_at:2024-10-21 17:29:53.508563+00:00
[2024-10-21T17:29:56.912+0000] {logging_mixin.py:190} INFO - Task hostname:1da8eee663cb operator:LatestOnlyOperator
[2024-10-21T17:29:56.967+0000] {local_task_job_runner.py:266} INFO - Task exited with return code 0
[2024-10-21T17:29:57.007+0000] {taskinstance.py:3900} INFO - 0 downstream tasks scheduled from follow-on schedule check
[2024-10-21T17:29:57.012+0000] {local_task_job_runner.py:245} INFO - ::endgroup::
