[2024-10-20T14:09:46.452+0000] {local_task_job_runner.py:123} INFO - ::group::Pre task execution logs
[2024-10-20T14:09:46.469+0000] {taskinstance.py:2612} INFO - Dependencies all met for dep_context=non-requeueable deps ti=<TaskInstance: primeira_dag_v0.hello scheduled__2024-10-19T00:00:00+00:00 [queued]>
[2024-10-20T14:09:46.476+0000] {taskinstance.py:2612} INFO - Dependencies all met for dep_context=requeueable deps ti=<TaskInstance: primeira_dag_v0.hello scheduled__2024-10-19T00:00:00+00:00 [queued]>
[2024-10-20T14:09:46.477+0000] {taskinstance.py:2865} INFO - Starting attempt 1 of 1
[2024-10-20T14:09:46.488+0000] {taskinstance.py:2888} INFO - Executing <Task(BashOperator): hello> on 2024-10-19 00:00:00+00:00
[2024-10-20T14:09:46.495+0000] {warnings.py:112} WARNING - /home/***/.local/lib/python3.12/site-packages/***/task/task_runner/standard_task_runner.py:70: DeprecationWarning: This process (pid=123) is multi-threaded, use of fork() may lead to deadlocks in the child.
  pid = os.fork()

[2024-10-20T14:09:46.497+0000] {standard_task_runner.py:72} INFO - Started process 125 to run task
[2024-10-20T14:09:46.497+0000] {standard_task_runner.py:104} INFO - Running: ['***', 'tasks', 'run', 'primeira_dag_v0', 'hello', 'scheduled__2024-10-19T00:00:00+00:00', '--job-id', '15', '--raw', '--subdir', 'DAGS_FOLDER/primeira_dag_v0.py', '--cfg-path', '/tmp/tmp9p3jgo3z']
[2024-10-20T14:09:46.498+0000] {standard_task_runner.py:105} INFO - Job 15: Subtask hello
[2024-10-20T14:09:46.548+0000] {task_command.py:467} INFO - Running <TaskInstance: primeira_dag_v0.hello scheduled__2024-10-19T00:00:00+00:00 [running]> on host 1da8eee663cb
[2024-10-20T14:09:46.628+0000] {taskinstance.py:3131} INFO - Exporting env vars: AIRFLOW_CTX_DAG_OWNER='***' AIRFLOW_CTX_DAG_ID='primeira_dag_v0' AIRFLOW_CTX_TASK_ID='hello' AIRFLOW_CTX_EXECUTION_DATE='2024-10-19T00:00:00+00:00' AIRFLOW_CTX_TRY_NUMBER='1' AIRFLOW_CTX_DAG_RUN_ID='scheduled__2024-10-19T00:00:00+00:00'
[2024-10-20T14:09:46.630+0000] {logging_mixin.py:190} INFO - Task instance is in running state
[2024-10-20T14:09:46.630+0000] {logging_mixin.py:190} INFO -  Previous state of the Task instance: queued
[2024-10-20T14:09:46.631+0000] {logging_mixin.py:190} INFO - Current task name:hello state:running start_date:2024-10-20 14:09:46.469923+00:00
[2024-10-20T14:09:46.631+0000] {logging_mixin.py:190} INFO - Dag name:primeira_dag_v0 and current dag run status:running
[2024-10-20T14:09:46.631+0000] {taskinstance.py:731} INFO - ::endgroup::
[2024-10-20T14:09:46.632+0000] {subprocess.py:63} INFO - Tmp dir root location: /tmp
[2024-10-20T14:09:46.633+0000] {subprocess.py:75} INFO - Running command: ['/usr/bin/bash', '-c', 'echo hello world']
[2024-10-20T14:09:46.645+0000] {subprocess.py:86} INFO - Output:
[2024-10-20T14:09:46.646+0000] {subprocess.py:93} INFO - hello world
[2024-10-20T14:09:46.647+0000] {subprocess.py:97} INFO - Command exited with return code 0
[2024-10-20T14:09:46.671+0000] {taskinstance.py:340} INFO - ::group::Post task execution logs
[2024-10-20T14:09:46.671+0000] {taskinstance.py:352} INFO - Marking task as SUCCESS. dag_id=primeira_dag_v0, task_id=hello, run_id=scheduled__2024-10-19T00:00:00+00:00, execution_date=20241019T000000, start_date=20241020T140946, end_date=20241020T140946
[2024-10-20T14:09:46.681+0000] {logging_mixin.py:190} INFO - Task instance in success state
[2024-10-20T14:09:46.681+0000] {logging_mixin.py:190} INFO -  Previous state of the Task instance: running
[2024-10-20T14:09:46.682+0000] {logging_mixin.py:190} INFO - Dag name:primeira_dag_v0 queued_at:2024-10-20 14:09:44.054672+00:00
[2024-10-20T14:09:46.682+0000] {logging_mixin.py:190} INFO - Task hostname:1da8eee663cb operator:BashOperator
[2024-10-20T14:09:46.712+0000] {local_task_job_runner.py:266} INFO - Task exited with return code 0
[2024-10-20T14:09:46.730+0000] {taskinstance.py:3900} INFO - 0 downstream tasks scheduled from follow-on schedule check
[2024-10-20T14:09:46.732+0000] {local_task_job_runner.py:245} INFO - ::endgroup::
