[2024-10-21T16:53:06.544+0000] {processor.py:186} INFO - Started process (PID=59) to work on /opt/airflow/dags/lesson_1_primeira_dag_v2.py
[2024-10-21T16:53:06.545+0000] {processor.py:914} INFO - Processing file /opt/airflow/dags/lesson_1_primeira_dag_v2.py for tasks to queue
[2024-10-21T16:53:06.548+0000] {logging_mixin.py:190} INFO - [2024-10-21T16:53:06.548+0000] {dagbag.py:588} INFO - Filling up the DagBag from /opt/airflow/dags/lesson_1_primeira_dag_v2.py
[2024-10-21T16:53:06.570+0000] {processor.py:925} INFO - DAG(s) 'a_primeira_DAG_v1' retrieved from /opt/airflow/dags/lesson_1_primeira_dag_v2.py
[2024-10-21T16:53:06.689+0000] {logging_mixin.py:190} INFO - [2024-10-21T16:53:06.689+0000] {dag.py:3239} INFO - Sync 1 DAGs
[2024-10-21T16:53:06.713+0000] {logging_mixin.py:190} INFO - [2024-10-21T16:53:06.713+0000] {dag.py:4180} INFO - Setting next_dagrun for a_primeira_DAG_v1 to 2024-10-20 00:00:00+00:00, run_after=2024-10-21 00:00:00+00:00
[2024-10-21T16:53:06.735+0000] {processor.py:208} INFO - Processing /opt/airflow/dags/lesson_1_primeira_dag_v2.py took 0.198 seconds
[2024-10-21T16:53:37.082+0000] {processor.py:186} INFO - Started process (PID=127) to work on /opt/airflow/dags/lesson_1_primeira_dag_v2.py
[2024-10-21T16:53:37.082+0000] {processor.py:914} INFO - Processing file /opt/airflow/dags/lesson_1_primeira_dag_v2.py for tasks to queue
[2024-10-21T16:53:37.085+0000] {logging_mixin.py:190} INFO - [2024-10-21T16:53:37.085+0000] {dagbag.py:588} INFO - Filling up the DagBag from /opt/airflow/dags/lesson_1_primeira_dag_v2.py
[2024-10-21T16:53:37.100+0000] {processor.py:925} INFO - DAG(s) 'a_primeira_DAG_v1' retrieved from /opt/airflow/dags/lesson_1_primeira_dag_v2.py
[2024-10-21T16:53:37.115+0000] {logging_mixin.py:190} INFO - [2024-10-21T16:53:37.115+0000] {dag.py:3239} INFO - Sync 1 DAGs
[2024-10-21T16:53:37.133+0000] {logging_mixin.py:190} INFO - [2024-10-21T16:53:37.133+0000] {dag.py:4180} INFO - Setting next_dagrun for a_primeira_DAG_v1 to 2024-10-20 00:00:00+00:00, run_after=2024-10-21 00:00:00+00:00
[2024-10-21T16:53:37.150+0000] {processor.py:208} INFO - Processing /opt/airflow/dags/lesson_1_primeira_dag_v2.py took 0.074 seconds
[2024-10-21T16:54:07.296+0000] {processor.py:186} INFO - Started process (PID=195) to work on /opt/airflow/dags/lesson_1_primeira_dag_v2.py
[2024-10-21T16:54:07.297+0000] {processor.py:914} INFO - Processing file /opt/airflow/dags/lesson_1_primeira_dag_v2.py for tasks to queue
[2024-10-21T16:54:07.300+0000] {logging_mixin.py:190} INFO - [2024-10-21T16:54:07.299+0000] {dagbag.py:588} INFO - Filling up the DagBag from /opt/airflow/dags/lesson_1_primeira_dag_v2.py
[2024-10-21T16:54:07.318+0000] {processor.py:925} INFO - DAG(s) 'a_primeira_DAG_v1' retrieved from /opt/airflow/dags/lesson_1_primeira_dag_v2.py
[2024-10-21T16:54:07.335+0000] {logging_mixin.py:190} INFO - [2024-10-21T16:54:07.334+0000] {dag.py:3239} INFO - Sync 1 DAGs
[2024-10-21T16:54:07.357+0000] {logging_mixin.py:190} INFO - [2024-10-21T16:54:07.357+0000] {dag.py:4180} INFO - Setting next_dagrun for a_primeira_DAG_v1 to 2024-10-20 00:00:00+00:00, run_after=2024-10-21 00:00:00+00:00
[2024-10-21T16:54:07.372+0000] {processor.py:208} INFO - Processing /opt/airflow/dags/lesson_1_primeira_dag_v2.py took 0.081 seconds
[2024-10-21T16:54:38.108+0000] {processor.py:186} INFO - Started process (PID=263) to work on /opt/airflow/dags/lesson_1_primeira_dag_v2.py
[2024-10-21T16:54:38.109+0000] {processor.py:914} INFO - Processing file /opt/airflow/dags/lesson_1_primeira_dag_v2.py for tasks to queue
[2024-10-21T16:54:38.111+0000] {logging_mixin.py:190} INFO - [2024-10-21T16:54:38.110+0000] {dagbag.py:588} INFO - Filling up the DagBag from /opt/airflow/dags/lesson_1_primeira_dag_v2.py
[2024-10-21T16:54:38.123+0000] {processor.py:925} INFO - DAG(s) 'a_primeira_DAG_v1' retrieved from /opt/airflow/dags/lesson_1_primeira_dag_v2.py
[2024-10-21T16:54:38.139+0000] {logging_mixin.py:190} INFO - [2024-10-21T16:54:38.138+0000] {dag.py:3239} INFO - Sync 1 DAGs
[2024-10-21T16:54:38.159+0000] {logging_mixin.py:190} INFO - [2024-10-21T16:54:38.159+0000] {dag.py:4180} INFO - Setting next_dagrun for a_primeira_DAG_v1 to 2024-10-20 00:00:00+00:00, run_after=2024-10-21 00:00:00+00:00
[2024-10-21T16:54:38.175+0000] {processor.py:208} INFO - Processing /opt/airflow/dags/lesson_1_primeira_dag_v2.py took 0.072 seconds
[2024-10-21T16:55:08.892+0000] {processor.py:186} INFO - Started process (PID=331) to work on /opt/airflow/dags/lesson_1_primeira_dag_v2.py
[2024-10-21T16:55:08.893+0000] {processor.py:914} INFO - Processing file /opt/airflow/dags/lesson_1_primeira_dag_v2.py for tasks to queue
[2024-10-21T16:55:08.895+0000] {logging_mixin.py:190} INFO - [2024-10-21T16:55:08.895+0000] {dagbag.py:588} INFO - Filling up the DagBag from /opt/airflow/dags/lesson_1_primeira_dag_v2.py
[2024-10-21T16:55:08.911+0000] {processor.py:925} INFO - DAG(s) 'a_primeira_DAG_v1' retrieved from /opt/airflow/dags/lesson_1_primeira_dag_v2.py
[2024-10-21T16:55:08.927+0000] {logging_mixin.py:190} INFO - [2024-10-21T16:55:08.927+0000] {dag.py:3239} INFO - Sync 1 DAGs
[2024-10-21T16:55:08.948+0000] {logging_mixin.py:190} INFO - [2024-10-21T16:55:08.948+0000] {dag.py:4180} INFO - Setting next_dagrun for a_primeira_DAG_v1 to 2024-10-20 00:00:00+00:00, run_after=2024-10-21 00:00:00+00:00
[2024-10-21T16:55:08.964+0000] {processor.py:208} INFO - Processing /opt/airflow/dags/lesson_1_primeira_dag_v2.py took 0.076 seconds
[2024-10-21T16:55:39.634+0000] {processor.py:186} INFO - Started process (PID=399) to work on /opt/airflow/dags/lesson_1_primeira_dag_v2.py
[2024-10-21T16:55:39.635+0000] {processor.py:914} INFO - Processing file /opt/airflow/dags/lesson_1_primeira_dag_v2.py for tasks to queue
[2024-10-21T16:55:39.638+0000] {logging_mixin.py:190} INFO - [2024-10-21T16:55:39.637+0000] {dagbag.py:588} INFO - Filling up the DagBag from /opt/airflow/dags/lesson_1_primeira_dag_v2.py
[2024-10-21T16:55:39.652+0000] {processor.py:925} INFO - DAG(s) 'a_primeira_DAG_v1' retrieved from /opt/airflow/dags/lesson_1_primeira_dag_v2.py
[2024-10-21T16:55:39.670+0000] {logging_mixin.py:190} INFO - [2024-10-21T16:55:39.670+0000] {dag.py:3239} INFO - Sync 1 DAGs
[2024-10-21T16:55:39.691+0000] {logging_mixin.py:190} INFO - [2024-10-21T16:55:39.691+0000] {dag.py:4180} INFO - Setting next_dagrun for a_primeira_DAG_v1 to 2024-10-20 00:00:00+00:00, run_after=2024-10-21 00:00:00+00:00
[2024-10-21T16:55:39.706+0000] {processor.py:208} INFO - Processing /opt/airflow/dags/lesson_1_primeira_dag_v2.py took 0.077 seconds
[2024-10-21T16:56:10.524+0000] {processor.py:186} INFO - Started process (PID=467) to work on /opt/airflow/dags/lesson_1_primeira_dag_v2.py
[2024-10-21T16:56:10.525+0000] {processor.py:914} INFO - Processing file /opt/airflow/dags/lesson_1_primeira_dag_v2.py for tasks to queue
[2024-10-21T16:56:10.527+0000] {logging_mixin.py:190} INFO - [2024-10-21T16:56:10.527+0000] {dagbag.py:588} INFO - Filling up the DagBag from /opt/airflow/dags/lesson_1_primeira_dag_v2.py
[2024-10-21T16:56:10.539+0000] {processor.py:925} INFO - DAG(s) 'a_primeira_DAG_v1' retrieved from /opt/airflow/dags/lesson_1_primeira_dag_v2.py
[2024-10-21T16:56:10.554+0000] {logging_mixin.py:190} INFO - [2024-10-21T16:56:10.553+0000] {dag.py:3239} INFO - Sync 1 DAGs
[2024-10-21T16:56:10.573+0000] {logging_mixin.py:190} INFO - [2024-10-21T16:56:10.573+0000] {dag.py:4180} INFO - Setting next_dagrun for a_primeira_DAG_v1 to 2024-10-20 00:00:00+00:00, run_after=2024-10-21 00:00:00+00:00
[2024-10-21T16:56:10.595+0000] {processor.py:208} INFO - Processing /opt/airflow/dags/lesson_1_primeira_dag_v2.py took 0.075 seconds
[2024-10-21T16:56:41.756+0000] {processor.py:186} INFO - Started process (PID=536) to work on /opt/airflow/dags/lesson_1_primeira_dag_v2.py
[2024-10-21T16:56:41.757+0000] {processor.py:914} INFO - Processing file /opt/airflow/dags/lesson_1_primeira_dag_v2.py for tasks to queue
[2024-10-21T16:56:41.788+0000] {logging_mixin.py:190} INFO - [2024-10-21T16:56:41.772+0000] {dagbag.py:588} INFO - Filling up the DagBag from /opt/airflow/dags/lesson_1_primeira_dag_v2.py
[2024-10-21T16:56:41.870+0000] {processor.py:925} INFO - DAG(s) 'a_primeira_DAG_v1' retrieved from /opt/airflow/dags/lesson_1_primeira_dag_v2.py
[2024-10-21T16:56:41.926+0000] {logging_mixin.py:190} INFO - [2024-10-21T16:56:41.926+0000] {dag.py:3239} INFO - Sync 1 DAGs
[2024-10-21T16:56:42.047+0000] {logging_mixin.py:190} INFO - [2024-10-21T16:56:42.047+0000] {dag.py:4180} INFO - Setting next_dagrun for a_primeira_DAG_v1 to 2024-10-20 00:00:00+00:00, run_after=2024-10-21 00:00:00+00:00
[2024-10-21T16:56:42.215+0000] {processor.py:208} INFO - Processing /opt/airflow/dags/lesson_1_primeira_dag_v2.py took 0.498 seconds
[2024-10-21T16:57:13.069+0000] {processor.py:186} INFO - Started process (PID=604) to work on /opt/airflow/dags/lesson_1_primeira_dag_v2.py
[2024-10-21T16:57:13.070+0000] {processor.py:914} INFO - Processing file /opt/airflow/dags/lesson_1_primeira_dag_v2.py for tasks to queue
[2024-10-21T16:57:13.072+0000] {logging_mixin.py:190} INFO - [2024-10-21T16:57:13.071+0000] {dagbag.py:588} INFO - Filling up the DagBag from /opt/airflow/dags/lesson_1_primeira_dag_v2.py
[2024-10-21T16:57:13.085+0000] {processor.py:925} INFO - DAG(s) 'a_primeira_DAG_v1' retrieved from /opt/airflow/dags/lesson_1_primeira_dag_v2.py
[2024-10-21T16:57:13.099+0000] {logging_mixin.py:190} INFO - [2024-10-21T16:57:13.099+0000] {dag.py:3239} INFO - Sync 1 DAGs
[2024-10-21T16:57:13.117+0000] {logging_mixin.py:190} INFO - [2024-10-21T16:57:13.117+0000] {dag.py:4180} INFO - Setting next_dagrun for a_primeira_DAG_v1 to 2024-10-20 00:00:00+00:00, run_after=2024-10-21 00:00:00+00:00
[2024-10-21T16:57:13.136+0000] {processor.py:208} INFO - Processing /opt/airflow/dags/lesson_1_primeira_dag_v2.py took 0.072 seconds
[2024-10-21T16:57:43.189+0000] {processor.py:186} INFO - Started process (PID=673) to work on /opt/airflow/dags/lesson_1_primeira_dag_v2.py
[2024-10-21T16:57:43.190+0000] {processor.py:914} INFO - Processing file /opt/airflow/dags/lesson_1_primeira_dag_v2.py for tasks to queue
[2024-10-21T16:57:43.192+0000] {logging_mixin.py:190} INFO - [2024-10-21T16:57:43.192+0000] {dagbag.py:588} INFO - Filling up the DagBag from /opt/airflow/dags/lesson_1_primeira_dag_v2.py
[2024-10-21T16:57:43.213+0000] {processor.py:925} INFO - DAG(s) 'a_primeira_DAG_v1' retrieved from /opt/airflow/dags/lesson_1_primeira_dag_v2.py
[2024-10-21T16:57:43.232+0000] {logging_mixin.py:190} INFO - [2024-10-21T16:57:43.232+0000] {dag.py:3239} INFO - Sync 1 DAGs
[2024-10-21T16:57:43.256+0000] {logging_mixin.py:190} INFO - [2024-10-21T16:57:43.256+0000] {dag.py:4180} INFO - Setting next_dagrun for a_primeira_DAG_v1 to 2024-10-20 00:00:00+00:00, run_after=2024-10-21 00:00:00+00:00
[2024-10-21T16:57:43.275+0000] {processor.py:208} INFO - Processing /opt/airflow/dags/lesson_1_primeira_dag_v2.py took 0.092 seconds
[2024-10-21T16:58:13.540+0000] {processor.py:186} INFO - Started process (PID=741) to work on /opt/airflow/dags/lesson_1_primeira_dag_v2.py
[2024-10-21T16:58:13.541+0000] {processor.py:914} INFO - Processing file /opt/airflow/dags/lesson_1_primeira_dag_v2.py for tasks to queue
[2024-10-21T16:58:13.543+0000] {logging_mixin.py:190} INFO - [2024-10-21T16:58:13.543+0000] {dagbag.py:588} INFO - Filling up the DagBag from /opt/airflow/dags/lesson_1_primeira_dag_v2.py
[2024-10-21T16:58:13.557+0000] {processor.py:925} INFO - DAG(s) 'a_primeira_DAG_v1' retrieved from /opt/airflow/dags/lesson_1_primeira_dag_v2.py
[2024-10-21T16:58:13.573+0000] {logging_mixin.py:190} INFO - [2024-10-21T16:58:13.573+0000] {dag.py:3239} INFO - Sync 1 DAGs
[2024-10-21T16:58:13.596+0000] {logging_mixin.py:190} INFO - [2024-10-21T16:58:13.595+0000] {dag.py:4180} INFO - Setting next_dagrun for a_primeira_DAG_v1 to 2024-10-20 00:00:00+00:00, run_after=2024-10-21 00:00:00+00:00
[2024-10-21T16:58:13.617+0000] {processor.py:208} INFO - Processing /opt/airflow/dags/lesson_1_primeira_dag_v2.py took 0.082 seconds
[2024-10-21T16:58:43.709+0000] {processor.py:186} INFO - Started process (PID=810) to work on /opt/airflow/dags/lesson_1_primeira_dag_v2.py
[2024-10-21T16:58:43.710+0000] {processor.py:914} INFO - Processing file /opt/airflow/dags/lesson_1_primeira_dag_v2.py for tasks to queue
[2024-10-21T16:58:43.712+0000] {logging_mixin.py:190} INFO - [2024-10-21T16:58:43.712+0000] {dagbag.py:588} INFO - Filling up the DagBag from /opt/airflow/dags/lesson_1_primeira_dag_v2.py
[2024-10-21T16:58:43.727+0000] {processor.py:925} INFO - DAG(s) 'a_primeira_DAG_v1' retrieved from /opt/airflow/dags/lesson_1_primeira_dag_v2.py
[2024-10-21T16:58:43.746+0000] {logging_mixin.py:190} INFO - [2024-10-21T16:58:43.746+0000] {dag.py:3239} INFO - Sync 1 DAGs
[2024-10-21T16:58:43.771+0000] {logging_mixin.py:190} INFO - [2024-10-21T16:58:43.771+0000] {dag.py:4180} INFO - Setting next_dagrun for a_primeira_DAG_v1 to 2024-10-20 00:00:00+00:00, run_after=2024-10-21 00:00:00+00:00
[2024-10-21T16:58:43.902+0000] {processor.py:208} INFO - Processing /opt/airflow/dags/lesson_1_primeira_dag_v2.py took 0.199 seconds
[2024-10-21T16:59:14.085+0000] {processor.py:186} INFO - Started process (PID=878) to work on /opt/airflow/dags/lesson_1_primeira_dag_v2.py
[2024-10-21T16:59:14.086+0000] {processor.py:914} INFO - Processing file /opt/airflow/dags/lesson_1_primeira_dag_v2.py for tasks to queue
[2024-10-21T16:59:14.088+0000] {logging_mixin.py:190} INFO - [2024-10-21T16:59:14.088+0000] {dagbag.py:588} INFO - Filling up the DagBag from /opt/airflow/dags/lesson_1_primeira_dag_v2.py
[2024-10-21T16:59:14.105+0000] {processor.py:925} INFO - DAG(s) 'a_primeira_DAG_v1' retrieved from /opt/airflow/dags/lesson_1_primeira_dag_v2.py
[2024-10-21T16:59:14.121+0000] {logging_mixin.py:190} INFO - [2024-10-21T16:59:14.121+0000] {dag.py:3239} INFO - Sync 1 DAGs
[2024-10-21T16:59:14.139+0000] {logging_mixin.py:190} INFO - [2024-10-21T16:59:14.139+0000] {dag.py:4180} INFO - Setting next_dagrun for a_primeira_DAG_v1 to 2024-10-20 00:00:00+00:00, run_after=2024-10-21 00:00:00+00:00
[2024-10-21T16:59:14.156+0000] {processor.py:208} INFO - Processing /opt/airflow/dags/lesson_1_primeira_dag_v2.py took 0.077 seconds
[2024-10-21T16:59:44.186+0000] {processor.py:186} INFO - Started process (PID=946) to work on /opt/airflow/dags/lesson_1_primeira_dag_v2.py
[2024-10-21T16:59:44.187+0000] {processor.py:914} INFO - Processing file /opt/airflow/dags/lesson_1_primeira_dag_v2.py for tasks to queue
[2024-10-21T16:59:44.189+0000] {logging_mixin.py:190} INFO - [2024-10-21T16:59:44.189+0000] {dagbag.py:588} INFO - Filling up the DagBag from /opt/airflow/dags/lesson_1_primeira_dag_v2.py
[2024-10-21T16:59:44.201+0000] {processor.py:925} INFO - DAG(s) 'a_primeira_DAG_v1' retrieved from /opt/airflow/dags/lesson_1_primeira_dag_v2.py
[2024-10-21T16:59:44.215+0000] {logging_mixin.py:190} INFO - [2024-10-21T16:59:44.215+0000] {dag.py:3239} INFO - Sync 1 DAGs
[2024-10-21T16:59:44.235+0000] {logging_mixin.py:190} INFO - [2024-10-21T16:59:44.234+0000] {dag.py:4180} INFO - Setting next_dagrun for a_primeira_DAG_v1 to 2024-10-20 00:00:00+00:00, run_after=2024-10-21 00:00:00+00:00
[2024-10-21T16:59:44.255+0000] {processor.py:208} INFO - Processing /opt/airflow/dags/lesson_1_primeira_dag_v2.py took 0.074 seconds
[2024-10-21T17:00:14.990+0000] {processor.py:186} INFO - Started process (PID=1014) to work on /opt/airflow/dags/lesson_1_primeira_dag_v2.py
[2024-10-21T17:00:14.991+0000] {processor.py:914} INFO - Processing file /opt/airflow/dags/lesson_1_primeira_dag_v2.py for tasks to queue
[2024-10-21T17:00:14.993+0000] {logging_mixin.py:190} INFO - [2024-10-21T17:00:14.993+0000] {dagbag.py:588} INFO - Filling up the DagBag from /opt/airflow/dags/lesson_1_primeira_dag_v2.py
[2024-10-21T17:00:15.005+0000] {processor.py:925} INFO - DAG(s) 'a_primeira_DAG_v1' retrieved from /opt/airflow/dags/lesson_1_primeira_dag_v2.py
[2024-10-21T17:00:15.018+0000] {logging_mixin.py:190} INFO - [2024-10-21T17:00:15.018+0000] {dag.py:3239} INFO - Sync 1 DAGs
[2024-10-21T17:00:15.036+0000] {logging_mixin.py:190} INFO - [2024-10-21T17:00:15.036+0000] {dag.py:4180} INFO - Setting next_dagrun for a_primeira_DAG_v1 to 2024-10-20 00:00:00+00:00, run_after=2024-10-21 00:00:00+00:00
[2024-10-21T17:00:15.055+0000] {processor.py:208} INFO - Processing /opt/airflow/dags/lesson_1_primeira_dag_v2.py took 0.070 seconds
[2024-10-21T17:00:45.677+0000] {processor.py:186} INFO - Started process (PID=1082) to work on /opt/airflow/dags/lesson_1_primeira_dag_v2.py
[2024-10-21T17:00:45.678+0000] {processor.py:914} INFO - Processing file /opt/airflow/dags/lesson_1_primeira_dag_v2.py for tasks to queue
[2024-10-21T17:00:45.680+0000] {logging_mixin.py:190} INFO - [2024-10-21T17:00:45.680+0000] {dagbag.py:588} INFO - Filling up the DagBag from /opt/airflow/dags/lesson_1_primeira_dag_v2.py
[2024-10-21T17:00:45.692+0000] {processor.py:925} INFO - DAG(s) 'a_primeira_DAG_v1' retrieved from /opt/airflow/dags/lesson_1_primeira_dag_v2.py
[2024-10-21T17:00:45.707+0000] {logging_mixin.py:190} INFO - [2024-10-21T17:00:45.707+0000] {dag.py:3239} INFO - Sync 1 DAGs
[2024-10-21T17:00:45.725+0000] {logging_mixin.py:190} INFO - [2024-10-21T17:00:45.724+0000] {dag.py:4180} INFO - Setting next_dagrun for a_primeira_DAG_v1 to 2024-10-20 00:00:00+00:00, run_after=2024-10-21 00:00:00+00:00
[2024-10-21T17:00:45.743+0000] {processor.py:208} INFO - Processing /opt/airflow/dags/lesson_1_primeira_dag_v2.py took 0.070 seconds
[2024-10-21T17:01:16.377+0000] {processor.py:186} INFO - Started process (PID=1150) to work on /opt/airflow/dags/lesson_1_primeira_dag_v2.py
[2024-10-21T17:01:16.378+0000] {processor.py:914} INFO - Processing file /opt/airflow/dags/lesson_1_primeira_dag_v2.py for tasks to queue
[2024-10-21T17:01:16.379+0000] {logging_mixin.py:190} INFO - [2024-10-21T17:01:16.379+0000] {dagbag.py:588} INFO - Filling up the DagBag from /opt/airflow/dags/lesson_1_primeira_dag_v2.py
[2024-10-21T17:01:16.391+0000] {processor.py:925} INFO - DAG(s) 'a_primeira_DAG_v1' retrieved from /opt/airflow/dags/lesson_1_primeira_dag_v2.py
[2024-10-21T17:01:16.404+0000] {logging_mixin.py:190} INFO - [2024-10-21T17:01:16.404+0000] {dag.py:3239} INFO - Sync 1 DAGs
[2024-10-21T17:01:16.422+0000] {logging_mixin.py:190} INFO - [2024-10-21T17:01:16.422+0000] {dag.py:4180} INFO - Setting next_dagrun for a_primeira_DAG_v1 to 2024-10-20 00:00:00+00:00, run_after=2024-10-21 00:00:00+00:00
[2024-10-21T17:01:16.443+0000] {processor.py:208} INFO - Processing /opt/airflow/dags/lesson_1_primeira_dag_v2.py took 0.071 seconds
[2024-10-21T17:01:47.011+0000] {processor.py:186} INFO - Started process (PID=1218) to work on /opt/airflow/dags/lesson_1_primeira_dag_v2.py
[2024-10-21T17:01:47.012+0000] {processor.py:914} INFO - Processing file /opt/airflow/dags/lesson_1_primeira_dag_v2.py for tasks to queue
[2024-10-21T17:01:47.015+0000] {logging_mixin.py:190} INFO - [2024-10-21T17:01:47.015+0000] {dagbag.py:588} INFO - Filling up the DagBag from /opt/airflow/dags/lesson_1_primeira_dag_v2.py
[2024-10-21T17:01:47.030+0000] {processor.py:925} INFO - DAG(s) 'a_primeira_DAG_v1' retrieved from /opt/airflow/dags/lesson_1_primeira_dag_v2.py
[2024-10-21T17:01:47.047+0000] {logging_mixin.py:190} INFO - [2024-10-21T17:01:47.046+0000] {dag.py:3239} INFO - Sync 1 DAGs
[2024-10-21T17:01:47.085+0000] {logging_mixin.py:190} INFO - [2024-10-21T17:01:47.085+0000] {dag.py:4180} INFO - Setting next_dagrun for a_primeira_DAG_v1 to 2024-10-20 00:00:00+00:00, run_after=2024-10-21 00:00:00+00:00
[2024-10-21T17:01:47.107+0000] {processor.py:208} INFO - Processing /opt/airflow/dags/lesson_1_primeira_dag_v2.py took 0.101 seconds
[2024-10-21T17:02:17.978+0000] {processor.py:186} INFO - Started process (PID=1287) to work on /opt/airflow/dags/lesson_1_primeira_dag_v2.py
[2024-10-21T17:02:17.979+0000] {processor.py:914} INFO - Processing file /opt/airflow/dags/lesson_1_primeira_dag_v2.py for tasks to queue
[2024-10-21T17:02:17.982+0000] {logging_mixin.py:190} INFO - [2024-10-21T17:02:17.981+0000] {dagbag.py:588} INFO - Filling up the DagBag from /opt/airflow/dags/lesson_1_primeira_dag_v2.py
[2024-10-21T17:02:17.997+0000] {processor.py:925} INFO - DAG(s) 'a_primeira_DAG_v1' retrieved from /opt/airflow/dags/lesson_1_primeira_dag_v2.py
[2024-10-21T17:02:18.014+0000] {logging_mixin.py:190} INFO - [2024-10-21T17:02:18.013+0000] {dag.py:3239} INFO - Sync 1 DAGs
[2024-10-21T17:02:18.035+0000] {logging_mixin.py:190} INFO - [2024-10-21T17:02:18.035+0000] {dag.py:4180} INFO - Setting next_dagrun for a_primeira_DAG_v1 to 2024-10-20 00:00:00+00:00, run_after=2024-10-21 00:00:00+00:00
[2024-10-21T17:02:18.052+0000] {processor.py:208} INFO - Processing /opt/airflow/dags/lesson_1_primeira_dag_v2.py took 0.081 seconds
[2024-10-21T17:02:48.945+0000] {processor.py:186} INFO - Started process (PID=1355) to work on /opt/airflow/dags/lesson_1_primeira_dag_v2.py
[2024-10-21T17:02:48.946+0000] {processor.py:914} INFO - Processing file /opt/airflow/dags/lesson_1_primeira_dag_v2.py for tasks to queue
[2024-10-21T17:02:48.948+0000] {logging_mixin.py:190} INFO - [2024-10-21T17:02:48.948+0000] {dagbag.py:588} INFO - Filling up the DagBag from /opt/airflow/dags/lesson_1_primeira_dag_v2.py
[2024-10-21T17:02:48.962+0000] {processor.py:925} INFO - DAG(s) 'a_primeira_DAG_v1' retrieved from /opt/airflow/dags/lesson_1_primeira_dag_v2.py
[2024-10-21T17:02:48.977+0000] {logging_mixin.py:190} INFO - [2024-10-21T17:02:48.977+0000] {dag.py:3239} INFO - Sync 1 DAGs
[2024-10-21T17:02:48.995+0000] {logging_mixin.py:190} INFO - [2024-10-21T17:02:48.995+0000] {dag.py:4180} INFO - Setting next_dagrun for a_primeira_DAG_v1 to 2024-10-20 00:00:00+00:00, run_after=2024-10-21 00:00:00+00:00
[2024-10-21T17:02:49.016+0000] {processor.py:208} INFO - Processing /opt/airflow/dags/lesson_1_primeira_dag_v2.py took 0.076 seconds
[2024-10-21T17:03:19.719+0000] {processor.py:186} INFO - Started process (PID=1423) to work on /opt/airflow/dags/lesson_1_primeira_dag_v2.py
[2024-10-21T17:03:19.720+0000] {processor.py:914} INFO - Processing file /opt/airflow/dags/lesson_1_primeira_dag_v2.py for tasks to queue
[2024-10-21T17:03:19.721+0000] {logging_mixin.py:190} INFO - [2024-10-21T17:03:19.721+0000] {dagbag.py:588} INFO - Filling up the DagBag from /opt/airflow/dags/lesson_1_primeira_dag_v2.py
[2024-10-21T17:03:19.734+0000] {processor.py:925} INFO - DAG(s) 'a_primeira_DAG_v1' retrieved from /opt/airflow/dags/lesson_1_primeira_dag_v2.py
[2024-10-21T17:03:19.750+0000] {logging_mixin.py:190} INFO - [2024-10-21T17:03:19.750+0000] {dag.py:3239} INFO - Sync 1 DAGs
[2024-10-21T17:03:19.768+0000] {logging_mixin.py:190} INFO - [2024-10-21T17:03:19.768+0000] {dag.py:4180} INFO - Setting next_dagrun for a_primeira_DAG_v1 to 2024-10-20 00:00:00+00:00, run_after=2024-10-21 00:00:00+00:00
[2024-10-21T17:03:19.790+0000] {processor.py:208} INFO - Processing /opt/airflow/dags/lesson_1_primeira_dag_v2.py took 0.076 seconds
[2024-10-21T17:03:50.058+0000] {processor.py:186} INFO - Started process (PID=1491) to work on /opt/airflow/dags/lesson_1_primeira_dag_v2.py
[2024-10-21T17:03:50.059+0000] {processor.py:914} INFO - Processing file /opt/airflow/dags/lesson_1_primeira_dag_v2.py for tasks to queue
[2024-10-21T17:03:50.061+0000] {logging_mixin.py:190} INFO - [2024-10-21T17:03:50.061+0000] {dagbag.py:588} INFO - Filling up the DagBag from /opt/airflow/dags/lesson_1_primeira_dag_v2.py
[2024-10-21T17:03:50.075+0000] {processor.py:925} INFO - DAG(s) 'a_primeira_DAG_v1' retrieved from /opt/airflow/dags/lesson_1_primeira_dag_v2.py
[2024-10-21T17:03:50.090+0000] {logging_mixin.py:190} INFO - [2024-10-21T17:03:50.090+0000] {dag.py:3239} INFO - Sync 1 DAGs
[2024-10-21T17:03:50.108+0000] {logging_mixin.py:190} INFO - [2024-10-21T17:03:50.108+0000] {dag.py:4180} INFO - Setting next_dagrun for a_primeira_DAG_v1 to 2024-10-20 00:00:00+00:00, run_after=2024-10-21 00:00:00+00:00
[2024-10-21T17:03:50.125+0000] {processor.py:208} INFO - Processing /opt/airflow/dags/lesson_1_primeira_dag_v2.py took 0.071 seconds
[2024-10-21T17:04:20.234+0000] {processor.py:186} INFO - Started process (PID=1559) to work on /opt/airflow/dags/lesson_1_primeira_dag_v2.py
[2024-10-21T17:04:20.235+0000] {processor.py:914} INFO - Processing file /opt/airflow/dags/lesson_1_primeira_dag_v2.py for tasks to queue
[2024-10-21T17:04:20.237+0000] {logging_mixin.py:190} INFO - [2024-10-21T17:04:20.237+0000] {dagbag.py:588} INFO - Filling up the DagBag from /opt/airflow/dags/lesson_1_primeira_dag_v2.py
[2024-10-21T17:04:20.249+0000] {processor.py:925} INFO - DAG(s) 'a_primeira_DAG_v1' retrieved from /opt/airflow/dags/lesson_1_primeira_dag_v2.py
[2024-10-21T17:04:20.263+0000] {logging_mixin.py:190} INFO - [2024-10-21T17:04:20.263+0000] {dag.py:3239} INFO - Sync 1 DAGs
[2024-10-21T17:04:20.281+0000] {logging_mixin.py:190} INFO - [2024-10-21T17:04:20.281+0000] {dag.py:4180} INFO - Setting next_dagrun for a_primeira_DAG_v1 to 2024-10-20 00:00:00+00:00, run_after=2024-10-21 00:00:00+00:00
[2024-10-21T17:04:20.300+0000] {processor.py:208} INFO - Processing /opt/airflow/dags/lesson_1_primeira_dag_v2.py took 0.071 seconds
[2024-10-21T17:04:50.375+0000] {processor.py:186} INFO - Started process (PID=1627) to work on /opt/airflow/dags/lesson_1_primeira_dag_v2.py
[2024-10-21T17:04:50.376+0000] {processor.py:914} INFO - Processing file /opt/airflow/dags/lesson_1_primeira_dag_v2.py for tasks to queue
[2024-10-21T17:04:50.378+0000] {logging_mixin.py:190} INFO - [2024-10-21T17:04:50.378+0000] {dagbag.py:588} INFO - Filling up the DagBag from /opt/airflow/dags/lesson_1_primeira_dag_v2.py
[2024-10-21T17:04:50.394+0000] {processor.py:925} INFO - DAG(s) 'a_primeira_DAG_v1' retrieved from /opt/airflow/dags/lesson_1_primeira_dag_v2.py
[2024-10-21T17:04:50.411+0000] {logging_mixin.py:190} INFO - [2024-10-21T17:04:50.411+0000] {dag.py:3239} INFO - Sync 1 DAGs
[2024-10-21T17:04:50.438+0000] {logging_mixin.py:190} INFO - [2024-10-21T17:04:50.438+0000] {dag.py:4180} INFO - Setting next_dagrun for a_primeira_DAG_v1 to 2024-10-20 00:00:00+00:00, run_after=2024-10-21 00:00:00+00:00
[2024-10-21T17:04:50.461+0000] {processor.py:208} INFO - Processing /opt/airflow/dags/lesson_1_primeira_dag_v2.py took 0.090 seconds
[2024-10-21T17:05:20.596+0000] {processor.py:186} INFO - Started process (PID=1695) to work on /opt/airflow/dags/lesson_1_primeira_dag_v2.py
[2024-10-21T17:05:20.597+0000] {processor.py:914} INFO - Processing file /opt/airflow/dags/lesson_1_primeira_dag_v2.py for tasks to queue
[2024-10-21T17:05:20.599+0000] {logging_mixin.py:190} INFO - [2024-10-21T17:05:20.599+0000] {dagbag.py:588} INFO - Filling up the DagBag from /opt/airflow/dags/lesson_1_primeira_dag_v2.py
[2024-10-21T17:05:20.615+0000] {processor.py:925} INFO - DAG(s) 'a_primeira_DAG_v1' retrieved from /opt/airflow/dags/lesson_1_primeira_dag_v2.py
[2024-10-21T17:05:20.633+0000] {logging_mixin.py:190} INFO - [2024-10-21T17:05:20.632+0000] {dag.py:3239} INFO - Sync 1 DAGs
[2024-10-21T17:05:20.656+0000] {logging_mixin.py:190} INFO - [2024-10-21T17:05:20.655+0000] {dag.py:4180} INFO - Setting next_dagrun for a_primeira_DAG_v1 to 2024-10-20 00:00:00+00:00, run_after=2024-10-21 00:00:00+00:00
[2024-10-21T17:05:20.677+0000] {processor.py:208} INFO - Processing /opt/airflow/dags/lesson_1_primeira_dag_v2.py took 0.087 seconds
[2024-10-21T17:05:50.785+0000] {processor.py:186} INFO - Started process (PID=1763) to work on /opt/airflow/dags/lesson_1_primeira_dag_v2.py
[2024-10-21T17:05:50.786+0000] {processor.py:914} INFO - Processing file /opt/airflow/dags/lesson_1_primeira_dag_v2.py for tasks to queue
[2024-10-21T17:05:50.788+0000] {logging_mixin.py:190} INFO - [2024-10-21T17:05:50.788+0000] {dagbag.py:588} INFO - Filling up the DagBag from /opt/airflow/dags/lesson_1_primeira_dag_v2.py
[2024-10-21T17:05:50.800+0000] {processor.py:925} INFO - DAG(s) 'a_primeira_DAG_v1' retrieved from /opt/airflow/dags/lesson_1_primeira_dag_v2.py
[2024-10-21T17:05:50.814+0000] {logging_mixin.py:190} INFO - [2024-10-21T17:05:50.814+0000] {dag.py:3239} INFO - Sync 1 DAGs
[2024-10-21T17:05:50.832+0000] {logging_mixin.py:190} INFO - [2024-10-21T17:05:50.832+0000] {dag.py:4180} INFO - Setting next_dagrun for a_primeira_DAG_v1 to 2024-10-20 00:00:00+00:00, run_after=2024-10-21 00:00:00+00:00
[2024-10-21T17:05:50.854+0000] {processor.py:208} INFO - Processing /opt/airflow/dags/lesson_1_primeira_dag_v2.py took 0.073 seconds
[2024-10-21T17:06:21.535+0000] {processor.py:186} INFO - Started process (PID=1831) to work on /opt/airflow/dags/lesson_1_primeira_dag_v2.py
[2024-10-21T17:06:21.536+0000] {processor.py:914} INFO - Processing file /opt/airflow/dags/lesson_1_primeira_dag_v2.py for tasks to queue
[2024-10-21T17:06:21.539+0000] {logging_mixin.py:190} INFO - [2024-10-21T17:06:21.538+0000] {dagbag.py:588} INFO - Filling up the DagBag from /opt/airflow/dags/lesson_1_primeira_dag_v2.py
[2024-10-21T17:06:21.554+0000] {processor.py:925} INFO - DAG(s) 'a_primeira_DAG_v1' retrieved from /opt/airflow/dags/lesson_1_primeira_dag_v2.py
[2024-10-21T17:06:21.569+0000] {logging_mixin.py:190} INFO - [2024-10-21T17:06:21.569+0000] {dag.py:3239} INFO - Sync 1 DAGs
[2024-10-21T17:06:21.591+0000] {logging_mixin.py:190} INFO - [2024-10-21T17:06:21.591+0000] {dag.py:4180} INFO - Setting next_dagrun for a_primeira_DAG_v1 to 2024-10-20 00:00:00+00:00, run_after=2024-10-21 00:00:00+00:00
[2024-10-21T17:06:21.610+0000] {processor.py:208} INFO - Processing /opt/airflow/dags/lesson_1_primeira_dag_v2.py took 0.081 seconds
[2024-10-21T17:06:52.495+0000] {processor.py:186} INFO - Started process (PID=1899) to work on /opt/airflow/dags/lesson_1_primeira_dag_v2.py
[2024-10-21T17:06:52.496+0000] {processor.py:914} INFO - Processing file /opt/airflow/dags/lesson_1_primeira_dag_v2.py for tasks to queue
[2024-10-21T17:06:52.498+0000] {logging_mixin.py:190} INFO - [2024-10-21T17:06:52.498+0000] {dagbag.py:588} INFO - Filling up the DagBag from /opt/airflow/dags/lesson_1_primeira_dag_v2.py
[2024-10-21T17:06:52.511+0000] {processor.py:925} INFO - DAG(s) 'a_primeira_DAG_v1' retrieved from /opt/airflow/dags/lesson_1_primeira_dag_v2.py
[2024-10-21T17:06:52.530+0000] {logging_mixin.py:190} INFO - [2024-10-21T17:06:52.529+0000] {dag.py:3239} INFO - Sync 1 DAGs
[2024-10-21T17:06:52.551+0000] {logging_mixin.py:190} INFO - [2024-10-21T17:06:52.550+0000] {dag.py:4180} INFO - Setting next_dagrun for a_primeira_DAG_v1 to 2024-10-20 00:00:00+00:00, run_after=2024-10-21 00:00:00+00:00
[2024-10-21T17:06:52.569+0000] {processor.py:208} INFO - Processing /opt/airflow/dags/lesson_1_primeira_dag_v2.py took 0.078 seconds
[2024-10-21T17:07:22.623+0000] {processor.py:186} INFO - Started process (PID=1968) to work on /opt/airflow/dags/lesson_1_primeira_dag_v2.py
[2024-10-21T17:07:22.624+0000] {processor.py:914} INFO - Processing file /opt/airflow/dags/lesson_1_primeira_dag_v2.py for tasks to queue
[2024-10-21T17:07:22.640+0000] {logging_mixin.py:190} INFO - [2024-10-21T17:07:22.639+0000] {dagbag.py:588} INFO - Filling up the DagBag from /opt/airflow/dags/lesson_1_primeira_dag_v2.py
[2024-10-21T17:07:22.659+0000] {processor.py:925} INFO - DAG(s) 'a_primeira_DAG_v1' retrieved from /opt/airflow/dags/lesson_1_primeira_dag_v2.py
[2024-10-21T17:07:22.676+0000] {logging_mixin.py:190} INFO - [2024-10-21T17:07:22.675+0000] {dag.py:3239} INFO - Sync 1 DAGs
[2024-10-21T17:07:22.696+0000] {logging_mixin.py:190} INFO - [2024-10-21T17:07:22.696+0000] {dag.py:4180} INFO - Setting next_dagrun for a_primeira_DAG_v1 to 2024-10-20 00:00:00+00:00, run_after=2024-10-21 00:00:00+00:00
[2024-10-21T17:07:22.716+0000] {processor.py:208} INFO - Processing /opt/airflow/dags/lesson_1_primeira_dag_v2.py took 0.098 seconds
[2024-10-21T17:07:53.027+0000] {processor.py:186} INFO - Started process (PID=2037) to work on /opt/airflow/dags/lesson_1_primeira_dag_v2.py
[2024-10-21T17:07:53.029+0000] {processor.py:914} INFO - Processing file /opt/airflow/dags/lesson_1_primeira_dag_v2.py for tasks to queue
[2024-10-21T17:07:53.031+0000] {logging_mixin.py:190} INFO - [2024-10-21T17:07:53.031+0000] {dagbag.py:588} INFO - Filling up the DagBag from /opt/airflow/dags/lesson_1_primeira_dag_v2.py
[2024-10-21T17:07:53.043+0000] {processor.py:925} INFO - DAG(s) 'a_primeira_DAG_v1' retrieved from /opt/airflow/dags/lesson_1_primeira_dag_v2.py
[2024-10-21T17:07:53.058+0000] {logging_mixin.py:190} INFO - [2024-10-21T17:07:53.058+0000] {dag.py:3239} INFO - Sync 1 DAGs
[2024-10-21T17:07:53.079+0000] {logging_mixin.py:190} INFO - [2024-10-21T17:07:53.079+0000] {dag.py:4180} INFO - Setting next_dagrun for a_primeira_DAG_v1 to 2024-10-20 00:00:00+00:00, run_after=2024-10-21 00:00:00+00:00
[2024-10-21T17:07:53.097+0000] {processor.py:208} INFO - Processing /opt/airflow/dags/lesson_1_primeira_dag_v2.py took 0.075 seconds
[2024-10-21T17:08:23.427+0000] {processor.py:186} INFO - Started process (PID=2106) to work on /opt/airflow/dags/lesson_1_primeira_dag_v2.py
[2024-10-21T17:08:23.428+0000] {processor.py:914} INFO - Processing file /opt/airflow/dags/lesson_1_primeira_dag_v2.py for tasks to queue
[2024-10-21T17:08:23.431+0000] {logging_mixin.py:190} INFO - [2024-10-21T17:08:23.430+0000] {dagbag.py:588} INFO - Filling up the DagBag from /opt/airflow/dags/lesson_1_primeira_dag_v2.py
[2024-10-21T17:08:23.448+0000] {processor.py:925} INFO - DAG(s) 'a_primeira_DAG_v1' retrieved from /opt/airflow/dags/lesson_1_primeira_dag_v2.py
[2024-10-21T17:08:23.464+0000] {logging_mixin.py:190} INFO - [2024-10-21T17:08:23.464+0000] {dag.py:3239} INFO - Sync 1 DAGs
[2024-10-21T17:08:23.484+0000] {logging_mixin.py:190} INFO - [2024-10-21T17:08:23.484+0000] {dag.py:4180} INFO - Setting next_dagrun for a_primeira_DAG_v1 to 2024-10-20 00:00:00+00:00, run_after=2024-10-21 00:00:00+00:00
[2024-10-21T17:08:23.504+0000] {processor.py:208} INFO - Processing /opt/airflow/dags/lesson_1_primeira_dag_v2.py took 0.082 seconds
[2024-10-21T17:08:53.800+0000] {processor.py:186} INFO - Started process (PID=2176) to work on /opt/airflow/dags/lesson_1_primeira_dag_v2.py
[2024-10-21T17:08:53.801+0000] {processor.py:914} INFO - Processing file /opt/airflow/dags/lesson_1_primeira_dag_v2.py for tasks to queue
[2024-10-21T17:08:53.803+0000] {logging_mixin.py:190} INFO - [2024-10-21T17:08:53.803+0000] {dagbag.py:588} INFO - Filling up the DagBag from /opt/airflow/dags/lesson_1_primeira_dag_v2.py
[2024-10-21T17:08:53.817+0000] {processor.py:925} INFO - DAG(s) 'a_primeira_DAG_v1' retrieved from /opt/airflow/dags/lesson_1_primeira_dag_v2.py
[2024-10-21T17:08:53.832+0000] {logging_mixin.py:190} INFO - [2024-10-21T17:08:53.832+0000] {dag.py:3239} INFO - Sync 1 DAGs
[2024-10-21T17:08:53.849+0000] {logging_mixin.py:190} INFO - [2024-10-21T17:08:53.849+0000] {dag.py:4180} INFO - Setting next_dagrun for a_primeira_DAG_v1 to 2024-10-20 00:00:00+00:00, run_after=2024-10-21 00:00:00+00:00
[2024-10-21T17:08:53.865+0000] {processor.py:208} INFO - Processing /opt/airflow/dags/lesson_1_primeira_dag_v2.py took 0.071 seconds
[2024-10-21T17:09:24.037+0000] {processor.py:186} INFO - Started process (PID=2245) to work on /opt/airflow/dags/lesson_1_primeira_dag_v2.py
[2024-10-21T17:09:24.038+0000] {processor.py:914} INFO - Processing file /opt/airflow/dags/lesson_1_primeira_dag_v2.py for tasks to queue
[2024-10-21T17:09:24.040+0000] {logging_mixin.py:190} INFO - [2024-10-21T17:09:24.039+0000] {dagbag.py:588} INFO - Filling up the DagBag from /opt/airflow/dags/lesson_1_primeira_dag_v2.py
[2024-10-21T17:09:24.052+0000] {processor.py:925} INFO - DAG(s) 'a_primeira_DAG_v1' retrieved from /opt/airflow/dags/lesson_1_primeira_dag_v2.py
[2024-10-21T17:09:24.065+0000] {logging_mixin.py:190} INFO - [2024-10-21T17:09:24.065+0000] {dag.py:3239} INFO - Sync 1 DAGs
[2024-10-21T17:09:24.082+0000] {logging_mixin.py:190} INFO - [2024-10-21T17:09:24.082+0000] {dag.py:4180} INFO - Setting next_dagrun for a_primeira_DAG_v1 to 2024-10-20 00:00:00+00:00, run_after=2024-10-21 00:00:00+00:00
[2024-10-21T17:09:24.099+0000] {processor.py:208} INFO - Processing /opt/airflow/dags/lesson_1_primeira_dag_v2.py took 0.066 seconds
[2024-10-21T17:09:54.363+0000] {processor.py:186} INFO - Started process (PID=2314) to work on /opt/airflow/dags/lesson_1_primeira_dag_v2.py
[2024-10-21T17:09:54.364+0000] {processor.py:914} INFO - Processing file /opt/airflow/dags/lesson_1_primeira_dag_v2.py for tasks to queue
[2024-10-21T17:09:54.366+0000] {logging_mixin.py:190} INFO - [2024-10-21T17:09:54.366+0000] {dagbag.py:588} INFO - Filling up the DagBag from /opt/airflow/dags/lesson_1_primeira_dag_v2.py
[2024-10-21T17:09:54.380+0000] {processor.py:925} INFO - DAG(s) 'a_primeira_DAG_v1' retrieved from /opt/airflow/dags/lesson_1_primeira_dag_v2.py
[2024-10-21T17:09:54.395+0000] {logging_mixin.py:190} INFO - [2024-10-21T17:09:54.395+0000] {dag.py:3239} INFO - Sync 1 DAGs
[2024-10-21T17:09:54.414+0000] {logging_mixin.py:190} INFO - [2024-10-21T17:09:54.414+0000] {dag.py:4180} INFO - Setting next_dagrun for a_primeira_DAG_v1 to 2024-10-20 00:00:00+00:00, run_after=2024-10-21 00:00:00+00:00
[2024-10-21T17:09:54.432+0000] {processor.py:208} INFO - Processing /opt/airflow/dags/lesson_1_primeira_dag_v2.py took 0.075 seconds
[2024-10-21T17:10:25.242+0000] {processor.py:186} INFO - Started process (PID=2383) to work on /opt/airflow/dags/lesson_1_primeira_dag_v2.py
[2024-10-21T17:10:25.243+0000] {processor.py:914} INFO - Processing file /opt/airflow/dags/lesson_1_primeira_dag_v2.py for tasks to queue
[2024-10-21T17:10:25.244+0000] {logging_mixin.py:190} INFO - [2024-10-21T17:10:25.244+0000] {dagbag.py:588} INFO - Filling up the DagBag from /opt/airflow/dags/lesson_1_primeira_dag_v2.py
[2024-10-21T17:10:25.260+0000] {processor.py:925} INFO - DAG(s) 'a_primeira_DAG_v1' retrieved from /opt/airflow/dags/lesson_1_primeira_dag_v2.py
[2024-10-21T17:10:25.276+0000] {logging_mixin.py:190} INFO - [2024-10-21T17:10:25.276+0000] {dag.py:3239} INFO - Sync 1 DAGs
[2024-10-21T17:10:25.299+0000] {logging_mixin.py:190} INFO - [2024-10-21T17:10:25.298+0000] {dag.py:4180} INFO - Setting next_dagrun for a_primeira_DAG_v1 to 2024-10-20 00:00:00+00:00, run_after=2024-10-21 00:00:00+00:00
[2024-10-21T17:10:25.317+0000] {processor.py:208} INFO - Processing /opt/airflow/dags/lesson_1_primeira_dag_v2.py took 0.080 seconds
[2024-10-21T17:10:55.915+0000] {processor.py:186} INFO - Started process (PID=2452) to work on /opt/airflow/dags/lesson_1_primeira_dag_v2.py
[2024-10-21T17:10:55.915+0000] {processor.py:914} INFO - Processing file /opt/airflow/dags/lesson_1_primeira_dag_v2.py for tasks to queue
[2024-10-21T17:10:55.918+0000] {logging_mixin.py:190} INFO - [2024-10-21T17:10:55.918+0000] {dagbag.py:588} INFO - Filling up the DagBag from /opt/airflow/dags/lesson_1_primeira_dag_v2.py
[2024-10-21T17:10:55.930+0000] {processor.py:925} INFO - DAG(s) 'a_primeira_DAG_v1' retrieved from /opt/airflow/dags/lesson_1_primeira_dag_v2.py
[2024-10-21T17:10:55.944+0000] {logging_mixin.py:190} INFO - [2024-10-21T17:10:55.944+0000] {dag.py:3239} INFO - Sync 1 DAGs
[2024-10-21T17:10:55.962+0000] {logging_mixin.py:190} INFO - [2024-10-21T17:10:55.962+0000] {dag.py:4180} INFO - Setting next_dagrun for a_primeira_DAG_v1 to 2024-10-20 00:00:00+00:00, run_after=2024-10-21 00:00:00+00:00
[2024-10-21T17:10:55.980+0000] {processor.py:208} INFO - Processing /opt/airflow/dags/lesson_1_primeira_dag_v2.py took 0.070 seconds
[2024-10-21T17:11:26.324+0000] {processor.py:186} INFO - Started process (PID=2521) to work on /opt/airflow/dags/lesson_1_primeira_dag_v2.py
[2024-10-21T17:11:26.325+0000] {processor.py:914} INFO - Processing file /opt/airflow/dags/lesson_1_primeira_dag_v2.py for tasks to queue
[2024-10-21T17:11:26.327+0000] {logging_mixin.py:190} INFO - [2024-10-21T17:11:26.327+0000] {dagbag.py:588} INFO - Filling up the DagBag from /opt/airflow/dags/lesson_1_primeira_dag_v2.py
[2024-10-21T17:11:26.339+0000] {processor.py:925} INFO - DAG(s) 'a_primeira_DAG_v1' retrieved from /opt/airflow/dags/lesson_1_primeira_dag_v2.py
[2024-10-21T17:11:26.354+0000] {logging_mixin.py:190} INFO - [2024-10-21T17:11:26.353+0000] {dag.py:3239} INFO - Sync 1 DAGs
[2024-10-21T17:11:26.372+0000] {logging_mixin.py:190} INFO - [2024-10-21T17:11:26.372+0000] {dag.py:4180} INFO - Setting next_dagrun for a_primeira_DAG_v1 to 2024-10-20 00:00:00+00:00, run_after=2024-10-21 00:00:00+00:00
[2024-10-21T17:11:26.390+0000] {processor.py:208} INFO - Processing /opt/airflow/dags/lesson_1_primeira_dag_v2.py took 0.072 seconds
[2024-10-21T17:11:56.508+0000] {processor.py:186} INFO - Started process (PID=2590) to work on /opt/airflow/dags/lesson_1_primeira_dag_v2.py
[2024-10-21T17:11:56.509+0000] {processor.py:914} INFO - Processing file /opt/airflow/dags/lesson_1_primeira_dag_v2.py for tasks to queue
[2024-10-21T17:11:56.511+0000] {logging_mixin.py:190} INFO - [2024-10-21T17:11:56.510+0000] {dagbag.py:588} INFO - Filling up the DagBag from /opt/airflow/dags/lesson_1_primeira_dag_v2.py
[2024-10-21T17:11:56.523+0000] {processor.py:925} INFO - DAG(s) 'a_primeira_DAG_v1' retrieved from /opt/airflow/dags/lesson_1_primeira_dag_v2.py
[2024-10-21T17:11:56.538+0000] {logging_mixin.py:190} INFO - [2024-10-21T17:11:56.537+0000] {dag.py:3239} INFO - Sync 1 DAGs
[2024-10-21T17:11:56.557+0000] {logging_mixin.py:190} INFO - [2024-10-21T17:11:56.557+0000] {dag.py:4180} INFO - Setting next_dagrun for a_primeira_DAG_v1 to 2024-10-20 00:00:00+00:00, run_after=2024-10-21 00:00:00+00:00
[2024-10-21T17:11:56.573+0000] {processor.py:208} INFO - Processing /opt/airflow/dags/lesson_1_primeira_dag_v2.py took 0.070 seconds
[2024-10-21T17:12:26.657+0000] {processor.py:186} INFO - Started process (PID=2659) to work on /opt/airflow/dags/lesson_1_primeira_dag_v2.py
[2024-10-21T17:12:26.658+0000] {processor.py:914} INFO - Processing file /opt/airflow/dags/lesson_1_primeira_dag_v2.py for tasks to queue
[2024-10-21T17:12:26.660+0000] {logging_mixin.py:190} INFO - [2024-10-21T17:12:26.660+0000] {dagbag.py:588} INFO - Filling up the DagBag from /opt/airflow/dags/lesson_1_primeira_dag_v2.py
[2024-10-21T17:12:26.673+0000] {processor.py:925} INFO - DAG(s) 'a_primeira_DAG_v1' retrieved from /opt/airflow/dags/lesson_1_primeira_dag_v2.py
[2024-10-21T17:12:26.687+0000] {logging_mixin.py:190} INFO - [2024-10-21T17:12:26.687+0000] {dag.py:3239} INFO - Sync 1 DAGs
[2024-10-21T17:12:26.705+0000] {logging_mixin.py:190} INFO - [2024-10-21T17:12:26.705+0000] {dag.py:4180} INFO - Setting next_dagrun for a_primeira_DAG_v1 to 2024-10-20 00:00:00+00:00, run_after=2024-10-21 00:00:00+00:00
[2024-10-21T17:12:26.722+0000] {processor.py:208} INFO - Processing /opt/airflow/dags/lesson_1_primeira_dag_v2.py took 0.069 seconds
[2024-10-21T17:12:57.008+0000] {processor.py:186} INFO - Started process (PID=2728) to work on /opt/airflow/dags/lesson_1_primeira_dag_v2.py
[2024-10-21T17:12:57.009+0000] {processor.py:914} INFO - Processing file /opt/airflow/dags/lesson_1_primeira_dag_v2.py for tasks to queue
[2024-10-21T17:12:57.011+0000] {logging_mixin.py:190} INFO - [2024-10-21T17:12:57.011+0000] {dagbag.py:588} INFO - Filling up the DagBag from /opt/airflow/dags/lesson_1_primeira_dag_v2.py
[2024-10-21T17:12:57.025+0000] {processor.py:925} INFO - DAG(s) 'a_primeira_DAG_v1' retrieved from /opt/airflow/dags/lesson_1_primeira_dag_v2.py
[2024-10-21T17:12:57.039+0000] {logging_mixin.py:190} INFO - [2024-10-21T17:12:57.039+0000] {dag.py:3239} INFO - Sync 1 DAGs
[2024-10-21T17:12:57.059+0000] {logging_mixin.py:190} INFO - [2024-10-21T17:12:57.059+0000] {dag.py:4180} INFO - Setting next_dagrun for a_primeira_DAG_v1 to 2024-10-20 00:00:00+00:00, run_after=2024-10-21 00:00:00+00:00
[2024-10-21T17:12:57.076+0000] {processor.py:208} INFO - Processing /opt/airflow/dags/lesson_1_primeira_dag_v2.py took 0.074 seconds
[2024-10-21T17:13:27.536+0000] {processor.py:186} INFO - Started process (PID=2798) to work on /opt/airflow/dags/lesson_1_primeira_dag_v2.py
[2024-10-21T17:13:27.537+0000] {processor.py:914} INFO - Processing file /opt/airflow/dags/lesson_1_primeira_dag_v2.py for tasks to queue
[2024-10-21T17:13:27.539+0000] {logging_mixin.py:190} INFO - [2024-10-21T17:13:27.538+0000] {dagbag.py:588} INFO - Filling up the DagBag from /opt/airflow/dags/lesson_1_primeira_dag_v2.py
[2024-10-21T17:13:27.552+0000] {processor.py:925} INFO - DAG(s) 'a_primeira_DAG_v1' retrieved from /opt/airflow/dags/lesson_1_primeira_dag_v2.py
[2024-10-21T17:13:27.567+0000] {logging_mixin.py:190} INFO - [2024-10-21T17:13:27.566+0000] {dag.py:3239} INFO - Sync 1 DAGs
[2024-10-21T17:13:27.586+0000] {logging_mixin.py:190} INFO - [2024-10-21T17:13:27.585+0000] {dag.py:4180} INFO - Setting next_dagrun for a_primeira_DAG_v1 to 2024-10-20 00:00:00+00:00, run_after=2024-10-21 00:00:00+00:00
[2024-10-21T17:13:27.603+0000] {processor.py:208} INFO - Processing /opt/airflow/dags/lesson_1_primeira_dag_v2.py took 0.072 seconds
[2024-10-21T17:13:58.279+0000] {processor.py:186} INFO - Started process (PID=2867) to work on /opt/airflow/dags/lesson_1_primeira_dag_v2.py
[2024-10-21T17:13:58.280+0000] {processor.py:914} INFO - Processing file /opt/airflow/dags/lesson_1_primeira_dag_v2.py for tasks to queue
[2024-10-21T17:13:58.282+0000] {logging_mixin.py:190} INFO - [2024-10-21T17:13:58.282+0000] {dagbag.py:588} INFO - Filling up the DagBag from /opt/airflow/dags/lesson_1_primeira_dag_v2.py
[2024-10-21T17:13:58.297+0000] {processor.py:925} INFO - DAG(s) 'a_primeira_DAG_v1' retrieved from /opt/airflow/dags/lesson_1_primeira_dag_v2.py
[2024-10-21T17:13:58.313+0000] {logging_mixin.py:190} INFO - [2024-10-21T17:13:58.313+0000] {dag.py:3239} INFO - Sync 1 DAGs
[2024-10-21T17:13:58.335+0000] {logging_mixin.py:190} INFO - [2024-10-21T17:13:58.335+0000] {dag.py:4180} INFO - Setting next_dagrun for a_primeira_DAG_v1 to 2024-10-20 00:00:00+00:00, run_after=2024-10-21 00:00:00+00:00
[2024-10-21T17:13:58.354+0000] {processor.py:208} INFO - Processing /opt/airflow/dags/lesson_1_primeira_dag_v2.py took 0.080 seconds
[2024-10-21T17:14:29.239+0000] {processor.py:186} INFO - Started process (PID=2936) to work on /opt/airflow/dags/lesson_1_primeira_dag_v2.py
[2024-10-21T17:14:29.240+0000] {processor.py:914} INFO - Processing file /opt/airflow/dags/lesson_1_primeira_dag_v2.py for tasks to queue
[2024-10-21T17:14:29.242+0000] {logging_mixin.py:190} INFO - [2024-10-21T17:14:29.242+0000] {dagbag.py:588} INFO - Filling up the DagBag from /opt/airflow/dags/lesson_1_primeira_dag_v2.py
[2024-10-21T17:14:29.257+0000] {processor.py:925} INFO - DAG(s) 'a_primeira_DAG_v1' retrieved from /opt/airflow/dags/lesson_1_primeira_dag_v2.py
[2024-10-21T17:14:29.274+0000] {logging_mixin.py:190} INFO - [2024-10-21T17:14:29.274+0000] {dag.py:3239} INFO - Sync 1 DAGs
[2024-10-21T17:14:29.295+0000] {logging_mixin.py:190} INFO - [2024-10-21T17:14:29.295+0000] {dag.py:4180} INFO - Setting next_dagrun for a_primeira_DAG_v1 to 2024-10-20 00:00:00+00:00, run_after=2024-10-21 00:00:00+00:00
[2024-10-21T17:14:29.313+0000] {processor.py:208} INFO - Processing /opt/airflow/dags/lesson_1_primeira_dag_v2.py took 0.078 seconds
[2024-10-21T17:14:59.869+0000] {processor.py:186} INFO - Started process (PID=3005) to work on /opt/airflow/dags/lesson_1_primeira_dag_v2.py
[2024-10-21T17:14:59.869+0000] {processor.py:914} INFO - Processing file /opt/airflow/dags/lesson_1_primeira_dag_v2.py for tasks to queue
[2024-10-21T17:14:59.872+0000] {logging_mixin.py:190} INFO - [2024-10-21T17:14:59.871+0000] {dagbag.py:588} INFO - Filling up the DagBag from /opt/airflow/dags/lesson_1_primeira_dag_v2.py
[2024-10-21T17:14:59.884+0000] {processor.py:925} INFO - DAG(s) 'a_primeira_DAG_v1' retrieved from /opt/airflow/dags/lesson_1_primeira_dag_v2.py
[2024-10-21T17:14:59.898+0000] {logging_mixin.py:190} INFO - [2024-10-21T17:14:59.898+0000] {dag.py:3239} INFO - Sync 1 DAGs
[2024-10-21T17:14:59.917+0000] {logging_mixin.py:190} INFO - [2024-10-21T17:14:59.917+0000] {dag.py:4180} INFO - Setting next_dagrun for a_primeira_DAG_v1 to 2024-10-20 00:00:00+00:00, run_after=2024-10-21 00:00:00+00:00
[2024-10-21T17:14:59.934+0000] {processor.py:208} INFO - Processing /opt/airflow/dags/lesson_1_primeira_dag_v2.py took 0.070 seconds
[2024-10-21T17:16:04.515+0000] {processor.py:186} INFO - Started process (PID=3060) to work on /opt/airflow/dags/lesson_1_primeira_dag_v2.py
[2024-10-21T17:16:04.516+0000] {processor.py:914} INFO - Processing file /opt/airflow/dags/lesson_1_primeira_dag_v2.py for tasks to queue
[2024-10-21T17:16:04.517+0000] {logging_mixin.py:190} INFO - [2024-10-21T17:16:04.516+0000] {dagbag.py:588} INFO - Filling up the DagBag from /opt/airflow/dags/lesson_1_primeira_dag_v2.py
[2024-10-21T17:16:04.530+0000] {processor.py:925} INFO - DAG(s) 'a_primeira_DAG_v1' retrieved from /opt/airflow/dags/lesson_1_primeira_dag_v2.py
[2024-10-21T17:16:04.544+0000] {logging_mixin.py:190} INFO - [2024-10-21T17:16:04.544+0000] {dag.py:3239} INFO - Sync 1 DAGs
[2024-10-21T17:16:04.562+0000] {logging_mixin.py:190} INFO - [2024-10-21T17:16:04.562+0000] {dag.py:4180} INFO - Setting next_dagrun for a_primeira_DAG_v1 to 2024-10-20 00:00:00+00:00, run_after=2024-10-21 00:00:00+00:00
[2024-10-21T17:16:04.579+0000] {processor.py:208} INFO - Processing /opt/airflow/dags/lesson_1_primeira_dag_v2.py took 0.069 seconds
[2024-10-21T17:16:35.286+0000] {processor.py:186} INFO - Started process (PID=3128) to work on /opt/airflow/dags/lesson_1_primeira_dag_v2.py
[2024-10-21T17:16:35.286+0000] {processor.py:914} INFO - Processing file /opt/airflow/dags/lesson_1_primeira_dag_v2.py for tasks to queue
[2024-10-21T17:16:35.288+0000] {logging_mixin.py:190} INFO - [2024-10-21T17:16:35.287+0000] {dagbag.py:588} INFO - Filling up the DagBag from /opt/airflow/dags/lesson_1_primeira_dag_v2.py
[2024-10-21T17:16:35.302+0000] {processor.py:925} INFO - DAG(s) 'a_primeira_DAG_v1' retrieved from /opt/airflow/dags/lesson_1_primeira_dag_v2.py
[2024-10-21T17:16:35.317+0000] {logging_mixin.py:190} INFO - [2024-10-21T17:16:35.316+0000] {dag.py:3239} INFO - Sync 1 DAGs
[2024-10-21T17:16:35.336+0000] {logging_mixin.py:190} INFO - [2024-10-21T17:16:35.336+0000] {dag.py:4180} INFO - Setting next_dagrun for a_primeira_DAG_v1 to 2024-10-20 00:00:00+00:00, run_after=2024-10-21 00:00:00+00:00
[2024-10-21T17:16:35.354+0000] {processor.py:208} INFO - Processing /opt/airflow/dags/lesson_1_primeira_dag_v2.py took 0.073 seconds
[2024-10-21T17:17:05.657+0000] {processor.py:186} INFO - Started process (PID=3197) to work on /opt/airflow/dags/lesson_1_primeira_dag_v2.py
[2024-10-21T17:17:05.658+0000] {processor.py:914} INFO - Processing file /opt/airflow/dags/lesson_1_primeira_dag_v2.py for tasks to queue
[2024-10-21T17:17:05.659+0000] {logging_mixin.py:190} INFO - [2024-10-21T17:17:05.659+0000] {dagbag.py:588} INFO - Filling up the DagBag from /opt/airflow/dags/lesson_1_primeira_dag_v2.py
[2024-10-21T17:17:05.673+0000] {processor.py:925} INFO - DAG(s) 'a_primeira_DAG_v1' retrieved from /opt/airflow/dags/lesson_1_primeira_dag_v2.py
[2024-10-21T17:17:05.688+0000] {logging_mixin.py:190} INFO - [2024-10-21T17:17:05.688+0000] {dag.py:3239} INFO - Sync 1 DAGs
[2024-10-21T17:17:05.709+0000] {logging_mixin.py:190} INFO - [2024-10-21T17:17:05.708+0000] {dag.py:4180} INFO - Setting next_dagrun for a_primeira_DAG_v1 to 2024-10-20 00:00:00+00:00, run_after=2024-10-21 00:00:00+00:00
[2024-10-21T17:17:05.729+0000] {processor.py:208} INFO - Processing /opt/airflow/dags/lesson_1_primeira_dag_v2.py took 0.076 seconds
[2024-10-21T17:17:36.498+0000] {processor.py:186} INFO - Started process (PID=3266) to work on /opt/airflow/dags/lesson_1_primeira_dag_v2.py
[2024-10-21T17:17:36.499+0000] {processor.py:914} INFO - Processing file /opt/airflow/dags/lesson_1_primeira_dag_v2.py for tasks to queue
[2024-10-21T17:17:36.500+0000] {logging_mixin.py:190} INFO - [2024-10-21T17:17:36.500+0000] {dagbag.py:588} INFO - Filling up the DagBag from /opt/airflow/dags/lesson_1_primeira_dag_v2.py
[2024-10-21T17:17:36.514+0000] {processor.py:925} INFO - DAG(s) 'a_primeira_DAG_v1' retrieved from /opt/airflow/dags/lesson_1_primeira_dag_v2.py
[2024-10-21T17:17:36.528+0000] {logging_mixin.py:190} INFO - [2024-10-21T17:17:36.528+0000] {dag.py:3239} INFO - Sync 1 DAGs
[2024-10-21T17:17:36.548+0000] {logging_mixin.py:190} INFO - [2024-10-21T17:17:36.548+0000] {dag.py:4180} INFO - Setting next_dagrun for a_primeira_DAG_v1 to 2024-10-20 00:00:00+00:00, run_after=2024-10-21 00:00:00+00:00
[2024-10-21T17:17:36.567+0000] {processor.py:208} INFO - Processing /opt/airflow/dags/lesson_1_primeira_dag_v2.py took 0.073 seconds
[2024-10-21T17:18:06.820+0000] {processor.py:186} INFO - Started process (PID=3335) to work on /opt/airflow/dags/lesson_1_primeira_dag_v2.py
[2024-10-21T17:18:06.821+0000] {processor.py:914} INFO - Processing file /opt/airflow/dags/lesson_1_primeira_dag_v2.py for tasks to queue
[2024-10-21T17:18:06.822+0000] {logging_mixin.py:190} INFO - [2024-10-21T17:18:06.822+0000] {dagbag.py:588} INFO - Filling up the DagBag from /opt/airflow/dags/lesson_1_primeira_dag_v2.py
[2024-10-21T17:18:06.835+0000] {processor.py:925} INFO - DAG(s) 'a_primeira_DAG_v1' retrieved from /opt/airflow/dags/lesson_1_primeira_dag_v2.py
[2024-10-21T17:18:06.850+0000] {logging_mixin.py:190} INFO - [2024-10-21T17:18:06.850+0000] {dag.py:3239} INFO - Sync 1 DAGs
[2024-10-21T17:18:06.868+0000] {logging_mixin.py:190} INFO - [2024-10-21T17:18:06.868+0000] {dag.py:4180} INFO - Setting next_dagrun for a_primeira_DAG_v1 to 2024-10-20 00:00:00+00:00, run_after=2024-10-21 00:00:00+00:00
[2024-10-21T17:18:06.886+0000] {processor.py:208} INFO - Processing /opt/airflow/dags/lesson_1_primeira_dag_v2.py took 0.072 seconds
[2024-10-21T17:18:37.324+0000] {processor.py:186} INFO - Started process (PID=3404) to work on /opt/airflow/dags/lesson_1_primeira_dag_v2.py
[2024-10-21T17:18:37.325+0000] {processor.py:914} INFO - Processing file /opt/airflow/dags/lesson_1_primeira_dag_v2.py for tasks to queue
[2024-10-21T17:18:37.326+0000] {logging_mixin.py:190} INFO - [2024-10-21T17:18:37.326+0000] {dagbag.py:588} INFO - Filling up the DagBag from /opt/airflow/dags/lesson_1_primeira_dag_v2.py
[2024-10-21T17:18:37.339+0000] {processor.py:925} INFO - DAG(s) 'a_primeira_DAG_v1' retrieved from /opt/airflow/dags/lesson_1_primeira_dag_v2.py
[2024-10-21T17:18:37.354+0000] {logging_mixin.py:190} INFO - [2024-10-21T17:18:37.353+0000] {dag.py:3239} INFO - Sync 1 DAGs
[2024-10-21T17:18:37.376+0000] {logging_mixin.py:190} INFO - [2024-10-21T17:18:37.376+0000] {dag.py:4180} INFO - Setting next_dagrun for a_primeira_DAG_v1 to 2024-10-20 00:00:00+00:00, run_after=2024-10-21 00:00:00+00:00
[2024-10-21T17:18:37.391+0000] {processor.py:208} INFO - Processing /opt/airflow/dags/lesson_1_primeira_dag_v2.py took 0.071 seconds
[2024-10-21T17:19:08.240+0000] {processor.py:186} INFO - Started process (PID=3473) to work on /opt/airflow/dags/lesson_1_primeira_dag_v2.py
[2024-10-21T17:19:08.241+0000] {processor.py:914} INFO - Processing file /opt/airflow/dags/lesson_1_primeira_dag_v2.py for tasks to queue
[2024-10-21T17:19:08.242+0000] {logging_mixin.py:190} INFO - [2024-10-21T17:19:08.241+0000] {dagbag.py:588} INFO - Filling up the DagBag from /opt/airflow/dags/lesson_1_primeira_dag_v2.py
[2024-10-21T17:19:08.258+0000] {processor.py:925} INFO - DAG(s) 'a_primeira_DAG_v1' retrieved from /opt/airflow/dags/lesson_1_primeira_dag_v2.py
[2024-10-21T17:19:08.403+0000] {logging_mixin.py:190} INFO - [2024-10-21T17:19:08.403+0000] {dag.py:3239} INFO - Sync 1 DAGs
[2024-10-21T17:19:08.424+0000] {logging_mixin.py:190} INFO - [2024-10-21T17:19:08.424+0000] {dag.py:4180} INFO - Setting next_dagrun for a_primeira_DAG_v1 to 2024-10-20 00:00:00+00:00, run_after=2024-10-21 00:00:00+00:00
[2024-10-21T17:19:08.443+0000] {processor.py:208} INFO - Processing /opt/airflow/dags/lesson_1_primeira_dag_v2.py took 0.209 seconds
[2024-10-21T17:19:38.652+0000] {processor.py:186} INFO - Started process (PID=3582) to work on /opt/airflow/dags/lesson_1_primeira_dag_v2.py
[2024-10-21T17:19:38.653+0000] {processor.py:914} INFO - Processing file /opt/airflow/dags/lesson_1_primeira_dag_v2.py for tasks to queue
[2024-10-21T17:19:38.654+0000] {logging_mixin.py:190} INFO - [2024-10-21T17:19:38.654+0000] {dagbag.py:588} INFO - Filling up the DagBag from /opt/airflow/dags/lesson_1_primeira_dag_v2.py
[2024-10-21T17:19:38.666+0000] {processor.py:925} INFO - DAG(s) 'a_primeira_DAG_v1' retrieved from /opt/airflow/dags/lesson_1_primeira_dag_v2.py
[2024-10-21T17:19:38.682+0000] {logging_mixin.py:190} INFO - [2024-10-21T17:19:38.682+0000] {dag.py:3239} INFO - Sync 1 DAGs
[2024-10-21T17:19:38.854+0000] {logging_mixin.py:190} INFO - [2024-10-21T17:19:38.853+0000] {dag.py:4180} INFO - Setting next_dagrun for a_primeira_DAG_v1 to 2024-10-20 00:00:00+00:00, run_after=2024-10-21 00:00:00+00:00
[2024-10-21T17:19:38.873+0000] {processor.py:208} INFO - Processing /opt/airflow/dags/lesson_1_primeira_dag_v2.py took 0.226 seconds
[2024-10-21T17:20:09.322+0000] {processor.py:186} INFO - Started process (PID=3681) to work on /opt/airflow/dags/lesson_1_primeira_dag_v2.py
[2024-10-21T17:20:09.323+0000] {processor.py:914} INFO - Processing file /opt/airflow/dags/lesson_1_primeira_dag_v2.py for tasks to queue
[2024-10-21T17:20:09.324+0000] {logging_mixin.py:190} INFO - [2024-10-21T17:20:09.324+0000] {dagbag.py:588} INFO - Filling up the DagBag from /opt/airflow/dags/lesson_1_primeira_dag_v2.py
[2024-10-21T17:20:09.340+0000] {processor.py:925} INFO - DAG(s) 'a_primeira_DAG_v1' retrieved from /opt/airflow/dags/lesson_1_primeira_dag_v2.py
[2024-10-21T17:20:09.358+0000] {logging_mixin.py:190} INFO - [2024-10-21T17:20:09.357+0000] {dag.py:3239} INFO - Sync 1 DAGs
[2024-10-21T17:20:09.380+0000] {logging_mixin.py:190} INFO - [2024-10-21T17:20:09.379+0000] {dag.py:4180} INFO - Setting next_dagrun for a_primeira_DAG_v1 to 2024-10-20 00:00:00+00:00, run_after=2024-10-21 00:00:00+00:00
[2024-10-21T17:20:09.394+0000] {processor.py:208} INFO - Processing /opt/airflow/dags/lesson_1_primeira_dag_v2.py took 0.079 seconds
[2024-10-21T17:20:40.170+0000] {processor.py:186} INFO - Started process (PID=3773) to work on /opt/airflow/dags/lesson_1_primeira_dag_v2.py
[2024-10-21T17:20:40.173+0000] {processor.py:914} INFO - Processing file /opt/airflow/dags/lesson_1_primeira_dag_v2.py for tasks to queue
[2024-10-21T17:20:40.174+0000] {logging_mixin.py:190} INFO - [2024-10-21T17:20:40.174+0000] {dagbag.py:588} INFO - Filling up the DagBag from /opt/airflow/dags/lesson_1_primeira_dag_v2.py
[2024-10-21T17:20:40.215+0000] {processor.py:925} INFO - DAG(s) 'a_primeira_DAG_v1' retrieved from /opt/airflow/dags/lesson_1_primeira_dag_v2.py
[2024-10-21T17:20:40.251+0000] {logging_mixin.py:190} INFO - [2024-10-21T17:20:40.251+0000] {dag.py:3239} INFO - Sync 1 DAGs
[2024-10-21T17:20:40.306+0000] {logging_mixin.py:190} INFO - [2024-10-21T17:20:40.306+0000] {dag.py:4180} INFO - Setting next_dagrun for a_primeira_DAG_v1 to 2024-10-20 00:00:00+00:00, run_after=2024-10-21 00:00:00+00:00
[2024-10-21T17:20:40.361+0000] {processor.py:208} INFO - Processing /opt/airflow/dags/lesson_1_primeira_dag_v2.py took 0.202 seconds
[2024-10-21T17:21:10.838+0000] {processor.py:186} INFO - Started process (PID=3842) to work on /opt/airflow/dags/lesson_1_primeira_dag_v2.py
[2024-10-21T17:21:10.840+0000] {processor.py:914} INFO - Processing file /opt/airflow/dags/lesson_1_primeira_dag_v2.py for tasks to queue
[2024-10-21T17:21:10.842+0000] {logging_mixin.py:190} INFO - [2024-10-21T17:21:10.841+0000] {dagbag.py:588} INFO - Filling up the DagBag from /opt/airflow/dags/lesson_1_primeira_dag_v2.py
[2024-10-21T17:21:10.860+0000] {processor.py:925} INFO - DAG(s) 'a_primeira_DAG_v1' retrieved from /opt/airflow/dags/lesson_1_primeira_dag_v2.py
[2024-10-21T17:21:10.879+0000] {logging_mixin.py:190} INFO - [2024-10-21T17:21:10.879+0000] {dag.py:3239} INFO - Sync 1 DAGs
[2024-10-21T17:21:10.902+0000] {logging_mixin.py:190} INFO - [2024-10-21T17:21:10.902+0000] {dag.py:4180} INFO - Setting next_dagrun for a_primeira_DAG_v1 to 2024-10-20 00:00:00+00:00, run_after=2024-10-21 00:00:00+00:00
[2024-10-21T17:21:10.925+0000] {processor.py:208} INFO - Processing /opt/airflow/dags/lesson_1_primeira_dag_v2.py took 0.093 seconds
[2024-10-21T17:21:41.109+0000] {processor.py:186} INFO - Started process (PID=3911) to work on /opt/airflow/dags/lesson_1_primeira_dag_v2.py
[2024-10-21T17:21:41.110+0000] {processor.py:914} INFO - Processing file /opt/airflow/dags/lesson_1_primeira_dag_v2.py for tasks to queue
[2024-10-21T17:21:41.111+0000] {logging_mixin.py:190} INFO - [2024-10-21T17:21:41.111+0000] {dagbag.py:588} INFO - Filling up the DagBag from /opt/airflow/dags/lesson_1_primeira_dag_v2.py
[2024-10-21T17:21:41.125+0000] {processor.py:925} INFO - DAG(s) 'a_primeira_DAG_v1' retrieved from /opt/airflow/dags/lesson_1_primeira_dag_v2.py
[2024-10-21T17:21:41.143+0000] {logging_mixin.py:190} INFO - [2024-10-21T17:21:41.142+0000] {dag.py:3239} INFO - Sync 1 DAGs
[2024-10-21T17:21:41.164+0000] {logging_mixin.py:190} INFO - [2024-10-21T17:21:41.164+0000] {dag.py:4180} INFO - Setting next_dagrun for a_primeira_DAG_v1 to 2024-10-20 00:00:00+00:00, run_after=2024-10-21 00:00:00+00:00
[2024-10-21T17:21:41.184+0000] {processor.py:208} INFO - Processing /opt/airflow/dags/lesson_1_primeira_dag_v2.py took 0.080 seconds
[2024-10-21T17:22:11.536+0000] {processor.py:186} INFO - Started process (PID=3980) to work on /opt/airflow/dags/lesson_1_primeira_dag_v2.py
[2024-10-21T17:22:11.536+0000] {processor.py:914} INFO - Processing file /opt/airflow/dags/lesson_1_primeira_dag_v2.py for tasks to queue
[2024-10-21T17:22:11.537+0000] {logging_mixin.py:190} INFO - [2024-10-21T17:22:11.537+0000] {dagbag.py:588} INFO - Filling up the DagBag from /opt/airflow/dags/lesson_1_primeira_dag_v2.py
[2024-10-21T17:22:11.552+0000] {processor.py:925} INFO - DAG(s) 'a_primeira_DAG_v1' retrieved from /opt/airflow/dags/lesson_1_primeira_dag_v2.py
[2024-10-21T17:22:11.568+0000] {logging_mixin.py:190} INFO - [2024-10-21T17:22:11.568+0000] {dag.py:3239} INFO - Sync 1 DAGs
[2024-10-21T17:22:11.589+0000] {logging_mixin.py:190} INFO - [2024-10-21T17:22:11.589+0000] {dag.py:4180} INFO - Setting next_dagrun for a_primeira_DAG_v1 to 2024-10-20 00:00:00+00:00, run_after=2024-10-21 00:00:00+00:00
[2024-10-21T17:22:11.612+0000] {processor.py:208} INFO - Processing /opt/airflow/dags/lesson_1_primeira_dag_v2.py took 0.082 seconds
[2024-10-21T17:22:41.749+0000] {processor.py:186} INFO - Started process (PID=4049) to work on /opt/airflow/dags/lesson_1_primeira_dag_v2.py
[2024-10-21T17:22:41.750+0000] {processor.py:914} INFO - Processing file /opt/airflow/dags/lesson_1_primeira_dag_v2.py for tasks to queue
[2024-10-21T17:22:41.752+0000] {logging_mixin.py:190} INFO - [2024-10-21T17:22:41.751+0000] {dagbag.py:588} INFO - Filling up the DagBag from /opt/airflow/dags/lesson_1_primeira_dag_v2.py
[2024-10-21T17:22:41.767+0000] {processor.py:925} INFO - DAG(s) 'a_primeira_DAG_v1' retrieved from /opt/airflow/dags/lesson_1_primeira_dag_v2.py
[2024-10-21T17:22:41.783+0000] {logging_mixin.py:190} INFO - [2024-10-21T17:22:41.783+0000] {dag.py:3239} INFO - Sync 1 DAGs
[2024-10-21T17:22:41.805+0000] {logging_mixin.py:190} INFO - [2024-10-21T17:22:41.805+0000] {dag.py:4180} INFO - Setting next_dagrun for a_primeira_DAG_v1 to 2024-10-20 00:00:00+00:00, run_after=2024-10-21 00:00:00+00:00
[2024-10-21T17:22:41.821+0000] {processor.py:208} INFO - Processing /opt/airflow/dags/lesson_1_primeira_dag_v2.py took 0.079 seconds
[2024-10-21T17:23:12.118+0000] {processor.py:186} INFO - Started process (PID=4119) to work on /opt/airflow/dags/lesson_1_primeira_dag_v2.py
[2024-10-21T17:23:12.119+0000] {processor.py:914} INFO - Processing file /opt/airflow/dags/lesson_1_primeira_dag_v2.py for tasks to queue
[2024-10-21T17:23:12.120+0000] {logging_mixin.py:190} INFO - [2024-10-21T17:23:12.120+0000] {dagbag.py:588} INFO - Filling up the DagBag from /opt/airflow/dags/lesson_1_primeira_dag_v2.py
[2024-10-21T17:23:12.135+0000] {processor.py:925} INFO - DAG(s) 'a_primeira_DAG_v1' retrieved from /opt/airflow/dags/lesson_1_primeira_dag_v2.py
[2024-10-21T17:23:12.151+0000] {logging_mixin.py:190} INFO - [2024-10-21T17:23:12.151+0000] {dag.py:3239} INFO - Sync 1 DAGs
[2024-10-21T17:23:12.176+0000] {logging_mixin.py:190} INFO - [2024-10-21T17:23:12.176+0000] {dag.py:4180} INFO - Setting next_dagrun for a_primeira_DAG_v1 to 2024-10-20 00:00:00+00:00, run_after=2024-10-21 00:00:00+00:00
[2024-10-21T17:23:12.198+0000] {processor.py:208} INFO - Processing /opt/airflow/dags/lesson_1_primeira_dag_v2.py took 0.085 seconds
[2024-10-21T17:23:42.357+0000] {processor.py:186} INFO - Started process (PID=4188) to work on /opt/airflow/dags/lesson_1_primeira_dag_v2.py
[2024-10-21T17:23:42.358+0000] {processor.py:914} INFO - Processing file /opt/airflow/dags/lesson_1_primeira_dag_v2.py for tasks to queue
[2024-10-21T17:23:42.359+0000] {logging_mixin.py:190} INFO - [2024-10-21T17:23:42.359+0000] {dagbag.py:588} INFO - Filling up the DagBag from /opt/airflow/dags/lesson_1_primeira_dag_v2.py
[2024-10-21T17:23:42.375+0000] {processor.py:925} INFO - DAG(s) 'a_primeira_DAG_v1' retrieved from /opt/airflow/dags/lesson_1_primeira_dag_v2.py
[2024-10-21T17:23:42.398+0000] {logging_mixin.py:190} INFO - [2024-10-21T17:23:42.398+0000] {dag.py:3239} INFO - Sync 1 DAGs
[2024-10-21T17:23:42.459+0000] {logging_mixin.py:190} INFO - [2024-10-21T17:23:42.459+0000] {dag.py:4180} INFO - Setting next_dagrun for a_primeira_DAG_v1 to 2024-10-20 00:00:00+00:00, run_after=2024-10-21 00:00:00+00:00
[2024-10-21T17:23:42.474+0000] {processor.py:208} INFO - Processing /opt/airflow/dags/lesson_1_primeira_dag_v2.py took 0.123 seconds
[2024-10-21T17:24:12.571+0000] {processor.py:186} INFO - Started process (PID=4257) to work on /opt/airflow/dags/lesson_1_primeira_dag_v2.py
[2024-10-21T17:24:12.572+0000] {processor.py:914} INFO - Processing file /opt/airflow/dags/lesson_1_primeira_dag_v2.py for tasks to queue
[2024-10-21T17:24:12.573+0000] {logging_mixin.py:190} INFO - [2024-10-21T17:24:12.573+0000] {dagbag.py:588} INFO - Filling up the DagBag from /opt/airflow/dags/lesson_1_primeira_dag_v2.py
[2024-10-21T17:24:12.586+0000] {processor.py:925} INFO - DAG(s) 'a_primeira_DAG_v1' retrieved from /opt/airflow/dags/lesson_1_primeira_dag_v2.py
[2024-10-21T17:24:12.601+0000] {logging_mixin.py:190} INFO - [2024-10-21T17:24:12.601+0000] {dag.py:3239} INFO - Sync 1 DAGs
[2024-10-21T17:24:12.620+0000] {logging_mixin.py:190} INFO - [2024-10-21T17:24:12.620+0000] {dag.py:4180} INFO - Setting next_dagrun for a_primeira_DAG_v1 to 2024-10-20 00:00:00+00:00, run_after=2024-10-21 00:00:00+00:00
[2024-10-21T17:24:12.637+0000] {processor.py:208} INFO - Processing /opt/airflow/dags/lesson_1_primeira_dag_v2.py took 0.071 seconds
[2024-10-21T17:24:42.898+0000] {processor.py:186} INFO - Started process (PID=4326) to work on /opt/airflow/dags/lesson_1_primeira_dag_v2.py
[2024-10-21T17:24:42.899+0000] {processor.py:914} INFO - Processing file /opt/airflow/dags/lesson_1_primeira_dag_v2.py for tasks to queue
[2024-10-21T17:24:42.902+0000] {logging_mixin.py:190} INFO - [2024-10-21T17:24:42.901+0000] {dagbag.py:588} INFO - Filling up the DagBag from /opt/airflow/dags/lesson_1_primeira_dag_v2.py
[2024-10-21T17:24:42.916+0000] {processor.py:925} INFO - DAG(s) 'a_primeira_DAG_v1' retrieved from /opt/airflow/dags/lesson_1_primeira_dag_v2.py
[2024-10-21T17:24:42.934+0000] {logging_mixin.py:190} INFO - [2024-10-21T17:24:42.934+0000] {dag.py:3239} INFO - Sync 1 DAGs
[2024-10-21T17:24:42.957+0000] {logging_mixin.py:190} INFO - [2024-10-21T17:24:42.957+0000] {dag.py:4180} INFO - Setting next_dagrun for a_primeira_DAG_v1 to 2024-10-20 00:00:00+00:00, run_after=2024-10-21 00:00:00+00:00
[2024-10-21T17:24:42.973+0000] {processor.py:208} INFO - Processing /opt/airflow/dags/lesson_1_primeira_dag_v2.py took 0.079 seconds
[2024-10-21T17:25:13.274+0000] {processor.py:186} INFO - Started process (PID=4395) to work on /opt/airflow/dags/lesson_1_primeira_dag_v2.py
[2024-10-21T17:25:13.274+0000] {processor.py:914} INFO - Processing file /opt/airflow/dags/lesson_1_primeira_dag_v2.py for tasks to queue
[2024-10-21T17:25:13.277+0000] {logging_mixin.py:190} INFO - [2024-10-21T17:25:13.276+0000] {dagbag.py:588} INFO - Filling up the DagBag from /opt/airflow/dags/lesson_1_primeira_dag_v2.py
[2024-10-21T17:25:13.291+0000] {processor.py:925} INFO - DAG(s) 'a_primeira_DAG_v1' retrieved from /opt/airflow/dags/lesson_1_primeira_dag_v2.py
[2024-10-21T17:25:13.312+0000] {logging_mixin.py:190} INFO - [2024-10-21T17:25:13.311+0000] {dag.py:3239} INFO - Sync 1 DAGs
[2024-10-21T17:25:13.331+0000] {logging_mixin.py:190} INFO - [2024-10-21T17:25:13.331+0000] {dag.py:4180} INFO - Setting next_dagrun for a_primeira_DAG_v1 to 2024-10-20 00:00:00+00:00, run_after=2024-10-21 00:00:00+00:00
[2024-10-21T17:25:13.349+0000] {processor.py:208} INFO - Processing /opt/airflow/dags/lesson_1_primeira_dag_v2.py took 0.080 seconds
[2024-10-21T17:25:44.315+0000] {processor.py:186} INFO - Started process (PID=4464) to work on /opt/airflow/dags/lesson_1_primeira_dag_v2.py
[2024-10-21T17:25:44.316+0000] {processor.py:914} INFO - Processing file /opt/airflow/dags/lesson_1_primeira_dag_v2.py for tasks to queue
[2024-10-21T17:25:44.318+0000] {logging_mixin.py:190} INFO - [2024-10-21T17:25:44.317+0000] {dagbag.py:588} INFO - Filling up the DagBag from /opt/airflow/dags/lesson_1_primeira_dag_v2.py
[2024-10-21T17:25:44.333+0000] {processor.py:925} INFO - DAG(s) 'a_primeira_DAG_v1' retrieved from /opt/airflow/dags/lesson_1_primeira_dag_v2.py
[2024-10-21T17:25:44.349+0000] {logging_mixin.py:190} INFO - [2024-10-21T17:25:44.348+0000] {dag.py:3239} INFO - Sync 1 DAGs
[2024-10-21T17:25:44.371+0000] {logging_mixin.py:190} INFO - [2024-10-21T17:25:44.370+0000] {dag.py:4180} INFO - Setting next_dagrun for a_primeira_DAG_v1 to 2024-10-20 00:00:00+00:00, run_after=2024-10-21 00:00:00+00:00
[2024-10-21T17:25:44.390+0000] {processor.py:208} INFO - Processing /opt/airflow/dags/lesson_1_primeira_dag_v2.py took 0.080 seconds
[2024-10-21T17:26:14.623+0000] {processor.py:186} INFO - Started process (PID=4534) to work on /opt/airflow/dags/lesson_1_primeira_dag_v2.py
[2024-10-21T17:26:14.625+0000] {processor.py:914} INFO - Processing file /opt/airflow/dags/lesson_1_primeira_dag_v2.py for tasks to queue
[2024-10-21T17:26:14.626+0000] {logging_mixin.py:190} INFO - [2024-10-21T17:26:14.625+0000] {dagbag.py:588} INFO - Filling up the DagBag from /opt/airflow/dags/lesson_1_primeira_dag_v2.py
[2024-10-21T17:26:14.639+0000] {processor.py:925} INFO - DAG(s) 'a_primeira_DAG_v1' retrieved from /opt/airflow/dags/lesson_1_primeira_dag_v2.py
[2024-10-21T17:26:14.654+0000] {logging_mixin.py:190} INFO - [2024-10-21T17:26:14.654+0000] {dag.py:3239} INFO - Sync 1 DAGs
[2024-10-21T17:26:14.673+0000] {logging_mixin.py:190} INFO - [2024-10-21T17:26:14.673+0000] {dag.py:4180} INFO - Setting next_dagrun for a_primeira_DAG_v1 to 2024-10-20 00:00:00+00:00, run_after=2024-10-21 00:00:00+00:00
[2024-10-21T17:26:14.692+0000] {processor.py:208} INFO - Processing /opt/airflow/dags/lesson_1_primeira_dag_v2.py took 0.073 seconds
[2024-10-21T17:26:44.885+0000] {processor.py:186} INFO - Started process (PID=4603) to work on /opt/airflow/dags/lesson_1_primeira_dag_v2.py
[2024-10-21T17:26:44.886+0000] {processor.py:914} INFO - Processing file /opt/airflow/dags/lesson_1_primeira_dag_v2.py for tasks to queue
[2024-10-21T17:26:44.887+0000] {logging_mixin.py:190} INFO - [2024-10-21T17:26:44.887+0000] {dagbag.py:588} INFO - Filling up the DagBag from /opt/airflow/dags/lesson_1_primeira_dag_v2.py
[2024-10-21T17:26:44.901+0000] {processor.py:925} INFO - DAG(s) 'a_primeira_DAG_v1' retrieved from /opt/airflow/dags/lesson_1_primeira_dag_v2.py
[2024-10-21T17:26:44.917+0000] {logging_mixin.py:190} INFO - [2024-10-21T17:26:44.917+0000] {dag.py:3239} INFO - Sync 1 DAGs
[2024-10-21T17:26:44.939+0000] {logging_mixin.py:190} INFO - [2024-10-21T17:26:44.939+0000] {dag.py:4180} INFO - Setting next_dagrun for a_primeira_DAG_v1 to 2024-10-20 00:00:00+00:00, run_after=2024-10-21 00:00:00+00:00
[2024-10-21T17:26:44.961+0000] {processor.py:208} INFO - Processing /opt/airflow/dags/lesson_1_primeira_dag_v2.py took 0.081 seconds
[2024-10-21T17:27:15.452+0000] {processor.py:186} INFO - Started process (PID=4672) to work on /opt/airflow/dags/lesson_1_primeira_dag_v2.py
[2024-10-21T17:27:15.454+0000] {processor.py:914} INFO - Processing file /opt/airflow/dags/lesson_1_primeira_dag_v2.py for tasks to queue
[2024-10-21T17:27:15.455+0000] {logging_mixin.py:190} INFO - [2024-10-21T17:27:15.455+0000] {dagbag.py:588} INFO - Filling up the DagBag from /opt/airflow/dags/lesson_1_primeira_dag_v2.py
[2024-10-21T17:27:15.477+0000] {processor.py:925} INFO - DAG(s) 'a_primeira_DAG_v1' retrieved from /opt/airflow/dags/lesson_1_primeira_dag_v2.py
[2024-10-21T17:27:15.495+0000] {logging_mixin.py:190} INFO - [2024-10-21T17:27:15.494+0000] {dag.py:3239} INFO - Sync 1 DAGs
[2024-10-21T17:27:15.528+0000] {logging_mixin.py:190} INFO - [2024-10-21T17:27:15.527+0000] {dag.py:4180} INFO - Setting next_dagrun for a_primeira_DAG_v1 to 2024-10-20 00:00:00+00:00, run_after=2024-10-21 00:00:00+00:00
[2024-10-21T17:27:15.548+0000] {processor.py:208} INFO - Processing /opt/airflow/dags/lesson_1_primeira_dag_v2.py took 0.101 seconds
[2024-10-21T17:27:46.386+0000] {processor.py:186} INFO - Started process (PID=4741) to work on /opt/airflow/dags/lesson_1_primeira_dag_v2.py
[2024-10-21T17:27:46.387+0000] {processor.py:914} INFO - Processing file /opt/airflow/dags/lesson_1_primeira_dag_v2.py for tasks to queue
[2024-10-21T17:27:46.389+0000] {logging_mixin.py:190} INFO - [2024-10-21T17:27:46.388+0000] {dagbag.py:588} INFO - Filling up the DagBag from /opt/airflow/dags/lesson_1_primeira_dag_v2.py
[2024-10-21T17:27:46.405+0000] {processor.py:925} INFO - DAG(s) 'a_primeira_DAG_v1' retrieved from /opt/airflow/dags/lesson_1_primeira_dag_v2.py
[2024-10-21T17:27:46.423+0000] {logging_mixin.py:190} INFO - [2024-10-21T17:27:46.423+0000] {dag.py:3239} INFO - Sync 1 DAGs
[2024-10-21T17:27:46.451+0000] {logging_mixin.py:190} INFO - [2024-10-21T17:27:46.451+0000] {dag.py:4180} INFO - Setting next_dagrun for a_primeira_DAG_v1 to 2024-10-20 00:00:00+00:00, run_after=2024-10-21 00:00:00+00:00
[2024-10-21T17:27:46.470+0000] {processor.py:208} INFO - Processing /opt/airflow/dags/lesson_1_primeira_dag_v2.py took 0.091 seconds
[2024-10-21T17:28:16.803+0000] {processor.py:186} INFO - Started process (PID=4811) to work on /opt/airflow/dags/lesson_1_primeira_dag_v2.py
[2024-10-21T17:28:16.804+0000] {processor.py:914} INFO - Processing file /opt/airflow/dags/lesson_1_primeira_dag_v2.py for tasks to queue
[2024-10-21T17:28:16.806+0000] {logging_mixin.py:190} INFO - [2024-10-21T17:28:16.805+0000] {dagbag.py:588} INFO - Filling up the DagBag from /opt/airflow/dags/lesson_1_primeira_dag_v2.py
[2024-10-21T17:28:16.820+0000] {processor.py:925} INFO - DAG(s) 'a_primeira_DAG_v1' retrieved from /opt/airflow/dags/lesson_1_primeira_dag_v2.py
[2024-10-21T17:28:16.839+0000] {logging_mixin.py:190} INFO - [2024-10-21T17:28:16.838+0000] {dag.py:3239} INFO - Sync 1 DAGs
[2024-10-21T17:28:16.859+0000] {logging_mixin.py:190} INFO - [2024-10-21T17:28:16.859+0000] {dag.py:4180} INFO - Setting next_dagrun for a_primeira_DAG_v1 to 2024-10-20 00:00:00+00:00, run_after=2024-10-21 00:00:00+00:00
[2024-10-21T17:28:16.880+0000] {processor.py:208} INFO - Processing /opt/airflow/dags/lesson_1_primeira_dag_v2.py took 0.082 seconds
[2024-10-21T17:28:46.994+0000] {processor.py:186} INFO - Started process (PID=4881) to work on /opt/airflow/dags/lesson_1_primeira_dag_v2.py
[2024-10-21T17:28:46.995+0000] {processor.py:914} INFO - Processing file /opt/airflow/dags/lesson_1_primeira_dag_v2.py for tasks to queue
[2024-10-21T17:28:46.997+0000] {logging_mixin.py:190} INFO - [2024-10-21T17:28:46.997+0000] {dagbag.py:588} INFO - Filling up the DagBag from /opt/airflow/dags/lesson_1_primeira_dag_v2.py
[2024-10-21T17:28:47.011+0000] {processor.py:925} INFO - DAG(s) 'a_primeira_DAG_v1' retrieved from /opt/airflow/dags/lesson_1_primeira_dag_v2.py
[2024-10-21T17:28:47.026+0000] {logging_mixin.py:190} INFO - [2024-10-21T17:28:47.026+0000] {dag.py:3239} INFO - Sync 1 DAGs
[2024-10-21T17:28:47.045+0000] {logging_mixin.py:190} INFO - [2024-10-21T17:28:47.045+0000] {dag.py:4180} INFO - Setting next_dagrun for a_primeira_DAG_v1 to 2024-10-20 00:00:00+00:00, run_after=2024-10-21 00:00:00+00:00
[2024-10-21T17:28:47.063+0000] {processor.py:208} INFO - Processing /opt/airflow/dags/lesson_1_primeira_dag_v2.py took 0.073 seconds
[2024-10-21T17:29:17.409+0000] {processor.py:186} INFO - Started process (PID=4951) to work on /opt/airflow/dags/lesson_1_primeira_dag_v2.py
[2024-10-21T17:29:17.410+0000] {processor.py:914} INFO - Processing file /opt/airflow/dags/lesson_1_primeira_dag_v2.py for tasks to queue
[2024-10-21T17:29:17.411+0000] {logging_mixin.py:190} INFO - [2024-10-21T17:29:17.411+0000] {dagbag.py:588} INFO - Filling up the DagBag from /opt/airflow/dags/lesson_1_primeira_dag_v2.py
[2024-10-21T17:29:17.425+0000] {processor.py:925} INFO - DAG(s) 'a_primeira_DAG_v1' retrieved from /opt/airflow/dags/lesson_1_primeira_dag_v2.py
[2024-10-21T17:29:17.441+0000] {logging_mixin.py:190} INFO - [2024-10-21T17:29:17.441+0000] {dag.py:3239} INFO - Sync 1 DAGs
[2024-10-21T17:29:17.464+0000] {logging_mixin.py:190} INFO - [2024-10-21T17:29:17.464+0000] {dag.py:4180} INFO - Setting next_dagrun for a_primeira_DAG_v1 to 2024-10-20 00:00:00+00:00, run_after=2024-10-21 00:00:00+00:00
[2024-10-21T17:29:17.484+0000] {processor.py:208} INFO - Processing /opt/airflow/dags/lesson_1_primeira_dag_v2.py took 0.080 seconds
[2024-10-21T17:29:48.315+0000] {processor.py:186} INFO - Started process (PID=5049) to work on /opt/airflow/dags/lesson_1_primeira_dag_v2.py
[2024-10-21T17:29:48.316+0000] {processor.py:914} INFO - Processing file /opt/airflow/dags/lesson_1_primeira_dag_v2.py for tasks to queue
[2024-10-21T17:29:48.318+0000] {logging_mixin.py:190} INFO - [2024-10-21T17:29:48.318+0000] {dagbag.py:588} INFO - Filling up the DagBag from /opt/airflow/dags/lesson_1_primeira_dag_v2.py
[2024-10-21T17:29:48.337+0000] {processor.py:925} INFO - DAG(s) 'a_primeira_DAG_v1' retrieved from /opt/airflow/dags/lesson_1_primeira_dag_v2.py
[2024-10-21T17:29:48.359+0000] {logging_mixin.py:190} INFO - [2024-10-21T17:29:48.359+0000] {dag.py:3239} INFO - Sync 1 DAGs
[2024-10-21T17:29:48.387+0000] {logging_mixin.py:190} INFO - [2024-10-21T17:29:48.387+0000] {dag.py:4180} INFO - Setting next_dagrun for a_primeira_DAG_v1 to 2024-10-20 00:00:00+00:00, run_after=2024-10-21 00:00:00+00:00
[2024-10-21T17:29:48.408+0000] {processor.py:208} INFO - Processing /opt/airflow/dags/lesson_1_primeira_dag_v2.py took 0.100 seconds
[2024-10-21T17:30:18.845+0000] {processor.py:186} INFO - Started process (PID=5119) to work on /opt/airflow/dags/lesson_1_primeira_dag_v2.py
[2024-10-21T17:30:18.846+0000] {processor.py:914} INFO - Processing file /opt/airflow/dags/lesson_1_primeira_dag_v2.py for tasks to queue
[2024-10-21T17:30:18.848+0000] {logging_mixin.py:190} INFO - [2024-10-21T17:30:18.847+0000] {dagbag.py:588} INFO - Filling up the DagBag from /opt/airflow/dags/lesson_1_primeira_dag_v2.py
[2024-10-21T17:30:18.863+0000] {processor.py:925} INFO - DAG(s) 'a_primeira_DAG_v1' retrieved from /opt/airflow/dags/lesson_1_primeira_dag_v2.py
[2024-10-21T17:30:18.881+0000] {logging_mixin.py:190} INFO - [2024-10-21T17:30:18.881+0000] {dag.py:3239} INFO - Sync 1 DAGs
[2024-10-21T17:30:18.905+0000] {logging_mixin.py:190} INFO - [2024-10-21T17:30:18.905+0000] {dag.py:4180} INFO - Setting next_dagrun for a_primeira_DAG_v1 to 2024-10-20 00:00:00+00:00, run_after=2024-10-21 00:00:00+00:00
[2024-10-21T17:30:18.922+0000] {processor.py:208} INFO - Processing /opt/airflow/dags/lesson_1_primeira_dag_v2.py took 0.082 seconds
[2024-10-21T17:30:49.330+0000] {processor.py:186} INFO - Started process (PID=5190) to work on /opt/airflow/dags/lesson_1_primeira_dag_v2.py
[2024-10-21T17:30:49.332+0000] {processor.py:914} INFO - Processing file /opt/airflow/dags/lesson_1_primeira_dag_v2.py for tasks to queue
[2024-10-21T17:30:49.339+0000] {logging_mixin.py:190} INFO - [2024-10-21T17:30:49.337+0000] {dagbag.py:588} INFO - Filling up the DagBag from /opt/airflow/dags/lesson_1_primeira_dag_v2.py
[2024-10-21T17:30:49.372+0000] {processor.py:925} INFO - DAG(s) 'a_primeira_DAG_v1' retrieved from /opt/airflow/dags/lesson_1_primeira_dag_v2.py
[2024-10-21T17:30:49.405+0000] {logging_mixin.py:190} INFO - [2024-10-21T17:30:49.405+0000] {dag.py:3239} INFO - Sync 1 DAGs
[2024-10-21T17:30:49.490+0000] {logging_mixin.py:190} INFO - [2024-10-21T17:30:49.462+0000] {dag.py:4180} INFO - Setting next_dagrun for a_primeira_DAG_v1 to 2024-10-20 00:00:00+00:00, run_after=2024-10-21 00:00:00+00:00
[2024-10-21T17:30:49.549+0000] {processor.py:208} INFO - Processing /opt/airflow/dags/lesson_1_primeira_dag_v2.py took 0.227 seconds
[2024-10-21T17:31:19.873+0000] {processor.py:186} INFO - Started process (PID=5260) to work on /opt/airflow/dags/lesson_1_primeira_dag_v2.py
[2024-10-21T17:31:19.874+0000] {processor.py:914} INFO - Processing file /opt/airflow/dags/lesson_1_primeira_dag_v2.py for tasks to queue
[2024-10-21T17:31:19.875+0000] {logging_mixin.py:190} INFO - [2024-10-21T17:31:19.875+0000] {dagbag.py:588} INFO - Filling up the DagBag from /opt/airflow/dags/lesson_1_primeira_dag_v2.py
[2024-10-21T17:31:19.890+0000] {processor.py:925} INFO - DAG(s) 'a_primeira_DAG_v1' retrieved from /opt/airflow/dags/lesson_1_primeira_dag_v2.py
[2024-10-21T17:31:19.909+0000] {logging_mixin.py:190} INFO - [2024-10-21T17:31:19.909+0000] {dag.py:3239} INFO - Sync 1 DAGs
[2024-10-21T17:31:19.932+0000] {logging_mixin.py:190} INFO - [2024-10-21T17:31:19.932+0000] {dag.py:4180} INFO - Setting next_dagrun for a_primeira_DAG_v1 to 2024-10-20 00:00:00+00:00, run_after=2024-10-21 00:00:00+00:00
[2024-10-21T17:31:19.952+0000] {processor.py:208} INFO - Processing /opt/airflow/dags/lesson_1_primeira_dag_v2.py took 0.083 seconds
[2024-10-21T17:31:50.241+0000] {processor.py:186} INFO - Started process (PID=5330) to work on /opt/airflow/dags/lesson_1_primeira_dag_v2.py
[2024-10-21T17:31:50.242+0000] {processor.py:914} INFO - Processing file /opt/airflow/dags/lesson_1_primeira_dag_v2.py for tasks to queue
[2024-10-21T17:31:50.243+0000] {logging_mixin.py:190} INFO - [2024-10-21T17:31:50.243+0000] {dagbag.py:588} INFO - Filling up the DagBag from /opt/airflow/dags/lesson_1_primeira_dag_v2.py
[2024-10-21T17:31:50.259+0000] {processor.py:925} INFO - DAG(s) 'a_primeira_DAG_v1' retrieved from /opt/airflow/dags/lesson_1_primeira_dag_v2.py
[2024-10-21T17:31:50.275+0000] {logging_mixin.py:190} INFO - [2024-10-21T17:31:50.275+0000] {dag.py:3239} INFO - Sync 1 DAGs
[2024-10-21T17:31:50.295+0000] {logging_mixin.py:190} INFO - [2024-10-21T17:31:50.295+0000] {dag.py:4180} INFO - Setting next_dagrun for a_primeira_DAG_v1 to 2024-10-20 00:00:00+00:00, run_after=2024-10-21 00:00:00+00:00
[2024-10-21T17:31:50.313+0000] {processor.py:208} INFO - Processing /opt/airflow/dags/lesson_1_primeira_dag_v2.py took 0.077 seconds
[2024-10-21T17:32:20.670+0000] {processor.py:186} INFO - Started process (PID=5400) to work on /opt/airflow/dags/lesson_1_primeira_dag_v2.py
[2024-10-21T17:32:20.670+0000] {processor.py:914} INFO - Processing file /opt/airflow/dags/lesson_1_primeira_dag_v2.py for tasks to queue
[2024-10-21T17:32:20.672+0000] {logging_mixin.py:190} INFO - [2024-10-21T17:32:20.671+0000] {dagbag.py:588} INFO - Filling up the DagBag from /opt/airflow/dags/lesson_1_primeira_dag_v2.py
[2024-10-21T17:32:20.685+0000] {processor.py:925} INFO - DAG(s) 'a_primeira_DAG_v1' retrieved from /opt/airflow/dags/lesson_1_primeira_dag_v2.py
[2024-10-21T17:32:20.700+0000] {logging_mixin.py:190} INFO - [2024-10-21T17:32:20.699+0000] {dag.py:3239} INFO - Sync 1 DAGs
[2024-10-21T17:32:20.719+0000] {logging_mixin.py:190} INFO - [2024-10-21T17:32:20.718+0000] {dag.py:4180} INFO - Setting next_dagrun for a_primeira_DAG_v1 to 2024-10-20 00:00:00+00:00, run_after=2024-10-21 00:00:00+00:00
[2024-10-21T17:32:20.737+0000] {processor.py:208} INFO - Processing /opt/airflow/dags/lesson_1_primeira_dag_v2.py took 0.072 seconds
[2024-10-21T17:32:51.198+0000] {processor.py:186} INFO - Started process (PID=5470) to work on /opt/airflow/dags/lesson_1_primeira_dag_v2.py
[2024-10-21T17:32:51.198+0000] {processor.py:914} INFO - Processing file /opt/airflow/dags/lesson_1_primeira_dag_v2.py for tasks to queue
[2024-10-21T17:32:51.199+0000] {logging_mixin.py:190} INFO - [2024-10-21T17:32:51.199+0000] {dagbag.py:588} INFO - Filling up the DagBag from /opt/airflow/dags/lesson_1_primeira_dag_v2.py
[2024-10-21T17:32:51.216+0000] {processor.py:925} INFO - DAG(s) 'a_primeira_DAG_v1' retrieved from /opt/airflow/dags/lesson_1_primeira_dag_v2.py
[2024-10-21T17:32:51.242+0000] {logging_mixin.py:190} INFO - [2024-10-21T17:32:51.242+0000] {dag.py:3239} INFO - Sync 1 DAGs
[2024-10-21T17:32:51.274+0000] {logging_mixin.py:190} INFO - [2024-10-21T17:32:51.274+0000] {dag.py:4180} INFO - Setting next_dagrun for a_primeira_DAG_v1 to 2024-10-20 00:00:00+00:00, run_after=2024-10-21 00:00:00+00:00
[2024-10-21T17:32:51.300+0000] {processor.py:208} INFO - Processing /opt/airflow/dags/lesson_1_primeira_dag_v2.py took 0.108 seconds
[2024-10-21T17:33:21.438+0000] {processor.py:186} INFO - Started process (PID=5540) to work on /opt/airflow/dags/lesson_1_primeira_dag_v2.py
[2024-10-21T17:33:21.439+0000] {processor.py:914} INFO - Processing file /opt/airflow/dags/lesson_1_primeira_dag_v2.py for tasks to queue
[2024-10-21T17:33:21.440+0000] {logging_mixin.py:190} INFO - [2024-10-21T17:33:21.440+0000] {dagbag.py:588} INFO - Filling up the DagBag from /opt/airflow/dags/lesson_1_primeira_dag_v2.py
[2024-10-21T17:33:21.453+0000] {processor.py:925} INFO - DAG(s) 'a_primeira_DAG_v1' retrieved from /opt/airflow/dags/lesson_1_primeira_dag_v2.py
[2024-10-21T17:33:21.469+0000] {logging_mixin.py:190} INFO - [2024-10-21T17:33:21.469+0000] {dag.py:3239} INFO - Sync 1 DAGs
[2024-10-21T17:33:21.492+0000] {logging_mixin.py:190} INFO - [2024-10-21T17:33:21.492+0000] {dag.py:4180} INFO - Setting next_dagrun for a_primeira_DAG_v1 to 2024-10-20 00:00:00+00:00, run_after=2024-10-21 00:00:00+00:00
[2024-10-21T17:33:21.515+0000] {processor.py:208} INFO - Processing /opt/airflow/dags/lesson_1_primeira_dag_v2.py took 0.082 seconds
[2024-10-21T17:33:51.614+0000] {processor.py:186} INFO - Started process (PID=5610) to work on /opt/airflow/dags/lesson_1_primeira_dag_v2.py
[2024-10-21T17:33:51.615+0000] {processor.py:914} INFO - Processing file /opt/airflow/dags/lesson_1_primeira_dag_v2.py for tasks to queue
[2024-10-21T17:33:51.616+0000] {logging_mixin.py:190} INFO - [2024-10-21T17:33:51.616+0000] {dagbag.py:588} INFO - Filling up the DagBag from /opt/airflow/dags/lesson_1_primeira_dag_v2.py
[2024-10-21T17:33:51.629+0000] {processor.py:925} INFO - DAG(s) 'a_primeira_DAG_v1' retrieved from /opt/airflow/dags/lesson_1_primeira_dag_v2.py
[2024-10-21T17:33:51.645+0000] {logging_mixin.py:190} INFO - [2024-10-21T17:33:51.645+0000] {dag.py:3239} INFO - Sync 1 DAGs
[2024-10-21T17:33:51.665+0000] {logging_mixin.py:190} INFO - [2024-10-21T17:33:51.665+0000] {dag.py:4180} INFO - Setting next_dagrun for a_primeira_DAG_v1 to 2024-10-20 00:00:00+00:00, run_after=2024-10-21 00:00:00+00:00
[2024-10-21T17:33:51.684+0000] {processor.py:208} INFO - Processing /opt/airflow/dags/lesson_1_primeira_dag_v2.py took 0.074 seconds
