[2024-10-21T17:08:07.107+0000] {processor.py:186} INFO - Started process (PID=2095) to work on /opt/airflow/dags/lesson_3_dag_filha.py
[2024-10-21T17:08:07.109+0000] {processor.py:914} INFO - Processing file /opt/airflow/dags/lesson_3_dag_filha.py for tasks to queue
[2024-10-21T17:08:07.111+0000] {logging_mixin.py:190} INFO - [2024-10-21T17:08:07.110+0000] {dagbag.py:588} INFO - Filling up the DagBag from /opt/airflow/dags/lesson_3_dag_filha.py
[2024-10-21T17:08:07.128+0000] {processor.py:925} INFO - DAG(s) 'DAG_filha' retrieved from /opt/airflow/dags/lesson_3_dag_filha.py
[2024-10-21T17:08:07.212+0000] {logging_mixin.py:190} INFO - [2024-10-21T17:08:07.211+0000] {override.py:1900} INFO - Created Permission View: can delete on DAG:DAG_filha
[2024-10-21T17:08:07.222+0000] {logging_mixin.py:190} INFO - [2024-10-21T17:08:07.222+0000] {override.py:1900} INFO - Created Permission View: can edit on DAG:DAG_filha
[2024-10-21T17:08:07.227+0000] {logging_mixin.py:190} INFO - [2024-10-21T17:08:07.227+0000] {override.py:1900} INFO - Created Permission View: can read on DAG:DAG_filha
[2024-10-21T17:08:07.235+0000] {logging_mixin.py:190} INFO - [2024-10-21T17:08:07.235+0000] {override.py:1900} INFO - Created Permission View: can delete on DAG Run:DAG_filha
[2024-10-21T17:08:07.240+0000] {logging_mixin.py:190} INFO - [2024-10-21T17:08:07.240+0000] {override.py:1900} INFO - Created Permission View: can create on DAG Run:DAG_filha
[2024-10-21T17:08:07.246+0000] {logging_mixin.py:190} INFO - [2024-10-21T17:08:07.246+0000] {override.py:1900} INFO - Created Permission View: menu access on DAG Run:DAG_filha
[2024-10-21T17:08:07.252+0000] {logging_mixin.py:190} INFO - [2024-10-21T17:08:07.252+0000] {override.py:1900} INFO - Created Permission View: can read on DAG Run:DAG_filha
[2024-10-21T17:08:07.253+0000] {logging_mixin.py:190} INFO - [2024-10-21T17:08:07.253+0000] {dag.py:3239} INFO - Sync 1 DAGs
[2024-10-21T17:08:07.263+0000] {logging_mixin.py:190} INFO - [2024-10-21T17:08:07.263+0000] {dag.py:3262} INFO - Creating ORM DAG for DAG_filha
[2024-10-21T17:08:07.273+0000] {logging_mixin.py:190} INFO - [2024-10-21T17:08:07.273+0000] {dag.py:4180} INFO - Setting next_dagrun for DAG_filha to 2024-10-21 18:00:00+00:00, run_after=2024-10-22 18:00:00+00:00
[2024-10-21T17:08:07.290+0000] {processor.py:208} INFO - Processing /opt/airflow/dags/lesson_3_dag_filha.py took 0.187 seconds
[2024-10-21T17:08:37.444+0000] {processor.py:186} INFO - Started process (PID=2171) to work on /opt/airflow/dags/lesson_3_dag_filha.py
[2024-10-21T17:08:37.445+0000] {processor.py:914} INFO - Processing file /opt/airflow/dags/lesson_3_dag_filha.py for tasks to queue
[2024-10-21T17:08:37.448+0000] {logging_mixin.py:190} INFO - [2024-10-21T17:08:37.447+0000] {dagbag.py:588} INFO - Filling up the DagBag from /opt/airflow/dags/lesson_3_dag_filha.py
[2024-10-21T17:08:37.461+0000] {processor.py:925} INFO - DAG(s) 'DAG_filha' retrieved from /opt/airflow/dags/lesson_3_dag_filha.py
[2024-10-21T17:08:37.477+0000] {logging_mixin.py:190} INFO - [2024-10-21T17:08:37.477+0000] {dag.py:3239} INFO - Sync 1 DAGs
[2024-10-21T17:08:37.502+0000] {logging_mixin.py:190} INFO - [2024-10-21T17:08:37.502+0000] {dag.py:4180} INFO - Setting next_dagrun for DAG_filha to 2024-10-21 18:00:00+00:00, run_after=2024-10-22 18:00:00+00:00
[2024-10-21T17:08:37.521+0000] {processor.py:208} INFO - Processing /opt/airflow/dags/lesson_3_dag_filha.py took 0.081 seconds
[2024-10-21T17:09:08.493+0000] {processor.py:186} INFO - Started process (PID=2240) to work on /opt/airflow/dags/lesson_3_dag_filha.py
[2024-10-21T17:09:08.494+0000] {processor.py:914} INFO - Processing file /opt/airflow/dags/lesson_3_dag_filha.py for tasks to queue
[2024-10-21T17:09:08.496+0000] {logging_mixin.py:190} INFO - [2024-10-21T17:09:08.496+0000] {dagbag.py:588} INFO - Filling up the DagBag from /opt/airflow/dags/lesson_3_dag_filha.py
[2024-10-21T17:09:08.509+0000] {processor.py:925} INFO - DAG(s) 'DAG_filha' retrieved from /opt/airflow/dags/lesson_3_dag_filha.py
[2024-10-21T17:09:08.524+0000] {logging_mixin.py:190} INFO - [2024-10-21T17:09:08.524+0000] {dag.py:3239} INFO - Sync 1 DAGs
[2024-10-21T17:09:08.541+0000] {logging_mixin.py:190} INFO - [2024-10-21T17:09:08.541+0000] {dag.py:4180} INFO - Setting next_dagrun for DAG_filha to 2024-10-21 18:00:00+00:00, run_after=2024-10-22 18:00:00+00:00
[2024-10-21T17:09:08.558+0000] {processor.py:208} INFO - Processing /opt/airflow/dags/lesson_3_dag_filha.py took 0.070 seconds
[2024-10-21T17:09:39.023+0000] {processor.py:186} INFO - Started process (PID=2309) to work on /opt/airflow/dags/lesson_3_dag_filha.py
[2024-10-21T17:09:39.024+0000] {processor.py:914} INFO - Processing file /opt/airflow/dags/lesson_3_dag_filha.py for tasks to queue
[2024-10-21T17:09:39.027+0000] {logging_mixin.py:190} INFO - [2024-10-21T17:09:39.026+0000] {dagbag.py:588} INFO - Filling up the DagBag from /opt/airflow/dags/lesson_3_dag_filha.py
[2024-10-21T17:09:39.040+0000] {processor.py:925} INFO - DAG(s) 'DAG_filha' retrieved from /opt/airflow/dags/lesson_3_dag_filha.py
[2024-10-21T17:09:39.056+0000] {logging_mixin.py:190} INFO - [2024-10-21T17:09:39.056+0000] {dag.py:3239} INFO - Sync 1 DAGs
[2024-10-21T17:09:39.074+0000] {logging_mixin.py:190} INFO - [2024-10-21T17:09:39.074+0000] {dag.py:4180} INFO - Setting next_dagrun for DAG_filha to 2024-10-21 18:00:00+00:00, run_after=2024-10-22 18:00:00+00:00
[2024-10-21T17:09:39.091+0000] {processor.py:208} INFO - Processing /opt/airflow/dags/lesson_3_dag_filha.py took 0.072 seconds
[2024-10-21T17:10:09.850+0000] {processor.py:186} INFO - Started process (PID=2378) to work on /opt/airflow/dags/lesson_3_dag_filha.py
[2024-10-21T17:10:09.851+0000] {processor.py:914} INFO - Processing file /opt/airflow/dags/lesson_3_dag_filha.py for tasks to queue
[2024-10-21T17:10:09.853+0000] {logging_mixin.py:190} INFO - [2024-10-21T17:10:09.852+0000] {dagbag.py:588} INFO - Filling up the DagBag from /opt/airflow/dags/lesson_3_dag_filha.py
[2024-10-21T17:10:09.866+0000] {processor.py:925} INFO - DAG(s) 'DAG_filha' retrieved from /opt/airflow/dags/lesson_3_dag_filha.py
[2024-10-21T17:10:09.880+0000] {logging_mixin.py:190} INFO - [2024-10-21T17:10:09.880+0000] {dag.py:3239} INFO - Sync 1 DAGs
[2024-10-21T17:10:09.897+0000] {logging_mixin.py:190} INFO - [2024-10-21T17:10:09.897+0000] {dag.py:4180} INFO - Setting next_dagrun for DAG_filha to 2024-10-21 18:00:00+00:00, run_after=2024-10-22 18:00:00+00:00
[2024-10-21T17:10:09.913+0000] {processor.py:208} INFO - Processing /opt/airflow/dags/lesson_3_dag_filha.py took 0.068 seconds
[2024-10-21T17:10:40.563+0000] {processor.py:186} INFO - Started process (PID=2447) to work on /opt/airflow/dags/lesson_3_dag_filha.py
[2024-10-21T17:10:40.565+0000] {processor.py:914} INFO - Processing file /opt/airflow/dags/lesson_3_dag_filha.py for tasks to queue
[2024-10-21T17:10:40.567+0000] {logging_mixin.py:190} INFO - [2024-10-21T17:10:40.567+0000] {dagbag.py:588} INFO - Filling up the DagBag from /opt/airflow/dags/lesson_3_dag_filha.py
[2024-10-21T17:10:40.587+0000] {processor.py:925} INFO - DAG(s) 'DAG_filha' retrieved from /opt/airflow/dags/lesson_3_dag_filha.py
[2024-10-21T17:10:40.613+0000] {logging_mixin.py:190} INFO - [2024-10-21T17:10:40.613+0000] {dag.py:3239} INFO - Sync 1 DAGs
[2024-10-21T17:10:40.633+0000] {logging_mixin.py:190} INFO - [2024-10-21T17:10:40.633+0000] {dag.py:4180} INFO - Setting next_dagrun for DAG_filha to 2024-10-21 18:00:00+00:00, run_after=2024-10-22 18:00:00+00:00
[2024-10-21T17:10:40.649+0000] {processor.py:208} INFO - Processing /opt/airflow/dags/lesson_3_dag_filha.py took 0.092 seconds
[2024-10-21T17:11:10.929+0000] {processor.py:186} INFO - Started process (PID=2516) to work on /opt/airflow/dags/lesson_3_dag_filha.py
[2024-10-21T17:11:10.930+0000] {processor.py:914} INFO - Processing file /opt/airflow/dags/lesson_3_dag_filha.py for tasks to queue
[2024-10-21T17:11:10.932+0000] {logging_mixin.py:190} INFO - [2024-10-21T17:11:10.931+0000] {dagbag.py:588} INFO - Filling up the DagBag from /opt/airflow/dags/lesson_3_dag_filha.py
[2024-10-21T17:11:10.945+0000] {processor.py:925} INFO - DAG(s) 'DAG_filha' retrieved from /opt/airflow/dags/lesson_3_dag_filha.py
[2024-10-21T17:11:10.960+0000] {logging_mixin.py:190} INFO - [2024-10-21T17:11:10.959+0000] {dag.py:3239} INFO - Sync 1 DAGs
[2024-10-21T17:11:10.976+0000] {logging_mixin.py:190} INFO - [2024-10-21T17:11:10.976+0000] {dag.py:4180} INFO - Setting next_dagrun for DAG_filha to 2024-10-21 18:00:00+00:00, run_after=2024-10-22 18:00:00+00:00
[2024-10-21T17:11:10.993+0000] {processor.py:208} INFO - Processing /opt/airflow/dags/lesson_3_dag_filha.py took 0.068 seconds
[2024-10-21T17:11:41.146+0000] {processor.py:186} INFO - Started process (PID=2585) to work on /opt/airflow/dags/lesson_3_dag_filha.py
[2024-10-21T17:11:41.147+0000] {processor.py:914} INFO - Processing file /opt/airflow/dags/lesson_3_dag_filha.py for tasks to queue
[2024-10-21T17:11:41.149+0000] {logging_mixin.py:190} INFO - [2024-10-21T17:11:41.149+0000] {dagbag.py:588} INFO - Filling up the DagBag from /opt/airflow/dags/lesson_3_dag_filha.py
[2024-10-21T17:11:41.162+0000] {processor.py:925} INFO - DAG(s) 'DAG_filha' retrieved from /opt/airflow/dags/lesson_3_dag_filha.py
[2024-10-21T17:11:41.178+0000] {logging_mixin.py:190} INFO - [2024-10-21T17:11:41.178+0000] {dag.py:3239} INFO - Sync 1 DAGs
[2024-10-21T17:11:41.194+0000] {logging_mixin.py:190} INFO - [2024-10-21T17:11:41.194+0000] {dag.py:4180} INFO - Setting next_dagrun for DAG_filha to 2024-10-21 18:00:00+00:00, run_after=2024-10-22 18:00:00+00:00
[2024-10-21T17:11:41.211+0000] {processor.py:208} INFO - Processing /opt/airflow/dags/lesson_3_dag_filha.py took 0.069 seconds
[2024-10-21T17:12:11.286+0000] {processor.py:186} INFO - Started process (PID=2654) to work on /opt/airflow/dags/lesson_3_dag_filha.py
[2024-10-21T17:12:11.287+0000] {processor.py:914} INFO - Processing file /opt/airflow/dags/lesson_3_dag_filha.py for tasks to queue
[2024-10-21T17:12:11.288+0000] {logging_mixin.py:190} INFO - [2024-10-21T17:12:11.288+0000] {dagbag.py:588} INFO - Filling up the DagBag from /opt/airflow/dags/lesson_3_dag_filha.py
[2024-10-21T17:12:11.301+0000] {processor.py:925} INFO - DAG(s) 'DAG_filha' retrieved from /opt/airflow/dags/lesson_3_dag_filha.py
[2024-10-21T17:12:11.316+0000] {logging_mixin.py:190} INFO - [2024-10-21T17:12:11.316+0000] {dag.py:3239} INFO - Sync 1 DAGs
[2024-10-21T17:12:11.334+0000] {logging_mixin.py:190} INFO - [2024-10-21T17:12:11.333+0000] {dag.py:4180} INFO - Setting next_dagrun for DAG_filha to 2024-10-21 18:00:00+00:00, run_after=2024-10-22 18:00:00+00:00
[2024-10-21T17:12:11.350+0000] {processor.py:208} INFO - Processing /opt/airflow/dags/lesson_3_dag_filha.py took 0.069 seconds
[2024-10-21T17:12:41.587+0000] {processor.py:186} INFO - Started process (PID=2723) to work on /opt/airflow/dags/lesson_3_dag_filha.py
[2024-10-21T17:12:41.588+0000] {processor.py:914} INFO - Processing file /opt/airflow/dags/lesson_3_dag_filha.py for tasks to queue
[2024-10-21T17:12:41.590+0000] {logging_mixin.py:190} INFO - [2024-10-21T17:12:41.589+0000] {dagbag.py:588} INFO - Filling up the DagBag from /opt/airflow/dags/lesson_3_dag_filha.py
[2024-10-21T17:12:41.603+0000] {processor.py:925} INFO - DAG(s) 'DAG_filha' retrieved from /opt/airflow/dags/lesson_3_dag_filha.py
[2024-10-21T17:12:41.618+0000] {logging_mixin.py:190} INFO - [2024-10-21T17:12:41.617+0000] {dag.py:3239} INFO - Sync 1 DAGs
[2024-10-21T17:12:41.635+0000] {logging_mixin.py:190} INFO - [2024-10-21T17:12:41.635+0000] {dag.py:4180} INFO - Setting next_dagrun for DAG_filha to 2024-10-21 18:00:00+00:00, run_after=2024-10-22 18:00:00+00:00
[2024-10-21T17:12:41.652+0000] {processor.py:208} INFO - Processing /opt/airflow/dags/lesson_3_dag_filha.py took 0.069 seconds
[2024-10-21T17:13:12.159+0000] {processor.py:186} INFO - Started process (PID=2793) to work on /opt/airflow/dags/lesson_3_dag_filha.py
[2024-10-21T17:13:12.159+0000] {processor.py:914} INFO - Processing file /opt/airflow/dags/lesson_3_dag_filha.py for tasks to queue
[2024-10-21T17:13:12.162+0000] {logging_mixin.py:190} INFO - [2024-10-21T17:13:12.161+0000] {dagbag.py:588} INFO - Filling up the DagBag from /opt/airflow/dags/lesson_3_dag_filha.py
[2024-10-21T17:13:12.175+0000] {processor.py:925} INFO - DAG(s) 'DAG_filha' retrieved from /opt/airflow/dags/lesson_3_dag_filha.py
[2024-10-21T17:13:12.189+0000] {logging_mixin.py:190} INFO - [2024-10-21T17:13:12.189+0000] {dag.py:3239} INFO - Sync 1 DAGs
[2024-10-21T17:13:12.206+0000] {logging_mixin.py:190} INFO - [2024-10-21T17:13:12.206+0000] {dag.py:4180} INFO - Setting next_dagrun for DAG_filha to 2024-10-21 18:00:00+00:00, run_after=2024-10-22 18:00:00+00:00
[2024-10-21T17:13:12.224+0000] {processor.py:208} INFO - Processing /opt/airflow/dags/lesson_3_dag_filha.py took 0.069 seconds
[2024-10-21T17:13:42.941+0000] {processor.py:186} INFO - Started process (PID=2862) to work on /opt/airflow/dags/lesson_3_dag_filha.py
[2024-10-21T17:13:42.942+0000] {processor.py:914} INFO - Processing file /opt/airflow/dags/lesson_3_dag_filha.py for tasks to queue
[2024-10-21T17:13:42.944+0000] {logging_mixin.py:190} INFO - [2024-10-21T17:13:42.943+0000] {dagbag.py:588} INFO - Filling up the DagBag from /opt/airflow/dags/lesson_3_dag_filha.py
[2024-10-21T17:13:42.956+0000] {processor.py:925} INFO - DAG(s) 'DAG_filha' retrieved from /opt/airflow/dags/lesson_3_dag_filha.py
[2024-10-21T17:13:42.971+0000] {logging_mixin.py:190} INFO - [2024-10-21T17:13:42.971+0000] {dag.py:3239} INFO - Sync 1 DAGs
[2024-10-21T17:13:42.990+0000] {logging_mixin.py:190} INFO - [2024-10-21T17:13:42.990+0000] {dag.py:4180} INFO - Setting next_dagrun for DAG_filha to 2024-10-21 18:00:00+00:00, run_after=2024-10-22 18:00:00+00:00
[2024-10-21T17:13:43.014+0000] {processor.py:208} INFO - Processing /opt/airflow/dags/lesson_3_dag_filha.py took 0.079 seconds
[2024-10-21T17:14:13.852+0000] {processor.py:186} INFO - Started process (PID=2931) to work on /opt/airflow/dags/lesson_3_dag_filha.py
[2024-10-21T17:14:13.903+0000] {processor.py:914} INFO - Processing file /opt/airflow/dags/lesson_3_dag_filha.py for tasks to queue
[2024-10-21T17:14:13.905+0000] {logging_mixin.py:190} INFO - [2024-10-21T17:14:13.905+0000] {dagbag.py:588} INFO - Filling up the DagBag from /opt/airflow/dags/lesson_3_dag_filha.py
[2024-10-21T17:14:13.921+0000] {processor.py:925} INFO - DAG(s) 'DAG_filha' retrieved from /opt/airflow/dags/lesson_3_dag_filha.py
[2024-10-21T17:14:13.937+0000] {logging_mixin.py:190} INFO - [2024-10-21T17:14:13.937+0000] {dag.py:3239} INFO - Sync 1 DAGs
[2024-10-21T17:14:13.957+0000] {logging_mixin.py:190} INFO - [2024-10-21T17:14:13.956+0000] {dag.py:4180} INFO - Setting next_dagrun for DAG_filha to 2024-10-21 18:00:00+00:00, run_after=2024-10-22 18:00:00+00:00
[2024-10-21T17:14:13.988+0000] {processor.py:208} INFO - Processing /opt/airflow/dags/lesson_3_dag_filha.py took 0.141 seconds
[2024-10-21T17:14:44.498+0000] {processor.py:186} INFO - Started process (PID=3000) to work on /opt/airflow/dags/lesson_3_dag_filha.py
[2024-10-21T17:14:44.499+0000] {processor.py:914} INFO - Processing file /opt/airflow/dags/lesson_3_dag_filha.py for tasks to queue
[2024-10-21T17:14:44.501+0000] {logging_mixin.py:190} INFO - [2024-10-21T17:14:44.500+0000] {dagbag.py:588} INFO - Filling up the DagBag from /opt/airflow/dags/lesson_3_dag_filha.py
[2024-10-21T17:14:44.517+0000] {processor.py:925} INFO - DAG(s) 'DAG_filha' retrieved from /opt/airflow/dags/lesson_3_dag_filha.py
[2024-10-21T17:14:44.532+0000] {logging_mixin.py:190} INFO - [2024-10-21T17:14:44.532+0000] {dag.py:3239} INFO - Sync 1 DAGs
[2024-10-21T17:14:44.550+0000] {logging_mixin.py:190} INFO - [2024-10-21T17:14:44.550+0000] {dag.py:4180} INFO - Setting next_dagrun for DAG_filha to 2024-10-21 18:00:00+00:00, run_after=2024-10-22 18:00:00+00:00
[2024-10-21T17:14:44.567+0000] {processor.py:208} INFO - Processing /opt/airflow/dags/lesson_3_dag_filha.py took 0.074 seconds
[2024-10-21T17:16:04.219+0000] {processor.py:186} INFO - Started process (PID=3055) to work on /opt/airflow/dags/lesson_3_dag_filha.py
[2024-10-21T17:16:04.219+0000] {processor.py:914} INFO - Processing file /opt/airflow/dags/lesson_3_dag_filha.py for tasks to queue
[2024-10-21T17:16:04.220+0000] {logging_mixin.py:190} INFO - [2024-10-21T17:16:04.220+0000] {dagbag.py:588} INFO - Filling up the DagBag from /opt/airflow/dags/lesson_3_dag_filha.py
[2024-10-21T17:16:04.234+0000] {processor.py:925} INFO - DAG(s) 'DAG_filha' retrieved from /opt/airflow/dags/lesson_3_dag_filha.py
[2024-10-21T17:16:04.249+0000] {logging_mixin.py:190} INFO - [2024-10-21T17:16:04.249+0000] {dag.py:3239} INFO - Sync 1 DAGs
[2024-10-21T17:16:04.268+0000] {logging_mixin.py:190} INFO - [2024-10-21T17:16:04.268+0000] {dag.py:4180} INFO - Setting next_dagrun for DAG_filha to 2024-10-21 18:00:00+00:00, run_after=2024-10-22 18:00:00+00:00
[2024-10-21T17:16:04.284+0000] {processor.py:208} INFO - Processing /opt/airflow/dags/lesson_3_dag_filha.py took 0.070 seconds
[2024-10-21T17:16:34.948+0000] {processor.py:186} INFO - Started process (PID=3123) to work on /opt/airflow/dags/lesson_3_dag_filha.py
[2024-10-21T17:16:34.949+0000] {processor.py:914} INFO - Processing file /opt/airflow/dags/lesson_3_dag_filha.py for tasks to queue
[2024-10-21T17:16:34.950+0000] {logging_mixin.py:190} INFO - [2024-10-21T17:16:34.950+0000] {dagbag.py:588} INFO - Filling up the DagBag from /opt/airflow/dags/lesson_3_dag_filha.py
[2024-10-21T17:16:34.964+0000] {processor.py:925} INFO - DAG(s) 'DAG_filha' retrieved from /opt/airflow/dags/lesson_3_dag_filha.py
[2024-10-21T17:16:34.982+0000] {logging_mixin.py:190} INFO - [2024-10-21T17:16:34.981+0000] {dag.py:3239} INFO - Sync 1 DAGs
[2024-10-21T17:16:35.019+0000] {logging_mixin.py:190} INFO - [2024-10-21T17:16:35.018+0000] {dag.py:4180} INFO - Setting next_dagrun for DAG_filha to 2024-10-21 18:00:00+00:00, run_after=2024-10-22 18:00:00+00:00
[2024-10-21T17:16:35.037+0000] {processor.py:208} INFO - Processing /opt/airflow/dags/lesson_3_dag_filha.py took 0.095 seconds
[2024-10-21T17:17:05.280+0000] {processor.py:186} INFO - Started process (PID=3192) to work on /opt/airflow/dags/lesson_3_dag_filha.py
[2024-10-21T17:17:05.281+0000] {processor.py:914} INFO - Processing file /opt/airflow/dags/lesson_3_dag_filha.py for tasks to queue
[2024-10-21T17:17:05.282+0000] {logging_mixin.py:190} INFO - [2024-10-21T17:17:05.282+0000] {dagbag.py:588} INFO - Filling up the DagBag from /opt/airflow/dags/lesson_3_dag_filha.py
[2024-10-21T17:17:05.304+0000] {processor.py:925} INFO - DAG(s) 'DAG_filha' retrieved from /opt/airflow/dags/lesson_3_dag_filha.py
[2024-10-21T17:17:05.327+0000] {logging_mixin.py:190} INFO - [2024-10-21T17:17:05.327+0000] {dag.py:3239} INFO - Sync 1 DAGs
[2024-10-21T17:17:05.365+0000] {logging_mixin.py:190} INFO - [2024-10-21T17:17:05.365+0000] {dag.py:4180} INFO - Setting next_dagrun for DAG_filha to 2024-10-21 18:00:00+00:00, run_after=2024-10-22 18:00:00+00:00
[2024-10-21T17:17:05.384+0000] {processor.py:208} INFO - Processing /opt/airflow/dags/lesson_3_dag_filha.py took 0.112 seconds
[2024-10-21T17:17:36.148+0000] {processor.py:186} INFO - Started process (PID=3261) to work on /opt/airflow/dags/lesson_3_dag_filha.py
[2024-10-21T17:17:36.149+0000] {processor.py:914} INFO - Processing file /opt/airflow/dags/lesson_3_dag_filha.py for tasks to queue
[2024-10-21T17:17:36.150+0000] {logging_mixin.py:190} INFO - [2024-10-21T17:17:36.150+0000] {dagbag.py:588} INFO - Filling up the DagBag from /opt/airflow/dags/lesson_3_dag_filha.py
[2024-10-21T17:17:36.166+0000] {processor.py:925} INFO - DAG(s) 'DAG_filha' retrieved from /opt/airflow/dags/lesson_3_dag_filha.py
[2024-10-21T17:17:36.185+0000] {logging_mixin.py:190} INFO - [2024-10-21T17:17:36.185+0000] {dag.py:3239} INFO - Sync 1 DAGs
[2024-10-21T17:17:36.204+0000] {logging_mixin.py:190} INFO - [2024-10-21T17:17:36.204+0000] {dag.py:4180} INFO - Setting next_dagrun for DAG_filha to 2024-10-21 18:00:00+00:00, run_after=2024-10-22 18:00:00+00:00
[2024-10-21T17:17:36.223+0000] {processor.py:208} INFO - Processing /opt/airflow/dags/lesson_3_dag_filha.py took 0.080 seconds
[2024-10-21T17:18:06.612+0000] {processor.py:186} INFO - Started process (PID=3331) to work on /opt/airflow/dags/lesson_3_dag_filha.py
[2024-10-21T17:18:06.612+0000] {processor.py:914} INFO - Processing file /opt/airflow/dags/lesson_3_dag_filha.py for tasks to queue
[2024-10-21T17:18:06.613+0000] {logging_mixin.py:190} INFO - [2024-10-21T17:18:06.613+0000] {dagbag.py:588} INFO - Filling up the DagBag from /opt/airflow/dags/lesson_3_dag_filha.py
[2024-10-21T17:18:06.627+0000] {processor.py:925} INFO - DAG(s) 'DAG_filha' retrieved from /opt/airflow/dags/lesson_3_dag_filha.py
[2024-10-21T17:18:06.642+0000] {logging_mixin.py:190} INFO - [2024-10-21T17:18:06.642+0000] {dag.py:3239} INFO - Sync 1 DAGs
[2024-10-21T17:18:06.661+0000] {logging_mixin.py:190} INFO - [2024-10-21T17:18:06.661+0000] {dag.py:4180} INFO - Setting next_dagrun for DAG_filha to 2024-10-21 18:00:00+00:00, run_after=2024-10-22 18:00:00+00:00
[2024-10-21T17:18:06.679+0000] {processor.py:208} INFO - Processing /opt/airflow/dags/lesson_3_dag_filha.py took 0.072 seconds
[2024-10-21T17:18:37.114+0000] {processor.py:186} INFO - Started process (PID=3400) to work on /opt/airflow/dags/lesson_3_dag_filha.py
[2024-10-21T17:18:37.115+0000] {processor.py:914} INFO - Processing file /opt/airflow/dags/lesson_3_dag_filha.py for tasks to queue
[2024-10-21T17:18:37.116+0000] {logging_mixin.py:190} INFO - [2024-10-21T17:18:37.116+0000] {dagbag.py:588} INFO - Filling up the DagBag from /opt/airflow/dags/lesson_3_dag_filha.py
[2024-10-21T17:18:37.129+0000] {processor.py:925} INFO - DAG(s) 'DAG_filha' retrieved from /opt/airflow/dags/lesson_3_dag_filha.py
[2024-10-21T17:18:37.144+0000] {logging_mixin.py:190} INFO - [2024-10-21T17:18:37.144+0000] {dag.py:3239} INFO - Sync 1 DAGs
[2024-10-21T17:18:37.167+0000] {logging_mixin.py:190} INFO - [2024-10-21T17:18:37.166+0000] {dag.py:4180} INFO - Setting next_dagrun for DAG_filha to 2024-10-21 18:00:00+00:00, run_after=2024-10-22 18:00:00+00:00
[2024-10-21T17:18:37.185+0000] {processor.py:208} INFO - Processing /opt/airflow/dags/lesson_3_dag_filha.py took 0.076 seconds
[2024-10-21T17:19:07.773+0000] {processor.py:186} INFO - Started process (PID=3469) to work on /opt/airflow/dags/lesson_3_dag_filha.py
[2024-10-21T17:19:07.773+0000] {processor.py:914} INFO - Processing file /opt/airflow/dags/lesson_3_dag_filha.py for tasks to queue
[2024-10-21T17:19:07.774+0000] {logging_mixin.py:190} INFO - [2024-10-21T17:19:07.774+0000] {dagbag.py:588} INFO - Filling up the DagBag from /opt/airflow/dags/lesson_3_dag_filha.py
[2024-10-21T17:19:07.786+0000] {processor.py:925} INFO - DAG(s) 'DAG_filha' retrieved from /opt/airflow/dags/lesson_3_dag_filha.py
[2024-10-21T17:19:07.802+0000] {logging_mixin.py:190} INFO - [2024-10-21T17:19:07.802+0000] {dag.py:3239} INFO - Sync 1 DAGs
[2024-10-21T17:19:07.962+0000] {logging_mixin.py:190} INFO - [2024-10-21T17:19:07.962+0000] {dag.py:4180} INFO - Setting next_dagrun for DAG_filha to 2024-10-21 18:00:00+00:00, run_after=2024-10-22 18:00:00+00:00
[2024-10-21T17:19:07.980+0000] {processor.py:208} INFO - Processing /opt/airflow/dags/lesson_3_dag_filha.py took 0.213 seconds
[2024-10-21T17:19:24.692+0000] {processor.py:186} INFO - Started process (PID=3532) to work on /opt/airflow/dags/lesson_3_dag_filha.py
[2024-10-21T17:19:24.693+0000] {processor.py:914} INFO - Processing file /opt/airflow/dags/lesson_3_dag_filha.py for tasks to queue
[2024-10-21T17:19:24.694+0000] {logging_mixin.py:190} INFO - [2024-10-21T17:19:24.694+0000] {dagbag.py:588} INFO - Filling up the DagBag from /opt/airflow/dags/lesson_3_dag_filha.py
[2024-10-21T17:19:24.711+0000] {processor.py:925} INFO - DAG(s) 'DAG_filha' retrieved from /opt/airflow/dags/lesson_3_dag_filha.py
[2024-10-21T17:19:24.939+0000] {logging_mixin.py:190} INFO - [2024-10-21T17:19:24.939+0000] {dag.py:3239} INFO - Sync 1 DAGs
[2024-10-21T17:19:24.956+0000] {logging_mixin.py:190} INFO - [2024-10-21T17:19:24.956+0000] {dag.py:4180} INFO - Setting next_dagrun for DAG_filha to 2024-10-21 03:00:00+00:00, run_after=2024-10-21 03:01:00+00:00
[2024-10-21T17:19:24.975+0000] {processor.py:208} INFO - Processing /opt/airflow/dags/lesson_3_dag_filha.py took 0.288 seconds
[2024-10-21T17:19:55.804+0000] {processor.py:186} INFO - Started process (PID=3641) to work on /opt/airflow/dags/lesson_3_dag_filha.py
[2024-10-21T17:19:55.805+0000] {processor.py:914} INFO - Processing file /opt/airflow/dags/lesson_3_dag_filha.py for tasks to queue
[2024-10-21T17:19:55.807+0000] {logging_mixin.py:190} INFO - [2024-10-21T17:19:55.807+0000] {dagbag.py:588} INFO - Filling up the DagBag from /opt/airflow/dags/lesson_3_dag_filha.py
[2024-10-21T17:19:55.824+0000] {processor.py:925} INFO - DAG(s) 'DAG_filha' retrieved from /opt/airflow/dags/lesson_3_dag_filha.py
[2024-10-21T17:19:55.847+0000] {logging_mixin.py:190} INFO - [2024-10-21T17:19:55.846+0000] {dag.py:3239} INFO - Sync 1 DAGs
[2024-10-21T17:19:55.890+0000] {processor.py:208} INFO - Processing /opt/airflow/dags/lesson_3_dag_filha.py took 0.091 seconds
[2024-10-21T17:20:26.245+0000] {processor.py:186} INFO - Started process (PID=3740) to work on /opt/airflow/dags/lesson_3_dag_filha.py
[2024-10-21T17:20:26.247+0000] {processor.py:914} INFO - Processing file /opt/airflow/dags/lesson_3_dag_filha.py for tasks to queue
[2024-10-21T17:20:26.249+0000] {logging_mixin.py:190} INFO - [2024-10-21T17:20:26.249+0000] {dagbag.py:588} INFO - Filling up the DagBag from /opt/airflow/dags/lesson_3_dag_filha.py
[2024-10-21T17:20:26.288+0000] {processor.py:925} INFO - DAG(s) 'DAG_filha' retrieved from /opt/airflow/dags/lesson_3_dag_filha.py
[2024-10-21T17:20:26.331+0000] {logging_mixin.py:190} INFO - [2024-10-21T17:20:26.330+0000] {dag.py:3239} INFO - Sync 1 DAGs
[2024-10-21T17:20:26.399+0000] {processor.py:208} INFO - Processing /opt/airflow/dags/lesson_3_dag_filha.py took 0.164 seconds
[2024-10-21T17:20:57.408+0000] {processor.py:186} INFO - Started process (PID=3832) to work on /opt/airflow/dags/lesson_3_dag_filha.py
[2024-10-21T17:20:57.409+0000] {processor.py:914} INFO - Processing file /opt/airflow/dags/lesson_3_dag_filha.py for tasks to queue
[2024-10-21T17:20:57.411+0000] {logging_mixin.py:190} INFO - [2024-10-21T17:20:57.410+0000] {dagbag.py:588} INFO - Filling up the DagBag from /opt/airflow/dags/lesson_3_dag_filha.py
[2024-10-21T17:20:57.430+0000] {processor.py:925} INFO - DAG(s) 'DAG_filha' retrieved from /opt/airflow/dags/lesson_3_dag_filha.py
[2024-10-21T17:20:57.456+0000] {logging_mixin.py:190} INFO - [2024-10-21T17:20:57.456+0000] {dag.py:3239} INFO - Sync 1 DAGs
[2024-10-21T17:20:57.505+0000] {processor.py:208} INFO - Processing /opt/airflow/dags/lesson_3_dag_filha.py took 0.104 seconds
[2024-10-21T17:21:27.695+0000] {processor.py:186} INFO - Started process (PID=3901) to work on /opt/airflow/dags/lesson_3_dag_filha.py
[2024-10-21T17:21:27.696+0000] {processor.py:914} INFO - Processing file /opt/airflow/dags/lesson_3_dag_filha.py for tasks to queue
[2024-10-21T17:21:27.697+0000] {logging_mixin.py:190} INFO - [2024-10-21T17:21:27.697+0000] {dagbag.py:588} INFO - Filling up the DagBag from /opt/airflow/dags/lesson_3_dag_filha.py
[2024-10-21T17:21:27.711+0000] {processor.py:925} INFO - DAG(s) 'DAG_filha' retrieved from /opt/airflow/dags/lesson_3_dag_filha.py
[2024-10-21T17:21:27.726+0000] {logging_mixin.py:190} INFO - [2024-10-21T17:21:27.726+0000] {dag.py:3239} INFO - Sync 1 DAGs
[2024-10-21T17:21:27.763+0000] {processor.py:208} INFO - Processing /opt/airflow/dags/lesson_3_dag_filha.py took 0.074 seconds
[2024-10-21T17:21:58.113+0000] {processor.py:186} INFO - Started process (PID=3970) to work on /opt/airflow/dags/lesson_3_dag_filha.py
[2024-10-21T17:21:58.114+0000] {processor.py:914} INFO - Processing file /opt/airflow/dags/lesson_3_dag_filha.py for tasks to queue
[2024-10-21T17:21:58.115+0000] {logging_mixin.py:190} INFO - [2024-10-21T17:21:58.115+0000] {dagbag.py:588} INFO - Filling up the DagBag from /opt/airflow/dags/lesson_3_dag_filha.py
[2024-10-21T17:21:58.129+0000] {processor.py:925} INFO - DAG(s) 'DAG_filha' retrieved from /opt/airflow/dags/lesson_3_dag_filha.py
[2024-10-21T17:21:58.144+0000] {logging_mixin.py:190} INFO - [2024-10-21T17:21:58.144+0000] {dag.py:3239} INFO - Sync 1 DAGs
[2024-10-21T17:21:58.182+0000] {processor.py:208} INFO - Processing /opt/airflow/dags/lesson_3_dag_filha.py took 0.073 seconds
[2024-10-21T17:22:28.352+0000] {processor.py:186} INFO - Started process (PID=4039) to work on /opt/airflow/dags/lesson_3_dag_filha.py
[2024-10-21T17:22:28.353+0000] {processor.py:914} INFO - Processing file /opt/airflow/dags/lesson_3_dag_filha.py for tasks to queue
[2024-10-21T17:22:28.354+0000] {logging_mixin.py:190} INFO - [2024-10-21T17:22:28.354+0000] {dagbag.py:588} INFO - Filling up the DagBag from /opt/airflow/dags/lesson_3_dag_filha.py
[2024-10-21T17:22:28.367+0000] {processor.py:925} INFO - DAG(s) 'DAG_filha' retrieved from /opt/airflow/dags/lesson_3_dag_filha.py
[2024-10-21T17:22:28.382+0000] {logging_mixin.py:190} INFO - [2024-10-21T17:22:28.382+0000] {dag.py:3239} INFO - Sync 1 DAGs
[2024-10-21T17:22:28.418+0000] {processor.py:208} INFO - Processing /opt/airflow/dags/lesson_3_dag_filha.py took 0.071 seconds
[2024-10-21T17:22:58.612+0000] {processor.py:186} INFO - Started process (PID=4108) to work on /opt/airflow/dags/lesson_3_dag_filha.py
[2024-10-21T17:22:58.613+0000] {processor.py:914} INFO - Processing file /opt/airflow/dags/lesson_3_dag_filha.py for tasks to queue
[2024-10-21T17:22:58.614+0000] {logging_mixin.py:190} INFO - [2024-10-21T17:22:58.613+0000] {dagbag.py:588} INFO - Filling up the DagBag from /opt/airflow/dags/lesson_3_dag_filha.py
[2024-10-21T17:22:58.626+0000] {processor.py:925} INFO - DAG(s) 'DAG_filha' retrieved from /opt/airflow/dags/lesson_3_dag_filha.py
[2024-10-21T17:22:58.640+0000] {logging_mixin.py:190} INFO - [2024-10-21T17:22:58.640+0000] {dag.py:3239} INFO - Sync 1 DAGs
[2024-10-21T17:22:58.673+0000] {processor.py:208} INFO - Processing /opt/airflow/dags/lesson_3_dag_filha.py took 0.067 seconds
[2024-10-21T17:23:28.936+0000] {processor.py:186} INFO - Started process (PID=4178) to work on /opt/airflow/dags/lesson_3_dag_filha.py
[2024-10-21T17:23:28.937+0000] {processor.py:914} INFO - Processing file /opt/airflow/dags/lesson_3_dag_filha.py for tasks to queue
[2024-10-21T17:23:28.939+0000] {logging_mixin.py:190} INFO - [2024-10-21T17:23:28.938+0000] {dagbag.py:588} INFO - Filling up the DagBag from /opt/airflow/dags/lesson_3_dag_filha.py
[2024-10-21T17:23:28.954+0000] {processor.py:925} INFO - DAG(s) 'DAG_filha' retrieved from /opt/airflow/dags/lesson_3_dag_filha.py
[2024-10-21T17:23:28.970+0000] {logging_mixin.py:190} INFO - [2024-10-21T17:23:28.970+0000] {dag.py:3239} INFO - Sync 1 DAGs
[2024-10-21T17:23:29.009+0000] {processor.py:208} INFO - Processing /opt/airflow/dags/lesson_3_dag_filha.py took 0.080 seconds
[2024-10-21T17:23:59.146+0000] {processor.py:186} INFO - Started process (PID=4247) to work on /opt/airflow/dags/lesson_3_dag_filha.py
[2024-10-21T17:23:59.147+0000] {processor.py:914} INFO - Processing file /opt/airflow/dags/lesson_3_dag_filha.py for tasks to queue
[2024-10-21T17:23:59.148+0000] {logging_mixin.py:190} INFO - [2024-10-21T17:23:59.148+0000] {dagbag.py:588} INFO - Filling up the DagBag from /opt/airflow/dags/lesson_3_dag_filha.py
[2024-10-21T17:23:59.161+0000] {processor.py:925} INFO - DAG(s) 'DAG_filha' retrieved from /opt/airflow/dags/lesson_3_dag_filha.py
[2024-10-21T17:23:59.177+0000] {logging_mixin.py:190} INFO - [2024-10-21T17:23:59.177+0000] {dag.py:3239} INFO - Sync 1 DAGs
[2024-10-21T17:23:59.216+0000] {processor.py:208} INFO - Processing /opt/airflow/dags/lesson_3_dag_filha.py took 0.075 seconds
[2024-10-21T17:24:29.492+0000] {processor.py:186} INFO - Started process (PID=4322) to work on /opt/airflow/dags/lesson_3_dag_filha.py
[2024-10-21T17:24:29.493+0000] {processor.py:914} INFO - Processing file /opt/airflow/dags/lesson_3_dag_filha.py for tasks to queue
[2024-10-21T17:24:29.495+0000] {logging_mixin.py:190} INFO - [2024-10-21T17:24:29.494+0000] {dagbag.py:588} INFO - Filling up the DagBag from /opt/airflow/dags/lesson_3_dag_filha.py
[2024-10-21T17:24:29.508+0000] {processor.py:925} INFO - DAG(s) 'DAG_filha' retrieved from /opt/airflow/dags/lesson_3_dag_filha.py
[2024-10-21T17:24:29.523+0000] {logging_mixin.py:190} INFO - [2024-10-21T17:24:29.523+0000] {dag.py:3239} INFO - Sync 1 DAGs
[2024-10-21T17:24:29.556+0000] {processor.py:208} INFO - Processing /opt/airflow/dags/lesson_3_dag_filha.py took 0.068 seconds
[2024-10-21T17:24:59.827+0000] {processor.py:186} INFO - Started process (PID=4391) to work on /opt/airflow/dags/lesson_3_dag_filha.py
[2024-10-21T17:24:59.828+0000] {processor.py:914} INFO - Processing file /opt/airflow/dags/lesson_3_dag_filha.py for tasks to queue
[2024-10-21T17:24:59.830+0000] {logging_mixin.py:190} INFO - [2024-10-21T17:24:59.829+0000] {dagbag.py:588} INFO - Filling up the DagBag from /opt/airflow/dags/lesson_3_dag_filha.py
[2024-10-21T17:24:59.847+0000] {processor.py:925} INFO - DAG(s) 'DAG_filha' retrieved from /opt/airflow/dags/lesson_3_dag_filha.py
[2024-10-21T17:24:59.864+0000] {logging_mixin.py:190} INFO - [2024-10-21T17:24:59.864+0000] {dag.py:3239} INFO - Sync 1 DAGs
[2024-10-21T17:24:59.902+0000] {processor.py:208} INFO - Processing /opt/airflow/dags/lesson_3_dag_filha.py took 0.080 seconds
[2024-10-21T17:25:30.860+0000] {processor.py:186} INFO - Started process (PID=4460) to work on /opt/airflow/dags/lesson_3_dag_filha.py
[2024-10-21T17:25:30.861+0000] {processor.py:914} INFO - Processing file /opt/airflow/dags/lesson_3_dag_filha.py for tasks to queue
[2024-10-21T17:25:30.862+0000] {logging_mixin.py:190} INFO - [2024-10-21T17:25:30.862+0000] {dagbag.py:588} INFO - Filling up the DagBag from /opt/airflow/dags/lesson_3_dag_filha.py
[2024-10-21T17:25:30.874+0000] {processor.py:925} INFO - DAG(s) 'DAG_filha' retrieved from /opt/airflow/dags/lesson_3_dag_filha.py
[2024-10-21T17:25:30.890+0000] {logging_mixin.py:190} INFO - [2024-10-21T17:25:30.890+0000] {dag.py:3239} INFO - Sync 1 DAGs
[2024-10-21T17:25:30.927+0000] {processor.py:208} INFO - Processing /opt/airflow/dags/lesson_3_dag_filha.py took 0.071 seconds
[2024-10-21T17:26:01.195+0000] {processor.py:186} INFO - Started process (PID=4530) to work on /opt/airflow/dags/lesson_3_dag_filha.py
[2024-10-21T17:26:01.196+0000] {processor.py:914} INFO - Processing file /opt/airflow/dags/lesson_3_dag_filha.py for tasks to queue
[2024-10-21T17:26:01.198+0000] {logging_mixin.py:190} INFO - [2024-10-21T17:26:01.197+0000] {dagbag.py:588} INFO - Filling up the DagBag from /opt/airflow/dags/lesson_3_dag_filha.py
[2024-10-21T17:26:01.214+0000] {processor.py:925} INFO - DAG(s) 'DAG_filha' retrieved from /opt/airflow/dags/lesson_3_dag_filha.py
[2024-10-21T17:26:01.233+0000] {logging_mixin.py:190} INFO - [2024-10-21T17:26:01.232+0000] {dag.py:3239} INFO - Sync 1 DAGs
[2024-10-21T17:26:01.266+0000] {processor.py:208} INFO - Processing /opt/airflow/dags/lesson_3_dag_filha.py took 0.075 seconds
[2024-10-21T17:26:31.482+0000] {processor.py:186} INFO - Started process (PID=4599) to work on /opt/airflow/dags/lesson_3_dag_filha.py
[2024-10-21T17:26:31.483+0000] {processor.py:914} INFO - Processing file /opt/airflow/dags/lesson_3_dag_filha.py for tasks to queue
[2024-10-21T17:26:31.485+0000] {logging_mixin.py:190} INFO - [2024-10-21T17:26:31.485+0000] {dagbag.py:588} INFO - Filling up the DagBag from /opt/airflow/dags/lesson_3_dag_filha.py
[2024-10-21T17:26:31.499+0000] {processor.py:925} INFO - DAG(s) 'DAG_filha' retrieved from /opt/airflow/dags/lesson_3_dag_filha.py
[2024-10-21T17:26:31.514+0000] {logging_mixin.py:190} INFO - [2024-10-21T17:26:31.514+0000] {dag.py:3239} INFO - Sync 1 DAGs
[2024-10-21T17:26:31.548+0000] {processor.py:208} INFO - Processing /opt/airflow/dags/lesson_3_dag_filha.py took 0.070 seconds
[2024-10-21T17:27:02.014+0000] {processor.py:186} INFO - Started process (PID=4668) to work on /opt/airflow/dags/lesson_3_dag_filha.py
[2024-10-21T17:27:02.015+0000] {processor.py:914} INFO - Processing file /opt/airflow/dags/lesson_3_dag_filha.py for tasks to queue
[2024-10-21T17:27:02.017+0000] {logging_mixin.py:190} INFO - [2024-10-21T17:27:02.016+0000] {dagbag.py:588} INFO - Filling up the DagBag from /opt/airflow/dags/lesson_3_dag_filha.py
[2024-10-21T17:27:02.032+0000] {processor.py:925} INFO - DAG(s) 'DAG_filha' retrieved from /opt/airflow/dags/lesson_3_dag_filha.py
[2024-10-21T17:27:02.051+0000] {logging_mixin.py:190} INFO - [2024-10-21T17:27:02.050+0000] {dag.py:3239} INFO - Sync 1 DAGs
[2024-10-21T17:27:02.090+0000] {processor.py:208} INFO - Processing /opt/airflow/dags/lesson_3_dag_filha.py took 0.081 seconds
[2024-10-21T17:27:32.945+0000] {processor.py:186} INFO - Started process (PID=4737) to work on /opt/airflow/dags/lesson_3_dag_filha.py
[2024-10-21T17:27:32.946+0000] {processor.py:914} INFO - Processing file /opt/airflow/dags/lesson_3_dag_filha.py for tasks to queue
[2024-10-21T17:27:32.948+0000] {logging_mixin.py:190} INFO - [2024-10-21T17:27:32.947+0000] {dagbag.py:588} INFO - Filling up the DagBag from /opt/airflow/dags/lesson_3_dag_filha.py
[2024-10-21T17:27:32.961+0000] {processor.py:925} INFO - DAG(s) 'DAG_filha' retrieved from /opt/airflow/dags/lesson_3_dag_filha.py
[2024-10-21T17:27:32.977+0000] {logging_mixin.py:190} INFO - [2024-10-21T17:27:32.977+0000] {dag.py:3239} INFO - Sync 1 DAGs
[2024-10-21T17:27:33.014+0000] {processor.py:208} INFO - Processing /opt/airflow/dags/lesson_3_dag_filha.py took 0.074 seconds
[2024-10-21T17:28:03.286+0000] {processor.py:186} INFO - Started process (PID=4806) to work on /opt/airflow/dags/lesson_3_dag_filha.py
[2024-10-21T17:28:03.287+0000] {processor.py:914} INFO - Processing file /opt/airflow/dags/lesson_3_dag_filha.py for tasks to queue
[2024-10-21T17:28:03.288+0000] {logging_mixin.py:190} INFO - [2024-10-21T17:28:03.288+0000] {dagbag.py:588} INFO - Filling up the DagBag from /opt/airflow/dags/lesson_3_dag_filha.py
[2024-10-21T17:28:03.304+0000] {processor.py:925} INFO - DAG(s) 'DAG_filha' retrieved from /opt/airflow/dags/lesson_3_dag_filha.py
[2024-10-21T17:28:03.320+0000] {logging_mixin.py:190} INFO - [2024-10-21T17:28:03.320+0000] {dag.py:3239} INFO - Sync 1 DAGs
[2024-10-21T17:28:03.354+0000] {processor.py:208} INFO - Processing /opt/airflow/dags/lesson_3_dag_filha.py took 0.073 seconds
[2024-10-21T17:28:33.559+0000] {processor.py:186} INFO - Started process (PID=4877) to work on /opt/airflow/dags/lesson_3_dag_filha.py
[2024-10-21T17:28:33.560+0000] {processor.py:914} INFO - Processing file /opt/airflow/dags/lesson_3_dag_filha.py for tasks to queue
[2024-10-21T17:28:33.561+0000] {logging_mixin.py:190} INFO - [2024-10-21T17:28:33.561+0000] {dagbag.py:588} INFO - Filling up the DagBag from /opt/airflow/dags/lesson_3_dag_filha.py
[2024-10-21T17:28:33.573+0000] {processor.py:925} INFO - DAG(s) 'DAG_filha' retrieved from /opt/airflow/dags/lesson_3_dag_filha.py
[2024-10-21T17:28:33.589+0000] {logging_mixin.py:190} INFO - [2024-10-21T17:28:33.589+0000] {dag.py:3239} INFO - Sync 1 DAGs
[2024-10-21T17:28:33.627+0000] {processor.py:208} INFO - Processing /opt/airflow/dags/lesson_3_dag_filha.py took 0.073 seconds
[2024-10-21T17:29:03.951+0000] {processor.py:186} INFO - Started process (PID=4947) to work on /opt/airflow/dags/lesson_3_dag_filha.py
[2024-10-21T17:29:03.952+0000] {processor.py:914} INFO - Processing file /opt/airflow/dags/lesson_3_dag_filha.py for tasks to queue
[2024-10-21T17:29:03.953+0000] {logging_mixin.py:190} INFO - [2024-10-21T17:29:03.953+0000] {dagbag.py:588} INFO - Filling up the DagBag from /opt/airflow/dags/lesson_3_dag_filha.py
[2024-10-21T17:29:03.967+0000] {processor.py:925} INFO - DAG(s) 'DAG_filha' retrieved from /opt/airflow/dags/lesson_3_dag_filha.py
[2024-10-21T17:29:03.985+0000] {logging_mixin.py:190} INFO - [2024-10-21T17:29:03.984+0000] {dag.py:3239} INFO - Sync 1 DAGs
[2024-10-21T17:29:04.021+0000] {processor.py:208} INFO - Processing /opt/airflow/dags/lesson_3_dag_filha.py took 0.076 seconds
[2024-10-21T17:29:34.873+0000] {processor.py:186} INFO - Started process (PID=5017) to work on /opt/airflow/dags/lesson_3_dag_filha.py
[2024-10-21T17:29:34.877+0000] {processor.py:914} INFO - Processing file /opt/airflow/dags/lesson_3_dag_filha.py for tasks to queue
[2024-10-21T17:29:34.879+0000] {logging_mixin.py:190} INFO - [2024-10-21T17:29:34.878+0000] {dagbag.py:588} INFO - Filling up the DagBag from /opt/airflow/dags/lesson_3_dag_filha.py
[2024-10-21T17:29:34.904+0000] {processor.py:925} INFO - DAG(s) 'DAG_filha' retrieved from /opt/airflow/dags/lesson_3_dag_filha.py
[2024-10-21T17:29:34.958+0000] {logging_mixin.py:190} INFO - [2024-10-21T17:29:34.958+0000] {dag.py:3239} INFO - Sync 1 DAGs
[2024-10-21T17:29:35.042+0000] {processor.py:208} INFO - Processing /opt/airflow/dags/lesson_3_dag_filha.py took 0.178 seconds
[2024-10-21T17:30:05.420+0000] {processor.py:186} INFO - Started process (PID=5115) to work on /opt/airflow/dags/lesson_3_dag_filha.py
[2024-10-21T17:30:05.422+0000] {processor.py:914} INFO - Processing file /opt/airflow/dags/lesson_3_dag_filha.py for tasks to queue
[2024-10-21T17:30:05.424+0000] {logging_mixin.py:190} INFO - [2024-10-21T17:30:05.423+0000] {dagbag.py:588} INFO - Filling up the DagBag from /opt/airflow/dags/lesson_3_dag_filha.py
[2024-10-21T17:30:05.451+0000] {processor.py:925} INFO - DAG(s) 'DAG_filha' retrieved from /opt/airflow/dags/lesson_3_dag_filha.py
[2024-10-21T17:30:05.474+0000] {logging_mixin.py:190} INFO - [2024-10-21T17:30:05.473+0000] {dag.py:3239} INFO - Sync 1 DAGs
[2024-10-21T17:30:05.527+0000] {processor.py:208} INFO - Processing /opt/airflow/dags/lesson_3_dag_filha.py took 0.116 seconds
[2024-10-21T17:30:36.452+0000] {processor.py:186} INFO - Started process (PID=5186) to work on /opt/airflow/dags/lesson_3_dag_filha.py
[2024-10-21T17:30:36.466+0000] {processor.py:914} INFO - Processing file /opt/airflow/dags/lesson_3_dag_filha.py for tasks to queue
[2024-10-21T17:30:36.470+0000] {logging_mixin.py:190} INFO - [2024-10-21T17:30:36.469+0000] {dagbag.py:588} INFO - Filling up the DagBag from /opt/airflow/dags/lesson_3_dag_filha.py
[2024-10-21T17:30:36.578+0000] {processor.py:925} INFO - DAG(s) 'DAG_filha' retrieved from /opt/airflow/dags/lesson_3_dag_filha.py
[2024-10-21T17:30:36.653+0000] {logging_mixin.py:190} INFO - [2024-10-21T17:30:36.652+0000] {dag.py:3239} INFO - Sync 1 DAGs
[2024-10-21T17:30:36.816+0000] {processor.py:208} INFO - Processing /opt/airflow/dags/lesson_3_dag_filha.py took 0.381 seconds
[2024-10-21T17:31:07.273+0000] {processor.py:186} INFO - Started process (PID=5255) to work on /opt/airflow/dags/lesson_3_dag_filha.py
[2024-10-21T17:31:07.276+0000] {processor.py:914} INFO - Processing file /opt/airflow/dags/lesson_3_dag_filha.py for tasks to queue
[2024-10-21T17:31:07.277+0000] {logging_mixin.py:190} INFO - [2024-10-21T17:31:07.277+0000] {dagbag.py:588} INFO - Filling up the DagBag from /opt/airflow/dags/lesson_3_dag_filha.py
[2024-10-21T17:31:07.300+0000] {processor.py:925} INFO - DAG(s) 'DAG_filha' retrieved from /opt/airflow/dags/lesson_3_dag_filha.py
[2024-10-21T17:31:07.340+0000] {logging_mixin.py:190} INFO - [2024-10-21T17:31:07.340+0000] {dag.py:3239} INFO - Sync 1 DAGs
[2024-10-21T17:31:07.435+0000] {processor.py:208} INFO - Processing /opt/airflow/dags/lesson_3_dag_filha.py took 0.168 seconds
[2024-10-21T17:31:37.724+0000] {processor.py:186} INFO - Started process (PID=5325) to work on /opt/airflow/dags/lesson_3_dag_filha.py
[2024-10-21T17:31:37.725+0000] {processor.py:914} INFO - Processing file /opt/airflow/dags/lesson_3_dag_filha.py for tasks to queue
[2024-10-21T17:31:37.727+0000] {logging_mixin.py:190} INFO - [2024-10-21T17:31:37.726+0000] {dagbag.py:588} INFO - Filling up the DagBag from /opt/airflow/dags/lesson_3_dag_filha.py
[2024-10-21T17:31:37.740+0000] {processor.py:925} INFO - DAG(s) 'DAG_filha' retrieved from /opt/airflow/dags/lesson_3_dag_filha.py
[2024-10-21T17:31:37.757+0000] {logging_mixin.py:190} INFO - [2024-10-21T17:31:37.756+0000] {dag.py:3239} INFO - Sync 1 DAGs
[2024-10-21T17:31:37.792+0000] {processor.py:208} INFO - Processing /opt/airflow/dags/lesson_3_dag_filha.py took 0.073 seconds
[2024-10-21T17:32:08.161+0000] {processor.py:186} INFO - Started process (PID=5395) to work on /opt/airflow/dags/lesson_3_dag_filha.py
[2024-10-21T17:32:08.161+0000] {processor.py:914} INFO - Processing file /opt/airflow/dags/lesson_3_dag_filha.py for tasks to queue
[2024-10-21T17:32:08.162+0000] {logging_mixin.py:190} INFO - [2024-10-21T17:32:08.162+0000] {dagbag.py:588} INFO - Filling up the DagBag from /opt/airflow/dags/lesson_3_dag_filha.py
[2024-10-21T17:32:08.177+0000] {processor.py:925} INFO - DAG(s) 'DAG_filha' retrieved from /opt/airflow/dags/lesson_3_dag_filha.py
[2024-10-21T17:32:08.192+0000] {logging_mixin.py:190} INFO - [2024-10-21T17:32:08.192+0000] {dag.py:3239} INFO - Sync 1 DAGs
[2024-10-21T17:32:08.225+0000] {processor.py:208} INFO - Processing /opt/airflow/dags/lesson_3_dag_filha.py took 0.069 seconds
[2024-10-21T17:32:38.449+0000] {processor.py:186} INFO - Started process (PID=5465) to work on /opt/airflow/dags/lesson_3_dag_filha.py
[2024-10-21T17:32:38.450+0000] {processor.py:914} INFO - Processing file /opt/airflow/dags/lesson_3_dag_filha.py for tasks to queue
[2024-10-21T17:32:38.451+0000] {logging_mixin.py:190} INFO - [2024-10-21T17:32:38.451+0000] {dagbag.py:588} INFO - Filling up the DagBag from /opt/airflow/dags/lesson_3_dag_filha.py
[2024-10-21T17:32:38.464+0000] {processor.py:925} INFO - DAG(s) 'DAG_filha' retrieved from /opt/airflow/dags/lesson_3_dag_filha.py
[2024-10-21T17:32:38.479+0000] {logging_mixin.py:190} INFO - [2024-10-21T17:32:38.479+0000] {dag.py:3239} INFO - Sync 1 DAGs
[2024-10-21T17:32:38.514+0000] {processor.py:208} INFO - Processing /opt/airflow/dags/lesson_3_dag_filha.py took 0.069 seconds
[2024-10-21T17:33:08.935+0000] {processor.py:186} INFO - Started process (PID=5535) to work on /opt/airflow/dags/lesson_3_dag_filha.py
[2024-10-21T17:33:08.936+0000] {processor.py:914} INFO - Processing file /opt/airflow/dags/lesson_3_dag_filha.py for tasks to queue
[2024-10-21T17:33:08.937+0000] {logging_mixin.py:190} INFO - [2024-10-21T17:33:08.937+0000] {dagbag.py:588} INFO - Filling up the DagBag from /opt/airflow/dags/lesson_3_dag_filha.py
[2024-10-21T17:33:08.951+0000] {processor.py:925} INFO - DAG(s) 'DAG_filha' retrieved from /opt/airflow/dags/lesson_3_dag_filha.py
[2024-10-21T17:33:08.967+0000] {logging_mixin.py:190} INFO - [2024-10-21T17:33:08.967+0000] {dag.py:3239} INFO - Sync 1 DAGs
[2024-10-21T17:33:09.004+0000] {processor.py:208} INFO - Processing /opt/airflow/dags/lesson_3_dag_filha.py took 0.073 seconds
[2024-10-21T17:33:39.160+0000] {processor.py:186} INFO - Started process (PID=5605) to work on /opt/airflow/dags/lesson_3_dag_filha.py
[2024-10-21T17:33:39.161+0000] {processor.py:914} INFO - Processing file /opt/airflow/dags/lesson_3_dag_filha.py for tasks to queue
[2024-10-21T17:33:39.163+0000] {logging_mixin.py:190} INFO - [2024-10-21T17:33:39.162+0000] {dagbag.py:588} INFO - Filling up the DagBag from /opt/airflow/dags/lesson_3_dag_filha.py
[2024-10-21T17:33:39.178+0000] {processor.py:925} INFO - DAG(s) 'DAG_filha' retrieved from /opt/airflow/dags/lesson_3_dag_filha.py
[2024-10-21T17:33:39.193+0000] {logging_mixin.py:190} INFO - [2024-10-21T17:33:39.193+0000] {dag.py:3239} INFO - Sync 1 DAGs
[2024-10-21T17:33:39.229+0000] {processor.py:208} INFO - Processing /opt/airflow/dags/lesson_3_dag_filha.py took 0.074 seconds
