[2024-10-21T17:30:38.330+0000] {local_task_job_runner.py:123} INFO - ::group::Pre task execution logs
[2024-10-21T17:30:38.355+0000] {taskinstance.py:2612} INFO - Dependencies all met for dep_context=non-requeueable deps ti=<TaskInstance: DAG_LatestOnlyOperator.latest scheduled__2024-10-21T04:46:00+00:00 [queued]>
[2024-10-21T17:30:38.370+0000] {taskinstance.py:2612} INFO - Dependencies all met for dep_context=requeueable deps ti=<TaskInstance: DAG_LatestOnlyOperator.latest scheduled__2024-10-21T04:46:00+00:00 [queued]>
[2024-10-21T17:30:38.371+0000] {taskinstance.py:2865} INFO - Starting attempt 1 of 1
[2024-10-21T17:30:38.392+0000] {taskinstance.py:2888} INFO - Executing <Task(LatestOnlyOperator): latest> on 2024-10-21 04:46:00+00:00
[2024-10-21T17:30:38.404+0000] {warnings.py:112} WARNING - /home/***/.local/lib/python3.12/site-packages/***/task/task_runner/standard_task_runner.py:70: DeprecationWarning: This process (pid=1670) is multi-threaded, use of fork() may lead to deadlocks in the child.
  pid = os.fork()

[2024-10-21T17:30:38.406+0000] {standard_task_runner.py:72} INFO - Started process 1690 to run task
[2024-10-21T17:30:38.406+0000] {standard_task_runner.py:104} INFO - Running: ['***', 'tasks', 'run', 'DAG_LatestOnlyOperator', 'latest', 'scheduled__2024-10-21T04:46:00+00:00', '--job-id', '348', '--raw', '--subdir', 'DAGS_FOLDER/lesson_4_dag_latest.py', '--cfg-path', '/tmp/tmpf5yp2nhw']
[2024-10-21T17:30:38.408+0000] {standard_task_runner.py:105} INFO - Job 348: Subtask latest
[2024-10-21T17:30:38.544+0000] {task_command.py:467} INFO - Running <TaskInstance: DAG_LatestOnlyOperator.latest scheduled__2024-10-21T04:46:00+00:00 [running]> on host 1da8eee663cb
[2024-10-21T17:30:38.667+0000] {taskinstance.py:3131} INFO - Exporting env vars: AIRFLOW_CTX_DAG_OWNER='***' AIRFLOW_CTX_DAG_ID='DAG_LatestOnlyOperator' AIRFLOW_CTX_TASK_ID='latest' AIRFLOW_CTX_EXECUTION_DATE='2024-10-21T04:46:00+00:00' AIRFLOW_CTX_TRY_NUMBER='1' AIRFLOW_CTX_DAG_RUN_ID='scheduled__2024-10-21T04:46:00+00:00'
[2024-10-21T17:30:38.671+0000] {logging_mixin.py:190} INFO - Task instance is in running state
[2024-10-21T17:30:38.672+0000] {logging_mixin.py:190} INFO -  Previous state of the Task instance: queued
[2024-10-21T17:30:38.672+0000] {logging_mixin.py:190} INFO - Current task name:latest state:running start_date:2024-10-21 17:30:38.356442+00:00
[2024-10-21T17:30:38.672+0000] {logging_mixin.py:190} INFO - Dag name:DAG_LatestOnlyOperator and current dag run status:running
[2024-10-21T17:30:38.673+0000] {taskinstance.py:731} INFO - ::endgroup::
[2024-10-21T17:30:38.674+0000] {latest_only.py:63} INFO - Checking latest only with left_window: 2024-10-21 04:47:00+00:00 right_window: 2024-10-21 04:48:00+00:00 now: 2024-10-21 17:30:38.674704+00:00
[2024-10-21T17:30:38.675+0000] {latest_only.py:71} INFO - Not latest execution, skipping downstream.
[2024-10-21T17:30:38.675+0000] {branch.py:38} INFO - Branch into []
[2024-10-21T17:30:38.676+0000] {skipmixin.py:230} INFO - Following branch ()
[2024-10-21T17:30:38.689+0000] {skipmixin.py:278} INFO - Skipping tasks [('python_principal', -1)]
[2024-10-21T17:30:38.737+0000] {taskinstance.py:340} INFO - ::group::Post task execution logs
[2024-10-21T17:30:38.738+0000] {taskinstance.py:352} INFO - Marking task as SUCCESS. dag_id=DAG_LatestOnlyOperator, task_id=latest, run_id=scheduled__2024-10-21T04:46:00+00:00, execution_date=20241021T044600, start_date=20241021T173038, end_date=20241021T173038
[2024-10-21T17:30:38.750+0000] {logging_mixin.py:190} INFO - Task instance in success state
[2024-10-21T17:30:38.752+0000] {logging_mixin.py:190} INFO -  Previous state of the Task instance: running
[2024-10-21T17:30:38.752+0000] {logging_mixin.py:190} INFO - Dag name:DAG_LatestOnlyOperator queued_at:2024-10-21 17:30:34.395101+00:00
[2024-10-21T17:30:38.753+0000] {logging_mixin.py:190} INFO - Task hostname:1da8eee663cb operator:LatestOnlyOperator
[2024-10-21T17:30:38.783+0000] {local_task_job_runner.py:266} INFO - Task exited with return code 0
[2024-10-21T17:30:38.796+0000] {local_task_job_runner.py:245} INFO - ::endgroup::
