[2024-10-22T23:02:39.528+0000] {processor.py:186} INFO - Started process (PID=97) to work on /home/airflow/.local/lib/python3.12/site-packages/airflow/example_dags/example_branch_labels.py
[2024-10-22T23:02:39.529+0000] {processor.py:914} INFO - Processing file /home/airflow/.local/lib/python3.12/site-packages/airflow/example_dags/example_branch_labels.py for tasks to queue
[2024-10-22T23:02:39.531+0000] {logging_mixin.py:190} INFO - [2024-10-22T23:02:39.531+0000] {dagbag.py:588} INFO - Filling up the DagBag from /home/airflow/.local/lib/python3.12/site-packages/airflow/example_dags/example_branch_labels.py
[2024-10-22T23:02:39.539+0000] {processor.py:925} INFO - DAG(s) 'example_branch_labels' retrieved from /home/airflow/.local/lib/python3.12/site-packages/airflow/example_dags/example_branch_labels.py
[2024-10-22T23:02:39.556+0000] {logging_mixin.py:190} INFO - [2024-10-22T23:02:39.556+0000] {dag.py:3239} INFO - Sync 1 DAGs
[2024-10-22T23:02:39.582+0000] {logging_mixin.py:190} INFO - [2024-10-22T23:02:39.582+0000] {dag.py:4180} INFO - Setting next_dagrun for example_branch_labels to 2024-10-21 00:00:00+00:00, run_after=2024-10-22 00:00:00+00:00
[2024-10-22T23:02:39.598+0000] {processor.py:208} INFO - Processing /home/airflow/.local/lib/python3.12/site-packages/airflow/example_dags/example_branch_labels.py took 0.075 seconds
[2024-10-22T23:03:10.852+0000] {processor.py:186} INFO - Started process (PID=167) to work on /home/airflow/.local/lib/python3.12/site-packages/airflow/example_dags/example_branch_labels.py
[2024-10-22T23:03:10.853+0000] {processor.py:914} INFO - Processing file /home/airflow/.local/lib/python3.12/site-packages/airflow/example_dags/example_branch_labels.py for tasks to queue
[2024-10-22T23:03:10.856+0000] {logging_mixin.py:190} INFO - [2024-10-22T23:03:10.856+0000] {dagbag.py:588} INFO - Filling up the DagBag from /home/airflow/.local/lib/python3.12/site-packages/airflow/example_dags/example_branch_labels.py
[2024-10-22T23:03:10.871+0000] {processor.py:925} INFO - DAG(s) 'example_branch_labels' retrieved from /home/airflow/.local/lib/python3.12/site-packages/airflow/example_dags/example_branch_labels.py
[2024-10-22T23:03:10.895+0000] {logging_mixin.py:190} INFO - [2024-10-22T23:03:10.895+0000] {dag.py:3239} INFO - Sync 1 DAGs
[2024-10-22T23:03:10.923+0000] {logging_mixin.py:190} INFO - [2024-10-22T23:03:10.923+0000] {dag.py:4180} INFO - Setting next_dagrun for example_branch_labels to 2024-10-21 00:00:00+00:00, run_after=2024-10-22 00:00:00+00:00
[2024-10-22T23:03:10.944+0000] {processor.py:208} INFO - Processing /home/airflow/.local/lib/python3.12/site-packages/airflow/example_dags/example_branch_labels.py took 0.099 seconds
[2024-10-22T23:03:41.023+0000] {processor.py:186} INFO - Started process (PID=237) to work on /home/airflow/.local/lib/python3.12/site-packages/airflow/example_dags/example_branch_labels.py
[2024-10-22T23:03:41.023+0000] {processor.py:914} INFO - Processing file /home/airflow/.local/lib/python3.12/site-packages/airflow/example_dags/example_branch_labels.py for tasks to queue
[2024-10-22T23:03:41.025+0000] {logging_mixin.py:190} INFO - [2024-10-22T23:03:41.025+0000] {dagbag.py:588} INFO - Filling up the DagBag from /home/airflow/.local/lib/python3.12/site-packages/airflow/example_dags/example_branch_labels.py
[2024-10-22T23:03:41.033+0000] {processor.py:925} INFO - DAG(s) 'example_branch_labels' retrieved from /home/airflow/.local/lib/python3.12/site-packages/airflow/example_dags/example_branch_labels.py
[2024-10-22T23:03:41.051+0000] {logging_mixin.py:190} INFO - [2024-10-22T23:03:41.051+0000] {dag.py:3239} INFO - Sync 1 DAGs
[2024-10-22T23:03:41.071+0000] {logging_mixin.py:190} INFO - [2024-10-22T23:03:41.071+0000] {dag.py:4180} INFO - Setting next_dagrun for example_branch_labels to 2024-10-21 00:00:00+00:00, run_after=2024-10-22 00:00:00+00:00
[2024-10-22T23:03:41.086+0000] {processor.py:208} INFO - Processing /home/airflow/.local/lib/python3.12/site-packages/airflow/example_dags/example_branch_labels.py took 0.068 seconds
[2024-10-22T23:04:11.573+0000] {processor.py:186} INFO - Started process (PID=307) to work on /home/airflow/.local/lib/python3.12/site-packages/airflow/example_dags/example_branch_labels.py
[2024-10-22T23:04:11.574+0000] {processor.py:914} INFO - Processing file /home/airflow/.local/lib/python3.12/site-packages/airflow/example_dags/example_branch_labels.py for tasks to queue
[2024-10-22T23:04:11.576+0000] {logging_mixin.py:190} INFO - [2024-10-22T23:04:11.576+0000] {dagbag.py:588} INFO - Filling up the DagBag from /home/airflow/.local/lib/python3.12/site-packages/airflow/example_dags/example_branch_labels.py
[2024-10-22T23:04:11.584+0000] {processor.py:925} INFO - DAG(s) 'example_branch_labels' retrieved from /home/airflow/.local/lib/python3.12/site-packages/airflow/example_dags/example_branch_labels.py
[2024-10-22T23:04:11.603+0000] {logging_mixin.py:190} INFO - [2024-10-22T23:04:11.602+0000] {dag.py:3239} INFO - Sync 1 DAGs
[2024-10-22T23:04:11.621+0000] {logging_mixin.py:190} INFO - [2024-10-22T23:04:11.621+0000] {dag.py:4180} INFO - Setting next_dagrun for example_branch_labels to 2024-10-21 00:00:00+00:00, run_after=2024-10-22 00:00:00+00:00
[2024-10-22T23:04:11.639+0000] {processor.py:208} INFO - Processing /home/airflow/.local/lib/python3.12/site-packages/airflow/example_dags/example_branch_labels.py took 0.071 seconds
[2024-10-22T23:04:41.957+0000] {processor.py:186} INFO - Started process (PID=377) to work on /home/airflow/.local/lib/python3.12/site-packages/airflow/example_dags/example_branch_labels.py
[2024-10-22T23:04:41.958+0000] {processor.py:914} INFO - Processing file /home/airflow/.local/lib/python3.12/site-packages/airflow/example_dags/example_branch_labels.py for tasks to queue
[2024-10-22T23:04:41.960+0000] {logging_mixin.py:190} INFO - [2024-10-22T23:04:41.960+0000] {dagbag.py:588} INFO - Filling up the DagBag from /home/airflow/.local/lib/python3.12/site-packages/airflow/example_dags/example_branch_labels.py
[2024-10-22T23:04:41.969+0000] {processor.py:925} INFO - DAG(s) 'example_branch_labels' retrieved from /home/airflow/.local/lib/python3.12/site-packages/airflow/example_dags/example_branch_labels.py
[2024-10-22T23:04:41.990+0000] {logging_mixin.py:190} INFO - [2024-10-22T23:04:41.990+0000] {dag.py:3239} INFO - Sync 1 DAGs
[2024-10-22T23:04:42.012+0000] {logging_mixin.py:190} INFO - [2024-10-22T23:04:42.012+0000] {dag.py:4180} INFO - Setting next_dagrun for example_branch_labels to 2024-10-21 00:00:00+00:00, run_after=2024-10-22 00:00:00+00:00
[2024-10-22T23:04:42.031+0000] {processor.py:208} INFO - Processing /home/airflow/.local/lib/python3.12/site-packages/airflow/example_dags/example_branch_labels.py took 0.079 seconds
[2024-10-22T23:05:12.479+0000] {processor.py:186} INFO - Started process (PID=447) to work on /home/airflow/.local/lib/python3.12/site-packages/airflow/example_dags/example_branch_labels.py
[2024-10-22T23:05:12.480+0000] {processor.py:914} INFO - Processing file /home/airflow/.local/lib/python3.12/site-packages/airflow/example_dags/example_branch_labels.py for tasks to queue
[2024-10-22T23:05:12.482+0000] {logging_mixin.py:190} INFO - [2024-10-22T23:05:12.482+0000] {dagbag.py:588} INFO - Filling up the DagBag from /home/airflow/.local/lib/python3.12/site-packages/airflow/example_dags/example_branch_labels.py
[2024-10-22T23:05:12.490+0000] {processor.py:925} INFO - DAG(s) 'example_branch_labels' retrieved from /home/airflow/.local/lib/python3.12/site-packages/airflow/example_dags/example_branch_labels.py
[2024-10-22T23:05:12.510+0000] {logging_mixin.py:190} INFO - [2024-10-22T23:05:12.510+0000] {dag.py:3239} INFO - Sync 1 DAGs
[2024-10-22T23:05:12.535+0000] {logging_mixin.py:190} INFO - [2024-10-22T23:05:12.534+0000] {dag.py:4180} INFO - Setting next_dagrun for example_branch_labels to 2024-10-21 00:00:00+00:00, run_after=2024-10-22 00:00:00+00:00
[2024-10-22T23:05:12.583+0000] {processor.py:208} INFO - Processing /home/airflow/.local/lib/python3.12/site-packages/airflow/example_dags/example_branch_labels.py took 0.109 seconds
[2024-10-22T23:05:43.018+0000] {processor.py:186} INFO - Started process (PID=517) to work on /home/airflow/.local/lib/python3.12/site-packages/airflow/example_dags/example_branch_labels.py
[2024-10-22T23:05:43.019+0000] {processor.py:914} INFO - Processing file /home/airflow/.local/lib/python3.12/site-packages/airflow/example_dags/example_branch_labels.py for tasks to queue
[2024-10-22T23:05:43.021+0000] {logging_mixin.py:190} INFO - [2024-10-22T23:05:43.021+0000] {dagbag.py:588} INFO - Filling up the DagBag from /home/airflow/.local/lib/python3.12/site-packages/airflow/example_dags/example_branch_labels.py
[2024-10-22T23:05:43.028+0000] {processor.py:925} INFO - DAG(s) 'example_branch_labels' retrieved from /home/airflow/.local/lib/python3.12/site-packages/airflow/example_dags/example_branch_labels.py
[2024-10-22T23:05:43.046+0000] {logging_mixin.py:190} INFO - [2024-10-22T23:05:43.046+0000] {dag.py:3239} INFO - Sync 1 DAGs
[2024-10-22T23:05:43.066+0000] {logging_mixin.py:190} INFO - [2024-10-22T23:05:43.066+0000] {dag.py:4180} INFO - Setting next_dagrun for example_branch_labels to 2024-10-21 00:00:00+00:00, run_after=2024-10-22 00:00:00+00:00
[2024-10-22T23:05:43.087+0000] {processor.py:208} INFO - Processing /home/airflow/.local/lib/python3.12/site-packages/airflow/example_dags/example_branch_labels.py took 0.074 seconds
[2024-10-22T23:06:13.371+0000] {processor.py:186} INFO - Started process (PID=587) to work on /home/airflow/.local/lib/python3.12/site-packages/airflow/example_dags/example_branch_labels.py
[2024-10-22T23:06:13.372+0000] {processor.py:914} INFO - Processing file /home/airflow/.local/lib/python3.12/site-packages/airflow/example_dags/example_branch_labels.py for tasks to queue
[2024-10-22T23:06:13.375+0000] {logging_mixin.py:190} INFO - [2024-10-22T23:06:13.374+0000] {dagbag.py:588} INFO - Filling up the DagBag from /home/airflow/.local/lib/python3.12/site-packages/airflow/example_dags/example_branch_labels.py
[2024-10-22T23:06:13.382+0000] {processor.py:925} INFO - DAG(s) 'example_branch_labels' retrieved from /home/airflow/.local/lib/python3.12/site-packages/airflow/example_dags/example_branch_labels.py
[2024-10-22T23:06:13.401+0000] {logging_mixin.py:190} INFO - [2024-10-22T23:06:13.401+0000] {dag.py:3239} INFO - Sync 1 DAGs
[2024-10-22T23:06:13.436+0000] {logging_mixin.py:190} INFO - [2024-10-22T23:06:13.435+0000] {dag.py:4180} INFO - Setting next_dagrun for example_branch_labels to 2024-10-21 00:00:00+00:00, run_after=2024-10-22 00:00:00+00:00
[2024-10-22T23:06:13.454+0000] {processor.py:208} INFO - Processing /home/airflow/.local/lib/python3.12/site-packages/airflow/example_dags/example_branch_labels.py took 0.090 seconds
[2024-10-22T23:06:43.535+0000] {processor.py:186} INFO - Started process (PID=657) to work on /home/airflow/.local/lib/python3.12/site-packages/airflow/example_dags/example_branch_labels.py
[2024-10-22T23:06:43.536+0000] {processor.py:914} INFO - Processing file /home/airflow/.local/lib/python3.12/site-packages/airflow/example_dags/example_branch_labels.py for tasks to queue
[2024-10-22T23:06:43.539+0000] {logging_mixin.py:190} INFO - [2024-10-22T23:06:43.538+0000] {dagbag.py:588} INFO - Filling up the DagBag from /home/airflow/.local/lib/python3.12/site-packages/airflow/example_dags/example_branch_labels.py
[2024-10-22T23:06:43.546+0000] {processor.py:925} INFO - DAG(s) 'example_branch_labels' retrieved from /home/airflow/.local/lib/python3.12/site-packages/airflow/example_dags/example_branch_labels.py
[2024-10-22T23:06:43.563+0000] {logging_mixin.py:190} INFO - [2024-10-22T23:06:43.563+0000] {dag.py:3239} INFO - Sync 1 DAGs
[2024-10-22T23:06:43.583+0000] {logging_mixin.py:190} INFO - [2024-10-22T23:06:43.583+0000] {dag.py:4180} INFO - Setting next_dagrun for example_branch_labels to 2024-10-21 00:00:00+00:00, run_after=2024-10-22 00:00:00+00:00
[2024-10-22T23:06:43.603+0000] {processor.py:208} INFO - Processing /home/airflow/.local/lib/python3.12/site-packages/airflow/example_dags/example_branch_labels.py took 0.072 seconds
[2024-10-22T23:07:14.245+0000] {processor.py:186} INFO - Started process (PID=728) to work on /home/airflow/.local/lib/python3.12/site-packages/airflow/example_dags/example_branch_labels.py
[2024-10-22T23:07:14.247+0000] {processor.py:914} INFO - Processing file /home/airflow/.local/lib/python3.12/site-packages/airflow/example_dags/example_branch_labels.py for tasks to queue
[2024-10-22T23:07:14.250+0000] {logging_mixin.py:190} INFO - [2024-10-22T23:07:14.250+0000] {dagbag.py:588} INFO - Filling up the DagBag from /home/airflow/.local/lib/python3.12/site-packages/airflow/example_dags/example_branch_labels.py
[2024-10-22T23:07:14.260+0000] {processor.py:925} INFO - DAG(s) 'example_branch_labels' retrieved from /home/airflow/.local/lib/python3.12/site-packages/airflow/example_dags/example_branch_labels.py
[2024-10-22T23:07:14.279+0000] {logging_mixin.py:190} INFO - [2024-10-22T23:07:14.279+0000] {dag.py:3239} INFO - Sync 1 DAGs
[2024-10-22T23:07:14.300+0000] {logging_mixin.py:190} INFO - [2024-10-22T23:07:14.300+0000] {dag.py:4180} INFO - Setting next_dagrun for example_branch_labels to 2024-10-21 00:00:00+00:00, run_after=2024-10-22 00:00:00+00:00
[2024-10-22T23:07:14.319+0000] {processor.py:208} INFO - Processing /home/airflow/.local/lib/python3.12/site-packages/airflow/example_dags/example_branch_labels.py took 0.081 seconds
[2024-10-22T23:07:45.052+0000] {processor.py:186} INFO - Started process (PID=798) to work on /home/airflow/.local/lib/python3.12/site-packages/airflow/example_dags/example_branch_labels.py
[2024-10-22T23:07:45.053+0000] {processor.py:914} INFO - Processing file /home/airflow/.local/lib/python3.12/site-packages/airflow/example_dags/example_branch_labels.py for tasks to queue
[2024-10-22T23:07:45.055+0000] {logging_mixin.py:190} INFO - [2024-10-22T23:07:45.055+0000] {dagbag.py:588} INFO - Filling up the DagBag from /home/airflow/.local/lib/python3.12/site-packages/airflow/example_dags/example_branch_labels.py
[2024-10-22T23:07:45.063+0000] {processor.py:925} INFO - DAG(s) 'example_branch_labels' retrieved from /home/airflow/.local/lib/python3.12/site-packages/airflow/example_dags/example_branch_labels.py
[2024-10-22T23:07:45.084+0000] {logging_mixin.py:190} INFO - [2024-10-22T23:07:45.083+0000] {dag.py:3239} INFO - Sync 1 DAGs
[2024-10-22T23:07:45.107+0000] {logging_mixin.py:190} INFO - [2024-10-22T23:07:45.107+0000] {dag.py:4180} INFO - Setting next_dagrun for example_branch_labels to 2024-10-21 00:00:00+00:00, run_after=2024-10-22 00:00:00+00:00
[2024-10-22T23:07:45.130+0000] {processor.py:208} INFO - Processing /home/airflow/.local/lib/python3.12/site-packages/airflow/example_dags/example_branch_labels.py took 0.086 seconds
[2024-10-22T23:08:15.436+0000] {processor.py:186} INFO - Started process (PID=868) to work on /home/airflow/.local/lib/python3.12/site-packages/airflow/example_dags/example_branch_labels.py
[2024-10-22T23:08:15.437+0000] {processor.py:914} INFO - Processing file /home/airflow/.local/lib/python3.12/site-packages/airflow/example_dags/example_branch_labels.py for tasks to queue
[2024-10-22T23:08:15.439+0000] {logging_mixin.py:190} INFO - [2024-10-22T23:08:15.439+0000] {dagbag.py:588} INFO - Filling up the DagBag from /home/airflow/.local/lib/python3.12/site-packages/airflow/example_dags/example_branch_labels.py
[2024-10-22T23:08:15.447+0000] {processor.py:925} INFO - DAG(s) 'example_branch_labels' retrieved from /home/airflow/.local/lib/python3.12/site-packages/airflow/example_dags/example_branch_labels.py
[2024-10-22T23:08:15.465+0000] {logging_mixin.py:190} INFO - [2024-10-22T23:08:15.465+0000] {dag.py:3239} INFO - Sync 1 DAGs
[2024-10-22T23:08:15.487+0000] {logging_mixin.py:190} INFO - [2024-10-22T23:08:15.487+0000] {dag.py:4180} INFO - Setting next_dagrun for example_branch_labels to 2024-10-21 00:00:00+00:00, run_after=2024-10-22 00:00:00+00:00
[2024-10-22T23:08:15.504+0000] {processor.py:208} INFO - Processing /home/airflow/.local/lib/python3.12/site-packages/airflow/example_dags/example_branch_labels.py took 0.074 seconds
[2024-10-22T23:08:46.217+0000] {processor.py:186} INFO - Started process (PID=938) to work on /home/airflow/.local/lib/python3.12/site-packages/airflow/example_dags/example_branch_labels.py
[2024-10-22T23:08:46.218+0000] {processor.py:914} INFO - Processing file /home/airflow/.local/lib/python3.12/site-packages/airflow/example_dags/example_branch_labels.py for tasks to queue
[2024-10-22T23:08:46.220+0000] {logging_mixin.py:190} INFO - [2024-10-22T23:08:46.220+0000] {dagbag.py:588} INFO - Filling up the DagBag from /home/airflow/.local/lib/python3.12/site-packages/airflow/example_dags/example_branch_labels.py
[2024-10-22T23:08:46.229+0000] {processor.py:925} INFO - DAG(s) 'example_branch_labels' retrieved from /home/airflow/.local/lib/python3.12/site-packages/airflow/example_dags/example_branch_labels.py
[2024-10-22T23:08:46.250+0000] {logging_mixin.py:190} INFO - [2024-10-22T23:08:46.250+0000] {dag.py:3239} INFO - Sync 1 DAGs
[2024-10-22T23:08:46.276+0000] {logging_mixin.py:190} INFO - [2024-10-22T23:08:46.275+0000] {dag.py:4180} INFO - Setting next_dagrun for example_branch_labels to 2024-10-21 00:00:00+00:00, run_after=2024-10-22 00:00:00+00:00
[2024-10-22T23:08:46.294+0000] {processor.py:208} INFO - Processing /home/airflow/.local/lib/python3.12/site-packages/airflow/example_dags/example_branch_labels.py took 0.081 seconds
[2024-10-22T23:09:16.828+0000] {processor.py:186} INFO - Started process (PID=1008) to work on /home/airflow/.local/lib/python3.12/site-packages/airflow/example_dags/example_branch_labels.py
[2024-10-22T23:09:16.829+0000] {processor.py:914} INFO - Processing file /home/airflow/.local/lib/python3.12/site-packages/airflow/example_dags/example_branch_labels.py for tasks to queue
[2024-10-22T23:09:16.831+0000] {logging_mixin.py:190} INFO - [2024-10-22T23:09:16.831+0000] {dagbag.py:588} INFO - Filling up the DagBag from /home/airflow/.local/lib/python3.12/site-packages/airflow/example_dags/example_branch_labels.py
[2024-10-22T23:09:16.841+0000] {processor.py:925} INFO - DAG(s) 'example_branch_labels' retrieved from /home/airflow/.local/lib/python3.12/site-packages/airflow/example_dags/example_branch_labels.py
[2024-10-22T23:09:16.872+0000] {logging_mixin.py:190} INFO - [2024-10-22T23:09:16.872+0000] {dag.py:3239} INFO - Sync 1 DAGs
[2024-10-22T23:09:16.894+0000] {logging_mixin.py:190} INFO - [2024-10-22T23:09:16.894+0000] {dag.py:4180} INFO - Setting next_dagrun for example_branch_labels to 2024-10-21 00:00:00+00:00, run_after=2024-10-22 00:00:00+00:00
[2024-10-22T23:09:16.912+0000] {processor.py:208} INFO - Processing /home/airflow/.local/lib/python3.12/site-packages/airflow/example_dags/example_branch_labels.py took 0.089 seconds
[2024-10-22T23:09:47.503+0000] {processor.py:186} INFO - Started process (PID=1078) to work on /home/airflow/.local/lib/python3.12/site-packages/airflow/example_dags/example_branch_labels.py
[2024-10-22T23:09:47.504+0000] {processor.py:914} INFO - Processing file /home/airflow/.local/lib/python3.12/site-packages/airflow/example_dags/example_branch_labels.py for tasks to queue
[2024-10-22T23:09:47.506+0000] {logging_mixin.py:190} INFO - [2024-10-22T23:09:47.505+0000] {dagbag.py:588} INFO - Filling up the DagBag from /home/airflow/.local/lib/python3.12/site-packages/airflow/example_dags/example_branch_labels.py
[2024-10-22T23:09:47.514+0000] {processor.py:925} INFO - DAG(s) 'example_branch_labels' retrieved from /home/airflow/.local/lib/python3.12/site-packages/airflow/example_dags/example_branch_labels.py
[2024-10-22T23:09:47.531+0000] {logging_mixin.py:190} INFO - [2024-10-22T23:09:47.531+0000] {dag.py:3239} INFO - Sync 1 DAGs
[2024-10-22T23:09:47.552+0000] {logging_mixin.py:190} INFO - [2024-10-22T23:09:47.552+0000] {dag.py:4180} INFO - Setting next_dagrun for example_branch_labels to 2024-10-21 00:00:00+00:00, run_after=2024-10-22 00:00:00+00:00
[2024-10-22T23:09:47.568+0000] {processor.py:208} INFO - Processing /home/airflow/.local/lib/python3.12/site-packages/airflow/example_dags/example_branch_labels.py took 0.070 seconds
[2024-10-22T23:10:17.872+0000] {processor.py:186} INFO - Started process (PID=1148) to work on /home/airflow/.local/lib/python3.12/site-packages/airflow/example_dags/example_branch_labels.py
[2024-10-22T23:10:17.873+0000] {processor.py:914} INFO - Processing file /home/airflow/.local/lib/python3.12/site-packages/airflow/example_dags/example_branch_labels.py for tasks to queue
[2024-10-22T23:10:17.876+0000] {logging_mixin.py:190} INFO - [2024-10-22T23:10:17.876+0000] {dagbag.py:588} INFO - Filling up the DagBag from /home/airflow/.local/lib/python3.12/site-packages/airflow/example_dags/example_branch_labels.py
[2024-10-22T23:10:17.885+0000] {processor.py:925} INFO - DAG(s) 'example_branch_labels' retrieved from /home/airflow/.local/lib/python3.12/site-packages/airflow/example_dags/example_branch_labels.py
[2024-10-22T23:10:17.907+0000] {logging_mixin.py:190} INFO - [2024-10-22T23:10:17.906+0000] {dag.py:3239} INFO - Sync 1 DAGs
[2024-10-22T23:10:17.936+0000] {logging_mixin.py:190} INFO - [2024-10-22T23:10:17.935+0000] {dag.py:4180} INFO - Setting next_dagrun for example_branch_labels to 2024-10-21 00:00:00+00:00, run_after=2024-10-22 00:00:00+00:00
[2024-10-22T23:10:17.961+0000] {processor.py:208} INFO - Processing /home/airflow/.local/lib/python3.12/site-packages/airflow/example_dags/example_branch_labels.py took 0.097 seconds
[2024-10-22T23:10:48.572+0000] {processor.py:186} INFO - Started process (PID=1218) to work on /home/airflow/.local/lib/python3.12/site-packages/airflow/example_dags/example_branch_labels.py
[2024-10-22T23:10:48.573+0000] {processor.py:914} INFO - Processing file /home/airflow/.local/lib/python3.12/site-packages/airflow/example_dags/example_branch_labels.py for tasks to queue
[2024-10-22T23:10:48.575+0000] {logging_mixin.py:190} INFO - [2024-10-22T23:10:48.575+0000] {dagbag.py:588} INFO - Filling up the DagBag from /home/airflow/.local/lib/python3.12/site-packages/airflow/example_dags/example_branch_labels.py
[2024-10-22T23:10:48.586+0000] {processor.py:925} INFO - DAG(s) 'example_branch_labels' retrieved from /home/airflow/.local/lib/python3.12/site-packages/airflow/example_dags/example_branch_labels.py
[2024-10-22T23:10:48.605+0000] {logging_mixin.py:190} INFO - [2024-10-22T23:10:48.605+0000] {dag.py:3239} INFO - Sync 1 DAGs
[2024-10-22T23:10:48.625+0000] {logging_mixin.py:190} INFO - [2024-10-22T23:10:48.625+0000] {dag.py:4180} INFO - Setting next_dagrun for example_branch_labels to 2024-10-21 00:00:00+00:00, run_after=2024-10-22 00:00:00+00:00
[2024-10-22T23:10:48.644+0000] {processor.py:208} INFO - Processing /home/airflow/.local/lib/python3.12/site-packages/airflow/example_dags/example_branch_labels.py took 0.076 seconds
[2024-10-22T23:11:19.267+0000] {processor.py:186} INFO - Started process (PID=1288) to work on /home/airflow/.local/lib/python3.12/site-packages/airflow/example_dags/example_branch_labels.py
[2024-10-22T23:11:19.267+0000] {processor.py:914} INFO - Processing file /home/airflow/.local/lib/python3.12/site-packages/airflow/example_dags/example_branch_labels.py for tasks to queue
[2024-10-22T23:11:19.270+0000] {logging_mixin.py:190} INFO - [2024-10-22T23:11:19.270+0000] {dagbag.py:588} INFO - Filling up the DagBag from /home/airflow/.local/lib/python3.12/site-packages/airflow/example_dags/example_branch_labels.py
[2024-10-22T23:11:19.278+0000] {processor.py:925} INFO - DAG(s) 'example_branch_labels' retrieved from /home/airflow/.local/lib/python3.12/site-packages/airflow/example_dags/example_branch_labels.py
[2024-10-22T23:11:19.297+0000] {logging_mixin.py:190} INFO - [2024-10-22T23:11:19.297+0000] {dag.py:3239} INFO - Sync 1 DAGs
[2024-10-22T23:11:19.319+0000] {logging_mixin.py:190} INFO - [2024-10-22T23:11:19.319+0000] {dag.py:4180} INFO - Setting next_dagrun for example_branch_labels to 2024-10-21 00:00:00+00:00, run_after=2024-10-22 00:00:00+00:00
[2024-10-22T23:11:19.334+0000] {processor.py:208} INFO - Processing /home/airflow/.local/lib/python3.12/site-packages/airflow/example_dags/example_branch_labels.py took 0.072 seconds
[2024-10-22T23:11:49.990+0000] {processor.py:186} INFO - Started process (PID=1358) to work on /home/airflow/.local/lib/python3.12/site-packages/airflow/example_dags/example_branch_labels.py
[2024-10-22T23:11:49.991+0000] {processor.py:914} INFO - Processing file /home/airflow/.local/lib/python3.12/site-packages/airflow/example_dags/example_branch_labels.py for tasks to queue
[2024-10-22T23:11:49.994+0000] {logging_mixin.py:190} INFO - [2024-10-22T23:11:49.993+0000] {dagbag.py:588} INFO - Filling up the DagBag from /home/airflow/.local/lib/python3.12/site-packages/airflow/example_dags/example_branch_labels.py
[2024-10-22T23:11:50.003+0000] {processor.py:925} INFO - DAG(s) 'example_branch_labels' retrieved from /home/airflow/.local/lib/python3.12/site-packages/airflow/example_dags/example_branch_labels.py
[2024-10-22T23:11:50.022+0000] {logging_mixin.py:190} INFO - [2024-10-22T23:11:50.022+0000] {dag.py:3239} INFO - Sync 1 DAGs
[2024-10-22T23:11:50.041+0000] {logging_mixin.py:190} INFO - [2024-10-22T23:11:50.041+0000] {dag.py:4180} INFO - Setting next_dagrun for example_branch_labels to 2024-10-21 00:00:00+00:00, run_after=2024-10-22 00:00:00+00:00
[2024-10-22T23:11:50.062+0000] {processor.py:208} INFO - Processing /home/airflow/.local/lib/python3.12/site-packages/airflow/example_dags/example_branch_labels.py took 0.076 seconds
[2024-10-22T23:12:20.627+0000] {processor.py:186} INFO - Started process (PID=1428) to work on /home/airflow/.local/lib/python3.12/site-packages/airflow/example_dags/example_branch_labels.py
[2024-10-22T23:12:20.628+0000] {processor.py:914} INFO - Processing file /home/airflow/.local/lib/python3.12/site-packages/airflow/example_dags/example_branch_labels.py for tasks to queue
[2024-10-22T23:12:20.629+0000] {logging_mixin.py:190} INFO - [2024-10-22T23:12:20.629+0000] {dagbag.py:588} INFO - Filling up the DagBag from /home/airflow/.local/lib/python3.12/site-packages/airflow/example_dags/example_branch_labels.py
[2024-10-22T23:12:20.637+0000] {processor.py:925} INFO - DAG(s) 'example_branch_labels' retrieved from /home/airflow/.local/lib/python3.12/site-packages/airflow/example_dags/example_branch_labels.py
[2024-10-22T23:12:20.658+0000] {logging_mixin.py:190} INFO - [2024-10-22T23:12:20.658+0000] {dag.py:3239} INFO - Sync 1 DAGs
[2024-10-22T23:12:20.676+0000] {logging_mixin.py:190} INFO - [2024-10-22T23:12:20.676+0000] {dag.py:4180} INFO - Setting next_dagrun for example_branch_labels to 2024-10-21 00:00:00+00:00, run_after=2024-10-22 00:00:00+00:00
[2024-10-22T23:12:20.694+0000] {processor.py:208} INFO - Processing /home/airflow/.local/lib/python3.12/site-packages/airflow/example_dags/example_branch_labels.py took 0.072 seconds
[2024-10-22T23:12:50.936+0000] {processor.py:186} INFO - Started process (PID=1497) to work on /home/airflow/.local/lib/python3.12/site-packages/airflow/example_dags/example_branch_labels.py
[2024-10-22T23:12:50.937+0000] {processor.py:914} INFO - Processing file /home/airflow/.local/lib/python3.12/site-packages/airflow/example_dags/example_branch_labels.py for tasks to queue
[2024-10-22T23:12:50.939+0000] {logging_mixin.py:190} INFO - [2024-10-22T23:12:50.939+0000] {dagbag.py:588} INFO - Filling up the DagBag from /home/airflow/.local/lib/python3.12/site-packages/airflow/example_dags/example_branch_labels.py
[2024-10-22T23:12:50.947+0000] {processor.py:925} INFO - DAG(s) 'example_branch_labels' retrieved from /home/airflow/.local/lib/python3.12/site-packages/airflow/example_dags/example_branch_labels.py
[2024-10-22T23:12:50.963+0000] {logging_mixin.py:190} INFO - [2024-10-22T23:12:50.963+0000] {dag.py:3239} INFO - Sync 1 DAGs
[2024-10-22T23:12:50.981+0000] {logging_mixin.py:190} INFO - [2024-10-22T23:12:50.980+0000] {dag.py:4180} INFO - Setting next_dagrun for example_branch_labels to 2024-10-21 00:00:00+00:00, run_after=2024-10-22 00:00:00+00:00
[2024-10-22T23:12:50.997+0000] {processor.py:208} INFO - Processing /home/airflow/.local/lib/python3.12/site-packages/airflow/example_dags/example_branch_labels.py took 0.066 seconds
[2024-10-22T23:13:21.474+0000] {processor.py:186} INFO - Started process (PID=1567) to work on /home/airflow/.local/lib/python3.12/site-packages/airflow/example_dags/example_branch_labels.py
[2024-10-22T23:13:21.475+0000] {processor.py:914} INFO - Processing file /home/airflow/.local/lib/python3.12/site-packages/airflow/example_dags/example_branch_labels.py for tasks to queue
[2024-10-22T23:13:21.478+0000] {logging_mixin.py:190} INFO - [2024-10-22T23:13:21.477+0000] {dagbag.py:588} INFO - Filling up the DagBag from /home/airflow/.local/lib/python3.12/site-packages/airflow/example_dags/example_branch_labels.py
[2024-10-22T23:13:21.488+0000] {processor.py:925} INFO - DAG(s) 'example_branch_labels' retrieved from /home/airflow/.local/lib/python3.12/site-packages/airflow/example_dags/example_branch_labels.py
[2024-10-22T23:13:21.510+0000] {logging_mixin.py:190} INFO - [2024-10-22T23:13:21.510+0000] {dag.py:3239} INFO - Sync 1 DAGs
[2024-10-22T23:13:21.533+0000] {logging_mixin.py:190} INFO - [2024-10-22T23:13:21.533+0000] {dag.py:4180} INFO - Setting next_dagrun for example_branch_labels to 2024-10-21 00:00:00+00:00, run_after=2024-10-22 00:00:00+00:00
[2024-10-22T23:13:21.552+0000] {processor.py:208} INFO - Processing /home/airflow/.local/lib/python3.12/site-packages/airflow/example_dags/example_branch_labels.py took 0.082 seconds
[2024-10-22T23:13:51.947+0000] {processor.py:186} INFO - Started process (PID=1639) to work on /home/airflow/.local/lib/python3.12/site-packages/airflow/example_dags/example_branch_labels.py
[2024-10-22T23:13:51.948+0000] {processor.py:914} INFO - Processing file /home/airflow/.local/lib/python3.12/site-packages/airflow/example_dags/example_branch_labels.py for tasks to queue
[2024-10-22T23:13:51.951+0000] {logging_mixin.py:190} INFO - [2024-10-22T23:13:51.950+0000] {dagbag.py:588} INFO - Filling up the DagBag from /home/airflow/.local/lib/python3.12/site-packages/airflow/example_dags/example_branch_labels.py
[2024-10-22T23:13:51.959+0000] {processor.py:925} INFO - DAG(s) 'example_branch_labels' retrieved from /home/airflow/.local/lib/python3.12/site-packages/airflow/example_dags/example_branch_labels.py
[2024-10-22T23:13:51.978+0000] {logging_mixin.py:190} INFO - [2024-10-22T23:13:51.977+0000] {dag.py:3239} INFO - Sync 1 DAGs
[2024-10-22T23:13:51.997+0000] {logging_mixin.py:190} INFO - [2024-10-22T23:13:51.996+0000] {dag.py:4180} INFO - Setting next_dagrun for example_branch_labels to 2024-10-21 00:00:00+00:00, run_after=2024-10-22 00:00:00+00:00
[2024-10-22T23:13:52.014+0000] {processor.py:208} INFO - Processing /home/airflow/.local/lib/python3.12/site-packages/airflow/example_dags/example_branch_labels.py took 0.071 seconds
[2024-10-22T23:14:22.697+0000] {processor.py:186} INFO - Started process (PID=1709) to work on /home/airflow/.local/lib/python3.12/site-packages/airflow/example_dags/example_branch_labels.py
[2024-10-22T23:14:22.698+0000] {processor.py:914} INFO - Processing file /home/airflow/.local/lib/python3.12/site-packages/airflow/example_dags/example_branch_labels.py for tasks to queue
[2024-10-22T23:14:22.701+0000] {logging_mixin.py:190} INFO - [2024-10-22T23:14:22.700+0000] {dagbag.py:588} INFO - Filling up the DagBag from /home/airflow/.local/lib/python3.12/site-packages/airflow/example_dags/example_branch_labels.py
[2024-10-22T23:14:22.712+0000] {processor.py:925} INFO - DAG(s) 'example_branch_labels' retrieved from /home/airflow/.local/lib/python3.12/site-packages/airflow/example_dags/example_branch_labels.py
[2024-10-22T23:14:22.729+0000] {logging_mixin.py:190} INFO - [2024-10-22T23:14:22.729+0000] {dag.py:3239} INFO - Sync 1 DAGs
[2024-10-22T23:14:22.753+0000] {logging_mixin.py:190} INFO - [2024-10-22T23:14:22.753+0000] {dag.py:4180} INFO - Setting next_dagrun for example_branch_labels to 2024-10-21 00:00:00+00:00, run_after=2024-10-22 00:00:00+00:00
[2024-10-22T23:14:22.773+0000] {processor.py:208} INFO - Processing /home/airflow/.local/lib/python3.12/site-packages/airflow/example_dags/example_branch_labels.py took 0.082 seconds
[2024-10-22T23:14:53.304+0000] {processor.py:186} INFO - Started process (PID=1780) to work on /home/airflow/.local/lib/python3.12/site-packages/airflow/example_dags/example_branch_labels.py
[2024-10-22T23:14:53.305+0000] {processor.py:914} INFO - Processing file /home/airflow/.local/lib/python3.12/site-packages/airflow/example_dags/example_branch_labels.py for tasks to queue
[2024-10-22T23:14:53.308+0000] {logging_mixin.py:190} INFO - [2024-10-22T23:14:53.308+0000] {dagbag.py:588} INFO - Filling up the DagBag from /home/airflow/.local/lib/python3.12/site-packages/airflow/example_dags/example_branch_labels.py
[2024-10-22T23:14:53.319+0000] {processor.py:925} INFO - DAG(s) 'example_branch_labels' retrieved from /home/airflow/.local/lib/python3.12/site-packages/airflow/example_dags/example_branch_labels.py
[2024-10-22T23:14:53.340+0000] {logging_mixin.py:190} INFO - [2024-10-22T23:14:53.339+0000] {dag.py:3239} INFO - Sync 1 DAGs
[2024-10-22T23:14:53.362+0000] {logging_mixin.py:190} INFO - [2024-10-22T23:14:53.362+0000] {dag.py:4180} INFO - Setting next_dagrun for example_branch_labels to 2024-10-21 00:00:00+00:00, run_after=2024-10-22 00:00:00+00:00
[2024-10-22T23:14:53.377+0000] {processor.py:208} INFO - Processing /home/airflow/.local/lib/python3.12/site-packages/airflow/example_dags/example_branch_labels.py took 0.078 seconds
[2024-10-22T23:15:23.619+0000] {processor.py:186} INFO - Started process (PID=1850) to work on /home/airflow/.local/lib/python3.12/site-packages/airflow/example_dags/example_branch_labels.py
[2024-10-22T23:15:23.620+0000] {processor.py:914} INFO - Processing file /home/airflow/.local/lib/python3.12/site-packages/airflow/example_dags/example_branch_labels.py for tasks to queue
[2024-10-22T23:15:23.622+0000] {logging_mixin.py:190} INFO - [2024-10-22T23:15:23.622+0000] {dagbag.py:588} INFO - Filling up the DagBag from /home/airflow/.local/lib/python3.12/site-packages/airflow/example_dags/example_branch_labels.py
[2024-10-22T23:15:23.630+0000] {processor.py:925} INFO - DAG(s) 'example_branch_labels' retrieved from /home/airflow/.local/lib/python3.12/site-packages/airflow/example_dags/example_branch_labels.py
[2024-10-22T23:15:23.650+0000] {logging_mixin.py:190} INFO - [2024-10-22T23:15:23.650+0000] {dag.py:3239} INFO - Sync 1 DAGs
[2024-10-22T23:15:23.673+0000] {logging_mixin.py:190} INFO - [2024-10-22T23:15:23.673+0000] {dag.py:4180} INFO - Setting next_dagrun for example_branch_labels to 2024-10-21 00:00:00+00:00, run_after=2024-10-22 00:00:00+00:00
[2024-10-22T23:15:23.694+0000] {processor.py:208} INFO - Processing /home/airflow/.local/lib/python3.12/site-packages/airflow/example_dags/example_branch_labels.py took 0.080 seconds
[2024-10-22T23:15:54.296+0000] {processor.py:186} INFO - Started process (PID=1920) to work on /home/airflow/.local/lib/python3.12/site-packages/airflow/example_dags/example_branch_labels.py
[2024-10-22T23:15:54.297+0000] {processor.py:914} INFO - Processing file /home/airflow/.local/lib/python3.12/site-packages/airflow/example_dags/example_branch_labels.py for tasks to queue
[2024-10-22T23:15:54.299+0000] {logging_mixin.py:190} INFO - [2024-10-22T23:15:54.299+0000] {dagbag.py:588} INFO - Filling up the DagBag from /home/airflow/.local/lib/python3.12/site-packages/airflow/example_dags/example_branch_labels.py
[2024-10-22T23:15:54.308+0000] {processor.py:925} INFO - DAG(s) 'example_branch_labels' retrieved from /home/airflow/.local/lib/python3.12/site-packages/airflow/example_dags/example_branch_labels.py
[2024-10-22T23:15:54.329+0000] {logging_mixin.py:190} INFO - [2024-10-22T23:15:54.329+0000] {dag.py:3239} INFO - Sync 1 DAGs
[2024-10-22T23:15:54.349+0000] {logging_mixin.py:190} INFO - [2024-10-22T23:15:54.349+0000] {dag.py:4180} INFO - Setting next_dagrun for example_branch_labels to 2024-10-21 00:00:00+00:00, run_after=2024-10-22 00:00:00+00:00
[2024-10-22T23:15:54.367+0000] {processor.py:208} INFO - Processing /home/airflow/.local/lib/python3.12/site-packages/airflow/example_dags/example_branch_labels.py took 0.076 seconds
[2024-10-22T23:16:24.613+0000] {processor.py:186} INFO - Started process (PID=1991) to work on /home/airflow/.local/lib/python3.12/site-packages/airflow/example_dags/example_branch_labels.py
[2024-10-22T23:16:24.614+0000] {processor.py:914} INFO - Processing file /home/airflow/.local/lib/python3.12/site-packages/airflow/example_dags/example_branch_labels.py for tasks to queue
[2024-10-22T23:16:24.616+0000] {logging_mixin.py:190} INFO - [2024-10-22T23:16:24.615+0000] {dagbag.py:588} INFO - Filling up the DagBag from /home/airflow/.local/lib/python3.12/site-packages/airflow/example_dags/example_branch_labels.py
[2024-10-22T23:16:24.623+0000] {processor.py:925} INFO - DAG(s) 'example_branch_labels' retrieved from /home/airflow/.local/lib/python3.12/site-packages/airflow/example_dags/example_branch_labels.py
[2024-10-22T23:16:24.641+0000] {logging_mixin.py:190} INFO - [2024-10-22T23:16:24.641+0000] {dag.py:3239} INFO - Sync 1 DAGs
[2024-10-22T23:16:24.660+0000] {logging_mixin.py:190} INFO - [2024-10-22T23:16:24.660+0000] {dag.py:4180} INFO - Setting next_dagrun for example_branch_labels to 2024-10-21 00:00:00+00:00, run_after=2024-10-22 00:00:00+00:00
[2024-10-22T23:16:24.677+0000] {processor.py:208} INFO - Processing /home/airflow/.local/lib/python3.12/site-packages/airflow/example_dags/example_branch_labels.py took 0.069 seconds
[2024-10-22T23:16:55.149+0000] {processor.py:186} INFO - Started process (PID=2061) to work on /home/airflow/.local/lib/python3.12/site-packages/airflow/example_dags/example_branch_labels.py
[2024-10-22T23:16:55.150+0000] {processor.py:914} INFO - Processing file /home/airflow/.local/lib/python3.12/site-packages/airflow/example_dags/example_branch_labels.py for tasks to queue
[2024-10-22T23:16:55.152+0000] {logging_mixin.py:190} INFO - [2024-10-22T23:16:55.152+0000] {dagbag.py:588} INFO - Filling up the DagBag from /home/airflow/.local/lib/python3.12/site-packages/airflow/example_dags/example_branch_labels.py
[2024-10-22T23:16:55.160+0000] {processor.py:925} INFO - DAG(s) 'example_branch_labels' retrieved from /home/airflow/.local/lib/python3.12/site-packages/airflow/example_dags/example_branch_labels.py
[2024-10-22T23:16:55.181+0000] {logging_mixin.py:190} INFO - [2024-10-22T23:16:55.180+0000] {dag.py:3239} INFO - Sync 1 DAGs
[2024-10-22T23:16:55.201+0000] {logging_mixin.py:190} INFO - [2024-10-22T23:16:55.201+0000] {dag.py:4180} INFO - Setting next_dagrun for example_branch_labels to 2024-10-21 00:00:00+00:00, run_after=2024-10-22 00:00:00+00:00
[2024-10-22T23:16:55.219+0000] {processor.py:208} INFO - Processing /home/airflow/.local/lib/python3.12/site-packages/airflow/example_dags/example_branch_labels.py took 0.075 seconds
[2024-10-22T23:17:25.523+0000] {processor.py:186} INFO - Started process (PID=2131) to work on /home/airflow/.local/lib/python3.12/site-packages/airflow/example_dags/example_branch_labels.py
[2024-10-22T23:17:25.524+0000] {processor.py:914} INFO - Processing file /home/airflow/.local/lib/python3.12/site-packages/airflow/example_dags/example_branch_labels.py for tasks to queue
[2024-10-22T23:17:25.526+0000] {logging_mixin.py:190} INFO - [2024-10-22T23:17:25.526+0000] {dagbag.py:588} INFO - Filling up the DagBag from /home/airflow/.local/lib/python3.12/site-packages/airflow/example_dags/example_branch_labels.py
[2024-10-22T23:17:25.535+0000] {processor.py:925} INFO - DAG(s) 'example_branch_labels' retrieved from /home/airflow/.local/lib/python3.12/site-packages/airflow/example_dags/example_branch_labels.py
[2024-10-22T23:17:25.555+0000] {logging_mixin.py:190} INFO - [2024-10-22T23:17:25.555+0000] {dag.py:3239} INFO - Sync 1 DAGs
[2024-10-22T23:17:25.581+0000] {logging_mixin.py:190} INFO - [2024-10-22T23:17:25.580+0000] {dag.py:4180} INFO - Setting next_dagrun for example_branch_labels to 2024-10-21 00:00:00+00:00, run_after=2024-10-22 00:00:00+00:00
[2024-10-22T23:17:25.599+0000] {processor.py:208} INFO - Processing /home/airflow/.local/lib/python3.12/site-packages/airflow/example_dags/example_branch_labels.py took 0.081 seconds
[2024-10-22T23:17:55.834+0000] {processor.py:186} INFO - Started process (PID=2203) to work on /home/airflow/.local/lib/python3.12/site-packages/airflow/example_dags/example_branch_labels.py
[2024-10-22T23:17:55.835+0000] {processor.py:914} INFO - Processing file /home/airflow/.local/lib/python3.12/site-packages/airflow/example_dags/example_branch_labels.py for tasks to queue
[2024-10-22T23:17:55.837+0000] {logging_mixin.py:190} INFO - [2024-10-22T23:17:55.837+0000] {dagbag.py:588} INFO - Filling up the DagBag from /home/airflow/.local/lib/python3.12/site-packages/airflow/example_dags/example_branch_labels.py
[2024-10-22T23:17:55.845+0000] {processor.py:925} INFO - DAG(s) 'example_branch_labels' retrieved from /home/airflow/.local/lib/python3.12/site-packages/airflow/example_dags/example_branch_labels.py
[2024-10-22T23:17:55.864+0000] {logging_mixin.py:190} INFO - [2024-10-22T23:17:55.864+0000] {dag.py:3239} INFO - Sync 1 DAGs
[2024-10-22T23:17:55.886+0000] {logging_mixin.py:190} INFO - [2024-10-22T23:17:55.886+0000] {dag.py:4180} INFO - Setting next_dagrun for example_branch_labels to 2024-10-21 00:00:00+00:00, run_after=2024-10-22 00:00:00+00:00
[2024-10-22T23:17:55.902+0000] {processor.py:208} INFO - Processing /home/airflow/.local/lib/python3.12/site-packages/airflow/example_dags/example_branch_labels.py took 0.074 seconds
[2024-10-22T23:18:26.391+0000] {processor.py:186} INFO - Started process (PID=2274) to work on /home/airflow/.local/lib/python3.12/site-packages/airflow/example_dags/example_branch_labels.py
[2024-10-22T23:18:26.392+0000] {processor.py:914} INFO - Processing file /home/airflow/.local/lib/python3.12/site-packages/airflow/example_dags/example_branch_labels.py for tasks to queue
[2024-10-22T23:18:26.394+0000] {logging_mixin.py:190} INFO - [2024-10-22T23:18:26.394+0000] {dagbag.py:588} INFO - Filling up the DagBag from /home/airflow/.local/lib/python3.12/site-packages/airflow/example_dags/example_branch_labels.py
[2024-10-22T23:18:26.403+0000] {processor.py:925} INFO - DAG(s) 'example_branch_labels' retrieved from /home/airflow/.local/lib/python3.12/site-packages/airflow/example_dags/example_branch_labels.py
[2024-10-22T23:18:26.424+0000] {logging_mixin.py:190} INFO - [2024-10-22T23:18:26.424+0000] {dag.py:3239} INFO - Sync 1 DAGs
[2024-10-22T23:18:26.445+0000] {logging_mixin.py:190} INFO - [2024-10-22T23:18:26.445+0000] {dag.py:4180} INFO - Setting next_dagrun for example_branch_labels to 2024-10-21 00:00:00+00:00, run_after=2024-10-22 00:00:00+00:00
[2024-10-22T23:18:26.463+0000] {processor.py:208} INFO - Processing /home/airflow/.local/lib/python3.12/site-packages/airflow/example_dags/example_branch_labels.py took 0.077 seconds
[2024-10-22T23:18:56.793+0000] {processor.py:186} INFO - Started process (PID=2345) to work on /home/airflow/.local/lib/python3.12/site-packages/airflow/example_dags/example_branch_labels.py
[2024-10-22T23:18:56.794+0000] {processor.py:914} INFO - Processing file /home/airflow/.local/lib/python3.12/site-packages/airflow/example_dags/example_branch_labels.py for tasks to queue
[2024-10-22T23:18:56.797+0000] {logging_mixin.py:190} INFO - [2024-10-22T23:18:56.796+0000] {dagbag.py:588} INFO - Filling up the DagBag from /home/airflow/.local/lib/python3.12/site-packages/airflow/example_dags/example_branch_labels.py
[2024-10-22T23:18:56.810+0000] {processor.py:925} INFO - DAG(s) 'example_branch_labels' retrieved from /home/airflow/.local/lib/python3.12/site-packages/airflow/example_dags/example_branch_labels.py
[2024-10-22T23:18:56.831+0000] {logging_mixin.py:190} INFO - [2024-10-22T23:18:56.830+0000] {dag.py:3239} INFO - Sync 1 DAGs
[2024-10-22T23:18:56.855+0000] {logging_mixin.py:190} INFO - [2024-10-22T23:18:56.855+0000] {dag.py:4180} INFO - Setting next_dagrun for example_branch_labels to 2024-10-21 00:00:00+00:00, run_after=2024-10-22 00:00:00+00:00
[2024-10-22T23:18:56.874+0000] {processor.py:208} INFO - Processing /home/airflow/.local/lib/python3.12/site-packages/airflow/example_dags/example_branch_labels.py took 0.089 seconds
[2024-10-22T23:19:27.612+0000] {processor.py:186} INFO - Started process (PID=2416) to work on /home/airflow/.local/lib/python3.12/site-packages/airflow/example_dags/example_branch_labels.py
[2024-10-22T23:19:27.613+0000] {processor.py:914} INFO - Processing file /home/airflow/.local/lib/python3.12/site-packages/airflow/example_dags/example_branch_labels.py for tasks to queue
[2024-10-22T23:19:27.615+0000] {logging_mixin.py:190} INFO - [2024-10-22T23:19:27.615+0000] {dagbag.py:588} INFO - Filling up the DagBag from /home/airflow/.local/lib/python3.12/site-packages/airflow/example_dags/example_branch_labels.py
[2024-10-22T23:19:27.624+0000] {processor.py:925} INFO - DAG(s) 'example_branch_labels' retrieved from /home/airflow/.local/lib/python3.12/site-packages/airflow/example_dags/example_branch_labels.py
[2024-10-22T23:19:27.643+0000] {logging_mixin.py:190} INFO - [2024-10-22T23:19:27.643+0000] {dag.py:3239} INFO - Sync 1 DAGs
[2024-10-22T23:19:27.667+0000] {logging_mixin.py:190} INFO - [2024-10-22T23:19:27.666+0000] {dag.py:4180} INFO - Setting next_dagrun for example_branch_labels to 2024-10-21 00:00:00+00:00, run_after=2024-10-22 00:00:00+00:00
[2024-10-22T23:19:27.683+0000] {processor.py:208} INFO - Processing /home/airflow/.local/lib/python3.12/site-packages/airflow/example_dags/example_branch_labels.py took 0.076 seconds
[2024-10-22T23:19:57.912+0000] {processor.py:186} INFO - Started process (PID=2488) to work on /home/airflow/.local/lib/python3.12/site-packages/airflow/example_dags/example_branch_labels.py
[2024-10-22T23:19:57.913+0000] {processor.py:914} INFO - Processing file /home/airflow/.local/lib/python3.12/site-packages/airflow/example_dags/example_branch_labels.py for tasks to queue
[2024-10-22T23:19:57.916+0000] {logging_mixin.py:190} INFO - [2024-10-22T23:19:57.915+0000] {dagbag.py:588} INFO - Filling up the DagBag from /home/airflow/.local/lib/python3.12/site-packages/airflow/example_dags/example_branch_labels.py
[2024-10-22T23:19:57.925+0000] {processor.py:925} INFO - DAG(s) 'example_branch_labels' retrieved from /home/airflow/.local/lib/python3.12/site-packages/airflow/example_dags/example_branch_labels.py
[2024-10-22T23:19:57.945+0000] {logging_mixin.py:190} INFO - [2024-10-22T23:19:57.945+0000] {dag.py:3239} INFO - Sync 1 DAGs
[2024-10-22T23:19:57.970+0000] {logging_mixin.py:190} INFO - [2024-10-22T23:19:57.969+0000] {dag.py:4180} INFO - Setting next_dagrun for example_branch_labels to 2024-10-21 00:00:00+00:00, run_after=2024-10-22 00:00:00+00:00
[2024-10-22T23:19:57.989+0000] {processor.py:208} INFO - Processing /home/airflow/.local/lib/python3.12/site-packages/airflow/example_dags/example_branch_labels.py took 0.082 seconds
[2024-10-22T23:20:28.661+0000] {processor.py:186} INFO - Started process (PID=2560) to work on /home/airflow/.local/lib/python3.12/site-packages/airflow/example_dags/example_branch_labels.py
[2024-10-22T23:20:28.662+0000] {processor.py:914} INFO - Processing file /home/airflow/.local/lib/python3.12/site-packages/airflow/example_dags/example_branch_labels.py for tasks to queue
[2024-10-22T23:20:28.664+0000] {logging_mixin.py:190} INFO - [2024-10-22T23:20:28.663+0000] {dagbag.py:588} INFO - Filling up the DagBag from /home/airflow/.local/lib/python3.12/site-packages/airflow/example_dags/example_branch_labels.py
[2024-10-22T23:20:28.672+0000] {processor.py:925} INFO - DAG(s) 'example_branch_labels' retrieved from /home/airflow/.local/lib/python3.12/site-packages/airflow/example_dags/example_branch_labels.py
[2024-10-22T23:20:28.692+0000] {logging_mixin.py:190} INFO - [2024-10-22T23:20:28.692+0000] {dag.py:3239} INFO - Sync 1 DAGs
[2024-10-22T23:20:28.715+0000] {logging_mixin.py:190} INFO - [2024-10-22T23:20:28.715+0000] {dag.py:4180} INFO - Setting next_dagrun for example_branch_labels to 2024-10-21 00:00:00+00:00, run_after=2024-10-22 00:00:00+00:00
[2024-10-22T23:20:28.732+0000] {processor.py:208} INFO - Processing /home/airflow/.local/lib/python3.12/site-packages/airflow/example_dags/example_branch_labels.py took 0.077 seconds
[2024-10-22T23:21:00.039+0000] {processor.py:186} INFO - Started process (PID=2631) to work on /home/airflow/.local/lib/python3.12/site-packages/airflow/example_dags/example_branch_labels.py
[2024-10-22T23:21:00.040+0000] {processor.py:914} INFO - Processing file /home/airflow/.local/lib/python3.12/site-packages/airflow/example_dags/example_branch_labels.py for tasks to queue
[2024-10-22T23:21:00.043+0000] {logging_mixin.py:190} INFO - [2024-10-22T23:21:00.042+0000] {dagbag.py:588} INFO - Filling up the DagBag from /home/airflow/.local/lib/python3.12/site-packages/airflow/example_dags/example_branch_labels.py
[2024-10-22T23:21:00.052+0000] {processor.py:925} INFO - DAG(s) 'example_branch_labels' retrieved from /home/airflow/.local/lib/python3.12/site-packages/airflow/example_dags/example_branch_labels.py
[2024-10-22T23:21:00.072+0000] {logging_mixin.py:190} INFO - [2024-10-22T23:21:00.071+0000] {dag.py:3239} INFO - Sync 1 DAGs
[2024-10-22T23:21:00.094+0000] {logging_mixin.py:190} INFO - [2024-10-22T23:21:00.093+0000] {dag.py:4180} INFO - Setting next_dagrun for example_branch_labels to 2024-10-21 00:00:00+00:00, run_after=2024-10-22 00:00:00+00:00
[2024-10-22T23:21:00.112+0000] {processor.py:208} INFO - Processing /home/airflow/.local/lib/python3.12/site-packages/airflow/example_dags/example_branch_labels.py took 0.079 seconds
[2024-10-22T23:21:30.750+0000] {processor.py:186} INFO - Started process (PID=2702) to work on /home/airflow/.local/lib/python3.12/site-packages/airflow/example_dags/example_branch_labels.py
[2024-10-22T23:21:30.751+0000] {processor.py:914} INFO - Processing file /home/airflow/.local/lib/python3.12/site-packages/airflow/example_dags/example_branch_labels.py for tasks to queue
[2024-10-22T23:21:30.753+0000] {logging_mixin.py:190} INFO - [2024-10-22T23:21:30.753+0000] {dagbag.py:588} INFO - Filling up the DagBag from /home/airflow/.local/lib/python3.12/site-packages/airflow/example_dags/example_branch_labels.py
[2024-10-22T23:21:30.762+0000] {processor.py:925} INFO - DAG(s) 'example_branch_labels' retrieved from /home/airflow/.local/lib/python3.12/site-packages/airflow/example_dags/example_branch_labels.py
[2024-10-22T23:21:30.785+0000] {logging_mixin.py:190} INFO - [2024-10-22T23:21:30.785+0000] {dag.py:3239} INFO - Sync 1 DAGs
[2024-10-22T23:21:30.812+0000] {logging_mixin.py:190} INFO - [2024-10-22T23:21:30.812+0000] {dag.py:4180} INFO - Setting next_dagrun for example_branch_labels to 2024-10-21 00:00:00+00:00, run_after=2024-10-22 00:00:00+00:00
[2024-10-22T23:21:30.844+0000] {processor.py:208} INFO - Processing /home/airflow/.local/lib/python3.12/site-packages/airflow/example_dags/example_branch_labels.py took 0.099 seconds
[2024-10-22T23:22:02.078+0000] {processor.py:186} INFO - Started process (PID=2773) to work on /home/airflow/.local/lib/python3.12/site-packages/airflow/example_dags/example_branch_labels.py
[2024-10-22T23:22:02.079+0000] {processor.py:914} INFO - Processing file /home/airflow/.local/lib/python3.12/site-packages/airflow/example_dags/example_branch_labels.py for tasks to queue
[2024-10-22T23:22:02.081+0000] {logging_mixin.py:190} INFO - [2024-10-22T23:22:02.081+0000] {dagbag.py:588} INFO - Filling up the DagBag from /home/airflow/.local/lib/python3.12/site-packages/airflow/example_dags/example_branch_labels.py
[2024-10-22T23:22:02.090+0000] {processor.py:925} INFO - DAG(s) 'example_branch_labels' retrieved from /home/airflow/.local/lib/python3.12/site-packages/airflow/example_dags/example_branch_labels.py
[2024-10-22T23:22:02.107+0000] {logging_mixin.py:190} INFO - [2024-10-22T23:22:02.107+0000] {dag.py:3239} INFO - Sync 1 DAGs
[2024-10-22T23:22:02.141+0000] {logging_mixin.py:190} INFO - [2024-10-22T23:22:02.141+0000] {dag.py:4180} INFO - Setting next_dagrun for example_branch_labels to 2024-10-21 00:00:00+00:00, run_after=2024-10-22 00:00:00+00:00
[2024-10-22T23:22:02.158+0000] {processor.py:208} INFO - Processing /home/airflow/.local/lib/python3.12/site-packages/airflow/example_dags/example_branch_labels.py took 0.087 seconds
[2024-10-22T23:22:32.994+0000] {processor.py:186} INFO - Started process (PID=2843) to work on /home/airflow/.local/lib/python3.12/site-packages/airflow/example_dags/example_branch_labels.py
[2024-10-22T23:22:32.995+0000] {processor.py:914} INFO - Processing file /home/airflow/.local/lib/python3.12/site-packages/airflow/example_dags/example_branch_labels.py for tasks to queue
[2024-10-22T23:22:32.999+0000] {logging_mixin.py:190} INFO - [2024-10-22T23:22:32.998+0000] {dagbag.py:588} INFO - Filling up the DagBag from /home/airflow/.local/lib/python3.12/site-packages/airflow/example_dags/example_branch_labels.py
[2024-10-22T23:22:33.007+0000] {processor.py:925} INFO - DAG(s) 'example_branch_labels' retrieved from /home/airflow/.local/lib/python3.12/site-packages/airflow/example_dags/example_branch_labels.py
[2024-10-22T23:22:33.027+0000] {logging_mixin.py:190} INFO - [2024-10-22T23:22:33.026+0000] {dag.py:3239} INFO - Sync 1 DAGs
[2024-10-22T23:22:33.048+0000] {logging_mixin.py:190} INFO - [2024-10-22T23:22:33.048+0000] {dag.py:4180} INFO - Setting next_dagrun for example_branch_labels to 2024-10-21 00:00:00+00:00, run_after=2024-10-22 00:00:00+00:00
[2024-10-22T23:22:33.066+0000] {processor.py:208} INFO - Processing /home/airflow/.local/lib/python3.12/site-packages/airflow/example_dags/example_branch_labels.py took 0.077 seconds
[2024-10-22T23:23:03.410+0000] {processor.py:186} INFO - Started process (PID=2914) to work on /home/airflow/.local/lib/python3.12/site-packages/airflow/example_dags/example_branch_labels.py
[2024-10-22T23:23:03.411+0000] {processor.py:914} INFO - Processing file /home/airflow/.local/lib/python3.12/site-packages/airflow/example_dags/example_branch_labels.py for tasks to queue
[2024-10-22T23:23:03.413+0000] {logging_mixin.py:190} INFO - [2024-10-22T23:23:03.412+0000] {dagbag.py:588} INFO - Filling up the DagBag from /home/airflow/.local/lib/python3.12/site-packages/airflow/example_dags/example_branch_labels.py
[2024-10-22T23:23:03.424+0000] {processor.py:925} INFO - DAG(s) 'example_branch_labels' retrieved from /home/airflow/.local/lib/python3.12/site-packages/airflow/example_dags/example_branch_labels.py
[2024-10-22T23:23:03.442+0000] {logging_mixin.py:190} INFO - [2024-10-22T23:23:03.442+0000] {dag.py:3239} INFO - Sync 1 DAGs
[2024-10-22T23:23:03.463+0000] {logging_mixin.py:190} INFO - [2024-10-22T23:23:03.463+0000] {dag.py:4180} INFO - Setting next_dagrun for example_branch_labels to 2024-10-21 00:00:00+00:00, run_after=2024-10-22 00:00:00+00:00
[2024-10-22T23:23:03.480+0000] {processor.py:208} INFO - Processing /home/airflow/.local/lib/python3.12/site-packages/airflow/example_dags/example_branch_labels.py took 0.075 seconds
[2024-10-22T23:23:34.091+0000] {processor.py:186} INFO - Started process (PID=2985) to work on /home/airflow/.local/lib/python3.12/site-packages/airflow/example_dags/example_branch_labels.py
[2024-10-22T23:23:34.092+0000] {processor.py:914} INFO - Processing file /home/airflow/.local/lib/python3.12/site-packages/airflow/example_dags/example_branch_labels.py for tasks to queue
[2024-10-22T23:23:34.094+0000] {logging_mixin.py:190} INFO - [2024-10-22T23:23:34.094+0000] {dagbag.py:588} INFO - Filling up the DagBag from /home/airflow/.local/lib/python3.12/site-packages/airflow/example_dags/example_branch_labels.py
[2024-10-22T23:23:34.102+0000] {processor.py:925} INFO - DAG(s) 'example_branch_labels' retrieved from /home/airflow/.local/lib/python3.12/site-packages/airflow/example_dags/example_branch_labels.py
[2024-10-22T23:23:34.120+0000] {logging_mixin.py:190} INFO - [2024-10-22T23:23:34.120+0000] {dag.py:3239} INFO - Sync 1 DAGs
[2024-10-22T23:23:34.140+0000] {logging_mixin.py:190} INFO - [2024-10-22T23:23:34.139+0000] {dag.py:4180} INFO - Setting next_dagrun for example_branch_labels to 2024-10-21 00:00:00+00:00, run_after=2024-10-22 00:00:00+00:00
[2024-10-22T23:23:34.156+0000] {processor.py:208} INFO - Processing /home/airflow/.local/lib/python3.12/site-packages/airflow/example_dags/example_branch_labels.py took 0.071 seconds
[2024-10-22T23:24:04.920+0000] {processor.py:186} INFO - Started process (PID=3056) to work on /home/airflow/.local/lib/python3.12/site-packages/airflow/example_dags/example_branch_labels.py
[2024-10-22T23:24:04.921+0000] {processor.py:914} INFO - Processing file /home/airflow/.local/lib/python3.12/site-packages/airflow/example_dags/example_branch_labels.py for tasks to queue
[2024-10-22T23:24:04.924+0000] {logging_mixin.py:190} INFO - [2024-10-22T23:24:04.923+0000] {dagbag.py:588} INFO - Filling up the DagBag from /home/airflow/.local/lib/python3.12/site-packages/airflow/example_dags/example_branch_labels.py
[2024-10-22T23:24:04.932+0000] {processor.py:925} INFO - DAG(s) 'example_branch_labels' retrieved from /home/airflow/.local/lib/python3.12/site-packages/airflow/example_dags/example_branch_labels.py
[2024-10-22T23:24:04.951+0000] {logging_mixin.py:190} INFO - [2024-10-22T23:24:04.951+0000] {dag.py:3239} INFO - Sync 1 DAGs
[2024-10-22T23:24:04.971+0000] {logging_mixin.py:190} INFO - [2024-10-22T23:24:04.971+0000] {dag.py:4180} INFO - Setting next_dagrun for example_branch_labels to 2024-10-21 00:00:00+00:00, run_after=2024-10-22 00:00:00+00:00
[2024-10-22T23:24:04.989+0000] {processor.py:208} INFO - Processing /home/airflow/.local/lib/python3.12/site-packages/airflow/example_dags/example_branch_labels.py took 0.075 seconds
[2024-10-22T23:24:35.529+0000] {processor.py:186} INFO - Started process (PID=3128) to work on /home/airflow/.local/lib/python3.12/site-packages/airflow/example_dags/example_branch_labels.py
[2024-10-22T23:24:35.530+0000] {processor.py:914} INFO - Processing file /home/airflow/.local/lib/python3.12/site-packages/airflow/example_dags/example_branch_labels.py for tasks to queue
[2024-10-22T23:24:35.532+0000] {logging_mixin.py:190} INFO - [2024-10-22T23:24:35.532+0000] {dagbag.py:588} INFO - Filling up the DagBag from /home/airflow/.local/lib/python3.12/site-packages/airflow/example_dags/example_branch_labels.py
[2024-10-22T23:24:35.539+0000] {processor.py:925} INFO - DAG(s) 'example_branch_labels' retrieved from /home/airflow/.local/lib/python3.12/site-packages/airflow/example_dags/example_branch_labels.py
[2024-10-22T23:24:35.559+0000] {logging_mixin.py:190} INFO - [2024-10-22T23:24:35.558+0000] {dag.py:3239} INFO - Sync 1 DAGs
[2024-10-22T23:24:35.577+0000] {logging_mixin.py:190} INFO - [2024-10-22T23:24:35.577+0000] {dag.py:4180} INFO - Setting next_dagrun for example_branch_labels to 2024-10-21 00:00:00+00:00, run_after=2024-10-22 00:00:00+00:00
[2024-10-22T23:24:35.594+0000] {processor.py:208} INFO - Processing /home/airflow/.local/lib/python3.12/site-packages/airflow/example_dags/example_branch_labels.py took 0.069 seconds
[2024-10-22T23:25:06.228+0000] {processor.py:186} INFO - Started process (PID=3199) to work on /home/airflow/.local/lib/python3.12/site-packages/airflow/example_dags/example_branch_labels.py
[2024-10-22T23:25:06.229+0000] {processor.py:914} INFO - Processing file /home/airflow/.local/lib/python3.12/site-packages/airflow/example_dags/example_branch_labels.py for tasks to queue
[2024-10-22T23:25:06.231+0000] {logging_mixin.py:190} INFO - [2024-10-22T23:25:06.230+0000] {dagbag.py:588} INFO - Filling up the DagBag from /home/airflow/.local/lib/python3.12/site-packages/airflow/example_dags/example_branch_labels.py
[2024-10-22T23:25:06.238+0000] {processor.py:925} INFO - DAG(s) 'example_branch_labels' retrieved from /home/airflow/.local/lib/python3.12/site-packages/airflow/example_dags/example_branch_labels.py
[2024-10-22T23:25:06.256+0000] {logging_mixin.py:190} INFO - [2024-10-22T23:25:06.256+0000] {dag.py:3239} INFO - Sync 1 DAGs
[2024-10-22T23:25:06.275+0000] {logging_mixin.py:190} INFO - [2024-10-22T23:25:06.275+0000] {dag.py:4180} INFO - Setting next_dagrun for example_branch_labels to 2024-10-21 00:00:00+00:00, run_after=2024-10-22 00:00:00+00:00
[2024-10-22T23:25:06.292+0000] {processor.py:208} INFO - Processing /home/airflow/.local/lib/python3.12/site-packages/airflow/example_dags/example_branch_labels.py took 0.068 seconds
[2024-10-22T23:25:36.981+0000] {processor.py:186} INFO - Started process (PID=3270) to work on /home/airflow/.local/lib/python3.12/site-packages/airflow/example_dags/example_branch_labels.py
[2024-10-22T23:25:36.982+0000] {processor.py:914} INFO - Processing file /home/airflow/.local/lib/python3.12/site-packages/airflow/example_dags/example_branch_labels.py for tasks to queue
[2024-10-22T23:25:36.984+0000] {logging_mixin.py:190} INFO - [2024-10-22T23:25:36.984+0000] {dagbag.py:588} INFO - Filling up the DagBag from /home/airflow/.local/lib/python3.12/site-packages/airflow/example_dags/example_branch_labels.py
[2024-10-22T23:25:36.992+0000] {processor.py:925} INFO - DAG(s) 'example_branch_labels' retrieved from /home/airflow/.local/lib/python3.12/site-packages/airflow/example_dags/example_branch_labels.py
[2024-10-22T23:25:37.011+0000] {logging_mixin.py:190} INFO - [2024-10-22T23:25:37.011+0000] {dag.py:3239} INFO - Sync 1 DAGs
[2024-10-22T23:25:37.030+0000] {logging_mixin.py:190} INFO - [2024-10-22T23:25:37.030+0000] {dag.py:4180} INFO - Setting next_dagrun for example_branch_labels to 2024-10-21 00:00:00+00:00, run_after=2024-10-22 00:00:00+00:00
[2024-10-22T23:25:37.048+0000] {processor.py:208} INFO - Processing /home/airflow/.local/lib/python3.12/site-packages/airflow/example_dags/example_branch_labels.py took 0.072 seconds
[2024-10-22T23:26:07.843+0000] {processor.py:186} INFO - Started process (PID=3341) to work on /home/airflow/.local/lib/python3.12/site-packages/airflow/example_dags/example_branch_labels.py
[2024-10-22T23:26:07.844+0000] {processor.py:914} INFO - Processing file /home/airflow/.local/lib/python3.12/site-packages/airflow/example_dags/example_branch_labels.py for tasks to queue
[2024-10-22T23:26:07.846+0000] {logging_mixin.py:190} INFO - [2024-10-22T23:26:07.846+0000] {dagbag.py:588} INFO - Filling up the DagBag from /home/airflow/.local/lib/python3.12/site-packages/airflow/example_dags/example_branch_labels.py
[2024-10-22T23:26:07.855+0000] {processor.py:925} INFO - DAG(s) 'example_branch_labels' retrieved from /home/airflow/.local/lib/python3.12/site-packages/airflow/example_dags/example_branch_labels.py
[2024-10-22T23:26:07.873+0000] {logging_mixin.py:190} INFO - [2024-10-22T23:26:07.873+0000] {dag.py:3239} INFO - Sync 1 DAGs
[2024-10-22T23:26:07.893+0000] {logging_mixin.py:190} INFO - [2024-10-22T23:26:07.893+0000] {dag.py:4180} INFO - Setting next_dagrun for example_branch_labels to 2024-10-21 00:00:00+00:00, run_after=2024-10-22 00:00:00+00:00
[2024-10-22T23:26:07.910+0000] {processor.py:208} INFO - Processing /home/airflow/.local/lib/python3.12/site-packages/airflow/example_dags/example_branch_labels.py took 0.071 seconds
[2024-10-22T23:26:38.367+0000] {processor.py:186} INFO - Started process (PID=3412) to work on /home/airflow/.local/lib/python3.12/site-packages/airflow/example_dags/example_branch_labels.py
[2024-10-22T23:26:38.368+0000] {processor.py:914} INFO - Processing file /home/airflow/.local/lib/python3.12/site-packages/airflow/example_dags/example_branch_labels.py for tasks to queue
[2024-10-22T23:26:38.370+0000] {logging_mixin.py:190} INFO - [2024-10-22T23:26:38.370+0000] {dagbag.py:588} INFO - Filling up the DagBag from /home/airflow/.local/lib/python3.12/site-packages/airflow/example_dags/example_branch_labels.py
[2024-10-22T23:26:38.378+0000] {processor.py:925} INFO - DAG(s) 'example_branch_labels' retrieved from /home/airflow/.local/lib/python3.12/site-packages/airflow/example_dags/example_branch_labels.py
[2024-10-22T23:26:38.395+0000] {logging_mixin.py:190} INFO - [2024-10-22T23:26:38.395+0000] {dag.py:3239} INFO - Sync 1 DAGs
[2024-10-22T23:26:38.413+0000] {logging_mixin.py:190} INFO - [2024-10-22T23:26:38.413+0000] {dag.py:4180} INFO - Setting next_dagrun for example_branch_labels to 2024-10-21 00:00:00+00:00, run_after=2024-10-22 00:00:00+00:00
[2024-10-22T23:26:38.432+0000] {processor.py:208} INFO - Processing /home/airflow/.local/lib/python3.12/site-packages/airflow/example_dags/example_branch_labels.py took 0.069 seconds
[2024-10-22T23:27:09.099+0000] {processor.py:186} INFO - Started process (PID=3483) to work on /home/airflow/.local/lib/python3.12/site-packages/airflow/example_dags/example_branch_labels.py
[2024-10-22T23:27:09.100+0000] {processor.py:914} INFO - Processing file /home/airflow/.local/lib/python3.12/site-packages/airflow/example_dags/example_branch_labels.py for tasks to queue
[2024-10-22T23:27:09.102+0000] {logging_mixin.py:190} INFO - [2024-10-22T23:27:09.102+0000] {dagbag.py:588} INFO - Filling up the DagBag from /home/airflow/.local/lib/python3.12/site-packages/airflow/example_dags/example_branch_labels.py
[2024-10-22T23:27:09.110+0000] {processor.py:925} INFO - DAG(s) 'example_branch_labels' retrieved from /home/airflow/.local/lib/python3.12/site-packages/airflow/example_dags/example_branch_labels.py
[2024-10-22T23:27:09.128+0000] {logging_mixin.py:190} INFO - [2024-10-22T23:27:09.128+0000] {dag.py:3239} INFO - Sync 1 DAGs
[2024-10-22T23:27:09.146+0000] {logging_mixin.py:190} INFO - [2024-10-22T23:27:09.146+0000] {dag.py:4180} INFO - Setting next_dagrun for example_branch_labels to 2024-10-21 00:00:00+00:00, run_after=2024-10-22 00:00:00+00:00
[2024-10-22T23:27:09.163+0000] {processor.py:208} INFO - Processing /home/airflow/.local/lib/python3.12/site-packages/airflow/example_dags/example_branch_labels.py took 0.070 seconds
[2024-10-22T23:27:39.907+0000] {processor.py:186} INFO - Started process (PID=3554) to work on /home/airflow/.local/lib/python3.12/site-packages/airflow/example_dags/example_branch_labels.py
[2024-10-22T23:27:39.908+0000] {processor.py:914} INFO - Processing file /home/airflow/.local/lib/python3.12/site-packages/airflow/example_dags/example_branch_labels.py for tasks to queue
[2024-10-22T23:27:39.910+0000] {logging_mixin.py:190} INFO - [2024-10-22T23:27:39.910+0000] {dagbag.py:588} INFO - Filling up the DagBag from /home/airflow/.local/lib/python3.12/site-packages/airflow/example_dags/example_branch_labels.py
[2024-10-22T23:27:39.918+0000] {processor.py:925} INFO - DAG(s) 'example_branch_labels' retrieved from /home/airflow/.local/lib/python3.12/site-packages/airflow/example_dags/example_branch_labels.py
[2024-10-22T23:27:39.936+0000] {logging_mixin.py:190} INFO - [2024-10-22T23:27:39.936+0000] {dag.py:3239} INFO - Sync 1 DAGs
[2024-10-22T23:27:39.955+0000] {logging_mixin.py:190} INFO - [2024-10-22T23:27:39.955+0000] {dag.py:4180} INFO - Setting next_dagrun for example_branch_labels to 2024-10-21 00:00:00+00:00, run_after=2024-10-22 00:00:00+00:00
[2024-10-22T23:27:39.973+0000] {processor.py:208} INFO - Processing /home/airflow/.local/lib/python3.12/site-packages/airflow/example_dags/example_branch_labels.py took 0.071 seconds
[2024-10-22T23:28:10.648+0000] {processor.py:186} INFO - Started process (PID=3631) to work on /home/airflow/.local/lib/python3.12/site-packages/airflow/example_dags/example_branch_labels.py
[2024-10-22T23:28:10.649+0000] {processor.py:914} INFO - Processing file /home/airflow/.local/lib/python3.12/site-packages/airflow/example_dags/example_branch_labels.py for tasks to queue
[2024-10-22T23:28:10.652+0000] {logging_mixin.py:190} INFO - [2024-10-22T23:28:10.652+0000] {dagbag.py:588} INFO - Filling up the DagBag from /home/airflow/.local/lib/python3.12/site-packages/airflow/example_dags/example_branch_labels.py
[2024-10-22T23:28:10.660+0000] {processor.py:925} INFO - DAG(s) 'example_branch_labels' retrieved from /home/airflow/.local/lib/python3.12/site-packages/airflow/example_dags/example_branch_labels.py
[2024-10-22T23:28:10.677+0000] {logging_mixin.py:190} INFO - [2024-10-22T23:28:10.677+0000] {dag.py:3239} INFO - Sync 1 DAGs
[2024-10-22T23:28:10.695+0000] {logging_mixin.py:190} INFO - [2024-10-22T23:28:10.695+0000] {dag.py:4180} INFO - Setting next_dagrun for example_branch_labels to 2024-10-21 00:00:00+00:00, run_after=2024-10-22 00:00:00+00:00
[2024-10-22T23:28:10.712+0000] {processor.py:208} INFO - Processing /home/airflow/.local/lib/python3.12/site-packages/airflow/example_dags/example_branch_labels.py took 0.068 seconds
[2024-10-22T23:28:41.263+0000] {processor.py:186} INFO - Started process (PID=3702) to work on /home/airflow/.local/lib/python3.12/site-packages/airflow/example_dags/example_branch_labels.py
[2024-10-22T23:28:41.264+0000] {processor.py:914} INFO - Processing file /home/airflow/.local/lib/python3.12/site-packages/airflow/example_dags/example_branch_labels.py for tasks to queue
[2024-10-22T23:28:41.267+0000] {logging_mixin.py:190} INFO - [2024-10-22T23:28:41.266+0000] {dagbag.py:588} INFO - Filling up the DagBag from /home/airflow/.local/lib/python3.12/site-packages/airflow/example_dags/example_branch_labels.py
[2024-10-22T23:28:41.276+0000] {processor.py:925} INFO - DAG(s) 'example_branch_labels' retrieved from /home/airflow/.local/lib/python3.12/site-packages/airflow/example_dags/example_branch_labels.py
[2024-10-22T23:28:41.293+0000] {logging_mixin.py:190} INFO - [2024-10-22T23:28:41.293+0000] {dag.py:3239} INFO - Sync 1 DAGs
[2024-10-22T23:28:41.312+0000] {logging_mixin.py:190} INFO - [2024-10-22T23:28:41.312+0000] {dag.py:4180} INFO - Setting next_dagrun for example_branch_labels to 2024-10-21 00:00:00+00:00, run_after=2024-10-22 00:00:00+00:00
[2024-10-22T23:28:41.329+0000] {processor.py:208} INFO - Processing /home/airflow/.local/lib/python3.12/site-packages/airflow/example_dags/example_branch_labels.py took 0.071 seconds
[2024-10-22T23:29:11.698+0000] {processor.py:186} INFO - Started process (PID=3773) to work on /home/airflow/.local/lib/python3.12/site-packages/airflow/example_dags/example_branch_labels.py
[2024-10-22T23:29:11.699+0000] {processor.py:914} INFO - Processing file /home/airflow/.local/lib/python3.12/site-packages/airflow/example_dags/example_branch_labels.py for tasks to queue
[2024-10-22T23:29:11.714+0000] {logging_mixin.py:190} INFO - [2024-10-22T23:29:11.712+0000] {dagbag.py:588} INFO - Filling up the DagBag from /home/airflow/.local/lib/python3.12/site-packages/airflow/example_dags/example_branch_labels.py
[2024-10-22T23:29:11.723+0000] {processor.py:925} INFO - DAG(s) 'example_branch_labels' retrieved from /home/airflow/.local/lib/python3.12/site-packages/airflow/example_dags/example_branch_labels.py
[2024-10-22T23:29:11.741+0000] {logging_mixin.py:190} INFO - [2024-10-22T23:29:11.741+0000] {dag.py:3239} INFO - Sync 1 DAGs
[2024-10-22T23:29:11.762+0000] {logging_mixin.py:190} INFO - [2024-10-22T23:29:11.762+0000] {dag.py:4180} INFO - Setting next_dagrun for example_branch_labels to 2024-10-21 00:00:00+00:00, run_after=2024-10-22 00:00:00+00:00
[2024-10-22T23:29:11.779+0000] {processor.py:208} INFO - Processing /home/airflow/.local/lib/python3.12/site-packages/airflow/example_dags/example_branch_labels.py took 0.085 seconds
