[2024-10-22T23:02:40.184+0000] {processor.py:186} INFO - Started process (PID=106) to work on /home/airflow/.local/lib/python3.12/site-packages/airflow/example_dags/example_dag_decorator.py
[2024-10-22T23:02:40.185+0000] {processor.py:914} INFO - Processing file /home/airflow/.local/lib/python3.12/site-packages/airflow/example_dags/example_dag_decorator.py for tasks to queue
[2024-10-22T23:02:40.187+0000] {logging_mixin.py:190} INFO - [2024-10-22T23:02:40.187+0000] {dagbag.py:588} INFO - Filling up the DagBag from /home/airflow/.local/lib/python3.12/site-packages/airflow/example_dags/example_dag_decorator.py
[2024-10-22T23:02:40.201+0000] {processor.py:925} INFO - DAG(s) 'example_dag_decorator' retrieved from /home/airflow/.local/lib/python3.12/site-packages/airflow/example_dags/example_dag_decorator.py
[2024-10-22T23:02:40.315+0000] {logging_mixin.py:190} INFO - [2024-10-22T23:02:40.315+0000] {dag.py:3239} INFO - Sync 1 DAGs
[2024-10-22T23:02:40.325+0000] {logging_mixin.py:190} INFO - [2024-10-22T23:02:40.325+0000] {dag.py:4180} INFO - Setting next_dagrun for example_dag_decorator to None, run_after=None
[2024-10-22T23:02:40.343+0000] {processor.py:208} INFO - Processing /home/airflow/.local/lib/python3.12/site-packages/airflow/example_dags/example_dag_decorator.py took 0.165 seconds
[2024-10-22T23:03:11.382+0000] {processor.py:186} INFO - Started process (PID=176) to work on /home/airflow/.local/lib/python3.12/site-packages/airflow/example_dags/example_dag_decorator.py
[2024-10-22T23:03:11.383+0000] {processor.py:914} INFO - Processing file /home/airflow/.local/lib/python3.12/site-packages/airflow/example_dags/example_dag_decorator.py for tasks to queue
[2024-10-22T23:03:11.385+0000] {logging_mixin.py:190} INFO - [2024-10-22T23:03:11.385+0000] {dagbag.py:588} INFO - Filling up the DagBag from /home/airflow/.local/lib/python3.12/site-packages/airflow/example_dags/example_dag_decorator.py
[2024-10-22T23:03:11.399+0000] {processor.py:925} INFO - DAG(s) 'example_dag_decorator' retrieved from /home/airflow/.local/lib/python3.12/site-packages/airflow/example_dags/example_dag_decorator.py
[2024-10-22T23:03:11.426+0000] {logging_mixin.py:190} INFO - [2024-10-22T23:03:11.426+0000] {dag.py:3239} INFO - Sync 1 DAGs
[2024-10-22T23:03:11.440+0000] {logging_mixin.py:190} INFO - [2024-10-22T23:03:11.440+0000] {dag.py:4180} INFO - Setting next_dagrun for example_dag_decorator to None, run_after=None
[2024-10-22T23:03:11.457+0000] {processor.py:208} INFO - Processing /home/airflow/.local/lib/python3.12/site-packages/airflow/example_dags/example_dag_decorator.py took 0.080 seconds
[2024-10-22T23:03:41.675+0000] {processor.py:186} INFO - Started process (PID=246) to work on /home/airflow/.local/lib/python3.12/site-packages/airflow/example_dags/example_dag_decorator.py
[2024-10-22T23:03:41.676+0000] {processor.py:914} INFO - Processing file /home/airflow/.local/lib/python3.12/site-packages/airflow/example_dags/example_dag_decorator.py for tasks to queue
[2024-10-22T23:03:41.678+0000] {logging_mixin.py:190} INFO - [2024-10-22T23:03:41.677+0000] {dagbag.py:588} INFO - Filling up the DagBag from /home/airflow/.local/lib/python3.12/site-packages/airflow/example_dags/example_dag_decorator.py
[2024-10-22T23:03:41.687+0000] {processor.py:925} INFO - DAG(s) 'example_dag_decorator' retrieved from /home/airflow/.local/lib/python3.12/site-packages/airflow/example_dags/example_dag_decorator.py
[2024-10-22T23:03:41.772+0000] {logging_mixin.py:190} INFO - [2024-10-22T23:03:41.772+0000] {dag.py:3239} INFO - Sync 1 DAGs
[2024-10-22T23:03:41.782+0000] {logging_mixin.py:190} INFO - [2024-10-22T23:03:41.782+0000] {dag.py:4180} INFO - Setting next_dagrun for example_dag_decorator to None, run_after=None
[2024-10-22T23:03:41.801+0000] {processor.py:208} INFO - Processing /home/airflow/.local/lib/python3.12/site-packages/airflow/example_dags/example_dag_decorator.py took 0.131 seconds
[2024-10-22T23:04:12.095+0000] {processor.py:186} INFO - Started process (PID=316) to work on /home/airflow/.local/lib/python3.12/site-packages/airflow/example_dags/example_dag_decorator.py
[2024-10-22T23:04:12.096+0000] {processor.py:914} INFO - Processing file /home/airflow/.local/lib/python3.12/site-packages/airflow/example_dags/example_dag_decorator.py for tasks to queue
[2024-10-22T23:04:12.100+0000] {logging_mixin.py:190} INFO - [2024-10-22T23:04:12.099+0000] {dagbag.py:588} INFO - Filling up the DagBag from /home/airflow/.local/lib/python3.12/site-packages/airflow/example_dags/example_dag_decorator.py
[2024-10-22T23:04:12.112+0000] {processor.py:925} INFO - DAG(s) 'example_dag_decorator' retrieved from /home/airflow/.local/lib/python3.12/site-packages/airflow/example_dags/example_dag_decorator.py
[2024-10-22T23:04:12.135+0000] {logging_mixin.py:190} INFO - [2024-10-22T23:04:12.135+0000] {dag.py:3239} INFO - Sync 1 DAGs
[2024-10-22T23:04:12.149+0000] {logging_mixin.py:190} INFO - [2024-10-22T23:04:12.148+0000] {dag.py:4180} INFO - Setting next_dagrun for example_dag_decorator to None, run_after=None
[2024-10-22T23:04:12.169+0000] {processor.py:208} INFO - Processing /home/airflow/.local/lib/python3.12/site-packages/airflow/example_dags/example_dag_decorator.py took 0.080 seconds
[2024-10-22T23:04:42.471+0000] {processor.py:186} INFO - Started process (PID=386) to work on /home/airflow/.local/lib/python3.12/site-packages/airflow/example_dags/example_dag_decorator.py
[2024-10-22T23:04:42.472+0000] {processor.py:914} INFO - Processing file /home/airflow/.local/lib/python3.12/site-packages/airflow/example_dags/example_dag_decorator.py for tasks to queue
[2024-10-22T23:04:42.474+0000] {logging_mixin.py:190} INFO - [2024-10-22T23:04:42.474+0000] {dagbag.py:588} INFO - Filling up the DagBag from /home/airflow/.local/lib/python3.12/site-packages/airflow/example_dags/example_dag_decorator.py
[2024-10-22T23:04:42.484+0000] {processor.py:925} INFO - DAG(s) 'example_dag_decorator' retrieved from /home/airflow/.local/lib/python3.12/site-packages/airflow/example_dags/example_dag_decorator.py
[2024-10-22T23:04:42.503+0000] {logging_mixin.py:190} INFO - [2024-10-22T23:04:42.502+0000] {dag.py:3239} INFO - Sync 1 DAGs
[2024-10-22T23:04:42.515+0000] {logging_mixin.py:190} INFO - [2024-10-22T23:04:42.514+0000] {dag.py:4180} INFO - Setting next_dagrun for example_dag_decorator to None, run_after=None
[2024-10-22T23:04:42.532+0000] {processor.py:208} INFO - Processing /home/airflow/.local/lib/python3.12/site-packages/airflow/example_dags/example_dag_decorator.py took 0.065 seconds
[2024-10-22T23:05:12.973+0000] {processor.py:186} INFO - Started process (PID=456) to work on /home/airflow/.local/lib/python3.12/site-packages/airflow/example_dags/example_dag_decorator.py
[2024-10-22T23:05:12.974+0000] {processor.py:914} INFO - Processing file /home/airflow/.local/lib/python3.12/site-packages/airflow/example_dags/example_dag_decorator.py for tasks to queue
[2024-10-22T23:05:12.977+0000] {logging_mixin.py:190} INFO - [2024-10-22T23:05:12.976+0000] {dagbag.py:588} INFO - Filling up the DagBag from /home/airflow/.local/lib/python3.12/site-packages/airflow/example_dags/example_dag_decorator.py
[2024-10-22T23:05:12.987+0000] {processor.py:925} INFO - DAG(s) 'example_dag_decorator' retrieved from /home/airflow/.local/lib/python3.12/site-packages/airflow/example_dags/example_dag_decorator.py
[2024-10-22T23:05:13.075+0000] {logging_mixin.py:190} INFO - [2024-10-22T23:05:13.074+0000] {dag.py:3239} INFO - Sync 1 DAGs
[2024-10-22T23:05:13.086+0000] {logging_mixin.py:190} INFO - [2024-10-22T23:05:13.086+0000] {dag.py:4180} INFO - Setting next_dagrun for example_dag_decorator to None, run_after=None
[2024-10-22T23:05:13.105+0000] {processor.py:208} INFO - Processing /home/airflow/.local/lib/python3.12/site-packages/airflow/example_dags/example_dag_decorator.py took 0.137 seconds
[2024-10-22T23:05:43.549+0000] {processor.py:186} INFO - Started process (PID=526) to work on /home/airflow/.local/lib/python3.12/site-packages/airflow/example_dags/example_dag_decorator.py
[2024-10-22T23:05:43.550+0000] {processor.py:914} INFO - Processing file /home/airflow/.local/lib/python3.12/site-packages/airflow/example_dags/example_dag_decorator.py for tasks to queue
[2024-10-22T23:05:43.552+0000] {logging_mixin.py:190} INFO - [2024-10-22T23:05:43.552+0000] {dagbag.py:588} INFO - Filling up the DagBag from /home/airflow/.local/lib/python3.12/site-packages/airflow/example_dags/example_dag_decorator.py
[2024-10-22T23:05:43.562+0000] {processor.py:925} INFO - DAG(s) 'example_dag_decorator' retrieved from /home/airflow/.local/lib/python3.12/site-packages/airflow/example_dags/example_dag_decorator.py
[2024-10-22T23:05:43.585+0000] {logging_mixin.py:190} INFO - [2024-10-22T23:05:43.585+0000] {dag.py:3239} INFO - Sync 1 DAGs
[2024-10-22T23:05:43.602+0000] {logging_mixin.py:190} INFO - [2024-10-22T23:05:43.601+0000] {dag.py:4180} INFO - Setting next_dagrun for example_dag_decorator to None, run_after=None
[2024-10-22T23:05:43.619+0000] {processor.py:208} INFO - Processing /home/airflow/.local/lib/python3.12/site-packages/airflow/example_dags/example_dag_decorator.py took 0.076 seconds
[2024-10-22T23:06:13.883+0000] {processor.py:186} INFO - Started process (PID=596) to work on /home/airflow/.local/lib/python3.12/site-packages/airflow/example_dags/example_dag_decorator.py
[2024-10-22T23:06:13.884+0000] {processor.py:914} INFO - Processing file /home/airflow/.local/lib/python3.12/site-packages/airflow/example_dags/example_dag_decorator.py for tasks to queue
[2024-10-22T23:06:13.888+0000] {logging_mixin.py:190} INFO - [2024-10-22T23:06:13.887+0000] {dagbag.py:588} INFO - Filling up the DagBag from /home/airflow/.local/lib/python3.12/site-packages/airflow/example_dags/example_dag_decorator.py
[2024-10-22T23:06:13.899+0000] {processor.py:925} INFO - DAG(s) 'example_dag_decorator' retrieved from /home/airflow/.local/lib/python3.12/site-packages/airflow/example_dags/example_dag_decorator.py
[2024-10-22T23:06:14.000+0000] {logging_mixin.py:190} INFO - [2024-10-22T23:06:14.000+0000] {dag.py:3239} INFO - Sync 1 DAGs
[2024-10-22T23:06:14.013+0000] {logging_mixin.py:190} INFO - [2024-10-22T23:06:14.012+0000] {dag.py:4180} INFO - Setting next_dagrun for example_dag_decorator to None, run_after=None
[2024-10-22T23:06:14.034+0000] {processor.py:208} INFO - Processing /home/airflow/.local/lib/python3.12/site-packages/airflow/example_dags/example_dag_decorator.py took 0.169 seconds
[2024-10-22T23:06:44.073+0000] {processor.py:186} INFO - Started process (PID=667) to work on /home/airflow/.local/lib/python3.12/site-packages/airflow/example_dags/example_dag_decorator.py
[2024-10-22T23:06:44.074+0000] {processor.py:914} INFO - Processing file /home/airflow/.local/lib/python3.12/site-packages/airflow/example_dags/example_dag_decorator.py for tasks to queue
[2024-10-22T23:06:44.076+0000] {logging_mixin.py:190} INFO - [2024-10-22T23:06:44.075+0000] {dagbag.py:588} INFO - Filling up the DagBag from /home/airflow/.local/lib/python3.12/site-packages/airflow/example_dags/example_dag_decorator.py
[2024-10-22T23:06:44.085+0000] {processor.py:925} INFO - DAG(s) 'example_dag_decorator' retrieved from /home/airflow/.local/lib/python3.12/site-packages/airflow/example_dags/example_dag_decorator.py
[2024-10-22T23:06:44.185+0000] {logging_mixin.py:190} INFO - [2024-10-22T23:06:44.185+0000] {dag.py:3239} INFO - Sync 1 DAGs
[2024-10-22T23:06:44.195+0000] {logging_mixin.py:190} INFO - [2024-10-22T23:06:44.194+0000] {dag.py:4180} INFO - Setting next_dagrun for example_dag_decorator to None, run_after=None
[2024-10-22T23:06:44.213+0000] {processor.py:208} INFO - Processing /home/airflow/.local/lib/python3.12/site-packages/airflow/example_dags/example_dag_decorator.py took 0.144 seconds
[2024-10-22T23:07:14.930+0000] {processor.py:186} INFO - Started process (PID=737) to work on /home/airflow/.local/lib/python3.12/site-packages/airflow/example_dags/example_dag_decorator.py
[2024-10-22T23:07:14.932+0000] {processor.py:914} INFO - Processing file /home/airflow/.local/lib/python3.12/site-packages/airflow/example_dags/example_dag_decorator.py for tasks to queue
[2024-10-22T23:07:14.935+0000] {logging_mixin.py:190} INFO - [2024-10-22T23:07:14.935+0000] {dagbag.py:588} INFO - Filling up the DagBag from /home/airflow/.local/lib/python3.12/site-packages/airflow/example_dags/example_dag_decorator.py
[2024-10-22T23:07:14.944+0000] {processor.py:925} INFO - DAG(s) 'example_dag_decorator' retrieved from /home/airflow/.local/lib/python3.12/site-packages/airflow/example_dags/example_dag_decorator.py
[2024-10-22T23:07:14.968+0000] {logging_mixin.py:190} INFO - [2024-10-22T23:07:14.968+0000] {dag.py:3239} INFO - Sync 1 DAGs
[2024-10-22T23:07:14.983+0000] {logging_mixin.py:190} INFO - [2024-10-22T23:07:14.983+0000] {dag.py:4180} INFO - Setting next_dagrun for example_dag_decorator to None, run_after=None
[2024-10-22T23:07:15.003+0000] {processor.py:208} INFO - Processing /home/airflow/.local/lib/python3.12/site-packages/airflow/example_dags/example_dag_decorator.py took 0.078 seconds
[2024-10-22T23:07:45.598+0000] {processor.py:186} INFO - Started process (PID=807) to work on /home/airflow/.local/lib/python3.12/site-packages/airflow/example_dags/example_dag_decorator.py
[2024-10-22T23:07:45.599+0000] {processor.py:914} INFO - Processing file /home/airflow/.local/lib/python3.12/site-packages/airflow/example_dags/example_dag_decorator.py for tasks to queue
[2024-10-22T23:07:45.603+0000] {logging_mixin.py:190} INFO - [2024-10-22T23:07:45.603+0000] {dagbag.py:588} INFO - Filling up the DagBag from /home/airflow/.local/lib/python3.12/site-packages/airflow/example_dags/example_dag_decorator.py
[2024-10-22T23:07:45.613+0000] {processor.py:925} INFO - DAG(s) 'example_dag_decorator' retrieved from /home/airflow/.local/lib/python3.12/site-packages/airflow/example_dags/example_dag_decorator.py
[2024-10-22T23:07:45.718+0000] {logging_mixin.py:190} INFO - [2024-10-22T23:07:45.718+0000] {dag.py:3239} INFO - Sync 1 DAGs
[2024-10-22T23:07:45.745+0000] {logging_mixin.py:190} INFO - [2024-10-22T23:07:45.745+0000] {dag.py:4180} INFO - Setting next_dagrun for example_dag_decorator to None, run_after=None
[2024-10-22T23:07:45.780+0000] {processor.py:208} INFO - Processing /home/airflow/.local/lib/python3.12/site-packages/airflow/example_dags/example_dag_decorator.py took 0.187 seconds
[2024-10-22T23:08:16.191+0000] {processor.py:186} INFO - Started process (PID=877) to work on /home/airflow/.local/lib/python3.12/site-packages/airflow/example_dags/example_dag_decorator.py
[2024-10-22T23:08:16.192+0000] {processor.py:914} INFO - Processing file /home/airflow/.local/lib/python3.12/site-packages/airflow/example_dags/example_dag_decorator.py for tasks to queue
[2024-10-22T23:08:16.194+0000] {logging_mixin.py:190} INFO - [2024-10-22T23:08:16.194+0000] {dagbag.py:588} INFO - Filling up the DagBag from /home/airflow/.local/lib/python3.12/site-packages/airflow/example_dags/example_dag_decorator.py
[2024-10-22T23:08:16.205+0000] {processor.py:925} INFO - DAG(s) 'example_dag_decorator' retrieved from /home/airflow/.local/lib/python3.12/site-packages/airflow/example_dags/example_dag_decorator.py
[2024-10-22T23:08:16.299+0000] {logging_mixin.py:190} INFO - [2024-10-22T23:08:16.299+0000] {dag.py:3239} INFO - Sync 1 DAGs
[2024-10-22T23:08:16.310+0000] {logging_mixin.py:190} INFO - [2024-10-22T23:08:16.310+0000] {dag.py:4180} INFO - Setting next_dagrun for example_dag_decorator to None, run_after=None
[2024-10-22T23:08:16.330+0000] {processor.py:208} INFO - Processing /home/airflow/.local/lib/python3.12/site-packages/airflow/example_dags/example_dag_decorator.py took 0.143 seconds
[2024-10-22T23:08:46.883+0000] {processor.py:186} INFO - Started process (PID=948) to work on /home/airflow/.local/lib/python3.12/site-packages/airflow/example_dags/example_dag_decorator.py
[2024-10-22T23:08:46.883+0000] {processor.py:914} INFO - Processing file /home/airflow/.local/lib/python3.12/site-packages/airflow/example_dags/example_dag_decorator.py for tasks to queue
[2024-10-22T23:08:46.885+0000] {logging_mixin.py:190} INFO - [2024-10-22T23:08:46.885+0000] {dagbag.py:588} INFO - Filling up the DagBag from /home/airflow/.local/lib/python3.12/site-packages/airflow/example_dags/example_dag_decorator.py
[2024-10-22T23:08:46.896+0000] {processor.py:925} INFO - DAG(s) 'example_dag_decorator' retrieved from /home/airflow/.local/lib/python3.12/site-packages/airflow/example_dags/example_dag_decorator.py
[2024-10-22T23:08:46.914+0000] {logging_mixin.py:190} INFO - [2024-10-22T23:08:46.914+0000] {dag.py:3239} INFO - Sync 1 DAGs
[2024-10-22T23:08:46.927+0000] {logging_mixin.py:190} INFO - [2024-10-22T23:08:46.927+0000] {dag.py:4180} INFO - Setting next_dagrun for example_dag_decorator to None, run_after=None
[2024-10-22T23:08:46.945+0000] {processor.py:208} INFO - Processing /home/airflow/.local/lib/python3.12/site-packages/airflow/example_dags/example_dag_decorator.py took 0.067 seconds
[2024-10-22T23:09:17.596+0000] {processor.py:186} INFO - Started process (PID=1017) to work on /home/airflow/.local/lib/python3.12/site-packages/airflow/example_dags/example_dag_decorator.py
[2024-10-22T23:09:17.596+0000] {processor.py:914} INFO - Processing file /home/airflow/.local/lib/python3.12/site-packages/airflow/example_dags/example_dag_decorator.py for tasks to queue
[2024-10-22T23:09:17.599+0000] {logging_mixin.py:190} INFO - [2024-10-22T23:09:17.598+0000] {dagbag.py:588} INFO - Filling up the DagBag from /home/airflow/.local/lib/python3.12/site-packages/airflow/example_dags/example_dag_decorator.py
[2024-10-22T23:09:17.609+0000] {processor.py:925} INFO - DAG(s) 'example_dag_decorator' retrieved from /home/airflow/.local/lib/python3.12/site-packages/airflow/example_dags/example_dag_decorator.py
[2024-10-22T23:09:17.707+0000] {logging_mixin.py:190} INFO - [2024-10-22T23:09:17.706+0000] {dag.py:3239} INFO - Sync 1 DAGs
[2024-10-22T23:09:17.717+0000] {logging_mixin.py:190} INFO - [2024-10-22T23:09:17.717+0000] {dag.py:4180} INFO - Setting next_dagrun for example_dag_decorator to None, run_after=None
[2024-10-22T23:09:17.736+0000] {processor.py:208} INFO - Processing /home/airflow/.local/lib/python3.12/site-packages/airflow/example_dags/example_dag_decorator.py took 0.147 seconds
[2024-10-22T23:09:47.976+0000] {processor.py:186} INFO - Started process (PID=1087) to work on /home/airflow/.local/lib/python3.12/site-packages/airflow/example_dags/example_dag_decorator.py
[2024-10-22T23:09:47.977+0000] {processor.py:914} INFO - Processing file /home/airflow/.local/lib/python3.12/site-packages/airflow/example_dags/example_dag_decorator.py for tasks to queue
[2024-10-22T23:09:47.979+0000] {logging_mixin.py:190} INFO - [2024-10-22T23:09:47.978+0000] {dagbag.py:588} INFO - Filling up the DagBag from /home/airflow/.local/lib/python3.12/site-packages/airflow/example_dags/example_dag_decorator.py
[2024-10-22T23:09:47.988+0000] {processor.py:925} INFO - DAG(s) 'example_dag_decorator' retrieved from /home/airflow/.local/lib/python3.12/site-packages/airflow/example_dags/example_dag_decorator.py
[2024-10-22T23:09:48.013+0000] {logging_mixin.py:190} INFO - [2024-10-22T23:09:48.013+0000] {dag.py:3239} INFO - Sync 1 DAGs
[2024-10-22T23:09:48.026+0000] {logging_mixin.py:190} INFO - [2024-10-22T23:09:48.025+0000] {dag.py:4180} INFO - Setting next_dagrun for example_dag_decorator to None, run_after=None
[2024-10-22T23:09:48.042+0000] {processor.py:208} INFO - Processing /home/airflow/.local/lib/python3.12/site-packages/airflow/example_dags/example_dag_decorator.py took 0.072 seconds
[2024-10-22T23:10:18.401+0000] {processor.py:186} INFO - Started process (PID=1157) to work on /home/airflow/.local/lib/python3.12/site-packages/airflow/example_dags/example_dag_decorator.py
[2024-10-22T23:10:18.402+0000] {processor.py:914} INFO - Processing file /home/airflow/.local/lib/python3.12/site-packages/airflow/example_dags/example_dag_decorator.py for tasks to queue
[2024-10-22T23:10:18.404+0000] {logging_mixin.py:190} INFO - [2024-10-22T23:10:18.404+0000] {dagbag.py:588} INFO - Filling up the DagBag from /home/airflow/.local/lib/python3.12/site-packages/airflow/example_dags/example_dag_decorator.py
[2024-10-22T23:10:18.415+0000] {processor.py:925} INFO - DAG(s) 'example_dag_decorator' retrieved from /home/airflow/.local/lib/python3.12/site-packages/airflow/example_dags/example_dag_decorator.py
[2024-10-22T23:10:18.512+0000] {logging_mixin.py:190} INFO - [2024-10-22T23:10:18.511+0000] {dag.py:3239} INFO - Sync 1 DAGs
[2024-10-22T23:10:18.522+0000] {logging_mixin.py:190} INFO - [2024-10-22T23:10:18.521+0000] {dag.py:4180} INFO - Setting next_dagrun for example_dag_decorator to None, run_after=None
[2024-10-22T23:10:18.540+0000] {processor.py:208} INFO - Processing /home/airflow/.local/lib/python3.12/site-packages/airflow/example_dags/example_dag_decorator.py took 0.144 seconds
[2024-10-22T23:10:49.237+0000] {processor.py:186} INFO - Started process (PID=1227) to work on /home/airflow/.local/lib/python3.12/site-packages/airflow/example_dags/example_dag_decorator.py
[2024-10-22T23:10:49.238+0000] {processor.py:914} INFO - Processing file /home/airflow/.local/lib/python3.12/site-packages/airflow/example_dags/example_dag_decorator.py for tasks to queue
[2024-10-22T23:10:49.240+0000] {logging_mixin.py:190} INFO - [2024-10-22T23:10:49.240+0000] {dagbag.py:588} INFO - Filling up the DagBag from /home/airflow/.local/lib/python3.12/site-packages/airflow/example_dags/example_dag_decorator.py
[2024-10-22T23:10:49.251+0000] {processor.py:925} INFO - DAG(s) 'example_dag_decorator' retrieved from /home/airflow/.local/lib/python3.12/site-packages/airflow/example_dags/example_dag_decorator.py
[2024-10-22T23:10:49.352+0000] {logging_mixin.py:190} INFO - [2024-10-22T23:10:49.351+0000] {dag.py:3239} INFO - Sync 1 DAGs
[2024-10-22T23:10:49.362+0000] {logging_mixin.py:190} INFO - [2024-10-22T23:10:49.362+0000] {dag.py:4180} INFO - Setting next_dagrun for example_dag_decorator to None, run_after=None
[2024-10-22T23:10:49.383+0000] {processor.py:208} INFO - Processing /home/airflow/.local/lib/python3.12/site-packages/airflow/example_dags/example_dag_decorator.py took 0.151 seconds
[2024-10-22T23:11:19.928+0000] {processor.py:186} INFO - Started process (PID=1297) to work on /home/airflow/.local/lib/python3.12/site-packages/airflow/example_dags/example_dag_decorator.py
[2024-10-22T23:11:19.929+0000] {processor.py:914} INFO - Processing file /home/airflow/.local/lib/python3.12/site-packages/airflow/example_dags/example_dag_decorator.py for tasks to queue
[2024-10-22T23:11:19.931+0000] {logging_mixin.py:190} INFO - [2024-10-22T23:11:19.931+0000] {dagbag.py:588} INFO - Filling up the DagBag from /home/airflow/.local/lib/python3.12/site-packages/airflow/example_dags/example_dag_decorator.py
[2024-10-22T23:11:19.941+0000] {processor.py:925} INFO - DAG(s) 'example_dag_decorator' retrieved from /home/airflow/.local/lib/python3.12/site-packages/airflow/example_dags/example_dag_decorator.py
[2024-10-22T23:11:20.046+0000] {logging_mixin.py:190} INFO - [2024-10-22T23:11:20.045+0000] {dag.py:3239} INFO - Sync 1 DAGs
[2024-10-22T23:11:20.055+0000] {logging_mixin.py:190} INFO - [2024-10-22T23:11:20.055+0000] {dag.py:4180} INFO - Setting next_dagrun for example_dag_decorator to None, run_after=None
[2024-10-22T23:11:20.073+0000] {processor.py:208} INFO - Processing /home/airflow/.local/lib/python3.12/site-packages/airflow/example_dags/example_dag_decorator.py took 0.149 seconds
[2024-10-22T23:11:50.791+0000] {processor.py:186} INFO - Started process (PID=1367) to work on /home/airflow/.local/lib/python3.12/site-packages/airflow/example_dags/example_dag_decorator.py
[2024-10-22T23:11:50.792+0000] {processor.py:914} INFO - Processing file /home/airflow/.local/lib/python3.12/site-packages/airflow/example_dags/example_dag_decorator.py for tasks to queue
[2024-10-22T23:11:50.795+0000] {logging_mixin.py:190} INFO - [2024-10-22T23:11:50.794+0000] {dagbag.py:588} INFO - Filling up the DagBag from /home/airflow/.local/lib/python3.12/site-packages/airflow/example_dags/example_dag_decorator.py
[2024-10-22T23:11:50.810+0000] {processor.py:925} INFO - DAG(s) 'example_dag_decorator' retrieved from /home/airflow/.local/lib/python3.12/site-packages/airflow/example_dags/example_dag_decorator.py
[2024-10-22T23:11:50.917+0000] {logging_mixin.py:190} INFO - [2024-10-22T23:11:50.917+0000] {dag.py:3239} INFO - Sync 1 DAGs
[2024-10-22T23:11:50.930+0000] {logging_mixin.py:190} INFO - [2024-10-22T23:11:50.930+0000] {dag.py:4180} INFO - Setting next_dagrun for example_dag_decorator to None, run_after=None
[2024-10-22T23:11:50.951+0000] {processor.py:208} INFO - Processing /home/airflow/.local/lib/python3.12/site-packages/airflow/example_dags/example_dag_decorator.py took 0.164 seconds
[2024-10-22T23:12:21.132+0000] {processor.py:186} INFO - Started process (PID=1437) to work on /home/airflow/.local/lib/python3.12/site-packages/airflow/example_dags/example_dag_decorator.py
[2024-10-22T23:12:21.133+0000] {processor.py:914} INFO - Processing file /home/airflow/.local/lib/python3.12/site-packages/airflow/example_dags/example_dag_decorator.py for tasks to queue
[2024-10-22T23:12:21.135+0000] {logging_mixin.py:190} INFO - [2024-10-22T23:12:21.134+0000] {dagbag.py:588} INFO - Filling up the DagBag from /home/airflow/.local/lib/python3.12/site-packages/airflow/example_dags/example_dag_decorator.py
[2024-10-22T23:12:21.145+0000] {processor.py:925} INFO - DAG(s) 'example_dag_decorator' retrieved from /home/airflow/.local/lib/python3.12/site-packages/airflow/example_dags/example_dag_decorator.py
[2024-10-22T23:12:21.238+0000] {logging_mixin.py:190} INFO - [2024-10-22T23:12:21.237+0000] {dag.py:3239} INFO - Sync 1 DAGs
[2024-10-22T23:12:21.250+0000] {logging_mixin.py:190} INFO - [2024-10-22T23:12:21.250+0000] {dag.py:4180} INFO - Setting next_dagrun for example_dag_decorator to None, run_after=None
[2024-10-22T23:12:21.268+0000] {processor.py:208} INFO - Processing /home/airflow/.local/lib/python3.12/site-packages/airflow/example_dags/example_dag_decorator.py took 0.141 seconds
[2024-10-22T23:12:51.569+0000] {processor.py:186} INFO - Started process (PID=1507) to work on /home/airflow/.local/lib/python3.12/site-packages/airflow/example_dags/example_dag_decorator.py
[2024-10-22T23:12:51.570+0000] {processor.py:914} INFO - Processing file /home/airflow/.local/lib/python3.12/site-packages/airflow/example_dags/example_dag_decorator.py for tasks to queue
[2024-10-22T23:12:51.572+0000] {logging_mixin.py:190} INFO - [2024-10-22T23:12:51.572+0000] {dagbag.py:588} INFO - Filling up the DagBag from /home/airflow/.local/lib/python3.12/site-packages/airflow/example_dags/example_dag_decorator.py
[2024-10-22T23:12:51.582+0000] {processor.py:925} INFO - DAG(s) 'example_dag_decorator' retrieved from /home/airflow/.local/lib/python3.12/site-packages/airflow/example_dags/example_dag_decorator.py
[2024-10-22T23:12:51.681+0000] {logging_mixin.py:190} INFO - [2024-10-22T23:12:51.681+0000] {dag.py:3239} INFO - Sync 1 DAGs
[2024-10-22T23:12:51.691+0000] {logging_mixin.py:190} INFO - [2024-10-22T23:12:51.691+0000] {dag.py:4180} INFO - Setting next_dagrun for example_dag_decorator to None, run_after=None
[2024-10-22T23:12:51.710+0000] {processor.py:208} INFO - Processing /home/airflow/.local/lib/python3.12/site-packages/airflow/example_dags/example_dag_decorator.py took 0.147 seconds
[2024-10-22T23:13:22.031+0000] {processor.py:186} INFO - Started process (PID=1577) to work on /home/airflow/.local/lib/python3.12/site-packages/airflow/example_dags/example_dag_decorator.py
[2024-10-22T23:13:22.032+0000] {processor.py:914} INFO - Processing file /home/airflow/.local/lib/python3.12/site-packages/airflow/example_dags/example_dag_decorator.py for tasks to queue
[2024-10-22T23:13:22.035+0000] {logging_mixin.py:190} INFO - [2024-10-22T23:13:22.035+0000] {dagbag.py:588} INFO - Filling up the DagBag from /home/airflow/.local/lib/python3.12/site-packages/airflow/example_dags/example_dag_decorator.py
[2024-10-22T23:13:22.045+0000] {processor.py:925} INFO - DAG(s) 'example_dag_decorator' retrieved from /home/airflow/.local/lib/python3.12/site-packages/airflow/example_dags/example_dag_decorator.py
[2024-10-22T23:13:22.063+0000] {logging_mixin.py:190} INFO - [2024-10-22T23:13:22.063+0000] {dag.py:3239} INFO - Sync 1 DAGs
[2024-10-22T23:13:22.075+0000] {logging_mixin.py:190} INFO - [2024-10-22T23:13:22.075+0000] {dag.py:4180} INFO - Setting next_dagrun for example_dag_decorator to None, run_after=None
[2024-10-22T23:13:22.092+0000] {processor.py:208} INFO - Processing /home/airflow/.local/lib/python3.12/site-packages/airflow/example_dags/example_dag_decorator.py took 0.066 seconds
[2024-10-22T23:13:52.571+0000] {processor.py:186} INFO - Started process (PID=1648) to work on /home/airflow/.local/lib/python3.12/site-packages/airflow/example_dags/example_dag_decorator.py
[2024-10-22T23:13:52.572+0000] {processor.py:914} INFO - Processing file /home/airflow/.local/lib/python3.12/site-packages/airflow/example_dags/example_dag_decorator.py for tasks to queue
[2024-10-22T23:13:52.575+0000] {logging_mixin.py:190} INFO - [2024-10-22T23:13:52.575+0000] {dagbag.py:588} INFO - Filling up the DagBag from /home/airflow/.local/lib/python3.12/site-packages/airflow/example_dags/example_dag_decorator.py
[2024-10-22T23:13:52.587+0000] {processor.py:925} INFO - DAG(s) 'example_dag_decorator' retrieved from /home/airflow/.local/lib/python3.12/site-packages/airflow/example_dags/example_dag_decorator.py
[2024-10-22T23:13:52.608+0000] {logging_mixin.py:190} INFO - [2024-10-22T23:13:52.608+0000] {dag.py:3239} INFO - Sync 1 DAGs
[2024-10-22T23:13:52.619+0000] {logging_mixin.py:190} INFO - [2024-10-22T23:13:52.619+0000] {dag.py:4180} INFO - Setting next_dagrun for example_dag_decorator to None, run_after=None
[2024-10-22T23:13:52.638+0000] {processor.py:208} INFO - Processing /home/airflow/.local/lib/python3.12/site-packages/airflow/example_dags/example_dag_decorator.py took 0.073 seconds
[2024-10-22T23:14:23.257+0000] {processor.py:186} INFO - Started process (PID=1718) to work on /home/airflow/.local/lib/python3.12/site-packages/airflow/example_dags/example_dag_decorator.py
[2024-10-22T23:14:23.258+0000] {processor.py:914} INFO - Processing file /home/airflow/.local/lib/python3.12/site-packages/airflow/example_dags/example_dag_decorator.py for tasks to queue
[2024-10-22T23:14:23.261+0000] {logging_mixin.py:190} INFO - [2024-10-22T23:14:23.260+0000] {dagbag.py:588} INFO - Filling up the DagBag from /home/airflow/.local/lib/python3.12/site-packages/airflow/example_dags/example_dag_decorator.py
[2024-10-22T23:14:23.270+0000] {processor.py:925} INFO - DAG(s) 'example_dag_decorator' retrieved from /home/airflow/.local/lib/python3.12/site-packages/airflow/example_dags/example_dag_decorator.py
[2024-10-22T23:14:23.369+0000] {logging_mixin.py:190} INFO - [2024-10-22T23:14:23.369+0000] {dag.py:3239} INFO - Sync 1 DAGs
[2024-10-22T23:14:23.381+0000] {logging_mixin.py:190} INFO - [2024-10-22T23:14:23.381+0000] {dag.py:4180} INFO - Setting next_dagrun for example_dag_decorator to None, run_after=None
[2024-10-22T23:14:23.402+0000] {processor.py:208} INFO - Processing /home/airflow/.local/lib/python3.12/site-packages/airflow/example_dags/example_dag_decorator.py took 0.150 seconds
[2024-10-22T23:14:53.877+0000] {processor.py:186} INFO - Started process (PID=1789) to work on /home/airflow/.local/lib/python3.12/site-packages/airflow/example_dags/example_dag_decorator.py
[2024-10-22T23:14:53.879+0000] {processor.py:914} INFO - Processing file /home/airflow/.local/lib/python3.12/site-packages/airflow/example_dags/example_dag_decorator.py for tasks to queue
[2024-10-22T23:14:53.881+0000] {logging_mixin.py:190} INFO - [2024-10-22T23:14:53.880+0000] {dagbag.py:588} INFO - Filling up the DagBag from /home/airflow/.local/lib/python3.12/site-packages/airflow/example_dags/example_dag_decorator.py
[2024-10-22T23:14:53.895+0000] {processor.py:925} INFO - DAG(s) 'example_dag_decorator' retrieved from /home/airflow/.local/lib/python3.12/site-packages/airflow/example_dags/example_dag_decorator.py
[2024-10-22T23:14:53.916+0000] {logging_mixin.py:190} INFO - [2024-10-22T23:14:53.916+0000] {dag.py:3239} INFO - Sync 1 DAGs
[2024-10-22T23:14:53.929+0000] {logging_mixin.py:190} INFO - [2024-10-22T23:14:53.928+0000] {dag.py:4180} INFO - Setting next_dagrun for example_dag_decorator to None, run_after=None
[2024-10-22T23:14:53.946+0000] {processor.py:208} INFO - Processing /home/airflow/.local/lib/python3.12/site-packages/airflow/example_dags/example_dag_decorator.py took 0.075 seconds
[2024-10-22T23:15:24.142+0000] {processor.py:186} INFO - Started process (PID=1859) to work on /home/airflow/.local/lib/python3.12/site-packages/airflow/example_dags/example_dag_decorator.py
[2024-10-22T23:15:24.143+0000] {processor.py:914} INFO - Processing file /home/airflow/.local/lib/python3.12/site-packages/airflow/example_dags/example_dag_decorator.py for tasks to queue
[2024-10-22T23:15:24.145+0000] {logging_mixin.py:190} INFO - [2024-10-22T23:15:24.145+0000] {dagbag.py:588} INFO - Filling up the DagBag from /home/airflow/.local/lib/python3.12/site-packages/airflow/example_dags/example_dag_decorator.py
[2024-10-22T23:15:24.155+0000] {processor.py:925} INFO - DAG(s) 'example_dag_decorator' retrieved from /home/airflow/.local/lib/python3.12/site-packages/airflow/example_dags/example_dag_decorator.py
[2024-10-22T23:15:24.253+0000] {logging_mixin.py:190} INFO - [2024-10-22T23:15:24.253+0000] {dag.py:3239} INFO - Sync 1 DAGs
[2024-10-22T23:15:24.267+0000] {logging_mixin.py:190} INFO - [2024-10-22T23:15:24.267+0000] {dag.py:4180} INFO - Setting next_dagrun for example_dag_decorator to None, run_after=None
[2024-10-22T23:15:24.284+0000] {processor.py:208} INFO - Processing /home/airflow/.local/lib/python3.12/site-packages/airflow/example_dags/example_dag_decorator.py took 0.148 seconds
[2024-10-22T23:15:54.750+0000] {processor.py:186} INFO - Started process (PID=1929) to work on /home/airflow/.local/lib/python3.12/site-packages/airflow/example_dags/example_dag_decorator.py
[2024-10-22T23:15:54.752+0000] {processor.py:914} INFO - Processing file /home/airflow/.local/lib/python3.12/site-packages/airflow/example_dags/example_dag_decorator.py for tasks to queue
[2024-10-22T23:15:54.754+0000] {logging_mixin.py:190} INFO - [2024-10-22T23:15:54.754+0000] {dagbag.py:588} INFO - Filling up the DagBag from /home/airflow/.local/lib/python3.12/site-packages/airflow/example_dags/example_dag_decorator.py
[2024-10-22T23:15:54.764+0000] {processor.py:925} INFO - DAG(s) 'example_dag_decorator' retrieved from /home/airflow/.local/lib/python3.12/site-packages/airflow/example_dags/example_dag_decorator.py
[2024-10-22T23:15:54.866+0000] {logging_mixin.py:190} INFO - [2024-10-22T23:15:54.865+0000] {dag.py:3239} INFO - Sync 1 DAGs
[2024-10-22T23:15:54.874+0000] {logging_mixin.py:190} INFO - [2024-10-22T23:15:54.874+0000] {dag.py:4180} INFO - Setting next_dagrun for example_dag_decorator to None, run_after=None
[2024-10-22T23:15:54.893+0000] {processor.py:208} INFO - Processing /home/airflow/.local/lib/python3.12/site-packages/airflow/example_dags/example_dag_decorator.py took 0.147 seconds
[2024-10-22T23:16:25.182+0000] {processor.py:186} INFO - Started process (PID=2000) to work on /home/airflow/.local/lib/python3.12/site-packages/airflow/example_dags/example_dag_decorator.py
[2024-10-22T23:16:25.183+0000] {processor.py:914} INFO - Processing file /home/airflow/.local/lib/python3.12/site-packages/airflow/example_dags/example_dag_decorator.py for tasks to queue
[2024-10-22T23:16:25.185+0000] {logging_mixin.py:190} INFO - [2024-10-22T23:16:25.185+0000] {dagbag.py:588} INFO - Filling up the DagBag from /home/airflow/.local/lib/python3.12/site-packages/airflow/example_dags/example_dag_decorator.py
[2024-10-22T23:16:25.194+0000] {processor.py:925} INFO - DAG(s) 'example_dag_decorator' retrieved from /home/airflow/.local/lib/python3.12/site-packages/airflow/example_dags/example_dag_decorator.py
[2024-10-22T23:16:25.286+0000] {logging_mixin.py:190} INFO - [2024-10-22T23:16:25.286+0000] {dag.py:3239} INFO - Sync 1 DAGs
[2024-10-22T23:16:25.296+0000] {logging_mixin.py:190} INFO - [2024-10-22T23:16:25.296+0000] {dag.py:4180} INFO - Setting next_dagrun for example_dag_decorator to None, run_after=None
[2024-10-22T23:16:25.315+0000] {processor.py:208} INFO - Processing /home/airflow/.local/lib/python3.12/site-packages/airflow/example_dags/example_dag_decorator.py took 0.138 seconds
[2024-10-22T23:16:55.638+0000] {processor.py:186} INFO - Started process (PID=2070) to work on /home/airflow/.local/lib/python3.12/site-packages/airflow/example_dags/example_dag_decorator.py
[2024-10-22T23:16:55.638+0000] {processor.py:914} INFO - Processing file /home/airflow/.local/lib/python3.12/site-packages/airflow/example_dags/example_dag_decorator.py for tasks to queue
[2024-10-22T23:16:55.641+0000] {logging_mixin.py:190} INFO - [2024-10-22T23:16:55.640+0000] {dagbag.py:588} INFO - Filling up the DagBag from /home/airflow/.local/lib/python3.12/site-packages/airflow/example_dags/example_dag_decorator.py
[2024-10-22T23:16:55.652+0000] {processor.py:925} INFO - DAG(s) 'example_dag_decorator' retrieved from /home/airflow/.local/lib/python3.12/site-packages/airflow/example_dags/example_dag_decorator.py
[2024-10-22T23:16:55.750+0000] {logging_mixin.py:190} INFO - [2024-10-22T23:16:55.750+0000] {dag.py:3239} INFO - Sync 1 DAGs
[2024-10-22T23:16:55.760+0000] {logging_mixin.py:190} INFO - [2024-10-22T23:16:55.760+0000] {dag.py:4180} INFO - Setting next_dagrun for example_dag_decorator to None, run_after=None
[2024-10-22T23:16:55.778+0000] {processor.py:208} INFO - Processing /home/airflow/.local/lib/python3.12/site-packages/airflow/example_dags/example_dag_decorator.py took 0.146 seconds
[2024-10-22T23:17:25.991+0000] {processor.py:186} INFO - Started process (PID=2140) to work on /home/airflow/.local/lib/python3.12/site-packages/airflow/example_dags/example_dag_decorator.py
[2024-10-22T23:17:25.992+0000] {processor.py:914} INFO - Processing file /home/airflow/.local/lib/python3.12/site-packages/airflow/example_dags/example_dag_decorator.py for tasks to queue
[2024-10-22T23:17:25.994+0000] {logging_mixin.py:190} INFO - [2024-10-22T23:17:25.994+0000] {dagbag.py:588} INFO - Filling up the DagBag from /home/airflow/.local/lib/python3.12/site-packages/airflow/example_dags/example_dag_decorator.py
[2024-10-22T23:17:26.004+0000] {processor.py:925} INFO - DAG(s) 'example_dag_decorator' retrieved from /home/airflow/.local/lib/python3.12/site-packages/airflow/example_dags/example_dag_decorator.py
[2024-10-22T23:17:26.098+0000] {logging_mixin.py:190} INFO - [2024-10-22T23:17:26.098+0000] {dag.py:3239} INFO - Sync 1 DAGs
[2024-10-22T23:17:26.109+0000] {logging_mixin.py:190} INFO - [2024-10-22T23:17:26.108+0000] {dag.py:4180} INFO - Setting next_dagrun for example_dag_decorator to None, run_after=None
[2024-10-22T23:17:26.126+0000] {processor.py:208} INFO - Processing /home/airflow/.local/lib/python3.12/site-packages/airflow/example_dags/example_dag_decorator.py took 0.140 seconds
[2024-10-22T23:17:56.318+0000] {processor.py:186} INFO - Started process (PID=2212) to work on /home/airflow/.local/lib/python3.12/site-packages/airflow/example_dags/example_dag_decorator.py
[2024-10-22T23:17:56.319+0000] {processor.py:914} INFO - Processing file /home/airflow/.local/lib/python3.12/site-packages/airflow/example_dags/example_dag_decorator.py for tasks to queue
[2024-10-22T23:17:56.321+0000] {logging_mixin.py:190} INFO - [2024-10-22T23:17:56.321+0000] {dagbag.py:588} INFO - Filling up the DagBag from /home/airflow/.local/lib/python3.12/site-packages/airflow/example_dags/example_dag_decorator.py
[2024-10-22T23:17:56.330+0000] {processor.py:925} INFO - DAG(s) 'example_dag_decorator' retrieved from /home/airflow/.local/lib/python3.12/site-packages/airflow/example_dags/example_dag_decorator.py
[2024-10-22T23:17:56.424+0000] {logging_mixin.py:190} INFO - [2024-10-22T23:17:56.424+0000] {dag.py:3239} INFO - Sync 1 DAGs
[2024-10-22T23:17:56.434+0000] {logging_mixin.py:190} INFO - [2024-10-22T23:17:56.433+0000] {dag.py:4180} INFO - Setting next_dagrun for example_dag_decorator to None, run_after=None
[2024-10-22T23:17:56.453+0000] {processor.py:208} INFO - Processing /home/airflow/.local/lib/python3.12/site-packages/airflow/example_dags/example_dag_decorator.py took 0.140 seconds
[2024-10-22T23:18:26.913+0000] {processor.py:186} INFO - Started process (PID=2284) to work on /home/airflow/.local/lib/python3.12/site-packages/airflow/example_dags/example_dag_decorator.py
[2024-10-22T23:18:26.914+0000] {processor.py:914} INFO - Processing file /home/airflow/.local/lib/python3.12/site-packages/airflow/example_dags/example_dag_decorator.py for tasks to queue
[2024-10-22T23:18:26.916+0000] {logging_mixin.py:190} INFO - [2024-10-22T23:18:26.916+0000] {dagbag.py:588} INFO - Filling up the DagBag from /home/airflow/.local/lib/python3.12/site-packages/airflow/example_dags/example_dag_decorator.py
[2024-10-22T23:18:26.927+0000] {processor.py:925} INFO - DAG(s) 'example_dag_decorator' retrieved from /home/airflow/.local/lib/python3.12/site-packages/airflow/example_dags/example_dag_decorator.py
[2024-10-22T23:18:27.027+0000] {logging_mixin.py:190} INFO - [2024-10-22T23:18:27.027+0000] {dag.py:3239} INFO - Sync 1 DAGs
[2024-10-22T23:18:27.038+0000] {logging_mixin.py:190} INFO - [2024-10-22T23:18:27.038+0000] {dag.py:4180} INFO - Setting next_dagrun for example_dag_decorator to None, run_after=None
[2024-10-22T23:18:27.056+0000] {processor.py:208} INFO - Processing /home/airflow/.local/lib/python3.12/site-packages/airflow/example_dags/example_dag_decorator.py took 0.148 seconds
[2024-10-22T23:18:57.274+0000] {processor.py:186} INFO - Started process (PID=2354) to work on /home/airflow/.local/lib/python3.12/site-packages/airflow/example_dags/example_dag_decorator.py
[2024-10-22T23:18:57.275+0000] {processor.py:914} INFO - Processing file /home/airflow/.local/lib/python3.12/site-packages/airflow/example_dags/example_dag_decorator.py for tasks to queue
[2024-10-22T23:18:57.277+0000] {logging_mixin.py:190} INFO - [2024-10-22T23:18:57.276+0000] {dagbag.py:588} INFO - Filling up the DagBag from /home/airflow/.local/lib/python3.12/site-packages/airflow/example_dags/example_dag_decorator.py
[2024-10-22T23:18:57.288+0000] {processor.py:925} INFO - DAG(s) 'example_dag_decorator' retrieved from /home/airflow/.local/lib/python3.12/site-packages/airflow/example_dags/example_dag_decorator.py
[2024-10-22T23:18:57.389+0000] {logging_mixin.py:190} INFO - [2024-10-22T23:18:57.389+0000] {dag.py:3239} INFO - Sync 1 DAGs
[2024-10-22T23:18:57.400+0000] {logging_mixin.py:190} INFO - [2024-10-22T23:18:57.400+0000] {dag.py:4180} INFO - Setting next_dagrun for example_dag_decorator to None, run_after=None
[2024-10-22T23:18:57.433+0000] {processor.py:208} INFO - Processing /home/airflow/.local/lib/python3.12/site-packages/airflow/example_dags/example_dag_decorator.py took 0.166 seconds
[2024-10-22T23:19:28.150+0000] {processor.py:186} INFO - Started process (PID=2425) to work on /home/airflow/.local/lib/python3.12/site-packages/airflow/example_dags/example_dag_decorator.py
[2024-10-22T23:19:28.151+0000] {processor.py:914} INFO - Processing file /home/airflow/.local/lib/python3.12/site-packages/airflow/example_dags/example_dag_decorator.py for tasks to queue
[2024-10-22T23:19:28.153+0000] {logging_mixin.py:190} INFO - [2024-10-22T23:19:28.153+0000] {dagbag.py:588} INFO - Filling up the DagBag from /home/airflow/.local/lib/python3.12/site-packages/airflow/example_dags/example_dag_decorator.py
[2024-10-22T23:19:28.165+0000] {processor.py:925} INFO - DAG(s) 'example_dag_decorator' retrieved from /home/airflow/.local/lib/python3.12/site-packages/airflow/example_dags/example_dag_decorator.py
[2024-10-22T23:19:28.257+0000] {logging_mixin.py:190} INFO - [2024-10-22T23:19:28.257+0000] {dag.py:3239} INFO - Sync 1 DAGs
[2024-10-22T23:19:28.269+0000] {logging_mixin.py:190} INFO - [2024-10-22T23:19:28.269+0000] {dag.py:4180} INFO - Setting next_dagrun for example_dag_decorator to None, run_after=None
[2024-10-22T23:19:28.285+0000] {processor.py:208} INFO - Processing /home/airflow/.local/lib/python3.12/site-packages/airflow/example_dags/example_dag_decorator.py took 0.142 seconds
[2024-10-22T23:19:58.565+0000] {processor.py:186} INFO - Started process (PID=2498) to work on /home/airflow/.local/lib/python3.12/site-packages/airflow/example_dags/example_dag_decorator.py
[2024-10-22T23:19:58.566+0000] {processor.py:914} INFO - Processing file /home/airflow/.local/lib/python3.12/site-packages/airflow/example_dags/example_dag_decorator.py for tasks to queue
[2024-10-22T23:19:58.568+0000] {logging_mixin.py:190} INFO - [2024-10-22T23:19:58.568+0000] {dagbag.py:588} INFO - Filling up the DagBag from /home/airflow/.local/lib/python3.12/site-packages/airflow/example_dags/example_dag_decorator.py
[2024-10-22T23:19:58.579+0000] {processor.py:925} INFO - DAG(s) 'example_dag_decorator' retrieved from /home/airflow/.local/lib/python3.12/site-packages/airflow/example_dags/example_dag_decorator.py
[2024-10-22T23:19:58.685+0000] {logging_mixin.py:190} INFO - [2024-10-22T23:19:58.684+0000] {dag.py:3239} INFO - Sync 1 DAGs
[2024-10-22T23:19:58.699+0000] {logging_mixin.py:190} INFO - [2024-10-22T23:19:58.698+0000] {dag.py:4180} INFO - Setting next_dagrun for example_dag_decorator to None, run_after=None
[2024-10-22T23:19:58.719+0000] {processor.py:208} INFO - Processing /home/airflow/.local/lib/python3.12/site-packages/airflow/example_dags/example_dag_decorator.py took 0.159 seconds
[2024-10-22T23:20:29.350+0000] {processor.py:186} INFO - Started process (PID=2569) to work on /home/airflow/.local/lib/python3.12/site-packages/airflow/example_dags/example_dag_decorator.py
[2024-10-22T23:20:29.351+0000] {processor.py:914} INFO - Processing file /home/airflow/.local/lib/python3.12/site-packages/airflow/example_dags/example_dag_decorator.py for tasks to queue
[2024-10-22T23:20:29.353+0000] {logging_mixin.py:190} INFO - [2024-10-22T23:20:29.353+0000] {dagbag.py:588} INFO - Filling up the DagBag from /home/airflow/.local/lib/python3.12/site-packages/airflow/example_dags/example_dag_decorator.py
[2024-10-22T23:20:29.363+0000] {processor.py:925} INFO - DAG(s) 'example_dag_decorator' retrieved from /home/airflow/.local/lib/python3.12/site-packages/airflow/example_dags/example_dag_decorator.py
[2024-10-22T23:20:29.476+0000] {logging_mixin.py:190} INFO - [2024-10-22T23:20:29.475+0000] {dag.py:3239} INFO - Sync 1 DAGs
[2024-10-22T23:20:29.488+0000] {logging_mixin.py:190} INFO - [2024-10-22T23:20:29.488+0000] {dag.py:4180} INFO - Setting next_dagrun for example_dag_decorator to None, run_after=None
[2024-10-22T23:20:29.506+0000] {processor.py:208} INFO - Processing /home/airflow/.local/lib/python3.12/site-packages/airflow/example_dags/example_dag_decorator.py took 0.160 seconds
[2024-10-22T23:21:00.588+0000] {processor.py:186} INFO - Started process (PID=2640) to work on /home/airflow/.local/lib/python3.12/site-packages/airflow/example_dags/example_dag_decorator.py
[2024-10-22T23:21:00.589+0000] {processor.py:914} INFO - Processing file /home/airflow/.local/lib/python3.12/site-packages/airflow/example_dags/example_dag_decorator.py for tasks to queue
[2024-10-22T23:21:00.593+0000] {logging_mixin.py:190} INFO - [2024-10-22T23:21:00.592+0000] {dagbag.py:588} INFO - Filling up the DagBag from /home/airflow/.local/lib/python3.12/site-packages/airflow/example_dags/example_dag_decorator.py
[2024-10-22T23:21:00.605+0000] {processor.py:925} INFO - DAG(s) 'example_dag_decorator' retrieved from /home/airflow/.local/lib/python3.12/site-packages/airflow/example_dags/example_dag_decorator.py
[2024-10-22T23:21:00.717+0000] {logging_mixin.py:190} INFO - [2024-10-22T23:21:00.717+0000] {dag.py:3239} INFO - Sync 1 DAGs
[2024-10-22T23:21:00.728+0000] {logging_mixin.py:190} INFO - [2024-10-22T23:21:00.728+0000] {dag.py:4180} INFO - Setting next_dagrun for example_dag_decorator to None, run_after=None
[2024-10-22T23:21:00.751+0000] {processor.py:208} INFO - Processing /home/airflow/.local/lib/python3.12/site-packages/airflow/example_dags/example_dag_decorator.py took 0.170 seconds
[2024-10-22T23:21:31.324+0000] {processor.py:186} INFO - Started process (PID=2711) to work on /home/airflow/.local/lib/python3.12/site-packages/airflow/example_dags/example_dag_decorator.py
[2024-10-22T23:21:31.325+0000] {processor.py:914} INFO - Processing file /home/airflow/.local/lib/python3.12/site-packages/airflow/example_dags/example_dag_decorator.py for tasks to queue
[2024-10-22T23:21:31.327+0000] {logging_mixin.py:190} INFO - [2024-10-22T23:21:31.327+0000] {dagbag.py:588} INFO - Filling up the DagBag from /home/airflow/.local/lib/python3.12/site-packages/airflow/example_dags/example_dag_decorator.py
[2024-10-22T23:21:31.336+0000] {processor.py:925} INFO - DAG(s) 'example_dag_decorator' retrieved from /home/airflow/.local/lib/python3.12/site-packages/airflow/example_dags/example_dag_decorator.py
[2024-10-22T23:21:31.422+0000] {logging_mixin.py:190} INFO - [2024-10-22T23:21:31.421+0000] {dag.py:3239} INFO - Sync 1 DAGs
[2024-10-22T23:21:31.432+0000] {logging_mixin.py:190} INFO - [2024-10-22T23:21:31.432+0000] {dag.py:4180} INFO - Setting next_dagrun for example_dag_decorator to None, run_after=None
[2024-10-22T23:21:31.451+0000] {processor.py:208} INFO - Processing /home/airflow/.local/lib/python3.12/site-packages/airflow/example_dags/example_dag_decorator.py took 0.131 seconds
[2024-10-22T23:22:02.587+0000] {processor.py:186} INFO - Started process (PID=2782) to work on /home/airflow/.local/lib/python3.12/site-packages/airflow/example_dags/example_dag_decorator.py
[2024-10-22T23:22:02.588+0000] {processor.py:914} INFO - Processing file /home/airflow/.local/lib/python3.12/site-packages/airflow/example_dags/example_dag_decorator.py for tasks to queue
[2024-10-22T23:22:02.591+0000] {logging_mixin.py:190} INFO - [2024-10-22T23:22:02.590+0000] {dagbag.py:588} INFO - Filling up the DagBag from /home/airflow/.local/lib/python3.12/site-packages/airflow/example_dags/example_dag_decorator.py
[2024-10-22T23:22:02.605+0000] {processor.py:925} INFO - DAG(s) 'example_dag_decorator' retrieved from /home/airflow/.local/lib/python3.12/site-packages/airflow/example_dags/example_dag_decorator.py
[2024-10-22T23:22:02.721+0000] {logging_mixin.py:190} INFO - [2024-10-22T23:22:02.721+0000] {dag.py:3239} INFO - Sync 1 DAGs
[2024-10-22T23:22:02.732+0000] {logging_mixin.py:190} INFO - [2024-10-22T23:22:02.732+0000] {dag.py:4180} INFO - Setting next_dagrun for example_dag_decorator to None, run_after=None
[2024-10-22T23:22:02.750+0000] {processor.py:208} INFO - Processing /home/airflow/.local/lib/python3.12/site-packages/airflow/example_dags/example_dag_decorator.py took 0.168 seconds
[2024-10-22T23:22:33.538+0000] {processor.py:186} INFO - Started process (PID=2852) to work on /home/airflow/.local/lib/python3.12/site-packages/airflow/example_dags/example_dag_decorator.py
[2024-10-22T23:22:33.539+0000] {processor.py:914} INFO - Processing file /home/airflow/.local/lib/python3.12/site-packages/airflow/example_dags/example_dag_decorator.py for tasks to queue
[2024-10-22T23:22:33.541+0000] {logging_mixin.py:190} INFO - [2024-10-22T23:22:33.541+0000] {dagbag.py:588} INFO - Filling up the DagBag from /home/airflow/.local/lib/python3.12/site-packages/airflow/example_dags/example_dag_decorator.py
[2024-10-22T23:22:33.553+0000] {processor.py:925} INFO - DAG(s) 'example_dag_decorator' retrieved from /home/airflow/.local/lib/python3.12/site-packages/airflow/example_dags/example_dag_decorator.py
[2024-10-22T23:22:33.648+0000] {logging_mixin.py:190} INFO - [2024-10-22T23:22:33.647+0000] {dag.py:3239} INFO - Sync 1 DAGs
[2024-10-22T23:22:33.658+0000] {logging_mixin.py:190} INFO - [2024-10-22T23:22:33.658+0000] {dag.py:4180} INFO - Setting next_dagrun for example_dag_decorator to None, run_after=None
[2024-10-22T23:22:33.677+0000] {processor.py:208} INFO - Processing /home/airflow/.local/lib/python3.12/site-packages/airflow/example_dags/example_dag_decorator.py took 0.145 seconds
[2024-10-22T23:23:04.088+0000] {processor.py:186} INFO - Started process (PID=2923) to work on /home/airflow/.local/lib/python3.12/site-packages/airflow/example_dags/example_dag_decorator.py
[2024-10-22T23:23:04.089+0000] {processor.py:914} INFO - Processing file /home/airflow/.local/lib/python3.12/site-packages/airflow/example_dags/example_dag_decorator.py for tasks to queue
[2024-10-22T23:23:04.091+0000] {logging_mixin.py:190} INFO - [2024-10-22T23:23:04.091+0000] {dagbag.py:588} INFO - Filling up the DagBag from /home/airflow/.local/lib/python3.12/site-packages/airflow/example_dags/example_dag_decorator.py
[2024-10-22T23:23:04.101+0000] {processor.py:925} INFO - DAG(s) 'example_dag_decorator' retrieved from /home/airflow/.local/lib/python3.12/site-packages/airflow/example_dags/example_dag_decorator.py
[2024-10-22T23:23:04.198+0000] {logging_mixin.py:190} INFO - [2024-10-22T23:23:04.198+0000] {dag.py:3239} INFO - Sync 1 DAGs
[2024-10-22T23:23:04.209+0000] {logging_mixin.py:190} INFO - [2024-10-22T23:23:04.209+0000] {dag.py:4180} INFO - Setting next_dagrun for example_dag_decorator to None, run_after=None
[2024-10-22T23:23:04.228+0000] {processor.py:208} INFO - Processing /home/airflow/.local/lib/python3.12/site-packages/airflow/example_dags/example_dag_decorator.py took 0.145 seconds
[2024-10-22T23:23:34.609+0000] {processor.py:186} INFO - Started process (PID=2994) to work on /home/airflow/.local/lib/python3.12/site-packages/airflow/example_dags/example_dag_decorator.py
[2024-10-22T23:23:34.610+0000] {processor.py:914} INFO - Processing file /home/airflow/.local/lib/python3.12/site-packages/airflow/example_dags/example_dag_decorator.py for tasks to queue
[2024-10-22T23:23:34.612+0000] {logging_mixin.py:190} INFO - [2024-10-22T23:23:34.612+0000] {dagbag.py:588} INFO - Filling up the DagBag from /home/airflow/.local/lib/python3.12/site-packages/airflow/example_dags/example_dag_decorator.py
[2024-10-22T23:23:34.622+0000] {processor.py:925} INFO - DAG(s) 'example_dag_decorator' retrieved from /home/airflow/.local/lib/python3.12/site-packages/airflow/example_dags/example_dag_decorator.py
[2024-10-22T23:23:34.640+0000] {logging_mixin.py:190} INFO - [2024-10-22T23:23:34.640+0000] {dag.py:3239} INFO - Sync 1 DAGs
[2024-10-22T23:23:34.651+0000] {logging_mixin.py:190} INFO - [2024-10-22T23:23:34.651+0000] {dag.py:4180} INFO - Setting next_dagrun for example_dag_decorator to None, run_after=None
[2024-10-22T23:23:34.666+0000] {processor.py:208} INFO - Processing /home/airflow/.local/lib/python3.12/site-packages/airflow/example_dags/example_dag_decorator.py took 0.063 seconds
[2024-10-22T23:24:05.465+0000] {processor.py:186} INFO - Started process (PID=3065) to work on /home/airflow/.local/lib/python3.12/site-packages/airflow/example_dags/example_dag_decorator.py
[2024-10-22T23:24:05.466+0000] {processor.py:914} INFO - Processing file /home/airflow/.local/lib/python3.12/site-packages/airflow/example_dags/example_dag_decorator.py for tasks to queue
[2024-10-22T23:24:05.468+0000] {logging_mixin.py:190} INFO - [2024-10-22T23:24:05.468+0000] {dagbag.py:588} INFO - Filling up the DagBag from /home/airflow/.local/lib/python3.12/site-packages/airflow/example_dags/example_dag_decorator.py
[2024-10-22T23:24:05.477+0000] {processor.py:925} INFO - DAG(s) 'example_dag_decorator' retrieved from /home/airflow/.local/lib/python3.12/site-packages/airflow/example_dags/example_dag_decorator.py
[2024-10-22T23:24:05.568+0000] {logging_mixin.py:190} INFO - [2024-10-22T23:24:05.568+0000] {dag.py:3239} INFO - Sync 1 DAGs
[2024-10-22T23:24:05.578+0000] {logging_mixin.py:190} INFO - [2024-10-22T23:24:05.578+0000] {dag.py:4180} INFO - Setting next_dagrun for example_dag_decorator to None, run_after=None
[2024-10-22T23:24:05.596+0000] {processor.py:208} INFO - Processing /home/airflow/.local/lib/python3.12/site-packages/airflow/example_dags/example_dag_decorator.py took 0.136 seconds
[2024-10-22T23:24:36.016+0000] {processor.py:186} INFO - Started process (PID=3137) to work on /home/airflow/.local/lib/python3.12/site-packages/airflow/example_dags/example_dag_decorator.py
[2024-10-22T23:24:36.017+0000] {processor.py:914} INFO - Processing file /home/airflow/.local/lib/python3.12/site-packages/airflow/example_dags/example_dag_decorator.py for tasks to queue
[2024-10-22T23:24:36.019+0000] {logging_mixin.py:190} INFO - [2024-10-22T23:24:36.019+0000] {dagbag.py:588} INFO - Filling up the DagBag from /home/airflow/.local/lib/python3.12/site-packages/airflow/example_dags/example_dag_decorator.py
[2024-10-22T23:24:36.031+0000] {processor.py:925} INFO - DAG(s) 'example_dag_decorator' retrieved from /home/airflow/.local/lib/python3.12/site-packages/airflow/example_dags/example_dag_decorator.py
[2024-10-22T23:24:36.123+0000] {logging_mixin.py:190} INFO - [2024-10-22T23:24:36.123+0000] {dag.py:3239} INFO - Sync 1 DAGs
[2024-10-22T23:24:36.134+0000] {logging_mixin.py:190} INFO - [2024-10-22T23:24:36.133+0000] {dag.py:4180} INFO - Setting next_dagrun for example_dag_decorator to None, run_after=None
[2024-10-22T23:24:36.153+0000] {processor.py:208} INFO - Processing /home/airflow/.local/lib/python3.12/site-packages/airflow/example_dags/example_dag_decorator.py took 0.143 seconds
[2024-10-22T23:25:06.724+0000] {processor.py:186} INFO - Started process (PID=3208) to work on /home/airflow/.local/lib/python3.12/site-packages/airflow/example_dags/example_dag_decorator.py
[2024-10-22T23:25:06.725+0000] {processor.py:914} INFO - Processing file /home/airflow/.local/lib/python3.12/site-packages/airflow/example_dags/example_dag_decorator.py for tasks to queue
[2024-10-22T23:25:06.727+0000] {logging_mixin.py:190} INFO - [2024-10-22T23:25:06.726+0000] {dagbag.py:588} INFO - Filling up the DagBag from /home/airflow/.local/lib/python3.12/site-packages/airflow/example_dags/example_dag_decorator.py
[2024-10-22T23:25:06.735+0000] {processor.py:925} INFO - DAG(s) 'example_dag_decorator' retrieved from /home/airflow/.local/lib/python3.12/site-packages/airflow/example_dags/example_dag_decorator.py
[2024-10-22T23:25:06.818+0000] {logging_mixin.py:190} INFO - [2024-10-22T23:25:06.818+0000] {dag.py:3239} INFO - Sync 1 DAGs
[2024-10-22T23:25:06.827+0000] {logging_mixin.py:190} INFO - [2024-10-22T23:25:06.827+0000] {dag.py:4180} INFO - Setting next_dagrun for example_dag_decorator to None, run_after=None
[2024-10-22T23:25:06.844+0000] {processor.py:208} INFO - Processing /home/airflow/.local/lib/python3.12/site-packages/airflow/example_dags/example_dag_decorator.py took 0.125 seconds
[2024-10-22T23:25:37.461+0000] {processor.py:186} INFO - Started process (PID=3279) to work on /home/airflow/.local/lib/python3.12/site-packages/airflow/example_dags/example_dag_decorator.py
[2024-10-22T23:25:37.462+0000] {processor.py:914} INFO - Processing file /home/airflow/.local/lib/python3.12/site-packages/airflow/example_dags/example_dag_decorator.py for tasks to queue
[2024-10-22T23:25:37.465+0000] {logging_mixin.py:190} INFO - [2024-10-22T23:25:37.465+0000] {dagbag.py:588} INFO - Filling up the DagBag from /home/airflow/.local/lib/python3.12/site-packages/airflow/example_dags/example_dag_decorator.py
[2024-10-22T23:25:37.475+0000] {processor.py:925} INFO - DAG(s) 'example_dag_decorator' retrieved from /home/airflow/.local/lib/python3.12/site-packages/airflow/example_dags/example_dag_decorator.py
[2024-10-22T23:25:37.566+0000] {logging_mixin.py:190} INFO - [2024-10-22T23:25:37.566+0000] {dag.py:3239} INFO - Sync 1 DAGs
[2024-10-22T23:25:37.577+0000] {logging_mixin.py:190} INFO - [2024-10-22T23:25:37.577+0000] {dag.py:4180} INFO - Setting next_dagrun for example_dag_decorator to None, run_after=None
[2024-10-22T23:25:37.595+0000] {processor.py:208} INFO - Processing /home/airflow/.local/lib/python3.12/site-packages/airflow/example_dags/example_dag_decorator.py took 0.139 seconds
[2024-10-22T23:26:08.282+0000] {processor.py:186} INFO - Started process (PID=3350) to work on /home/airflow/.local/lib/python3.12/site-packages/airflow/example_dags/example_dag_decorator.py
[2024-10-22T23:26:08.283+0000] {processor.py:914} INFO - Processing file /home/airflow/.local/lib/python3.12/site-packages/airflow/example_dags/example_dag_decorator.py for tasks to queue
[2024-10-22T23:26:08.285+0000] {logging_mixin.py:190} INFO - [2024-10-22T23:26:08.285+0000] {dagbag.py:588} INFO - Filling up the DagBag from /home/airflow/.local/lib/python3.12/site-packages/airflow/example_dags/example_dag_decorator.py
[2024-10-22T23:26:08.294+0000] {processor.py:925} INFO - DAG(s) 'example_dag_decorator' retrieved from /home/airflow/.local/lib/python3.12/site-packages/airflow/example_dags/example_dag_decorator.py
[2024-10-22T23:26:08.382+0000] {logging_mixin.py:190} INFO - [2024-10-22T23:26:08.382+0000] {dag.py:3239} INFO - Sync 1 DAGs
[2024-10-22T23:26:08.391+0000] {logging_mixin.py:190} INFO - [2024-10-22T23:26:08.391+0000] {dag.py:4180} INFO - Setting next_dagrun for example_dag_decorator to None, run_after=None
[2024-10-22T23:26:08.409+0000] {processor.py:208} INFO - Processing /home/airflow/.local/lib/python3.12/site-packages/airflow/example_dags/example_dag_decorator.py took 0.131 seconds
[2024-10-22T23:26:39.072+0000] {processor.py:186} INFO - Started process (PID=3421) to work on /home/airflow/.local/lib/python3.12/site-packages/airflow/example_dags/example_dag_decorator.py
[2024-10-22T23:26:39.073+0000] {processor.py:914} INFO - Processing file /home/airflow/.local/lib/python3.12/site-packages/airflow/example_dags/example_dag_decorator.py for tasks to queue
[2024-10-22T23:26:39.075+0000] {logging_mixin.py:190} INFO - [2024-10-22T23:26:39.075+0000] {dagbag.py:588} INFO - Filling up the DagBag from /home/airflow/.local/lib/python3.12/site-packages/airflow/example_dags/example_dag_decorator.py
[2024-10-22T23:26:39.084+0000] {processor.py:925} INFO - DAG(s) 'example_dag_decorator' retrieved from /home/airflow/.local/lib/python3.12/site-packages/airflow/example_dags/example_dag_decorator.py
[2024-10-22T23:26:39.171+0000] {logging_mixin.py:190} INFO - [2024-10-22T23:26:39.171+0000] {dag.py:3239} INFO - Sync 1 DAGs
[2024-10-22T23:26:39.304+0000] {logging_mixin.py:190} INFO - [2024-10-22T23:26:39.304+0000] {dag.py:4180} INFO - Setting next_dagrun for example_dag_decorator to None, run_after=None
[2024-10-22T23:26:39.321+0000] {processor.py:208} INFO - Processing /home/airflow/.local/lib/python3.12/site-packages/airflow/example_dags/example_dag_decorator.py took 0.254 seconds
[2024-10-22T23:27:09.607+0000] {processor.py:186} INFO - Started process (PID=3492) to work on /home/airflow/.local/lib/python3.12/site-packages/airflow/example_dags/example_dag_decorator.py
[2024-10-22T23:27:09.607+0000] {processor.py:914} INFO - Processing file /home/airflow/.local/lib/python3.12/site-packages/airflow/example_dags/example_dag_decorator.py for tasks to queue
[2024-10-22T23:27:09.609+0000] {logging_mixin.py:190} INFO - [2024-10-22T23:27:09.609+0000] {dagbag.py:588} INFO - Filling up the DagBag from /home/airflow/.local/lib/python3.12/site-packages/airflow/example_dags/example_dag_decorator.py
[2024-10-22T23:27:09.618+0000] {processor.py:925} INFO - DAG(s) 'example_dag_decorator' retrieved from /home/airflow/.local/lib/python3.12/site-packages/airflow/example_dags/example_dag_decorator.py
[2024-10-22T23:27:09.697+0000] {logging_mixin.py:190} INFO - [2024-10-22T23:27:09.697+0000] {dag.py:3239} INFO - Sync 1 DAGs
[2024-10-22T23:27:09.707+0000] {logging_mixin.py:190} INFO - [2024-10-22T23:27:09.707+0000] {dag.py:4180} INFO - Setting next_dagrun for example_dag_decorator to None, run_after=None
[2024-10-22T23:27:09.833+0000] {processor.py:208} INFO - Processing /home/airflow/.local/lib/python3.12/site-packages/airflow/example_dags/example_dag_decorator.py took 0.231 seconds
[2024-10-22T23:27:40.395+0000] {processor.py:186} INFO - Started process (PID=3569) to work on /home/airflow/.local/lib/python3.12/site-packages/airflow/example_dags/example_dag_decorator.py
[2024-10-22T23:27:40.396+0000] {processor.py:914} INFO - Processing file /home/airflow/.local/lib/python3.12/site-packages/airflow/example_dags/example_dag_decorator.py for tasks to queue
[2024-10-22T23:27:40.398+0000] {logging_mixin.py:190} INFO - [2024-10-22T23:27:40.398+0000] {dagbag.py:588} INFO - Filling up the DagBag from /home/airflow/.local/lib/python3.12/site-packages/airflow/example_dags/example_dag_decorator.py
[2024-10-22T23:27:40.408+0000] {processor.py:925} INFO - DAG(s) 'example_dag_decorator' retrieved from /home/airflow/.local/lib/python3.12/site-packages/airflow/example_dags/example_dag_decorator.py
[2024-10-22T23:27:40.494+0000] {logging_mixin.py:190} INFO - [2024-10-22T23:27:40.494+0000] {dag.py:3239} INFO - Sync 1 DAGs
[2024-10-22T23:27:40.504+0000] {logging_mixin.py:190} INFO - [2024-10-22T23:27:40.504+0000] {dag.py:4180} INFO - Setting next_dagrun for example_dag_decorator to None, run_after=None
[2024-10-22T23:27:40.645+0000] {processor.py:208} INFO - Processing /home/airflow/.local/lib/python3.12/site-packages/airflow/example_dags/example_dag_decorator.py took 0.255 seconds
[2024-10-22T23:28:11.243+0000] {processor.py:186} INFO - Started process (PID=3642) to work on /home/airflow/.local/lib/python3.12/site-packages/airflow/example_dags/example_dag_decorator.py
[2024-10-22T23:28:11.244+0000] {processor.py:914} INFO - Processing file /home/airflow/.local/lib/python3.12/site-packages/airflow/example_dags/example_dag_decorator.py for tasks to queue
[2024-10-22T23:28:11.246+0000] {logging_mixin.py:190} INFO - [2024-10-22T23:28:11.246+0000] {dagbag.py:588} INFO - Filling up the DagBag from /home/airflow/.local/lib/python3.12/site-packages/airflow/example_dags/example_dag_decorator.py
[2024-10-22T23:28:11.255+0000] {processor.py:925} INFO - DAG(s) 'example_dag_decorator' retrieved from /home/airflow/.local/lib/python3.12/site-packages/airflow/example_dags/example_dag_decorator.py
[2024-10-22T23:28:11.335+0000] {logging_mixin.py:190} INFO - [2024-10-22T23:28:11.335+0000] {dag.py:3239} INFO - Sync 1 DAGs
[2024-10-22T23:28:11.344+0000] {logging_mixin.py:190} INFO - [2024-10-22T23:28:11.344+0000] {dag.py:4180} INFO - Setting next_dagrun for example_dag_decorator to None, run_after=None
[2024-10-22T23:28:11.360+0000] {processor.py:208} INFO - Processing /home/airflow/.local/lib/python3.12/site-packages/airflow/example_dags/example_dag_decorator.py took 0.122 seconds
[2024-10-22T23:28:41.786+0000] {processor.py:186} INFO - Started process (PID=3713) to work on /home/airflow/.local/lib/python3.12/site-packages/airflow/example_dags/example_dag_decorator.py
[2024-10-22T23:28:41.787+0000] {processor.py:914} INFO - Processing file /home/airflow/.local/lib/python3.12/site-packages/airflow/example_dags/example_dag_decorator.py for tasks to queue
[2024-10-22T23:28:41.789+0000] {logging_mixin.py:190} INFO - [2024-10-22T23:28:41.789+0000] {dagbag.py:588} INFO - Filling up the DagBag from /home/airflow/.local/lib/python3.12/site-packages/airflow/example_dags/example_dag_decorator.py
[2024-10-22T23:28:41.800+0000] {processor.py:925} INFO - DAG(s) 'example_dag_decorator' retrieved from /home/airflow/.local/lib/python3.12/site-packages/airflow/example_dags/example_dag_decorator.py
[2024-10-22T23:28:41.890+0000] {logging_mixin.py:190} INFO - [2024-10-22T23:28:41.890+0000] {dag.py:3239} INFO - Sync 1 DAGs
[2024-10-22T23:28:41.900+0000] {logging_mixin.py:190} INFO - [2024-10-22T23:28:41.900+0000] {dag.py:4180} INFO - Setting next_dagrun for example_dag_decorator to None, run_after=None
[2024-10-22T23:28:41.916+0000] {processor.py:208} INFO - Processing /home/airflow/.local/lib/python3.12/site-packages/airflow/example_dags/example_dag_decorator.py took 0.134 seconds
[2024-10-22T23:29:12.216+0000] {processor.py:186} INFO - Started process (PID=3783) to work on /home/airflow/.local/lib/python3.12/site-packages/airflow/example_dags/example_dag_decorator.py
[2024-10-22T23:29:12.217+0000] {processor.py:914} INFO - Processing file /home/airflow/.local/lib/python3.12/site-packages/airflow/example_dags/example_dag_decorator.py for tasks to queue
[2024-10-22T23:29:12.219+0000] {logging_mixin.py:190} INFO - [2024-10-22T23:29:12.219+0000] {dagbag.py:588} INFO - Filling up the DagBag from /home/airflow/.local/lib/python3.12/site-packages/airflow/example_dags/example_dag_decorator.py
[2024-10-22T23:29:12.228+0000] {processor.py:925} INFO - DAG(s) 'example_dag_decorator' retrieved from /home/airflow/.local/lib/python3.12/site-packages/airflow/example_dags/example_dag_decorator.py
[2024-10-22T23:29:12.443+0000] {logging_mixin.py:190} INFO - [2024-10-22T23:29:12.443+0000] {dag.py:3239} INFO - Sync 1 DAGs
[2024-10-22T23:29:12.452+0000] {logging_mixin.py:190} INFO - [2024-10-22T23:29:12.452+0000] {dag.py:4180} INFO - Setting next_dagrun for example_dag_decorator to None, run_after=None
[2024-10-22T23:29:12.469+0000] {processor.py:208} INFO - Processing /home/airflow/.local/lib/python3.12/site-packages/airflow/example_dags/example_dag_decorator.py took 0.257 seconds
