[2024-10-22T23:02:37.011+0000] {processor.py:186} INFO - Started process (PID=60) to work on /home/airflow/.local/lib/python3.12/site-packages/airflow/example_dags/example_inlet_event_extra.py
[2024-10-22T23:02:37.012+0000] {processor.py:914} INFO - Processing file /home/airflow/.local/lib/python3.12/site-packages/airflow/example_dags/example_inlet_event_extra.py for tasks to queue
[2024-10-22T23:02:37.014+0000] {logging_mixin.py:190} INFO - [2024-10-22T23:02:37.014+0000] {dagbag.py:588} INFO - Filling up the DagBag from /home/airflow/.local/lib/python3.12/site-packages/airflow/example_dags/example_inlet_event_extra.py
[2024-10-22T23:02:37.199+0000] {processor.py:925} INFO - DAG(s) 'read_dataset_event', 'read_dataset_event_from_classic' retrieved from /home/airflow/.local/lib/python3.12/site-packages/airflow/example_dags/example_inlet_event_extra.py
[2024-10-22T23:02:37.227+0000] {logging_mixin.py:190} INFO - [2024-10-22T23:02:37.227+0000] {dag.py:3239} INFO - Sync 2 DAGs
[2024-10-22T23:02:37.252+0000] {logging_mixin.py:190} INFO - [2024-10-22T23:02:37.251+0000] {dag.py:4180} INFO - Setting next_dagrun for read_dataset_event to 2024-10-21 00:00:00+00:00, run_after=2024-10-22 00:00:00+00:00
[2024-10-22T23:02:37.257+0000] {logging_mixin.py:190} INFO - [2024-10-22T23:02:37.256+0000] {dag.py:4180} INFO - Setting next_dagrun for read_dataset_event_from_classic to 2024-10-21 00:00:00+00:00, run_after=2024-10-22 00:00:00+00:00
[2024-10-22T23:02:37.284+0000] {processor.py:208} INFO - Processing /home/airflow/.local/lib/python3.12/site-packages/airflow/example_dags/example_inlet_event_extra.py took 0.277 seconds
[2024-10-22T23:03:08.153+0000] {processor.py:186} INFO - Started process (PID=130) to work on /home/airflow/.local/lib/python3.12/site-packages/airflow/example_dags/example_inlet_event_extra.py
[2024-10-22T23:03:08.154+0000] {processor.py:914} INFO - Processing file /home/airflow/.local/lib/python3.12/site-packages/airflow/example_dags/example_inlet_event_extra.py for tasks to queue
[2024-10-22T23:03:08.156+0000] {logging_mixin.py:190} INFO - [2024-10-22T23:03:08.156+0000] {dagbag.py:588} INFO - Filling up the DagBag from /home/airflow/.local/lib/python3.12/site-packages/airflow/example_dags/example_inlet_event_extra.py
[2024-10-22T23:03:08.287+0000] {processor.py:925} INFO - DAG(s) 'read_dataset_event_from_classic', 'read_dataset_event' retrieved from /home/airflow/.local/lib/python3.12/site-packages/airflow/example_dags/example_inlet_event_extra.py
[2024-10-22T23:03:08.315+0000] {logging_mixin.py:190} INFO - [2024-10-22T23:03:08.314+0000] {dag.py:3239} INFO - Sync 2 DAGs
[2024-10-22T23:03:08.349+0000] {logging_mixin.py:190} INFO - [2024-10-22T23:03:08.349+0000] {dag.py:4180} INFO - Setting next_dagrun for read_dataset_event to 2024-10-21 00:00:00+00:00, run_after=2024-10-22 00:00:00+00:00
[2024-10-22T23:03:08.357+0000] {logging_mixin.py:190} INFO - [2024-10-22T23:03:08.357+0000] {dag.py:4180} INFO - Setting next_dagrun for read_dataset_event_from_classic to 2024-10-21 00:00:00+00:00, run_after=2024-10-22 00:00:00+00:00
[2024-10-22T23:03:08.378+0000] {processor.py:208} INFO - Processing /home/airflow/.local/lib/python3.12/site-packages/airflow/example_dags/example_inlet_event_extra.py took 0.229 seconds
[2024-10-22T23:03:38.859+0000] {processor.py:186} INFO - Started process (PID=200) to work on /home/airflow/.local/lib/python3.12/site-packages/airflow/example_dags/example_inlet_event_extra.py
[2024-10-22T23:03:38.860+0000] {processor.py:914} INFO - Processing file /home/airflow/.local/lib/python3.12/site-packages/airflow/example_dags/example_inlet_event_extra.py for tasks to queue
[2024-10-22T23:03:38.862+0000] {logging_mixin.py:190} INFO - [2024-10-22T23:03:38.862+0000] {dagbag.py:588} INFO - Filling up the DagBag from /home/airflow/.local/lib/python3.12/site-packages/airflow/example_dags/example_inlet_event_extra.py
[2024-10-22T23:03:38.969+0000] {processor.py:925} INFO - DAG(s) 'read_dataset_event_from_classic', 'read_dataset_event' retrieved from /home/airflow/.local/lib/python3.12/site-packages/airflow/example_dags/example_inlet_event_extra.py
[2024-10-22T23:03:38.990+0000] {logging_mixin.py:190} INFO - [2024-10-22T23:03:38.990+0000] {dag.py:3239} INFO - Sync 2 DAGs
[2024-10-22T23:03:39.010+0000] {logging_mixin.py:190} INFO - [2024-10-22T23:03:39.010+0000] {dag.py:4180} INFO - Setting next_dagrun for read_dataset_event to 2024-10-21 00:00:00+00:00, run_after=2024-10-22 00:00:00+00:00
[2024-10-22T23:03:39.014+0000] {logging_mixin.py:190} INFO - [2024-10-22T23:03:39.014+0000] {dag.py:4180} INFO - Setting next_dagrun for read_dataset_event_from_classic to 2024-10-21 00:00:00+00:00, run_after=2024-10-22 00:00:00+00:00
[2024-10-22T23:03:39.031+0000] {processor.py:208} INFO - Processing /home/airflow/.local/lib/python3.12/site-packages/airflow/example_dags/example_inlet_event_extra.py took 0.178 seconds
[2024-10-22T23:04:09.567+0000] {processor.py:186} INFO - Started process (PID=276) to work on /home/airflow/.local/lib/python3.12/site-packages/airflow/example_dags/example_inlet_event_extra.py
[2024-10-22T23:04:09.568+0000] {processor.py:914} INFO - Processing file /home/airflow/.local/lib/python3.12/site-packages/airflow/example_dags/example_inlet_event_extra.py for tasks to queue
[2024-10-22T23:04:09.570+0000] {logging_mixin.py:190} INFO - [2024-10-22T23:04:09.570+0000] {dagbag.py:588} INFO - Filling up the DagBag from /home/airflow/.local/lib/python3.12/site-packages/airflow/example_dags/example_inlet_event_extra.py
[2024-10-22T23:04:09.687+0000] {processor.py:925} INFO - DAG(s) 'read_dataset_event', 'read_dataset_event_from_classic' retrieved from /home/airflow/.local/lib/python3.12/site-packages/airflow/example_dags/example_inlet_event_extra.py
[2024-10-22T23:04:09.716+0000] {logging_mixin.py:190} INFO - [2024-10-22T23:04:09.716+0000] {dag.py:3239} INFO - Sync 2 DAGs
[2024-10-22T23:04:09.743+0000] {logging_mixin.py:190} INFO - [2024-10-22T23:04:09.743+0000] {dag.py:4180} INFO - Setting next_dagrun for read_dataset_event to 2024-10-21 00:00:00+00:00, run_after=2024-10-22 00:00:00+00:00
[2024-10-22T23:04:09.749+0000] {logging_mixin.py:190} INFO - [2024-10-22T23:04:09.749+0000] {dag.py:4180} INFO - Setting next_dagrun for read_dataset_event_from_classic to 2024-10-21 00:00:00+00:00, run_after=2024-10-22 00:00:00+00:00
[2024-10-22T23:04:09.773+0000] {processor.py:208} INFO - Processing /home/airflow/.local/lib/python3.12/site-packages/airflow/example_dags/example_inlet_event_extra.py took 0.210 seconds
[2024-10-22T23:04:39.893+0000] {processor.py:186} INFO - Started process (PID=346) to work on /home/airflow/.local/lib/python3.12/site-packages/airflow/example_dags/example_inlet_event_extra.py
[2024-10-22T23:04:39.894+0000] {processor.py:914} INFO - Processing file /home/airflow/.local/lib/python3.12/site-packages/airflow/example_dags/example_inlet_event_extra.py for tasks to queue
[2024-10-22T23:04:39.896+0000] {logging_mixin.py:190} INFO - [2024-10-22T23:04:39.896+0000] {dagbag.py:588} INFO - Filling up the DagBag from /home/airflow/.local/lib/python3.12/site-packages/airflow/example_dags/example_inlet_event_extra.py
[2024-10-22T23:04:40.036+0000] {processor.py:925} INFO - DAG(s) 'read_dataset_event_from_classic', 'read_dataset_event' retrieved from /home/airflow/.local/lib/python3.12/site-packages/airflow/example_dags/example_inlet_event_extra.py
[2024-10-22T23:04:40.055+0000] {logging_mixin.py:190} INFO - [2024-10-22T23:04:40.055+0000] {dag.py:3239} INFO - Sync 2 DAGs
[2024-10-22T23:04:40.075+0000] {logging_mixin.py:190} INFO - [2024-10-22T23:04:40.075+0000] {dag.py:4180} INFO - Setting next_dagrun for read_dataset_event to 2024-10-21 00:00:00+00:00, run_after=2024-10-22 00:00:00+00:00
[2024-10-22T23:04:40.080+0000] {logging_mixin.py:190} INFO - [2024-10-22T23:04:40.079+0000] {dag.py:4180} INFO - Setting next_dagrun for read_dataset_event_from_classic to 2024-10-21 00:00:00+00:00, run_after=2024-10-22 00:00:00+00:00
[2024-10-22T23:04:40.092+0000] {processor.py:208} INFO - Processing /home/airflow/.local/lib/python3.12/site-packages/airflow/example_dags/example_inlet_event_extra.py took 0.204 seconds
[2024-10-22T23:05:10.150+0000] {processor.py:186} INFO - Started process (PID=416) to work on /home/airflow/.local/lib/python3.12/site-packages/airflow/example_dags/example_inlet_event_extra.py
[2024-10-22T23:05:10.151+0000] {processor.py:914} INFO - Processing file /home/airflow/.local/lib/python3.12/site-packages/airflow/example_dags/example_inlet_event_extra.py for tasks to queue
[2024-10-22T23:05:10.153+0000] {logging_mixin.py:190} INFO - [2024-10-22T23:05:10.153+0000] {dagbag.py:588} INFO - Filling up the DagBag from /home/airflow/.local/lib/python3.12/site-packages/airflow/example_dags/example_inlet_event_extra.py
[2024-10-22T23:05:10.259+0000] {processor.py:925} INFO - DAG(s) 'read_dataset_event', 'read_dataset_event_from_classic' retrieved from /home/airflow/.local/lib/python3.12/site-packages/airflow/example_dags/example_inlet_event_extra.py
[2024-10-22T23:05:10.293+0000] {logging_mixin.py:190} INFO - [2024-10-22T23:05:10.293+0000] {dag.py:3239} INFO - Sync 2 DAGs
[2024-10-22T23:05:10.320+0000] {logging_mixin.py:190} INFO - [2024-10-22T23:05:10.319+0000] {dag.py:4180} INFO - Setting next_dagrun for read_dataset_event to 2024-10-21 00:00:00+00:00, run_after=2024-10-22 00:00:00+00:00
[2024-10-22T23:05:10.325+0000] {logging_mixin.py:190} INFO - [2024-10-22T23:05:10.325+0000] {dag.py:4180} INFO - Setting next_dagrun for read_dataset_event_from_classic to 2024-10-21 00:00:00+00:00, run_after=2024-10-22 00:00:00+00:00
[2024-10-22T23:05:10.391+0000] {processor.py:208} INFO - Processing /home/airflow/.local/lib/python3.12/site-packages/airflow/example_dags/example_inlet_event_extra.py took 0.246 seconds
[2024-10-22T23:05:40.657+0000] {processor.py:186} INFO - Started process (PID=486) to work on /home/airflow/.local/lib/python3.12/site-packages/airflow/example_dags/example_inlet_event_extra.py
[2024-10-22T23:05:40.658+0000] {processor.py:914} INFO - Processing file /home/airflow/.local/lib/python3.12/site-packages/airflow/example_dags/example_inlet_event_extra.py for tasks to queue
[2024-10-22T23:05:40.660+0000] {logging_mixin.py:190} INFO - [2024-10-22T23:05:40.660+0000] {dagbag.py:588} INFO - Filling up the DagBag from /home/airflow/.local/lib/python3.12/site-packages/airflow/example_dags/example_inlet_event_extra.py
[2024-10-22T23:05:40.786+0000] {processor.py:925} INFO - DAG(s) 'read_dataset_event_from_classic', 'read_dataset_event' retrieved from /home/airflow/.local/lib/python3.12/site-packages/airflow/example_dags/example_inlet_event_extra.py
[2024-10-22T23:05:40.810+0000] {logging_mixin.py:190} INFO - [2024-10-22T23:05:40.810+0000] {dag.py:3239} INFO - Sync 2 DAGs
[2024-10-22T23:05:40.838+0000] {logging_mixin.py:190} INFO - [2024-10-22T23:05:40.837+0000] {dag.py:4180} INFO - Setting next_dagrun for read_dataset_event to 2024-10-21 00:00:00+00:00, run_after=2024-10-22 00:00:00+00:00
[2024-10-22T23:05:40.843+0000] {logging_mixin.py:190} INFO - [2024-10-22T23:05:40.843+0000] {dag.py:4180} INFO - Setting next_dagrun for read_dataset_event_from_classic to 2024-10-21 00:00:00+00:00, run_after=2024-10-22 00:00:00+00:00
[2024-10-22T23:05:40.860+0000] {processor.py:208} INFO - Processing /home/airflow/.local/lib/python3.12/site-packages/airflow/example_dags/example_inlet_event_extra.py took 0.209 seconds
[2024-10-22T23:06:11.100+0000] {processor.py:186} INFO - Started process (PID=556) to work on /home/airflow/.local/lib/python3.12/site-packages/airflow/example_dags/example_inlet_event_extra.py
[2024-10-22T23:06:11.101+0000] {processor.py:914} INFO - Processing file /home/airflow/.local/lib/python3.12/site-packages/airflow/example_dags/example_inlet_event_extra.py for tasks to queue
[2024-10-22T23:06:11.105+0000] {logging_mixin.py:190} INFO - [2024-10-22T23:06:11.104+0000] {dagbag.py:588} INFO - Filling up the DagBag from /home/airflow/.local/lib/python3.12/site-packages/airflow/example_dags/example_inlet_event_extra.py
[2024-10-22T23:06:11.215+0000] {processor.py:925} INFO - DAG(s) 'read_dataset_event', 'read_dataset_event_from_classic' retrieved from /home/airflow/.local/lib/python3.12/site-packages/airflow/example_dags/example_inlet_event_extra.py
[2024-10-22T23:06:11.238+0000] {logging_mixin.py:190} INFO - [2024-10-22T23:06:11.238+0000] {dag.py:3239} INFO - Sync 2 DAGs
[2024-10-22T23:06:11.275+0000] {logging_mixin.py:190} INFO - [2024-10-22T23:06:11.275+0000] {dag.py:4180} INFO - Setting next_dagrun for read_dataset_event to 2024-10-21 00:00:00+00:00, run_after=2024-10-22 00:00:00+00:00
[2024-10-22T23:06:11.280+0000] {logging_mixin.py:190} INFO - [2024-10-22T23:06:11.280+0000] {dag.py:4180} INFO - Setting next_dagrun for read_dataset_event_from_classic to 2024-10-21 00:00:00+00:00, run_after=2024-10-22 00:00:00+00:00
[2024-10-22T23:06:11.297+0000] {processor.py:208} INFO - Processing /home/airflow/.local/lib/python3.12/site-packages/airflow/example_dags/example_inlet_event_extra.py took 0.202 seconds
[2024-10-22T23:06:41.571+0000] {processor.py:186} INFO - Started process (PID=626) to work on /home/airflow/.local/lib/python3.12/site-packages/airflow/example_dags/example_inlet_event_extra.py
[2024-10-22T23:06:41.571+0000] {processor.py:914} INFO - Processing file /home/airflow/.local/lib/python3.12/site-packages/airflow/example_dags/example_inlet_event_extra.py for tasks to queue
[2024-10-22T23:06:41.573+0000] {logging_mixin.py:190} INFO - [2024-10-22T23:06:41.573+0000] {dagbag.py:588} INFO - Filling up the DagBag from /home/airflow/.local/lib/python3.12/site-packages/airflow/example_dags/example_inlet_event_extra.py
[2024-10-22T23:06:41.710+0000] {processor.py:925} INFO - DAG(s) 'read_dataset_event_from_classic', 'read_dataset_event' retrieved from /home/airflow/.local/lib/python3.12/site-packages/airflow/example_dags/example_inlet_event_extra.py
[2024-10-22T23:06:41.730+0000] {logging_mixin.py:190} INFO - [2024-10-22T23:06:41.729+0000] {dag.py:3239} INFO - Sync 2 DAGs
[2024-10-22T23:06:41.751+0000] {logging_mixin.py:190} INFO - [2024-10-22T23:06:41.751+0000] {dag.py:4180} INFO - Setting next_dagrun for read_dataset_event to 2024-10-21 00:00:00+00:00, run_after=2024-10-22 00:00:00+00:00
[2024-10-22T23:06:41.756+0000] {logging_mixin.py:190} INFO - [2024-10-22T23:06:41.756+0000] {dag.py:4180} INFO - Setting next_dagrun for read_dataset_event_from_classic to 2024-10-21 00:00:00+00:00, run_after=2024-10-22 00:00:00+00:00
[2024-10-22T23:06:41.773+0000] {processor.py:208} INFO - Processing /home/airflow/.local/lib/python3.12/site-packages/airflow/example_dags/example_inlet_event_extra.py took 0.207 seconds
[2024-10-22T23:07:11.819+0000] {processor.py:186} INFO - Started process (PID=696) to work on /home/airflow/.local/lib/python3.12/site-packages/airflow/example_dags/example_inlet_event_extra.py
[2024-10-22T23:07:11.820+0000] {processor.py:914} INFO - Processing file /home/airflow/.local/lib/python3.12/site-packages/airflow/example_dags/example_inlet_event_extra.py for tasks to queue
[2024-10-22T23:07:11.822+0000] {logging_mixin.py:190} INFO - [2024-10-22T23:07:11.822+0000] {dagbag.py:588} INFO - Filling up the DagBag from /home/airflow/.local/lib/python3.12/site-packages/airflow/example_dags/example_inlet_event_extra.py
[2024-10-22T23:07:11.940+0000] {processor.py:925} INFO - DAG(s) 'read_dataset_event', 'read_dataset_event_from_classic' retrieved from /home/airflow/.local/lib/python3.12/site-packages/airflow/example_dags/example_inlet_event_extra.py
[2024-10-22T23:07:11.961+0000] {logging_mixin.py:190} INFO - [2024-10-22T23:07:11.961+0000] {dag.py:3239} INFO - Sync 2 DAGs
[2024-10-22T23:07:11.982+0000] {logging_mixin.py:190} INFO - [2024-10-22T23:07:11.982+0000] {dag.py:4180} INFO - Setting next_dagrun for read_dataset_event to 2024-10-21 00:00:00+00:00, run_after=2024-10-22 00:00:00+00:00
[2024-10-22T23:07:11.989+0000] {logging_mixin.py:190} INFO - [2024-10-22T23:07:11.988+0000] {dag.py:4180} INFO - Setting next_dagrun for read_dataset_event_from_classic to 2024-10-21 00:00:00+00:00, run_after=2024-10-22 00:00:00+00:00
[2024-10-22T23:07:12.005+0000] {processor.py:208} INFO - Processing /home/airflow/.local/lib/python3.12/site-packages/airflow/example_dags/example_inlet_event_extra.py took 0.192 seconds
[2024-10-22T23:07:42.795+0000] {processor.py:186} INFO - Started process (PID=767) to work on /home/airflow/.local/lib/python3.12/site-packages/airflow/example_dags/example_inlet_event_extra.py
[2024-10-22T23:07:42.797+0000] {processor.py:914} INFO - Processing file /home/airflow/.local/lib/python3.12/site-packages/airflow/example_dags/example_inlet_event_extra.py for tasks to queue
[2024-10-22T23:07:42.799+0000] {logging_mixin.py:190} INFO - [2024-10-22T23:07:42.799+0000] {dagbag.py:588} INFO - Filling up the DagBag from /home/airflow/.local/lib/python3.12/site-packages/airflow/example_dags/example_inlet_event_extra.py
[2024-10-22T23:07:42.913+0000] {processor.py:925} INFO - DAG(s) 'read_dataset_event', 'read_dataset_event_from_classic' retrieved from /home/airflow/.local/lib/python3.12/site-packages/airflow/example_dags/example_inlet_event_extra.py
[2024-10-22T23:07:42.932+0000] {logging_mixin.py:190} INFO - [2024-10-22T23:07:42.932+0000] {dag.py:3239} INFO - Sync 2 DAGs
[2024-10-22T23:07:42.954+0000] {logging_mixin.py:190} INFO - [2024-10-22T23:07:42.953+0000] {dag.py:4180} INFO - Setting next_dagrun for read_dataset_event to 2024-10-21 00:00:00+00:00, run_after=2024-10-22 00:00:00+00:00
[2024-10-22T23:07:42.959+0000] {logging_mixin.py:190} INFO - [2024-10-22T23:07:42.959+0000] {dag.py:4180} INFO - Setting next_dagrun for read_dataset_event_from_classic to 2024-10-21 00:00:00+00:00, run_after=2024-10-22 00:00:00+00:00
[2024-10-22T23:07:42.976+0000] {processor.py:208} INFO - Processing /home/airflow/.local/lib/python3.12/site-packages/airflow/example_dags/example_inlet_event_extra.py took 0.186 seconds
[2024-10-22T23:08:13.282+0000] {processor.py:186} INFO - Started process (PID=837) to work on /home/airflow/.local/lib/python3.12/site-packages/airflow/example_dags/example_inlet_event_extra.py
[2024-10-22T23:08:13.283+0000] {processor.py:914} INFO - Processing file /home/airflow/.local/lib/python3.12/site-packages/airflow/example_dags/example_inlet_event_extra.py for tasks to queue
[2024-10-22T23:08:13.285+0000] {logging_mixin.py:190} INFO - [2024-10-22T23:08:13.285+0000] {dagbag.py:588} INFO - Filling up the DagBag from /home/airflow/.local/lib/python3.12/site-packages/airflow/example_dags/example_inlet_event_extra.py
[2024-10-22T23:08:13.402+0000] {processor.py:925} INFO - DAG(s) 'read_dataset_event', 'read_dataset_event_from_classic' retrieved from /home/airflow/.local/lib/python3.12/site-packages/airflow/example_dags/example_inlet_event_extra.py
[2024-10-22T23:08:13.422+0000] {logging_mixin.py:190} INFO - [2024-10-22T23:08:13.422+0000] {dag.py:3239} INFO - Sync 2 DAGs
[2024-10-22T23:08:13.445+0000] {logging_mixin.py:190} INFO - [2024-10-22T23:08:13.445+0000] {dag.py:4180} INFO - Setting next_dagrun for read_dataset_event to 2024-10-21 00:00:00+00:00, run_after=2024-10-22 00:00:00+00:00
[2024-10-22T23:08:13.450+0000] {logging_mixin.py:190} INFO - [2024-10-22T23:08:13.450+0000] {dag.py:4180} INFO - Setting next_dagrun for read_dataset_event_from_classic to 2024-10-21 00:00:00+00:00, run_after=2024-10-22 00:00:00+00:00
[2024-10-22T23:08:13.466+0000] {processor.py:208} INFO - Processing /home/airflow/.local/lib/python3.12/site-packages/airflow/example_dags/example_inlet_event_extra.py took 0.188 seconds
[2024-10-22T23:08:43.818+0000] {processor.py:186} INFO - Started process (PID=907) to work on /home/airflow/.local/lib/python3.12/site-packages/airflow/example_dags/example_inlet_event_extra.py
[2024-10-22T23:08:43.819+0000] {processor.py:914} INFO - Processing file /home/airflow/.local/lib/python3.12/site-packages/airflow/example_dags/example_inlet_event_extra.py for tasks to queue
[2024-10-22T23:08:43.823+0000] {logging_mixin.py:190} INFO - [2024-10-22T23:08:43.822+0000] {dagbag.py:588} INFO - Filling up the DagBag from /home/airflow/.local/lib/python3.12/site-packages/airflow/example_dags/example_inlet_event_extra.py
[2024-10-22T23:08:43.967+0000] {processor.py:925} INFO - DAG(s) 'read_dataset_event', 'read_dataset_event_from_classic' retrieved from /home/airflow/.local/lib/python3.12/site-packages/airflow/example_dags/example_inlet_event_extra.py
[2024-10-22T23:08:44.004+0000] {logging_mixin.py:190} INFO - [2024-10-22T23:08:44.003+0000] {dag.py:3239} INFO - Sync 2 DAGs
[2024-10-22T23:08:44.043+0000] {logging_mixin.py:190} INFO - [2024-10-22T23:08:44.043+0000] {dag.py:4180} INFO - Setting next_dagrun for read_dataset_event to 2024-10-21 00:00:00+00:00, run_after=2024-10-22 00:00:00+00:00
[2024-10-22T23:08:44.048+0000] {logging_mixin.py:190} INFO - [2024-10-22T23:08:44.048+0000] {dag.py:4180} INFO - Setting next_dagrun for read_dataset_event_from_classic to 2024-10-21 00:00:00+00:00, run_after=2024-10-22 00:00:00+00:00
[2024-10-22T23:08:44.067+0000] {processor.py:208} INFO - Processing /home/airflow/.local/lib/python3.12/site-packages/airflow/example_dags/example_inlet_event_extra.py took 0.256 seconds
[2024-10-22T23:09:14.518+0000] {processor.py:186} INFO - Started process (PID=977) to work on /home/airflow/.local/lib/python3.12/site-packages/airflow/example_dags/example_inlet_event_extra.py
[2024-10-22T23:09:14.519+0000] {processor.py:914} INFO - Processing file /home/airflow/.local/lib/python3.12/site-packages/airflow/example_dags/example_inlet_event_extra.py for tasks to queue
[2024-10-22T23:09:14.521+0000] {logging_mixin.py:190} INFO - [2024-10-22T23:09:14.521+0000] {dagbag.py:588} INFO - Filling up the DagBag from /home/airflow/.local/lib/python3.12/site-packages/airflow/example_dags/example_inlet_event_extra.py
[2024-10-22T23:09:14.645+0000] {processor.py:925} INFO - DAG(s) 'read_dataset_event', 'read_dataset_event_from_classic' retrieved from /home/airflow/.local/lib/python3.12/site-packages/airflow/example_dags/example_inlet_event_extra.py
[2024-10-22T23:09:14.665+0000] {logging_mixin.py:190} INFO - [2024-10-22T23:09:14.665+0000] {dag.py:3239} INFO - Sync 2 DAGs
[2024-10-22T23:09:14.687+0000] {logging_mixin.py:190} INFO - [2024-10-22T23:09:14.686+0000] {dag.py:4180} INFO - Setting next_dagrun for read_dataset_event to 2024-10-21 00:00:00+00:00, run_after=2024-10-22 00:00:00+00:00
[2024-10-22T23:09:14.692+0000] {logging_mixin.py:190} INFO - [2024-10-22T23:09:14.692+0000] {dag.py:4180} INFO - Setting next_dagrun for read_dataset_event_from_classic to 2024-10-21 00:00:00+00:00, run_after=2024-10-22 00:00:00+00:00
[2024-10-22T23:09:14.707+0000] {processor.py:208} INFO - Processing /home/airflow/.local/lib/python3.12/site-packages/airflow/example_dags/example_inlet_event_extra.py took 0.194 seconds
[2024-10-22T23:09:45.248+0000] {processor.py:186} INFO - Started process (PID=1047) to work on /home/airflow/.local/lib/python3.12/site-packages/airflow/example_dags/example_inlet_event_extra.py
[2024-10-22T23:09:45.249+0000] {processor.py:914} INFO - Processing file /home/airflow/.local/lib/python3.12/site-packages/airflow/example_dags/example_inlet_event_extra.py for tasks to queue
[2024-10-22T23:09:45.251+0000] {logging_mixin.py:190} INFO - [2024-10-22T23:09:45.251+0000] {dagbag.py:588} INFO - Filling up the DagBag from /home/airflow/.local/lib/python3.12/site-packages/airflow/example_dags/example_inlet_event_extra.py
[2024-10-22T23:09:45.374+0000] {processor.py:925} INFO - DAG(s) 'read_dataset_event_from_classic', 'read_dataset_event' retrieved from /home/airflow/.local/lib/python3.12/site-packages/airflow/example_dags/example_inlet_event_extra.py
[2024-10-22T23:09:45.394+0000] {logging_mixin.py:190} INFO - [2024-10-22T23:09:45.394+0000] {dag.py:3239} INFO - Sync 2 DAGs
[2024-10-22T23:09:45.417+0000] {logging_mixin.py:190} INFO - [2024-10-22T23:09:45.417+0000] {dag.py:4180} INFO - Setting next_dagrun for read_dataset_event to 2024-10-21 00:00:00+00:00, run_after=2024-10-22 00:00:00+00:00
[2024-10-22T23:09:45.423+0000] {logging_mixin.py:190} INFO - [2024-10-22T23:09:45.422+0000] {dag.py:4180} INFO - Setting next_dagrun for read_dataset_event_from_classic to 2024-10-21 00:00:00+00:00, run_after=2024-10-22 00:00:00+00:00
[2024-10-22T23:09:45.439+0000] {processor.py:208} INFO - Processing /home/airflow/.local/lib/python3.12/site-packages/airflow/example_dags/example_inlet_event_extra.py took 0.196 seconds
[2024-10-22T23:10:15.594+0000] {processor.py:186} INFO - Started process (PID=1117) to work on /home/airflow/.local/lib/python3.12/site-packages/airflow/example_dags/example_inlet_event_extra.py
[2024-10-22T23:10:15.595+0000] {processor.py:914} INFO - Processing file /home/airflow/.local/lib/python3.12/site-packages/airflow/example_dags/example_inlet_event_extra.py for tasks to queue
[2024-10-22T23:10:15.597+0000] {logging_mixin.py:190} INFO - [2024-10-22T23:10:15.597+0000] {dagbag.py:588} INFO - Filling up the DagBag from /home/airflow/.local/lib/python3.12/site-packages/airflow/example_dags/example_inlet_event_extra.py
[2024-10-22T23:10:15.712+0000] {processor.py:925} INFO - DAG(s) 'read_dataset_event', 'read_dataset_event_from_classic' retrieved from /home/airflow/.local/lib/python3.12/site-packages/airflow/example_dags/example_inlet_event_extra.py
[2024-10-22T23:10:15.732+0000] {logging_mixin.py:190} INFO - [2024-10-22T23:10:15.731+0000] {dag.py:3239} INFO - Sync 2 DAGs
[2024-10-22T23:10:15.752+0000] {logging_mixin.py:190} INFO - [2024-10-22T23:10:15.752+0000] {dag.py:4180} INFO - Setting next_dagrun for read_dataset_event to 2024-10-21 00:00:00+00:00, run_after=2024-10-22 00:00:00+00:00
[2024-10-22T23:10:15.756+0000] {logging_mixin.py:190} INFO - [2024-10-22T23:10:15.756+0000] {dag.py:4180} INFO - Setting next_dagrun for read_dataset_event_from_classic to 2024-10-21 00:00:00+00:00, run_after=2024-10-22 00:00:00+00:00
[2024-10-22T23:10:15.772+0000] {processor.py:208} INFO - Processing /home/airflow/.local/lib/python3.12/site-packages/airflow/example_dags/example_inlet_event_extra.py took 0.183 seconds
[2024-10-22T23:10:46.103+0000] {processor.py:186} INFO - Started process (PID=1187) to work on /home/airflow/.local/lib/python3.12/site-packages/airflow/example_dags/example_inlet_event_extra.py
[2024-10-22T23:10:46.104+0000] {processor.py:914} INFO - Processing file /home/airflow/.local/lib/python3.12/site-packages/airflow/example_dags/example_inlet_event_extra.py for tasks to queue
[2024-10-22T23:10:46.106+0000] {logging_mixin.py:190} INFO - [2024-10-22T23:10:46.105+0000] {dagbag.py:588} INFO - Filling up the DagBag from /home/airflow/.local/lib/python3.12/site-packages/airflow/example_dags/example_inlet_event_extra.py
[2024-10-22T23:10:46.236+0000] {processor.py:925} INFO - DAG(s) 'read_dataset_event', 'read_dataset_event_from_classic' retrieved from /home/airflow/.local/lib/python3.12/site-packages/airflow/example_dags/example_inlet_event_extra.py
[2024-10-22T23:10:46.256+0000] {logging_mixin.py:190} INFO - [2024-10-22T23:10:46.256+0000] {dag.py:3239} INFO - Sync 2 DAGs
[2024-10-22T23:10:46.282+0000] {logging_mixin.py:190} INFO - [2024-10-22T23:10:46.282+0000] {dag.py:4180} INFO - Setting next_dagrun for read_dataset_event to 2024-10-21 00:00:00+00:00, run_after=2024-10-22 00:00:00+00:00
[2024-10-22T23:10:46.287+0000] {logging_mixin.py:190} INFO - [2024-10-22T23:10:46.287+0000] {dag.py:4180} INFO - Setting next_dagrun for read_dataset_event_from_classic to 2024-10-21 00:00:00+00:00, run_after=2024-10-22 00:00:00+00:00
[2024-10-22T23:10:46.307+0000] {processor.py:208} INFO - Processing /home/airflow/.local/lib/python3.12/site-packages/airflow/example_dags/example_inlet_event_extra.py took 0.208 seconds
[2024-10-22T23:11:17.060+0000] {processor.py:186} INFO - Started process (PID=1257) to work on /home/airflow/.local/lib/python3.12/site-packages/airflow/example_dags/example_inlet_event_extra.py
[2024-10-22T23:11:17.061+0000] {processor.py:914} INFO - Processing file /home/airflow/.local/lib/python3.12/site-packages/airflow/example_dags/example_inlet_event_extra.py for tasks to queue
[2024-10-22T23:11:17.063+0000] {logging_mixin.py:190} INFO - [2024-10-22T23:11:17.063+0000] {dagbag.py:588} INFO - Filling up the DagBag from /home/airflow/.local/lib/python3.12/site-packages/airflow/example_dags/example_inlet_event_extra.py
[2024-10-22T23:11:17.171+0000] {processor.py:925} INFO - DAG(s) 'read_dataset_event', 'read_dataset_event_from_classic' retrieved from /home/airflow/.local/lib/python3.12/site-packages/airflow/example_dags/example_inlet_event_extra.py
[2024-10-22T23:11:17.191+0000] {logging_mixin.py:190} INFO - [2024-10-22T23:11:17.191+0000] {dag.py:3239} INFO - Sync 2 DAGs
[2024-10-22T23:11:17.211+0000] {logging_mixin.py:190} INFO - [2024-10-22T23:11:17.211+0000] {dag.py:4180} INFO - Setting next_dagrun for read_dataset_event to 2024-10-21 00:00:00+00:00, run_after=2024-10-22 00:00:00+00:00
[2024-10-22T23:11:17.216+0000] {logging_mixin.py:190} INFO - [2024-10-22T23:11:17.215+0000] {dag.py:4180} INFO - Setting next_dagrun for read_dataset_event_from_classic to 2024-10-21 00:00:00+00:00, run_after=2024-10-22 00:00:00+00:00
[2024-10-22T23:11:17.233+0000] {processor.py:208} INFO - Processing /home/airflow/.local/lib/python3.12/site-packages/airflow/example_dags/example_inlet_event_extra.py took 0.177 seconds
[2024-10-22T23:11:47.575+0000] {processor.py:186} INFO - Started process (PID=1327) to work on /home/airflow/.local/lib/python3.12/site-packages/airflow/example_dags/example_inlet_event_extra.py
[2024-10-22T23:11:47.576+0000] {processor.py:914} INFO - Processing file /home/airflow/.local/lib/python3.12/site-packages/airflow/example_dags/example_inlet_event_extra.py for tasks to queue
[2024-10-22T23:11:47.578+0000] {logging_mixin.py:190} INFO - [2024-10-22T23:11:47.577+0000] {dagbag.py:588} INFO - Filling up the DagBag from /home/airflow/.local/lib/python3.12/site-packages/airflow/example_dags/example_inlet_event_extra.py
[2024-10-22T23:11:47.705+0000] {processor.py:925} INFO - DAG(s) 'read_dataset_event', 'read_dataset_event_from_classic' retrieved from /home/airflow/.local/lib/python3.12/site-packages/airflow/example_dags/example_inlet_event_extra.py
[2024-10-22T23:11:47.725+0000] {logging_mixin.py:190} INFO - [2024-10-22T23:11:47.725+0000] {dag.py:3239} INFO - Sync 2 DAGs
[2024-10-22T23:11:47.747+0000] {logging_mixin.py:190} INFO - [2024-10-22T23:11:47.747+0000] {dag.py:4180} INFO - Setting next_dagrun for read_dataset_event to 2024-10-21 00:00:00+00:00, run_after=2024-10-22 00:00:00+00:00
[2024-10-22T23:11:47.752+0000] {logging_mixin.py:190} INFO - [2024-10-22T23:11:47.751+0000] {dag.py:4180} INFO - Setting next_dagrun for read_dataset_event_from_classic to 2024-10-21 00:00:00+00:00, run_after=2024-10-22 00:00:00+00:00
[2024-10-22T23:11:47.768+0000] {processor.py:208} INFO - Processing /home/airflow/.local/lib/python3.12/site-packages/airflow/example_dags/example_inlet_event_extra.py took 0.198 seconds
[2024-10-22T23:12:18.469+0000] {processor.py:186} INFO - Started process (PID=1397) to work on /home/airflow/.local/lib/python3.12/site-packages/airflow/example_dags/example_inlet_event_extra.py
[2024-10-22T23:12:18.469+0000] {processor.py:914} INFO - Processing file /home/airflow/.local/lib/python3.12/site-packages/airflow/example_dags/example_inlet_event_extra.py for tasks to queue
[2024-10-22T23:12:18.471+0000] {logging_mixin.py:190} INFO - [2024-10-22T23:12:18.471+0000] {dagbag.py:588} INFO - Filling up the DagBag from /home/airflow/.local/lib/python3.12/site-packages/airflow/example_dags/example_inlet_event_extra.py
[2024-10-22T23:12:18.571+0000] {processor.py:925} INFO - DAG(s) 'read_dataset_event_from_classic', 'read_dataset_event' retrieved from /home/airflow/.local/lib/python3.12/site-packages/airflow/example_dags/example_inlet_event_extra.py
[2024-10-22T23:12:18.592+0000] {logging_mixin.py:190} INFO - [2024-10-22T23:12:18.592+0000] {dag.py:3239} INFO - Sync 2 DAGs
[2024-10-22T23:12:18.613+0000] {logging_mixin.py:190} INFO - [2024-10-22T23:12:18.613+0000] {dag.py:4180} INFO - Setting next_dagrun for read_dataset_event to 2024-10-21 00:00:00+00:00, run_after=2024-10-22 00:00:00+00:00
[2024-10-22T23:12:18.617+0000] {logging_mixin.py:190} INFO - [2024-10-22T23:12:18.617+0000] {dag.py:4180} INFO - Setting next_dagrun for read_dataset_event_from_classic to 2024-10-21 00:00:00+00:00, run_after=2024-10-22 00:00:00+00:00
[2024-10-22T23:12:18.632+0000] {processor.py:208} INFO - Processing /home/airflow/.local/lib/python3.12/site-packages/airflow/example_dags/example_inlet_event_extra.py took 0.168 seconds
[2024-10-22T23:12:48.790+0000] {processor.py:186} INFO - Started process (PID=1467) to work on /home/airflow/.local/lib/python3.12/site-packages/airflow/example_dags/example_inlet_event_extra.py
[2024-10-22T23:12:48.791+0000] {processor.py:914} INFO - Processing file /home/airflow/.local/lib/python3.12/site-packages/airflow/example_dags/example_inlet_event_extra.py for tasks to queue
[2024-10-22T23:12:48.793+0000] {logging_mixin.py:190} INFO - [2024-10-22T23:12:48.793+0000] {dagbag.py:588} INFO - Filling up the DagBag from /home/airflow/.local/lib/python3.12/site-packages/airflow/example_dags/example_inlet_event_extra.py
[2024-10-22T23:12:48.914+0000] {processor.py:925} INFO - DAG(s) 'read_dataset_event_from_classic', 'read_dataset_event' retrieved from /home/airflow/.local/lib/python3.12/site-packages/airflow/example_dags/example_inlet_event_extra.py
[2024-10-22T23:12:48.932+0000] {logging_mixin.py:190} INFO - [2024-10-22T23:12:48.932+0000] {dag.py:3239} INFO - Sync 2 DAGs
[2024-10-22T23:12:48.953+0000] {logging_mixin.py:190} INFO - [2024-10-22T23:12:48.953+0000] {dag.py:4180} INFO - Setting next_dagrun for read_dataset_event to 2024-10-21 00:00:00+00:00, run_after=2024-10-22 00:00:00+00:00
[2024-10-22T23:12:48.957+0000] {logging_mixin.py:190} INFO - [2024-10-22T23:12:48.957+0000] {dag.py:4180} INFO - Setting next_dagrun for read_dataset_event_from_classic to 2024-10-21 00:00:00+00:00, run_after=2024-10-22 00:00:00+00:00
[2024-10-22T23:12:48.973+0000] {processor.py:208} INFO - Processing /home/airflow/.local/lib/python3.12/site-packages/airflow/example_dags/example_inlet_event_extra.py took 0.188 seconds
[2024-10-22T23:13:19.295+0000] {processor.py:186} INFO - Started process (PID=1537) to work on /home/airflow/.local/lib/python3.12/site-packages/airflow/example_dags/example_inlet_event_extra.py
[2024-10-22T23:13:19.296+0000] {processor.py:914} INFO - Processing file /home/airflow/.local/lib/python3.12/site-packages/airflow/example_dags/example_inlet_event_extra.py for tasks to queue
[2024-10-22T23:13:19.298+0000] {logging_mixin.py:190} INFO - [2024-10-22T23:13:19.298+0000] {dagbag.py:588} INFO - Filling up the DagBag from /home/airflow/.local/lib/python3.12/site-packages/airflow/example_dags/example_inlet_event_extra.py
[2024-10-22T23:13:19.406+0000] {processor.py:925} INFO - DAG(s) 'read_dataset_event', 'read_dataset_event_from_classic' retrieved from /home/airflow/.local/lib/python3.12/site-packages/airflow/example_dags/example_inlet_event_extra.py
[2024-10-22T23:13:19.430+0000] {logging_mixin.py:190} INFO - [2024-10-22T23:13:19.429+0000] {dag.py:3239} INFO - Sync 2 DAGs
[2024-10-22T23:13:19.454+0000] {logging_mixin.py:190} INFO - [2024-10-22T23:13:19.454+0000] {dag.py:4180} INFO - Setting next_dagrun for read_dataset_event to 2024-10-21 00:00:00+00:00, run_after=2024-10-22 00:00:00+00:00
[2024-10-22T23:13:19.460+0000] {logging_mixin.py:190} INFO - [2024-10-22T23:13:19.460+0000] {dag.py:4180} INFO - Setting next_dagrun for read_dataset_event_from_classic to 2024-10-21 00:00:00+00:00, run_after=2024-10-22 00:00:00+00:00
[2024-10-22T23:13:19.478+0000] {processor.py:208} INFO - Processing /home/airflow/.local/lib/python3.12/site-packages/airflow/example_dags/example_inlet_event_extra.py took 0.188 seconds
[2024-10-22T23:13:49.628+0000] {processor.py:186} INFO - Started process (PID=1608) to work on /home/airflow/.local/lib/python3.12/site-packages/airflow/example_dags/example_inlet_event_extra.py
[2024-10-22T23:13:49.629+0000] {processor.py:914} INFO - Processing file /home/airflow/.local/lib/python3.12/site-packages/airflow/example_dags/example_inlet_event_extra.py for tasks to queue
[2024-10-22T23:13:49.631+0000] {logging_mixin.py:190} INFO - [2024-10-22T23:13:49.631+0000] {dagbag.py:588} INFO - Filling up the DagBag from /home/airflow/.local/lib/python3.12/site-packages/airflow/example_dags/example_inlet_event_extra.py
[2024-10-22T23:13:49.750+0000] {processor.py:925} INFO - DAG(s) 'read_dataset_event_from_classic', 'read_dataset_event' retrieved from /home/airflow/.local/lib/python3.12/site-packages/airflow/example_dags/example_inlet_event_extra.py
[2024-10-22T23:13:49.768+0000] {logging_mixin.py:190} INFO - [2024-10-22T23:13:49.768+0000] {dag.py:3239} INFO - Sync 2 DAGs
[2024-10-22T23:13:49.786+0000] {logging_mixin.py:190} INFO - [2024-10-22T23:13:49.786+0000] {dag.py:4180} INFO - Setting next_dagrun for read_dataset_event to 2024-10-21 00:00:00+00:00, run_after=2024-10-22 00:00:00+00:00
[2024-10-22T23:13:49.803+0000] {logging_mixin.py:190} INFO - [2024-10-22T23:13:49.803+0000] {dag.py:4180} INFO - Setting next_dagrun for read_dataset_event_from_classic to 2024-10-21 00:00:00+00:00, run_after=2024-10-22 00:00:00+00:00
[2024-10-22T23:13:49.822+0000] {processor.py:208} INFO - Processing /home/airflow/.local/lib/python3.12/site-packages/airflow/example_dags/example_inlet_event_extra.py took 0.198 seconds
[2024-10-22T23:14:20.394+0000] {processor.py:186} INFO - Started process (PID=1678) to work on /home/airflow/.local/lib/python3.12/site-packages/airflow/example_dags/example_inlet_event_extra.py
[2024-10-22T23:14:20.395+0000] {processor.py:914} INFO - Processing file /home/airflow/.local/lib/python3.12/site-packages/airflow/example_dags/example_inlet_event_extra.py for tasks to queue
[2024-10-22T23:14:20.396+0000] {logging_mixin.py:190} INFO - [2024-10-22T23:14:20.396+0000] {dagbag.py:588} INFO - Filling up the DagBag from /home/airflow/.local/lib/python3.12/site-packages/airflow/example_dags/example_inlet_event_extra.py
[2024-10-22T23:14:20.539+0000] {processor.py:925} INFO - DAG(s) 'read_dataset_event_from_classic', 'read_dataset_event' retrieved from /home/airflow/.local/lib/python3.12/site-packages/airflow/example_dags/example_inlet_event_extra.py
[2024-10-22T23:14:20.561+0000] {logging_mixin.py:190} INFO - [2024-10-22T23:14:20.561+0000] {dag.py:3239} INFO - Sync 2 DAGs
[2024-10-22T23:14:20.582+0000] {logging_mixin.py:190} INFO - [2024-10-22T23:14:20.582+0000] {dag.py:4180} INFO - Setting next_dagrun for read_dataset_event to 2024-10-21 00:00:00+00:00, run_after=2024-10-22 00:00:00+00:00
[2024-10-22T23:14:20.586+0000] {logging_mixin.py:190} INFO - [2024-10-22T23:14:20.586+0000] {dag.py:4180} INFO - Setting next_dagrun for read_dataset_event_from_classic to 2024-10-21 00:00:00+00:00, run_after=2024-10-22 00:00:00+00:00
[2024-10-22T23:14:20.601+0000] {processor.py:208} INFO - Processing /home/airflow/.local/lib/python3.12/site-packages/airflow/example_dags/example_inlet_event_extra.py took 0.212 seconds
[2024-10-22T23:14:50.864+0000] {processor.py:186} INFO - Started process (PID=1749) to work on /home/airflow/.local/lib/python3.12/site-packages/airflow/example_dags/example_inlet_event_extra.py
[2024-10-22T23:14:50.865+0000] {processor.py:914} INFO - Processing file /home/airflow/.local/lib/python3.12/site-packages/airflow/example_dags/example_inlet_event_extra.py for tasks to queue
[2024-10-22T23:14:50.867+0000] {logging_mixin.py:190} INFO - [2024-10-22T23:14:50.867+0000] {dagbag.py:588} INFO - Filling up the DagBag from /home/airflow/.local/lib/python3.12/site-packages/airflow/example_dags/example_inlet_event_extra.py
[2024-10-22T23:14:50.991+0000] {processor.py:925} INFO - DAG(s) 'read_dataset_event_from_classic', 'read_dataset_event' retrieved from /home/airflow/.local/lib/python3.12/site-packages/airflow/example_dags/example_inlet_event_extra.py
[2024-10-22T23:14:51.016+0000] {logging_mixin.py:190} INFO - [2024-10-22T23:14:51.015+0000] {dag.py:3239} INFO - Sync 2 DAGs
[2024-10-22T23:14:51.040+0000] {logging_mixin.py:190} INFO - [2024-10-22T23:14:51.039+0000] {dag.py:4180} INFO - Setting next_dagrun for read_dataset_event to 2024-10-21 00:00:00+00:00, run_after=2024-10-22 00:00:00+00:00
[2024-10-22T23:14:51.044+0000] {logging_mixin.py:190} INFO - [2024-10-22T23:14:51.044+0000] {dag.py:4180} INFO - Setting next_dagrun for read_dataset_event_from_classic to 2024-10-21 00:00:00+00:00, run_after=2024-10-22 00:00:00+00:00
[2024-10-22T23:14:51.064+0000] {processor.py:208} INFO - Processing /home/airflow/.local/lib/python3.12/site-packages/airflow/example_dags/example_inlet_event_extra.py took 0.205 seconds
[2024-10-22T23:15:21.527+0000] {processor.py:186} INFO - Started process (PID=1819) to work on /home/airflow/.local/lib/python3.12/site-packages/airflow/example_dags/example_inlet_event_extra.py
[2024-10-22T23:15:21.528+0000] {processor.py:914} INFO - Processing file /home/airflow/.local/lib/python3.12/site-packages/airflow/example_dags/example_inlet_event_extra.py for tasks to queue
[2024-10-22T23:15:21.530+0000] {logging_mixin.py:190} INFO - [2024-10-22T23:15:21.530+0000] {dagbag.py:588} INFO - Filling up the DagBag from /home/airflow/.local/lib/python3.12/site-packages/airflow/example_dags/example_inlet_event_extra.py
[2024-10-22T23:15:21.649+0000] {processor.py:925} INFO - DAG(s) 'read_dataset_event_from_classic', 'read_dataset_event' retrieved from /home/airflow/.local/lib/python3.12/site-packages/airflow/example_dags/example_inlet_event_extra.py
[2024-10-22T23:15:21.670+0000] {logging_mixin.py:190} INFO - [2024-10-22T23:15:21.670+0000] {dag.py:3239} INFO - Sync 2 DAGs
[2024-10-22T23:15:21.691+0000] {logging_mixin.py:190} INFO - [2024-10-22T23:15:21.691+0000] {dag.py:4180} INFO - Setting next_dagrun for read_dataset_event to 2024-10-21 00:00:00+00:00, run_after=2024-10-22 00:00:00+00:00
[2024-10-22T23:15:21.696+0000] {logging_mixin.py:190} INFO - [2024-10-22T23:15:21.696+0000] {dag.py:4180} INFO - Setting next_dagrun for read_dataset_event_from_classic to 2024-10-21 00:00:00+00:00, run_after=2024-10-22 00:00:00+00:00
[2024-10-22T23:15:21.712+0000] {processor.py:208} INFO - Processing /home/airflow/.local/lib/python3.12/site-packages/airflow/example_dags/example_inlet_event_extra.py took 0.190 seconds
[2024-10-22T23:15:51.803+0000] {processor.py:186} INFO - Started process (PID=1889) to work on /home/airflow/.local/lib/python3.12/site-packages/airflow/example_dags/example_inlet_event_extra.py
[2024-10-22T23:15:51.804+0000] {processor.py:914} INFO - Processing file /home/airflow/.local/lib/python3.12/site-packages/airflow/example_dags/example_inlet_event_extra.py for tasks to queue
[2024-10-22T23:15:51.806+0000] {logging_mixin.py:190} INFO - [2024-10-22T23:15:51.806+0000] {dagbag.py:588} INFO - Filling up the DagBag from /home/airflow/.local/lib/python3.12/site-packages/airflow/example_dags/example_inlet_event_extra.py
[2024-10-22T23:15:51.929+0000] {processor.py:925} INFO - DAG(s) 'read_dataset_event', 'read_dataset_event_from_classic' retrieved from /home/airflow/.local/lib/python3.12/site-packages/airflow/example_dags/example_inlet_event_extra.py
[2024-10-22T23:15:51.950+0000] {logging_mixin.py:190} INFO - [2024-10-22T23:15:51.950+0000] {dag.py:3239} INFO - Sync 2 DAGs
[2024-10-22T23:15:51.972+0000] {logging_mixin.py:190} INFO - [2024-10-22T23:15:51.972+0000] {dag.py:4180} INFO - Setting next_dagrun for read_dataset_event to 2024-10-21 00:00:00+00:00, run_after=2024-10-22 00:00:00+00:00
[2024-10-22T23:15:51.977+0000] {logging_mixin.py:190} INFO - [2024-10-22T23:15:51.977+0000] {dag.py:4180} INFO - Setting next_dagrun for read_dataset_event_from_classic to 2024-10-21 00:00:00+00:00, run_after=2024-10-22 00:00:00+00:00
[2024-10-22T23:15:51.992+0000] {processor.py:208} INFO - Processing /home/airflow/.local/lib/python3.12/site-packages/airflow/example_dags/example_inlet_event_extra.py took 0.196 seconds
[2024-10-22T23:16:22.464+0000] {processor.py:186} INFO - Started process (PID=1960) to work on /home/airflow/.local/lib/python3.12/site-packages/airflow/example_dags/example_inlet_event_extra.py
[2024-10-22T23:16:22.465+0000] {processor.py:914} INFO - Processing file /home/airflow/.local/lib/python3.12/site-packages/airflow/example_dags/example_inlet_event_extra.py for tasks to queue
[2024-10-22T23:16:22.467+0000] {logging_mixin.py:190} INFO - [2024-10-22T23:16:22.467+0000] {dagbag.py:588} INFO - Filling up the DagBag from /home/airflow/.local/lib/python3.12/site-packages/airflow/example_dags/example_inlet_event_extra.py
[2024-10-22T23:16:22.582+0000] {processor.py:925} INFO - DAG(s) 'read_dataset_event', 'read_dataset_event_from_classic' retrieved from /home/airflow/.local/lib/python3.12/site-packages/airflow/example_dags/example_inlet_event_extra.py
[2024-10-22T23:16:22.603+0000] {logging_mixin.py:190} INFO - [2024-10-22T23:16:22.602+0000] {dag.py:3239} INFO - Sync 2 DAGs
[2024-10-22T23:16:22.622+0000] {logging_mixin.py:190} INFO - [2024-10-22T23:16:22.622+0000] {dag.py:4180} INFO - Setting next_dagrun for read_dataset_event to 2024-10-21 00:00:00+00:00, run_after=2024-10-22 00:00:00+00:00
[2024-10-22T23:16:22.627+0000] {logging_mixin.py:190} INFO - [2024-10-22T23:16:22.627+0000] {dag.py:4180} INFO - Setting next_dagrun for read_dataset_event_from_classic to 2024-10-21 00:00:00+00:00, run_after=2024-10-22 00:00:00+00:00
[2024-10-22T23:16:22.643+0000] {processor.py:208} INFO - Processing /home/airflow/.local/lib/python3.12/site-packages/airflow/example_dags/example_inlet_event_extra.py took 0.183 seconds
[2024-10-22T23:16:52.958+0000] {processor.py:186} INFO - Started process (PID=2030) to work on /home/airflow/.local/lib/python3.12/site-packages/airflow/example_dags/example_inlet_event_extra.py
[2024-10-22T23:16:52.959+0000] {processor.py:914} INFO - Processing file /home/airflow/.local/lib/python3.12/site-packages/airflow/example_dags/example_inlet_event_extra.py for tasks to queue
[2024-10-22T23:16:52.960+0000] {logging_mixin.py:190} INFO - [2024-10-22T23:16:52.960+0000] {dagbag.py:588} INFO - Filling up the DagBag from /home/airflow/.local/lib/python3.12/site-packages/airflow/example_dags/example_inlet_event_extra.py
[2024-10-22T23:16:53.061+0000] {processor.py:925} INFO - DAG(s) 'read_dataset_event_from_classic', 'read_dataset_event' retrieved from /home/airflow/.local/lib/python3.12/site-packages/airflow/example_dags/example_inlet_event_extra.py
[2024-10-22T23:16:53.083+0000] {logging_mixin.py:190} INFO - [2024-10-22T23:16:53.082+0000] {dag.py:3239} INFO - Sync 2 DAGs
[2024-10-22T23:16:53.105+0000] {logging_mixin.py:190} INFO - [2024-10-22T23:16:53.105+0000] {dag.py:4180} INFO - Setting next_dagrun for read_dataset_event to 2024-10-21 00:00:00+00:00, run_after=2024-10-22 00:00:00+00:00
[2024-10-22T23:16:53.109+0000] {logging_mixin.py:190} INFO - [2024-10-22T23:16:53.109+0000] {dag.py:4180} INFO - Setting next_dagrun for read_dataset_event_from_classic to 2024-10-21 00:00:00+00:00, run_after=2024-10-22 00:00:00+00:00
[2024-10-22T23:16:53.125+0000] {processor.py:208} INFO - Processing /home/airflow/.local/lib/python3.12/site-packages/airflow/example_dags/example_inlet_event_extra.py took 0.172 seconds
[2024-10-22T23:17:23.361+0000] {processor.py:186} INFO - Started process (PID=2100) to work on /home/airflow/.local/lib/python3.12/site-packages/airflow/example_dags/example_inlet_event_extra.py
[2024-10-22T23:17:23.361+0000] {processor.py:914} INFO - Processing file /home/airflow/.local/lib/python3.12/site-packages/airflow/example_dags/example_inlet_event_extra.py for tasks to queue
[2024-10-22T23:17:23.363+0000] {logging_mixin.py:190} INFO - [2024-10-22T23:17:23.363+0000] {dagbag.py:588} INFO - Filling up the DagBag from /home/airflow/.local/lib/python3.12/site-packages/airflow/example_dags/example_inlet_event_extra.py
[2024-10-22T23:17:23.469+0000] {processor.py:925} INFO - DAG(s) 'read_dataset_event', 'read_dataset_event_from_classic' retrieved from /home/airflow/.local/lib/python3.12/site-packages/airflow/example_dags/example_inlet_event_extra.py
[2024-10-22T23:17:23.490+0000] {logging_mixin.py:190} INFO - [2024-10-22T23:17:23.490+0000] {dag.py:3239} INFO - Sync 2 DAGs
[2024-10-22T23:17:23.511+0000] {logging_mixin.py:190} INFO - [2024-10-22T23:17:23.511+0000] {dag.py:4180} INFO - Setting next_dagrun for read_dataset_event to 2024-10-21 00:00:00+00:00, run_after=2024-10-22 00:00:00+00:00
[2024-10-22T23:17:23.516+0000] {logging_mixin.py:190} INFO - [2024-10-22T23:17:23.516+0000] {dag.py:4180} INFO - Setting next_dagrun for read_dataset_event_from_classic to 2024-10-21 00:00:00+00:00, run_after=2024-10-22 00:00:00+00:00
[2024-10-22T23:17:23.532+0000] {processor.py:208} INFO - Processing /home/airflow/.local/lib/python3.12/site-packages/airflow/example_dags/example_inlet_event_extra.py took 0.175 seconds
[2024-10-22T23:17:53.687+0000] {processor.py:186} INFO - Started process (PID=2172) to work on /home/airflow/.local/lib/python3.12/site-packages/airflow/example_dags/example_inlet_event_extra.py
[2024-10-22T23:17:53.687+0000] {processor.py:914} INFO - Processing file /home/airflow/.local/lib/python3.12/site-packages/airflow/example_dags/example_inlet_event_extra.py for tasks to queue
[2024-10-22T23:17:53.689+0000] {logging_mixin.py:190} INFO - [2024-10-22T23:17:53.689+0000] {dagbag.py:588} INFO - Filling up the DagBag from /home/airflow/.local/lib/python3.12/site-packages/airflow/example_dags/example_inlet_event_extra.py
[2024-10-22T23:17:53.803+0000] {processor.py:925} INFO - DAG(s) 'read_dataset_event_from_classic', 'read_dataset_event' retrieved from /home/airflow/.local/lib/python3.12/site-packages/airflow/example_dags/example_inlet_event_extra.py
[2024-10-22T23:17:53.828+0000] {logging_mixin.py:190} INFO - [2024-10-22T23:17:53.828+0000] {dag.py:3239} INFO - Sync 2 DAGs
[2024-10-22T23:17:53.849+0000] {logging_mixin.py:190} INFO - [2024-10-22T23:17:53.848+0000] {dag.py:4180} INFO - Setting next_dagrun for read_dataset_event to 2024-10-21 00:00:00+00:00, run_after=2024-10-22 00:00:00+00:00
[2024-10-22T23:17:53.853+0000] {logging_mixin.py:190} INFO - [2024-10-22T23:17:53.853+0000] {dag.py:4180} INFO - Setting next_dagrun for read_dataset_event_from_classic to 2024-10-21 00:00:00+00:00, run_after=2024-10-22 00:00:00+00:00
[2024-10-22T23:17:53.867+0000] {processor.py:208} INFO - Processing /home/airflow/.local/lib/python3.12/site-packages/airflow/example_dags/example_inlet_event_extra.py took 0.187 seconds
[2024-10-22T23:18:24.110+0000] {processor.py:186} INFO - Started process (PID=2243) to work on /home/airflow/.local/lib/python3.12/site-packages/airflow/example_dags/example_inlet_event_extra.py
[2024-10-22T23:18:24.111+0000] {processor.py:914} INFO - Processing file /home/airflow/.local/lib/python3.12/site-packages/airflow/example_dags/example_inlet_event_extra.py for tasks to queue
[2024-10-22T23:18:24.113+0000] {logging_mixin.py:190} INFO - [2024-10-22T23:18:24.113+0000] {dagbag.py:588} INFO - Filling up the DagBag from /home/airflow/.local/lib/python3.12/site-packages/airflow/example_dags/example_inlet_event_extra.py
[2024-10-22T23:18:24.262+0000] {processor.py:925} INFO - DAG(s) 'read_dataset_event', 'read_dataset_event_from_classic' retrieved from /home/airflow/.local/lib/python3.12/site-packages/airflow/example_dags/example_inlet_event_extra.py
[2024-10-22T23:18:24.285+0000] {logging_mixin.py:190} INFO - [2024-10-22T23:18:24.284+0000] {dag.py:3239} INFO - Sync 2 DAGs
[2024-10-22T23:18:24.309+0000] {logging_mixin.py:190} INFO - [2024-10-22T23:18:24.308+0000] {dag.py:4180} INFO - Setting next_dagrun for read_dataset_event to 2024-10-21 00:00:00+00:00, run_after=2024-10-22 00:00:00+00:00
[2024-10-22T23:18:24.313+0000] {logging_mixin.py:190} INFO - [2024-10-22T23:18:24.313+0000] {dag.py:4180} INFO - Setting next_dagrun for read_dataset_event_from_classic to 2024-10-21 00:00:00+00:00, run_after=2024-10-22 00:00:00+00:00
[2024-10-22T23:18:24.328+0000] {processor.py:208} INFO - Processing /home/airflow/.local/lib/python3.12/site-packages/airflow/example_dags/example_inlet_event_extra.py took 0.224 seconds
[2024-10-22T23:18:54.539+0000] {processor.py:186} INFO - Started process (PID=2314) to work on /home/airflow/.local/lib/python3.12/site-packages/airflow/example_dags/example_inlet_event_extra.py
[2024-10-22T23:18:54.541+0000] {processor.py:914} INFO - Processing file /home/airflow/.local/lib/python3.12/site-packages/airflow/example_dags/example_inlet_event_extra.py for tasks to queue
[2024-10-22T23:18:54.544+0000] {logging_mixin.py:190} INFO - [2024-10-22T23:18:54.543+0000] {dagbag.py:588} INFO - Filling up the DagBag from /home/airflow/.local/lib/python3.12/site-packages/airflow/example_dags/example_inlet_event_extra.py
[2024-10-22T23:18:54.672+0000] {processor.py:925} INFO - DAG(s) 'read_dataset_event', 'read_dataset_event_from_classic' retrieved from /home/airflow/.local/lib/python3.12/site-packages/airflow/example_dags/example_inlet_event_extra.py
[2024-10-22T23:18:54.694+0000] {logging_mixin.py:190} INFO - [2024-10-22T23:18:54.694+0000] {dag.py:3239} INFO - Sync 2 DAGs
[2024-10-22T23:18:54.716+0000] {logging_mixin.py:190} INFO - [2024-10-22T23:18:54.716+0000] {dag.py:4180} INFO - Setting next_dagrun for read_dataset_event to 2024-10-21 00:00:00+00:00, run_after=2024-10-22 00:00:00+00:00
[2024-10-22T23:18:54.722+0000] {logging_mixin.py:190} INFO - [2024-10-22T23:18:54.721+0000] {dag.py:4180} INFO - Setting next_dagrun for read_dataset_event_from_classic to 2024-10-21 00:00:00+00:00, run_after=2024-10-22 00:00:00+00:00
[2024-10-22T23:18:54.737+0000] {processor.py:208} INFO - Processing /home/airflow/.local/lib/python3.12/site-packages/airflow/example_dags/example_inlet_event_extra.py took 0.204 seconds
[2024-10-22T23:19:24.945+0000] {processor.py:186} INFO - Started process (PID=2385) to work on /home/airflow/.local/lib/python3.12/site-packages/airflow/example_dags/example_inlet_event_extra.py
[2024-10-22T23:19:24.945+0000] {processor.py:914} INFO - Processing file /home/airflow/.local/lib/python3.12/site-packages/airflow/example_dags/example_inlet_event_extra.py for tasks to queue
[2024-10-22T23:19:24.947+0000] {logging_mixin.py:190} INFO - [2024-10-22T23:19:24.947+0000] {dagbag.py:588} INFO - Filling up the DagBag from /home/airflow/.local/lib/python3.12/site-packages/airflow/example_dags/example_inlet_event_extra.py
[2024-10-22T23:19:25.067+0000] {processor.py:925} INFO - DAG(s) 'read_dataset_event_from_classic', 'read_dataset_event' retrieved from /home/airflow/.local/lib/python3.12/site-packages/airflow/example_dags/example_inlet_event_extra.py
[2024-10-22T23:19:25.089+0000] {logging_mixin.py:190} INFO - [2024-10-22T23:19:25.089+0000] {dag.py:3239} INFO - Sync 2 DAGs
[2024-10-22T23:19:25.112+0000] {logging_mixin.py:190} INFO - [2024-10-22T23:19:25.111+0000] {dag.py:4180} INFO - Setting next_dagrun for read_dataset_event to 2024-10-21 00:00:00+00:00, run_after=2024-10-22 00:00:00+00:00
[2024-10-22T23:19:25.117+0000] {logging_mixin.py:190} INFO - [2024-10-22T23:19:25.116+0000] {dag.py:4180} INFO - Setting next_dagrun for read_dataset_event_from_classic to 2024-10-21 00:00:00+00:00, run_after=2024-10-22 00:00:00+00:00
[2024-10-22T23:19:25.132+0000] {processor.py:208} INFO - Processing /home/airflow/.local/lib/python3.12/site-packages/airflow/example_dags/example_inlet_event_extra.py took 0.194 seconds
[2024-10-22T23:19:55.932+0000] {processor.py:186} INFO - Started process (PID=2457) to work on /home/airflow/.local/lib/python3.12/site-packages/airflow/example_dags/example_inlet_event_extra.py
[2024-10-22T23:19:55.933+0000] {processor.py:914} INFO - Processing file /home/airflow/.local/lib/python3.12/site-packages/airflow/example_dags/example_inlet_event_extra.py for tasks to queue
[2024-10-22T23:19:55.935+0000] {logging_mixin.py:190} INFO - [2024-10-22T23:19:55.935+0000] {dagbag.py:588} INFO - Filling up the DagBag from /home/airflow/.local/lib/python3.12/site-packages/airflow/example_dags/example_inlet_event_extra.py
[2024-10-22T23:19:56.051+0000] {processor.py:925} INFO - DAG(s) 'read_dataset_event_from_classic', 'read_dataset_event' retrieved from /home/airflow/.local/lib/python3.12/site-packages/airflow/example_dags/example_inlet_event_extra.py
[2024-10-22T23:19:56.073+0000] {logging_mixin.py:190} INFO - [2024-10-22T23:19:56.072+0000] {dag.py:3239} INFO - Sync 2 DAGs
[2024-10-22T23:19:56.100+0000] {logging_mixin.py:190} INFO - [2024-10-22T23:19:56.100+0000] {dag.py:4180} INFO - Setting next_dagrun for read_dataset_event to 2024-10-21 00:00:00+00:00, run_after=2024-10-22 00:00:00+00:00
[2024-10-22T23:19:56.104+0000] {logging_mixin.py:190} INFO - [2024-10-22T23:19:56.104+0000] {dag.py:4180} INFO - Setting next_dagrun for read_dataset_event_from_classic to 2024-10-21 00:00:00+00:00, run_after=2024-10-22 00:00:00+00:00
[2024-10-22T23:19:56.119+0000] {processor.py:208} INFO - Processing /home/airflow/.local/lib/python3.12/site-packages/airflow/example_dags/example_inlet_event_extra.py took 0.192 seconds
[2024-10-22T23:20:26.352+0000] {processor.py:186} INFO - Started process (PID=2529) to work on /home/airflow/.local/lib/python3.12/site-packages/airflow/example_dags/example_inlet_event_extra.py
[2024-10-22T23:20:26.353+0000] {processor.py:914} INFO - Processing file /home/airflow/.local/lib/python3.12/site-packages/airflow/example_dags/example_inlet_event_extra.py for tasks to queue
[2024-10-22T23:20:26.357+0000] {logging_mixin.py:190} INFO - [2024-10-22T23:20:26.356+0000] {dagbag.py:588} INFO - Filling up the DagBag from /home/airflow/.local/lib/python3.12/site-packages/airflow/example_dags/example_inlet_event_extra.py
[2024-10-22T23:20:26.473+0000] {processor.py:925} INFO - DAG(s) 'read_dataset_event_from_classic', 'read_dataset_event' retrieved from /home/airflow/.local/lib/python3.12/site-packages/airflow/example_dags/example_inlet_event_extra.py
[2024-10-22T23:20:26.491+0000] {logging_mixin.py:190} INFO - [2024-10-22T23:20:26.491+0000] {dag.py:3239} INFO - Sync 2 DAGs
[2024-10-22T23:20:26.514+0000] {logging_mixin.py:190} INFO - [2024-10-22T23:20:26.514+0000] {dag.py:4180} INFO - Setting next_dagrun for read_dataset_event to 2024-10-21 00:00:00+00:00, run_after=2024-10-22 00:00:00+00:00
[2024-10-22T23:20:26.518+0000] {logging_mixin.py:190} INFO - [2024-10-22T23:20:26.518+0000] {dag.py:4180} INFO - Setting next_dagrun for read_dataset_event_from_classic to 2024-10-21 00:00:00+00:00, run_after=2024-10-22 00:00:00+00:00
[2024-10-22T23:20:26.534+0000] {processor.py:208} INFO - Processing /home/airflow/.local/lib/python3.12/site-packages/airflow/example_dags/example_inlet_event_extra.py took 0.186 seconds
[2024-10-22T23:20:57.428+0000] {processor.py:186} INFO - Started process (PID=2600) to work on /home/airflow/.local/lib/python3.12/site-packages/airflow/example_dags/example_inlet_event_extra.py
[2024-10-22T23:20:57.429+0000] {processor.py:914} INFO - Processing file /home/airflow/.local/lib/python3.12/site-packages/airflow/example_dags/example_inlet_event_extra.py for tasks to queue
[2024-10-22T23:20:57.431+0000] {logging_mixin.py:190} INFO - [2024-10-22T23:20:57.431+0000] {dagbag.py:588} INFO - Filling up the DagBag from /home/airflow/.local/lib/python3.12/site-packages/airflow/example_dags/example_inlet_event_extra.py
[2024-10-22T23:20:57.545+0000] {processor.py:925} INFO - DAG(s) 'read_dataset_event_from_classic', 'read_dataset_event' retrieved from /home/airflow/.local/lib/python3.12/site-packages/airflow/example_dags/example_inlet_event_extra.py
[2024-10-22T23:20:57.565+0000] {logging_mixin.py:190} INFO - [2024-10-22T23:20:57.565+0000] {dag.py:3239} INFO - Sync 2 DAGs
[2024-10-22T23:20:57.587+0000] {logging_mixin.py:190} INFO - [2024-10-22T23:20:57.586+0000] {dag.py:4180} INFO - Setting next_dagrun for read_dataset_event to 2024-10-21 00:00:00+00:00, run_after=2024-10-22 00:00:00+00:00
[2024-10-22T23:20:57.740+0000] {logging_mixin.py:190} INFO - [2024-10-22T23:20:57.740+0000] {dag.py:4180} INFO - Setting next_dagrun for read_dataset_event_from_classic to 2024-10-21 00:00:00+00:00, run_after=2024-10-22 00:00:00+00:00
[2024-10-22T23:20:57.755+0000] {processor.py:208} INFO - Processing /home/airflow/.local/lib/python3.12/site-packages/airflow/example_dags/example_inlet_event_extra.py took 0.333 seconds
[2024-10-22T23:21:28.355+0000] {processor.py:186} INFO - Started process (PID=2671) to work on /home/airflow/.local/lib/python3.12/site-packages/airflow/example_dags/example_inlet_event_extra.py
[2024-10-22T23:21:28.355+0000] {processor.py:914} INFO - Processing file /home/airflow/.local/lib/python3.12/site-packages/airflow/example_dags/example_inlet_event_extra.py for tasks to queue
[2024-10-22T23:21:28.357+0000] {logging_mixin.py:190} INFO - [2024-10-22T23:21:28.357+0000] {dagbag.py:588} INFO - Filling up the DagBag from /home/airflow/.local/lib/python3.12/site-packages/airflow/example_dags/example_inlet_event_extra.py
[2024-10-22T23:21:28.465+0000] {processor.py:925} INFO - DAG(s) 'read_dataset_event_from_classic', 'read_dataset_event' retrieved from /home/airflow/.local/lib/python3.12/site-packages/airflow/example_dags/example_inlet_event_extra.py
[2024-10-22T23:21:28.484+0000] {logging_mixin.py:190} INFO - [2024-10-22T23:21:28.484+0000] {dag.py:3239} INFO - Sync 2 DAGs
[2024-10-22T23:21:28.504+0000] {logging_mixin.py:190} INFO - [2024-10-22T23:21:28.504+0000] {dag.py:4180} INFO - Setting next_dagrun for read_dataset_event to 2024-10-21 00:00:00+00:00, run_after=2024-10-22 00:00:00+00:00
[2024-10-22T23:21:28.509+0000] {logging_mixin.py:190} INFO - [2024-10-22T23:21:28.509+0000] {dag.py:4180} INFO - Setting next_dagrun for read_dataset_event_from_classic to 2024-10-21 00:00:00+00:00, run_after=2024-10-22 00:00:00+00:00
[2024-10-22T23:21:28.676+0000] {processor.py:208} INFO - Processing /home/airflow/.local/lib/python3.12/site-packages/airflow/example_dags/example_inlet_event_extra.py took 0.326 seconds
[2024-10-22T23:21:59.142+0000] {processor.py:186} INFO - Started process (PID=2742) to work on /home/airflow/.local/lib/python3.12/site-packages/airflow/example_dags/example_inlet_event_extra.py
[2024-10-22T23:21:59.143+0000] {processor.py:914} INFO - Processing file /home/airflow/.local/lib/python3.12/site-packages/airflow/example_dags/example_inlet_event_extra.py for tasks to queue
[2024-10-22T23:21:59.145+0000] {logging_mixin.py:190} INFO - [2024-10-22T23:21:59.145+0000] {dagbag.py:588} INFO - Filling up the DagBag from /home/airflow/.local/lib/python3.12/site-packages/airflow/example_dags/example_inlet_event_extra.py
[2024-10-22T23:21:59.259+0000] {processor.py:925} INFO - DAG(s) 'read_dataset_event', 'read_dataset_event_from_classic' retrieved from /home/airflow/.local/lib/python3.12/site-packages/airflow/example_dags/example_inlet_event_extra.py
[2024-10-22T23:21:59.281+0000] {logging_mixin.py:190} INFO - [2024-10-22T23:21:59.281+0000] {dag.py:3239} INFO - Sync 2 DAGs
[2024-10-22T23:21:59.305+0000] {logging_mixin.py:190} INFO - [2024-10-22T23:21:59.304+0000] {dag.py:4180} INFO - Setting next_dagrun for read_dataset_event to 2024-10-21 00:00:00+00:00, run_after=2024-10-22 00:00:00+00:00
[2024-10-22T23:21:59.310+0000] {logging_mixin.py:190} INFO - [2024-10-22T23:21:59.309+0000] {dag.py:4180} INFO - Setting next_dagrun for read_dataset_event_from_classic to 2024-10-21 00:00:00+00:00, run_after=2024-10-22 00:00:00+00:00
[2024-10-22T23:21:59.329+0000] {processor.py:208} INFO - Processing /home/airflow/.local/lib/python3.12/site-packages/airflow/example_dags/example_inlet_event_extra.py took 0.192 seconds
[2024-10-22T23:22:29.435+0000] {processor.py:186} INFO - Started process (PID=2811) to work on /home/airflow/.local/lib/python3.12/site-packages/airflow/example_dags/example_inlet_event_extra.py
[2024-10-22T23:22:29.436+0000] {processor.py:914} INFO - Processing file /home/airflow/.local/lib/python3.12/site-packages/airflow/example_dags/example_inlet_event_extra.py for tasks to queue
[2024-10-22T23:22:29.438+0000] {logging_mixin.py:190} INFO - [2024-10-22T23:22:29.438+0000] {dagbag.py:588} INFO - Filling up the DagBag from /home/airflow/.local/lib/python3.12/site-packages/airflow/example_dags/example_inlet_event_extra.py
[2024-10-22T23:22:29.552+0000] {processor.py:925} INFO - DAG(s) 'read_dataset_event', 'read_dataset_event_from_classic' retrieved from /home/airflow/.local/lib/python3.12/site-packages/airflow/example_dags/example_inlet_event_extra.py
[2024-10-22T23:22:29.571+0000] {logging_mixin.py:190} INFO - [2024-10-22T23:22:29.571+0000] {dag.py:3239} INFO - Sync 2 DAGs
[2024-10-22T23:22:29.592+0000] {logging_mixin.py:190} INFO - [2024-10-22T23:22:29.592+0000] {dag.py:4180} INFO - Setting next_dagrun for read_dataset_event to 2024-10-21 00:00:00+00:00, run_after=2024-10-22 00:00:00+00:00
[2024-10-22T23:22:29.596+0000] {logging_mixin.py:190} INFO - [2024-10-22T23:22:29.596+0000] {dag.py:4180} INFO - Setting next_dagrun for read_dataset_event_from_classic to 2024-10-21 00:00:00+00:00, run_after=2024-10-22 00:00:00+00:00
[2024-10-22T23:22:29.611+0000] {processor.py:208} INFO - Processing /home/airflow/.local/lib/python3.12/site-packages/airflow/example_dags/example_inlet_event_extra.py took 0.183 seconds
[2024-10-22T23:23:00.378+0000] {processor.py:186} INFO - Started process (PID=2883) to work on /home/airflow/.local/lib/python3.12/site-packages/airflow/example_dags/example_inlet_event_extra.py
[2024-10-22T23:23:00.378+0000] {processor.py:914} INFO - Processing file /home/airflow/.local/lib/python3.12/site-packages/airflow/example_dags/example_inlet_event_extra.py for tasks to queue
[2024-10-22T23:23:00.380+0000] {logging_mixin.py:190} INFO - [2024-10-22T23:23:00.380+0000] {dagbag.py:588} INFO - Filling up the DagBag from /home/airflow/.local/lib/python3.12/site-packages/airflow/example_dags/example_inlet_event_extra.py
[2024-10-22T23:23:00.487+0000] {processor.py:925} INFO - DAG(s) 'read_dataset_event', 'read_dataset_event_from_classic' retrieved from /home/airflow/.local/lib/python3.12/site-packages/airflow/example_dags/example_inlet_event_extra.py
[2024-10-22T23:23:00.509+0000] {logging_mixin.py:190} INFO - [2024-10-22T23:23:00.509+0000] {dag.py:3239} INFO - Sync 2 DAGs
[2024-10-22T23:23:00.537+0000] {logging_mixin.py:190} INFO - [2024-10-22T23:23:00.537+0000] {dag.py:4180} INFO - Setting next_dagrun for read_dataset_event to 2024-10-21 00:00:00+00:00, run_after=2024-10-22 00:00:00+00:00
[2024-10-22T23:23:00.542+0000] {logging_mixin.py:190} INFO - [2024-10-22T23:23:00.542+0000] {dag.py:4180} INFO - Setting next_dagrun for read_dataset_event_from_classic to 2024-10-21 00:00:00+00:00, run_after=2024-10-22 00:00:00+00:00
[2024-10-22T23:23:00.566+0000] {processor.py:208} INFO - Processing /home/airflow/.local/lib/python3.12/site-packages/airflow/example_dags/example_inlet_event_extra.py took 0.192 seconds
[2024-10-22T23:23:30.829+0000] {processor.py:186} INFO - Started process (PID=2954) to work on /home/airflow/.local/lib/python3.12/site-packages/airflow/example_dags/example_inlet_event_extra.py
[2024-10-22T23:23:30.830+0000] {processor.py:914} INFO - Processing file /home/airflow/.local/lib/python3.12/site-packages/airflow/example_dags/example_inlet_event_extra.py for tasks to queue
[2024-10-22T23:23:30.832+0000] {logging_mixin.py:190} INFO - [2024-10-22T23:23:30.832+0000] {dagbag.py:588} INFO - Filling up the DagBag from /home/airflow/.local/lib/python3.12/site-packages/airflow/example_dags/example_inlet_event_extra.py
[2024-10-22T23:23:30.941+0000] {processor.py:925} INFO - DAG(s) 'read_dataset_event', 'read_dataset_event_from_classic' retrieved from /home/airflow/.local/lib/python3.12/site-packages/airflow/example_dags/example_inlet_event_extra.py
[2024-10-22T23:23:30.960+0000] {logging_mixin.py:190} INFO - [2024-10-22T23:23:30.959+0000] {dag.py:3239} INFO - Sync 2 DAGs
[2024-10-22T23:23:30.978+0000] {logging_mixin.py:190} INFO - [2024-10-22T23:23:30.978+0000] {dag.py:4180} INFO - Setting next_dagrun for read_dataset_event to 2024-10-21 00:00:00+00:00, run_after=2024-10-22 00:00:00+00:00
[2024-10-22T23:23:30.982+0000] {logging_mixin.py:190} INFO - [2024-10-22T23:23:30.982+0000] {dag.py:4180} INFO - Setting next_dagrun for read_dataset_event_from_classic to 2024-10-21 00:00:00+00:00, run_after=2024-10-22 00:00:00+00:00
[2024-10-22T23:23:30.997+0000] {processor.py:208} INFO - Processing /home/airflow/.local/lib/python3.12/site-packages/airflow/example_dags/example_inlet_event_extra.py took 0.172 seconds
[2024-10-22T23:24:01.412+0000] {processor.py:186} INFO - Started process (PID=3025) to work on /home/airflow/.local/lib/python3.12/site-packages/airflow/example_dags/example_inlet_event_extra.py
[2024-10-22T23:24:01.413+0000] {processor.py:914} INFO - Processing file /home/airflow/.local/lib/python3.12/site-packages/airflow/example_dags/example_inlet_event_extra.py for tasks to queue
[2024-10-22T23:24:01.415+0000] {logging_mixin.py:190} INFO - [2024-10-22T23:24:01.414+0000] {dagbag.py:588} INFO - Filling up the DagBag from /home/airflow/.local/lib/python3.12/site-packages/airflow/example_dags/example_inlet_event_extra.py
[2024-10-22T23:24:01.667+0000] {processor.py:925} INFO - DAG(s) 'read_dataset_event', 'read_dataset_event_from_classic' retrieved from /home/airflow/.local/lib/python3.12/site-packages/airflow/example_dags/example_inlet_event_extra.py
[2024-10-22T23:24:01.682+0000] {logging_mixin.py:190} INFO - [2024-10-22T23:24:01.681+0000] {dag.py:3239} INFO - Sync 2 DAGs
[2024-10-22T23:24:01.699+0000] {logging_mixin.py:190} INFO - [2024-10-22T23:24:01.699+0000] {dag.py:4180} INFO - Setting next_dagrun for read_dataset_event to 2024-10-21 00:00:00+00:00, run_after=2024-10-22 00:00:00+00:00
[2024-10-22T23:24:01.703+0000] {logging_mixin.py:190} INFO - [2024-10-22T23:24:01.703+0000] {dag.py:4180} INFO - Setting next_dagrun for read_dataset_event_from_classic to 2024-10-21 00:00:00+00:00, run_after=2024-10-22 00:00:00+00:00
[2024-10-22T23:24:01.717+0000] {processor.py:208} INFO - Processing /home/airflow/.local/lib/python3.12/site-packages/airflow/example_dags/example_inlet_event_extra.py took 0.310 seconds
[2024-10-22T23:24:32.185+0000] {processor.py:186} INFO - Started process (PID=3097) to work on /home/airflow/.local/lib/python3.12/site-packages/airflow/example_dags/example_inlet_event_extra.py
[2024-10-22T23:24:32.186+0000] {processor.py:914} INFO - Processing file /home/airflow/.local/lib/python3.12/site-packages/airflow/example_dags/example_inlet_event_extra.py for tasks to queue
[2024-10-22T23:24:32.188+0000] {logging_mixin.py:190} INFO - [2024-10-22T23:24:32.188+0000] {dagbag.py:588} INFO - Filling up the DagBag from /home/airflow/.local/lib/python3.12/site-packages/airflow/example_dags/example_inlet_event_extra.py
[2024-10-22T23:24:32.414+0000] {processor.py:925} INFO - DAG(s) 'read_dataset_event', 'read_dataset_event_from_classic' retrieved from /home/airflow/.local/lib/python3.12/site-packages/airflow/example_dags/example_inlet_event_extra.py
[2024-10-22T23:24:32.432+0000] {logging_mixin.py:190} INFO - [2024-10-22T23:24:32.431+0000] {dag.py:3239} INFO - Sync 2 DAGs
[2024-10-22T23:24:32.449+0000] {logging_mixin.py:190} INFO - [2024-10-22T23:24:32.448+0000] {dag.py:4180} INFO - Setting next_dagrun for read_dataset_event to 2024-10-21 00:00:00+00:00, run_after=2024-10-22 00:00:00+00:00
[2024-10-22T23:24:32.453+0000] {logging_mixin.py:190} INFO - [2024-10-22T23:24:32.452+0000] {dag.py:4180} INFO - Setting next_dagrun for read_dataset_event_from_classic to 2024-10-21 00:00:00+00:00, run_after=2024-10-22 00:00:00+00:00
[2024-10-22T23:24:32.468+0000] {processor.py:208} INFO - Processing /home/airflow/.local/lib/python3.12/site-packages/airflow/example_dags/example_inlet_event_extra.py took 0.287 seconds
[2024-10-22T23:25:02.779+0000] {processor.py:186} INFO - Started process (PID=3168) to work on /home/airflow/.local/lib/python3.12/site-packages/airflow/example_dags/example_inlet_event_extra.py
[2024-10-22T23:25:02.780+0000] {processor.py:914} INFO - Processing file /home/airflow/.local/lib/python3.12/site-packages/airflow/example_dags/example_inlet_event_extra.py for tasks to queue
[2024-10-22T23:25:02.782+0000] {logging_mixin.py:190} INFO - [2024-10-22T23:25:02.782+0000] {dagbag.py:588} INFO - Filling up the DagBag from /home/airflow/.local/lib/python3.12/site-packages/airflow/example_dags/example_inlet_event_extra.py
[2024-10-22T23:25:02.883+0000] {processor.py:925} INFO - DAG(s) 'read_dataset_event_from_classic', 'read_dataset_event' retrieved from /home/airflow/.local/lib/python3.12/site-packages/airflow/example_dags/example_inlet_event_extra.py
[2024-10-22T23:25:03.046+0000] {logging_mixin.py:190} INFO - [2024-10-22T23:25:03.046+0000] {dag.py:3239} INFO - Sync 2 DAGs
[2024-10-22T23:25:03.063+0000] {logging_mixin.py:190} INFO - [2024-10-22T23:25:03.063+0000] {dag.py:4180} INFO - Setting next_dagrun for read_dataset_event to 2024-10-21 00:00:00+00:00, run_after=2024-10-22 00:00:00+00:00
[2024-10-22T23:25:03.067+0000] {logging_mixin.py:190} INFO - [2024-10-22T23:25:03.067+0000] {dag.py:4180} INFO - Setting next_dagrun for read_dataset_event_from_classic to 2024-10-21 00:00:00+00:00, run_after=2024-10-22 00:00:00+00:00
[2024-10-22T23:25:03.081+0000] {processor.py:208} INFO - Processing /home/airflow/.local/lib/python3.12/site-packages/airflow/example_dags/example_inlet_event_extra.py took 0.307 seconds
[2024-10-22T23:25:33.532+0000] {processor.py:186} INFO - Started process (PID=3239) to work on /home/airflow/.local/lib/python3.12/site-packages/airflow/example_dags/example_inlet_event_extra.py
[2024-10-22T23:25:33.532+0000] {processor.py:914} INFO - Processing file /home/airflow/.local/lib/python3.12/site-packages/airflow/example_dags/example_inlet_event_extra.py for tasks to queue
[2024-10-22T23:25:33.534+0000] {logging_mixin.py:190} INFO - [2024-10-22T23:25:33.534+0000] {dagbag.py:588} INFO - Filling up the DagBag from /home/airflow/.local/lib/python3.12/site-packages/airflow/example_dags/example_inlet_event_extra.py
[2024-10-22T23:25:33.637+0000] {processor.py:925} INFO - DAG(s) 'read_dataset_event', 'read_dataset_event_from_classic' retrieved from /home/airflow/.local/lib/python3.12/site-packages/airflow/example_dags/example_inlet_event_extra.py
[2024-10-22T23:25:33.790+0000] {logging_mixin.py:190} INFO - [2024-10-22T23:25:33.790+0000] {dag.py:3239} INFO - Sync 2 DAGs
[2024-10-22T23:25:33.807+0000] {logging_mixin.py:190} INFO - [2024-10-22T23:25:33.807+0000] {dag.py:4180} INFO - Setting next_dagrun for read_dataset_event to 2024-10-21 00:00:00+00:00, run_after=2024-10-22 00:00:00+00:00
[2024-10-22T23:25:33.811+0000] {logging_mixin.py:190} INFO - [2024-10-22T23:25:33.811+0000] {dag.py:4180} INFO - Setting next_dagrun for read_dataset_event_from_classic to 2024-10-21 00:00:00+00:00, run_after=2024-10-22 00:00:00+00:00
[2024-10-22T23:25:33.826+0000] {processor.py:208} INFO - Processing /home/airflow/.local/lib/python3.12/site-packages/airflow/example_dags/example_inlet_event_extra.py took 0.299 seconds
[2024-10-22T23:26:04.296+0000] {processor.py:186} INFO - Started process (PID=3310) to work on /home/airflow/.local/lib/python3.12/site-packages/airflow/example_dags/example_inlet_event_extra.py
[2024-10-22T23:26:04.297+0000] {processor.py:914} INFO - Processing file /home/airflow/.local/lib/python3.12/site-packages/airflow/example_dags/example_inlet_event_extra.py for tasks to queue
[2024-10-22T23:26:04.299+0000] {logging_mixin.py:190} INFO - [2024-10-22T23:26:04.299+0000] {dagbag.py:588} INFO - Filling up the DagBag from /home/airflow/.local/lib/python3.12/site-packages/airflow/example_dags/example_inlet_event_extra.py
[2024-10-22T23:26:04.521+0000] {processor.py:925} INFO - DAG(s) 'read_dataset_event', 'read_dataset_event_from_classic' retrieved from /home/airflow/.local/lib/python3.12/site-packages/airflow/example_dags/example_inlet_event_extra.py
[2024-10-22T23:26:04.536+0000] {logging_mixin.py:190} INFO - [2024-10-22T23:26:04.536+0000] {dag.py:3239} INFO - Sync 2 DAGs
[2024-10-22T23:26:04.556+0000] {logging_mixin.py:190} INFO - [2024-10-22T23:26:04.556+0000] {dag.py:4180} INFO - Setting next_dagrun for read_dataset_event to 2024-10-21 00:00:00+00:00, run_after=2024-10-22 00:00:00+00:00
[2024-10-22T23:26:04.560+0000] {logging_mixin.py:190} INFO - [2024-10-22T23:26:04.559+0000] {dag.py:4180} INFO - Setting next_dagrun for read_dataset_event_from_classic to 2024-10-21 00:00:00+00:00, run_after=2024-10-22 00:00:00+00:00
[2024-10-22T23:26:04.575+0000] {processor.py:208} INFO - Processing /home/airflow/.local/lib/python3.12/site-packages/airflow/example_dags/example_inlet_event_extra.py took 0.284 seconds
[2024-10-22T23:26:35.152+0000] {processor.py:186} INFO - Started process (PID=3381) to work on /home/airflow/.local/lib/python3.12/site-packages/airflow/example_dags/example_inlet_event_extra.py
[2024-10-22T23:26:35.153+0000] {processor.py:914} INFO - Processing file /home/airflow/.local/lib/python3.12/site-packages/airflow/example_dags/example_inlet_event_extra.py for tasks to queue
[2024-10-22T23:26:35.155+0000] {logging_mixin.py:190} INFO - [2024-10-22T23:26:35.154+0000] {dagbag.py:588} INFO - Filling up the DagBag from /home/airflow/.local/lib/python3.12/site-packages/airflow/example_dags/example_inlet_event_extra.py
[2024-10-22T23:26:35.378+0000] {processor.py:925} INFO - DAG(s) 'read_dataset_event', 'read_dataset_event_from_classic' retrieved from /home/airflow/.local/lib/python3.12/site-packages/airflow/example_dags/example_inlet_event_extra.py
[2024-10-22T23:26:35.394+0000] {logging_mixin.py:190} INFO - [2024-10-22T23:26:35.394+0000] {dag.py:3239} INFO - Sync 2 DAGs
[2024-10-22T23:26:35.412+0000] {logging_mixin.py:190} INFO - [2024-10-22T23:26:35.412+0000] {dag.py:4180} INFO - Setting next_dagrun for read_dataset_event to 2024-10-21 00:00:00+00:00, run_after=2024-10-22 00:00:00+00:00
[2024-10-22T23:26:35.416+0000] {logging_mixin.py:190} INFO - [2024-10-22T23:26:35.415+0000] {dag.py:4180} INFO - Setting next_dagrun for read_dataset_event_from_classic to 2024-10-21 00:00:00+00:00, run_after=2024-10-22 00:00:00+00:00
[2024-10-22T23:26:35.429+0000] {processor.py:208} INFO - Processing /home/airflow/.local/lib/python3.12/site-packages/airflow/example_dags/example_inlet_event_extra.py took 0.282 seconds
[2024-10-22T23:27:05.889+0000] {processor.py:186} INFO - Started process (PID=3452) to work on /home/airflow/.local/lib/python3.12/site-packages/airflow/example_dags/example_inlet_event_extra.py
[2024-10-22T23:27:05.890+0000] {processor.py:914} INFO - Processing file /home/airflow/.local/lib/python3.12/site-packages/airflow/example_dags/example_inlet_event_extra.py for tasks to queue
[2024-10-22T23:27:05.892+0000] {logging_mixin.py:190} INFO - [2024-10-22T23:27:05.892+0000] {dagbag.py:588} INFO - Filling up the DagBag from /home/airflow/.local/lib/python3.12/site-packages/airflow/example_dags/example_inlet_event_extra.py
[2024-10-22T23:27:06.115+0000] {processor.py:925} INFO - DAG(s) 'read_dataset_event', 'read_dataset_event_from_classic' retrieved from /home/airflow/.local/lib/python3.12/site-packages/airflow/example_dags/example_inlet_event_extra.py
[2024-10-22T23:27:06.131+0000] {logging_mixin.py:190} INFO - [2024-10-22T23:27:06.131+0000] {dag.py:3239} INFO - Sync 2 DAGs
[2024-10-22T23:27:06.148+0000] {logging_mixin.py:190} INFO - [2024-10-22T23:27:06.148+0000] {dag.py:4180} INFO - Setting next_dagrun for read_dataset_event to 2024-10-21 00:00:00+00:00, run_after=2024-10-22 00:00:00+00:00
[2024-10-22T23:27:06.152+0000] {logging_mixin.py:190} INFO - [2024-10-22T23:27:06.152+0000] {dag.py:4180} INFO - Setting next_dagrun for read_dataset_event_from_classic to 2024-10-21 00:00:00+00:00, run_after=2024-10-22 00:00:00+00:00
[2024-10-22T23:27:06.168+0000] {processor.py:208} INFO - Processing /home/airflow/.local/lib/python3.12/site-packages/airflow/example_dags/example_inlet_event_extra.py took 0.283 seconds
[2024-10-22T23:27:36.549+0000] {processor.py:186} INFO - Started process (PID=3523) to work on /home/airflow/.local/lib/python3.12/site-packages/airflow/example_dags/example_inlet_event_extra.py
[2024-10-22T23:27:36.550+0000] {processor.py:914} INFO - Processing file /home/airflow/.local/lib/python3.12/site-packages/airflow/example_dags/example_inlet_event_extra.py for tasks to queue
[2024-10-22T23:27:36.552+0000] {logging_mixin.py:190} INFO - [2024-10-22T23:27:36.552+0000] {dagbag.py:588} INFO - Filling up the DagBag from /home/airflow/.local/lib/python3.12/site-packages/airflow/example_dags/example_inlet_event_extra.py
[2024-10-22T23:27:36.774+0000] {processor.py:925} INFO - DAG(s) 'read_dataset_event_from_classic', 'read_dataset_event' retrieved from /home/airflow/.local/lib/python3.12/site-packages/airflow/example_dags/example_inlet_event_extra.py
[2024-10-22T23:27:36.790+0000] {logging_mixin.py:190} INFO - [2024-10-22T23:27:36.790+0000] {dag.py:3239} INFO - Sync 2 DAGs
[2024-10-22T23:27:36.808+0000] {logging_mixin.py:190} INFO - [2024-10-22T23:27:36.808+0000] {dag.py:4180} INFO - Setting next_dagrun for read_dataset_event to 2024-10-21 00:00:00+00:00, run_after=2024-10-22 00:00:00+00:00
[2024-10-22T23:27:36.812+0000] {logging_mixin.py:190} INFO - [2024-10-22T23:27:36.812+0000] {dag.py:4180} INFO - Setting next_dagrun for read_dataset_event_from_classic to 2024-10-21 00:00:00+00:00, run_after=2024-10-22 00:00:00+00:00
[2024-10-22T23:27:36.827+0000] {processor.py:208} INFO - Processing /home/airflow/.local/lib/python3.12/site-packages/airflow/example_dags/example_inlet_event_extra.py took 0.282 seconds
[2024-10-22T23:28:07.375+0000] {processor.py:186} INFO - Started process (PID=3594) to work on /home/airflow/.local/lib/python3.12/site-packages/airflow/example_dags/example_inlet_event_extra.py
[2024-10-22T23:28:07.375+0000] {processor.py:914} INFO - Processing file /home/airflow/.local/lib/python3.12/site-packages/airflow/example_dags/example_inlet_event_extra.py for tasks to queue
[2024-10-22T23:28:07.377+0000] {logging_mixin.py:190} INFO - [2024-10-22T23:28:07.377+0000] {dagbag.py:588} INFO - Filling up the DagBag from /home/airflow/.local/lib/python3.12/site-packages/airflow/example_dags/example_inlet_event_extra.py
[2024-10-22T23:28:07.612+0000] {processor.py:925} INFO - DAG(s) 'read_dataset_event', 'read_dataset_event_from_classic' retrieved from /home/airflow/.local/lib/python3.12/site-packages/airflow/example_dags/example_inlet_event_extra.py
[2024-10-22T23:28:07.629+0000] {logging_mixin.py:190} INFO - [2024-10-22T23:28:07.629+0000] {dag.py:3239} INFO - Sync 2 DAGs
[2024-10-22T23:28:07.647+0000] {logging_mixin.py:190} INFO - [2024-10-22T23:28:07.647+0000] {dag.py:4180} INFO - Setting next_dagrun for read_dataset_event to 2024-10-21 00:00:00+00:00, run_after=2024-10-22 00:00:00+00:00
[2024-10-22T23:28:07.651+0000] {logging_mixin.py:190} INFO - [2024-10-22T23:28:07.651+0000] {dag.py:4180} INFO - Setting next_dagrun for read_dataset_event_from_classic to 2024-10-21 00:00:00+00:00, run_after=2024-10-22 00:00:00+00:00
[2024-10-22T23:28:07.665+0000] {processor.py:208} INFO - Processing /home/airflow/.local/lib/python3.12/site-packages/airflow/example_dags/example_inlet_event_extra.py took 0.295 seconds
[2024-10-22T23:28:37.900+0000] {processor.py:186} INFO - Started process (PID=3665) to work on /home/airflow/.local/lib/python3.12/site-packages/airflow/example_dags/example_inlet_event_extra.py
[2024-10-22T23:28:37.902+0000] {processor.py:914} INFO - Processing file /home/airflow/.local/lib/python3.12/site-packages/airflow/example_dags/example_inlet_event_extra.py for tasks to queue
[2024-10-22T23:28:37.904+0000] {logging_mixin.py:190} INFO - [2024-10-22T23:28:37.904+0000] {dagbag.py:588} INFO - Filling up the DagBag from /home/airflow/.local/lib/python3.12/site-packages/airflow/example_dags/example_inlet_event_extra.py
[2024-10-22T23:28:38.175+0000] {processor.py:925} INFO - DAG(s) 'read_dataset_event_from_classic', 'read_dataset_event' retrieved from /home/airflow/.local/lib/python3.12/site-packages/airflow/example_dags/example_inlet_event_extra.py
[2024-10-22T23:28:38.191+0000] {logging_mixin.py:190} INFO - [2024-10-22T23:28:38.191+0000] {dag.py:3239} INFO - Sync 2 DAGs
[2024-10-22T23:28:38.209+0000] {logging_mixin.py:190} INFO - [2024-10-22T23:28:38.209+0000] {dag.py:4180} INFO - Setting next_dagrun for read_dataset_event to 2024-10-21 00:00:00+00:00, run_after=2024-10-22 00:00:00+00:00
[2024-10-22T23:28:38.213+0000] {logging_mixin.py:190} INFO - [2024-10-22T23:28:38.213+0000] {dag.py:4180} INFO - Setting next_dagrun for read_dataset_event_from_classic to 2024-10-21 00:00:00+00:00, run_after=2024-10-22 00:00:00+00:00
[2024-10-22T23:28:38.227+0000] {processor.py:208} INFO - Processing /home/airflow/.local/lib/python3.12/site-packages/airflow/example_dags/example_inlet_event_extra.py took 0.333 seconds
[2024-10-22T23:29:08.449+0000] {processor.py:186} INFO - Started process (PID=3736) to work on /home/airflow/.local/lib/python3.12/site-packages/airflow/example_dags/example_inlet_event_extra.py
[2024-10-22T23:29:08.450+0000] {processor.py:914} INFO - Processing file /home/airflow/.local/lib/python3.12/site-packages/airflow/example_dags/example_inlet_event_extra.py for tasks to queue
[2024-10-22T23:29:08.452+0000] {logging_mixin.py:190} INFO - [2024-10-22T23:29:08.452+0000] {dagbag.py:588} INFO - Filling up the DagBag from /home/airflow/.local/lib/python3.12/site-packages/airflow/example_dags/example_inlet_event_extra.py
[2024-10-22T23:29:08.682+0000] {processor.py:925} INFO - DAG(s) 'read_dataset_event_from_classic', 'read_dataset_event' retrieved from /home/airflow/.local/lib/python3.12/site-packages/airflow/example_dags/example_inlet_event_extra.py
[2024-10-22T23:29:08.700+0000] {logging_mixin.py:190} INFO - [2024-10-22T23:29:08.700+0000] {dag.py:3239} INFO - Sync 2 DAGs
[2024-10-22T23:29:08.718+0000] {logging_mixin.py:190} INFO - [2024-10-22T23:29:08.718+0000] {dag.py:4180} INFO - Setting next_dagrun for read_dataset_event to 2024-10-21 00:00:00+00:00, run_after=2024-10-22 00:00:00+00:00
[2024-10-22T23:29:08.723+0000] {logging_mixin.py:190} INFO - [2024-10-22T23:29:08.723+0000] {dag.py:4180} INFO - Setting next_dagrun for read_dataset_event_from_classic to 2024-10-21 00:00:00+00:00, run_after=2024-10-22 00:00:00+00:00
[2024-10-22T23:29:08.737+0000] {processor.py:208} INFO - Processing /home/airflow/.local/lib/python3.12/site-packages/airflow/example_dags/example_inlet_event_extra.py took 0.292 seconds
