[2024-10-22T23:02:38.828+0000] {processor.py:186} INFO - Started process (PID=82) to work on /home/airflow/.local/lib/python3.12/site-packages/airflow/example_dags/example_bash_operator.py
[2024-10-22T23:02:38.829+0000] {processor.py:914} INFO - Processing file /home/airflow/.local/lib/python3.12/site-packages/airflow/example_dags/example_bash_operator.py for tasks to queue
[2024-10-22T23:02:38.832+0000] {logging_mixin.py:190} INFO - [2024-10-22T23:02:38.831+0000] {dagbag.py:588} INFO - Filling up the DagBag from /home/airflow/.local/lib/python3.12/site-packages/airflow/example_dags/example_bash_operator.py
[2024-10-22T23:02:38.845+0000] {processor.py:925} INFO - DAG(s) 'example_bash_operator' retrieved from /home/airflow/.local/lib/python3.12/site-packages/airflow/example_dags/example_bash_operator.py
[2024-10-22T23:02:38.872+0000] {logging_mixin.py:190} INFO - [2024-10-22T23:02:38.871+0000] {dag.py:3239} INFO - Sync 1 DAGs
[2024-10-22T23:02:38.897+0000] {logging_mixin.py:190} INFO - [2024-10-22T23:02:38.897+0000] {dag.py:4180} INFO - Setting next_dagrun for example_bash_operator to 2024-10-21 00:00:00+00:00, run_after=2024-10-22 00:00:00+00:00
[2024-10-22T23:02:38.912+0000] {processor.py:208} INFO - Processing /home/airflow/.local/lib/python3.12/site-packages/airflow/example_dags/example_bash_operator.py took 0.088 seconds
[2024-10-22T23:03:10.151+0000] {processor.py:186} INFO - Started process (PID=158) to work on /home/airflow/.local/lib/python3.12/site-packages/airflow/example_dags/example_bash_operator.py
[2024-10-22T23:03:10.152+0000] {processor.py:914} INFO - Processing file /home/airflow/.local/lib/python3.12/site-packages/airflow/example_dags/example_bash_operator.py for tasks to queue
[2024-10-22T23:03:10.154+0000] {logging_mixin.py:190} INFO - [2024-10-22T23:03:10.154+0000] {dagbag.py:588} INFO - Filling up the DagBag from /home/airflow/.local/lib/python3.12/site-packages/airflow/example_dags/example_bash_operator.py
[2024-10-22T23:03:10.165+0000] {processor.py:925} INFO - DAG(s) 'example_bash_operator' retrieved from /home/airflow/.local/lib/python3.12/site-packages/airflow/example_dags/example_bash_operator.py
[2024-10-22T23:03:10.190+0000] {logging_mixin.py:190} INFO - [2024-10-22T23:03:10.190+0000] {dag.py:3239} INFO - Sync 1 DAGs
[2024-10-22T23:03:10.218+0000] {logging_mixin.py:190} INFO - [2024-10-22T23:03:10.218+0000] {dag.py:4180} INFO - Setting next_dagrun for example_bash_operator to 2024-10-21 00:00:00+00:00, run_after=2024-10-22 00:00:00+00:00
[2024-10-22T23:03:10.243+0000] {processor.py:208} INFO - Processing /home/airflow/.local/lib/python3.12/site-packages/airflow/example_dags/example_bash_operator.py took 0.098 seconds
[2024-10-22T23:03:40.429+0000] {processor.py:186} INFO - Started process (PID=228) to work on /home/airflow/.local/lib/python3.12/site-packages/airflow/example_dags/example_bash_operator.py
[2024-10-22T23:03:40.430+0000] {processor.py:914} INFO - Processing file /home/airflow/.local/lib/python3.12/site-packages/airflow/example_dags/example_bash_operator.py for tasks to queue
[2024-10-22T23:03:40.432+0000] {logging_mixin.py:190} INFO - [2024-10-22T23:03:40.432+0000] {dagbag.py:588} INFO - Filling up the DagBag from /home/airflow/.local/lib/python3.12/site-packages/airflow/example_dags/example_bash_operator.py
[2024-10-22T23:03:40.443+0000] {processor.py:925} INFO - DAG(s) 'example_bash_operator' retrieved from /home/airflow/.local/lib/python3.12/site-packages/airflow/example_dags/example_bash_operator.py
[2024-10-22T23:03:40.468+0000] {logging_mixin.py:190} INFO - [2024-10-22T23:03:40.467+0000] {dag.py:3239} INFO - Sync 1 DAGs
[2024-10-22T23:03:40.487+0000] {logging_mixin.py:190} INFO - [2024-10-22T23:03:40.487+0000] {dag.py:4180} INFO - Setting next_dagrun for example_bash_operator to 2024-10-21 00:00:00+00:00, run_after=2024-10-22 00:00:00+00:00
[2024-10-22T23:03:40.504+0000] {processor.py:208} INFO - Processing /home/airflow/.local/lib/python3.12/site-packages/airflow/example_dags/example_bash_operator.py took 0.079 seconds
[2024-10-22T23:04:10.964+0000] {processor.py:186} INFO - Started process (PID=298) to work on /home/airflow/.local/lib/python3.12/site-packages/airflow/example_dags/example_bash_operator.py
[2024-10-22T23:04:10.965+0000] {processor.py:914} INFO - Processing file /home/airflow/.local/lib/python3.12/site-packages/airflow/example_dags/example_bash_operator.py for tasks to queue
[2024-10-22T23:04:10.967+0000] {logging_mixin.py:190} INFO - [2024-10-22T23:04:10.967+0000] {dagbag.py:588} INFO - Filling up the DagBag from /home/airflow/.local/lib/python3.12/site-packages/airflow/example_dags/example_bash_operator.py
[2024-10-22T23:04:10.977+0000] {processor.py:925} INFO - DAG(s) 'example_bash_operator' retrieved from /home/airflow/.local/lib/python3.12/site-packages/airflow/example_dags/example_bash_operator.py
[2024-10-22T23:04:11.000+0000] {logging_mixin.py:190} INFO - [2024-10-22T23:04:11.000+0000] {dag.py:3239} INFO - Sync 1 DAGs
[2024-10-22T23:04:11.019+0000] {logging_mixin.py:190} INFO - [2024-10-22T23:04:11.019+0000] {dag.py:4180} INFO - Setting next_dagrun for example_bash_operator to 2024-10-21 00:00:00+00:00, run_after=2024-10-22 00:00:00+00:00
[2024-10-22T23:04:11.034+0000] {processor.py:208} INFO - Processing /home/airflow/.local/lib/python3.12/site-packages/airflow/example_dags/example_bash_operator.py took 0.075 seconds
[2024-10-22T23:04:41.273+0000] {processor.py:186} INFO - Started process (PID=368) to work on /home/airflow/.local/lib/python3.12/site-packages/airflow/example_dags/example_bash_operator.py
[2024-10-22T23:04:41.274+0000] {processor.py:914} INFO - Processing file /home/airflow/.local/lib/python3.12/site-packages/airflow/example_dags/example_bash_operator.py for tasks to queue
[2024-10-22T23:04:41.276+0000] {logging_mixin.py:190} INFO - [2024-10-22T23:04:41.276+0000] {dagbag.py:588} INFO - Filling up the DagBag from /home/airflow/.local/lib/python3.12/site-packages/airflow/example_dags/example_bash_operator.py
[2024-10-22T23:04:41.287+0000] {processor.py:925} INFO - DAG(s) 'example_bash_operator' retrieved from /home/airflow/.local/lib/python3.12/site-packages/airflow/example_dags/example_bash_operator.py
[2024-10-22T23:04:41.311+0000] {logging_mixin.py:190} INFO - [2024-10-22T23:04:41.311+0000] {dag.py:3239} INFO - Sync 1 DAGs
[2024-10-22T23:04:41.331+0000] {logging_mixin.py:190} INFO - [2024-10-22T23:04:41.331+0000] {dag.py:4180} INFO - Setting next_dagrun for example_bash_operator to 2024-10-21 00:00:00+00:00, run_after=2024-10-22 00:00:00+00:00
[2024-10-22T23:04:41.349+0000] {processor.py:208} INFO - Processing /home/airflow/.local/lib/python3.12/site-packages/airflow/example_dags/example_bash_operator.py took 0.081 seconds
[2024-10-22T23:05:11.959+0000] {processor.py:186} INFO - Started process (PID=438) to work on /home/airflow/.local/lib/python3.12/site-packages/airflow/example_dags/example_bash_operator.py
[2024-10-22T23:05:11.960+0000] {processor.py:914} INFO - Processing file /home/airflow/.local/lib/python3.12/site-packages/airflow/example_dags/example_bash_operator.py for tasks to queue
[2024-10-22T23:05:11.962+0000] {logging_mixin.py:190} INFO - [2024-10-22T23:05:11.962+0000] {dagbag.py:588} INFO - Filling up the DagBag from /home/airflow/.local/lib/python3.12/site-packages/airflow/example_dags/example_bash_operator.py
[2024-10-22T23:05:11.974+0000] {processor.py:925} INFO - DAG(s) 'example_bash_operator' retrieved from /home/airflow/.local/lib/python3.12/site-packages/airflow/example_dags/example_bash_operator.py
[2024-10-22T23:05:11.997+0000] {logging_mixin.py:190} INFO - [2024-10-22T23:05:11.997+0000] {dag.py:3239} INFO - Sync 1 DAGs
[2024-10-22T23:05:12.016+0000] {logging_mixin.py:190} INFO - [2024-10-22T23:05:12.015+0000] {dag.py:4180} INFO - Setting next_dagrun for example_bash_operator to 2024-10-21 00:00:00+00:00, run_after=2024-10-22 00:00:00+00:00
[2024-10-22T23:05:12.033+0000] {processor.py:208} INFO - Processing /home/airflow/.local/lib/python3.12/site-packages/airflow/example_dags/example_bash_operator.py took 0.080 seconds
[2024-10-22T23:05:42.471+0000] {processor.py:186} INFO - Started process (PID=508) to work on /home/airflow/.local/lib/python3.12/site-packages/airflow/example_dags/example_bash_operator.py
[2024-10-22T23:05:42.472+0000] {processor.py:914} INFO - Processing file /home/airflow/.local/lib/python3.12/site-packages/airflow/example_dags/example_bash_operator.py for tasks to queue
[2024-10-22T23:05:42.474+0000] {logging_mixin.py:190} INFO - [2024-10-22T23:05:42.474+0000] {dagbag.py:588} INFO - Filling up the DagBag from /home/airflow/.local/lib/python3.12/site-packages/airflow/example_dags/example_bash_operator.py
[2024-10-22T23:05:42.486+0000] {processor.py:925} INFO - DAG(s) 'example_bash_operator' retrieved from /home/airflow/.local/lib/python3.12/site-packages/airflow/example_dags/example_bash_operator.py
[2024-10-22T23:05:42.509+0000] {logging_mixin.py:190} INFO - [2024-10-22T23:05:42.509+0000] {dag.py:3239} INFO - Sync 1 DAGs
[2024-10-22T23:05:42.528+0000] {logging_mixin.py:190} INFO - [2024-10-22T23:05:42.528+0000] {dag.py:4180} INFO - Setting next_dagrun for example_bash_operator to 2024-10-21 00:00:00+00:00, run_after=2024-10-22 00:00:00+00:00
[2024-10-22T23:05:42.547+0000] {processor.py:208} INFO - Processing /home/airflow/.local/lib/python3.12/site-packages/airflow/example_dags/example_bash_operator.py took 0.083 seconds
[2024-10-22T23:06:12.796+0000] {processor.py:186} INFO - Started process (PID=578) to work on /home/airflow/.local/lib/python3.12/site-packages/airflow/example_dags/example_bash_operator.py
[2024-10-22T23:06:12.797+0000] {processor.py:914} INFO - Processing file /home/airflow/.local/lib/python3.12/site-packages/airflow/example_dags/example_bash_operator.py for tasks to queue
[2024-10-22T23:06:12.800+0000] {logging_mixin.py:190} INFO - [2024-10-22T23:06:12.799+0000] {dagbag.py:588} INFO - Filling up the DagBag from /home/airflow/.local/lib/python3.12/site-packages/airflow/example_dags/example_bash_operator.py
[2024-10-22T23:06:12.810+0000] {processor.py:925} INFO - DAG(s) 'example_bash_operator' retrieved from /home/airflow/.local/lib/python3.12/site-packages/airflow/example_dags/example_bash_operator.py
[2024-10-22T23:06:12.835+0000] {logging_mixin.py:190} INFO - [2024-10-22T23:06:12.835+0000] {dag.py:3239} INFO - Sync 1 DAGs
[2024-10-22T23:06:12.856+0000] {logging_mixin.py:190} INFO - [2024-10-22T23:06:12.856+0000] {dag.py:4180} INFO - Setting next_dagrun for example_bash_operator to 2024-10-21 00:00:00+00:00, run_after=2024-10-22 00:00:00+00:00
[2024-10-22T23:06:12.872+0000] {processor.py:208} INFO - Processing /home/airflow/.local/lib/python3.12/site-packages/airflow/example_dags/example_bash_operator.py took 0.081 seconds
[2024-10-22T23:06:43.002+0000] {processor.py:186} INFO - Started process (PID=648) to work on /home/airflow/.local/lib/python3.12/site-packages/airflow/example_dags/example_bash_operator.py
[2024-10-22T23:06:43.004+0000] {processor.py:914} INFO - Processing file /home/airflow/.local/lib/python3.12/site-packages/airflow/example_dags/example_bash_operator.py for tasks to queue
[2024-10-22T23:06:43.006+0000] {logging_mixin.py:190} INFO - [2024-10-22T23:06:43.006+0000] {dagbag.py:588} INFO - Filling up the DagBag from /home/airflow/.local/lib/python3.12/site-packages/airflow/example_dags/example_bash_operator.py
[2024-10-22T23:06:43.019+0000] {processor.py:925} INFO - DAG(s) 'example_bash_operator' retrieved from /home/airflow/.local/lib/python3.12/site-packages/airflow/example_dags/example_bash_operator.py
[2024-10-22T23:06:43.041+0000] {logging_mixin.py:190} INFO - [2024-10-22T23:06:43.041+0000] {dag.py:3239} INFO - Sync 1 DAGs
[2024-10-22T23:06:43.061+0000] {logging_mixin.py:190} INFO - [2024-10-22T23:06:43.061+0000] {dag.py:4180} INFO - Setting next_dagrun for example_bash_operator to 2024-10-21 00:00:00+00:00, run_after=2024-10-22 00:00:00+00:00
[2024-10-22T23:06:43.078+0000] {processor.py:208} INFO - Processing /home/airflow/.local/lib/python3.12/site-packages/airflow/example_dags/example_bash_operator.py took 0.081 seconds
[2024-10-22T23:07:13.586+0000] {processor.py:186} INFO - Started process (PID=719) to work on /home/airflow/.local/lib/python3.12/site-packages/airflow/example_dags/example_bash_operator.py
[2024-10-22T23:07:13.587+0000] {processor.py:914} INFO - Processing file /home/airflow/.local/lib/python3.12/site-packages/airflow/example_dags/example_bash_operator.py for tasks to queue
[2024-10-22T23:07:13.589+0000] {logging_mixin.py:190} INFO - [2024-10-22T23:07:13.589+0000] {dagbag.py:588} INFO - Filling up the DagBag from /home/airflow/.local/lib/python3.12/site-packages/airflow/example_dags/example_bash_operator.py
[2024-10-22T23:07:13.600+0000] {processor.py:925} INFO - DAG(s) 'example_bash_operator' retrieved from /home/airflow/.local/lib/python3.12/site-packages/airflow/example_dags/example_bash_operator.py
[2024-10-22T23:07:13.625+0000] {logging_mixin.py:190} INFO - [2024-10-22T23:07:13.625+0000] {dag.py:3239} INFO - Sync 1 DAGs
[2024-10-22T23:07:13.641+0000] {logging_mixin.py:190} INFO - [2024-10-22T23:07:13.641+0000] {dag.py:4180} INFO - Setting next_dagrun for example_bash_operator to 2024-10-21 00:00:00+00:00, run_after=2024-10-22 00:00:00+00:00
[2024-10-22T23:07:13.659+0000] {processor.py:208} INFO - Processing /home/airflow/.local/lib/python3.12/site-packages/airflow/example_dags/example_bash_operator.py took 0.085 seconds
[2024-10-22T23:07:44.346+0000] {processor.py:186} INFO - Started process (PID=789) to work on /home/airflow/.local/lib/python3.12/site-packages/airflow/example_dags/example_bash_operator.py
[2024-10-22T23:07:44.348+0000] {processor.py:914} INFO - Processing file /home/airflow/.local/lib/python3.12/site-packages/airflow/example_dags/example_bash_operator.py for tasks to queue
[2024-10-22T23:07:44.363+0000] {logging_mixin.py:190} INFO - [2024-10-22T23:07:44.363+0000] {dagbag.py:588} INFO - Filling up the DagBag from /home/airflow/.local/lib/python3.12/site-packages/airflow/example_dags/example_bash_operator.py
[2024-10-22T23:07:44.376+0000] {processor.py:925} INFO - DAG(s) 'example_bash_operator' retrieved from /home/airflow/.local/lib/python3.12/site-packages/airflow/example_dags/example_bash_operator.py
[2024-10-22T23:07:44.405+0000] {logging_mixin.py:190} INFO - [2024-10-22T23:07:44.405+0000] {dag.py:3239} INFO - Sync 1 DAGs
[2024-10-22T23:07:44.425+0000] {logging_mixin.py:190} INFO - [2024-10-22T23:07:44.425+0000] {dag.py:4180} INFO - Setting next_dagrun for example_bash_operator to 2024-10-21 00:00:00+00:00, run_after=2024-10-22 00:00:00+00:00
[2024-10-22T23:07:44.442+0000] {processor.py:208} INFO - Processing /home/airflow/.local/lib/python3.12/site-packages/airflow/example_dags/example_bash_operator.py took 0.100 seconds
[2024-10-22T23:08:14.824+0000] {processor.py:186} INFO - Started process (PID=859) to work on /home/airflow/.local/lib/python3.12/site-packages/airflow/example_dags/example_bash_operator.py
[2024-10-22T23:08:14.825+0000] {processor.py:914} INFO - Processing file /home/airflow/.local/lib/python3.12/site-packages/airflow/example_dags/example_bash_operator.py for tasks to queue
[2024-10-22T23:08:14.827+0000] {logging_mixin.py:190} INFO - [2024-10-22T23:08:14.827+0000] {dagbag.py:588} INFO - Filling up the DagBag from /home/airflow/.local/lib/python3.12/site-packages/airflow/example_dags/example_bash_operator.py
[2024-10-22T23:08:14.838+0000] {processor.py:925} INFO - DAG(s) 'example_bash_operator' retrieved from /home/airflow/.local/lib/python3.12/site-packages/airflow/example_dags/example_bash_operator.py
[2024-10-22T23:08:14.877+0000] {logging_mixin.py:190} INFO - [2024-10-22T23:08:14.876+0000] {dag.py:3239} INFO - Sync 1 DAGs
[2024-10-22T23:08:14.898+0000] {logging_mixin.py:190} INFO - [2024-10-22T23:08:14.898+0000] {dag.py:4180} INFO - Setting next_dagrun for example_bash_operator to 2024-10-21 00:00:00+00:00, run_after=2024-10-22 00:00:00+00:00
[2024-10-22T23:08:14.916+0000] {processor.py:208} INFO - Processing /home/airflow/.local/lib/python3.12/site-packages/airflow/example_dags/example_bash_operator.py took 0.097 seconds
[2024-10-22T23:08:45.592+0000] {processor.py:186} INFO - Started process (PID=929) to work on /home/airflow/.local/lib/python3.12/site-packages/airflow/example_dags/example_bash_operator.py
[2024-10-22T23:08:45.593+0000] {processor.py:914} INFO - Processing file /home/airflow/.local/lib/python3.12/site-packages/airflow/example_dags/example_bash_operator.py for tasks to queue
[2024-10-22T23:08:45.595+0000] {logging_mixin.py:190} INFO - [2024-10-22T23:08:45.595+0000] {dagbag.py:588} INFO - Filling up the DagBag from /home/airflow/.local/lib/python3.12/site-packages/airflow/example_dags/example_bash_operator.py
[2024-10-22T23:08:45.608+0000] {processor.py:925} INFO - DAG(s) 'example_bash_operator' retrieved from /home/airflow/.local/lib/python3.12/site-packages/airflow/example_dags/example_bash_operator.py
[2024-10-22T23:08:45.634+0000] {logging_mixin.py:190} INFO - [2024-10-22T23:08:45.634+0000] {dag.py:3239} INFO - Sync 1 DAGs
[2024-10-22T23:08:45.659+0000] {logging_mixin.py:190} INFO - [2024-10-22T23:08:45.659+0000] {dag.py:4180} INFO - Setting next_dagrun for example_bash_operator to 2024-10-21 00:00:00+00:00, run_after=2024-10-22 00:00:00+00:00
[2024-10-22T23:08:45.678+0000] {processor.py:208} INFO - Processing /home/airflow/.local/lib/python3.12/site-packages/airflow/example_dags/example_bash_operator.py took 0.092 seconds
[2024-10-22T23:09:16.261+0000] {processor.py:186} INFO - Started process (PID=999) to work on /home/airflow/.local/lib/python3.12/site-packages/airflow/example_dags/example_bash_operator.py
[2024-10-22T23:09:16.262+0000] {processor.py:914} INFO - Processing file /home/airflow/.local/lib/python3.12/site-packages/airflow/example_dags/example_bash_operator.py for tasks to queue
[2024-10-22T23:09:16.264+0000] {logging_mixin.py:190} INFO - [2024-10-22T23:09:16.264+0000] {dagbag.py:588} INFO - Filling up the DagBag from /home/airflow/.local/lib/python3.12/site-packages/airflow/example_dags/example_bash_operator.py
[2024-10-22T23:09:16.277+0000] {processor.py:925} INFO - DAG(s) 'example_bash_operator' retrieved from /home/airflow/.local/lib/python3.12/site-packages/airflow/example_dags/example_bash_operator.py
[2024-10-22T23:09:16.299+0000] {logging_mixin.py:190} INFO - [2024-10-22T23:09:16.299+0000] {dag.py:3239} INFO - Sync 1 DAGs
[2024-10-22T23:09:16.323+0000] {logging_mixin.py:190} INFO - [2024-10-22T23:09:16.323+0000] {dag.py:4180} INFO - Setting next_dagrun for example_bash_operator to 2024-10-21 00:00:00+00:00, run_after=2024-10-22 00:00:00+00:00
[2024-10-22T23:09:16.344+0000] {processor.py:208} INFO - Processing /home/airflow/.local/lib/python3.12/site-packages/airflow/example_dags/example_bash_operator.py took 0.089 seconds
[2024-10-22T23:09:46.776+0000] {processor.py:186} INFO - Started process (PID=1069) to work on /home/airflow/.local/lib/python3.12/site-packages/airflow/example_dags/example_bash_operator.py
[2024-10-22T23:09:46.777+0000] {processor.py:914} INFO - Processing file /home/airflow/.local/lib/python3.12/site-packages/airflow/example_dags/example_bash_operator.py for tasks to queue
[2024-10-22T23:09:46.779+0000] {logging_mixin.py:190} INFO - [2024-10-22T23:09:46.779+0000] {dagbag.py:588} INFO - Filling up the DagBag from /home/airflow/.local/lib/python3.12/site-packages/airflow/example_dags/example_bash_operator.py
[2024-10-22T23:09:46.792+0000] {processor.py:925} INFO - DAG(s) 'example_bash_operator' retrieved from /home/airflow/.local/lib/python3.12/site-packages/airflow/example_dags/example_bash_operator.py
[2024-10-22T23:09:46.819+0000] {logging_mixin.py:190} INFO - [2024-10-22T23:09:46.818+0000] {dag.py:3239} INFO - Sync 1 DAGs
[2024-10-22T23:09:46.838+0000] {logging_mixin.py:190} INFO - [2024-10-22T23:09:46.838+0000] {dag.py:4180} INFO - Setting next_dagrun for example_bash_operator to 2024-10-21 00:00:00+00:00, run_after=2024-10-22 00:00:00+00:00
[2024-10-22T23:09:46.856+0000] {processor.py:208} INFO - Processing /home/airflow/.local/lib/python3.12/site-packages/airflow/example_dags/example_bash_operator.py took 0.085 seconds
[2024-10-22T23:10:17.238+0000] {processor.py:186} INFO - Started process (PID=1139) to work on /home/airflow/.local/lib/python3.12/site-packages/airflow/example_dags/example_bash_operator.py
[2024-10-22T23:10:17.239+0000] {processor.py:914} INFO - Processing file /home/airflow/.local/lib/python3.12/site-packages/airflow/example_dags/example_bash_operator.py for tasks to queue
[2024-10-22T23:10:17.242+0000] {logging_mixin.py:190} INFO - [2024-10-22T23:10:17.241+0000] {dagbag.py:588} INFO - Filling up the DagBag from /home/airflow/.local/lib/python3.12/site-packages/airflow/example_dags/example_bash_operator.py
[2024-10-22T23:10:17.254+0000] {processor.py:925} INFO - DAG(s) 'example_bash_operator' retrieved from /home/airflow/.local/lib/python3.12/site-packages/airflow/example_dags/example_bash_operator.py
[2024-10-22T23:10:17.280+0000] {logging_mixin.py:190} INFO - [2024-10-22T23:10:17.280+0000] {dag.py:3239} INFO - Sync 1 DAGs
[2024-10-22T23:10:17.301+0000] {logging_mixin.py:190} INFO - [2024-10-22T23:10:17.301+0000] {dag.py:4180} INFO - Setting next_dagrun for example_bash_operator to 2024-10-21 00:00:00+00:00, run_after=2024-10-22 00:00:00+00:00
[2024-10-22T23:10:17.319+0000] {processor.py:208} INFO - Processing /home/airflow/.local/lib/python3.12/site-packages/airflow/example_dags/example_bash_operator.py took 0.086 seconds
[2024-10-22T23:10:47.873+0000] {processor.py:186} INFO - Started process (PID=1209) to work on /home/airflow/.local/lib/python3.12/site-packages/airflow/example_dags/example_bash_operator.py
[2024-10-22T23:10:47.874+0000] {processor.py:914} INFO - Processing file /home/airflow/.local/lib/python3.12/site-packages/airflow/example_dags/example_bash_operator.py for tasks to queue
[2024-10-22T23:10:47.876+0000] {logging_mixin.py:190} INFO - [2024-10-22T23:10:47.876+0000] {dagbag.py:588} INFO - Filling up the DagBag from /home/airflow/.local/lib/python3.12/site-packages/airflow/example_dags/example_bash_operator.py
[2024-10-22T23:10:47.888+0000] {processor.py:925} INFO - DAG(s) 'example_bash_operator' retrieved from /home/airflow/.local/lib/python3.12/site-packages/airflow/example_dags/example_bash_operator.py
[2024-10-22T23:10:47.912+0000] {logging_mixin.py:190} INFO - [2024-10-22T23:10:47.912+0000] {dag.py:3239} INFO - Sync 1 DAGs
[2024-10-22T23:10:47.936+0000] {logging_mixin.py:190} INFO - [2024-10-22T23:10:47.935+0000] {dag.py:4180} INFO - Setting next_dagrun for example_bash_operator to 2024-10-21 00:00:00+00:00, run_after=2024-10-22 00:00:00+00:00
[2024-10-22T23:10:47.954+0000] {processor.py:208} INFO - Processing /home/airflow/.local/lib/python3.12/site-packages/airflow/example_dags/example_bash_operator.py took 0.087 seconds
[2024-10-22T23:11:18.536+0000] {processor.py:186} INFO - Started process (PID=1279) to work on /home/airflow/.local/lib/python3.12/site-packages/airflow/example_dags/example_bash_operator.py
[2024-10-22T23:11:18.537+0000] {processor.py:914} INFO - Processing file /home/airflow/.local/lib/python3.12/site-packages/airflow/example_dags/example_bash_operator.py for tasks to queue
[2024-10-22T23:11:18.538+0000] {logging_mixin.py:190} INFO - [2024-10-22T23:11:18.538+0000] {dagbag.py:588} INFO - Filling up the DagBag from /home/airflow/.local/lib/python3.12/site-packages/airflow/example_dags/example_bash_operator.py
[2024-10-22T23:11:18.550+0000] {processor.py:925} INFO - DAG(s) 'example_bash_operator' retrieved from /home/airflow/.local/lib/python3.12/site-packages/airflow/example_dags/example_bash_operator.py
[2024-10-22T23:11:18.578+0000] {logging_mixin.py:190} INFO - [2024-10-22T23:11:18.577+0000] {dag.py:3239} INFO - Sync 1 DAGs
[2024-10-22T23:11:18.598+0000] {logging_mixin.py:190} INFO - [2024-10-22T23:11:18.598+0000] {dag.py:4180} INFO - Setting next_dagrun for example_bash_operator to 2024-10-21 00:00:00+00:00, run_after=2024-10-22 00:00:00+00:00
[2024-10-22T23:11:18.616+0000] {processor.py:208} INFO - Processing /home/airflow/.local/lib/python3.12/site-packages/airflow/example_dags/example_bash_operator.py took 0.085 seconds
[2024-10-22T23:11:49.284+0000] {processor.py:186} INFO - Started process (PID=1349) to work on /home/airflow/.local/lib/python3.12/site-packages/airflow/example_dags/example_bash_operator.py
[2024-10-22T23:11:49.285+0000] {processor.py:914} INFO - Processing file /home/airflow/.local/lib/python3.12/site-packages/airflow/example_dags/example_bash_operator.py for tasks to queue
[2024-10-22T23:11:49.287+0000] {logging_mixin.py:190} INFO - [2024-10-22T23:11:49.287+0000] {dagbag.py:588} INFO - Filling up the DagBag from /home/airflow/.local/lib/python3.12/site-packages/airflow/example_dags/example_bash_operator.py
[2024-10-22T23:11:49.298+0000] {processor.py:925} INFO - DAG(s) 'example_bash_operator' retrieved from /home/airflow/.local/lib/python3.12/site-packages/airflow/example_dags/example_bash_operator.py
[2024-10-22T23:11:49.321+0000] {logging_mixin.py:190} INFO - [2024-10-22T23:11:49.321+0000] {dag.py:3239} INFO - Sync 1 DAGs
[2024-10-22T23:11:49.341+0000] {logging_mixin.py:190} INFO - [2024-10-22T23:11:49.341+0000] {dag.py:4180} INFO - Setting next_dagrun for example_bash_operator to 2024-10-21 00:00:00+00:00, run_after=2024-10-22 00:00:00+00:00
[2024-10-22T23:11:49.361+0000] {processor.py:208} INFO - Processing /home/airflow/.local/lib/python3.12/site-packages/airflow/example_dags/example_bash_operator.py took 0.082 seconds
[2024-10-22T23:12:19.904+0000] {processor.py:186} INFO - Started process (PID=1419) to work on /home/airflow/.local/lib/python3.12/site-packages/airflow/example_dags/example_bash_operator.py
[2024-10-22T23:12:19.904+0000] {processor.py:914} INFO - Processing file /home/airflow/.local/lib/python3.12/site-packages/airflow/example_dags/example_bash_operator.py for tasks to queue
[2024-10-22T23:12:19.907+0000] {logging_mixin.py:190} INFO - [2024-10-22T23:12:19.906+0000] {dagbag.py:588} INFO - Filling up the DagBag from /home/airflow/.local/lib/python3.12/site-packages/airflow/example_dags/example_bash_operator.py
[2024-10-22T23:12:19.917+0000] {processor.py:925} INFO - DAG(s) 'example_bash_operator' retrieved from /home/airflow/.local/lib/python3.12/site-packages/airflow/example_dags/example_bash_operator.py
[2024-10-22T23:12:19.939+0000] {logging_mixin.py:190} INFO - [2024-10-22T23:12:19.938+0000] {dag.py:3239} INFO - Sync 1 DAGs
[2024-10-22T23:12:19.956+0000] {logging_mixin.py:190} INFO - [2024-10-22T23:12:19.956+0000] {dag.py:4180} INFO - Setting next_dagrun for example_bash_operator to 2024-10-21 00:00:00+00:00, run_after=2024-10-22 00:00:00+00:00
[2024-10-22T23:12:19.974+0000] {processor.py:208} INFO - Processing /home/airflow/.local/lib/python3.12/site-packages/airflow/example_dags/example_bash_operator.py took 0.075 seconds
[2024-10-22T23:12:50.285+0000] {processor.py:186} INFO - Started process (PID=1489) to work on /home/airflow/.local/lib/python3.12/site-packages/airflow/example_dags/example_bash_operator.py
[2024-10-22T23:12:50.287+0000] {processor.py:914} INFO - Processing file /home/airflow/.local/lib/python3.12/site-packages/airflow/example_dags/example_bash_operator.py for tasks to queue
[2024-10-22T23:12:50.289+0000] {logging_mixin.py:190} INFO - [2024-10-22T23:12:50.288+0000] {dagbag.py:588} INFO - Filling up the DagBag from /home/airflow/.local/lib/python3.12/site-packages/airflow/example_dags/example_bash_operator.py
[2024-10-22T23:12:50.304+0000] {processor.py:925} INFO - DAG(s) 'example_bash_operator' retrieved from /home/airflow/.local/lib/python3.12/site-packages/airflow/example_dags/example_bash_operator.py
[2024-10-22T23:12:50.329+0000] {logging_mixin.py:190} INFO - [2024-10-22T23:12:50.329+0000] {dag.py:3239} INFO - Sync 1 DAGs
[2024-10-22T23:12:50.353+0000] {logging_mixin.py:190} INFO - [2024-10-22T23:12:50.352+0000] {dag.py:4180} INFO - Setting next_dagrun for example_bash_operator to 2024-10-21 00:00:00+00:00, run_after=2024-10-22 00:00:00+00:00
[2024-10-22T23:12:50.371+0000] {processor.py:208} INFO - Processing /home/airflow/.local/lib/python3.12/site-packages/airflow/example_dags/example_bash_operator.py took 0.090 seconds
[2024-10-22T23:13:20.952+0000] {processor.py:186} INFO - Started process (PID=1559) to work on /home/airflow/.local/lib/python3.12/site-packages/airflow/example_dags/example_bash_operator.py
[2024-10-22T23:13:20.953+0000] {processor.py:914} INFO - Processing file /home/airflow/.local/lib/python3.12/site-packages/airflow/example_dags/example_bash_operator.py for tasks to queue
[2024-10-22T23:13:20.955+0000] {logging_mixin.py:190} INFO - [2024-10-22T23:13:20.955+0000] {dagbag.py:588} INFO - Filling up the DagBag from /home/airflow/.local/lib/python3.12/site-packages/airflow/example_dags/example_bash_operator.py
[2024-10-22T23:13:20.965+0000] {processor.py:925} INFO - DAG(s) 'example_bash_operator' retrieved from /home/airflow/.local/lib/python3.12/site-packages/airflow/example_dags/example_bash_operator.py
[2024-10-22T23:13:20.988+0000] {logging_mixin.py:190} INFO - [2024-10-22T23:13:20.988+0000] {dag.py:3239} INFO - Sync 1 DAGs
[2024-10-22T23:13:21.007+0000] {logging_mixin.py:190} INFO - [2024-10-22T23:13:21.007+0000] {dag.py:4180} INFO - Setting next_dagrun for example_bash_operator to 2024-10-21 00:00:00+00:00, run_after=2024-10-22 00:00:00+00:00
[2024-10-22T23:13:21.026+0000] {processor.py:208} INFO - Processing /home/airflow/.local/lib/python3.12/site-packages/airflow/example_dags/example_bash_operator.py took 0.078 seconds
[2024-10-22T23:13:51.290+0000] {processor.py:186} INFO - Started process (PID=1630) to work on /home/airflow/.local/lib/python3.12/site-packages/airflow/example_dags/example_bash_operator.py
[2024-10-22T23:13:51.291+0000] {processor.py:914} INFO - Processing file /home/airflow/.local/lib/python3.12/site-packages/airflow/example_dags/example_bash_operator.py for tasks to queue
[2024-10-22T23:13:51.293+0000] {logging_mixin.py:190} INFO - [2024-10-22T23:13:51.293+0000] {dagbag.py:588} INFO - Filling up the DagBag from /home/airflow/.local/lib/python3.12/site-packages/airflow/example_dags/example_bash_operator.py
[2024-10-22T23:13:51.304+0000] {processor.py:925} INFO - DAG(s) 'example_bash_operator' retrieved from /home/airflow/.local/lib/python3.12/site-packages/airflow/example_dags/example_bash_operator.py
[2024-10-22T23:13:51.324+0000] {logging_mixin.py:190} INFO - [2024-10-22T23:13:51.324+0000] {dag.py:3239} INFO - Sync 1 DAGs
[2024-10-22T23:13:51.343+0000] {logging_mixin.py:190} INFO - [2024-10-22T23:13:51.343+0000] {dag.py:4180} INFO - Setting next_dagrun for example_bash_operator to 2024-10-21 00:00:00+00:00, run_after=2024-10-22 00:00:00+00:00
[2024-10-22T23:13:51.359+0000] {processor.py:208} INFO - Processing /home/airflow/.local/lib/python3.12/site-packages/airflow/example_dags/example_bash_operator.py took 0.075 seconds
[2024-10-22T23:14:22.038+0000] {processor.py:186} INFO - Started process (PID=1700) to work on /home/airflow/.local/lib/python3.12/site-packages/airflow/example_dags/example_bash_operator.py
[2024-10-22T23:14:22.039+0000] {processor.py:914} INFO - Processing file /home/airflow/.local/lib/python3.12/site-packages/airflow/example_dags/example_bash_operator.py for tasks to queue
[2024-10-22T23:14:22.041+0000] {logging_mixin.py:190} INFO - [2024-10-22T23:14:22.041+0000] {dagbag.py:588} INFO - Filling up the DagBag from /home/airflow/.local/lib/python3.12/site-packages/airflow/example_dags/example_bash_operator.py
[2024-10-22T23:14:22.052+0000] {processor.py:925} INFO - DAG(s) 'example_bash_operator' retrieved from /home/airflow/.local/lib/python3.12/site-packages/airflow/example_dags/example_bash_operator.py
[2024-10-22T23:14:22.079+0000] {logging_mixin.py:190} INFO - [2024-10-22T23:14:22.078+0000] {dag.py:3239} INFO - Sync 1 DAGs
[2024-10-22T23:14:22.098+0000] {logging_mixin.py:190} INFO - [2024-10-22T23:14:22.098+0000] {dag.py:4180} INFO - Setting next_dagrun for example_bash_operator to 2024-10-21 00:00:00+00:00, run_after=2024-10-22 00:00:00+00:00
[2024-10-22T23:14:22.116+0000] {processor.py:208} INFO - Processing /home/airflow/.local/lib/python3.12/site-packages/airflow/example_dags/example_bash_operator.py took 0.097 seconds
[2024-10-22T23:14:52.443+0000] {processor.py:186} INFO - Started process (PID=1771) to work on /home/airflow/.local/lib/python3.12/site-packages/airflow/example_dags/example_bash_operator.py
[2024-10-22T23:14:52.444+0000] {processor.py:914} INFO - Processing file /home/airflow/.local/lib/python3.12/site-packages/airflow/example_dags/example_bash_operator.py for tasks to queue
[2024-10-22T23:14:52.447+0000] {logging_mixin.py:190} INFO - [2024-10-22T23:14:52.446+0000] {dagbag.py:588} INFO - Filling up the DagBag from /home/airflow/.local/lib/python3.12/site-packages/airflow/example_dags/example_bash_operator.py
[2024-10-22T23:14:52.458+0000] {processor.py:925} INFO - DAG(s) 'example_bash_operator' retrieved from /home/airflow/.local/lib/python3.12/site-packages/airflow/example_dags/example_bash_operator.py
[2024-10-22T23:14:52.481+0000] {logging_mixin.py:190} INFO - [2024-10-22T23:14:52.481+0000] {dag.py:3239} INFO - Sync 1 DAGs
[2024-10-22T23:14:52.501+0000] {logging_mixin.py:190} INFO - [2024-10-22T23:14:52.500+0000] {dag.py:4180} INFO - Setting next_dagrun for example_bash_operator to 2024-10-21 00:00:00+00:00, run_after=2024-10-22 00:00:00+00:00
[2024-10-22T23:14:52.518+0000] {processor.py:208} INFO - Processing /home/airflow/.local/lib/python3.12/site-packages/airflow/example_dags/example_bash_operator.py took 0.081 seconds
[2024-10-22T23:15:23.053+0000] {processor.py:186} INFO - Started process (PID=1841) to work on /home/airflow/.local/lib/python3.12/site-packages/airflow/example_dags/example_bash_operator.py
[2024-10-22T23:15:23.054+0000] {processor.py:914} INFO - Processing file /home/airflow/.local/lib/python3.12/site-packages/airflow/example_dags/example_bash_operator.py for tasks to queue
[2024-10-22T23:15:23.056+0000] {logging_mixin.py:190} INFO - [2024-10-22T23:15:23.055+0000] {dagbag.py:588} INFO - Filling up the DagBag from /home/airflow/.local/lib/python3.12/site-packages/airflow/example_dags/example_bash_operator.py
[2024-10-22T23:15:23.068+0000] {processor.py:925} INFO - DAG(s) 'example_bash_operator' retrieved from /home/airflow/.local/lib/python3.12/site-packages/airflow/example_dags/example_bash_operator.py
[2024-10-22T23:15:23.092+0000] {logging_mixin.py:190} INFO - [2024-10-22T23:15:23.091+0000] {dag.py:3239} INFO - Sync 1 DAGs
[2024-10-22T23:15:23.114+0000] {logging_mixin.py:190} INFO - [2024-10-22T23:15:23.114+0000] {dag.py:4180} INFO - Setting next_dagrun for example_bash_operator to 2024-10-21 00:00:00+00:00, run_after=2024-10-22 00:00:00+00:00
[2024-10-22T23:15:23.131+0000] {processor.py:208} INFO - Processing /home/airflow/.local/lib/python3.12/site-packages/airflow/example_dags/example_bash_operator.py took 0.085 seconds
[2024-10-22T23:15:53.491+0000] {processor.py:186} INFO - Started process (PID=1911) to work on /home/airflow/.local/lib/python3.12/site-packages/airflow/example_dags/example_bash_operator.py
[2024-10-22T23:15:53.492+0000] {processor.py:914} INFO - Processing file /home/airflow/.local/lib/python3.12/site-packages/airflow/example_dags/example_bash_operator.py for tasks to queue
[2024-10-22T23:15:53.494+0000] {logging_mixin.py:190} INFO - [2024-10-22T23:15:53.494+0000] {dagbag.py:588} INFO - Filling up the DagBag from /home/airflow/.local/lib/python3.12/site-packages/airflow/example_dags/example_bash_operator.py
[2024-10-22T23:15:53.504+0000] {processor.py:925} INFO - DAG(s) 'example_bash_operator' retrieved from /home/airflow/.local/lib/python3.12/site-packages/airflow/example_dags/example_bash_operator.py
[2024-10-22T23:15:53.529+0000] {logging_mixin.py:190} INFO - [2024-10-22T23:15:53.528+0000] {dag.py:3239} INFO - Sync 1 DAGs
[2024-10-22T23:15:53.548+0000] {logging_mixin.py:190} INFO - [2024-10-22T23:15:53.548+0000] {dag.py:4180} INFO - Setting next_dagrun for example_bash_operator to 2024-10-21 00:00:00+00:00, run_after=2024-10-22 00:00:00+00:00
[2024-10-22T23:15:53.567+0000] {processor.py:208} INFO - Processing /home/airflow/.local/lib/python3.12/site-packages/airflow/example_dags/example_bash_operator.py took 0.081 seconds
[2024-10-22T23:16:23.852+0000] {processor.py:186} INFO - Started process (PID=1982) to work on /home/airflow/.local/lib/python3.12/site-packages/airflow/example_dags/example_bash_operator.py
[2024-10-22T23:16:23.853+0000] {processor.py:914} INFO - Processing file /home/airflow/.local/lib/python3.12/site-packages/airflow/example_dags/example_bash_operator.py for tasks to queue
[2024-10-22T23:16:23.856+0000] {logging_mixin.py:190} INFO - [2024-10-22T23:16:23.855+0000] {dagbag.py:588} INFO - Filling up the DagBag from /home/airflow/.local/lib/python3.12/site-packages/airflow/example_dags/example_bash_operator.py
[2024-10-22T23:16:23.868+0000] {processor.py:925} INFO - DAG(s) 'example_bash_operator' retrieved from /home/airflow/.local/lib/python3.12/site-packages/airflow/example_dags/example_bash_operator.py
[2024-10-22T23:16:23.892+0000] {logging_mixin.py:190} INFO - [2024-10-22T23:16:23.892+0000] {dag.py:3239} INFO - Sync 1 DAGs
[2024-10-22T23:16:23.941+0000] {logging_mixin.py:190} INFO - [2024-10-22T23:16:23.941+0000] {dag.py:4180} INFO - Setting next_dagrun for example_bash_operator to 2024-10-21 00:00:00+00:00, run_after=2024-10-22 00:00:00+00:00
[2024-10-22T23:16:23.960+0000] {processor.py:208} INFO - Processing /home/airflow/.local/lib/python3.12/site-packages/airflow/example_dags/example_bash_operator.py took 0.113 seconds
[2024-10-22T23:16:54.537+0000] {processor.py:186} INFO - Started process (PID=2052) to work on /home/airflow/.local/lib/python3.12/site-packages/airflow/example_dags/example_bash_operator.py
[2024-10-22T23:16:54.538+0000] {processor.py:914} INFO - Processing file /home/airflow/.local/lib/python3.12/site-packages/airflow/example_dags/example_bash_operator.py for tasks to queue
[2024-10-22T23:16:54.540+0000] {logging_mixin.py:190} INFO - [2024-10-22T23:16:54.540+0000] {dagbag.py:588} INFO - Filling up the DagBag from /home/airflow/.local/lib/python3.12/site-packages/airflow/example_dags/example_bash_operator.py
[2024-10-22T23:16:54.550+0000] {processor.py:925} INFO - DAG(s) 'example_bash_operator' retrieved from /home/airflow/.local/lib/python3.12/site-packages/airflow/example_dags/example_bash_operator.py
[2024-10-22T23:16:54.573+0000] {logging_mixin.py:190} INFO - [2024-10-22T23:16:54.573+0000] {dag.py:3239} INFO - Sync 1 DAGs
[2024-10-22T23:16:54.596+0000] {logging_mixin.py:190} INFO - [2024-10-22T23:16:54.596+0000] {dag.py:4180} INFO - Setting next_dagrun for example_bash_operator to 2024-10-21 00:00:00+00:00, run_after=2024-10-22 00:00:00+00:00
[2024-10-22T23:16:54.614+0000] {processor.py:208} INFO - Processing /home/airflow/.local/lib/python3.12/site-packages/airflow/example_dags/example_bash_operator.py took 0.081 seconds
[2024-10-22T23:17:24.922+0000] {processor.py:186} INFO - Started process (PID=2122) to work on /home/airflow/.local/lib/python3.12/site-packages/airflow/example_dags/example_bash_operator.py
[2024-10-22T23:17:24.923+0000] {processor.py:914} INFO - Processing file /home/airflow/.local/lib/python3.12/site-packages/airflow/example_dags/example_bash_operator.py for tasks to queue
[2024-10-22T23:17:24.925+0000] {logging_mixin.py:190} INFO - [2024-10-22T23:17:24.924+0000] {dagbag.py:588} INFO - Filling up the DagBag from /home/airflow/.local/lib/python3.12/site-packages/airflow/example_dags/example_bash_operator.py
[2024-10-22T23:17:24.948+0000] {processor.py:925} INFO - DAG(s) 'example_bash_operator' retrieved from /home/airflow/.local/lib/python3.12/site-packages/airflow/example_dags/example_bash_operator.py
[2024-10-22T23:17:24.971+0000] {logging_mixin.py:190} INFO - [2024-10-22T23:17:24.971+0000] {dag.py:3239} INFO - Sync 1 DAGs
[2024-10-22T23:17:24.991+0000] {logging_mixin.py:190} INFO - [2024-10-22T23:17:24.991+0000] {dag.py:4180} INFO - Setting next_dagrun for example_bash_operator to 2024-10-21 00:00:00+00:00, run_after=2024-10-22 00:00:00+00:00
[2024-10-22T23:17:25.010+0000] {processor.py:208} INFO - Processing /home/airflow/.local/lib/python3.12/site-packages/airflow/example_dags/example_bash_operator.py took 0.093 seconds
[2024-10-22T23:17:55.209+0000] {processor.py:186} INFO - Started process (PID=2194) to work on /home/airflow/.local/lib/python3.12/site-packages/airflow/example_dags/example_bash_operator.py
[2024-10-22T23:17:55.210+0000] {processor.py:914} INFO - Processing file /home/airflow/.local/lib/python3.12/site-packages/airflow/example_dags/example_bash_operator.py for tasks to queue
[2024-10-22T23:17:55.212+0000] {logging_mixin.py:190} INFO - [2024-10-22T23:17:55.212+0000] {dagbag.py:588} INFO - Filling up the DagBag from /home/airflow/.local/lib/python3.12/site-packages/airflow/example_dags/example_bash_operator.py
[2024-10-22T23:17:55.224+0000] {processor.py:925} INFO - DAG(s) 'example_bash_operator' retrieved from /home/airflow/.local/lib/python3.12/site-packages/airflow/example_dags/example_bash_operator.py
[2024-10-22T23:17:55.247+0000] {logging_mixin.py:190} INFO - [2024-10-22T23:17:55.247+0000] {dag.py:3239} INFO - Sync 1 DAGs
[2024-10-22T23:17:55.265+0000] {logging_mixin.py:190} INFO - [2024-10-22T23:17:55.265+0000] {dag.py:4180} INFO - Setting next_dagrun for example_bash_operator to 2024-10-21 00:00:00+00:00, run_after=2024-10-22 00:00:00+00:00
[2024-10-22T23:17:55.281+0000] {processor.py:208} INFO - Processing /home/airflow/.local/lib/python3.12/site-packages/airflow/example_dags/example_bash_operator.py took 0.077 seconds
[2024-10-22T23:18:25.781+0000] {processor.py:186} INFO - Started process (PID=2265) to work on /home/airflow/.local/lib/python3.12/site-packages/airflow/example_dags/example_bash_operator.py
[2024-10-22T23:18:25.782+0000] {processor.py:914} INFO - Processing file /home/airflow/.local/lib/python3.12/site-packages/airflow/example_dags/example_bash_operator.py for tasks to queue
[2024-10-22T23:18:25.784+0000] {logging_mixin.py:190} INFO - [2024-10-22T23:18:25.784+0000] {dagbag.py:588} INFO - Filling up the DagBag from /home/airflow/.local/lib/python3.12/site-packages/airflow/example_dags/example_bash_operator.py
[2024-10-22T23:18:25.795+0000] {processor.py:925} INFO - DAG(s) 'example_bash_operator' retrieved from /home/airflow/.local/lib/python3.12/site-packages/airflow/example_dags/example_bash_operator.py
[2024-10-22T23:18:25.821+0000] {logging_mixin.py:190} INFO - [2024-10-22T23:18:25.821+0000] {dag.py:3239} INFO - Sync 1 DAGs
[2024-10-22T23:18:25.842+0000] {logging_mixin.py:190} INFO - [2024-10-22T23:18:25.842+0000] {dag.py:4180} INFO - Setting next_dagrun for example_bash_operator to 2024-10-21 00:00:00+00:00, run_after=2024-10-22 00:00:00+00:00
[2024-10-22T23:18:25.861+0000] {processor.py:208} INFO - Processing /home/airflow/.local/lib/python3.12/site-packages/airflow/example_dags/example_bash_operator.py took 0.085 seconds
[2024-10-22T23:18:56.129+0000] {processor.py:186} INFO - Started process (PID=2336) to work on /home/airflow/.local/lib/python3.12/site-packages/airflow/example_dags/example_bash_operator.py
[2024-10-22T23:18:56.130+0000] {processor.py:914} INFO - Processing file /home/airflow/.local/lib/python3.12/site-packages/airflow/example_dags/example_bash_operator.py for tasks to queue
[2024-10-22T23:18:56.133+0000] {logging_mixin.py:190} INFO - [2024-10-22T23:18:56.132+0000] {dagbag.py:588} INFO - Filling up the DagBag from /home/airflow/.local/lib/python3.12/site-packages/airflow/example_dags/example_bash_operator.py
[2024-10-22T23:18:56.145+0000] {processor.py:925} INFO - DAG(s) 'example_bash_operator' retrieved from /home/airflow/.local/lib/python3.12/site-packages/airflow/example_dags/example_bash_operator.py
[2024-10-22T23:18:56.167+0000] {logging_mixin.py:190} INFO - [2024-10-22T23:18:56.167+0000] {dag.py:3239} INFO - Sync 1 DAGs
[2024-10-22T23:18:56.187+0000] {logging_mixin.py:190} INFO - [2024-10-22T23:18:56.187+0000] {dag.py:4180} INFO - Setting next_dagrun for example_bash_operator to 2024-10-21 00:00:00+00:00, run_after=2024-10-22 00:00:00+00:00
[2024-10-22T23:18:56.204+0000] {processor.py:208} INFO - Processing /home/airflow/.local/lib/python3.12/site-packages/airflow/example_dags/example_bash_operator.py took 0.080 seconds
[2024-10-22T23:19:26.778+0000] {processor.py:186} INFO - Started process (PID=2407) to work on /home/airflow/.local/lib/python3.12/site-packages/airflow/example_dags/example_bash_operator.py
[2024-10-22T23:19:26.779+0000] {processor.py:914} INFO - Processing file /home/airflow/.local/lib/python3.12/site-packages/airflow/example_dags/example_bash_operator.py for tasks to queue
[2024-10-22T23:19:26.781+0000] {logging_mixin.py:190} INFO - [2024-10-22T23:19:26.781+0000] {dagbag.py:588} INFO - Filling up the DagBag from /home/airflow/.local/lib/python3.12/site-packages/airflow/example_dags/example_bash_operator.py
[2024-10-22T23:19:26.792+0000] {processor.py:925} INFO - DAG(s) 'example_bash_operator' retrieved from /home/airflow/.local/lib/python3.12/site-packages/airflow/example_dags/example_bash_operator.py
[2024-10-22T23:19:26.817+0000] {logging_mixin.py:190} INFO - [2024-10-22T23:19:26.817+0000] {dag.py:3239} INFO - Sync 1 DAGs
[2024-10-22T23:19:26.843+0000] {logging_mixin.py:190} INFO - [2024-10-22T23:19:26.843+0000] {dag.py:4180} INFO - Setting next_dagrun for example_bash_operator to 2024-10-21 00:00:00+00:00, run_after=2024-10-22 00:00:00+00:00
[2024-10-22T23:19:26.861+0000] {processor.py:208} INFO - Processing /home/airflow/.local/lib/python3.12/site-packages/airflow/example_dags/example_bash_operator.py took 0.088 seconds
[2024-10-22T23:19:57.312+0000] {processor.py:186} INFO - Started process (PID=2479) to work on /home/airflow/.local/lib/python3.12/site-packages/airflow/example_dags/example_bash_operator.py
[2024-10-22T23:19:57.313+0000] {processor.py:914} INFO - Processing file /home/airflow/.local/lib/python3.12/site-packages/airflow/example_dags/example_bash_operator.py for tasks to queue
[2024-10-22T23:19:57.316+0000] {logging_mixin.py:190} INFO - [2024-10-22T23:19:57.315+0000] {dagbag.py:588} INFO - Filling up the DagBag from /home/airflow/.local/lib/python3.12/site-packages/airflow/example_dags/example_bash_operator.py
[2024-10-22T23:19:57.331+0000] {processor.py:925} INFO - DAG(s) 'example_bash_operator' retrieved from /home/airflow/.local/lib/python3.12/site-packages/airflow/example_dags/example_bash_operator.py
[2024-10-22T23:19:57.358+0000] {logging_mixin.py:190} INFO - [2024-10-22T23:19:57.358+0000] {dag.py:3239} INFO - Sync 1 DAGs
[2024-10-22T23:19:57.383+0000] {logging_mixin.py:190} INFO - [2024-10-22T23:19:57.383+0000] {dag.py:4180} INFO - Setting next_dagrun for example_bash_operator to 2024-10-21 00:00:00+00:00, run_after=2024-10-22 00:00:00+00:00
[2024-10-22T23:19:57.405+0000] {processor.py:208} INFO - Processing /home/airflow/.local/lib/python3.12/site-packages/airflow/example_dags/example_bash_operator.py took 0.099 seconds
[2024-10-22T23:20:27.937+0000] {processor.py:186} INFO - Started process (PID=2551) to work on /home/airflow/.local/lib/python3.12/site-packages/airflow/example_dags/example_bash_operator.py
[2024-10-22T23:20:27.937+0000] {processor.py:914} INFO - Processing file /home/airflow/.local/lib/python3.12/site-packages/airflow/example_dags/example_bash_operator.py for tasks to queue
[2024-10-22T23:20:27.939+0000] {logging_mixin.py:190} INFO - [2024-10-22T23:20:27.939+0000] {dagbag.py:588} INFO - Filling up the DagBag from /home/airflow/.local/lib/python3.12/site-packages/airflow/example_dags/example_bash_operator.py
[2024-10-22T23:20:27.951+0000] {processor.py:925} INFO - DAG(s) 'example_bash_operator' retrieved from /home/airflow/.local/lib/python3.12/site-packages/airflow/example_dags/example_bash_operator.py
[2024-10-22T23:20:27.976+0000] {logging_mixin.py:190} INFO - [2024-10-22T23:20:27.976+0000] {dag.py:3239} INFO - Sync 1 DAGs
[2024-10-22T23:20:27.997+0000] {logging_mixin.py:190} INFO - [2024-10-22T23:20:27.996+0000] {dag.py:4180} INFO - Setting next_dagrun for example_bash_operator to 2024-10-21 00:00:00+00:00, run_after=2024-10-22 00:00:00+00:00
[2024-10-22T23:20:28.015+0000] {processor.py:208} INFO - Processing /home/airflow/.local/lib/python3.12/site-packages/airflow/example_dags/example_bash_operator.py took 0.083 seconds
[2024-10-22T23:20:59.186+0000] {processor.py:186} INFO - Started process (PID=2622) to work on /home/airflow/.local/lib/python3.12/site-packages/airflow/example_dags/example_bash_operator.py
[2024-10-22T23:20:59.187+0000] {processor.py:914} INFO - Processing file /home/airflow/.local/lib/python3.12/site-packages/airflow/example_dags/example_bash_operator.py for tasks to queue
[2024-10-22T23:20:59.189+0000] {logging_mixin.py:190} INFO - [2024-10-22T23:20:59.188+0000] {dagbag.py:588} INFO - Filling up the DagBag from /home/airflow/.local/lib/python3.12/site-packages/airflow/example_dags/example_bash_operator.py
[2024-10-22T23:20:59.199+0000] {processor.py:925} INFO - DAG(s) 'example_bash_operator' retrieved from /home/airflow/.local/lib/python3.12/site-packages/airflow/example_dags/example_bash_operator.py
[2024-10-22T23:20:59.223+0000] {logging_mixin.py:190} INFO - [2024-10-22T23:20:59.222+0000] {dag.py:3239} INFO - Sync 1 DAGs
[2024-10-22T23:20:59.246+0000] {logging_mixin.py:190} INFO - [2024-10-22T23:20:59.246+0000] {dag.py:4180} INFO - Setting next_dagrun for example_bash_operator to 2024-10-21 00:00:00+00:00, run_after=2024-10-22 00:00:00+00:00
[2024-10-22T23:20:59.265+0000] {processor.py:208} INFO - Processing /home/airflow/.local/lib/python3.12/site-packages/airflow/example_dags/example_bash_operator.py took 0.083 seconds
[2024-10-22T23:21:30.151+0000] {processor.py:186} INFO - Started process (PID=2693) to work on /home/airflow/.local/lib/python3.12/site-packages/airflow/example_dags/example_bash_operator.py
[2024-10-22T23:21:30.152+0000] {processor.py:914} INFO - Processing file /home/airflow/.local/lib/python3.12/site-packages/airflow/example_dags/example_bash_operator.py for tasks to queue
[2024-10-22T23:21:30.154+0000] {logging_mixin.py:190} INFO - [2024-10-22T23:21:30.153+0000] {dagbag.py:588} INFO - Filling up the DagBag from /home/airflow/.local/lib/python3.12/site-packages/airflow/example_dags/example_bash_operator.py
[2024-10-22T23:21:30.165+0000] {processor.py:925} INFO - DAG(s) 'example_bash_operator' retrieved from /home/airflow/.local/lib/python3.12/site-packages/airflow/example_dags/example_bash_operator.py
[2024-10-22T23:21:30.190+0000] {logging_mixin.py:190} INFO - [2024-10-22T23:21:30.189+0000] {dag.py:3239} INFO - Sync 1 DAGs
[2024-10-22T23:21:30.210+0000] {logging_mixin.py:190} INFO - [2024-10-22T23:21:30.210+0000] {dag.py:4180} INFO - Setting next_dagrun for example_bash_operator to 2024-10-21 00:00:00+00:00, run_after=2024-10-22 00:00:00+00:00
[2024-10-22T23:21:30.230+0000] {processor.py:208} INFO - Processing /home/airflow/.local/lib/python3.12/site-packages/airflow/example_dags/example_bash_operator.py took 0.084 seconds
[2024-10-22T23:22:01.111+0000] {processor.py:186} INFO - Started process (PID=2764) to work on /home/airflow/.local/lib/python3.12/site-packages/airflow/example_dags/example_bash_operator.py
[2024-10-22T23:22:01.112+0000] {processor.py:914} INFO - Processing file /home/airflow/.local/lib/python3.12/site-packages/airflow/example_dags/example_bash_operator.py for tasks to queue
[2024-10-22T23:22:01.114+0000] {logging_mixin.py:190} INFO - [2024-10-22T23:22:01.114+0000] {dagbag.py:588} INFO - Filling up the DagBag from /home/airflow/.local/lib/python3.12/site-packages/airflow/example_dags/example_bash_operator.py
[2024-10-22T23:22:01.126+0000] {processor.py:925} INFO - DAG(s) 'example_bash_operator' retrieved from /home/airflow/.local/lib/python3.12/site-packages/airflow/example_dags/example_bash_operator.py
[2024-10-22T23:22:01.152+0000] {logging_mixin.py:190} INFO - [2024-10-22T23:22:01.152+0000] {dag.py:3239} INFO - Sync 1 DAGs
[2024-10-22T23:22:01.179+0000] {logging_mixin.py:190} INFO - [2024-10-22T23:22:01.179+0000] {dag.py:4180} INFO - Setting next_dagrun for example_bash_operator to 2024-10-21 00:00:00+00:00, run_after=2024-10-22 00:00:00+00:00
[2024-10-22T23:22:01.199+0000] {processor.py:208} INFO - Processing /home/airflow/.local/lib/python3.12/site-packages/airflow/example_dags/example_bash_operator.py took 0.092 seconds
[2024-10-22T23:22:31.292+0000] {processor.py:186} INFO - Started process (PID=2834) to work on /home/airflow/.local/lib/python3.12/site-packages/airflow/example_dags/example_bash_operator.py
[2024-10-22T23:22:31.293+0000] {processor.py:914} INFO - Processing file /home/airflow/.local/lib/python3.12/site-packages/airflow/example_dags/example_bash_operator.py for tasks to queue
[2024-10-22T23:22:31.295+0000] {logging_mixin.py:190} INFO - [2024-10-22T23:22:31.295+0000] {dagbag.py:588} INFO - Filling up the DagBag from /home/airflow/.local/lib/python3.12/site-packages/airflow/example_dags/example_bash_operator.py
[2024-10-22T23:22:31.306+0000] {processor.py:925} INFO - DAG(s) 'example_bash_operator' retrieved from /home/airflow/.local/lib/python3.12/site-packages/airflow/example_dags/example_bash_operator.py
[2024-10-22T23:22:31.331+0000] {logging_mixin.py:190} INFO - [2024-10-22T23:22:31.331+0000] {dag.py:3239} INFO - Sync 1 DAGs
[2024-10-22T23:22:31.351+0000] {logging_mixin.py:190} INFO - [2024-10-22T23:22:31.351+0000] {dag.py:4180} INFO - Setting next_dagrun for example_bash_operator to 2024-10-21 00:00:00+00:00, run_after=2024-10-22 00:00:00+00:00
[2024-10-22T23:22:31.370+0000] {processor.py:208} INFO - Processing /home/airflow/.local/lib/python3.12/site-packages/airflow/example_dags/example_bash_operator.py took 0.083 seconds
[2024-10-22T23:23:01.770+0000] {processor.py:186} INFO - Started process (PID=2905) to work on /home/airflow/.local/lib/python3.12/site-packages/airflow/example_dags/example_bash_operator.py
[2024-10-22T23:23:01.771+0000] {processor.py:914} INFO - Processing file /home/airflow/.local/lib/python3.12/site-packages/airflow/example_dags/example_bash_operator.py for tasks to queue
[2024-10-22T23:23:01.773+0000] {logging_mixin.py:190} INFO - [2024-10-22T23:23:01.773+0000] {dagbag.py:588} INFO - Filling up the DagBag from /home/airflow/.local/lib/python3.12/site-packages/airflow/example_dags/example_bash_operator.py
[2024-10-22T23:23:01.784+0000] {processor.py:925} INFO - DAG(s) 'example_bash_operator' retrieved from /home/airflow/.local/lib/python3.12/site-packages/airflow/example_dags/example_bash_operator.py
[2024-10-22T23:23:01.807+0000] {logging_mixin.py:190} INFO - [2024-10-22T23:23:01.807+0000] {dag.py:3239} INFO - Sync 1 DAGs
[2024-10-22T23:23:01.829+0000] {logging_mixin.py:190} INFO - [2024-10-22T23:23:01.829+0000] {dag.py:4180} INFO - Setting next_dagrun for example_bash_operator to 2024-10-21 00:00:00+00:00, run_after=2024-10-22 00:00:00+00:00
[2024-10-22T23:23:01.844+0000] {processor.py:208} INFO - Processing /home/airflow/.local/lib/python3.12/site-packages/airflow/example_dags/example_bash_operator.py took 0.078 seconds
[2024-10-22T23:23:32.427+0000] {processor.py:186} INFO - Started process (PID=2976) to work on /home/airflow/.local/lib/python3.12/site-packages/airflow/example_dags/example_bash_operator.py
[2024-10-22T23:23:32.427+0000] {processor.py:914} INFO - Processing file /home/airflow/.local/lib/python3.12/site-packages/airflow/example_dags/example_bash_operator.py for tasks to queue
[2024-10-22T23:23:32.430+0000] {logging_mixin.py:190} INFO - [2024-10-22T23:23:32.430+0000] {dagbag.py:588} INFO - Filling up the DagBag from /home/airflow/.local/lib/python3.12/site-packages/airflow/example_dags/example_bash_operator.py
[2024-10-22T23:23:32.442+0000] {processor.py:925} INFO - DAG(s) 'example_bash_operator' retrieved from /home/airflow/.local/lib/python3.12/site-packages/airflow/example_dags/example_bash_operator.py
[2024-10-22T23:23:32.463+0000] {logging_mixin.py:190} INFO - [2024-10-22T23:23:32.463+0000] {dag.py:3239} INFO - Sync 1 DAGs
[2024-10-22T23:23:32.480+0000] {logging_mixin.py:190} INFO - [2024-10-22T23:23:32.480+0000] {dag.py:4180} INFO - Setting next_dagrun for example_bash_operator to 2024-10-21 00:00:00+00:00, run_after=2024-10-22 00:00:00+00:00
[2024-10-22T23:23:32.498+0000] {processor.py:208} INFO - Processing /home/airflow/.local/lib/python3.12/site-packages/airflow/example_dags/example_bash_operator.py took 0.075 seconds
[2024-10-22T23:24:03.242+0000] {processor.py:186} INFO - Started process (PID=3047) to work on /home/airflow/.local/lib/python3.12/site-packages/airflow/example_dags/example_bash_operator.py
[2024-10-22T23:24:03.242+0000] {processor.py:914} INFO - Processing file /home/airflow/.local/lib/python3.12/site-packages/airflow/example_dags/example_bash_operator.py for tasks to queue
[2024-10-22T23:24:03.244+0000] {logging_mixin.py:190} INFO - [2024-10-22T23:24:03.244+0000] {dagbag.py:588} INFO - Filling up the DagBag from /home/airflow/.local/lib/python3.12/site-packages/airflow/example_dags/example_bash_operator.py
[2024-10-22T23:24:03.255+0000] {processor.py:925} INFO - DAG(s) 'example_bash_operator' retrieved from /home/airflow/.local/lib/python3.12/site-packages/airflow/example_dags/example_bash_operator.py
[2024-10-22T23:24:03.276+0000] {logging_mixin.py:190} INFO - [2024-10-22T23:24:03.276+0000] {dag.py:3239} INFO - Sync 1 DAGs
[2024-10-22T23:24:03.298+0000] {logging_mixin.py:190} INFO - [2024-10-22T23:24:03.297+0000] {dag.py:4180} INFO - Setting next_dagrun for example_bash_operator to 2024-10-21 00:00:00+00:00, run_after=2024-10-22 00:00:00+00:00
[2024-10-22T23:24:03.318+0000] {processor.py:208} INFO - Processing /home/airflow/.local/lib/python3.12/site-packages/airflow/example_dags/example_bash_operator.py took 0.081 seconds
[2024-10-22T23:24:33.859+0000] {processor.py:186} INFO - Started process (PID=3119) to work on /home/airflow/.local/lib/python3.12/site-packages/airflow/example_dags/example_bash_operator.py
[2024-10-22T23:24:33.861+0000] {processor.py:914} INFO - Processing file /home/airflow/.local/lib/python3.12/site-packages/airflow/example_dags/example_bash_operator.py for tasks to queue
[2024-10-22T23:24:33.863+0000] {logging_mixin.py:190} INFO - [2024-10-22T23:24:33.863+0000] {dagbag.py:588} INFO - Filling up the DagBag from /home/airflow/.local/lib/python3.12/site-packages/airflow/example_dags/example_bash_operator.py
[2024-10-22T23:24:33.874+0000] {processor.py:925} INFO - DAG(s) 'example_bash_operator' retrieved from /home/airflow/.local/lib/python3.12/site-packages/airflow/example_dags/example_bash_operator.py
[2024-10-22T23:24:33.898+0000] {logging_mixin.py:190} INFO - [2024-10-22T23:24:33.897+0000] {dag.py:3239} INFO - Sync 1 DAGs
[2024-10-22T23:24:33.916+0000] {logging_mixin.py:190} INFO - [2024-10-22T23:24:33.915+0000] {dag.py:4180} INFO - Setting next_dagrun for example_bash_operator to 2024-10-21 00:00:00+00:00, run_after=2024-10-22 00:00:00+00:00
[2024-10-22T23:24:33.932+0000] {processor.py:208} INFO - Processing /home/airflow/.local/lib/python3.12/site-packages/airflow/example_dags/example_bash_operator.py took 0.078 seconds
[2024-10-22T23:25:04.550+0000] {processor.py:186} INFO - Started process (PID=3190) to work on /home/airflow/.local/lib/python3.12/site-packages/airflow/example_dags/example_bash_operator.py
[2024-10-22T23:25:04.551+0000] {processor.py:914} INFO - Processing file /home/airflow/.local/lib/python3.12/site-packages/airflow/example_dags/example_bash_operator.py for tasks to queue
[2024-10-22T23:25:04.553+0000] {logging_mixin.py:190} INFO - [2024-10-22T23:25:04.553+0000] {dagbag.py:588} INFO - Filling up the DagBag from /home/airflow/.local/lib/python3.12/site-packages/airflow/example_dags/example_bash_operator.py
[2024-10-22T23:25:04.577+0000] {processor.py:925} INFO - DAG(s) 'example_bash_operator' retrieved from /home/airflow/.local/lib/python3.12/site-packages/airflow/example_dags/example_bash_operator.py
[2024-10-22T23:25:04.599+0000] {logging_mixin.py:190} INFO - [2024-10-22T23:25:04.599+0000] {dag.py:3239} INFO - Sync 1 DAGs
[2024-10-22T23:25:04.618+0000] {logging_mixin.py:190} INFO - [2024-10-22T23:25:04.618+0000] {dag.py:4180} INFO - Setting next_dagrun for example_bash_operator to 2024-10-21 00:00:00+00:00, run_after=2024-10-22 00:00:00+00:00
[2024-10-22T23:25:04.634+0000] {processor.py:208} INFO - Processing /home/airflow/.local/lib/python3.12/site-packages/airflow/example_dags/example_bash_operator.py took 0.089 seconds
[2024-10-22T23:25:35.388+0000] {processor.py:186} INFO - Started process (PID=3261) to work on /home/airflow/.local/lib/python3.12/site-packages/airflow/example_dags/example_bash_operator.py
[2024-10-22T23:25:35.389+0000] {processor.py:914} INFO - Processing file /home/airflow/.local/lib/python3.12/site-packages/airflow/example_dags/example_bash_operator.py for tasks to queue
[2024-10-22T23:25:35.391+0000] {logging_mixin.py:190} INFO - [2024-10-22T23:25:35.391+0000] {dagbag.py:588} INFO - Filling up the DagBag from /home/airflow/.local/lib/python3.12/site-packages/airflow/example_dags/example_bash_operator.py
[2024-10-22T23:25:35.401+0000] {processor.py:925} INFO - DAG(s) 'example_bash_operator' retrieved from /home/airflow/.local/lib/python3.12/site-packages/airflow/example_dags/example_bash_operator.py
[2024-10-22T23:25:35.426+0000] {logging_mixin.py:190} INFO - [2024-10-22T23:25:35.426+0000] {dag.py:3239} INFO - Sync 1 DAGs
[2024-10-22T23:25:35.446+0000] {logging_mixin.py:190} INFO - [2024-10-22T23:25:35.446+0000] {dag.py:4180} INFO - Setting next_dagrun for example_bash_operator to 2024-10-21 00:00:00+00:00, run_after=2024-10-22 00:00:00+00:00
[2024-10-22T23:25:35.462+0000] {processor.py:208} INFO - Processing /home/airflow/.local/lib/python3.12/site-packages/airflow/example_dags/example_bash_operator.py took 0.078 seconds
[2024-10-22T23:26:06.174+0000] {processor.py:186} INFO - Started process (PID=3332) to work on /home/airflow/.local/lib/python3.12/site-packages/airflow/example_dags/example_bash_operator.py
[2024-10-22T23:26:06.175+0000] {processor.py:914} INFO - Processing file /home/airflow/.local/lib/python3.12/site-packages/airflow/example_dags/example_bash_operator.py for tasks to queue
[2024-10-22T23:26:06.176+0000] {logging_mixin.py:190} INFO - [2024-10-22T23:26:06.176+0000] {dagbag.py:588} INFO - Filling up the DagBag from /home/airflow/.local/lib/python3.12/site-packages/airflow/example_dags/example_bash_operator.py
[2024-10-22T23:26:06.186+0000] {processor.py:925} INFO - DAG(s) 'example_bash_operator' retrieved from /home/airflow/.local/lib/python3.12/site-packages/airflow/example_dags/example_bash_operator.py
[2024-10-22T23:26:06.211+0000] {logging_mixin.py:190} INFO - [2024-10-22T23:26:06.211+0000] {dag.py:3239} INFO - Sync 1 DAGs
[2024-10-22T23:26:06.232+0000] {logging_mixin.py:190} INFO - [2024-10-22T23:26:06.232+0000] {dag.py:4180} INFO - Setting next_dagrun for example_bash_operator to 2024-10-21 00:00:00+00:00, run_after=2024-10-22 00:00:00+00:00
[2024-10-22T23:26:06.249+0000] {processor.py:208} INFO - Processing /home/airflow/.local/lib/python3.12/site-packages/airflow/example_dags/example_bash_operator.py took 0.080 seconds
[2024-10-22T23:26:36.779+0000] {processor.py:186} INFO - Started process (PID=3403) to work on /home/airflow/.local/lib/python3.12/site-packages/airflow/example_dags/example_bash_operator.py
[2024-10-22T23:26:36.780+0000] {processor.py:914} INFO - Processing file /home/airflow/.local/lib/python3.12/site-packages/airflow/example_dags/example_bash_operator.py for tasks to queue
[2024-10-22T23:26:36.782+0000] {logging_mixin.py:190} INFO - [2024-10-22T23:26:36.782+0000] {dagbag.py:588} INFO - Filling up the DagBag from /home/airflow/.local/lib/python3.12/site-packages/airflow/example_dags/example_bash_operator.py
[2024-10-22T23:26:36.792+0000] {processor.py:925} INFO - DAG(s) 'example_bash_operator' retrieved from /home/airflow/.local/lib/python3.12/site-packages/airflow/example_dags/example_bash_operator.py
[2024-10-22T23:26:36.814+0000] {logging_mixin.py:190} INFO - [2024-10-22T23:26:36.814+0000] {dag.py:3239} INFO - Sync 1 DAGs
[2024-10-22T23:26:36.837+0000] {logging_mixin.py:190} INFO - [2024-10-22T23:26:36.837+0000] {dag.py:4180} INFO - Setting next_dagrun for example_bash_operator to 2024-10-21 00:00:00+00:00, run_after=2024-10-22 00:00:00+00:00
[2024-10-22T23:26:36.853+0000] {processor.py:208} INFO - Processing /home/airflow/.local/lib/python3.12/site-packages/airflow/example_dags/example_bash_operator.py took 0.078 seconds
[2024-10-22T23:27:07.486+0000] {processor.py:186} INFO - Started process (PID=3474) to work on /home/airflow/.local/lib/python3.12/site-packages/airflow/example_dags/example_bash_operator.py
[2024-10-22T23:27:07.487+0000] {processor.py:914} INFO - Processing file /home/airflow/.local/lib/python3.12/site-packages/airflow/example_dags/example_bash_operator.py for tasks to queue
[2024-10-22T23:27:07.489+0000] {logging_mixin.py:190} INFO - [2024-10-22T23:27:07.488+0000] {dagbag.py:588} INFO - Filling up the DagBag from /home/airflow/.local/lib/python3.12/site-packages/airflow/example_dags/example_bash_operator.py
[2024-10-22T23:27:07.498+0000] {processor.py:925} INFO - DAG(s) 'example_bash_operator' retrieved from /home/airflow/.local/lib/python3.12/site-packages/airflow/example_dags/example_bash_operator.py
[2024-10-22T23:27:07.521+0000] {logging_mixin.py:190} INFO - [2024-10-22T23:27:07.520+0000] {dag.py:3239} INFO - Sync 1 DAGs
[2024-10-22T23:27:07.539+0000] {logging_mixin.py:190} INFO - [2024-10-22T23:27:07.539+0000] {dag.py:4180} INFO - Setting next_dagrun for example_bash_operator to 2024-10-21 00:00:00+00:00, run_after=2024-10-22 00:00:00+00:00
[2024-10-22T23:27:07.558+0000] {processor.py:208} INFO - Processing /home/airflow/.local/lib/python3.12/site-packages/airflow/example_dags/example_bash_operator.py took 0.077 seconds
[2024-10-22T23:27:38.379+0000] {processor.py:186} INFO - Started process (PID=3545) to work on /home/airflow/.local/lib/python3.12/site-packages/airflow/example_dags/example_bash_operator.py
[2024-10-22T23:27:38.380+0000] {processor.py:914} INFO - Processing file /home/airflow/.local/lib/python3.12/site-packages/airflow/example_dags/example_bash_operator.py for tasks to queue
[2024-10-22T23:27:38.382+0000] {logging_mixin.py:190} INFO - [2024-10-22T23:27:38.382+0000] {dagbag.py:588} INFO - Filling up the DagBag from /home/airflow/.local/lib/python3.12/site-packages/airflow/example_dags/example_bash_operator.py
[2024-10-22T23:27:38.393+0000] {processor.py:925} INFO - DAG(s) 'example_bash_operator' retrieved from /home/airflow/.local/lib/python3.12/site-packages/airflow/example_dags/example_bash_operator.py
[2024-10-22T23:27:38.413+0000] {logging_mixin.py:190} INFO - [2024-10-22T23:27:38.413+0000] {dag.py:3239} INFO - Sync 1 DAGs
[2024-10-22T23:27:38.431+0000] {logging_mixin.py:190} INFO - [2024-10-22T23:27:38.430+0000] {dag.py:4180} INFO - Setting next_dagrun for example_bash_operator to 2024-10-21 00:00:00+00:00, run_after=2024-10-22 00:00:00+00:00
[2024-10-22T23:27:38.446+0000] {processor.py:208} INFO - Processing /home/airflow/.local/lib/python3.12/site-packages/airflow/example_dags/example_bash_operator.py took 0.071 seconds
[2024-10-22T23:28:09.026+0000] {processor.py:186} INFO - Started process (PID=3616) to work on /home/airflow/.local/lib/python3.12/site-packages/airflow/example_dags/example_bash_operator.py
[2024-10-22T23:28:09.027+0000] {processor.py:914} INFO - Processing file /home/airflow/.local/lib/python3.12/site-packages/airflow/example_dags/example_bash_operator.py for tasks to queue
[2024-10-22T23:28:09.029+0000] {logging_mixin.py:190} INFO - [2024-10-22T23:28:09.029+0000] {dagbag.py:588} INFO - Filling up the DagBag from /home/airflow/.local/lib/python3.12/site-packages/airflow/example_dags/example_bash_operator.py
[2024-10-22T23:28:09.039+0000] {processor.py:925} INFO - DAG(s) 'example_bash_operator' retrieved from /home/airflow/.local/lib/python3.12/site-packages/airflow/example_dags/example_bash_operator.py
[2024-10-22T23:28:09.061+0000] {logging_mixin.py:190} INFO - [2024-10-22T23:28:09.060+0000] {dag.py:3239} INFO - Sync 1 DAGs
[2024-10-22T23:28:09.078+0000] {logging_mixin.py:190} INFO - [2024-10-22T23:28:09.078+0000] {dag.py:4180} INFO - Setting next_dagrun for example_bash_operator to 2024-10-21 00:00:00+00:00, run_after=2024-10-22 00:00:00+00:00
[2024-10-22T23:28:09.095+0000] {processor.py:208} INFO - Processing /home/airflow/.local/lib/python3.12/site-packages/airflow/example_dags/example_bash_operator.py took 0.075 seconds
[2024-10-22T23:28:39.676+0000] {processor.py:186} INFO - Started process (PID=3687) to work on /home/airflow/.local/lib/python3.12/site-packages/airflow/example_dags/example_bash_operator.py
[2024-10-22T23:28:39.677+0000] {processor.py:914} INFO - Processing file /home/airflow/.local/lib/python3.12/site-packages/airflow/example_dags/example_bash_operator.py for tasks to queue
[2024-10-22T23:28:39.680+0000] {logging_mixin.py:190} INFO - [2024-10-22T23:28:39.679+0000] {dagbag.py:588} INFO - Filling up the DagBag from /home/airflow/.local/lib/python3.12/site-packages/airflow/example_dags/example_bash_operator.py
[2024-10-22T23:28:39.690+0000] {processor.py:925} INFO - DAG(s) 'example_bash_operator' retrieved from /home/airflow/.local/lib/python3.12/site-packages/airflow/example_dags/example_bash_operator.py
[2024-10-22T23:28:39.714+0000] {logging_mixin.py:190} INFO - [2024-10-22T23:28:39.714+0000] {dag.py:3239} INFO - Sync 1 DAGs
[2024-10-22T23:28:39.732+0000] {logging_mixin.py:190} INFO - [2024-10-22T23:28:39.732+0000] {dag.py:4180} INFO - Setting next_dagrun for example_bash_operator to 2024-10-21 00:00:00+00:00, run_after=2024-10-22 00:00:00+00:00
[2024-10-22T23:28:39.747+0000] {processor.py:208} INFO - Processing /home/airflow/.local/lib/python3.12/site-packages/airflow/example_dags/example_bash_operator.py took 0.075 seconds
[2024-10-22T23:29:10.128+0000] {processor.py:186} INFO - Started process (PID=3758) to work on /home/airflow/.local/lib/python3.12/site-packages/airflow/example_dags/example_bash_operator.py
[2024-10-22T23:29:10.129+0000] {processor.py:914} INFO - Processing file /home/airflow/.local/lib/python3.12/site-packages/airflow/example_dags/example_bash_operator.py for tasks to queue
[2024-10-22T23:29:10.131+0000] {logging_mixin.py:190} INFO - [2024-10-22T23:29:10.130+0000] {dagbag.py:588} INFO - Filling up the DagBag from /home/airflow/.local/lib/python3.12/site-packages/airflow/example_dags/example_bash_operator.py
[2024-10-22T23:29:10.144+0000] {processor.py:925} INFO - DAG(s) 'example_bash_operator' retrieved from /home/airflow/.local/lib/python3.12/site-packages/airflow/example_dags/example_bash_operator.py
[2024-10-22T23:29:10.168+0000] {logging_mixin.py:190} INFO - [2024-10-22T23:29:10.168+0000] {dag.py:3239} INFO - Sync 1 DAGs
[2024-10-22T23:29:10.186+0000] {logging_mixin.py:190} INFO - [2024-10-22T23:29:10.186+0000] {dag.py:4180} INFO - Setting next_dagrun for example_bash_operator to 2024-10-21 00:00:00+00:00, run_after=2024-10-22 00:00:00+00:00
[2024-10-22T23:29:10.200+0000] {processor.py:208} INFO - Processing /home/airflow/.local/lib/python3.12/site-packages/airflow/example_dags/example_bash_operator.py took 0.078 seconds
