[2024-10-22T23:02:38.004+0000] {processor.py:186} INFO - Started process (PID=69) to work on /home/airflow/.local/lib/python3.12/site-packages/airflow/example_dags/example_subdag_operator.py
[2024-10-22T23:02:38.005+0000] {processor.py:914} INFO - Processing file /home/airflow/.local/lib/python3.12/site-packages/airflow/example_dags/example_subdag_operator.py for tasks to queue
[2024-10-22T23:02:38.009+0000] {logging_mixin.py:190} INFO - [2024-10-22T23:02:38.009+0000] {dagbag.py:588} INFO - Filling up the DagBag from /home/airflow/.local/lib/python3.12/site-packages/airflow/example_dags/example_subdag_operator.py
[2024-10-22T23:02:38.038+0000] {processor.py:925} INFO - DAG(s) 'example_subdag_operator.section-1', 'example_subdag_operator.section-2', 'example_subdag_operator' retrieved from /home/airflow/.local/lib/python3.12/site-packages/airflow/example_dags/example_subdag_operator.py
[2024-10-22T23:02:38.052+0000] {logging_mixin.py:190} INFO - [2024-10-22T23:02:38.052+0000] {dag.py:3239} INFO - Sync 3 DAGs
[2024-10-22T23:02:38.073+0000] {logging_mixin.py:190} INFO - [2024-10-22T23:02:38.072+0000] {dag.py:4180} INFO - Setting next_dagrun for example_subdag_operator to 2022-01-01 00:00:00+00:00, run_after=2022-01-01 00:00:00+00:00
[2024-10-22T23:02:38.076+0000] {logging_mixin.py:190} INFO - [2024-10-22T23:02:38.076+0000] {dag.py:4180} INFO - Setting next_dagrun for example_subdag_operator.section-1 to None, run_after=None
[2024-10-22T23:02:38.078+0000] {logging_mixin.py:190} INFO - [2024-10-22T23:02:38.078+0000] {dag.py:4180} INFO - Setting next_dagrun for example_subdag_operator.section-2 to None, run_after=None
[2024-10-22T23:02:38.086+0000] {logging_mixin.py:190} INFO - [2024-10-22T23:02:38.086+0000] {dag.py:3239} INFO - Sync 2 DAGs
[2024-10-22T23:02:38.091+0000] {logging_mixin.py:190} INFO - [2024-10-22T23:02:38.091+0000] {dag.py:4180} INFO - Setting next_dagrun for example_subdag_operator.section-1 to None, run_after=None
[2024-10-22T23:02:38.092+0000] {logging_mixin.py:190} INFO - [2024-10-22T23:02:38.091+0000] {dag.py:4180} INFO - Setting next_dagrun for example_subdag_operator.section-2 to None, run_after=None
[2024-10-22T23:02:38.100+0000] {processor.py:208} INFO - Processing /home/airflow/.local/lib/python3.12/site-packages/airflow/example_dags/example_subdag_operator.py took 0.101 seconds
[2024-10-22T23:03:09.182+0000] {processor.py:186} INFO - Started process (PID=145) to work on /home/airflow/.local/lib/python3.12/site-packages/airflow/example_dags/example_subdag_operator.py
[2024-10-22T23:03:09.183+0000] {processor.py:914} INFO - Processing file /home/airflow/.local/lib/python3.12/site-packages/airflow/example_dags/example_subdag_operator.py for tasks to queue
[2024-10-22T23:03:09.185+0000] {logging_mixin.py:190} INFO - [2024-10-22T23:03:09.185+0000] {dagbag.py:588} INFO - Filling up the DagBag from /home/airflow/.local/lib/python3.12/site-packages/airflow/example_dags/example_subdag_operator.py
[2024-10-22T23:03:09.209+0000] {processor.py:925} INFO - DAG(s) 'example_subdag_operator.section-1', 'example_subdag_operator.section-2', 'example_subdag_operator' retrieved from /home/airflow/.local/lib/python3.12/site-packages/airflow/example_dags/example_subdag_operator.py
[2024-10-22T23:03:09.226+0000] {logging_mixin.py:190} INFO - [2024-10-22T23:03:09.226+0000] {dag.py:3239} INFO - Sync 3 DAGs
[2024-10-22T23:03:09.250+0000] {logging_mixin.py:190} INFO - [2024-10-22T23:03:09.250+0000] {dag.py:4180} INFO - Setting next_dagrun for example_subdag_operator to 2022-01-01 00:00:00+00:00, run_after=2022-01-01 00:00:00+00:00
[2024-10-22T23:03:09.253+0000] {logging_mixin.py:190} INFO - [2024-10-22T23:03:09.253+0000] {dag.py:4180} INFO - Setting next_dagrun for example_subdag_operator.section-1 to None, run_after=None
[2024-10-22T23:03:09.255+0000] {logging_mixin.py:190} INFO - [2024-10-22T23:03:09.255+0000] {dag.py:4180} INFO - Setting next_dagrun for example_subdag_operator.section-2 to None, run_after=None
[2024-10-22T23:03:09.265+0000] {logging_mixin.py:190} INFO - [2024-10-22T23:03:09.264+0000] {dag.py:3239} INFO - Sync 2 DAGs
[2024-10-22T23:03:09.270+0000] {logging_mixin.py:190} INFO - [2024-10-22T23:03:09.269+0000] {dag.py:4180} INFO - Setting next_dagrun for example_subdag_operator.section-1 to None, run_after=None
[2024-10-22T23:03:09.271+0000] {logging_mixin.py:190} INFO - [2024-10-22T23:03:09.270+0000] {dag.py:4180} INFO - Setting next_dagrun for example_subdag_operator.section-2 to None, run_after=None
[2024-10-22T23:03:09.291+0000] {processor.py:208} INFO - Processing /home/airflow/.local/lib/python3.12/site-packages/airflow/example_dags/example_subdag_operator.py took 0.113 seconds
[2024-10-22T23:03:39.648+0000] {processor.py:186} INFO - Started process (PID=215) to work on /home/airflow/.local/lib/python3.12/site-packages/airflow/example_dags/example_subdag_operator.py
[2024-10-22T23:03:39.649+0000] {processor.py:914} INFO - Processing file /home/airflow/.local/lib/python3.12/site-packages/airflow/example_dags/example_subdag_operator.py for tasks to queue
[2024-10-22T23:03:39.651+0000] {logging_mixin.py:190} INFO - [2024-10-22T23:03:39.651+0000] {dagbag.py:588} INFO - Filling up the DagBag from /home/airflow/.local/lib/python3.12/site-packages/airflow/example_dags/example_subdag_operator.py
[2024-10-22T23:03:39.670+0000] {processor.py:925} INFO - DAG(s) 'example_subdag_operator.section-1', 'example_subdag_operator.section-2', 'example_subdag_operator' retrieved from /home/airflow/.local/lib/python3.12/site-packages/airflow/example_dags/example_subdag_operator.py
[2024-10-22T23:03:39.683+0000] {logging_mixin.py:190} INFO - [2024-10-22T23:03:39.682+0000] {dag.py:3239} INFO - Sync 3 DAGs
[2024-10-22T23:03:39.701+0000] {logging_mixin.py:190} INFO - [2024-10-22T23:03:39.700+0000] {dag.py:4180} INFO - Setting next_dagrun for example_subdag_operator to 2022-01-01 00:00:00+00:00, run_after=2022-01-01 00:00:00+00:00
[2024-10-22T23:03:39.704+0000] {logging_mixin.py:190} INFO - [2024-10-22T23:03:39.704+0000] {dag.py:4180} INFO - Setting next_dagrun for example_subdag_operator.section-1 to None, run_after=None
[2024-10-22T23:03:39.705+0000] {logging_mixin.py:190} INFO - [2024-10-22T23:03:39.705+0000] {dag.py:4180} INFO - Setting next_dagrun for example_subdag_operator.section-2 to None, run_after=None
[2024-10-22T23:03:39.711+0000] {logging_mixin.py:190} INFO - [2024-10-22T23:03:39.711+0000] {dag.py:3239} INFO - Sync 2 DAGs
[2024-10-22T23:03:39.715+0000] {logging_mixin.py:190} INFO - [2024-10-22T23:03:39.715+0000] {dag.py:4180} INFO - Setting next_dagrun for example_subdag_operator.section-1 to None, run_after=None
[2024-10-22T23:03:39.716+0000] {logging_mixin.py:190} INFO - [2024-10-22T23:03:39.715+0000] {dag.py:4180} INFO - Setting next_dagrun for example_subdag_operator.section-2 to None, run_after=None
[2024-10-22T23:03:39.725+0000] {processor.py:208} INFO - Processing /home/airflow/.local/lib/python3.12/site-packages/airflow/example_dags/example_subdag_operator.py took 0.083 seconds
[2024-10-22T23:04:10.307+0000] {processor.py:186} INFO - Started process (PID=285) to work on /home/airflow/.local/lib/python3.12/site-packages/airflow/example_dags/example_subdag_operator.py
[2024-10-22T23:04:10.308+0000] {processor.py:914} INFO - Processing file /home/airflow/.local/lib/python3.12/site-packages/airflow/example_dags/example_subdag_operator.py for tasks to queue
[2024-10-22T23:04:10.310+0000] {logging_mixin.py:190} INFO - [2024-10-22T23:04:10.310+0000] {dagbag.py:588} INFO - Filling up the DagBag from /home/airflow/.local/lib/python3.12/site-packages/airflow/example_dags/example_subdag_operator.py
[2024-10-22T23:04:10.334+0000] {processor.py:925} INFO - DAG(s) 'example_subdag_operator.section-1', 'example_subdag_operator.section-2', 'example_subdag_operator' retrieved from /home/airflow/.local/lib/python3.12/site-packages/airflow/example_dags/example_subdag_operator.py
[2024-10-22T23:04:10.347+0000] {logging_mixin.py:190} INFO - [2024-10-22T23:04:10.347+0000] {dag.py:3239} INFO - Sync 3 DAGs
[2024-10-22T23:04:10.365+0000] {logging_mixin.py:190} INFO - [2024-10-22T23:04:10.365+0000] {dag.py:4180} INFO - Setting next_dagrun for example_subdag_operator to 2022-01-01 00:00:00+00:00, run_after=2022-01-01 00:00:00+00:00
[2024-10-22T23:04:10.368+0000] {logging_mixin.py:190} INFO - [2024-10-22T23:04:10.368+0000] {dag.py:4180} INFO - Setting next_dagrun for example_subdag_operator.section-1 to None, run_after=None
[2024-10-22T23:04:10.370+0000] {logging_mixin.py:190} INFO - [2024-10-22T23:04:10.370+0000] {dag.py:4180} INFO - Setting next_dagrun for example_subdag_operator.section-2 to None, run_after=None
[2024-10-22T23:04:10.377+0000] {logging_mixin.py:190} INFO - [2024-10-22T23:04:10.376+0000] {dag.py:3239} INFO - Sync 2 DAGs
[2024-10-22T23:04:10.383+0000] {logging_mixin.py:190} INFO - [2024-10-22T23:04:10.382+0000] {dag.py:4180} INFO - Setting next_dagrun for example_subdag_operator.section-1 to None, run_after=None
[2024-10-22T23:04:10.383+0000] {logging_mixin.py:190} INFO - [2024-10-22T23:04:10.383+0000] {dag.py:4180} INFO - Setting next_dagrun for example_subdag_operator.section-2 to None, run_after=None
[2024-10-22T23:04:10.396+0000] {processor.py:208} INFO - Processing /home/airflow/.local/lib/python3.12/site-packages/airflow/example_dags/example_subdag_operator.py took 0.094 seconds
[2024-10-22T23:04:40.582+0000] {processor.py:186} INFO - Started process (PID=355) to work on /home/airflow/.local/lib/python3.12/site-packages/airflow/example_dags/example_subdag_operator.py
[2024-10-22T23:04:40.583+0000] {processor.py:914} INFO - Processing file /home/airflow/.local/lib/python3.12/site-packages/airflow/example_dags/example_subdag_operator.py for tasks to queue
[2024-10-22T23:04:40.585+0000] {logging_mixin.py:190} INFO - [2024-10-22T23:04:40.585+0000] {dagbag.py:588} INFO - Filling up the DagBag from /home/airflow/.local/lib/python3.12/site-packages/airflow/example_dags/example_subdag_operator.py
[2024-10-22T23:04:40.609+0000] {processor.py:925} INFO - DAG(s) 'example_subdag_operator.section-1', 'example_subdag_operator.section-2', 'example_subdag_operator' retrieved from /home/airflow/.local/lib/python3.12/site-packages/airflow/example_dags/example_subdag_operator.py
[2024-10-22T23:04:40.622+0000] {logging_mixin.py:190} INFO - [2024-10-22T23:04:40.622+0000] {dag.py:3239} INFO - Sync 3 DAGs
[2024-10-22T23:04:40.643+0000] {logging_mixin.py:190} INFO - [2024-10-22T23:04:40.643+0000] {dag.py:4180} INFO - Setting next_dagrun for example_subdag_operator to 2022-01-01 00:00:00+00:00, run_after=2022-01-01 00:00:00+00:00
[2024-10-22T23:04:40.647+0000] {logging_mixin.py:190} INFO - [2024-10-22T23:04:40.647+0000] {dag.py:4180} INFO - Setting next_dagrun for example_subdag_operator.section-1 to None, run_after=None
[2024-10-22T23:04:40.649+0000] {logging_mixin.py:190} INFO - [2024-10-22T23:04:40.649+0000] {dag.py:4180} INFO - Setting next_dagrun for example_subdag_operator.section-2 to None, run_after=None
[2024-10-22T23:04:40.655+0000] {logging_mixin.py:190} INFO - [2024-10-22T23:04:40.655+0000] {dag.py:3239} INFO - Sync 2 DAGs
[2024-10-22T23:04:40.661+0000] {logging_mixin.py:190} INFO - [2024-10-22T23:04:40.661+0000] {dag.py:4180} INFO - Setting next_dagrun for example_subdag_operator.section-1 to None, run_after=None
[2024-10-22T23:04:40.662+0000] {logging_mixin.py:190} INFO - [2024-10-22T23:04:40.661+0000] {dag.py:4180} INFO - Setting next_dagrun for example_subdag_operator.section-2 to None, run_after=None
[2024-10-22T23:04:40.673+0000] {processor.py:208} INFO - Processing /home/airflow/.local/lib/python3.12/site-packages/airflow/example_dags/example_subdag_operator.py took 0.096 seconds
[2024-10-22T23:05:10.997+0000] {processor.py:186} INFO - Started process (PID=425) to work on /home/airflow/.local/lib/python3.12/site-packages/airflow/example_dags/example_subdag_operator.py
[2024-10-22T23:05:10.998+0000] {processor.py:914} INFO - Processing file /home/airflow/.local/lib/python3.12/site-packages/airflow/example_dags/example_subdag_operator.py for tasks to queue
[2024-10-22T23:05:11.001+0000] {logging_mixin.py:190} INFO - [2024-10-22T23:05:11.000+0000] {dagbag.py:588} INFO - Filling up the DagBag from /home/airflow/.local/lib/python3.12/site-packages/airflow/example_dags/example_subdag_operator.py
[2024-10-22T23:05:11.024+0000] {processor.py:925} INFO - DAG(s) 'example_subdag_operator.section-1', 'example_subdag_operator.section-2', 'example_subdag_operator' retrieved from /home/airflow/.local/lib/python3.12/site-packages/airflow/example_dags/example_subdag_operator.py
[2024-10-22T23:05:11.038+0000] {logging_mixin.py:190} INFO - [2024-10-22T23:05:11.038+0000] {dag.py:3239} INFO - Sync 3 DAGs
[2024-10-22T23:05:11.058+0000] {logging_mixin.py:190} INFO - [2024-10-22T23:05:11.057+0000] {dag.py:4180} INFO - Setting next_dagrun for example_subdag_operator to 2022-01-01 00:00:00+00:00, run_after=2022-01-01 00:00:00+00:00
[2024-10-22T23:05:11.061+0000] {logging_mixin.py:190} INFO - [2024-10-22T23:05:11.061+0000] {dag.py:4180} INFO - Setting next_dagrun for example_subdag_operator.section-1 to None, run_after=None
[2024-10-22T23:05:11.062+0000] {logging_mixin.py:190} INFO - [2024-10-22T23:05:11.062+0000] {dag.py:4180} INFO - Setting next_dagrun for example_subdag_operator.section-2 to None, run_after=None
[2024-10-22T23:05:11.068+0000] {logging_mixin.py:190} INFO - [2024-10-22T23:05:11.068+0000] {dag.py:3239} INFO - Sync 2 DAGs
[2024-10-22T23:05:11.074+0000] {logging_mixin.py:190} INFO - [2024-10-22T23:05:11.073+0000] {dag.py:4180} INFO - Setting next_dagrun for example_subdag_operator.section-1 to None, run_after=None
[2024-10-22T23:05:11.074+0000] {logging_mixin.py:190} INFO - [2024-10-22T23:05:11.074+0000] {dag.py:4180} INFO - Setting next_dagrun for example_subdag_operator.section-2 to None, run_after=None
[2024-10-22T23:05:11.084+0000] {processor.py:208} INFO - Processing /home/airflow/.local/lib/python3.12/site-packages/airflow/example_dags/example_subdag_operator.py took 0.093 seconds
[2024-10-22T23:05:41.613+0000] {processor.py:186} INFO - Started process (PID=495) to work on /home/airflow/.local/lib/python3.12/site-packages/airflow/example_dags/example_subdag_operator.py
[2024-10-22T23:05:41.614+0000] {processor.py:914} INFO - Processing file /home/airflow/.local/lib/python3.12/site-packages/airflow/example_dags/example_subdag_operator.py for tasks to queue
[2024-10-22T23:05:41.619+0000] {logging_mixin.py:190} INFO - [2024-10-22T23:05:41.618+0000] {dagbag.py:588} INFO - Filling up the DagBag from /home/airflow/.local/lib/python3.12/site-packages/airflow/example_dags/example_subdag_operator.py
[2024-10-22T23:05:41.643+0000] {processor.py:925} INFO - DAG(s) 'example_subdag_operator.section-1', 'example_subdag_operator.section-2', 'example_subdag_operator' retrieved from /home/airflow/.local/lib/python3.12/site-packages/airflow/example_dags/example_subdag_operator.py
[2024-10-22T23:05:41.658+0000] {logging_mixin.py:190} INFO - [2024-10-22T23:05:41.658+0000] {dag.py:3239} INFO - Sync 3 DAGs
[2024-10-22T23:05:41.678+0000] {logging_mixin.py:190} INFO - [2024-10-22T23:05:41.678+0000] {dag.py:4180} INFO - Setting next_dagrun for example_subdag_operator to 2022-01-01 00:00:00+00:00, run_after=2022-01-01 00:00:00+00:00
[2024-10-22T23:05:41.682+0000] {logging_mixin.py:190} INFO - [2024-10-22T23:05:41.682+0000] {dag.py:4180} INFO - Setting next_dagrun for example_subdag_operator.section-1 to None, run_after=None
[2024-10-22T23:05:41.684+0000] {logging_mixin.py:190} INFO - [2024-10-22T23:05:41.684+0000] {dag.py:4180} INFO - Setting next_dagrun for example_subdag_operator.section-2 to None, run_after=None
[2024-10-22T23:05:41.691+0000] {logging_mixin.py:190} INFO - [2024-10-22T23:05:41.691+0000] {dag.py:3239} INFO - Sync 2 DAGs
[2024-10-22T23:05:41.695+0000] {logging_mixin.py:190} INFO - [2024-10-22T23:05:41.695+0000] {dag.py:4180} INFO - Setting next_dagrun for example_subdag_operator.section-1 to None, run_after=None
[2024-10-22T23:05:41.695+0000] {logging_mixin.py:190} INFO - [2024-10-22T23:05:41.695+0000] {dag.py:4180} INFO - Setting next_dagrun for example_subdag_operator.section-2 to None, run_after=None
[2024-10-22T23:05:41.705+0000] {processor.py:208} INFO - Processing /home/airflow/.local/lib/python3.12/site-packages/airflow/example_dags/example_subdag_operator.py took 0.097 seconds
[2024-10-22T23:06:11.911+0000] {processor.py:186} INFO - Started process (PID=565) to work on /home/airflow/.local/lib/python3.12/site-packages/airflow/example_dags/example_subdag_operator.py
[2024-10-22T23:06:11.912+0000] {processor.py:914} INFO - Processing file /home/airflow/.local/lib/python3.12/site-packages/airflow/example_dags/example_subdag_operator.py for tasks to queue
[2024-10-22T23:06:11.915+0000] {logging_mixin.py:190} INFO - [2024-10-22T23:06:11.915+0000] {dagbag.py:588} INFO - Filling up the DagBag from /home/airflow/.local/lib/python3.12/site-packages/airflow/example_dags/example_subdag_operator.py
[2024-10-22T23:06:11.942+0000] {processor.py:925} INFO - DAG(s) 'example_subdag_operator.section-1', 'example_subdag_operator.section-2', 'example_subdag_operator' retrieved from /home/airflow/.local/lib/python3.12/site-packages/airflow/example_dags/example_subdag_operator.py
[2024-10-22T23:06:11.962+0000] {logging_mixin.py:190} INFO - [2024-10-22T23:06:11.962+0000] {dag.py:3239} INFO - Sync 3 DAGs
[2024-10-22T23:06:11.990+0000] {logging_mixin.py:190} INFO - [2024-10-22T23:06:11.990+0000] {dag.py:4180} INFO - Setting next_dagrun for example_subdag_operator to 2022-01-01 00:00:00+00:00, run_after=2022-01-01 00:00:00+00:00
[2024-10-22T23:06:11.994+0000] {logging_mixin.py:190} INFO - [2024-10-22T23:06:11.994+0000] {dag.py:4180} INFO - Setting next_dagrun for example_subdag_operator.section-1 to None, run_after=None
[2024-10-22T23:06:11.996+0000] {logging_mixin.py:190} INFO - [2024-10-22T23:06:11.996+0000] {dag.py:4180} INFO - Setting next_dagrun for example_subdag_operator.section-2 to None, run_after=None
[2024-10-22T23:06:12.002+0000] {logging_mixin.py:190} INFO - [2024-10-22T23:06:12.002+0000] {dag.py:3239} INFO - Sync 2 DAGs
[2024-10-22T23:06:12.007+0000] {logging_mixin.py:190} INFO - [2024-10-22T23:06:12.007+0000] {dag.py:4180} INFO - Setting next_dagrun for example_subdag_operator.section-1 to None, run_after=None
[2024-10-22T23:06:12.008+0000] {logging_mixin.py:190} INFO - [2024-10-22T23:06:12.008+0000] {dag.py:4180} INFO - Setting next_dagrun for example_subdag_operator.section-2 to None, run_after=None
[2024-10-22T23:06:12.019+0000] {processor.py:208} INFO - Processing /home/airflow/.local/lib/python3.12/site-packages/airflow/example_dags/example_subdag_operator.py took 0.114 seconds
[2024-10-22T23:06:42.333+0000] {processor.py:186} INFO - Started process (PID=635) to work on /home/airflow/.local/lib/python3.12/site-packages/airflow/example_dags/example_subdag_operator.py
[2024-10-22T23:06:42.333+0000] {processor.py:914} INFO - Processing file /home/airflow/.local/lib/python3.12/site-packages/airflow/example_dags/example_subdag_operator.py for tasks to queue
[2024-10-22T23:06:42.336+0000] {logging_mixin.py:190} INFO - [2024-10-22T23:06:42.336+0000] {dagbag.py:588} INFO - Filling up the DagBag from /home/airflow/.local/lib/python3.12/site-packages/airflow/example_dags/example_subdag_operator.py
[2024-10-22T23:06:42.357+0000] {processor.py:925} INFO - DAG(s) 'example_subdag_operator.section-1', 'example_subdag_operator.section-2', 'example_subdag_operator' retrieved from /home/airflow/.local/lib/python3.12/site-packages/airflow/example_dags/example_subdag_operator.py
[2024-10-22T23:06:42.369+0000] {logging_mixin.py:190} INFO - [2024-10-22T23:06:42.369+0000] {dag.py:3239} INFO - Sync 3 DAGs
[2024-10-22T23:06:42.387+0000] {logging_mixin.py:190} INFO - [2024-10-22T23:06:42.387+0000] {dag.py:4180} INFO - Setting next_dagrun for example_subdag_operator to 2022-01-01 00:00:00+00:00, run_after=2022-01-01 00:00:00+00:00
[2024-10-22T23:06:42.390+0000] {logging_mixin.py:190} INFO - [2024-10-22T23:06:42.390+0000] {dag.py:4180} INFO - Setting next_dagrun for example_subdag_operator.section-1 to None, run_after=None
[2024-10-22T23:06:42.392+0000] {logging_mixin.py:190} INFO - [2024-10-22T23:06:42.391+0000] {dag.py:4180} INFO - Setting next_dagrun for example_subdag_operator.section-2 to None, run_after=None
[2024-10-22T23:06:42.398+0000] {logging_mixin.py:190} INFO - [2024-10-22T23:06:42.398+0000] {dag.py:3239} INFO - Sync 2 DAGs
[2024-10-22T23:06:42.403+0000] {logging_mixin.py:190} INFO - [2024-10-22T23:06:42.403+0000] {dag.py:4180} INFO - Setting next_dagrun for example_subdag_operator.section-1 to None, run_after=None
[2024-10-22T23:06:42.404+0000] {logging_mixin.py:190} INFO - [2024-10-22T23:06:42.403+0000] {dag.py:4180} INFO - Setting next_dagrun for example_subdag_operator.section-2 to None, run_after=None
[2024-10-22T23:06:42.414+0000] {processor.py:208} INFO - Processing /home/airflow/.local/lib/python3.12/site-packages/airflow/example_dags/example_subdag_operator.py took 0.085 seconds
[2024-10-22T23:07:12.670+0000] {processor.py:186} INFO - Started process (PID=706) to work on /home/airflow/.local/lib/python3.12/site-packages/airflow/example_dags/example_subdag_operator.py
[2024-10-22T23:07:12.671+0000] {processor.py:914} INFO - Processing file /home/airflow/.local/lib/python3.12/site-packages/airflow/example_dags/example_subdag_operator.py for tasks to queue
[2024-10-22T23:07:12.674+0000] {logging_mixin.py:190} INFO - [2024-10-22T23:07:12.674+0000] {dagbag.py:588} INFO - Filling up the DagBag from /home/airflow/.local/lib/python3.12/site-packages/airflow/example_dags/example_subdag_operator.py
[2024-10-22T23:07:12.698+0000] {processor.py:925} INFO - DAG(s) 'example_subdag_operator.section-1', 'example_subdag_operator.section-2', 'example_subdag_operator' retrieved from /home/airflow/.local/lib/python3.12/site-packages/airflow/example_dags/example_subdag_operator.py
[2024-10-22T23:07:12.718+0000] {logging_mixin.py:190} INFO - [2024-10-22T23:07:12.718+0000] {dag.py:3239} INFO - Sync 3 DAGs
[2024-10-22T23:07:12.744+0000] {logging_mixin.py:190} INFO - [2024-10-22T23:07:12.744+0000] {dag.py:4180} INFO - Setting next_dagrun for example_subdag_operator to 2022-01-01 00:00:00+00:00, run_after=2022-01-01 00:00:00+00:00
[2024-10-22T23:07:12.747+0000] {logging_mixin.py:190} INFO - [2024-10-22T23:07:12.747+0000] {dag.py:4180} INFO - Setting next_dagrun for example_subdag_operator.section-1 to None, run_after=None
[2024-10-22T23:07:12.748+0000] {logging_mixin.py:190} INFO - [2024-10-22T23:07:12.748+0000] {dag.py:4180} INFO - Setting next_dagrun for example_subdag_operator.section-2 to None, run_after=None
[2024-10-22T23:07:12.756+0000] {logging_mixin.py:190} INFO - [2024-10-22T23:07:12.756+0000] {dag.py:3239} INFO - Sync 2 DAGs
[2024-10-22T23:07:12.761+0000] {logging_mixin.py:190} INFO - [2024-10-22T23:07:12.761+0000] {dag.py:4180} INFO - Setting next_dagrun for example_subdag_operator.section-1 to None, run_after=None
[2024-10-22T23:07:12.762+0000] {logging_mixin.py:190} INFO - [2024-10-22T23:07:12.762+0000] {dag.py:4180} INFO - Setting next_dagrun for example_subdag_operator.section-2 to None, run_after=None
[2024-10-22T23:07:12.772+0000] {processor.py:208} INFO - Processing /home/airflow/.local/lib/python3.12/site-packages/airflow/example_dags/example_subdag_operator.py took 0.109 seconds
[2024-10-22T23:07:43.566+0000] {processor.py:186} INFO - Started process (PID=776) to work on /home/airflow/.local/lib/python3.12/site-packages/airflow/example_dags/example_subdag_operator.py
[2024-10-22T23:07:43.566+0000] {processor.py:914} INFO - Processing file /home/airflow/.local/lib/python3.12/site-packages/airflow/example_dags/example_subdag_operator.py for tasks to queue
[2024-10-22T23:07:43.569+0000] {logging_mixin.py:190} INFO - [2024-10-22T23:07:43.568+0000] {dagbag.py:588} INFO - Filling up the DagBag from /home/airflow/.local/lib/python3.12/site-packages/airflow/example_dags/example_subdag_operator.py
[2024-10-22T23:07:43.589+0000] {processor.py:925} INFO - DAG(s) 'example_subdag_operator.section-1', 'example_subdag_operator.section-2', 'example_subdag_operator' retrieved from /home/airflow/.local/lib/python3.12/site-packages/airflow/example_dags/example_subdag_operator.py
[2024-10-22T23:07:43.602+0000] {logging_mixin.py:190} INFO - [2024-10-22T23:07:43.602+0000] {dag.py:3239} INFO - Sync 3 DAGs
[2024-10-22T23:07:43.622+0000] {logging_mixin.py:190} INFO - [2024-10-22T23:07:43.622+0000] {dag.py:4180} INFO - Setting next_dagrun for example_subdag_operator to 2022-01-01 00:00:00+00:00, run_after=2022-01-01 00:00:00+00:00
[2024-10-22T23:07:43.626+0000] {logging_mixin.py:190} INFO - [2024-10-22T23:07:43.626+0000] {dag.py:4180} INFO - Setting next_dagrun for example_subdag_operator.section-1 to None, run_after=None
[2024-10-22T23:07:43.628+0000] {logging_mixin.py:190} INFO - [2024-10-22T23:07:43.627+0000] {dag.py:4180} INFO - Setting next_dagrun for example_subdag_operator.section-2 to None, run_after=None
[2024-10-22T23:07:43.634+0000] {logging_mixin.py:190} INFO - [2024-10-22T23:07:43.634+0000] {dag.py:3239} INFO - Sync 2 DAGs
[2024-10-22T23:07:43.635+0000] {logging_mixin.py:190} INFO - [2024-10-22T23:07:43.635+0000] {dag.py:4180} INFO - Setting next_dagrun for example_subdag_operator.section-1 to None, run_after=None
[2024-10-22T23:07:43.636+0000] {logging_mixin.py:190} INFO - [2024-10-22T23:07:43.636+0000] {dag.py:4180} INFO - Setting next_dagrun for example_subdag_operator.section-2 to None, run_after=None
[2024-10-22T23:07:43.650+0000] {processor.py:208} INFO - Processing /home/airflow/.local/lib/python3.12/site-packages/airflow/example_dags/example_subdag_operator.py took 0.094 seconds
[2024-10-22T23:08:14.043+0000] {processor.py:186} INFO - Started process (PID=846) to work on /home/airflow/.local/lib/python3.12/site-packages/airflow/example_dags/example_subdag_operator.py
[2024-10-22T23:08:14.044+0000] {processor.py:914} INFO - Processing file /home/airflow/.local/lib/python3.12/site-packages/airflow/example_dags/example_subdag_operator.py for tasks to queue
[2024-10-22T23:08:14.046+0000] {logging_mixin.py:190} INFO - [2024-10-22T23:08:14.046+0000] {dagbag.py:588} INFO - Filling up the DagBag from /home/airflow/.local/lib/python3.12/site-packages/airflow/example_dags/example_subdag_operator.py
[2024-10-22T23:08:14.069+0000] {processor.py:925} INFO - DAG(s) 'example_subdag_operator.section-1', 'example_subdag_operator.section-2', 'example_subdag_operator' retrieved from /home/airflow/.local/lib/python3.12/site-packages/airflow/example_dags/example_subdag_operator.py
[2024-10-22T23:08:14.082+0000] {logging_mixin.py:190} INFO - [2024-10-22T23:08:14.082+0000] {dag.py:3239} INFO - Sync 3 DAGs
[2024-10-22T23:08:14.103+0000] {logging_mixin.py:190} INFO - [2024-10-22T23:08:14.103+0000] {dag.py:4180} INFO - Setting next_dagrun for example_subdag_operator to 2022-01-01 00:00:00+00:00, run_after=2022-01-01 00:00:00+00:00
[2024-10-22T23:08:14.106+0000] {logging_mixin.py:190} INFO - [2024-10-22T23:08:14.106+0000] {dag.py:4180} INFO - Setting next_dagrun for example_subdag_operator.section-1 to None, run_after=None
[2024-10-22T23:08:14.108+0000] {logging_mixin.py:190} INFO - [2024-10-22T23:08:14.107+0000] {dag.py:4180} INFO - Setting next_dagrun for example_subdag_operator.section-2 to None, run_after=None
[2024-10-22T23:08:14.113+0000] {logging_mixin.py:190} INFO - [2024-10-22T23:08:14.113+0000] {dag.py:3239} INFO - Sync 2 DAGs
[2024-10-22T23:08:14.119+0000] {logging_mixin.py:190} INFO - [2024-10-22T23:08:14.119+0000] {dag.py:4180} INFO - Setting next_dagrun for example_subdag_operator.section-1 to None, run_after=None
[2024-10-22T23:08:14.120+0000] {logging_mixin.py:190} INFO - [2024-10-22T23:08:14.120+0000] {dag.py:4180} INFO - Setting next_dagrun for example_subdag_operator.section-2 to None, run_after=None
[2024-10-22T23:08:14.130+0000] {processor.py:208} INFO - Processing /home/airflow/.local/lib/python3.12/site-packages/airflow/example_dags/example_subdag_operator.py took 0.092 seconds
[2024-10-22T23:08:44.817+0000] {processor.py:186} INFO - Started process (PID=916) to work on /home/airflow/.local/lib/python3.12/site-packages/airflow/example_dags/example_subdag_operator.py
[2024-10-22T23:08:44.818+0000] {processor.py:914} INFO - Processing file /home/airflow/.local/lib/python3.12/site-packages/airflow/example_dags/example_subdag_operator.py for tasks to queue
[2024-10-22T23:08:44.821+0000] {logging_mixin.py:190} INFO - [2024-10-22T23:08:44.820+0000] {dagbag.py:588} INFO - Filling up the DagBag from /home/airflow/.local/lib/python3.12/site-packages/airflow/example_dags/example_subdag_operator.py
[2024-10-22T23:08:44.843+0000] {processor.py:925} INFO - DAG(s) 'example_subdag_operator.section-1', 'example_subdag_operator.section-2', 'example_subdag_operator' retrieved from /home/airflow/.local/lib/python3.12/site-packages/airflow/example_dags/example_subdag_operator.py
[2024-10-22T23:08:44.858+0000] {logging_mixin.py:190} INFO - [2024-10-22T23:08:44.857+0000] {dag.py:3239} INFO - Sync 3 DAGs
[2024-10-22T23:08:44.878+0000] {logging_mixin.py:190} INFO - [2024-10-22T23:08:44.877+0000] {dag.py:4180} INFO - Setting next_dagrun for example_subdag_operator to 2022-01-01 00:00:00+00:00, run_after=2022-01-01 00:00:00+00:00
[2024-10-22T23:08:44.881+0000] {logging_mixin.py:190} INFO - [2024-10-22T23:08:44.881+0000] {dag.py:4180} INFO - Setting next_dagrun for example_subdag_operator.section-1 to None, run_after=None
[2024-10-22T23:08:44.883+0000] {logging_mixin.py:190} INFO - [2024-10-22T23:08:44.883+0000] {dag.py:4180} INFO - Setting next_dagrun for example_subdag_operator.section-2 to None, run_after=None
[2024-10-22T23:08:44.891+0000] {logging_mixin.py:190} INFO - [2024-10-22T23:08:44.890+0000] {dag.py:3239} INFO - Sync 2 DAGs
[2024-10-22T23:08:44.896+0000] {logging_mixin.py:190} INFO - [2024-10-22T23:08:44.896+0000] {dag.py:4180} INFO - Setting next_dagrun for example_subdag_operator.section-1 to None, run_after=None
[2024-10-22T23:08:44.896+0000] {logging_mixin.py:190} INFO - [2024-10-22T23:08:44.896+0000] {dag.py:4180} INFO - Setting next_dagrun for example_subdag_operator.section-2 to None, run_after=None
[2024-10-22T23:08:44.905+0000] {processor.py:208} INFO - Processing /home/airflow/.local/lib/python3.12/site-packages/airflow/example_dags/example_subdag_operator.py took 0.093 seconds
[2024-10-22T23:09:15.510+0000] {processor.py:186} INFO - Started process (PID=986) to work on /home/airflow/.local/lib/python3.12/site-packages/airflow/example_dags/example_subdag_operator.py
[2024-10-22T23:09:15.510+0000] {processor.py:914} INFO - Processing file /home/airflow/.local/lib/python3.12/site-packages/airflow/example_dags/example_subdag_operator.py for tasks to queue
[2024-10-22T23:09:15.512+0000] {logging_mixin.py:190} INFO - [2024-10-22T23:09:15.512+0000] {dagbag.py:588} INFO - Filling up the DagBag from /home/airflow/.local/lib/python3.12/site-packages/airflow/example_dags/example_subdag_operator.py
[2024-10-22T23:09:15.539+0000] {processor.py:925} INFO - DAG(s) 'example_subdag_operator.section-1', 'example_subdag_operator.section-2', 'example_subdag_operator' retrieved from /home/airflow/.local/lib/python3.12/site-packages/airflow/example_dags/example_subdag_operator.py
[2024-10-22T23:09:15.555+0000] {logging_mixin.py:190} INFO - [2024-10-22T23:09:15.555+0000] {dag.py:3239} INFO - Sync 3 DAGs
[2024-10-22T23:09:15.577+0000] {logging_mixin.py:190} INFO - [2024-10-22T23:09:15.576+0000] {dag.py:4180} INFO - Setting next_dagrun for example_subdag_operator to 2022-01-01 00:00:00+00:00, run_after=2022-01-01 00:00:00+00:00
[2024-10-22T23:09:15.584+0000] {logging_mixin.py:190} INFO - [2024-10-22T23:09:15.583+0000] {dag.py:4180} INFO - Setting next_dagrun for example_subdag_operator.section-1 to None, run_after=None
[2024-10-22T23:09:15.585+0000] {logging_mixin.py:190} INFO - [2024-10-22T23:09:15.585+0000] {dag.py:4180} INFO - Setting next_dagrun for example_subdag_operator.section-2 to None, run_after=None
[2024-10-22T23:09:15.593+0000] {logging_mixin.py:190} INFO - [2024-10-22T23:09:15.593+0000] {dag.py:3239} INFO - Sync 2 DAGs
[2024-10-22T23:09:15.599+0000] {logging_mixin.py:190} INFO - [2024-10-22T23:09:15.599+0000] {dag.py:4180} INFO - Setting next_dagrun for example_subdag_operator.section-1 to None, run_after=None
[2024-10-22T23:09:15.600+0000] {logging_mixin.py:190} INFO - [2024-10-22T23:09:15.600+0000] {dag.py:4180} INFO - Setting next_dagrun for example_subdag_operator.section-2 to None, run_after=None
[2024-10-22T23:09:15.612+0000] {processor.py:208} INFO - Processing /home/airflow/.local/lib/python3.12/site-packages/airflow/example_dags/example_subdag_operator.py took 0.107 seconds
[2024-10-22T23:09:45.990+0000] {processor.py:186} INFO - Started process (PID=1056) to work on /home/airflow/.local/lib/python3.12/site-packages/airflow/example_dags/example_subdag_operator.py
[2024-10-22T23:09:45.992+0000] {processor.py:914} INFO - Processing file /home/airflow/.local/lib/python3.12/site-packages/airflow/example_dags/example_subdag_operator.py for tasks to queue
[2024-10-22T23:09:45.995+0000] {logging_mixin.py:190} INFO - [2024-10-22T23:09:45.994+0000] {dagbag.py:588} INFO - Filling up the DagBag from /home/airflow/.local/lib/python3.12/site-packages/airflow/example_dags/example_subdag_operator.py
[2024-10-22T23:09:46.018+0000] {processor.py:925} INFO - DAG(s) 'example_subdag_operator.section-1', 'example_subdag_operator.section-2', 'example_subdag_operator' retrieved from /home/airflow/.local/lib/python3.12/site-packages/airflow/example_dags/example_subdag_operator.py
[2024-10-22T23:09:46.034+0000] {logging_mixin.py:190} INFO - [2024-10-22T23:09:46.033+0000] {dag.py:3239} INFO - Sync 3 DAGs
[2024-10-22T23:09:46.052+0000] {logging_mixin.py:190} INFO - [2024-10-22T23:09:46.052+0000] {dag.py:4180} INFO - Setting next_dagrun for example_subdag_operator to 2022-01-01 00:00:00+00:00, run_after=2022-01-01 00:00:00+00:00
[2024-10-22T23:09:46.057+0000] {logging_mixin.py:190} INFO - [2024-10-22T23:09:46.057+0000] {dag.py:4180} INFO - Setting next_dagrun for example_subdag_operator.section-1 to None, run_after=None
[2024-10-22T23:09:46.060+0000] {logging_mixin.py:190} INFO - [2024-10-22T23:09:46.060+0000] {dag.py:4180} INFO - Setting next_dagrun for example_subdag_operator.section-2 to None, run_after=None
[2024-10-22T23:09:46.066+0000] {logging_mixin.py:190} INFO - [2024-10-22T23:09:46.066+0000] {dag.py:3239} INFO - Sync 2 DAGs
[2024-10-22T23:09:46.071+0000] {logging_mixin.py:190} INFO - [2024-10-22T23:09:46.071+0000] {dag.py:4180} INFO - Setting next_dagrun for example_subdag_operator.section-1 to None, run_after=None
[2024-10-22T23:09:46.072+0000] {logging_mixin.py:190} INFO - [2024-10-22T23:09:46.071+0000] {dag.py:4180} INFO - Setting next_dagrun for example_subdag_operator.section-2 to None, run_after=None
[2024-10-22T23:09:46.083+0000] {processor.py:208} INFO - Processing /home/airflow/.local/lib/python3.12/site-packages/airflow/example_dags/example_subdag_operator.py took 0.098 seconds
[2024-10-22T23:10:16.350+0000] {processor.py:186} INFO - Started process (PID=1126) to work on /home/airflow/.local/lib/python3.12/site-packages/airflow/example_dags/example_subdag_operator.py
[2024-10-22T23:10:16.351+0000] {processor.py:914} INFO - Processing file /home/airflow/.local/lib/python3.12/site-packages/airflow/example_dags/example_subdag_operator.py for tasks to queue
[2024-10-22T23:10:16.354+0000] {logging_mixin.py:190} INFO - [2024-10-22T23:10:16.353+0000] {dagbag.py:588} INFO - Filling up the DagBag from /home/airflow/.local/lib/python3.12/site-packages/airflow/example_dags/example_subdag_operator.py
[2024-10-22T23:10:16.376+0000] {processor.py:925} INFO - DAG(s) 'example_subdag_operator.section-1', 'example_subdag_operator.section-2', 'example_subdag_operator' retrieved from /home/airflow/.local/lib/python3.12/site-packages/airflow/example_dags/example_subdag_operator.py
[2024-10-22T23:10:16.390+0000] {logging_mixin.py:190} INFO - [2024-10-22T23:10:16.390+0000] {dag.py:3239} INFO - Sync 3 DAGs
[2024-10-22T23:10:16.408+0000] {logging_mixin.py:190} INFO - [2024-10-22T23:10:16.408+0000] {dag.py:4180} INFO - Setting next_dagrun for example_subdag_operator to 2022-01-01 00:00:00+00:00, run_after=2022-01-01 00:00:00+00:00
[2024-10-22T23:10:16.412+0000] {logging_mixin.py:190} INFO - [2024-10-22T23:10:16.412+0000] {dag.py:4180} INFO - Setting next_dagrun for example_subdag_operator.section-1 to None, run_after=None
[2024-10-22T23:10:16.414+0000] {logging_mixin.py:190} INFO - [2024-10-22T23:10:16.414+0000] {dag.py:4180} INFO - Setting next_dagrun for example_subdag_operator.section-2 to None, run_after=None
[2024-10-22T23:10:16.419+0000] {logging_mixin.py:190} INFO - [2024-10-22T23:10:16.419+0000] {dag.py:3239} INFO - Sync 2 DAGs
[2024-10-22T23:10:16.425+0000] {logging_mixin.py:190} INFO - [2024-10-22T23:10:16.425+0000] {dag.py:4180} INFO - Setting next_dagrun for example_subdag_operator.section-1 to None, run_after=None
[2024-10-22T23:10:16.426+0000] {logging_mixin.py:190} INFO - [2024-10-22T23:10:16.426+0000] {dag.py:4180} INFO - Setting next_dagrun for example_subdag_operator.section-2 to None, run_after=None
[2024-10-22T23:10:16.437+0000] {processor.py:208} INFO - Processing /home/airflow/.local/lib/python3.12/site-packages/airflow/example_dags/example_subdag_operator.py took 0.092 seconds
[2024-10-22T23:10:46.999+0000] {processor.py:186} INFO - Started process (PID=1196) to work on /home/airflow/.local/lib/python3.12/site-packages/airflow/example_dags/example_subdag_operator.py
[2024-10-22T23:10:47.000+0000] {processor.py:914} INFO - Processing file /home/airflow/.local/lib/python3.12/site-packages/airflow/example_dags/example_subdag_operator.py for tasks to queue
[2024-10-22T23:10:47.002+0000] {logging_mixin.py:190} INFO - [2024-10-22T23:10:47.002+0000] {dagbag.py:588} INFO - Filling up the DagBag from /home/airflow/.local/lib/python3.12/site-packages/airflow/example_dags/example_subdag_operator.py
[2024-10-22T23:10:47.023+0000] {processor.py:925} INFO - DAG(s) 'example_subdag_operator.section-1', 'example_subdag_operator.section-2', 'example_subdag_operator' retrieved from /home/airflow/.local/lib/python3.12/site-packages/airflow/example_dags/example_subdag_operator.py
[2024-10-22T23:10:47.036+0000] {logging_mixin.py:190} INFO - [2024-10-22T23:10:47.036+0000] {dag.py:3239} INFO - Sync 3 DAGs
[2024-10-22T23:10:47.056+0000] {logging_mixin.py:190} INFO - [2024-10-22T23:10:47.055+0000] {dag.py:4180} INFO - Setting next_dagrun for example_subdag_operator to 2022-01-01 00:00:00+00:00, run_after=2022-01-01 00:00:00+00:00
[2024-10-22T23:10:47.059+0000] {logging_mixin.py:190} INFO - [2024-10-22T23:10:47.059+0000] {dag.py:4180} INFO - Setting next_dagrun for example_subdag_operator.section-1 to None, run_after=None
[2024-10-22T23:10:47.062+0000] {logging_mixin.py:190} INFO - [2024-10-22T23:10:47.062+0000] {dag.py:4180} INFO - Setting next_dagrun for example_subdag_operator.section-2 to None, run_after=None
[2024-10-22T23:10:47.069+0000] {logging_mixin.py:190} INFO - [2024-10-22T23:10:47.069+0000] {dag.py:3239} INFO - Sync 2 DAGs
[2024-10-22T23:10:47.074+0000] {logging_mixin.py:190} INFO - [2024-10-22T23:10:47.074+0000] {dag.py:4180} INFO - Setting next_dagrun for example_subdag_operator.section-1 to None, run_after=None
[2024-10-22T23:10:47.075+0000] {logging_mixin.py:190} INFO - [2024-10-22T23:10:47.075+0000] {dag.py:4180} INFO - Setting next_dagrun for example_subdag_operator.section-2 to None, run_after=None
[2024-10-22T23:10:47.087+0000] {processor.py:208} INFO - Processing /home/airflow/.local/lib/python3.12/site-packages/airflow/example_dags/example_subdag_operator.py took 0.095 seconds
[2024-10-22T23:11:17.790+0000] {processor.py:186} INFO - Started process (PID=1266) to work on /home/airflow/.local/lib/python3.12/site-packages/airflow/example_dags/example_subdag_operator.py
[2024-10-22T23:11:17.791+0000] {processor.py:914} INFO - Processing file /home/airflow/.local/lib/python3.12/site-packages/airflow/example_dags/example_subdag_operator.py for tasks to queue
[2024-10-22T23:11:17.794+0000] {logging_mixin.py:190} INFO - [2024-10-22T23:11:17.794+0000] {dagbag.py:588} INFO - Filling up the DagBag from /home/airflow/.local/lib/python3.12/site-packages/airflow/example_dags/example_subdag_operator.py
[2024-10-22T23:11:17.818+0000] {processor.py:925} INFO - DAG(s) 'example_subdag_operator.section-1', 'example_subdag_operator.section-2', 'example_subdag_operator' retrieved from /home/airflow/.local/lib/python3.12/site-packages/airflow/example_dags/example_subdag_operator.py
[2024-10-22T23:11:17.833+0000] {logging_mixin.py:190} INFO - [2024-10-22T23:11:17.832+0000] {dag.py:3239} INFO - Sync 3 DAGs
[2024-10-22T23:11:17.852+0000] {logging_mixin.py:190} INFO - [2024-10-22T23:11:17.852+0000] {dag.py:4180} INFO - Setting next_dagrun for example_subdag_operator to 2022-01-01 00:00:00+00:00, run_after=2022-01-01 00:00:00+00:00
[2024-10-22T23:11:17.855+0000] {logging_mixin.py:190} INFO - [2024-10-22T23:11:17.855+0000] {dag.py:4180} INFO - Setting next_dagrun for example_subdag_operator.section-1 to None, run_after=None
[2024-10-22T23:11:17.857+0000] {logging_mixin.py:190} INFO - [2024-10-22T23:11:17.856+0000] {dag.py:4180} INFO - Setting next_dagrun for example_subdag_operator.section-2 to None, run_after=None
[2024-10-22T23:11:17.864+0000] {logging_mixin.py:190} INFO - [2024-10-22T23:11:17.864+0000] {dag.py:3239} INFO - Sync 2 DAGs
[2024-10-22T23:11:17.869+0000] {logging_mixin.py:190} INFO - [2024-10-22T23:11:17.869+0000] {dag.py:4180} INFO - Setting next_dagrun for example_subdag_operator.section-1 to None, run_after=None
[2024-10-22T23:11:17.870+0000] {logging_mixin.py:190} INFO - [2024-10-22T23:11:17.869+0000] {dag.py:4180} INFO - Setting next_dagrun for example_subdag_operator.section-2 to None, run_after=None
[2024-10-22T23:11:17.881+0000] {processor.py:208} INFO - Processing /home/airflow/.local/lib/python3.12/site-packages/airflow/example_dags/example_subdag_operator.py took 0.095 seconds
[2024-10-22T23:11:48.373+0000] {processor.py:186} INFO - Started process (PID=1336) to work on /home/airflow/.local/lib/python3.12/site-packages/airflow/example_dags/example_subdag_operator.py
[2024-10-22T23:11:48.374+0000] {processor.py:914} INFO - Processing file /home/airflow/.local/lib/python3.12/site-packages/airflow/example_dags/example_subdag_operator.py for tasks to queue
[2024-10-22T23:11:48.377+0000] {logging_mixin.py:190} INFO - [2024-10-22T23:11:48.377+0000] {dagbag.py:588} INFO - Filling up the DagBag from /home/airflow/.local/lib/python3.12/site-packages/airflow/example_dags/example_subdag_operator.py
[2024-10-22T23:11:48.402+0000] {processor.py:925} INFO - DAG(s) 'example_subdag_operator.section-1', 'example_subdag_operator.section-2', 'example_subdag_operator' retrieved from /home/airflow/.local/lib/python3.12/site-packages/airflow/example_dags/example_subdag_operator.py
[2024-10-22T23:11:48.416+0000] {logging_mixin.py:190} INFO - [2024-10-22T23:11:48.415+0000] {dag.py:3239} INFO - Sync 3 DAGs
[2024-10-22T23:11:48.437+0000] {logging_mixin.py:190} INFO - [2024-10-22T23:11:48.437+0000] {dag.py:4180} INFO - Setting next_dagrun for example_subdag_operator to 2022-01-01 00:00:00+00:00, run_after=2022-01-01 00:00:00+00:00
[2024-10-22T23:11:48.440+0000] {logging_mixin.py:190} INFO - [2024-10-22T23:11:48.440+0000] {dag.py:4180} INFO - Setting next_dagrun for example_subdag_operator.section-1 to None, run_after=None
[2024-10-22T23:11:48.442+0000] {logging_mixin.py:190} INFO - [2024-10-22T23:11:48.441+0000] {dag.py:4180} INFO - Setting next_dagrun for example_subdag_operator.section-2 to None, run_after=None
[2024-10-22T23:11:48.449+0000] {logging_mixin.py:190} INFO - [2024-10-22T23:11:48.449+0000] {dag.py:3239} INFO - Sync 2 DAGs
[2024-10-22T23:11:48.455+0000] {logging_mixin.py:190} INFO - [2024-10-22T23:11:48.454+0000] {dag.py:4180} INFO - Setting next_dagrun for example_subdag_operator.section-1 to None, run_after=None
[2024-10-22T23:11:48.456+0000] {logging_mixin.py:190} INFO - [2024-10-22T23:11:48.455+0000] {dag.py:4180} INFO - Setting next_dagrun for example_subdag_operator.section-2 to None, run_after=None
[2024-10-22T23:11:48.467+0000] {processor.py:208} INFO - Processing /home/airflow/.local/lib/python3.12/site-packages/airflow/example_dags/example_subdag_operator.py took 0.101 seconds
[2024-10-22T23:12:19.192+0000] {processor.py:186} INFO - Started process (PID=1406) to work on /home/airflow/.local/lib/python3.12/site-packages/airflow/example_dags/example_subdag_operator.py
[2024-10-22T23:12:19.193+0000] {processor.py:914} INFO - Processing file /home/airflow/.local/lib/python3.12/site-packages/airflow/example_dags/example_subdag_operator.py for tasks to queue
[2024-10-22T23:12:19.195+0000] {logging_mixin.py:190} INFO - [2024-10-22T23:12:19.195+0000] {dagbag.py:588} INFO - Filling up the DagBag from /home/airflow/.local/lib/python3.12/site-packages/airflow/example_dags/example_subdag_operator.py
[2024-10-22T23:12:19.216+0000] {processor.py:925} INFO - DAG(s) 'example_subdag_operator.section-1', 'example_subdag_operator.section-2', 'example_subdag_operator' retrieved from /home/airflow/.local/lib/python3.12/site-packages/airflow/example_dags/example_subdag_operator.py
[2024-10-22T23:12:19.227+0000] {logging_mixin.py:190} INFO - [2024-10-22T23:12:19.227+0000] {dag.py:3239} INFO - Sync 3 DAGs
[2024-10-22T23:12:19.246+0000] {logging_mixin.py:190} INFO - [2024-10-22T23:12:19.245+0000] {dag.py:4180} INFO - Setting next_dagrun for example_subdag_operator to 2022-01-01 00:00:00+00:00, run_after=2022-01-01 00:00:00+00:00
[2024-10-22T23:12:19.249+0000] {logging_mixin.py:190} INFO - [2024-10-22T23:12:19.249+0000] {dag.py:4180} INFO - Setting next_dagrun for example_subdag_operator.section-1 to None, run_after=None
[2024-10-22T23:12:19.251+0000] {logging_mixin.py:190} INFO - [2024-10-22T23:12:19.250+0000] {dag.py:4180} INFO - Setting next_dagrun for example_subdag_operator.section-2 to None, run_after=None
[2024-10-22T23:12:19.257+0000] {logging_mixin.py:190} INFO - [2024-10-22T23:12:19.256+0000] {dag.py:3239} INFO - Sync 2 DAGs
[2024-10-22T23:12:19.261+0000] {logging_mixin.py:190} INFO - [2024-10-22T23:12:19.261+0000] {dag.py:4180} INFO - Setting next_dagrun for example_subdag_operator.section-1 to None, run_after=None
[2024-10-22T23:12:19.262+0000] {logging_mixin.py:190} INFO - [2024-10-22T23:12:19.262+0000] {dag.py:4180} INFO - Setting next_dagrun for example_subdag_operator.section-2 to None, run_after=None
[2024-10-22T23:12:19.272+0000] {processor.py:208} INFO - Processing /home/airflow/.local/lib/python3.12/site-packages/airflow/example_dags/example_subdag_operator.py took 0.085 seconds
[2024-10-22T23:12:49.580+0000] {processor.py:186} INFO - Started process (PID=1476) to work on /home/airflow/.local/lib/python3.12/site-packages/airflow/example_dags/example_subdag_operator.py
[2024-10-22T23:12:49.581+0000] {processor.py:914} INFO - Processing file /home/airflow/.local/lib/python3.12/site-packages/airflow/example_dags/example_subdag_operator.py for tasks to queue
[2024-10-22T23:12:49.583+0000] {logging_mixin.py:190} INFO - [2024-10-22T23:12:49.582+0000] {dagbag.py:588} INFO - Filling up the DagBag from /home/airflow/.local/lib/python3.12/site-packages/airflow/example_dags/example_subdag_operator.py
[2024-10-22T23:12:49.609+0000] {processor.py:925} INFO - DAG(s) 'example_subdag_operator.section-1', 'example_subdag_operator.section-2', 'example_subdag_operator' retrieved from /home/airflow/.local/lib/python3.12/site-packages/airflow/example_dags/example_subdag_operator.py
[2024-10-22T23:12:49.622+0000] {logging_mixin.py:190} INFO - [2024-10-22T23:12:49.622+0000] {dag.py:3239} INFO - Sync 3 DAGs
[2024-10-22T23:12:49.643+0000] {logging_mixin.py:190} INFO - [2024-10-22T23:12:49.642+0000] {dag.py:4180} INFO - Setting next_dagrun for example_subdag_operator to 2022-01-01 00:00:00+00:00, run_after=2022-01-01 00:00:00+00:00
[2024-10-22T23:12:49.646+0000] {logging_mixin.py:190} INFO - [2024-10-22T23:12:49.646+0000] {dag.py:4180} INFO - Setting next_dagrun for example_subdag_operator.section-1 to None, run_after=None
[2024-10-22T23:12:49.648+0000] {logging_mixin.py:190} INFO - [2024-10-22T23:12:49.648+0000] {dag.py:4180} INFO - Setting next_dagrun for example_subdag_operator.section-2 to None, run_after=None
[2024-10-22T23:12:49.655+0000] {logging_mixin.py:190} INFO - [2024-10-22T23:12:49.655+0000] {dag.py:3239} INFO - Sync 2 DAGs
[2024-10-22T23:12:49.661+0000] {logging_mixin.py:190} INFO - [2024-10-22T23:12:49.661+0000] {dag.py:4180} INFO - Setting next_dagrun for example_subdag_operator.section-1 to None, run_after=None
[2024-10-22T23:12:49.662+0000] {logging_mixin.py:190} INFO - [2024-10-22T23:12:49.661+0000] {dag.py:4180} INFO - Setting next_dagrun for example_subdag_operator.section-2 to None, run_after=None
[2024-10-22T23:12:49.672+0000] {processor.py:208} INFO - Processing /home/airflow/.local/lib/python3.12/site-packages/airflow/example_dags/example_subdag_operator.py took 0.097 seconds
[2024-10-22T23:13:20.120+0000] {processor.py:186} INFO - Started process (PID=1546) to work on /home/airflow/.local/lib/python3.12/site-packages/airflow/example_dags/example_subdag_operator.py
[2024-10-22T23:13:20.121+0000] {processor.py:914} INFO - Processing file /home/airflow/.local/lib/python3.12/site-packages/airflow/example_dags/example_subdag_operator.py for tasks to queue
[2024-10-22T23:13:20.124+0000] {logging_mixin.py:190} INFO - [2024-10-22T23:13:20.123+0000] {dagbag.py:588} INFO - Filling up the DagBag from /home/airflow/.local/lib/python3.12/site-packages/airflow/example_dags/example_subdag_operator.py
[2024-10-22T23:13:20.146+0000] {processor.py:925} INFO - DAG(s) 'example_subdag_operator.section-1', 'example_subdag_operator.section-2', 'example_subdag_operator' retrieved from /home/airflow/.local/lib/python3.12/site-packages/airflow/example_dags/example_subdag_operator.py
[2024-10-22T23:13:20.159+0000] {logging_mixin.py:190} INFO - [2024-10-22T23:13:20.159+0000] {dag.py:3239} INFO - Sync 3 DAGs
[2024-10-22T23:13:20.177+0000] {logging_mixin.py:190} INFO - [2024-10-22T23:13:20.177+0000] {dag.py:4180} INFO - Setting next_dagrun for example_subdag_operator to 2022-01-01 00:00:00+00:00, run_after=2022-01-01 00:00:00+00:00
[2024-10-22T23:13:20.180+0000] {logging_mixin.py:190} INFO - [2024-10-22T23:13:20.180+0000] {dag.py:4180} INFO - Setting next_dagrun for example_subdag_operator.section-1 to None, run_after=None
[2024-10-22T23:13:20.181+0000] {logging_mixin.py:190} INFO - [2024-10-22T23:13:20.181+0000] {dag.py:4180} INFO - Setting next_dagrun for example_subdag_operator.section-2 to None, run_after=None
[2024-10-22T23:13:20.187+0000] {logging_mixin.py:190} INFO - [2024-10-22T23:13:20.186+0000] {dag.py:3239} INFO - Sync 2 DAGs
[2024-10-22T23:13:20.191+0000] {logging_mixin.py:190} INFO - [2024-10-22T23:13:20.191+0000] {dag.py:4180} INFO - Setting next_dagrun for example_subdag_operator.section-1 to None, run_after=None
[2024-10-22T23:13:20.191+0000] {logging_mixin.py:190} INFO - [2024-10-22T23:13:20.191+0000] {dag.py:4180} INFO - Setting next_dagrun for example_subdag_operator.section-2 to None, run_after=None
[2024-10-22T23:13:20.200+0000] {processor.py:208} INFO - Processing /home/airflow/.local/lib/python3.12/site-packages/airflow/example_dags/example_subdag_operator.py took 0.087 seconds
[2024-10-22T23:13:50.384+0000] {processor.py:186} INFO - Started process (PID=1617) to work on /home/airflow/.local/lib/python3.12/site-packages/airflow/example_dags/example_subdag_operator.py
[2024-10-22T23:13:50.385+0000] {processor.py:914} INFO - Processing file /home/airflow/.local/lib/python3.12/site-packages/airflow/example_dags/example_subdag_operator.py for tasks to queue
[2024-10-22T23:13:50.387+0000] {logging_mixin.py:190} INFO - [2024-10-22T23:13:50.387+0000] {dagbag.py:588} INFO - Filling up the DagBag from /home/airflow/.local/lib/python3.12/site-packages/airflow/example_dags/example_subdag_operator.py
[2024-10-22T23:13:50.408+0000] {processor.py:925} INFO - DAG(s) 'example_subdag_operator.section-1', 'example_subdag_operator.section-2', 'example_subdag_operator' retrieved from /home/airflow/.local/lib/python3.12/site-packages/airflow/example_dags/example_subdag_operator.py
[2024-10-22T23:13:50.421+0000] {logging_mixin.py:190} INFO - [2024-10-22T23:13:50.421+0000] {dag.py:3239} INFO - Sync 3 DAGs
[2024-10-22T23:13:50.438+0000] {logging_mixin.py:190} INFO - [2024-10-22T23:13:50.438+0000] {dag.py:4180} INFO - Setting next_dagrun for example_subdag_operator to 2022-01-01 00:00:00+00:00, run_after=2022-01-01 00:00:00+00:00
[2024-10-22T23:13:50.441+0000] {logging_mixin.py:190} INFO - [2024-10-22T23:13:50.441+0000] {dag.py:4180} INFO - Setting next_dagrun for example_subdag_operator.section-1 to None, run_after=None
[2024-10-22T23:13:50.442+0000] {logging_mixin.py:190} INFO - [2024-10-22T23:13:50.442+0000] {dag.py:4180} INFO - Setting next_dagrun for example_subdag_operator.section-2 to None, run_after=None
[2024-10-22T23:13:50.448+0000] {logging_mixin.py:190} INFO - [2024-10-22T23:13:50.447+0000] {dag.py:3239} INFO - Sync 2 DAGs
[2024-10-22T23:13:50.453+0000] {logging_mixin.py:190} INFO - [2024-10-22T23:13:50.453+0000] {dag.py:4180} INFO - Setting next_dagrun for example_subdag_operator.section-1 to None, run_after=None
[2024-10-22T23:13:50.454+0000] {logging_mixin.py:190} INFO - [2024-10-22T23:13:50.454+0000] {dag.py:4180} INFO - Setting next_dagrun for example_subdag_operator.section-2 to None, run_after=None
[2024-10-22T23:13:50.466+0000] {processor.py:208} INFO - Processing /home/airflow/.local/lib/python3.12/site-packages/airflow/example_dags/example_subdag_operator.py took 0.088 seconds
[2024-10-22T23:14:21.204+0000] {processor.py:186} INFO - Started process (PID=1687) to work on /home/airflow/.local/lib/python3.12/site-packages/airflow/example_dags/example_subdag_operator.py
[2024-10-22T23:14:21.206+0000] {processor.py:914} INFO - Processing file /home/airflow/.local/lib/python3.12/site-packages/airflow/example_dags/example_subdag_operator.py for tasks to queue
[2024-10-22T23:14:21.208+0000] {logging_mixin.py:190} INFO - [2024-10-22T23:14:21.208+0000] {dagbag.py:588} INFO - Filling up the DagBag from /home/airflow/.local/lib/python3.12/site-packages/airflow/example_dags/example_subdag_operator.py
[2024-10-22T23:14:21.230+0000] {processor.py:925} INFO - DAG(s) 'example_subdag_operator.section-1', 'example_subdag_operator.section-2', 'example_subdag_operator' retrieved from /home/airflow/.local/lib/python3.12/site-packages/airflow/example_dags/example_subdag_operator.py
[2024-10-22T23:14:21.247+0000] {logging_mixin.py:190} INFO - [2024-10-22T23:14:21.246+0000] {dag.py:3239} INFO - Sync 3 DAGs
[2024-10-22T23:14:21.275+0000] {logging_mixin.py:190} INFO - [2024-10-22T23:14:21.275+0000] {dag.py:4180} INFO - Setting next_dagrun for example_subdag_operator to 2022-01-01 00:00:00+00:00, run_after=2022-01-01 00:00:00+00:00
[2024-10-22T23:14:21.280+0000] {logging_mixin.py:190} INFO - [2024-10-22T23:14:21.280+0000] {dag.py:4180} INFO - Setting next_dagrun for example_subdag_operator.section-1 to None, run_after=None
[2024-10-22T23:14:21.283+0000] {logging_mixin.py:190} INFO - [2024-10-22T23:14:21.282+0000] {dag.py:4180} INFO - Setting next_dagrun for example_subdag_operator.section-2 to None, run_after=None
[2024-10-22T23:14:21.290+0000] {logging_mixin.py:190} INFO - [2024-10-22T23:14:21.290+0000] {dag.py:3239} INFO - Sync 2 DAGs
[2024-10-22T23:14:21.295+0000] {logging_mixin.py:190} INFO - [2024-10-22T23:14:21.295+0000] {dag.py:4180} INFO - Setting next_dagrun for example_subdag_operator.section-1 to None, run_after=None
[2024-10-22T23:14:21.296+0000] {logging_mixin.py:190} INFO - [2024-10-22T23:14:21.295+0000] {dag.py:4180} INFO - Setting next_dagrun for example_subdag_operator.section-2 to None, run_after=None
[2024-10-22T23:14:21.307+0000] {processor.py:208} INFO - Processing /home/airflow/.local/lib/python3.12/site-packages/airflow/example_dags/example_subdag_operator.py took 0.108 seconds
[2024-10-22T23:14:51.640+0000] {processor.py:186} INFO - Started process (PID=1758) to work on /home/airflow/.local/lib/python3.12/site-packages/airflow/example_dags/example_subdag_operator.py
[2024-10-22T23:14:51.641+0000] {processor.py:914} INFO - Processing file /home/airflow/.local/lib/python3.12/site-packages/airflow/example_dags/example_subdag_operator.py for tasks to queue
[2024-10-22T23:14:51.644+0000] {logging_mixin.py:190} INFO - [2024-10-22T23:14:51.644+0000] {dagbag.py:588} INFO - Filling up the DagBag from /home/airflow/.local/lib/python3.12/site-packages/airflow/example_dags/example_subdag_operator.py
[2024-10-22T23:14:51.667+0000] {processor.py:925} INFO - DAG(s) 'example_subdag_operator.section-1', 'example_subdag_operator.section-2', 'example_subdag_operator' retrieved from /home/airflow/.local/lib/python3.12/site-packages/airflow/example_dags/example_subdag_operator.py
[2024-10-22T23:14:51.681+0000] {logging_mixin.py:190} INFO - [2024-10-22T23:14:51.680+0000] {dag.py:3239} INFO - Sync 3 DAGs
[2024-10-22T23:14:51.703+0000] {logging_mixin.py:190} INFO - [2024-10-22T23:14:51.703+0000] {dag.py:4180} INFO - Setting next_dagrun for example_subdag_operator to 2022-01-01 00:00:00+00:00, run_after=2022-01-01 00:00:00+00:00
[2024-10-22T23:14:51.708+0000] {logging_mixin.py:190} INFO - [2024-10-22T23:14:51.708+0000] {dag.py:4180} INFO - Setting next_dagrun for example_subdag_operator.section-1 to None, run_after=None
[2024-10-22T23:14:51.710+0000] {logging_mixin.py:190} INFO - [2024-10-22T23:14:51.710+0000] {dag.py:4180} INFO - Setting next_dagrun for example_subdag_operator.section-2 to None, run_after=None
[2024-10-22T23:14:51.716+0000] {logging_mixin.py:190} INFO - [2024-10-22T23:14:51.716+0000] {dag.py:3239} INFO - Sync 2 DAGs
[2024-10-22T23:14:51.721+0000] {logging_mixin.py:190} INFO - [2024-10-22T23:14:51.721+0000] {dag.py:4180} INFO - Setting next_dagrun for example_subdag_operator.section-1 to None, run_after=None
[2024-10-22T23:14:51.722+0000] {logging_mixin.py:190} INFO - [2024-10-22T23:14:51.722+0000] {dag.py:4180} INFO - Setting next_dagrun for example_subdag_operator.section-2 to None, run_after=None
[2024-10-22T23:14:51.735+0000] {processor.py:208} INFO - Processing /home/airflow/.local/lib/python3.12/site-packages/airflow/example_dags/example_subdag_operator.py took 0.100 seconds
[2024-10-22T23:15:22.295+0000] {processor.py:186} INFO - Started process (PID=1828) to work on /home/airflow/.local/lib/python3.12/site-packages/airflow/example_dags/example_subdag_operator.py
[2024-10-22T23:15:22.296+0000] {processor.py:914} INFO - Processing file /home/airflow/.local/lib/python3.12/site-packages/airflow/example_dags/example_subdag_operator.py for tasks to queue
[2024-10-22T23:15:22.299+0000] {logging_mixin.py:190} INFO - [2024-10-22T23:15:22.298+0000] {dagbag.py:588} INFO - Filling up the DagBag from /home/airflow/.local/lib/python3.12/site-packages/airflow/example_dags/example_subdag_operator.py
[2024-10-22T23:15:22.320+0000] {processor.py:925} INFO - DAG(s) 'example_subdag_operator.section-1', 'example_subdag_operator.section-2', 'example_subdag_operator' retrieved from /home/airflow/.local/lib/python3.12/site-packages/airflow/example_dags/example_subdag_operator.py
[2024-10-22T23:15:22.335+0000] {logging_mixin.py:190} INFO - [2024-10-22T23:15:22.334+0000] {dag.py:3239} INFO - Sync 3 DAGs
[2024-10-22T23:15:22.353+0000] {logging_mixin.py:190} INFO - [2024-10-22T23:15:22.353+0000] {dag.py:4180} INFO - Setting next_dagrun for example_subdag_operator to 2022-01-01 00:00:00+00:00, run_after=2022-01-01 00:00:00+00:00
[2024-10-22T23:15:22.358+0000] {logging_mixin.py:190} INFO - [2024-10-22T23:15:22.357+0000] {dag.py:4180} INFO - Setting next_dagrun for example_subdag_operator.section-1 to None, run_after=None
[2024-10-22T23:15:22.360+0000] {logging_mixin.py:190} INFO - [2024-10-22T23:15:22.359+0000] {dag.py:4180} INFO - Setting next_dagrun for example_subdag_operator.section-2 to None, run_after=None
[2024-10-22T23:15:22.368+0000] {logging_mixin.py:190} INFO - [2024-10-22T23:15:22.367+0000] {dag.py:3239} INFO - Sync 2 DAGs
[2024-10-22T23:15:22.373+0000] {logging_mixin.py:190} INFO - [2024-10-22T23:15:22.373+0000] {dag.py:4180} INFO - Setting next_dagrun for example_subdag_operator.section-1 to None, run_after=None
[2024-10-22T23:15:22.375+0000] {logging_mixin.py:190} INFO - [2024-10-22T23:15:22.374+0000] {dag.py:4180} INFO - Setting next_dagrun for example_subdag_operator.section-2 to None, run_after=None
[2024-10-22T23:15:22.387+0000] {processor.py:208} INFO - Processing /home/airflow/.local/lib/python3.12/site-packages/airflow/example_dags/example_subdag_operator.py took 0.096 seconds
[2024-10-22T23:15:52.732+0000] {processor.py:186} INFO - Started process (PID=1898) to work on /home/airflow/.local/lib/python3.12/site-packages/airflow/example_dags/example_subdag_operator.py
[2024-10-22T23:15:52.733+0000] {processor.py:914} INFO - Processing file /home/airflow/.local/lib/python3.12/site-packages/airflow/example_dags/example_subdag_operator.py for tasks to queue
[2024-10-22T23:15:52.735+0000] {logging_mixin.py:190} INFO - [2024-10-22T23:15:52.735+0000] {dagbag.py:588} INFO - Filling up the DagBag from /home/airflow/.local/lib/python3.12/site-packages/airflow/example_dags/example_subdag_operator.py
[2024-10-22T23:15:52.759+0000] {processor.py:925} INFO - DAG(s) 'example_subdag_operator.section-1', 'example_subdag_operator.section-2', 'example_subdag_operator' retrieved from /home/airflow/.local/lib/python3.12/site-packages/airflow/example_dags/example_subdag_operator.py
[2024-10-22T23:15:52.771+0000] {logging_mixin.py:190} INFO - [2024-10-22T23:15:52.771+0000] {dag.py:3239} INFO - Sync 3 DAGs
[2024-10-22T23:15:52.791+0000] {logging_mixin.py:190} INFO - [2024-10-22T23:15:52.791+0000] {dag.py:4180} INFO - Setting next_dagrun for example_subdag_operator to 2022-01-01 00:00:00+00:00, run_after=2022-01-01 00:00:00+00:00
[2024-10-22T23:15:52.795+0000] {logging_mixin.py:190} INFO - [2024-10-22T23:15:52.795+0000] {dag.py:4180} INFO - Setting next_dagrun for example_subdag_operator.section-1 to None, run_after=None
[2024-10-22T23:15:52.797+0000] {logging_mixin.py:190} INFO - [2024-10-22T23:15:52.797+0000] {dag.py:4180} INFO - Setting next_dagrun for example_subdag_operator.section-2 to None, run_after=None
[2024-10-22T23:15:52.804+0000] {logging_mixin.py:190} INFO - [2024-10-22T23:15:52.804+0000] {dag.py:3239} INFO - Sync 2 DAGs
[2024-10-22T23:15:52.812+0000] {logging_mixin.py:190} INFO - [2024-10-22T23:15:52.812+0000] {dag.py:4180} INFO - Setting next_dagrun for example_subdag_operator.section-1 to None, run_after=None
[2024-10-22T23:15:52.813+0000] {logging_mixin.py:190} INFO - [2024-10-22T23:15:52.813+0000] {dag.py:4180} INFO - Setting next_dagrun for example_subdag_operator.section-2 to None, run_after=None
[2024-10-22T23:15:52.828+0000] {processor.py:208} INFO - Processing /home/airflow/.local/lib/python3.12/site-packages/airflow/example_dags/example_subdag_operator.py took 0.101 seconds
[2024-10-22T23:16:23.160+0000] {processor.py:186} INFO - Started process (PID=1969) to work on /home/airflow/.local/lib/python3.12/site-packages/airflow/example_dags/example_subdag_operator.py
[2024-10-22T23:16:23.161+0000] {processor.py:914} INFO - Processing file /home/airflow/.local/lib/python3.12/site-packages/airflow/example_dags/example_subdag_operator.py for tasks to queue
[2024-10-22T23:16:23.163+0000] {logging_mixin.py:190} INFO - [2024-10-22T23:16:23.163+0000] {dagbag.py:588} INFO - Filling up the DagBag from /home/airflow/.local/lib/python3.12/site-packages/airflow/example_dags/example_subdag_operator.py
[2024-10-22T23:16:23.185+0000] {processor.py:925} INFO - DAG(s) 'example_subdag_operator.section-1', 'example_subdag_operator.section-2', 'example_subdag_operator' retrieved from /home/airflow/.local/lib/python3.12/site-packages/airflow/example_dags/example_subdag_operator.py
[2024-10-22T23:16:23.199+0000] {logging_mixin.py:190} INFO - [2024-10-22T23:16:23.199+0000] {dag.py:3239} INFO - Sync 3 DAGs
[2024-10-22T23:16:23.219+0000] {logging_mixin.py:190} INFO - [2024-10-22T23:16:23.219+0000] {dag.py:4180} INFO - Setting next_dagrun for example_subdag_operator to 2022-01-01 00:00:00+00:00, run_after=2022-01-01 00:00:00+00:00
[2024-10-22T23:16:23.223+0000] {logging_mixin.py:190} INFO - [2024-10-22T23:16:23.223+0000] {dag.py:4180} INFO - Setting next_dagrun for example_subdag_operator.section-1 to None, run_after=None
[2024-10-22T23:16:23.224+0000] {logging_mixin.py:190} INFO - [2024-10-22T23:16:23.224+0000] {dag.py:4180} INFO - Setting next_dagrun for example_subdag_operator.section-2 to None, run_after=None
[2024-10-22T23:16:23.230+0000] {logging_mixin.py:190} INFO - [2024-10-22T23:16:23.230+0000] {dag.py:3239} INFO - Sync 2 DAGs
[2024-10-22T23:16:23.235+0000] {logging_mixin.py:190} INFO - [2024-10-22T23:16:23.235+0000] {dag.py:4180} INFO - Setting next_dagrun for example_subdag_operator.section-1 to None, run_after=None
[2024-10-22T23:16:23.236+0000] {logging_mixin.py:190} INFO - [2024-10-22T23:16:23.236+0000] {dag.py:4180} INFO - Setting next_dagrun for example_subdag_operator.section-2 to None, run_after=None
[2024-10-22T23:16:23.247+0000] {processor.py:208} INFO - Processing /home/airflow/.local/lib/python3.12/site-packages/airflow/example_dags/example_subdag_operator.py took 0.092 seconds
[2024-10-22T23:16:53.650+0000] {processor.py:186} INFO - Started process (PID=2039) to work on /home/airflow/.local/lib/python3.12/site-packages/airflow/example_dags/example_subdag_operator.py
[2024-10-22T23:16:53.651+0000] {processor.py:914} INFO - Processing file /home/airflow/.local/lib/python3.12/site-packages/airflow/example_dags/example_subdag_operator.py for tasks to queue
[2024-10-22T23:16:53.654+0000] {logging_mixin.py:190} INFO - [2024-10-22T23:16:53.653+0000] {dagbag.py:588} INFO - Filling up the DagBag from /home/airflow/.local/lib/python3.12/site-packages/airflow/example_dags/example_subdag_operator.py
[2024-10-22T23:16:53.677+0000] {processor.py:925} INFO - DAG(s) 'example_subdag_operator.section-1', 'example_subdag_operator.section-2', 'example_subdag_operator' retrieved from /home/airflow/.local/lib/python3.12/site-packages/airflow/example_dags/example_subdag_operator.py
[2024-10-22T23:16:53.691+0000] {logging_mixin.py:190} INFO - [2024-10-22T23:16:53.691+0000] {dag.py:3239} INFO - Sync 3 DAGs
[2024-10-22T23:16:53.714+0000] {logging_mixin.py:190} INFO - [2024-10-22T23:16:53.713+0000] {dag.py:4180} INFO - Setting next_dagrun for example_subdag_operator to 2022-01-01 00:00:00+00:00, run_after=2022-01-01 00:00:00+00:00
[2024-10-22T23:16:53.718+0000] {logging_mixin.py:190} INFO - [2024-10-22T23:16:53.718+0000] {dag.py:4180} INFO - Setting next_dagrun for example_subdag_operator.section-1 to None, run_after=None
[2024-10-22T23:16:53.720+0000] {logging_mixin.py:190} INFO - [2024-10-22T23:16:53.720+0000] {dag.py:4180} INFO - Setting next_dagrun for example_subdag_operator.section-2 to None, run_after=None
[2024-10-22T23:16:53.726+0000] {logging_mixin.py:190} INFO - [2024-10-22T23:16:53.726+0000] {dag.py:3239} INFO - Sync 2 DAGs
[2024-10-22T23:16:53.733+0000] {logging_mixin.py:190} INFO - [2024-10-22T23:16:53.733+0000] {dag.py:4180} INFO - Setting next_dagrun for example_subdag_operator.section-1 to None, run_after=None
[2024-10-22T23:16:53.734+0000] {logging_mixin.py:190} INFO - [2024-10-22T23:16:53.734+0000] {dag.py:4180} INFO - Setting next_dagrun for example_subdag_operator.section-2 to None, run_after=None
[2024-10-22T23:16:53.747+0000] {processor.py:208} INFO - Processing /home/airflow/.local/lib/python3.12/site-packages/airflow/example_dags/example_subdag_operator.py took 0.102 seconds
[2024-10-22T23:17:24.098+0000] {processor.py:186} INFO - Started process (PID=2109) to work on /home/airflow/.local/lib/python3.12/site-packages/airflow/example_dags/example_subdag_operator.py
[2024-10-22T23:17:24.099+0000] {processor.py:914} INFO - Processing file /home/airflow/.local/lib/python3.12/site-packages/airflow/example_dags/example_subdag_operator.py for tasks to queue
[2024-10-22T23:17:24.102+0000] {logging_mixin.py:190} INFO - [2024-10-22T23:17:24.101+0000] {dagbag.py:588} INFO - Filling up the DagBag from /home/airflow/.local/lib/python3.12/site-packages/airflow/example_dags/example_subdag_operator.py
[2024-10-22T23:17:24.123+0000] {processor.py:925} INFO - DAG(s) 'example_subdag_operator.section-1', 'example_subdag_operator.section-2', 'example_subdag_operator' retrieved from /home/airflow/.local/lib/python3.12/site-packages/airflow/example_dags/example_subdag_operator.py
[2024-10-22T23:17:24.135+0000] {logging_mixin.py:190} INFO - [2024-10-22T23:17:24.135+0000] {dag.py:3239} INFO - Sync 3 DAGs
[2024-10-22T23:17:24.153+0000] {logging_mixin.py:190} INFO - [2024-10-22T23:17:24.153+0000] {dag.py:4180} INFO - Setting next_dagrun for example_subdag_operator to 2022-01-01 00:00:00+00:00, run_after=2022-01-01 00:00:00+00:00
[2024-10-22T23:17:24.157+0000] {logging_mixin.py:190} INFO - [2024-10-22T23:17:24.156+0000] {dag.py:4180} INFO - Setting next_dagrun for example_subdag_operator.section-1 to None, run_after=None
[2024-10-22T23:17:24.158+0000] {logging_mixin.py:190} INFO - [2024-10-22T23:17:24.158+0000] {dag.py:4180} INFO - Setting next_dagrun for example_subdag_operator.section-2 to None, run_after=None
[2024-10-22T23:17:24.164+0000] {logging_mixin.py:190} INFO - [2024-10-22T23:17:24.164+0000] {dag.py:3239} INFO - Sync 2 DAGs
[2024-10-22T23:17:24.170+0000] {logging_mixin.py:190} INFO - [2024-10-22T23:17:24.169+0000] {dag.py:4180} INFO - Setting next_dagrun for example_subdag_operator.section-1 to None, run_after=None
[2024-10-22T23:17:24.170+0000] {logging_mixin.py:190} INFO - [2024-10-22T23:17:24.170+0000] {dag.py:4180} INFO - Setting next_dagrun for example_subdag_operator.section-2 to None, run_after=None
[2024-10-22T23:17:24.180+0000] {processor.py:208} INFO - Processing /home/airflow/.local/lib/python3.12/site-packages/airflow/example_dags/example_subdag_operator.py took 0.087 seconds
[2024-10-22T23:17:54.487+0000] {processor.py:186} INFO - Started process (PID=2181) to work on /home/airflow/.local/lib/python3.12/site-packages/airflow/example_dags/example_subdag_operator.py
[2024-10-22T23:17:54.488+0000] {processor.py:914} INFO - Processing file /home/airflow/.local/lib/python3.12/site-packages/airflow/example_dags/example_subdag_operator.py for tasks to queue
[2024-10-22T23:17:54.490+0000] {logging_mixin.py:190} INFO - [2024-10-22T23:17:54.490+0000] {dagbag.py:588} INFO - Filling up the DagBag from /home/airflow/.local/lib/python3.12/site-packages/airflow/example_dags/example_subdag_operator.py
[2024-10-22T23:17:54.511+0000] {processor.py:925} INFO - DAG(s) 'example_subdag_operator.section-1', 'example_subdag_operator.section-2', 'example_subdag_operator' retrieved from /home/airflow/.local/lib/python3.12/site-packages/airflow/example_dags/example_subdag_operator.py
[2024-10-22T23:17:54.524+0000] {logging_mixin.py:190} INFO - [2024-10-22T23:17:54.524+0000] {dag.py:3239} INFO - Sync 3 DAGs
[2024-10-22T23:17:54.547+0000] {logging_mixin.py:190} INFO - [2024-10-22T23:17:54.547+0000] {dag.py:4180} INFO - Setting next_dagrun for example_subdag_operator to 2022-01-01 00:00:00+00:00, run_after=2022-01-01 00:00:00+00:00
[2024-10-22T23:17:54.553+0000] {logging_mixin.py:190} INFO - [2024-10-22T23:17:54.552+0000] {dag.py:4180} INFO - Setting next_dagrun for example_subdag_operator.section-1 to None, run_after=None
[2024-10-22T23:17:54.554+0000] {logging_mixin.py:190} INFO - [2024-10-22T23:17:54.554+0000] {dag.py:4180} INFO - Setting next_dagrun for example_subdag_operator.section-2 to None, run_after=None
[2024-10-22T23:17:54.561+0000] {logging_mixin.py:190} INFO - [2024-10-22T23:17:54.561+0000] {dag.py:3239} INFO - Sync 2 DAGs
[2024-10-22T23:17:54.567+0000] {logging_mixin.py:190} INFO - [2024-10-22T23:17:54.566+0000] {dag.py:4180} INFO - Setting next_dagrun for example_subdag_operator.section-1 to None, run_after=None
[2024-10-22T23:17:54.567+0000] {logging_mixin.py:190} INFO - [2024-10-22T23:17:54.567+0000] {dag.py:4180} INFO - Setting next_dagrun for example_subdag_operator.section-2 to None, run_after=None
[2024-10-22T23:17:54.580+0000] {processor.py:208} INFO - Processing /home/airflow/.local/lib/python3.12/site-packages/airflow/example_dags/example_subdag_operator.py took 0.098 seconds
[2024-10-22T23:18:25.088+0000] {processor.py:186} INFO - Started process (PID=2252) to work on /home/airflow/.local/lib/python3.12/site-packages/airflow/example_dags/example_subdag_operator.py
[2024-10-22T23:18:25.089+0000] {processor.py:914} INFO - Processing file /home/airflow/.local/lib/python3.12/site-packages/airflow/example_dags/example_subdag_operator.py for tasks to queue
[2024-10-22T23:18:25.091+0000] {logging_mixin.py:190} INFO - [2024-10-22T23:18:25.091+0000] {dagbag.py:588} INFO - Filling up the DagBag from /home/airflow/.local/lib/python3.12/site-packages/airflow/example_dags/example_subdag_operator.py
[2024-10-22T23:18:25.114+0000] {processor.py:925} INFO - DAG(s) 'example_subdag_operator.section-1', 'example_subdag_operator.section-2', 'example_subdag_operator' retrieved from /home/airflow/.local/lib/python3.12/site-packages/airflow/example_dags/example_subdag_operator.py
[2024-10-22T23:18:25.127+0000] {logging_mixin.py:190} INFO - [2024-10-22T23:18:25.127+0000] {dag.py:3239} INFO - Sync 3 DAGs
[2024-10-22T23:18:25.146+0000] {logging_mixin.py:190} INFO - [2024-10-22T23:18:25.146+0000] {dag.py:4180} INFO - Setting next_dagrun for example_subdag_operator to 2022-01-01 00:00:00+00:00, run_after=2022-01-01 00:00:00+00:00
[2024-10-22T23:18:25.152+0000] {logging_mixin.py:190} INFO - [2024-10-22T23:18:25.152+0000] {dag.py:4180} INFO - Setting next_dagrun for example_subdag_operator.section-1 to None, run_after=None
[2024-10-22T23:18:25.154+0000] {logging_mixin.py:190} INFO - [2024-10-22T23:18:25.154+0000] {dag.py:4180} INFO - Setting next_dagrun for example_subdag_operator.section-2 to None, run_after=None
[2024-10-22T23:18:25.161+0000] {logging_mixin.py:190} INFO - [2024-10-22T23:18:25.161+0000] {dag.py:3239} INFO - Sync 2 DAGs
[2024-10-22T23:18:25.167+0000] {logging_mixin.py:190} INFO - [2024-10-22T23:18:25.167+0000] {dag.py:4180} INFO - Setting next_dagrun for example_subdag_operator.section-1 to None, run_after=None
[2024-10-22T23:18:25.168+0000] {logging_mixin.py:190} INFO - [2024-10-22T23:18:25.168+0000] {dag.py:4180} INFO - Setting next_dagrun for example_subdag_operator.section-2 to None, run_after=None
[2024-10-22T23:18:25.179+0000] {processor.py:208} INFO - Processing /home/airflow/.local/lib/python3.12/site-packages/airflow/example_dags/example_subdag_operator.py took 0.096 seconds
[2024-10-22T23:18:55.294+0000] {processor.py:186} INFO - Started process (PID=2323) to work on /home/airflow/.local/lib/python3.12/site-packages/airflow/example_dags/example_subdag_operator.py
[2024-10-22T23:18:55.295+0000] {processor.py:914} INFO - Processing file /home/airflow/.local/lib/python3.12/site-packages/airflow/example_dags/example_subdag_operator.py for tasks to queue
[2024-10-22T23:18:55.299+0000] {logging_mixin.py:190} INFO - [2024-10-22T23:18:55.298+0000] {dagbag.py:588} INFO - Filling up the DagBag from /home/airflow/.local/lib/python3.12/site-packages/airflow/example_dags/example_subdag_operator.py
[2024-10-22T23:18:55.322+0000] {processor.py:925} INFO - DAG(s) 'example_subdag_operator.section-1', 'example_subdag_operator.section-2', 'example_subdag_operator' retrieved from /home/airflow/.local/lib/python3.12/site-packages/airflow/example_dags/example_subdag_operator.py
[2024-10-22T23:18:55.335+0000] {logging_mixin.py:190} INFO - [2024-10-22T23:18:55.335+0000] {dag.py:3239} INFO - Sync 3 DAGs
[2024-10-22T23:18:55.356+0000] {logging_mixin.py:190} INFO - [2024-10-22T23:18:55.356+0000] {dag.py:4180} INFO - Setting next_dagrun for example_subdag_operator to 2022-01-01 00:00:00+00:00, run_after=2022-01-01 00:00:00+00:00
[2024-10-22T23:18:55.360+0000] {logging_mixin.py:190} INFO - [2024-10-22T23:18:55.359+0000] {dag.py:4180} INFO - Setting next_dagrun for example_subdag_operator.section-1 to None, run_after=None
[2024-10-22T23:18:55.361+0000] {logging_mixin.py:190} INFO - [2024-10-22T23:18:55.361+0000] {dag.py:4180} INFO - Setting next_dagrun for example_subdag_operator.section-2 to None, run_after=None
[2024-10-22T23:18:55.366+0000] {logging_mixin.py:190} INFO - [2024-10-22T23:18:55.366+0000] {dag.py:3239} INFO - Sync 2 DAGs
[2024-10-22T23:18:55.373+0000] {logging_mixin.py:190} INFO - [2024-10-22T23:18:55.373+0000] {dag.py:4180} INFO - Setting next_dagrun for example_subdag_operator.section-1 to None, run_after=None
[2024-10-22T23:18:55.374+0000] {logging_mixin.py:190} INFO - [2024-10-22T23:18:55.373+0000] {dag.py:4180} INFO - Setting next_dagrun for example_subdag_operator.section-2 to None, run_after=None
[2024-10-22T23:18:55.382+0000] {processor.py:208} INFO - Processing /home/airflow/.local/lib/python3.12/site-packages/airflow/example_dags/example_subdag_operator.py took 0.094 seconds
[2024-10-22T23:19:25.787+0000] {processor.py:186} INFO - Started process (PID=2394) to work on /home/airflow/.local/lib/python3.12/site-packages/airflow/example_dags/example_subdag_operator.py
[2024-10-22T23:19:25.788+0000] {processor.py:914} INFO - Processing file /home/airflow/.local/lib/python3.12/site-packages/airflow/example_dags/example_subdag_operator.py for tasks to queue
[2024-10-22T23:19:25.790+0000] {logging_mixin.py:190} INFO - [2024-10-22T23:19:25.790+0000] {dagbag.py:588} INFO - Filling up the DagBag from /home/airflow/.local/lib/python3.12/site-packages/airflow/example_dags/example_subdag_operator.py
[2024-10-22T23:19:25.813+0000] {processor.py:925} INFO - DAG(s) 'example_subdag_operator.section-1', 'example_subdag_operator.section-2', 'example_subdag_operator' retrieved from /home/airflow/.local/lib/python3.12/site-packages/airflow/example_dags/example_subdag_operator.py
[2024-10-22T23:19:25.827+0000] {logging_mixin.py:190} INFO - [2024-10-22T23:19:25.827+0000] {dag.py:3239} INFO - Sync 3 DAGs
[2024-10-22T23:19:25.846+0000] {logging_mixin.py:190} INFO - [2024-10-22T23:19:25.846+0000] {dag.py:4180} INFO - Setting next_dagrun for example_subdag_operator to 2022-01-01 00:00:00+00:00, run_after=2022-01-01 00:00:00+00:00
[2024-10-22T23:19:25.850+0000] {logging_mixin.py:190} INFO - [2024-10-22T23:19:25.849+0000] {dag.py:4180} INFO - Setting next_dagrun for example_subdag_operator.section-1 to None, run_after=None
[2024-10-22T23:19:25.851+0000] {logging_mixin.py:190} INFO - [2024-10-22T23:19:25.851+0000] {dag.py:4180} INFO - Setting next_dagrun for example_subdag_operator.section-2 to None, run_after=None
[2024-10-22T23:19:25.858+0000] {logging_mixin.py:190} INFO - [2024-10-22T23:19:25.857+0000] {dag.py:3239} INFO - Sync 2 DAGs
[2024-10-22T23:19:25.863+0000] {logging_mixin.py:190} INFO - [2024-10-22T23:19:25.863+0000] {dag.py:4180} INFO - Setting next_dagrun for example_subdag_operator.section-1 to None, run_after=None
[2024-10-22T23:19:25.864+0000] {logging_mixin.py:190} INFO - [2024-10-22T23:19:25.864+0000] {dag.py:4180} INFO - Setting next_dagrun for example_subdag_operator.section-2 to None, run_after=None
[2024-10-22T23:19:25.876+0000] {processor.py:208} INFO - Processing /home/airflow/.local/lib/python3.12/site-packages/airflow/example_dags/example_subdag_operator.py took 0.094 seconds
[2024-10-22T23:19:56.565+0000] {processor.py:186} INFO - Started process (PID=2466) to work on /home/airflow/.local/lib/python3.12/site-packages/airflow/example_dags/example_subdag_operator.py
[2024-10-22T23:19:56.566+0000] {processor.py:914} INFO - Processing file /home/airflow/.local/lib/python3.12/site-packages/airflow/example_dags/example_subdag_operator.py for tasks to queue
[2024-10-22T23:19:56.569+0000] {logging_mixin.py:190} INFO - [2024-10-22T23:19:56.568+0000] {dagbag.py:588} INFO - Filling up the DagBag from /home/airflow/.local/lib/python3.12/site-packages/airflow/example_dags/example_subdag_operator.py
[2024-10-22T23:19:56.590+0000] {processor.py:925} INFO - DAG(s) 'example_subdag_operator.section-1', 'example_subdag_operator.section-2', 'example_subdag_operator' retrieved from /home/airflow/.local/lib/python3.12/site-packages/airflow/example_dags/example_subdag_operator.py
[2024-10-22T23:19:56.603+0000] {logging_mixin.py:190} INFO - [2024-10-22T23:19:56.602+0000] {dag.py:3239} INFO - Sync 3 DAGs
[2024-10-22T23:19:56.621+0000] {logging_mixin.py:190} INFO - [2024-10-22T23:19:56.621+0000] {dag.py:4180} INFO - Setting next_dagrun for example_subdag_operator to 2022-01-01 00:00:00+00:00, run_after=2022-01-01 00:00:00+00:00
[2024-10-22T23:19:56.625+0000] {logging_mixin.py:190} INFO - [2024-10-22T23:19:56.625+0000] {dag.py:4180} INFO - Setting next_dagrun for example_subdag_operator.section-1 to None, run_after=None
[2024-10-22T23:19:56.627+0000] {logging_mixin.py:190} INFO - [2024-10-22T23:19:56.627+0000] {dag.py:4180} INFO - Setting next_dagrun for example_subdag_operator.section-2 to None, run_after=None
[2024-10-22T23:19:56.634+0000] {logging_mixin.py:190} INFO - [2024-10-22T23:19:56.634+0000] {dag.py:3239} INFO - Sync 2 DAGs
[2024-10-22T23:19:56.641+0000] {logging_mixin.py:190} INFO - [2024-10-22T23:19:56.640+0000] {dag.py:4180} INFO - Setting next_dagrun for example_subdag_operator.section-1 to None, run_after=None
[2024-10-22T23:19:56.642+0000] {logging_mixin.py:190} INFO - [2024-10-22T23:19:56.641+0000] {dag.py:4180} INFO - Setting next_dagrun for example_subdag_operator.section-2 to None, run_after=None
[2024-10-22T23:19:56.652+0000] {processor.py:208} INFO - Processing /home/airflow/.local/lib/python3.12/site-packages/airflow/example_dags/example_subdag_operator.py took 0.091 seconds
[2024-10-22T23:20:27.051+0000] {processor.py:186} INFO - Started process (PID=2538) to work on /home/airflow/.local/lib/python3.12/site-packages/airflow/example_dags/example_subdag_operator.py
[2024-10-22T23:20:27.051+0000] {processor.py:914} INFO - Processing file /home/airflow/.local/lib/python3.12/site-packages/airflow/example_dags/example_subdag_operator.py for tasks to queue
[2024-10-22T23:20:27.054+0000] {logging_mixin.py:190} INFO - [2024-10-22T23:20:27.053+0000] {dagbag.py:588} INFO - Filling up the DagBag from /home/airflow/.local/lib/python3.12/site-packages/airflow/example_dags/example_subdag_operator.py
[2024-10-22T23:20:27.076+0000] {processor.py:925} INFO - DAG(s) 'example_subdag_operator.section-1', 'example_subdag_operator.section-2', 'example_subdag_operator' retrieved from /home/airflow/.local/lib/python3.12/site-packages/airflow/example_dags/example_subdag_operator.py
[2024-10-22T23:20:27.090+0000] {logging_mixin.py:190} INFO - [2024-10-22T23:20:27.089+0000] {dag.py:3239} INFO - Sync 3 DAGs
[2024-10-22T23:20:27.109+0000] {logging_mixin.py:190} INFO - [2024-10-22T23:20:27.109+0000] {dag.py:4180} INFO - Setting next_dagrun for example_subdag_operator to 2022-01-01 00:00:00+00:00, run_after=2022-01-01 00:00:00+00:00
[2024-10-22T23:20:27.113+0000] {logging_mixin.py:190} INFO - [2024-10-22T23:20:27.112+0000] {dag.py:4180} INFO - Setting next_dagrun for example_subdag_operator.section-1 to None, run_after=None
[2024-10-22T23:20:27.115+0000] {logging_mixin.py:190} INFO - [2024-10-22T23:20:27.114+0000] {dag.py:4180} INFO - Setting next_dagrun for example_subdag_operator.section-2 to None, run_after=None
[2024-10-22T23:20:27.135+0000] {logging_mixin.py:190} INFO - [2024-10-22T23:20:27.134+0000] {dag.py:3239} INFO - Sync 2 DAGs
[2024-10-22T23:20:27.141+0000] {logging_mixin.py:190} INFO - [2024-10-22T23:20:27.141+0000] {dag.py:4180} INFO - Setting next_dagrun for example_subdag_operator.section-1 to None, run_after=None
[2024-10-22T23:20:27.142+0000] {logging_mixin.py:190} INFO - [2024-10-22T23:20:27.142+0000] {dag.py:4180} INFO - Setting next_dagrun for example_subdag_operator.section-2 to None, run_after=None
[2024-10-22T23:20:27.153+0000] {processor.py:208} INFO - Processing /home/airflow/.local/lib/python3.12/site-packages/airflow/example_dags/example_subdag_operator.py took 0.107 seconds
[2024-10-22T23:20:58.287+0000] {processor.py:186} INFO - Started process (PID=2609) to work on /home/airflow/.local/lib/python3.12/site-packages/airflow/example_dags/example_subdag_operator.py
[2024-10-22T23:20:58.288+0000] {processor.py:914} INFO - Processing file /home/airflow/.local/lib/python3.12/site-packages/airflow/example_dags/example_subdag_operator.py for tasks to queue
[2024-10-22T23:20:58.290+0000] {logging_mixin.py:190} INFO - [2024-10-22T23:20:58.290+0000] {dagbag.py:588} INFO - Filling up the DagBag from /home/airflow/.local/lib/python3.12/site-packages/airflow/example_dags/example_subdag_operator.py
[2024-10-22T23:20:58.313+0000] {processor.py:925} INFO - DAG(s) 'example_subdag_operator.section-1', 'example_subdag_operator.section-2', 'example_subdag_operator' retrieved from /home/airflow/.local/lib/python3.12/site-packages/airflow/example_dags/example_subdag_operator.py
[2024-10-22T23:20:58.325+0000] {logging_mixin.py:190} INFO - [2024-10-22T23:20:58.325+0000] {dag.py:3239} INFO - Sync 3 DAGs
[2024-10-22T23:20:58.344+0000] {logging_mixin.py:190} INFO - [2024-10-22T23:20:58.344+0000] {dag.py:4180} INFO - Setting next_dagrun for example_subdag_operator to 2022-01-01 00:00:00+00:00, run_after=2022-01-01 00:00:00+00:00
[2024-10-22T23:20:58.348+0000] {logging_mixin.py:190} INFO - [2024-10-22T23:20:58.348+0000] {dag.py:4180} INFO - Setting next_dagrun for example_subdag_operator.section-1 to None, run_after=None
[2024-10-22T23:20:58.349+0000] {logging_mixin.py:190} INFO - [2024-10-22T23:20:58.349+0000] {dag.py:4180} INFO - Setting next_dagrun for example_subdag_operator.section-2 to None, run_after=None
[2024-10-22T23:20:58.355+0000] {logging_mixin.py:190} INFO - [2024-10-22T23:20:58.355+0000] {dag.py:3239} INFO - Sync 2 DAGs
[2024-10-22T23:20:58.361+0000] {logging_mixin.py:190} INFO - [2024-10-22T23:20:58.361+0000] {dag.py:4180} INFO - Setting next_dagrun for example_subdag_operator.section-1 to None, run_after=None
[2024-10-22T23:20:58.362+0000] {logging_mixin.py:190} INFO - [2024-10-22T23:20:58.362+0000] {dag.py:4180} INFO - Setting next_dagrun for example_subdag_operator.section-2 to None, run_after=None
[2024-10-22T23:20:58.372+0000] {processor.py:208} INFO - Processing /home/airflow/.local/lib/python3.12/site-packages/airflow/example_dags/example_subdag_operator.py took 0.090 seconds
[2024-10-22T23:21:29.484+0000] {processor.py:186} INFO - Started process (PID=2680) to work on /home/airflow/.local/lib/python3.12/site-packages/airflow/example_dags/example_subdag_operator.py
[2024-10-22T23:21:29.485+0000] {processor.py:914} INFO - Processing file /home/airflow/.local/lib/python3.12/site-packages/airflow/example_dags/example_subdag_operator.py for tasks to queue
[2024-10-22T23:21:29.487+0000] {logging_mixin.py:190} INFO - [2024-10-22T23:21:29.487+0000] {dagbag.py:588} INFO - Filling up the DagBag from /home/airflow/.local/lib/python3.12/site-packages/airflow/example_dags/example_subdag_operator.py
[2024-10-22T23:21:29.508+0000] {processor.py:925} INFO - DAG(s) 'example_subdag_operator.section-1', 'example_subdag_operator.section-2', 'example_subdag_operator' retrieved from /home/airflow/.local/lib/python3.12/site-packages/airflow/example_dags/example_subdag_operator.py
[2024-10-22T23:21:29.522+0000] {logging_mixin.py:190} INFO - [2024-10-22T23:21:29.522+0000] {dag.py:3239} INFO - Sync 3 DAGs
[2024-10-22T23:21:29.540+0000] {logging_mixin.py:190} INFO - [2024-10-22T23:21:29.539+0000] {dag.py:4180} INFO - Setting next_dagrun for example_subdag_operator to 2022-01-01 00:00:00+00:00, run_after=2022-01-01 00:00:00+00:00
[2024-10-22T23:21:29.543+0000] {logging_mixin.py:190} INFO - [2024-10-22T23:21:29.543+0000] {dag.py:4180} INFO - Setting next_dagrun for example_subdag_operator.section-1 to None, run_after=None
[2024-10-22T23:21:29.545+0000] {logging_mixin.py:190} INFO - [2024-10-22T23:21:29.545+0000] {dag.py:4180} INFO - Setting next_dagrun for example_subdag_operator.section-2 to None, run_after=None
[2024-10-22T23:21:29.552+0000] {logging_mixin.py:190} INFO - [2024-10-22T23:21:29.552+0000] {dag.py:3239} INFO - Sync 2 DAGs
[2024-10-22T23:21:29.558+0000] {logging_mixin.py:190} INFO - [2024-10-22T23:21:29.557+0000] {dag.py:4180} INFO - Setting next_dagrun for example_subdag_operator.section-1 to None, run_after=None
[2024-10-22T23:21:29.558+0000] {logging_mixin.py:190} INFO - [2024-10-22T23:21:29.558+0000] {dag.py:4180} INFO - Setting next_dagrun for example_subdag_operator.section-2 to None, run_after=None
[2024-10-22T23:21:29.570+0000] {processor.py:208} INFO - Processing /home/airflow/.local/lib/python3.12/site-packages/airflow/example_dags/example_subdag_operator.py took 0.090 seconds
[2024-10-22T23:22:00.184+0000] {processor.py:186} INFO - Started process (PID=2751) to work on /home/airflow/.local/lib/python3.12/site-packages/airflow/example_dags/example_subdag_operator.py
[2024-10-22T23:22:00.185+0000] {processor.py:914} INFO - Processing file /home/airflow/.local/lib/python3.12/site-packages/airflow/example_dags/example_subdag_operator.py for tasks to queue
[2024-10-22T23:22:00.188+0000] {logging_mixin.py:190} INFO - [2024-10-22T23:22:00.187+0000] {dagbag.py:588} INFO - Filling up the DagBag from /home/airflow/.local/lib/python3.12/site-packages/airflow/example_dags/example_subdag_operator.py
[2024-10-22T23:22:00.209+0000] {processor.py:925} INFO - DAG(s) 'example_subdag_operator.section-1', 'example_subdag_operator.section-2', 'example_subdag_operator' retrieved from /home/airflow/.local/lib/python3.12/site-packages/airflow/example_dags/example_subdag_operator.py
[2024-10-22T23:22:00.223+0000] {logging_mixin.py:190} INFO - [2024-10-22T23:22:00.222+0000] {dag.py:3239} INFO - Sync 3 DAGs
[2024-10-22T23:22:00.243+0000] {logging_mixin.py:190} INFO - [2024-10-22T23:22:00.243+0000] {dag.py:4180} INFO - Setting next_dagrun for example_subdag_operator to 2022-01-01 00:00:00+00:00, run_after=2022-01-01 00:00:00+00:00
[2024-10-22T23:22:00.249+0000] {logging_mixin.py:190} INFO - [2024-10-22T23:22:00.248+0000] {dag.py:4180} INFO - Setting next_dagrun for example_subdag_operator.section-1 to None, run_after=None
[2024-10-22T23:22:00.252+0000] {logging_mixin.py:190} INFO - [2024-10-22T23:22:00.251+0000] {dag.py:4180} INFO - Setting next_dagrun for example_subdag_operator.section-2 to None, run_after=None
[2024-10-22T23:22:00.258+0000] {logging_mixin.py:190} INFO - [2024-10-22T23:22:00.257+0000] {dag.py:3239} INFO - Sync 2 DAGs
[2024-10-22T23:22:00.262+0000] {logging_mixin.py:190} INFO - [2024-10-22T23:22:00.262+0000] {dag.py:4180} INFO - Setting next_dagrun for example_subdag_operator.section-1 to None, run_after=None
[2024-10-22T23:22:00.263+0000] {logging_mixin.py:190} INFO - [2024-10-22T23:22:00.263+0000] {dag.py:4180} INFO - Setting next_dagrun for example_subdag_operator.section-2 to None, run_after=None
[2024-10-22T23:22:00.274+0000] {processor.py:208} INFO - Processing /home/airflow/.local/lib/python3.12/site-packages/airflow/example_dags/example_subdag_operator.py took 0.096 seconds
[2024-10-22T23:22:30.433+0000] {processor.py:186} INFO - Started process (PID=2821) to work on /home/airflow/.local/lib/python3.12/site-packages/airflow/example_dags/example_subdag_operator.py
[2024-10-22T23:22:30.434+0000] {processor.py:914} INFO - Processing file /home/airflow/.local/lib/python3.12/site-packages/airflow/example_dags/example_subdag_operator.py for tasks to queue
[2024-10-22T23:22:30.436+0000] {logging_mixin.py:190} INFO - [2024-10-22T23:22:30.436+0000] {dagbag.py:588} INFO - Filling up the DagBag from /home/airflow/.local/lib/python3.12/site-packages/airflow/example_dags/example_subdag_operator.py
[2024-10-22T23:22:30.472+0000] {processor.py:925} INFO - DAG(s) 'example_subdag_operator.section-1', 'example_subdag_operator.section-2', 'example_subdag_operator' retrieved from /home/airflow/.local/lib/python3.12/site-packages/airflow/example_dags/example_subdag_operator.py
[2024-10-22T23:22:30.487+0000] {logging_mixin.py:190} INFO - [2024-10-22T23:22:30.487+0000] {dag.py:3239} INFO - Sync 3 DAGs
[2024-10-22T23:22:30.507+0000] {logging_mixin.py:190} INFO - [2024-10-22T23:22:30.507+0000] {dag.py:4180} INFO - Setting next_dagrun for example_subdag_operator to 2022-01-01 00:00:00+00:00, run_after=2022-01-01 00:00:00+00:00
[2024-10-22T23:22:30.511+0000] {logging_mixin.py:190} INFO - [2024-10-22T23:22:30.510+0000] {dag.py:4180} INFO - Setting next_dagrun for example_subdag_operator.section-1 to None, run_after=None
[2024-10-22T23:22:30.512+0000] {logging_mixin.py:190} INFO - [2024-10-22T23:22:30.512+0000] {dag.py:4180} INFO - Setting next_dagrun for example_subdag_operator.section-2 to None, run_after=None
[2024-10-22T23:22:30.520+0000] {logging_mixin.py:190} INFO - [2024-10-22T23:22:30.520+0000] {dag.py:3239} INFO - Sync 2 DAGs
[2024-10-22T23:22:30.525+0000] {logging_mixin.py:190} INFO - [2024-10-22T23:22:30.525+0000] {dag.py:4180} INFO - Setting next_dagrun for example_subdag_operator.section-1 to None, run_after=None
[2024-10-22T23:22:30.525+0000] {logging_mixin.py:190} INFO - [2024-10-22T23:22:30.525+0000] {dag.py:4180} INFO - Setting next_dagrun for example_subdag_operator.section-2 to None, run_after=None
[2024-10-22T23:22:30.538+0000] {processor.py:208} INFO - Processing /home/airflow/.local/lib/python3.12/site-packages/airflow/example_dags/example_subdag_operator.py took 0.111 seconds
[2024-10-22T23:23:01.082+0000] {processor.py:186} INFO - Started process (PID=2892) to work on /home/airflow/.local/lib/python3.12/site-packages/airflow/example_dags/example_subdag_operator.py
[2024-10-22T23:23:01.083+0000] {processor.py:914} INFO - Processing file /home/airflow/.local/lib/python3.12/site-packages/airflow/example_dags/example_subdag_operator.py for tasks to queue
[2024-10-22T23:23:01.085+0000] {logging_mixin.py:190} INFO - [2024-10-22T23:23:01.085+0000] {dagbag.py:588} INFO - Filling up the DagBag from /home/airflow/.local/lib/python3.12/site-packages/airflow/example_dags/example_subdag_operator.py
[2024-10-22T23:23:01.110+0000] {processor.py:925} INFO - DAG(s) 'example_subdag_operator.section-1', 'example_subdag_operator.section-2', 'example_subdag_operator' retrieved from /home/airflow/.local/lib/python3.12/site-packages/airflow/example_dags/example_subdag_operator.py
[2024-10-22T23:23:01.126+0000] {logging_mixin.py:190} INFO - [2024-10-22T23:23:01.126+0000] {dag.py:3239} INFO - Sync 3 DAGs
[2024-10-22T23:23:01.148+0000] {logging_mixin.py:190} INFO - [2024-10-22T23:23:01.148+0000] {dag.py:4180} INFO - Setting next_dagrun for example_subdag_operator to 2022-01-01 00:00:00+00:00, run_after=2022-01-01 00:00:00+00:00
[2024-10-22T23:23:01.152+0000] {logging_mixin.py:190} INFO - [2024-10-22T23:23:01.152+0000] {dag.py:4180} INFO - Setting next_dagrun for example_subdag_operator.section-1 to None, run_after=None
[2024-10-22T23:23:01.154+0000] {logging_mixin.py:190} INFO - [2024-10-22T23:23:01.154+0000] {dag.py:4180} INFO - Setting next_dagrun for example_subdag_operator.section-2 to None, run_after=None
[2024-10-22T23:23:01.161+0000] {logging_mixin.py:190} INFO - [2024-10-22T23:23:01.160+0000] {dag.py:3239} INFO - Sync 2 DAGs
[2024-10-22T23:23:01.166+0000] {logging_mixin.py:190} INFO - [2024-10-22T23:23:01.166+0000] {dag.py:4180} INFO - Setting next_dagrun for example_subdag_operator.section-1 to None, run_after=None
[2024-10-22T23:23:01.167+0000] {logging_mixin.py:190} INFO - [2024-10-22T23:23:01.167+0000] {dag.py:4180} INFO - Setting next_dagrun for example_subdag_operator.section-2 to None, run_after=None
[2024-10-22T23:23:01.179+0000] {processor.py:208} INFO - Processing /home/airflow/.local/lib/python3.12/site-packages/airflow/example_dags/example_subdag_operator.py took 0.101 seconds
