[2024-10-21T17:19:35.147+0000] {local_task_job_runner.py:123} INFO - ::group::Pre task execution logs
[2024-10-21T17:19:35.163+0000] {taskinstance.py:2612} INFO - Dependencies all met for dep_context=non-requeueable deps ti=<TaskInstance: DAG_filha.wait_principal scheduled__2024-10-21T03:14:00+00:00 [queued]>
[2024-10-21T17:19:35.172+0000] {taskinstance.py:2612} INFO - Dependencies all met for dep_context=requeueable deps ti=<TaskInstance: DAG_filha.wait_principal scheduled__2024-10-21T03:14:00+00:00 [queued]>
[2024-10-21T17:19:35.173+0000] {taskinstance.py:2865} INFO - Starting attempt 1 of 1
[2024-10-21T17:19:35.188+0000] {taskinstance.py:2888} INFO - Executing <Task(ExternalTaskSensor): wait_principal> on 2024-10-21 03:14:00+00:00
[2024-10-21T17:19:35.196+0000] {warnings.py:112} WARNING - /home/***/.local/lib/python3.12/site-packages/***/task/task_runner/standard_task_runner.py:70: DeprecationWarning: This process (pid=665) is multi-threaded, use of fork() may lead to deadlocks in the child.
  pid = os.fork()

[2024-10-21T17:19:35.198+0000] {standard_task_runner.py:72} INFO - Started process 685 to run task
[2024-10-21T17:19:35.198+0000] {standard_task_runner.py:104} INFO - Running: ['***', 'tasks', 'run', 'DAG_filha', 'wait_principal', 'scheduled__2024-10-21T03:14:00+00:00', '--job-id', '134', '--raw', '--subdir', 'DAGS_FOLDER/lesson_3_dag_filha.py', '--cfg-path', '/tmp/tmp0va60ujq']
[2024-10-21T17:19:35.199+0000] {standard_task_runner.py:105} INFO - Job 134: Subtask wait_principal
[2024-10-21T17:19:35.239+0000] {task_command.py:467} INFO - Running <TaskInstance: DAG_filha.wait_principal scheduled__2024-10-21T03:14:00+00:00 [running]> on host 1da8eee663cb
[2024-10-21T17:19:35.305+0000] {taskinstance.py:3131} INFO - Exporting env vars: AIRFLOW_CTX_DAG_OWNER='***' AIRFLOW_CTX_DAG_ID='DAG_filha' AIRFLOW_CTX_TASK_ID='wait_principal' AIRFLOW_CTX_EXECUTION_DATE='2024-10-21T03:14:00+00:00' AIRFLOW_CTX_TRY_NUMBER='1' AIRFLOW_CTX_DAG_RUN_ID='scheduled__2024-10-21T03:14:00+00:00'
[2024-10-21T17:19:35.306+0000] {logging_mixin.py:190} INFO - Task instance is in running state
[2024-10-21T17:19:35.307+0000] {logging_mixin.py:190} INFO -  Previous state of the Task instance: queued
[2024-10-21T17:19:35.307+0000] {logging_mixin.py:190} INFO - Current task name:wait_principal state:running start_date:2024-10-21 17:19:35.163685+00:00
[2024-10-21T17:19:35.307+0000] {logging_mixin.py:190} INFO - Dag name:DAG_filha and current dag run status:running
[2024-10-21T17:19:35.308+0000] {taskinstance.py:731} INFO - ::endgroup::
[2024-10-21T17:19:35.308+0000] {baseoperator.py:405} WARNING - ExternalTaskSensor.execute cannot be called outside TaskInstance!
[2024-10-21T17:19:35.314+0000] {external_task.py:274} INFO - Poking for DAG 'python_principal' on 2024-10-21T02:14:00+00:00 ... 
[2024-10-21T17:19:35.315+0000] {warnings.py:112} WARNING - /home/***/.local/lib/python3.12/site-packages/***/utils/session.py:97: DeprecationWarning: This method is deprecated and will be removed in future.
  return func(*args, session=session, **kwargs)

[2024-10-21T17:19:35.337+0000] {taskinstance.py:309} INFO - Rescheduling task, marking task as UP_FOR_RESCHEDULE
[2024-10-21T17:19:35.337+0000] {taskinstance.py:340} INFO - ::group::Post task execution logs
[2024-10-21T17:19:35.372+0000] {local_task_job_runner.py:266} INFO - Task exited with return code 0
[2024-10-21T17:19:35.396+0000] {taskinstance.py:3900} INFO - 0 downstream tasks scheduled from follow-on schedule check
[2024-10-21T17:19:35.398+0000] {local_task_job_runner.py:245} INFO - ::endgroup::
[2024-10-21T17:20:08.916+0000] {local_task_job_runner.py:123} INFO - ::group::Pre task execution logs
[2024-10-21T17:20:08.935+0000] {taskinstance.py:2612} INFO - Dependencies all met for dep_context=non-requeueable deps ti=<TaskInstance: DAG_filha.wait_principal scheduled__2024-10-21T03:14:00+00:00 [queued]>
[2024-10-21T17:20:08.944+0000] {taskinstance.py:2612} INFO - Dependencies all met for dep_context=requeueable deps ti=<TaskInstance: DAG_filha.wait_principal scheduled__2024-10-21T03:14:00+00:00 [queued]>
[2024-10-21T17:20:08.945+0000] {taskinstance.py:2865} INFO - Starting attempt 1 of 1
[2024-10-21T17:20:08.961+0000] {taskinstance.py:2888} INFO - Executing <Task(ExternalTaskSensor): wait_principal> on 2024-10-21 03:14:00+00:00
[2024-10-21T17:20:08.968+0000] {warnings.py:112} WARNING - /home/***/.local/lib/python3.12/site-packages/***/task/task_runner/standard_task_runner.py:70: DeprecationWarning: This process (pid=889) is multi-threaded, use of fork() may lead to deadlocks in the child.
  pid = os.fork()

[2024-10-21T17:20:08.970+0000] {standard_task_runner.py:72} INFO - Started process 917 to run task
[2024-10-21T17:20:08.970+0000] {standard_task_runner.py:104} INFO - Running: ['***', 'tasks', 'run', 'DAG_filha', 'wait_principal', 'scheduled__2024-10-21T03:14:00+00:00', '--job-id', '189', '--raw', '--subdir', 'DAGS_FOLDER/lesson_3_dag_filha.py', '--cfg-path', '/tmp/tmpl4vfqfr_']
[2024-10-21T17:20:08.971+0000] {standard_task_runner.py:105} INFO - Job 189: Subtask wait_principal
[2024-10-21T17:20:09.031+0000] {task_command.py:467} INFO - Running <TaskInstance: DAG_filha.wait_principal scheduled__2024-10-21T03:14:00+00:00 [running]> on host 1da8eee663cb
[2024-10-21T17:20:09.114+0000] {taskinstance.py:3131} INFO - Exporting env vars: AIRFLOW_CTX_DAG_OWNER='***' AIRFLOW_CTX_DAG_ID='DAG_filha' AIRFLOW_CTX_TASK_ID='wait_principal' AIRFLOW_CTX_EXECUTION_DATE='2024-10-21T03:14:00+00:00' AIRFLOW_CTX_TRY_NUMBER='1' AIRFLOW_CTX_DAG_RUN_ID='scheduled__2024-10-21T03:14:00+00:00'
[2024-10-21T17:20:09.116+0000] {logging_mixin.py:190} INFO - Task instance is in running state
[2024-10-21T17:20:09.117+0000] {logging_mixin.py:190} INFO -  Previous state of the Task instance: queued
[2024-10-21T17:20:09.117+0000] {logging_mixin.py:190} INFO - Current task name:wait_principal state:running start_date:2024-10-21 17:20:08.936352+00:00
[2024-10-21T17:20:09.118+0000] {logging_mixin.py:190} INFO - Dag name:DAG_filha and current dag run status:running
[2024-10-21T17:20:09.118+0000] {taskinstance.py:731} INFO - ::endgroup::
[2024-10-21T17:20:09.119+0000] {baseoperator.py:405} WARNING - ExternalTaskSensor.execute cannot be called outside TaskInstance!
[2024-10-21T17:20:09.126+0000] {external_task.py:274} INFO - Poking for DAG 'python_principal' on 2024-10-21T02:14:00+00:00 ... 
[2024-10-21T17:20:09.127+0000] {warnings.py:112} WARNING - /home/***/.local/lib/python3.12/site-packages/***/utils/session.py:97: DeprecationWarning: This method is deprecated and will be removed in future.
  return func(*args, session=session, **kwargs)

[2024-10-21T17:20:09.160+0000] {taskinstance.py:309} INFO - Rescheduling task, marking task as UP_FOR_RESCHEDULE
[2024-10-21T17:20:09.161+0000] {taskinstance.py:340} INFO - ::group::Post task execution logs
[2024-10-21T17:20:09.185+0000] {local_task_job_runner.py:266} INFO - Task exited with return code 0
[2024-10-21T17:20:09.214+0000] {taskinstance.py:3900} INFO - 0 downstream tasks scheduled from follow-on schedule check
[2024-10-21T17:20:09.216+0000] {local_task_job_runner.py:245} INFO - ::endgroup::
[2024-10-21T17:20:43.151+0000] {local_task_job_runner.py:123} INFO - ::group::Pre task execution logs
[2024-10-21T17:20:43.180+0000] {taskinstance.py:2612} INFO - Dependencies all met for dep_context=non-requeueable deps ti=<TaskInstance: DAG_filha.wait_principal scheduled__2024-10-21T03:14:00+00:00 [queued]>
[2024-10-21T17:20:43.200+0000] {taskinstance.py:2612} INFO - Dependencies all met for dep_context=requeueable deps ti=<TaskInstance: DAG_filha.wait_principal scheduled__2024-10-21T03:14:00+00:00 [queued]>
[2024-10-21T17:20:43.201+0000] {taskinstance.py:2865} INFO - Starting attempt 1 of 1
[2024-10-21T17:20:43.270+0000] {taskinstance.py:2888} INFO - Executing <Task(ExternalTaskSensor): wait_principal> on 2024-10-21 03:14:00+00:00
[2024-10-21T17:20:43.282+0000] {warnings.py:112} WARNING - /home/***/.local/lib/python3.12/site-packages/***/task/task_runner/standard_task_runner.py:70: DeprecationWarning: This process (pid=1052) is multi-threaded, use of fork() may lead to deadlocks in the child.
  pid = os.fork()

[2024-10-21T17:20:43.284+0000] {standard_task_runner.py:72} INFO - Started process 1071 to run task
[2024-10-21T17:20:43.300+0000] {standard_task_runner.py:104} INFO - Running: ['***', 'tasks', 'run', 'DAG_filha', 'wait_principal', 'scheduled__2024-10-21T03:14:00+00:00', '--job-id', '225', '--raw', '--subdir', 'DAGS_FOLDER/lesson_3_dag_filha.py', '--cfg-path', '/tmp/tmpch8w4jf9']
[2024-10-21T17:20:43.302+0000] {standard_task_runner.py:105} INFO - Job 225: Subtask wait_principal
[2024-10-21T17:20:43.399+0000] {task_command.py:467} INFO - Running <TaskInstance: DAG_filha.wait_principal scheduled__2024-10-21T03:14:00+00:00 [running]> on host 1da8eee663cb
[2024-10-21T17:20:43.506+0000] {taskinstance.py:3131} INFO - Exporting env vars: AIRFLOW_CTX_DAG_OWNER='***' AIRFLOW_CTX_DAG_ID='DAG_filha' AIRFLOW_CTX_TASK_ID='wait_principal' AIRFLOW_CTX_EXECUTION_DATE='2024-10-21T03:14:00+00:00' AIRFLOW_CTX_TRY_NUMBER='1' AIRFLOW_CTX_DAG_RUN_ID='scheduled__2024-10-21T03:14:00+00:00'
[2024-10-21T17:20:43.508+0000] {logging_mixin.py:190} INFO - Task instance is in running state
[2024-10-21T17:20:43.508+0000] {logging_mixin.py:190} INFO -  Previous state of the Task instance: queued
[2024-10-21T17:20:43.509+0000] {logging_mixin.py:190} INFO - Current task name:wait_principal state:running start_date:2024-10-21 17:20:43.180877+00:00
[2024-10-21T17:20:43.509+0000] {logging_mixin.py:190} INFO - Dag name:DAG_filha and current dag run status:running
[2024-10-21T17:20:43.510+0000] {taskinstance.py:731} INFO - ::endgroup::
[2024-10-21T17:20:43.511+0000] {baseoperator.py:405} WARNING - ExternalTaskSensor.execute cannot be called outside TaskInstance!
[2024-10-21T17:20:43.522+0000] {external_task.py:274} INFO - Poking for DAG 'python_principal' on 2024-10-21T02:14:00+00:00 ... 
[2024-10-21T17:20:43.523+0000] {warnings.py:112} WARNING - /home/***/.local/lib/python3.12/site-packages/***/utils/session.py:97: DeprecationWarning: This method is deprecated and will be removed in future.
  return func(*args, session=session, **kwargs)

[2024-10-21T17:20:43.580+0000] {taskinstance.py:309} INFO - Rescheduling task, marking task as UP_FOR_RESCHEDULE
[2024-10-21T17:20:43.580+0000] {taskinstance.py:340} INFO - ::group::Post task execution logs
[2024-10-21T17:20:43.594+0000] {local_task_job_runner.py:266} INFO - Task exited with return code 0
[2024-10-21T17:20:43.633+0000] {taskinstance.py:3900} INFO - 0 downstream tasks scheduled from follow-on schedule check
[2024-10-21T17:20:43.636+0000] {local_task_job_runner.py:245} INFO - ::endgroup::
