[2024-10-20T14:03:36.634+0000] {processor.py:186} INFO - Started process (PID=57) to work on /opt/airflow/dags/primeira_dag_v0.py
[2024-10-20T14:03:36.635+0000] {processor.py:914} INFO - Processing file /opt/airflow/dags/primeira_dag_v0.py for tasks to queue
[2024-10-20T14:03:36.646+0000] {logging_mixin.py:190} INFO - [2024-10-20T14:03:36.645+0000] {dagbag.py:588} INFO - Filling up the DagBag from /opt/airflow/dags/primeira_dag_v0.py
[2024-10-20T14:03:36.695+0000] {processor.py:925} INFO - DAG(s) 'primeira_dag_v0' retrieved from /opt/airflow/dags/primeira_dag_v0.py
[2024-10-20T14:03:36.772+0000] {logging_mixin.py:190} INFO - [2024-10-20T14:03:36.772+0000] {dag.py:3239} INFO - Sync 1 DAGs
[2024-10-20T14:03:36.836+0000] {logging_mixin.py:190} INFO - [2024-10-20T14:03:36.836+0000] {dag.py:4180} INFO - Setting next_dagrun for primeira_dag_v0 to 2024-10-19 00:00:00+00:00, run_after=2024-10-20 00:00:00+00:00
[2024-10-20T14:03:36.866+0000] {processor.py:208} INFO - Processing /opt/airflow/dags/primeira_dag_v0.py took 0.258 seconds
[2024-10-20T14:04:07.464+0000] {processor.py:186} INFO - Started process (PID=120) to work on /opt/airflow/dags/primeira_dag_v0.py
[2024-10-20T14:04:07.465+0000] {processor.py:914} INFO - Processing file /opt/airflow/dags/primeira_dag_v0.py for tasks to queue
[2024-10-20T14:04:07.468+0000] {logging_mixin.py:190} INFO - [2024-10-20T14:04:07.467+0000] {dagbag.py:588} INFO - Filling up the DagBag from /opt/airflow/dags/primeira_dag_v0.py
[2024-10-20T14:04:07.485+0000] {processor.py:925} INFO - DAG(s) 'primeira_dag_v0' retrieved from /opt/airflow/dags/primeira_dag_v0.py
[2024-10-20T14:04:07.501+0000] {logging_mixin.py:190} INFO - [2024-10-20T14:04:07.501+0000] {dag.py:3239} INFO - Sync 1 DAGs
[2024-10-20T14:04:07.523+0000] {logging_mixin.py:190} INFO - [2024-10-20T14:04:07.523+0000] {dag.py:4180} INFO - Setting next_dagrun for primeira_dag_v0 to 2024-10-19 00:00:00+00:00, run_after=2024-10-20 00:00:00+00:00
[2024-10-20T14:04:07.546+0000] {processor.py:208} INFO - Processing /opt/airflow/dags/primeira_dag_v0.py took 0.087 seconds
[2024-10-20T14:04:37.687+0000] {processor.py:186} INFO - Started process (PID=183) to work on /opt/airflow/dags/primeira_dag_v0.py
[2024-10-20T14:04:37.688+0000] {processor.py:914} INFO - Processing file /opt/airflow/dags/primeira_dag_v0.py for tasks to queue
[2024-10-20T14:04:37.692+0000] {logging_mixin.py:190} INFO - [2024-10-20T14:04:37.691+0000] {dagbag.py:588} INFO - Filling up the DagBag from /opt/airflow/dags/primeira_dag_v0.py
[2024-10-20T14:04:37.721+0000] {processor.py:925} INFO - DAG(s) 'primeira_dag_v0' retrieved from /opt/airflow/dags/primeira_dag_v0.py
[2024-10-20T14:04:37.740+0000] {logging_mixin.py:190} INFO - [2024-10-20T14:04:37.740+0000] {dag.py:3239} INFO - Sync 1 DAGs
[2024-10-20T14:04:37.765+0000] {logging_mixin.py:190} INFO - [2024-10-20T14:04:37.765+0000] {dag.py:4180} INFO - Setting next_dagrun for primeira_dag_v0 to 2024-10-19 00:00:00+00:00, run_after=2024-10-20 00:00:00+00:00
[2024-10-20T14:04:37.785+0000] {processor.py:208} INFO - Processing /opt/airflow/dags/primeira_dag_v0.py took 0.107 seconds
[2024-10-20T14:05:08.085+0000] {processor.py:186} INFO - Started process (PID=247) to work on /opt/airflow/dags/primeira_dag_v0.py
[2024-10-20T14:05:08.086+0000] {processor.py:914} INFO - Processing file /opt/airflow/dags/primeira_dag_v0.py for tasks to queue
[2024-10-20T14:05:08.088+0000] {logging_mixin.py:190} INFO - [2024-10-20T14:05:08.088+0000] {dagbag.py:588} INFO - Filling up the DagBag from /opt/airflow/dags/primeira_dag_v0.py
[2024-10-20T14:05:08.103+0000] {processor.py:925} INFO - DAG(s) 'primeira_dag_v0' retrieved from /opt/airflow/dags/primeira_dag_v0.py
[2024-10-20T14:05:08.121+0000] {logging_mixin.py:190} INFO - [2024-10-20T14:05:08.121+0000] {dag.py:3239} INFO - Sync 1 DAGs
[2024-10-20T14:05:08.143+0000] {logging_mixin.py:190} INFO - [2024-10-20T14:05:08.143+0000] {dag.py:4180} INFO - Setting next_dagrun for primeira_dag_v0 to 2024-10-19 00:00:00+00:00, run_after=2024-10-20 00:00:00+00:00
[2024-10-20T14:05:08.164+0000] {processor.py:208} INFO - Processing /opt/airflow/dags/primeira_dag_v0.py took 0.085 seconds
[2024-10-20T14:06:38.496+0000] {processor.py:186} INFO - Started process (PID=49) to work on /opt/airflow/dags/primeira_dag_v0.py
[2024-10-20T14:06:38.497+0000] {processor.py:914} INFO - Processing file /opt/airflow/dags/primeira_dag_v0.py for tasks to queue
[2024-10-20T14:06:38.501+0000] {logging_mixin.py:190} INFO - [2024-10-20T14:06:38.500+0000] {dagbag.py:588} INFO - Filling up the DagBag from /opt/airflow/dags/primeira_dag_v0.py
[2024-10-20T14:06:38.521+0000] {processor.py:925} INFO - DAG(s) 'primeira_dag_v0' retrieved from /opt/airflow/dags/primeira_dag_v0.py
[2024-10-20T14:06:38.556+0000] {logging_mixin.py:190} INFO - [2024-10-20T14:06:38.556+0000] {dag.py:3239} INFO - Sync 1 DAGs
[2024-10-20T14:06:38.585+0000] {logging_mixin.py:190} INFO - [2024-10-20T14:06:38.585+0000] {dag.py:4180} INFO - Setting next_dagrun for primeira_dag_v0 to 2024-10-19 00:00:00+00:00, run_after=2024-10-20 00:00:00+00:00
[2024-10-20T14:06:38.605+0000] {processor.py:208} INFO - Processing /opt/airflow/dags/primeira_dag_v0.py took 0.117 seconds
[2024-10-20T14:07:09.012+0000] {processor.py:186} INFO - Started process (PID=112) to work on /opt/airflow/dags/primeira_dag_v0.py
[2024-10-20T14:07:09.014+0000] {processor.py:914} INFO - Processing file /opt/airflow/dags/primeira_dag_v0.py for tasks to queue
[2024-10-20T14:07:09.016+0000] {logging_mixin.py:190} INFO - [2024-10-20T14:07:09.016+0000] {dagbag.py:588} INFO - Filling up the DagBag from /opt/airflow/dags/primeira_dag_v0.py
[2024-10-20T14:07:09.045+0000] {processor.py:925} INFO - DAG(s) 'primeira_dag_v0' retrieved from /opt/airflow/dags/primeira_dag_v0.py
[2024-10-20T14:07:09.062+0000] {logging_mixin.py:190} INFO - [2024-10-20T14:07:09.062+0000] {dag.py:3239} INFO - Sync 1 DAGs
[2024-10-20T14:07:09.083+0000] {logging_mixin.py:190} INFO - [2024-10-20T14:07:09.083+0000] {dag.py:4180} INFO - Setting next_dagrun for primeira_dag_v0 to 2024-10-19 00:00:00+00:00, run_after=2024-10-20 00:00:00+00:00
[2024-10-20T14:07:09.107+0000] {processor.py:208} INFO - Processing /opt/airflow/dags/primeira_dag_v0.py took 0.103 seconds
[2024-10-20T14:07:39.249+0000] {processor.py:186} INFO - Started process (PID=175) to work on /opt/airflow/dags/primeira_dag_v0.py
[2024-10-20T14:07:39.250+0000] {processor.py:914} INFO - Processing file /opt/airflow/dags/primeira_dag_v0.py for tasks to queue
[2024-10-20T14:07:39.253+0000] {logging_mixin.py:190} INFO - [2024-10-20T14:07:39.252+0000] {dagbag.py:588} INFO - Filling up the DagBag from /opt/airflow/dags/primeira_dag_v0.py
[2024-10-20T14:07:39.274+0000] {processor.py:925} INFO - DAG(s) 'primeira_dag_v0' retrieved from /opt/airflow/dags/primeira_dag_v0.py
[2024-10-20T14:07:39.290+0000] {logging_mixin.py:190} INFO - [2024-10-20T14:07:39.289+0000] {dag.py:3239} INFO - Sync 1 DAGs
[2024-10-20T14:07:39.308+0000] {logging_mixin.py:190} INFO - [2024-10-20T14:07:39.308+0000] {dag.py:4180} INFO - Setting next_dagrun for primeira_dag_v0 to 2024-10-19 00:00:00+00:00, run_after=2024-10-20 00:00:00+00:00
[2024-10-20T14:07:39.327+0000] {processor.py:208} INFO - Processing /opt/airflow/dags/primeira_dag_v0.py took 0.083 seconds
[2024-10-20T14:08:09.375+0000] {processor.py:186} INFO - Started process (PID=238) to work on /opt/airflow/dags/primeira_dag_v0.py
[2024-10-20T14:08:09.376+0000] {processor.py:914} INFO - Processing file /opt/airflow/dags/primeira_dag_v0.py for tasks to queue
[2024-10-20T14:08:09.378+0000] {logging_mixin.py:190} INFO - [2024-10-20T14:08:09.378+0000] {dagbag.py:588} INFO - Filling up the DagBag from /opt/airflow/dags/primeira_dag_v0.py
[2024-10-20T14:08:09.394+0000] {processor.py:925} INFO - DAG(s) 'primeira_dag_v0' retrieved from /opt/airflow/dags/primeira_dag_v0.py
[2024-10-20T14:08:09.413+0000] {logging_mixin.py:190} INFO - [2024-10-20T14:08:09.413+0000] {dag.py:3239} INFO - Sync 1 DAGs
[2024-10-20T14:08:09.434+0000] {logging_mixin.py:190} INFO - [2024-10-20T14:08:09.434+0000] {dag.py:4180} INFO - Setting next_dagrun for primeira_dag_v0 to 2024-10-19 00:00:00+00:00, run_after=2024-10-20 00:00:00+00:00
[2024-10-20T14:08:09.453+0000] {processor.py:208} INFO - Processing /opt/airflow/dags/primeira_dag_v0.py took 0.083 seconds
[2024-10-20T14:08:40.373+0000] {processor.py:186} INFO - Started process (PID=300) to work on /opt/airflow/dags/primeira_dag_v0.py
[2024-10-20T14:08:40.375+0000] {processor.py:914} INFO - Processing file /opt/airflow/dags/primeira_dag_v0.py for tasks to queue
[2024-10-20T14:08:40.377+0000] {logging_mixin.py:190} INFO - [2024-10-20T14:08:40.377+0000] {dagbag.py:588} INFO - Filling up the DagBag from /opt/airflow/dags/primeira_dag_v0.py
[2024-10-20T14:08:40.400+0000] {processor.py:925} INFO - DAG(s) 'primeira_dag_v0' retrieved from /opt/airflow/dags/primeira_dag_v0.py
[2024-10-20T14:08:40.419+0000] {logging_mixin.py:190} INFO - [2024-10-20T14:08:40.419+0000] {dag.py:3239} INFO - Sync 1 DAGs
[2024-10-20T14:08:40.445+0000] {logging_mixin.py:190} INFO - [2024-10-20T14:08:40.445+0000] {dag.py:4180} INFO - Setting next_dagrun for primeira_dag_v0 to 2024-10-19 00:00:00+00:00, run_after=2024-10-20 00:00:00+00:00
[2024-10-20T14:08:40.467+0000] {processor.py:208} INFO - Processing /opt/airflow/dags/primeira_dag_v0.py took 0.103 seconds
[2024-10-20T14:09:11.470+0000] {processor.py:186} INFO - Started process (PID=364) to work on /opt/airflow/dags/primeira_dag_v0.py
[2024-10-20T14:09:11.471+0000] {processor.py:914} INFO - Processing file /opt/airflow/dags/primeira_dag_v0.py for tasks to queue
[2024-10-20T14:09:11.474+0000] {logging_mixin.py:190} INFO - [2024-10-20T14:09:11.474+0000] {dagbag.py:588} INFO - Filling up the DagBag from /opt/airflow/dags/primeira_dag_v0.py
[2024-10-20T14:09:11.498+0000] {processor.py:925} INFO - DAG(s) 'primeira_dag_v0' retrieved from /opt/airflow/dags/primeira_dag_v0.py
[2024-10-20T14:09:11.529+0000] {logging_mixin.py:190} INFO - [2024-10-20T14:09:11.529+0000] {dag.py:3239} INFO - Sync 1 DAGs
[2024-10-20T14:09:11.562+0000] {logging_mixin.py:190} INFO - [2024-10-20T14:09:11.562+0000] {dag.py:4180} INFO - Setting next_dagrun for primeira_dag_v0 to 2024-10-19 00:00:00+00:00, run_after=2024-10-20 00:00:00+00:00
[2024-10-20T14:09:11.582+0000] {processor.py:208} INFO - Processing /opt/airflow/dags/primeira_dag_v0.py took 0.120 seconds
[2024-10-20T14:09:42.383+0000] {processor.py:186} INFO - Started process (PID=433) to work on /opt/airflow/dags/primeira_dag_v0.py
[2024-10-20T14:09:42.384+0000] {processor.py:914} INFO - Processing file /opt/airflow/dags/primeira_dag_v0.py for tasks to queue
[2024-10-20T14:09:42.387+0000] {logging_mixin.py:190} INFO - [2024-10-20T14:09:42.387+0000] {dagbag.py:588} INFO - Filling up the DagBag from /opt/airflow/dags/primeira_dag_v0.py
[2024-10-20T14:09:42.416+0000] {processor.py:925} INFO - DAG(s) 'primeira_dag_v0' retrieved from /opt/airflow/dags/primeira_dag_v0.py
[2024-10-20T14:09:42.436+0000] {logging_mixin.py:190} INFO - [2024-10-20T14:09:42.436+0000] {dag.py:3239} INFO - Sync 1 DAGs
[2024-10-20T14:09:42.459+0000] {logging_mixin.py:190} INFO - [2024-10-20T14:09:42.459+0000] {dag.py:4180} INFO - Setting next_dagrun for primeira_dag_v0 to 2024-10-19 00:00:00+00:00, run_after=2024-10-20 00:00:00+00:00
[2024-10-20T14:09:42.482+0000] {processor.py:208} INFO - Processing /opt/airflow/dags/primeira_dag_v0.py took 0.106 seconds
[2024-10-20T14:10:13.380+0000] {processor.py:186} INFO - Started process (PID=496) to work on /opt/airflow/dags/primeira_dag_v0.py
[2024-10-20T14:10:13.381+0000] {processor.py:914} INFO - Processing file /opt/airflow/dags/primeira_dag_v0.py for tasks to queue
[2024-10-20T14:10:13.383+0000] {logging_mixin.py:190} INFO - [2024-10-20T14:10:13.382+0000] {dagbag.py:588} INFO - Filling up the DagBag from /opt/airflow/dags/primeira_dag_v0.py
[2024-10-20T14:10:13.401+0000] {processor.py:925} INFO - DAG(s) 'primeira_dag_v0' retrieved from /opt/airflow/dags/primeira_dag_v0.py
[2024-10-20T14:10:13.421+0000] {logging_mixin.py:190} INFO - [2024-10-20T14:10:13.421+0000] {dag.py:3239} INFO - Sync 1 DAGs
[2024-10-20T14:10:13.446+0000] {logging_mixin.py:190} INFO - [2024-10-20T14:10:13.445+0000] {dag.py:4180} INFO - Setting next_dagrun for primeira_dag_v0 to 2024-10-20 00:00:00+00:00, run_after=2024-10-21 00:00:00+00:00
[2024-10-20T14:10:13.470+0000] {processor.py:208} INFO - Processing /opt/airflow/dags/primeira_dag_v0.py took 0.095 seconds
[2024-10-20T14:10:44.269+0000] {processor.py:186} INFO - Started process (PID=559) to work on /opt/airflow/dags/primeira_dag_v0.py
[2024-10-20T14:10:44.270+0000] {processor.py:914} INFO - Processing file /opt/airflow/dags/primeira_dag_v0.py for tasks to queue
[2024-10-20T14:10:44.273+0000] {logging_mixin.py:190} INFO - [2024-10-20T14:10:44.272+0000] {dagbag.py:588} INFO - Filling up the DagBag from /opt/airflow/dags/primeira_dag_v0.py
[2024-10-20T14:10:44.300+0000] {processor.py:925} INFO - DAG(s) 'primeira_dag_v0' retrieved from /opt/airflow/dags/primeira_dag_v0.py
[2024-10-20T14:10:44.318+0000] {logging_mixin.py:190} INFO - [2024-10-20T14:10:44.318+0000] {dag.py:3239} INFO - Sync 1 DAGs
[2024-10-20T14:10:44.337+0000] {logging_mixin.py:190} INFO - [2024-10-20T14:10:44.337+0000] {dag.py:4180} INFO - Setting next_dagrun for primeira_dag_v0 to 2024-10-20 00:00:00+00:00, run_after=2024-10-21 00:00:00+00:00
[2024-10-20T14:10:44.359+0000] {processor.py:208} INFO - Processing /opt/airflow/dags/primeira_dag_v0.py took 0.098 seconds
[2024-10-20T14:11:15.258+0000] {processor.py:186} INFO - Started process (PID=622) to work on /opt/airflow/dags/primeira_dag_v0.py
[2024-10-20T14:11:15.259+0000] {processor.py:914} INFO - Processing file /opt/airflow/dags/primeira_dag_v0.py for tasks to queue
[2024-10-20T14:11:15.261+0000] {logging_mixin.py:190} INFO - [2024-10-20T14:11:15.261+0000] {dagbag.py:588} INFO - Filling up the DagBag from /opt/airflow/dags/primeira_dag_v0.py
[2024-10-20T14:11:15.280+0000] {processor.py:925} INFO - DAG(s) 'primeira_dag_v0' retrieved from /opt/airflow/dags/primeira_dag_v0.py
[2024-10-20T14:11:15.298+0000] {logging_mixin.py:190} INFO - [2024-10-20T14:11:15.298+0000] {dag.py:3239} INFO - Sync 1 DAGs
[2024-10-20T14:11:15.323+0000] {logging_mixin.py:190} INFO - [2024-10-20T14:11:15.323+0000] {dag.py:4180} INFO - Setting next_dagrun for primeira_dag_v0 to 2024-10-20 00:00:00+00:00, run_after=2024-10-21 00:00:00+00:00
[2024-10-20T14:11:15.345+0000] {processor.py:208} INFO - Processing /opt/airflow/dags/primeira_dag_v0.py took 0.092 seconds
[2024-10-20T14:11:45.579+0000] {processor.py:186} INFO - Started process (PID=684) to work on /opt/airflow/dags/primeira_dag_v0.py
[2024-10-20T14:11:45.580+0000] {processor.py:914} INFO - Processing file /opt/airflow/dags/primeira_dag_v0.py for tasks to queue
[2024-10-20T14:11:45.583+0000] {logging_mixin.py:190} INFO - [2024-10-20T14:11:45.583+0000] {dagbag.py:588} INFO - Filling up the DagBag from /opt/airflow/dags/primeira_dag_v0.py
[2024-10-20T14:11:45.597+0000] {processor.py:925} INFO - DAG(s) 'primeira_dag_v0' retrieved from /opt/airflow/dags/primeira_dag_v0.py
[2024-10-20T14:11:45.614+0000] {logging_mixin.py:190} INFO - [2024-10-20T14:11:45.613+0000] {dag.py:3239} INFO - Sync 1 DAGs
[2024-10-20T14:11:45.635+0000] {logging_mixin.py:190} INFO - [2024-10-20T14:11:45.634+0000] {dag.py:4180} INFO - Setting next_dagrun for primeira_dag_v0 to 2024-10-20 00:00:00+00:00, run_after=2024-10-21 00:00:00+00:00
[2024-10-20T14:11:45.658+0000] {processor.py:208} INFO - Processing /opt/airflow/dags/primeira_dag_v0.py took 0.084 seconds
[2024-10-20T14:12:16.205+0000] {processor.py:186} INFO - Started process (PID=747) to work on /opt/airflow/dags/primeira_dag_v0.py
[2024-10-20T14:12:16.206+0000] {processor.py:914} INFO - Processing file /opt/airflow/dags/primeira_dag_v0.py for tasks to queue
[2024-10-20T14:12:16.208+0000] {logging_mixin.py:190} INFO - [2024-10-20T14:12:16.207+0000] {dagbag.py:588} INFO - Filling up the DagBag from /opt/airflow/dags/primeira_dag_v0.py
[2024-10-20T14:12:16.222+0000] {processor.py:925} INFO - DAG(s) 'primeira_dag_v0' retrieved from /opt/airflow/dags/primeira_dag_v0.py
[2024-10-20T14:12:16.236+0000] {logging_mixin.py:190} INFO - [2024-10-20T14:12:16.236+0000] {dag.py:3239} INFO - Sync 1 DAGs
[2024-10-20T14:12:16.261+0000] {logging_mixin.py:190} INFO - [2024-10-20T14:12:16.260+0000] {dag.py:4180} INFO - Setting next_dagrun for primeira_dag_v0 to 2024-10-20 00:00:00+00:00, run_after=2024-10-21 00:00:00+00:00
[2024-10-20T14:12:16.286+0000] {processor.py:208} INFO - Processing /opt/airflow/dags/primeira_dag_v0.py took 0.086 seconds
[2024-10-20T14:12:47.117+0000] {processor.py:186} INFO - Started process (PID=810) to work on /opt/airflow/dags/primeira_dag_v0.py
[2024-10-20T14:12:47.118+0000] {processor.py:914} INFO - Processing file /opt/airflow/dags/primeira_dag_v0.py for tasks to queue
[2024-10-20T14:12:47.120+0000] {logging_mixin.py:190} INFO - [2024-10-20T14:12:47.120+0000] {dagbag.py:588} INFO - Filling up the DagBag from /opt/airflow/dags/primeira_dag_v0.py
[2024-10-20T14:12:47.138+0000] {processor.py:925} INFO - DAG(s) 'primeira_dag_v0' retrieved from /opt/airflow/dags/primeira_dag_v0.py
[2024-10-20T14:12:47.155+0000] {logging_mixin.py:190} INFO - [2024-10-20T14:12:47.155+0000] {dag.py:3239} INFO - Sync 1 DAGs
[2024-10-20T14:12:47.174+0000] {logging_mixin.py:190} INFO - [2024-10-20T14:12:47.174+0000] {dag.py:4180} INFO - Setting next_dagrun for primeira_dag_v0 to 2024-10-20 00:00:00+00:00, run_after=2024-10-21 00:00:00+00:00
[2024-10-20T14:12:47.196+0000] {processor.py:208} INFO - Processing /opt/airflow/dags/primeira_dag_v0.py took 0.084 seconds
[2024-10-20T14:13:18.057+0000] {processor.py:186} INFO - Started process (PID=873) to work on /opt/airflow/dags/primeira_dag_v0.py
[2024-10-20T14:13:18.058+0000] {processor.py:914} INFO - Processing file /opt/airflow/dags/primeira_dag_v0.py for tasks to queue
[2024-10-20T14:13:18.060+0000] {logging_mixin.py:190} INFO - [2024-10-20T14:13:18.060+0000] {dagbag.py:588} INFO - Filling up the DagBag from /opt/airflow/dags/primeira_dag_v0.py
[2024-10-20T14:13:18.084+0000] {processor.py:925} INFO - DAG(s) 'primeira_dag_v0' retrieved from /opt/airflow/dags/primeira_dag_v0.py
[2024-10-20T14:13:18.103+0000] {logging_mixin.py:190} INFO - [2024-10-20T14:13:18.102+0000] {dag.py:3239} INFO - Sync 1 DAGs
[2024-10-20T14:13:18.122+0000] {logging_mixin.py:190} INFO - [2024-10-20T14:13:18.122+0000] {dag.py:4180} INFO - Setting next_dagrun for primeira_dag_v0 to 2024-10-20 00:00:00+00:00, run_after=2024-10-21 00:00:00+00:00
[2024-10-20T14:13:18.143+0000] {processor.py:208} INFO - Processing /opt/airflow/dags/primeira_dag_v0.py took 0.091 seconds
[2024-10-20T14:13:48.213+0000] {processor.py:186} INFO - Started process (PID=936) to work on /opt/airflow/dags/primeira_dag_v0.py
[2024-10-20T14:13:48.214+0000] {processor.py:914} INFO - Processing file /opt/airflow/dags/primeira_dag_v0.py for tasks to queue
[2024-10-20T14:13:48.216+0000] {logging_mixin.py:190} INFO - [2024-10-20T14:13:48.216+0000] {dagbag.py:588} INFO - Filling up the DagBag from /opt/airflow/dags/primeira_dag_v0.py
[2024-10-20T14:13:48.236+0000] {processor.py:925} INFO - DAG(s) 'primeira_dag_v0' retrieved from /opt/airflow/dags/primeira_dag_v0.py
[2024-10-20T14:13:48.255+0000] {logging_mixin.py:190} INFO - [2024-10-20T14:13:48.255+0000] {dag.py:3239} INFO - Sync 1 DAGs
[2024-10-20T14:13:48.293+0000] {logging_mixin.py:190} INFO - [2024-10-20T14:13:48.292+0000] {dag.py:4180} INFO - Setting next_dagrun for primeira_dag_v0 to 2024-10-20 00:00:00+00:00, run_after=2024-10-21 00:00:00+00:00
[2024-10-20T14:13:48.312+0000] {processor.py:208} INFO - Processing /opt/airflow/dags/primeira_dag_v0.py took 0.104 seconds
[2024-10-20T14:14:18.572+0000] {processor.py:186} INFO - Started process (PID=999) to work on /opt/airflow/dags/primeira_dag_v0.py
[2024-10-20T14:14:18.573+0000] {processor.py:914} INFO - Processing file /opt/airflow/dags/primeira_dag_v0.py for tasks to queue
[2024-10-20T14:14:18.576+0000] {logging_mixin.py:190} INFO - [2024-10-20T14:14:18.576+0000] {dagbag.py:588} INFO - Filling up the DagBag from /opt/airflow/dags/primeira_dag_v0.py
[2024-10-20T14:14:18.607+0000] {processor.py:925} INFO - DAG(s) 'primeira_dag_v0' retrieved from /opt/airflow/dags/primeira_dag_v0.py
[2024-10-20T14:14:18.625+0000] {logging_mixin.py:190} INFO - [2024-10-20T14:14:18.625+0000] {dag.py:3239} INFO - Sync 1 DAGs
[2024-10-20T14:14:18.644+0000] {logging_mixin.py:190} INFO - [2024-10-20T14:14:18.644+0000] {dag.py:4180} INFO - Setting next_dagrun for primeira_dag_v0 to 2024-10-20 00:00:00+00:00, run_after=2024-10-21 00:00:00+00:00
[2024-10-20T14:14:18.666+0000] {processor.py:208} INFO - Processing /opt/airflow/dags/primeira_dag_v0.py took 0.102 seconds
[2024-10-20T14:14:49.204+0000] {processor.py:186} INFO - Started process (PID=1062) to work on /opt/airflow/dags/primeira_dag_v0.py
[2024-10-20T14:14:49.205+0000] {processor.py:914} INFO - Processing file /opt/airflow/dags/primeira_dag_v0.py for tasks to queue
[2024-10-20T14:14:49.208+0000] {logging_mixin.py:190} INFO - [2024-10-20T14:14:49.208+0000] {dagbag.py:588} INFO - Filling up the DagBag from /opt/airflow/dags/primeira_dag_v0.py
[2024-10-20T14:14:49.224+0000] {processor.py:925} INFO - DAG(s) 'primeira_dag_v0' retrieved from /opt/airflow/dags/primeira_dag_v0.py
[2024-10-20T14:14:49.240+0000] {logging_mixin.py:190} INFO - [2024-10-20T14:14:49.239+0000] {dag.py:3239} INFO - Sync 1 DAGs
[2024-10-20T14:14:49.265+0000] {logging_mixin.py:190} INFO - [2024-10-20T14:14:49.265+0000] {dag.py:4180} INFO - Setting next_dagrun for primeira_dag_v0 to 2024-10-20 00:00:00+00:00, run_after=2024-10-21 00:00:00+00:00
[2024-10-20T14:14:49.287+0000] {processor.py:208} INFO - Processing /opt/airflow/dags/primeira_dag_v0.py took 0.088 seconds
[2024-10-20T14:15:19.753+0000] {processor.py:186} INFO - Started process (PID=1125) to work on /opt/airflow/dags/primeira_dag_v0.py
[2024-10-20T14:15:19.754+0000] {processor.py:914} INFO - Processing file /opt/airflow/dags/primeira_dag_v0.py for tasks to queue
[2024-10-20T14:15:19.756+0000] {logging_mixin.py:190} INFO - [2024-10-20T14:15:19.755+0000] {dagbag.py:588} INFO - Filling up the DagBag from /opt/airflow/dags/primeira_dag_v0.py
[2024-10-20T14:15:19.770+0000] {processor.py:925} INFO - DAG(s) 'primeira_dag_v0' retrieved from /opt/airflow/dags/primeira_dag_v0.py
[2024-10-20T14:15:19.785+0000] {logging_mixin.py:190} INFO - [2024-10-20T14:15:19.784+0000] {dag.py:3239} INFO - Sync 1 DAGs
[2024-10-20T14:15:19.804+0000] {logging_mixin.py:190} INFO - [2024-10-20T14:15:19.803+0000] {dag.py:4180} INFO - Setting next_dagrun for primeira_dag_v0 to 2024-10-20 00:00:00+00:00, run_after=2024-10-21 00:00:00+00:00
[2024-10-20T14:15:19.824+0000] {processor.py:208} INFO - Processing /opt/airflow/dags/primeira_dag_v0.py took 0.076 seconds
[2024-10-20T14:15:50.504+0000] {processor.py:186} INFO - Started process (PID=1189) to work on /opt/airflow/dags/primeira_dag_v0.py
[2024-10-20T14:15:50.506+0000] {processor.py:914} INFO - Processing file /opt/airflow/dags/primeira_dag_v0.py for tasks to queue
[2024-10-20T14:15:50.508+0000] {logging_mixin.py:190} INFO - [2024-10-20T14:15:50.508+0000] {dagbag.py:588} INFO - Filling up the DagBag from /opt/airflow/dags/primeira_dag_v0.py
[2024-10-20T14:15:50.526+0000] {processor.py:925} INFO - DAG(s) 'primeira_dag_v0' retrieved from /opt/airflow/dags/primeira_dag_v0.py
[2024-10-20T14:15:50.559+0000] {logging_mixin.py:190} INFO - [2024-10-20T14:15:50.558+0000] {dag.py:3239} INFO - Sync 1 DAGs
[2024-10-20T14:15:50.584+0000] {logging_mixin.py:190} INFO - [2024-10-20T14:15:50.583+0000] {dag.py:4180} INFO - Setting next_dagrun for primeira_dag_v0 to 2024-10-20 00:00:00+00:00, run_after=2024-10-21 00:00:00+00:00
[2024-10-20T14:15:50.623+0000] {processor.py:208} INFO - Processing /opt/airflow/dags/primeira_dag_v0.py took 0.126 seconds
[2024-10-20T14:16:21.355+0000] {processor.py:186} INFO - Started process (PID=1252) to work on /opt/airflow/dags/primeira_dag_v0.py
[2024-10-20T14:16:21.356+0000] {processor.py:914} INFO - Processing file /opt/airflow/dags/primeira_dag_v0.py for tasks to queue
[2024-10-20T14:16:21.359+0000] {logging_mixin.py:190} INFO - [2024-10-20T14:16:21.359+0000] {dagbag.py:588} INFO - Filling up the DagBag from /opt/airflow/dags/primeira_dag_v0.py
[2024-10-20T14:16:21.380+0000] {processor.py:925} INFO - DAG(s) 'primeira_dag_v0' retrieved from /opt/airflow/dags/primeira_dag_v0.py
[2024-10-20T14:16:21.401+0000] {logging_mixin.py:190} INFO - [2024-10-20T14:16:21.401+0000] {dag.py:3239} INFO - Sync 1 DAGs
[2024-10-20T14:16:21.425+0000] {logging_mixin.py:190} INFO - [2024-10-20T14:16:21.425+0000] {dag.py:4180} INFO - Setting next_dagrun for primeira_dag_v0 to 2024-10-20 00:00:00+00:00, run_after=2024-10-21 00:00:00+00:00
[2024-10-20T14:16:21.444+0000] {processor.py:208} INFO - Processing /opt/airflow/dags/primeira_dag_v0.py took 0.095 seconds
[2024-10-20T14:16:52.000+0000] {processor.py:186} INFO - Started process (PID=1316) to work on /opt/airflow/dags/primeira_dag_v0.py
[2024-10-20T14:16:52.001+0000] {processor.py:914} INFO - Processing file /opt/airflow/dags/primeira_dag_v0.py for tasks to queue
[2024-10-20T14:16:52.003+0000] {logging_mixin.py:190} INFO - [2024-10-20T14:16:52.003+0000] {dagbag.py:588} INFO - Filling up the DagBag from /opt/airflow/dags/primeira_dag_v0.py
[2024-10-20T14:16:52.020+0000] {processor.py:925} INFO - DAG(s) 'primeira_dag_v0' retrieved from /opt/airflow/dags/primeira_dag_v0.py
[2024-10-20T14:16:52.038+0000] {logging_mixin.py:190} INFO - [2024-10-20T14:16:52.037+0000] {dag.py:3239} INFO - Sync 1 DAGs
[2024-10-20T14:16:52.058+0000] {logging_mixin.py:190} INFO - [2024-10-20T14:16:52.058+0000] {dag.py:4180} INFO - Setting next_dagrun for primeira_dag_v0 to 2024-10-20 00:00:00+00:00, run_after=2024-10-21 00:00:00+00:00
[2024-10-20T14:16:52.078+0000] {processor.py:208} INFO - Processing /opt/airflow/dags/primeira_dag_v0.py took 0.084 seconds
[2024-10-20T14:17:23.004+0000] {processor.py:186} INFO - Started process (PID=1379) to work on /opt/airflow/dags/primeira_dag_v0.py
[2024-10-20T14:17:23.005+0000] {processor.py:914} INFO - Processing file /opt/airflow/dags/primeira_dag_v0.py for tasks to queue
[2024-10-20T14:17:23.007+0000] {logging_mixin.py:190} INFO - [2024-10-20T14:17:23.007+0000] {dagbag.py:588} INFO - Filling up the DagBag from /opt/airflow/dags/primeira_dag_v0.py
[2024-10-20T14:17:23.023+0000] {processor.py:925} INFO - DAG(s) 'primeira_dag_v0' retrieved from /opt/airflow/dags/primeira_dag_v0.py
[2024-10-20T14:17:23.041+0000] {logging_mixin.py:190} INFO - [2024-10-20T14:17:23.040+0000] {dag.py:3239} INFO - Sync 1 DAGs
[2024-10-20T14:17:23.062+0000] {logging_mixin.py:190} INFO - [2024-10-20T14:17:23.062+0000] {dag.py:4180} INFO - Setting next_dagrun for primeira_dag_v0 to 2024-10-20 00:00:00+00:00, run_after=2024-10-21 00:00:00+00:00
[2024-10-20T14:17:23.085+0000] {processor.py:208} INFO - Processing /opt/airflow/dags/primeira_dag_v0.py took 0.086 seconds
[2024-10-20T14:17:53.857+0000] {processor.py:186} INFO - Started process (PID=1444) to work on /opt/airflow/dags/primeira_dag_v0.py
[2024-10-20T14:17:53.858+0000] {processor.py:914} INFO - Processing file /opt/airflow/dags/primeira_dag_v0.py for tasks to queue
[2024-10-20T14:17:53.860+0000] {logging_mixin.py:190} INFO - [2024-10-20T14:17:53.860+0000] {dagbag.py:588} INFO - Filling up the DagBag from /opt/airflow/dags/primeira_dag_v0.py
[2024-10-20T14:17:53.875+0000] {processor.py:925} INFO - DAG(s) 'primeira_dag_v0' retrieved from /opt/airflow/dags/primeira_dag_v0.py
[2024-10-20T14:17:53.893+0000] {logging_mixin.py:190} INFO - [2024-10-20T14:17:53.893+0000] {dag.py:3239} INFO - Sync 1 DAGs
[2024-10-20T14:17:53.915+0000] {logging_mixin.py:190} INFO - [2024-10-20T14:17:53.914+0000] {dag.py:4180} INFO - Setting next_dagrun for primeira_dag_v0 to 2024-10-20 00:00:00+00:00, run_after=2024-10-21 00:00:00+00:00
[2024-10-20T14:17:53.934+0000] {processor.py:208} INFO - Processing /opt/airflow/dags/primeira_dag_v0.py took 0.083 seconds
[2024-10-20T14:18:24.575+0000] {processor.py:186} INFO - Started process (PID=1509) to work on /opt/airflow/dags/primeira_dag_v0.py
[2024-10-20T14:18:24.576+0000] {processor.py:914} INFO - Processing file /opt/airflow/dags/primeira_dag_v0.py for tasks to queue
[2024-10-20T14:18:24.578+0000] {logging_mixin.py:190} INFO - [2024-10-20T14:18:24.578+0000] {dagbag.py:588} INFO - Filling up the DagBag from /opt/airflow/dags/primeira_dag_v0.py
[2024-10-20T14:18:24.593+0000] {processor.py:925} INFO - DAG(s) 'primeira_dag_v0' retrieved from /opt/airflow/dags/primeira_dag_v0.py
[2024-10-20T14:18:24.608+0000] {logging_mixin.py:190} INFO - [2024-10-20T14:18:24.608+0000] {dag.py:3239} INFO - Sync 1 DAGs
[2024-10-20T14:18:24.629+0000] {logging_mixin.py:190} INFO - [2024-10-20T14:18:24.629+0000] {dag.py:4180} INFO - Setting next_dagrun for primeira_dag_v0 to 2024-10-20 00:00:00+00:00, run_after=2024-10-21 00:00:00+00:00
[2024-10-20T14:18:24.651+0000] {processor.py:208} INFO - Processing /opt/airflow/dags/primeira_dag_v0.py took 0.081 seconds
[2024-10-20T14:18:55.420+0000] {processor.py:186} INFO - Started process (PID=1573) to work on /opt/airflow/dags/primeira_dag_v0.py
[2024-10-20T14:18:55.421+0000] {processor.py:914} INFO - Processing file /opt/airflow/dags/primeira_dag_v0.py for tasks to queue
[2024-10-20T14:18:55.424+0000] {logging_mixin.py:190} INFO - [2024-10-20T14:18:55.423+0000] {dagbag.py:588} INFO - Filling up the DagBag from /opt/airflow/dags/primeira_dag_v0.py
[2024-10-20T14:18:55.441+0000] {processor.py:925} INFO - DAG(s) 'primeira_dag_v0' retrieved from /opt/airflow/dags/primeira_dag_v0.py
[2024-10-20T14:18:55.459+0000] {logging_mixin.py:190} INFO - [2024-10-20T14:18:55.459+0000] {dag.py:3239} INFO - Sync 1 DAGs
[2024-10-20T14:18:55.479+0000] {logging_mixin.py:190} INFO - [2024-10-20T14:18:55.479+0000] {dag.py:4180} INFO - Setting next_dagrun for primeira_dag_v0 to 2024-10-20 00:00:00+00:00, run_after=2024-10-21 00:00:00+00:00
[2024-10-20T14:18:55.501+0000] {processor.py:208} INFO - Processing /opt/airflow/dags/primeira_dag_v0.py took 0.086 seconds
[2024-10-20T14:19:26.234+0000] {processor.py:186} INFO - Started process (PID=1637) to work on /opt/airflow/dags/primeira_dag_v0.py
[2024-10-20T14:19:26.235+0000] {processor.py:914} INFO - Processing file /opt/airflow/dags/primeira_dag_v0.py for tasks to queue
[2024-10-20T14:19:26.237+0000] {logging_mixin.py:190} INFO - [2024-10-20T14:19:26.237+0000] {dagbag.py:588} INFO - Filling up the DagBag from /opt/airflow/dags/primeira_dag_v0.py
[2024-10-20T14:19:26.254+0000] {processor.py:925} INFO - DAG(s) 'primeira_dag_v0' retrieved from /opt/airflow/dags/primeira_dag_v0.py
[2024-10-20T14:19:26.275+0000] {logging_mixin.py:190} INFO - [2024-10-20T14:19:26.275+0000] {dag.py:3239} INFO - Sync 1 DAGs
[2024-10-20T14:19:26.296+0000] {logging_mixin.py:190} INFO - [2024-10-20T14:19:26.295+0000] {dag.py:4180} INFO - Setting next_dagrun for primeira_dag_v0 to 2024-10-20 00:00:00+00:00, run_after=2024-10-21 00:00:00+00:00
[2024-10-20T14:19:26.318+0000] {processor.py:208} INFO - Processing /opt/airflow/dags/primeira_dag_v0.py took 0.088 seconds
[2024-10-20T14:19:56.474+0000] {processor.py:186} INFO - Started process (PID=1701) to work on /opt/airflow/dags/primeira_dag_v0.py
[2024-10-20T14:19:56.475+0000] {processor.py:914} INFO - Processing file /opt/airflow/dags/primeira_dag_v0.py for tasks to queue
[2024-10-20T14:19:56.478+0000] {logging_mixin.py:190} INFO - [2024-10-20T14:19:56.478+0000] {dagbag.py:588} INFO - Filling up the DagBag from /opt/airflow/dags/primeira_dag_v0.py
[2024-10-20T14:19:56.507+0000] {processor.py:925} INFO - DAG(s) 'primeira_dag_v0' retrieved from /opt/airflow/dags/primeira_dag_v0.py
[2024-10-20T14:19:56.528+0000] {logging_mixin.py:190} INFO - [2024-10-20T14:19:56.527+0000] {dag.py:3239} INFO - Sync 1 DAGs
[2024-10-20T14:19:56.551+0000] {logging_mixin.py:190} INFO - [2024-10-20T14:19:56.551+0000] {dag.py:4180} INFO - Setting next_dagrun for primeira_dag_v0 to 2024-10-20 00:00:00+00:00, run_after=2024-10-21 00:00:00+00:00
[2024-10-20T14:19:56.572+0000] {processor.py:208} INFO - Processing /opt/airflow/dags/primeira_dag_v0.py took 0.105 seconds
[2024-10-20T14:20:27.183+0000] {processor.py:186} INFO - Started process (PID=1765) to work on /opt/airflow/dags/primeira_dag_v0.py
[2024-10-20T14:20:27.184+0000] {processor.py:914} INFO - Processing file /opt/airflow/dags/primeira_dag_v0.py for tasks to queue
[2024-10-20T14:20:27.186+0000] {logging_mixin.py:190} INFO - [2024-10-20T14:20:27.186+0000] {dagbag.py:588} INFO - Filling up the DagBag from /opt/airflow/dags/primeira_dag_v0.py
[2024-10-20T14:20:27.201+0000] {processor.py:925} INFO - DAG(s) 'primeira_dag_v0' retrieved from /opt/airflow/dags/primeira_dag_v0.py
[2024-10-20T14:20:27.216+0000] {logging_mixin.py:190} INFO - [2024-10-20T14:20:27.216+0000] {dag.py:3239} INFO - Sync 1 DAGs
[2024-10-20T14:20:27.234+0000] {logging_mixin.py:190} INFO - [2024-10-20T14:20:27.234+0000] {dag.py:4180} INFO - Setting next_dagrun for primeira_dag_v0 to 2024-10-20 00:00:00+00:00, run_after=2024-10-21 00:00:00+00:00
[2024-10-20T14:20:27.255+0000] {processor.py:208} INFO - Processing /opt/airflow/dags/primeira_dag_v0.py took 0.076 seconds
[2024-10-20T14:20:57.844+0000] {processor.py:186} INFO - Started process (PID=1829) to work on /opt/airflow/dags/primeira_dag_v0.py
[2024-10-20T14:20:57.845+0000] {processor.py:914} INFO - Processing file /opt/airflow/dags/primeira_dag_v0.py for tasks to queue
[2024-10-20T14:20:57.848+0000] {logging_mixin.py:190} INFO - [2024-10-20T14:20:57.847+0000] {dagbag.py:588} INFO - Filling up the DagBag from /opt/airflow/dags/primeira_dag_v0.py
[2024-10-20T14:20:57.862+0000] {processor.py:925} INFO - DAG(s) 'primeira_dag_v0' retrieved from /opt/airflow/dags/primeira_dag_v0.py
[2024-10-20T14:20:57.878+0000] {logging_mixin.py:190} INFO - [2024-10-20T14:20:57.878+0000] {dag.py:3239} INFO - Sync 1 DAGs
[2024-10-20T14:20:57.897+0000] {logging_mixin.py:190} INFO - [2024-10-20T14:20:57.897+0000] {dag.py:4180} INFO - Setting next_dagrun for primeira_dag_v0 to 2024-10-20 00:00:00+00:00, run_after=2024-10-21 00:00:00+00:00
[2024-10-20T14:20:57.917+0000] {processor.py:208} INFO - Processing /opt/airflow/dags/primeira_dag_v0.py took 0.079 seconds
[2024-10-20T14:21:28.413+0000] {processor.py:186} INFO - Started process (PID=1893) to work on /opt/airflow/dags/primeira_dag_v0.py
[2024-10-20T14:21:28.414+0000] {processor.py:914} INFO - Processing file /opt/airflow/dags/primeira_dag_v0.py for tasks to queue
[2024-10-20T14:21:28.416+0000] {logging_mixin.py:190} INFO - [2024-10-20T14:21:28.416+0000] {dagbag.py:588} INFO - Filling up the DagBag from /opt/airflow/dags/primeira_dag_v0.py
[2024-10-20T14:21:28.440+0000] {processor.py:925} INFO - DAG(s) 'primeira_dag_v0' retrieved from /opt/airflow/dags/primeira_dag_v0.py
[2024-10-20T14:21:28.456+0000] {logging_mixin.py:190} INFO - [2024-10-20T14:21:28.456+0000] {dag.py:3239} INFO - Sync 1 DAGs
[2024-10-20T14:21:28.475+0000] {logging_mixin.py:190} INFO - [2024-10-20T14:21:28.475+0000] {dag.py:4180} INFO - Setting next_dagrun for primeira_dag_v0 to 2024-10-20 00:00:00+00:00, run_after=2024-10-21 00:00:00+00:00
[2024-10-20T14:21:28.496+0000] {processor.py:208} INFO - Processing /opt/airflow/dags/primeira_dag_v0.py took 0.088 seconds
[2024-10-20T14:21:59.140+0000] {processor.py:186} INFO - Started process (PID=1957) to work on /opt/airflow/dags/primeira_dag_v0.py
[2024-10-20T14:21:59.141+0000] {processor.py:914} INFO - Processing file /opt/airflow/dags/primeira_dag_v0.py for tasks to queue
[2024-10-20T14:21:59.143+0000] {logging_mixin.py:190} INFO - [2024-10-20T14:21:59.143+0000] {dagbag.py:588} INFO - Filling up the DagBag from /opt/airflow/dags/primeira_dag_v0.py
[2024-10-20T14:21:59.157+0000] {processor.py:925} INFO - DAG(s) 'primeira_dag_v0' retrieved from /opt/airflow/dags/primeira_dag_v0.py
[2024-10-20T14:21:59.171+0000] {logging_mixin.py:190} INFO - [2024-10-20T14:21:59.171+0000] {dag.py:3239} INFO - Sync 1 DAGs
[2024-10-20T14:21:59.188+0000] {logging_mixin.py:190} INFO - [2024-10-20T14:21:59.188+0000] {dag.py:4180} INFO - Setting next_dagrun for primeira_dag_v0 to 2024-10-20 00:00:00+00:00, run_after=2024-10-21 00:00:00+00:00
[2024-10-20T14:21:59.207+0000] {processor.py:208} INFO - Processing /opt/airflow/dags/primeira_dag_v0.py took 0.072 seconds
[2024-10-20T14:22:30.068+0000] {processor.py:186} INFO - Started process (PID=2021) to work on /opt/airflow/dags/primeira_dag_v0.py
[2024-10-20T14:22:30.070+0000] {processor.py:914} INFO - Processing file /opt/airflow/dags/primeira_dag_v0.py for tasks to queue
[2024-10-20T14:22:30.077+0000] {logging_mixin.py:190} INFO - [2024-10-20T14:22:30.076+0000] {dagbag.py:588} INFO - Filling up the DagBag from /opt/airflow/dags/primeira_dag_v0.py
[2024-10-20T14:22:30.100+0000] {processor.py:925} INFO - DAG(s) 'primeira_dag_v0' retrieved from /opt/airflow/dags/primeira_dag_v0.py
[2024-10-20T14:22:30.122+0000] {logging_mixin.py:190} INFO - [2024-10-20T14:22:30.122+0000] {dag.py:3239} INFO - Sync 1 DAGs
[2024-10-20T14:22:30.142+0000] {logging_mixin.py:190} INFO - [2024-10-20T14:22:30.142+0000] {dag.py:4180} INFO - Setting next_dagrun for primeira_dag_v0 to 2024-10-20 00:00:00+00:00, run_after=2024-10-21 00:00:00+00:00
[2024-10-20T14:22:30.161+0000] {processor.py:208} INFO - Processing /opt/airflow/dags/primeira_dag_v0.py took 0.100 seconds
[2024-10-20T14:23:00.764+0000] {processor.py:186} INFO - Started process (PID=2085) to work on /opt/airflow/dags/primeira_dag_v0.py
[2024-10-20T14:23:00.764+0000] {processor.py:914} INFO - Processing file /opt/airflow/dags/primeira_dag_v0.py for tasks to queue
[2024-10-20T14:23:00.766+0000] {logging_mixin.py:190} INFO - [2024-10-20T14:23:00.766+0000] {dagbag.py:588} INFO - Filling up the DagBag from /opt/airflow/dags/primeira_dag_v0.py
[2024-10-20T14:23:00.779+0000] {processor.py:925} INFO - DAG(s) 'primeira_dag_v0' retrieved from /opt/airflow/dags/primeira_dag_v0.py
[2024-10-20T14:23:00.794+0000] {logging_mixin.py:190} INFO - [2024-10-20T14:23:00.793+0000] {dag.py:3239} INFO - Sync 1 DAGs
[2024-10-20T14:23:00.812+0000] {logging_mixin.py:190} INFO - [2024-10-20T14:23:00.812+0000] {dag.py:4180} INFO - Setting next_dagrun for primeira_dag_v0 to 2024-10-20 00:00:00+00:00, run_after=2024-10-21 00:00:00+00:00
[2024-10-20T14:23:00.833+0000] {processor.py:208} INFO - Processing /opt/airflow/dags/primeira_dag_v0.py took 0.074 seconds
[2024-10-20T14:23:31.611+0000] {processor.py:186} INFO - Started process (PID=2149) to work on /opt/airflow/dags/primeira_dag_v0.py
[2024-10-20T14:23:31.612+0000] {processor.py:914} INFO - Processing file /opt/airflow/dags/primeira_dag_v0.py for tasks to queue
[2024-10-20T14:23:31.615+0000] {logging_mixin.py:190} INFO - [2024-10-20T14:23:31.614+0000] {dagbag.py:588} INFO - Filling up the DagBag from /opt/airflow/dags/primeira_dag_v0.py
[2024-10-20T14:23:31.640+0000] {processor.py:925} INFO - DAG(s) 'primeira_dag_v0' retrieved from /opt/airflow/dags/primeira_dag_v0.py
[2024-10-20T14:23:31.657+0000] {logging_mixin.py:190} INFO - [2024-10-20T14:23:31.657+0000] {dag.py:3239} INFO - Sync 1 DAGs
[2024-10-20T14:23:31.676+0000] {logging_mixin.py:190} INFO - [2024-10-20T14:23:31.675+0000] {dag.py:4180} INFO - Setting next_dagrun for primeira_dag_v0 to 2024-10-20 00:00:00+00:00, run_after=2024-10-21 00:00:00+00:00
[2024-10-20T14:23:31.697+0000] {processor.py:208} INFO - Processing /opt/airflow/dags/primeira_dag_v0.py took 0.093 seconds
[2024-10-20T14:24:02.271+0000] {processor.py:186} INFO - Started process (PID=2213) to work on /opt/airflow/dags/primeira_dag_v0.py
[2024-10-20T14:24:02.272+0000] {processor.py:914} INFO - Processing file /opt/airflow/dags/primeira_dag_v0.py for tasks to queue
[2024-10-20T14:24:02.275+0000] {logging_mixin.py:190} INFO - [2024-10-20T14:24:02.275+0000] {dagbag.py:588} INFO - Filling up the DagBag from /opt/airflow/dags/primeira_dag_v0.py
[2024-10-20T14:24:02.294+0000] {processor.py:925} INFO - DAG(s) 'primeira_dag_v0' retrieved from /opt/airflow/dags/primeira_dag_v0.py
[2024-10-20T14:24:02.314+0000] {logging_mixin.py:190} INFO - [2024-10-20T14:24:02.314+0000] {dag.py:3239} INFO - Sync 1 DAGs
[2024-10-20T14:24:02.336+0000] {logging_mixin.py:190} INFO - [2024-10-20T14:24:02.336+0000] {dag.py:4180} INFO - Setting next_dagrun for primeira_dag_v0 to 2024-10-20 00:00:00+00:00, run_after=2024-10-21 00:00:00+00:00
[2024-10-20T14:24:02.357+0000] {processor.py:208} INFO - Processing /opt/airflow/dags/primeira_dag_v0.py took 0.094 seconds
[2024-10-20T14:24:33.126+0000] {processor.py:186} INFO - Started process (PID=2277) to work on /opt/airflow/dags/primeira_dag_v0.py
[2024-10-20T14:24:33.127+0000] {processor.py:914} INFO - Processing file /opt/airflow/dags/primeira_dag_v0.py for tasks to queue
[2024-10-20T14:24:33.129+0000] {logging_mixin.py:190} INFO - [2024-10-20T14:24:33.128+0000] {dagbag.py:588} INFO - Filling up the DagBag from /opt/airflow/dags/primeira_dag_v0.py
[2024-10-20T14:24:33.145+0000] {processor.py:925} INFO - DAG(s) 'primeira_dag_v0' retrieved from /opt/airflow/dags/primeira_dag_v0.py
[2024-10-20T14:24:33.162+0000] {logging_mixin.py:190} INFO - [2024-10-20T14:24:33.162+0000] {dag.py:3239} INFO - Sync 1 DAGs
[2024-10-20T14:24:33.185+0000] {logging_mixin.py:190} INFO - [2024-10-20T14:24:33.185+0000] {dag.py:4180} INFO - Setting next_dagrun for primeira_dag_v0 to 2024-10-20 00:00:00+00:00, run_after=2024-10-21 00:00:00+00:00
[2024-10-20T14:24:33.206+0000] {processor.py:208} INFO - Processing /opt/airflow/dags/primeira_dag_v0.py took 0.086 seconds
[2024-10-20T14:25:03.541+0000] {processor.py:186} INFO - Started process (PID=2341) to work on /opt/airflow/dags/primeira_dag_v0.py
[2024-10-20T14:25:03.543+0000] {processor.py:914} INFO - Processing file /opt/airflow/dags/primeira_dag_v0.py for tasks to queue
[2024-10-20T14:25:03.545+0000] {logging_mixin.py:190} INFO - [2024-10-20T14:25:03.545+0000] {dagbag.py:588} INFO - Filling up the DagBag from /opt/airflow/dags/primeira_dag_v0.py
[2024-10-20T14:25:03.572+0000] {processor.py:925} INFO - DAG(s) 'primeira_dag_v0' retrieved from /opt/airflow/dags/primeira_dag_v0.py
[2024-10-20T14:25:03.589+0000] {logging_mixin.py:190} INFO - [2024-10-20T14:25:03.589+0000] {dag.py:3239} INFO - Sync 1 DAGs
[2024-10-20T14:25:03.608+0000] {logging_mixin.py:190} INFO - [2024-10-20T14:25:03.608+0000] {dag.py:4180} INFO - Setting next_dagrun for primeira_dag_v0 to 2024-10-20 00:00:00+00:00, run_after=2024-10-21 00:00:00+00:00
[2024-10-20T14:25:03.630+0000] {processor.py:208} INFO - Processing /opt/airflow/dags/primeira_dag_v0.py took 0.096 seconds
[2024-10-20T14:55:23.095+0000] {processor.py:186} INFO - Started process (PID=2405) to work on /opt/airflow/dags/primeira_dag_v0.py
[2024-10-20T14:55:23.096+0000] {processor.py:914} INFO - Processing file /opt/airflow/dags/primeira_dag_v0.py for tasks to queue
[2024-10-20T14:55:23.098+0000] {logging_mixin.py:190} INFO - [2024-10-20T14:55:23.098+0000] {dagbag.py:588} INFO - Filling up the DagBag from /opt/airflow/dags/primeira_dag_v0.py
[2024-10-20T14:55:23.114+0000] {processor.py:925} INFO - DAG(s) 'primeira_dag_v0' retrieved from /opt/airflow/dags/primeira_dag_v0.py
[2024-10-20T14:55:23.131+0000] {logging_mixin.py:190} INFO - [2024-10-20T14:55:23.130+0000] {dag.py:3239} INFO - Sync 1 DAGs
[2024-10-20T14:55:23.154+0000] {logging_mixin.py:190} INFO - [2024-10-20T14:55:23.154+0000] {dag.py:4180} INFO - Setting next_dagrun for primeira_dag_v0 to 2024-10-20 00:00:00+00:00, run_after=2024-10-21 00:00:00+00:00
[2024-10-20T14:55:23.174+0000] {processor.py:208} INFO - Processing /opt/airflow/dags/primeira_dag_v0.py took 0.085 seconds
[2024-10-20T14:55:53.463+0000] {processor.py:186} INFO - Started process (PID=2469) to work on /opt/airflow/dags/primeira_dag_v0.py
[2024-10-20T14:55:53.464+0000] {processor.py:914} INFO - Processing file /opt/airflow/dags/primeira_dag_v0.py for tasks to queue
[2024-10-20T14:55:53.467+0000] {logging_mixin.py:190} INFO - [2024-10-20T14:55:53.466+0000] {dagbag.py:588} INFO - Filling up the DagBag from /opt/airflow/dags/primeira_dag_v0.py
[2024-10-20T14:55:53.483+0000] {processor.py:925} INFO - DAG(s) 'primeira_dag_v0' retrieved from /opt/airflow/dags/primeira_dag_v0.py
[2024-10-20T14:55:53.500+0000] {logging_mixin.py:190} INFO - [2024-10-20T14:55:53.500+0000] {dag.py:3239} INFO - Sync 1 DAGs
[2024-10-20T14:55:53.518+0000] {logging_mixin.py:190} INFO - [2024-10-20T14:55:53.518+0000] {dag.py:4180} INFO - Setting next_dagrun for primeira_dag_v0 to 2024-10-20 00:00:00+00:00, run_after=2024-10-21 00:00:00+00:00
[2024-10-20T14:55:53.539+0000] {processor.py:208} INFO - Processing /opt/airflow/dags/primeira_dag_v0.py took 0.081 seconds
[2024-10-20T14:56:23.810+0000] {processor.py:186} INFO - Started process (PID=2533) to work on /opt/airflow/dags/primeira_dag_v0.py
[2024-10-20T14:56:23.811+0000] {processor.py:914} INFO - Processing file /opt/airflow/dags/primeira_dag_v0.py for tasks to queue
[2024-10-20T14:56:23.814+0000] {logging_mixin.py:190} INFO - [2024-10-20T14:56:23.814+0000] {dagbag.py:588} INFO - Filling up the DagBag from /opt/airflow/dags/primeira_dag_v0.py
[2024-10-20T14:56:23.836+0000] {processor.py:925} INFO - DAG(s) 'primeira_dag_v0' retrieved from /opt/airflow/dags/primeira_dag_v0.py
[2024-10-20T14:56:23.853+0000] {logging_mixin.py:190} INFO - [2024-10-20T14:56:23.853+0000] {dag.py:3239} INFO - Sync 1 DAGs
[2024-10-20T14:56:23.871+0000] {logging_mixin.py:190} INFO - [2024-10-20T14:56:23.871+0000] {dag.py:4180} INFO - Setting next_dagrun for primeira_dag_v0 to 2024-10-20 00:00:00+00:00, run_after=2024-10-21 00:00:00+00:00
[2024-10-20T14:56:23.894+0000] {processor.py:208} INFO - Processing /opt/airflow/dags/primeira_dag_v0.py took 0.091 seconds
[2024-10-20T14:56:54.773+0000] {processor.py:186} INFO - Started process (PID=2596) to work on /opt/airflow/dags/primeira_dag_v0.py
[2024-10-20T14:56:54.775+0000] {processor.py:914} INFO - Processing file /opt/airflow/dags/primeira_dag_v0.py for tasks to queue
[2024-10-20T14:56:54.777+0000] {logging_mixin.py:190} INFO - [2024-10-20T14:56:54.777+0000] {dagbag.py:588} INFO - Filling up the DagBag from /opt/airflow/dags/primeira_dag_v0.py
[2024-10-20T14:56:54.794+0000] {processor.py:925} INFO - DAG(s) 'primeira_dag_v0' retrieved from /opt/airflow/dags/primeira_dag_v0.py
[2024-10-20T14:56:54.815+0000] {logging_mixin.py:190} INFO - [2024-10-20T14:56:54.815+0000] {dag.py:3239} INFO - Sync 1 DAGs
[2024-10-20T14:56:54.836+0000] {logging_mixin.py:190} INFO - [2024-10-20T14:56:54.836+0000] {dag.py:4180} INFO - Setting next_dagrun for primeira_dag_v0 to 2024-10-20 00:00:00+00:00, run_after=2024-10-21 00:00:00+00:00
[2024-10-20T14:56:54.859+0000] {processor.py:208} INFO - Processing /opt/airflow/dags/primeira_dag_v0.py took 0.091 seconds
[2024-10-20T14:57:25.328+0000] {processor.py:186} INFO - Started process (PID=2660) to work on /opt/airflow/dags/primeira_dag_v0.py
[2024-10-20T14:57:25.330+0000] {processor.py:914} INFO - Processing file /opt/airflow/dags/primeira_dag_v0.py for tasks to queue
[2024-10-20T14:57:25.334+0000] {logging_mixin.py:190} INFO - [2024-10-20T14:57:25.334+0000] {dagbag.py:588} INFO - Filling up the DagBag from /opt/airflow/dags/primeira_dag_v0.py
[2024-10-20T14:57:25.361+0000] {processor.py:925} INFO - DAG(s) 'primeira_dag_v0' retrieved from /opt/airflow/dags/primeira_dag_v0.py
[2024-10-20T14:57:25.380+0000] {logging_mixin.py:190} INFO - [2024-10-20T14:57:25.380+0000] {dag.py:3239} INFO - Sync 1 DAGs
[2024-10-20T14:57:25.402+0000] {logging_mixin.py:190} INFO - [2024-10-20T14:57:25.402+0000] {dag.py:4180} INFO - Setting next_dagrun for primeira_dag_v0 to 2024-10-20 00:00:00+00:00, run_after=2024-10-21 00:00:00+00:00
[2024-10-20T14:57:25.425+0000] {processor.py:208} INFO - Processing /opt/airflow/dags/primeira_dag_v0.py took 0.106 seconds
[2024-10-20T14:57:55.904+0000] {processor.py:186} INFO - Started process (PID=2724) to work on /opt/airflow/dags/primeira_dag_v0.py
[2024-10-20T14:57:55.906+0000] {processor.py:914} INFO - Processing file /opt/airflow/dags/primeira_dag_v0.py for tasks to queue
[2024-10-20T14:57:55.908+0000] {logging_mixin.py:190} INFO - [2024-10-20T14:57:55.908+0000] {dagbag.py:588} INFO - Filling up the DagBag from /opt/airflow/dags/primeira_dag_v0.py
[2024-10-20T14:57:55.923+0000] {processor.py:925} INFO - DAG(s) 'primeira_dag_v0' retrieved from /opt/airflow/dags/primeira_dag_v0.py
[2024-10-20T14:57:55.944+0000] {logging_mixin.py:190} INFO - [2024-10-20T14:57:55.944+0000] {dag.py:3239} INFO - Sync 1 DAGs
[2024-10-20T14:57:55.966+0000] {logging_mixin.py:190} INFO - [2024-10-20T14:57:55.966+0000] {dag.py:4180} INFO - Setting next_dagrun for primeira_dag_v0 to 2024-10-20 00:00:00+00:00, run_after=2024-10-21 00:00:00+00:00
[2024-10-20T14:57:55.990+0000] {processor.py:208} INFO - Processing /opt/airflow/dags/primeira_dag_v0.py took 0.091 seconds
[2024-10-20T14:58:26.787+0000] {processor.py:186} INFO - Started process (PID=2788) to work on /opt/airflow/dags/primeira_dag_v0.py
[2024-10-20T14:58:26.788+0000] {processor.py:914} INFO - Processing file /opt/airflow/dags/primeira_dag_v0.py for tasks to queue
[2024-10-20T14:58:26.791+0000] {logging_mixin.py:190} INFO - [2024-10-20T14:58:26.790+0000] {dagbag.py:588} INFO - Filling up the DagBag from /opt/airflow/dags/primeira_dag_v0.py
[2024-10-20T14:58:26.805+0000] {processor.py:925} INFO - DAG(s) 'primeira_dag_v0' retrieved from /opt/airflow/dags/primeira_dag_v0.py
[2024-10-20T14:58:26.821+0000] {logging_mixin.py:190} INFO - [2024-10-20T14:58:26.820+0000] {dag.py:3239} INFO - Sync 1 DAGs
[2024-10-20T14:58:26.842+0000] {logging_mixin.py:190} INFO - [2024-10-20T14:58:26.842+0000] {dag.py:4180} INFO - Setting next_dagrun for primeira_dag_v0 to 2024-10-20 00:00:00+00:00, run_after=2024-10-21 00:00:00+00:00
[2024-10-20T14:58:26.866+0000] {processor.py:208} INFO - Processing /opt/airflow/dags/primeira_dag_v0.py took 0.085 seconds
[2024-10-20T14:58:57.421+0000] {processor.py:186} INFO - Started process (PID=2852) to work on /opt/airflow/dags/primeira_dag_v0.py
[2024-10-20T14:58:57.423+0000] {processor.py:914} INFO - Processing file /opt/airflow/dags/primeira_dag_v0.py for tasks to queue
[2024-10-20T14:58:57.426+0000] {logging_mixin.py:190} INFO - [2024-10-20T14:58:57.426+0000] {dagbag.py:588} INFO - Filling up the DagBag from /opt/airflow/dags/primeira_dag_v0.py
[2024-10-20T14:58:57.450+0000] {processor.py:925} INFO - DAG(s) 'primeira_dag_v0' retrieved from /opt/airflow/dags/primeira_dag_v0.py
[2024-10-20T14:58:57.470+0000] {logging_mixin.py:190} INFO - [2024-10-20T14:58:57.470+0000] {dag.py:3239} INFO - Sync 1 DAGs
[2024-10-20T14:58:57.492+0000] {logging_mixin.py:190} INFO - [2024-10-20T14:58:57.491+0000] {dag.py:4180} INFO - Setting next_dagrun for primeira_dag_v0 to 2024-10-20 00:00:00+00:00, run_after=2024-10-21 00:00:00+00:00
[2024-10-20T14:58:57.513+0000] {processor.py:208} INFO - Processing /opt/airflow/dags/primeira_dag_v0.py took 0.099 seconds
[2024-10-20T14:59:28.176+0000] {processor.py:186} INFO - Started process (PID=2916) to work on /opt/airflow/dags/primeira_dag_v0.py
[2024-10-20T14:59:28.177+0000] {processor.py:914} INFO - Processing file /opt/airflow/dags/primeira_dag_v0.py for tasks to queue
[2024-10-20T14:59:28.180+0000] {logging_mixin.py:190} INFO - [2024-10-20T14:59:28.179+0000] {dagbag.py:588} INFO - Filling up the DagBag from /opt/airflow/dags/primeira_dag_v0.py
[2024-10-20T14:59:28.212+0000] {processor.py:925} INFO - DAG(s) 'primeira_dag_v0' retrieved from /opt/airflow/dags/primeira_dag_v0.py
[2024-10-20T14:59:28.232+0000] {logging_mixin.py:190} INFO - [2024-10-20T14:59:28.232+0000] {dag.py:3239} INFO - Sync 1 DAGs
[2024-10-20T14:59:28.253+0000] {logging_mixin.py:190} INFO - [2024-10-20T14:59:28.253+0000] {dag.py:4180} INFO - Setting next_dagrun for primeira_dag_v0 to 2024-10-20 00:00:00+00:00, run_after=2024-10-21 00:00:00+00:00
[2024-10-20T14:59:28.278+0000] {processor.py:208} INFO - Processing /opt/airflow/dags/primeira_dag_v0.py took 0.110 seconds
[2024-10-20T14:59:59.100+0000] {processor.py:186} INFO - Started process (PID=2980) to work on /opt/airflow/dags/primeira_dag_v0.py
[2024-10-20T14:59:59.102+0000] {processor.py:914} INFO - Processing file /opt/airflow/dags/primeira_dag_v0.py for tasks to queue
[2024-10-20T14:59:59.104+0000] {logging_mixin.py:190} INFO - [2024-10-20T14:59:59.104+0000] {dagbag.py:588} INFO - Filling up the DagBag from /opt/airflow/dags/primeira_dag_v0.py
[2024-10-20T14:59:59.136+0000] {processor.py:925} INFO - DAG(s) 'primeira_dag_v0' retrieved from /opt/airflow/dags/primeira_dag_v0.py
[2024-10-20T14:59:59.155+0000] {logging_mixin.py:190} INFO - [2024-10-20T14:59:59.155+0000] {dag.py:3239} INFO - Sync 1 DAGs
[2024-10-20T14:59:59.177+0000] {logging_mixin.py:190} INFO - [2024-10-20T14:59:59.177+0000] {dag.py:4180} INFO - Setting next_dagrun for primeira_dag_v0 to 2024-10-20 00:00:00+00:00, run_after=2024-10-21 00:00:00+00:00
[2024-10-20T14:59:59.199+0000] {processor.py:208} INFO - Processing /opt/airflow/dags/primeira_dag_v0.py took 0.108 seconds
