[2024-09-28T14:23:26.513+0000] {processor.py:186} INFO - Started process (PID=80) to work on /home/airflow/.local/lib/python3.12/site-packages/airflow/example_dags/example_latest_only.py
[2024-09-28T14:23:26.514+0000] {processor.py:914} INFO - Processing file /home/airflow/.local/lib/python3.12/site-packages/airflow/example_dags/example_latest_only.py for tasks to queue
[2024-09-28T14:23:26.516+0000] {logging_mixin.py:190} INFO - [2024-09-28T14:23:26.516+0000] {dagbag.py:588} INFO - Filling up the DagBag from /home/airflow/.local/lib/python3.12/site-packages/airflow/example_dags/example_latest_only.py
[2024-09-28T14:23:26.537+0000] {processor.py:925} INFO - DAG(s) 'latest_only' retrieved from /home/airflow/.local/lib/python3.12/site-packages/airflow/example_dags/example_latest_only.py
[2024-09-28T14:23:26.628+0000] {logging_mixin.py:190} INFO - [2024-09-28T14:23:26.628+0000] {override.py:1900} INFO - Created Permission View: can read on DAG:latest_only
[2024-09-28T14:23:26.639+0000] {logging_mixin.py:190} INFO - [2024-09-28T14:23:26.638+0000] {override.py:1900} INFO - Created Permission View: can delete on DAG:latest_only
[2024-09-28T14:23:26.647+0000] {logging_mixin.py:190} INFO - [2024-09-28T14:23:26.647+0000] {override.py:1900} INFO - Created Permission View: can edit on DAG:latest_only
[2024-09-28T14:23:26.675+0000] {logging_mixin.py:190} INFO - [2024-09-28T14:23:26.674+0000] {override.py:1900} INFO - Created Permission View: can read on DAG Run:latest_only
[2024-09-28T14:23:26.682+0000] {logging_mixin.py:190} INFO - [2024-09-28T14:23:26.682+0000] {override.py:1900} INFO - Created Permission View: can create on DAG Run:latest_only
[2024-09-28T14:23:26.691+0000] {logging_mixin.py:190} INFO - [2024-09-28T14:23:26.691+0000] {override.py:1900} INFO - Created Permission View: can delete on DAG Run:latest_only
[2024-09-28T14:23:26.698+0000] {logging_mixin.py:190} INFO - [2024-09-28T14:23:26.698+0000] {override.py:1900} INFO - Created Permission View: menu access on DAG Run:latest_only
[2024-09-28T14:23:26.699+0000] {logging_mixin.py:190} INFO - [2024-09-28T14:23:26.699+0000] {dag.py:3239} INFO - Sync 1 DAGs
[2024-09-28T14:23:26.710+0000] {logging_mixin.py:190} INFO - [2024-09-28T14:23:26.710+0000] {dag.py:3262} INFO - Creating ORM DAG for latest_only
[2024-09-28T14:23:26.720+0000] {logging_mixin.py:190} INFO - [2024-09-28T14:23:26.720+0000] {dag.py:4180} INFO - Setting next_dagrun for latest_only to 2024-09-28 08:00:00+00:00, run_after=2024-09-28 12:00:00+00:00
[2024-09-28T14:23:26.740+0000] {processor.py:208} INFO - Processing /home/airflow/.local/lib/python3.12/site-packages/airflow/example_dags/example_latest_only.py took 0.232 seconds
[2024-09-28T14:23:57.223+0000] {processor.py:186} INFO - Started process (PID=142) to work on /home/airflow/.local/lib/python3.12/site-packages/airflow/example_dags/example_latest_only.py
[2024-09-28T14:23:57.225+0000] {processor.py:914} INFO - Processing file /home/airflow/.local/lib/python3.12/site-packages/airflow/example_dags/example_latest_only.py for tasks to queue
[2024-09-28T14:23:57.227+0000] {logging_mixin.py:190} INFO - [2024-09-28T14:23:57.227+0000] {dagbag.py:588} INFO - Filling up the DagBag from /home/airflow/.local/lib/python3.12/site-packages/airflow/example_dags/example_latest_only.py
[2024-09-28T14:23:57.234+0000] {processor.py:925} INFO - DAG(s) 'latest_only' retrieved from /home/airflow/.local/lib/python3.12/site-packages/airflow/example_dags/example_latest_only.py
[2024-09-28T14:23:57.251+0000] {logging_mixin.py:190} INFO - [2024-09-28T14:23:57.251+0000] {dag.py:3239} INFO - Sync 1 DAGs
[2024-09-28T14:23:57.271+0000] {logging_mixin.py:190} INFO - [2024-09-28T14:23:57.270+0000] {dag.py:4180} INFO - Setting next_dagrun for latest_only to 2024-09-28 08:00:00+00:00, run_after=2024-09-28 12:00:00+00:00
[2024-09-28T14:23:57.290+0000] {processor.py:208} INFO - Processing /home/airflow/.local/lib/python3.12/site-packages/airflow/example_dags/example_latest_only.py took 0.073 seconds
[2024-09-28T14:24:28.013+0000] {processor.py:186} INFO - Started process (PID=204) to work on /home/airflow/.local/lib/python3.12/site-packages/airflow/example_dags/example_latest_only.py
[2024-09-28T14:24:28.015+0000] {processor.py:914} INFO - Processing file /home/airflow/.local/lib/python3.12/site-packages/airflow/example_dags/example_latest_only.py for tasks to queue
[2024-09-28T14:24:28.017+0000] {logging_mixin.py:190} INFO - [2024-09-28T14:24:28.017+0000] {dagbag.py:588} INFO - Filling up the DagBag from /home/airflow/.local/lib/python3.12/site-packages/airflow/example_dags/example_latest_only.py
[2024-09-28T14:24:28.025+0000] {processor.py:925} INFO - DAG(s) 'latest_only' retrieved from /home/airflow/.local/lib/python3.12/site-packages/airflow/example_dags/example_latest_only.py
[2024-09-28T14:24:28.045+0000] {logging_mixin.py:190} INFO - [2024-09-28T14:24:28.045+0000] {dag.py:3239} INFO - Sync 1 DAGs
[2024-09-28T14:24:28.066+0000] {logging_mixin.py:190} INFO - [2024-09-28T14:24:28.066+0000] {dag.py:4180} INFO - Setting next_dagrun for latest_only to 2024-09-28 08:00:00+00:00, run_after=2024-09-28 12:00:00+00:00
[2024-09-28T14:24:28.086+0000] {processor.py:208} INFO - Processing /home/airflow/.local/lib/python3.12/site-packages/airflow/example_dags/example_latest_only.py took 0.078 seconds
[2024-09-28T14:24:58.826+0000] {processor.py:186} INFO - Started process (PID=266) to work on /home/airflow/.local/lib/python3.12/site-packages/airflow/example_dags/example_latest_only.py
[2024-09-28T14:24:58.827+0000] {processor.py:914} INFO - Processing file /home/airflow/.local/lib/python3.12/site-packages/airflow/example_dags/example_latest_only.py for tasks to queue
[2024-09-28T14:24:58.829+0000] {logging_mixin.py:190} INFO - [2024-09-28T14:24:58.829+0000] {dagbag.py:588} INFO - Filling up the DagBag from /home/airflow/.local/lib/python3.12/site-packages/airflow/example_dags/example_latest_only.py
[2024-09-28T14:24:58.835+0000] {processor.py:925} INFO - DAG(s) 'latest_only' retrieved from /home/airflow/.local/lib/python3.12/site-packages/airflow/example_dags/example_latest_only.py
[2024-09-28T14:24:58.869+0000] {logging_mixin.py:190} INFO - [2024-09-28T14:24:58.869+0000] {dag.py:3239} INFO - Sync 1 DAGs
[2024-09-28T14:24:58.896+0000] {logging_mixin.py:190} INFO - [2024-09-28T14:24:58.896+0000] {dag.py:4180} INFO - Setting next_dagrun for latest_only to 2024-09-28 08:00:00+00:00, run_after=2024-09-28 12:00:00+00:00
[2024-09-28T14:24:58.914+0000] {processor.py:208} INFO - Processing /home/airflow/.local/lib/python3.12/site-packages/airflow/example_dags/example_latest_only.py took 0.095 seconds
[2024-09-28T14:25:29.504+0000] {processor.py:186} INFO - Started process (PID=328) to work on /home/airflow/.local/lib/python3.12/site-packages/airflow/example_dags/example_latest_only.py
[2024-09-28T14:25:29.506+0000] {processor.py:914} INFO - Processing file /home/airflow/.local/lib/python3.12/site-packages/airflow/example_dags/example_latest_only.py for tasks to queue
[2024-09-28T14:25:29.509+0000] {logging_mixin.py:190} INFO - [2024-09-28T14:25:29.508+0000] {dagbag.py:588} INFO - Filling up the DagBag from /home/airflow/.local/lib/python3.12/site-packages/airflow/example_dags/example_latest_only.py
[2024-09-28T14:25:29.516+0000] {processor.py:925} INFO - DAG(s) 'latest_only' retrieved from /home/airflow/.local/lib/python3.12/site-packages/airflow/example_dags/example_latest_only.py
[2024-09-28T14:25:29.549+0000] {logging_mixin.py:190} INFO - [2024-09-28T14:25:29.549+0000] {dag.py:3239} INFO - Sync 1 DAGs
[2024-09-28T14:25:29.572+0000] {logging_mixin.py:190} INFO - [2024-09-28T14:25:29.572+0000] {dag.py:4180} INFO - Setting next_dagrun for latest_only to 2024-09-28 08:00:00+00:00, run_after=2024-09-28 12:00:00+00:00
[2024-09-28T14:25:29.592+0000] {processor.py:208} INFO - Processing /home/airflow/.local/lib/python3.12/site-packages/airflow/example_dags/example_latest_only.py took 0.093 seconds
[2024-09-28T14:26:00.322+0000] {processor.py:186} INFO - Started process (PID=390) to work on /home/airflow/.local/lib/python3.12/site-packages/airflow/example_dags/example_latest_only.py
[2024-09-28T14:26:00.323+0000] {processor.py:914} INFO - Processing file /home/airflow/.local/lib/python3.12/site-packages/airflow/example_dags/example_latest_only.py for tasks to queue
[2024-09-28T14:26:00.326+0000] {logging_mixin.py:190} INFO - [2024-09-28T14:26:00.326+0000] {dagbag.py:588} INFO - Filling up the DagBag from /home/airflow/.local/lib/python3.12/site-packages/airflow/example_dags/example_latest_only.py
[2024-09-28T14:26:00.332+0000] {processor.py:925} INFO - DAG(s) 'latest_only' retrieved from /home/airflow/.local/lib/python3.12/site-packages/airflow/example_dags/example_latest_only.py
[2024-09-28T14:26:00.349+0000] {logging_mixin.py:190} INFO - [2024-09-28T14:26:00.349+0000] {dag.py:3239} INFO - Sync 1 DAGs
[2024-09-28T14:26:00.369+0000] {logging_mixin.py:190} INFO - [2024-09-28T14:26:00.369+0000] {dag.py:4180} INFO - Setting next_dagrun for latest_only to 2024-09-28 08:00:00+00:00, run_after=2024-09-28 12:00:00+00:00
[2024-09-28T14:26:00.385+0000] {processor.py:208} INFO - Processing /home/airflow/.local/lib/python3.12/site-packages/airflow/example_dags/example_latest_only.py took 0.067 seconds
[2024-09-28T14:26:31.201+0000] {processor.py:186} INFO - Started process (PID=452) to work on /home/airflow/.local/lib/python3.12/site-packages/airflow/example_dags/example_latest_only.py
[2024-09-28T14:26:31.202+0000] {processor.py:914} INFO - Processing file /home/airflow/.local/lib/python3.12/site-packages/airflow/example_dags/example_latest_only.py for tasks to queue
[2024-09-28T14:26:31.204+0000] {logging_mixin.py:190} INFO - [2024-09-28T14:26:31.204+0000] {dagbag.py:588} INFO - Filling up the DagBag from /home/airflow/.local/lib/python3.12/site-packages/airflow/example_dags/example_latest_only.py
[2024-09-28T14:26:31.211+0000] {processor.py:925} INFO - DAG(s) 'latest_only' retrieved from /home/airflow/.local/lib/python3.12/site-packages/airflow/example_dags/example_latest_only.py
[2024-09-28T14:26:31.230+0000] {logging_mixin.py:190} INFO - [2024-09-28T14:26:31.230+0000] {dag.py:3239} INFO - Sync 1 DAGs
[2024-09-28T14:26:31.253+0000] {logging_mixin.py:190} INFO - [2024-09-28T14:26:31.252+0000] {dag.py:4180} INFO - Setting next_dagrun for latest_only to 2024-09-28 08:00:00+00:00, run_after=2024-09-28 12:00:00+00:00
[2024-09-28T14:26:31.272+0000] {processor.py:208} INFO - Processing /home/airflow/.local/lib/python3.12/site-packages/airflow/example_dags/example_latest_only.py took 0.077 seconds
[2024-09-28T14:27:01.707+0000] {processor.py:186} INFO - Started process (PID=514) to work on /home/airflow/.local/lib/python3.12/site-packages/airflow/example_dags/example_latest_only.py
[2024-09-28T14:27:01.708+0000] {processor.py:914} INFO - Processing file /home/airflow/.local/lib/python3.12/site-packages/airflow/example_dags/example_latest_only.py for tasks to queue
[2024-09-28T14:27:01.710+0000] {logging_mixin.py:190} INFO - [2024-09-28T14:27:01.710+0000] {dagbag.py:588} INFO - Filling up the DagBag from /home/airflow/.local/lib/python3.12/site-packages/airflow/example_dags/example_latest_only.py
[2024-09-28T14:27:01.718+0000] {processor.py:925} INFO - DAG(s) 'latest_only' retrieved from /home/airflow/.local/lib/python3.12/site-packages/airflow/example_dags/example_latest_only.py
[2024-09-28T14:27:01.737+0000] {logging_mixin.py:190} INFO - [2024-09-28T14:27:01.736+0000] {dag.py:3239} INFO - Sync 1 DAGs
[2024-09-28T14:27:01.757+0000] {logging_mixin.py:190} INFO - [2024-09-28T14:27:01.756+0000] {dag.py:4180} INFO - Setting next_dagrun for latest_only to 2024-09-28 08:00:00+00:00, run_after=2024-09-28 12:00:00+00:00
[2024-09-28T14:27:01.774+0000] {processor.py:208} INFO - Processing /home/airflow/.local/lib/python3.12/site-packages/airflow/example_dags/example_latest_only.py took 0.073 seconds
[2024-09-28T14:27:32.148+0000] {processor.py:186} INFO - Started process (PID=577) to work on /home/airflow/.local/lib/python3.12/site-packages/airflow/example_dags/example_latest_only.py
[2024-09-28T14:27:32.149+0000] {processor.py:914} INFO - Processing file /home/airflow/.local/lib/python3.12/site-packages/airflow/example_dags/example_latest_only.py for tasks to queue
[2024-09-28T14:27:32.151+0000] {logging_mixin.py:190} INFO - [2024-09-28T14:27:32.151+0000] {dagbag.py:588} INFO - Filling up the DagBag from /home/airflow/.local/lib/python3.12/site-packages/airflow/example_dags/example_latest_only.py
[2024-09-28T14:27:32.157+0000] {processor.py:925} INFO - DAG(s) 'latest_only' retrieved from /home/airflow/.local/lib/python3.12/site-packages/airflow/example_dags/example_latest_only.py
[2024-09-28T14:27:32.175+0000] {logging_mixin.py:190} INFO - [2024-09-28T14:27:32.175+0000] {dag.py:3239} INFO - Sync 1 DAGs
[2024-09-28T14:27:32.194+0000] {logging_mixin.py:190} INFO - [2024-09-28T14:27:32.194+0000] {dag.py:4180} INFO - Setting next_dagrun for latest_only to 2024-09-28 08:00:00+00:00, run_after=2024-09-28 12:00:00+00:00
[2024-09-28T14:27:32.210+0000] {processor.py:208} INFO - Processing /home/airflow/.local/lib/python3.12/site-packages/airflow/example_dags/example_latest_only.py took 0.067 seconds
[2024-09-28T14:28:02.521+0000] {processor.py:186} INFO - Started process (PID=639) to work on /home/airflow/.local/lib/python3.12/site-packages/airflow/example_dags/example_latest_only.py
[2024-09-28T14:28:02.522+0000] {processor.py:914} INFO - Processing file /home/airflow/.local/lib/python3.12/site-packages/airflow/example_dags/example_latest_only.py for tasks to queue
[2024-09-28T14:28:02.526+0000] {logging_mixin.py:190} INFO - [2024-09-28T14:28:02.524+0000] {dagbag.py:588} INFO - Filling up the DagBag from /home/airflow/.local/lib/python3.12/site-packages/airflow/example_dags/example_latest_only.py
[2024-09-28T14:28:02.539+0000] {processor.py:925} INFO - DAG(s) 'latest_only' retrieved from /home/airflow/.local/lib/python3.12/site-packages/airflow/example_dags/example_latest_only.py
[2024-09-28T14:28:02.562+0000] {logging_mixin.py:190} INFO - [2024-09-28T14:28:02.561+0000] {dag.py:3239} INFO - Sync 1 DAGs
[2024-09-28T14:28:02.581+0000] {logging_mixin.py:190} INFO - [2024-09-28T14:28:02.581+0000] {dag.py:4180} INFO - Setting next_dagrun for latest_only to 2024-09-28 08:00:00+00:00, run_after=2024-09-28 12:00:00+00:00
[2024-09-28T14:28:02.599+0000] {processor.py:208} INFO - Processing /home/airflow/.local/lib/python3.12/site-packages/airflow/example_dags/example_latest_only.py took 0.083 seconds
[2024-09-28T14:28:32.993+0000] {processor.py:186} INFO - Started process (PID=701) to work on /home/airflow/.local/lib/python3.12/site-packages/airflow/example_dags/example_latest_only.py
[2024-09-28T14:28:32.994+0000] {processor.py:914} INFO - Processing file /home/airflow/.local/lib/python3.12/site-packages/airflow/example_dags/example_latest_only.py for tasks to queue
[2024-09-28T14:28:32.996+0000] {logging_mixin.py:190} INFO - [2024-09-28T14:28:32.996+0000] {dagbag.py:588} INFO - Filling up the DagBag from /home/airflow/.local/lib/python3.12/site-packages/airflow/example_dags/example_latest_only.py
[2024-09-28T14:28:33.002+0000] {processor.py:925} INFO - DAG(s) 'latest_only' retrieved from /home/airflow/.local/lib/python3.12/site-packages/airflow/example_dags/example_latest_only.py
[2024-09-28T14:28:33.022+0000] {logging_mixin.py:190} INFO - [2024-09-28T14:28:33.021+0000] {dag.py:3239} INFO - Sync 1 DAGs
[2024-09-28T14:28:33.043+0000] {logging_mixin.py:190} INFO - [2024-09-28T14:28:33.043+0000] {dag.py:4180} INFO - Setting next_dagrun for latest_only to 2024-09-28 08:00:00+00:00, run_after=2024-09-28 12:00:00+00:00
[2024-09-28T14:28:33.062+0000] {processor.py:208} INFO - Processing /home/airflow/.local/lib/python3.12/site-packages/airflow/example_dags/example_latest_only.py took 0.074 seconds
[2024-09-28T14:29:03.434+0000] {processor.py:186} INFO - Started process (PID=763) to work on /home/airflow/.local/lib/python3.12/site-packages/airflow/example_dags/example_latest_only.py
[2024-09-28T14:29:03.435+0000] {processor.py:914} INFO - Processing file /home/airflow/.local/lib/python3.12/site-packages/airflow/example_dags/example_latest_only.py for tasks to queue
[2024-09-28T14:29:03.437+0000] {logging_mixin.py:190} INFO - [2024-09-28T14:29:03.437+0000] {dagbag.py:588} INFO - Filling up the DagBag from /home/airflow/.local/lib/python3.12/site-packages/airflow/example_dags/example_latest_only.py
[2024-09-28T14:29:03.443+0000] {processor.py:925} INFO - DAG(s) 'latest_only' retrieved from /home/airflow/.local/lib/python3.12/site-packages/airflow/example_dags/example_latest_only.py
[2024-09-28T14:29:03.461+0000] {logging_mixin.py:190} INFO - [2024-09-28T14:29:03.460+0000] {dag.py:3239} INFO - Sync 1 DAGs
[2024-09-28T14:29:03.480+0000] {logging_mixin.py:190} INFO - [2024-09-28T14:29:03.480+0000] {dag.py:4180} INFO - Setting next_dagrun for latest_only to 2024-09-28 08:00:00+00:00, run_after=2024-09-28 12:00:00+00:00
[2024-09-28T14:29:03.498+0000] {processor.py:208} INFO - Processing /home/airflow/.local/lib/python3.12/site-packages/airflow/example_dags/example_latest_only.py took 0.069 seconds
[2024-09-28T14:29:33.861+0000] {processor.py:186} INFO - Started process (PID=825) to work on /home/airflow/.local/lib/python3.12/site-packages/airflow/example_dags/example_latest_only.py
[2024-09-28T14:29:33.862+0000] {processor.py:914} INFO - Processing file /home/airflow/.local/lib/python3.12/site-packages/airflow/example_dags/example_latest_only.py for tasks to queue
[2024-09-28T14:29:33.864+0000] {logging_mixin.py:190} INFO - [2024-09-28T14:29:33.864+0000] {dagbag.py:588} INFO - Filling up the DagBag from /home/airflow/.local/lib/python3.12/site-packages/airflow/example_dags/example_latest_only.py
[2024-09-28T14:29:33.870+0000] {processor.py:925} INFO - DAG(s) 'latest_only' retrieved from /home/airflow/.local/lib/python3.12/site-packages/airflow/example_dags/example_latest_only.py
[2024-09-28T14:29:33.887+0000] {logging_mixin.py:190} INFO - [2024-09-28T14:29:33.886+0000] {dag.py:3239} INFO - Sync 1 DAGs
[2024-09-28T14:29:33.909+0000] {logging_mixin.py:190} INFO - [2024-09-28T14:29:33.909+0000] {dag.py:4180} INFO - Setting next_dagrun for latest_only to 2024-09-28 08:00:00+00:00, run_after=2024-09-28 12:00:00+00:00
[2024-09-28T14:29:33.926+0000] {processor.py:208} INFO - Processing /home/airflow/.local/lib/python3.12/site-packages/airflow/example_dags/example_latest_only.py took 0.070 seconds
