[2024-09-28T14:23:23.963+0000] {processor.py:186} INFO - Started process (PID=59) to work on /home/airflow/.local/lib/python3.12/site-packages/airflow/example_dags/example_setup_teardown.py
[2024-09-28T14:23:23.964+0000] {processor.py:914} INFO - Processing file /home/airflow/.local/lib/python3.12/site-packages/airflow/example_dags/example_setup_teardown.py for tasks to queue
[2024-09-28T14:23:23.966+0000] {logging_mixin.py:190} INFO - [2024-09-28T14:23:23.966+0000] {dagbag.py:588} INFO - Filling up the DagBag from /home/airflow/.local/lib/python3.12/site-packages/airflow/example_dags/example_setup_teardown.py
[2024-09-28T14:23:23.975+0000] {processor.py:925} INFO - DAG(s) 'example_setup_teardown' retrieved from /home/airflow/.local/lib/python3.12/site-packages/airflow/example_dags/example_setup_teardown.py
[2024-09-28T14:23:24.057+0000] {logging_mixin.py:190} INFO - [2024-09-28T14:23:24.057+0000] {override.py:1900} INFO - Created Permission View: can read on DAG:example_setup_teardown
[2024-09-28T14:23:24.067+0000] {logging_mixin.py:190} INFO - [2024-09-28T14:23:24.067+0000] {override.py:1900} INFO - Created Permission View: can delete on DAG:example_setup_teardown
[2024-09-28T14:23:24.075+0000] {logging_mixin.py:190} INFO - [2024-09-28T14:23:24.075+0000] {override.py:1900} INFO - Created Permission View: can edit on DAG:example_setup_teardown
[2024-09-28T14:23:24.082+0000] {logging_mixin.py:190} INFO - [2024-09-28T14:23:24.082+0000] {override.py:1900} INFO - Created Permission View: can read on DAG Run:example_setup_teardown
[2024-09-28T14:23:24.088+0000] {logging_mixin.py:190} INFO - [2024-09-28T14:23:24.088+0000] {override.py:1900} INFO - Created Permission View: can create on DAG Run:example_setup_teardown
[2024-09-28T14:23:24.093+0000] {logging_mixin.py:190} INFO - [2024-09-28T14:23:24.093+0000] {override.py:1900} INFO - Created Permission View: can delete on DAG Run:example_setup_teardown
[2024-09-28T14:23:24.099+0000] {logging_mixin.py:190} INFO - [2024-09-28T14:23:24.099+0000] {override.py:1900} INFO - Created Permission View: menu access on DAG Run:example_setup_teardown
[2024-09-28T14:23:24.100+0000] {logging_mixin.py:190} INFO - [2024-09-28T14:23:24.100+0000] {dag.py:3239} INFO - Sync 1 DAGs
[2024-09-28T14:23:24.110+0000] {logging_mixin.py:190} INFO - [2024-09-28T14:23:24.110+0000] {dag.py:3262} INFO - Creating ORM DAG for example_setup_teardown
[2024-09-28T14:23:24.111+0000] {logging_mixin.py:190} INFO - [2024-09-28T14:23:24.111+0000] {dag.py:4180} INFO - Setting next_dagrun for example_setup_teardown to None, run_after=None
[2024-09-28T14:23:24.127+0000] {processor.py:208} INFO - Processing /home/airflow/.local/lib/python3.12/site-packages/airflow/example_dags/example_setup_teardown.py took 0.168 seconds
[2024-09-28T14:23:54.185+0000] {processor.py:186} INFO - Started process (PID=121) to work on /home/airflow/.local/lib/python3.12/site-packages/airflow/example_dags/example_setup_teardown.py
[2024-09-28T14:23:54.186+0000] {processor.py:914} INFO - Processing file /home/airflow/.local/lib/python3.12/site-packages/airflow/example_dags/example_setup_teardown.py for tasks to queue
[2024-09-28T14:23:54.188+0000] {logging_mixin.py:190} INFO - [2024-09-28T14:23:54.188+0000] {dagbag.py:588} INFO - Filling up the DagBag from /home/airflow/.local/lib/python3.12/site-packages/airflow/example_dags/example_setup_teardown.py
[2024-09-28T14:23:54.196+0000] {processor.py:925} INFO - DAG(s) 'example_setup_teardown' retrieved from /home/airflow/.local/lib/python3.12/site-packages/airflow/example_dags/example_setup_teardown.py
[2024-09-28T14:23:54.218+0000] {logging_mixin.py:190} INFO - [2024-09-28T14:23:54.218+0000] {dag.py:3239} INFO - Sync 1 DAGs
[2024-09-28T14:23:54.231+0000] {logging_mixin.py:190} INFO - [2024-09-28T14:23:54.230+0000] {dag.py:4180} INFO - Setting next_dagrun for example_setup_teardown to None, run_after=None
[2024-09-28T14:23:54.251+0000] {processor.py:208} INFO - Processing /home/airflow/.local/lib/python3.12/site-packages/airflow/example_dags/example_setup_teardown.py took 0.071 seconds
[2024-09-28T14:24:25.075+0000] {processor.py:186} INFO - Started process (PID=189) to work on /home/airflow/.local/lib/python3.12/site-packages/airflow/example_dags/example_setup_teardown.py
[2024-09-28T14:24:25.076+0000] {processor.py:914} INFO - Processing file /home/airflow/.local/lib/python3.12/site-packages/airflow/example_dags/example_setup_teardown.py for tasks to queue
[2024-09-28T14:24:25.078+0000] {logging_mixin.py:190} INFO - [2024-09-28T14:24:25.078+0000] {dagbag.py:588} INFO - Filling up the DagBag from /home/airflow/.local/lib/python3.12/site-packages/airflow/example_dags/example_setup_teardown.py
[2024-09-28T14:24:25.085+0000] {processor.py:925} INFO - DAG(s) 'example_setup_teardown' retrieved from /home/airflow/.local/lib/python3.12/site-packages/airflow/example_dags/example_setup_teardown.py
[2024-09-28T14:24:25.104+0000] {logging_mixin.py:190} INFO - [2024-09-28T14:24:25.104+0000] {dag.py:3239} INFO - Sync 1 DAGs
[2024-09-28T14:24:25.116+0000] {logging_mixin.py:190} INFO - [2024-09-28T14:24:25.116+0000] {dag.py:4180} INFO - Setting next_dagrun for example_setup_teardown to None, run_after=None
[2024-09-28T14:24:25.134+0000] {processor.py:208} INFO - Processing /home/airflow/.local/lib/python3.12/site-packages/airflow/example_dags/example_setup_teardown.py took 0.064 seconds
[2024-09-28T14:24:55.805+0000] {processor.py:186} INFO - Started process (PID=251) to work on /home/airflow/.local/lib/python3.12/site-packages/airflow/example_dags/example_setup_teardown.py
[2024-09-28T14:24:55.806+0000] {processor.py:914} INFO - Processing file /home/airflow/.local/lib/python3.12/site-packages/airflow/example_dags/example_setup_teardown.py for tasks to queue
[2024-09-28T14:24:55.810+0000] {logging_mixin.py:190} INFO - [2024-09-28T14:24:55.809+0000] {dagbag.py:588} INFO - Filling up the DagBag from /home/airflow/.local/lib/python3.12/site-packages/airflow/example_dags/example_setup_teardown.py
[2024-09-28T14:24:55.816+0000] {processor.py:925} INFO - DAG(s) 'example_setup_teardown' retrieved from /home/airflow/.local/lib/python3.12/site-packages/airflow/example_dags/example_setup_teardown.py
[2024-09-28T14:24:55.835+0000] {logging_mixin.py:190} INFO - [2024-09-28T14:24:55.835+0000] {dag.py:3239} INFO - Sync 1 DAGs
[2024-09-28T14:24:55.848+0000] {logging_mixin.py:190} INFO - [2024-09-28T14:24:55.848+0000] {dag.py:4180} INFO - Setting next_dagrun for example_setup_teardown to None, run_after=None
[2024-09-28T14:24:55.865+0000] {processor.py:208} INFO - Processing /home/airflow/.local/lib/python3.12/site-packages/airflow/example_dags/example_setup_teardown.py took 0.065 seconds
[2024-09-28T14:25:26.634+0000] {processor.py:186} INFO - Started process (PID=313) to work on /home/airflow/.local/lib/python3.12/site-packages/airflow/example_dags/example_setup_teardown.py
[2024-09-28T14:25:26.635+0000] {processor.py:914} INFO - Processing file /home/airflow/.local/lib/python3.12/site-packages/airflow/example_dags/example_setup_teardown.py for tasks to queue
[2024-09-28T14:25:26.637+0000] {logging_mixin.py:190} INFO - [2024-09-28T14:25:26.637+0000] {dagbag.py:588} INFO - Filling up the DagBag from /home/airflow/.local/lib/python3.12/site-packages/airflow/example_dags/example_setup_teardown.py
[2024-09-28T14:25:26.645+0000] {processor.py:925} INFO - DAG(s) 'example_setup_teardown' retrieved from /home/airflow/.local/lib/python3.12/site-packages/airflow/example_dags/example_setup_teardown.py
[2024-09-28T14:25:26.664+0000] {logging_mixin.py:190} INFO - [2024-09-28T14:25:26.664+0000] {dag.py:3239} INFO - Sync 1 DAGs
[2024-09-28T14:25:26.676+0000] {logging_mixin.py:190} INFO - [2024-09-28T14:25:26.676+0000] {dag.py:4180} INFO - Setting next_dagrun for example_setup_teardown to None, run_after=None
[2024-09-28T14:25:26.696+0000] {processor.py:208} INFO - Processing /home/airflow/.local/lib/python3.12/site-packages/airflow/example_dags/example_setup_teardown.py took 0.066 seconds
[2024-09-28T14:25:57.222+0000] {processor.py:186} INFO - Started process (PID=375) to work on /home/airflow/.local/lib/python3.12/site-packages/airflow/example_dags/example_setup_teardown.py
[2024-09-28T14:25:57.223+0000] {processor.py:914} INFO - Processing file /home/airflow/.local/lib/python3.12/site-packages/airflow/example_dags/example_setup_teardown.py for tasks to queue
[2024-09-28T14:25:57.226+0000] {logging_mixin.py:190} INFO - [2024-09-28T14:25:57.225+0000] {dagbag.py:588} INFO - Filling up the DagBag from /home/airflow/.local/lib/python3.12/site-packages/airflow/example_dags/example_setup_teardown.py
[2024-09-28T14:25:57.234+0000] {processor.py:925} INFO - DAG(s) 'example_setup_teardown' retrieved from /home/airflow/.local/lib/python3.12/site-packages/airflow/example_dags/example_setup_teardown.py
[2024-09-28T14:25:57.251+0000] {logging_mixin.py:190} INFO - [2024-09-28T14:25:57.251+0000] {dag.py:3239} INFO - Sync 1 DAGs
[2024-09-28T14:25:57.263+0000] {logging_mixin.py:190} INFO - [2024-09-28T14:25:57.263+0000] {dag.py:4180} INFO - Setting next_dagrun for example_setup_teardown to None, run_after=None
[2024-09-28T14:25:57.281+0000] {processor.py:208} INFO - Processing /home/airflow/.local/lib/python3.12/site-packages/airflow/example_dags/example_setup_teardown.py took 0.063 seconds
[2024-09-28T14:26:28.186+0000] {processor.py:186} INFO - Started process (PID=437) to work on /home/airflow/.local/lib/python3.12/site-packages/airflow/example_dags/example_setup_teardown.py
[2024-09-28T14:26:28.187+0000] {processor.py:914} INFO - Processing file /home/airflow/.local/lib/python3.12/site-packages/airflow/example_dags/example_setup_teardown.py for tasks to queue
[2024-09-28T14:26:28.189+0000] {logging_mixin.py:190} INFO - [2024-09-28T14:26:28.188+0000] {dagbag.py:588} INFO - Filling up the DagBag from /home/airflow/.local/lib/python3.12/site-packages/airflow/example_dags/example_setup_teardown.py
[2024-09-28T14:26:28.197+0000] {processor.py:925} INFO - DAG(s) 'example_setup_teardown' retrieved from /home/airflow/.local/lib/python3.12/site-packages/airflow/example_dags/example_setup_teardown.py
[2024-09-28T14:26:28.217+0000] {logging_mixin.py:190} INFO - [2024-09-28T14:26:28.217+0000] {dag.py:3239} INFO - Sync 1 DAGs
[2024-09-28T14:26:28.231+0000] {logging_mixin.py:190} INFO - [2024-09-28T14:26:28.231+0000] {dag.py:4180} INFO - Setting next_dagrun for example_setup_teardown to None, run_after=None
[2024-09-28T14:26:28.249+0000] {processor.py:208} INFO - Processing /home/airflow/.local/lib/python3.12/site-packages/airflow/example_dags/example_setup_teardown.py took 0.070 seconds
[2024-09-28T14:26:58.819+0000] {processor.py:186} INFO - Started process (PID=499) to work on /home/airflow/.local/lib/python3.12/site-packages/airflow/example_dags/example_setup_teardown.py
[2024-09-28T14:26:58.821+0000] {processor.py:914} INFO - Processing file /home/airflow/.local/lib/python3.12/site-packages/airflow/example_dags/example_setup_teardown.py for tasks to queue
[2024-09-28T14:26:58.823+0000] {logging_mixin.py:190} INFO - [2024-09-28T14:26:58.823+0000] {dagbag.py:588} INFO - Filling up the DagBag from /home/airflow/.local/lib/python3.12/site-packages/airflow/example_dags/example_setup_teardown.py
[2024-09-28T14:26:58.831+0000] {processor.py:925} INFO - DAG(s) 'example_setup_teardown' retrieved from /home/airflow/.local/lib/python3.12/site-packages/airflow/example_dags/example_setup_teardown.py
[2024-09-28T14:26:58.849+0000] {logging_mixin.py:190} INFO - [2024-09-28T14:26:58.849+0000] {dag.py:3239} INFO - Sync 1 DAGs
[2024-09-28T14:26:58.861+0000] {logging_mixin.py:190} INFO - [2024-09-28T14:26:58.861+0000] {dag.py:4180} INFO - Setting next_dagrun for example_setup_teardown to None, run_after=None
[2024-09-28T14:26:58.879+0000] {processor.py:208} INFO - Processing /home/airflow/.local/lib/python3.12/site-packages/airflow/example_dags/example_setup_teardown.py took 0.065 seconds
[2024-09-28T14:27:29.249+0000] {processor.py:186} INFO - Started process (PID=562) to work on /home/airflow/.local/lib/python3.12/site-packages/airflow/example_dags/example_setup_teardown.py
[2024-09-28T14:27:29.250+0000] {processor.py:914} INFO - Processing file /home/airflow/.local/lib/python3.12/site-packages/airflow/example_dags/example_setup_teardown.py for tasks to queue
[2024-09-28T14:27:29.252+0000] {logging_mixin.py:190} INFO - [2024-09-28T14:27:29.252+0000] {dagbag.py:588} INFO - Filling up the DagBag from /home/airflow/.local/lib/python3.12/site-packages/airflow/example_dags/example_setup_teardown.py
[2024-09-28T14:27:29.259+0000] {processor.py:925} INFO - DAG(s) 'example_setup_teardown' retrieved from /home/airflow/.local/lib/python3.12/site-packages/airflow/example_dags/example_setup_teardown.py
[2024-09-28T14:27:29.278+0000] {logging_mixin.py:190} INFO - [2024-09-28T14:27:29.278+0000] {dag.py:3239} INFO - Sync 1 DAGs
[2024-09-28T14:27:29.292+0000] {logging_mixin.py:190} INFO - [2024-09-28T14:27:29.291+0000] {dag.py:4180} INFO - Setting next_dagrun for example_setup_teardown to None, run_after=None
[2024-09-28T14:27:29.311+0000] {processor.py:208} INFO - Processing /home/airflow/.local/lib/python3.12/site-packages/airflow/example_dags/example_setup_teardown.py took 0.067 seconds
[2024-09-28T14:27:59.655+0000] {processor.py:186} INFO - Started process (PID=624) to work on /home/airflow/.local/lib/python3.12/site-packages/airflow/example_dags/example_setup_teardown.py
[2024-09-28T14:27:59.656+0000] {processor.py:914} INFO - Processing file /home/airflow/.local/lib/python3.12/site-packages/airflow/example_dags/example_setup_teardown.py for tasks to queue
[2024-09-28T14:27:59.658+0000] {logging_mixin.py:190} INFO - [2024-09-28T14:27:59.658+0000] {dagbag.py:588} INFO - Filling up the DagBag from /home/airflow/.local/lib/python3.12/site-packages/airflow/example_dags/example_setup_teardown.py
[2024-09-28T14:27:59.665+0000] {processor.py:925} INFO - DAG(s) 'example_setup_teardown' retrieved from /home/airflow/.local/lib/python3.12/site-packages/airflow/example_dags/example_setup_teardown.py
[2024-09-28T14:27:59.684+0000] {logging_mixin.py:190} INFO - [2024-09-28T14:27:59.684+0000] {dag.py:3239} INFO - Sync 1 DAGs
[2024-09-28T14:27:59.698+0000] {logging_mixin.py:190} INFO - [2024-09-28T14:27:59.697+0000] {dag.py:4180} INFO - Setting next_dagrun for example_setup_teardown to None, run_after=None
[2024-09-28T14:27:59.717+0000] {processor.py:208} INFO - Processing /home/airflow/.local/lib/python3.12/site-packages/airflow/example_dags/example_setup_teardown.py took 0.067 seconds
[2024-09-28T14:28:30.091+0000] {processor.py:186} INFO - Started process (PID=686) to work on /home/airflow/.local/lib/python3.12/site-packages/airflow/example_dags/example_setup_teardown.py
[2024-09-28T14:28:30.092+0000] {processor.py:914} INFO - Processing file /home/airflow/.local/lib/python3.12/site-packages/airflow/example_dags/example_setup_teardown.py for tasks to queue
[2024-09-28T14:28:30.095+0000] {logging_mixin.py:190} INFO - [2024-09-28T14:28:30.094+0000] {dagbag.py:588} INFO - Filling up the DagBag from /home/airflow/.local/lib/python3.12/site-packages/airflow/example_dags/example_setup_teardown.py
[2024-09-28T14:28:30.102+0000] {processor.py:925} INFO - DAG(s) 'example_setup_teardown' retrieved from /home/airflow/.local/lib/python3.12/site-packages/airflow/example_dags/example_setup_teardown.py
[2024-09-28T14:28:30.121+0000] {logging_mixin.py:190} INFO - [2024-09-28T14:28:30.121+0000] {dag.py:3239} INFO - Sync 1 DAGs
[2024-09-28T14:28:30.137+0000] {logging_mixin.py:190} INFO - [2024-09-28T14:28:30.136+0000] {dag.py:4180} INFO - Setting next_dagrun for example_setup_teardown to None, run_after=None
[2024-09-28T14:28:30.158+0000] {processor.py:208} INFO - Processing /home/airflow/.local/lib/python3.12/site-packages/airflow/example_dags/example_setup_teardown.py took 0.071 seconds
[2024-09-28T14:29:00.596+0000] {processor.py:186} INFO - Started process (PID=748) to work on /home/airflow/.local/lib/python3.12/site-packages/airflow/example_dags/example_setup_teardown.py
[2024-09-28T14:29:00.597+0000] {processor.py:914} INFO - Processing file /home/airflow/.local/lib/python3.12/site-packages/airflow/example_dags/example_setup_teardown.py for tasks to queue
[2024-09-28T14:29:00.599+0000] {logging_mixin.py:190} INFO - [2024-09-28T14:29:00.599+0000] {dagbag.py:588} INFO - Filling up the DagBag from /home/airflow/.local/lib/python3.12/site-packages/airflow/example_dags/example_setup_teardown.py
[2024-09-28T14:29:00.606+0000] {processor.py:925} INFO - DAG(s) 'example_setup_teardown' retrieved from /home/airflow/.local/lib/python3.12/site-packages/airflow/example_dags/example_setup_teardown.py
[2024-09-28T14:29:00.623+0000] {logging_mixin.py:190} INFO - [2024-09-28T14:29:00.622+0000] {dag.py:3239} INFO - Sync 1 DAGs
[2024-09-28T14:29:00.633+0000] {logging_mixin.py:190} INFO - [2024-09-28T14:29:00.632+0000] {dag.py:4180} INFO - Setting next_dagrun for example_setup_teardown to None, run_after=None
[2024-09-28T14:29:00.649+0000] {processor.py:208} INFO - Processing /home/airflow/.local/lib/python3.12/site-packages/airflow/example_dags/example_setup_teardown.py took 0.058 seconds
[2024-09-28T14:29:30.998+0000] {processor.py:186} INFO - Started process (PID=810) to work on /home/airflow/.local/lib/python3.12/site-packages/airflow/example_dags/example_setup_teardown.py
[2024-09-28T14:29:30.999+0000] {processor.py:914} INFO - Processing file /home/airflow/.local/lib/python3.12/site-packages/airflow/example_dags/example_setup_teardown.py for tasks to queue
[2024-09-28T14:29:31.002+0000] {logging_mixin.py:190} INFO - [2024-09-28T14:29:31.002+0000] {dagbag.py:588} INFO - Filling up the DagBag from /home/airflow/.local/lib/python3.12/site-packages/airflow/example_dags/example_setup_teardown.py
[2024-09-28T14:29:31.009+0000] {processor.py:925} INFO - DAG(s) 'example_setup_teardown' retrieved from /home/airflow/.local/lib/python3.12/site-packages/airflow/example_dags/example_setup_teardown.py
[2024-09-28T14:29:31.029+0000] {logging_mixin.py:190} INFO - [2024-09-28T14:29:31.028+0000] {dag.py:3239} INFO - Sync 1 DAGs
[2024-09-28T14:29:31.041+0000] {logging_mixin.py:190} INFO - [2024-09-28T14:29:31.041+0000] {dag.py:4180} INFO - Setting next_dagrun for example_setup_teardown to None, run_after=None
[2024-09-28T14:29:31.059+0000] {processor.py:208} INFO - Processing /home/airflow/.local/lib/python3.12/site-packages/airflow/example_dags/example_setup_teardown.py took 0.065 seconds
