[2024-09-28T14:23:28.046+0000] {processor.py:186} INFO - Started process (PID=90) to work on /home/airflow/.local/lib/python3.12/site-packages/airflow/example_dags/example_xcomargs.py
[2024-09-28T14:23:28.048+0000] {processor.py:914} INFO - Processing file /home/airflow/.local/lib/python3.12/site-packages/airflow/example_dags/example_xcomargs.py for tasks to queue
[2024-09-28T14:23:28.050+0000] {logging_mixin.py:190} INFO - [2024-09-28T14:23:28.050+0000] {dagbag.py:588} INFO - Filling up the DagBag from /home/airflow/.local/lib/python3.12/site-packages/airflow/example_dags/example_xcomargs.py
[2024-09-28T14:23:28.060+0000] {processor.py:925} INFO - DAG(s) 'example_xcom_args_with_operators', 'example_xcom_args' retrieved from /home/airflow/.local/lib/python3.12/site-packages/airflow/example_dags/example_xcomargs.py
[2024-09-28T14:23:28.152+0000] {logging_mixin.py:190} INFO - [2024-09-28T14:23:28.151+0000] {override.py:1900} INFO - Created Permission View: can read on DAG:example_xcom_args_with_operators
[2024-09-28T14:23:28.164+0000] {logging_mixin.py:190} INFO - [2024-09-28T14:23:28.164+0000] {override.py:1900} INFO - Created Permission View: can delete on DAG:example_xcom_args_with_operators
[2024-09-28T14:23:28.186+0000] {logging_mixin.py:190} INFO - [2024-09-28T14:23:28.186+0000] {override.py:1900} INFO - Created Permission View: can edit on DAG:example_xcom_args_with_operators
[2024-09-28T14:23:28.194+0000] {logging_mixin.py:190} INFO - [2024-09-28T14:23:28.194+0000] {override.py:1900} INFO - Created Permission View: can read on DAG Run:example_xcom_args_with_operators
[2024-09-28T14:23:28.200+0000] {logging_mixin.py:190} INFO - [2024-09-28T14:23:28.200+0000] {override.py:1900} INFO - Created Permission View: can create on DAG Run:example_xcom_args_with_operators
[2024-09-28T14:23:28.211+0000] {logging_mixin.py:190} INFO - [2024-09-28T14:23:28.210+0000] {override.py:1900} INFO - Created Permission View: can delete on DAG Run:example_xcom_args_with_operators
[2024-09-28T14:23:28.220+0000] {logging_mixin.py:190} INFO - [2024-09-28T14:23:28.220+0000] {override.py:1900} INFO - Created Permission View: menu access on DAG Run:example_xcom_args_with_operators
[2024-09-28T14:23:28.232+0000] {logging_mixin.py:190} INFO - [2024-09-28T14:23:28.232+0000] {override.py:1900} INFO - Created Permission View: can read on DAG:example_xcom_args
[2024-09-28T14:23:28.239+0000] {logging_mixin.py:190} INFO - [2024-09-28T14:23:28.239+0000] {override.py:1900} INFO - Created Permission View: can delete on DAG:example_xcom_args
[2024-09-28T14:23:28.248+0000] {logging_mixin.py:190} INFO - [2024-09-28T14:23:28.247+0000] {override.py:1900} INFO - Created Permission View: can edit on DAG:example_xcom_args
[2024-09-28T14:23:28.258+0000] {logging_mixin.py:190} INFO - [2024-09-28T14:23:28.258+0000] {override.py:1900} INFO - Created Permission View: can read on DAG Run:example_xcom_args
[2024-09-28T14:23:28.265+0000] {logging_mixin.py:190} INFO - [2024-09-28T14:23:28.265+0000] {override.py:1900} INFO - Created Permission View: can create on DAG Run:example_xcom_args
[2024-09-28T14:23:28.274+0000] {logging_mixin.py:190} INFO - [2024-09-28T14:23:28.274+0000] {override.py:1900} INFO - Created Permission View: can delete on DAG Run:example_xcom_args
[2024-09-28T14:23:28.281+0000] {logging_mixin.py:190} INFO - [2024-09-28T14:23:28.281+0000] {override.py:1900} INFO - Created Permission View: menu access on DAG Run:example_xcom_args
[2024-09-28T14:23:28.282+0000] {logging_mixin.py:190} INFO - [2024-09-28T14:23:28.281+0000] {dag.py:3239} INFO - Sync 2 DAGs
[2024-09-28T14:23:28.294+0000] {logging_mixin.py:190} INFO - [2024-09-28T14:23:28.294+0000] {dag.py:3262} INFO - Creating ORM DAG for example_xcom_args
[2024-09-28T14:23:28.295+0000] {logging_mixin.py:190} INFO - [2024-09-28T14:23:28.295+0000] {dag.py:3262} INFO - Creating ORM DAG for example_xcom_args_with_operators
[2024-09-28T14:23:28.296+0000] {logging_mixin.py:190} INFO - [2024-09-28T14:23:28.296+0000] {dag.py:4180} INFO - Setting next_dagrun for example_xcom_args to None, run_after=None
[2024-09-28T14:23:28.297+0000] {logging_mixin.py:190} INFO - [2024-09-28T14:23:28.297+0000] {dag.py:4180} INFO - Setting next_dagrun for example_xcom_args_with_operators to None, run_after=None
[2024-09-28T14:23:28.338+0000] {processor.py:208} INFO - Processing /home/airflow/.local/lib/python3.12/site-packages/airflow/example_dags/example_xcomargs.py took 0.296 seconds
[2024-09-28T14:23:58.833+0000] {processor.py:186} INFO - Started process (PID=152) to work on /home/airflow/.local/lib/python3.12/site-packages/airflow/example_dags/example_xcomargs.py
[2024-09-28T14:23:58.834+0000] {processor.py:914} INFO - Processing file /home/airflow/.local/lib/python3.12/site-packages/airflow/example_dags/example_xcomargs.py for tasks to queue
[2024-09-28T14:23:58.837+0000] {logging_mixin.py:190} INFO - [2024-09-28T14:23:58.837+0000] {dagbag.py:588} INFO - Filling up the DagBag from /home/airflow/.local/lib/python3.12/site-packages/airflow/example_dags/example_xcomargs.py
[2024-09-28T14:23:58.846+0000] {processor.py:925} INFO - DAG(s) 'example_xcom_args', 'example_xcom_args_with_operators' retrieved from /home/airflow/.local/lib/python3.12/site-packages/airflow/example_dags/example_xcomargs.py
[2024-09-28T14:23:58.870+0000] {logging_mixin.py:190} INFO - [2024-09-28T14:23:58.870+0000] {dag.py:3239} INFO - Sync 2 DAGs
[2024-09-28T14:23:58.883+0000] {logging_mixin.py:190} INFO - [2024-09-28T14:23:58.882+0000] {dag.py:4180} INFO - Setting next_dagrun for example_xcom_args to None, run_after=None
[2024-09-28T14:23:58.898+0000] {logging_mixin.py:190} INFO - [2024-09-28T14:23:58.896+0000] {dag.py:4180} INFO - Setting next_dagrun for example_xcom_args_with_operators to None, run_after=None
[2024-09-28T14:23:58.916+0000] {processor.py:208} INFO - Processing /home/airflow/.local/lib/python3.12/site-packages/airflow/example_dags/example_xcomargs.py took 0.088 seconds
[2024-09-28T14:24:29.677+0000] {processor.py:186} INFO - Started process (PID=214) to work on /home/airflow/.local/lib/python3.12/site-packages/airflow/example_dags/example_xcomargs.py
[2024-09-28T14:24:29.679+0000] {processor.py:914} INFO - Processing file /home/airflow/.local/lib/python3.12/site-packages/airflow/example_dags/example_xcomargs.py for tasks to queue
[2024-09-28T14:24:29.681+0000] {logging_mixin.py:190} INFO - [2024-09-28T14:24:29.680+0000] {dagbag.py:588} INFO - Filling up the DagBag from /home/airflow/.local/lib/python3.12/site-packages/airflow/example_dags/example_xcomargs.py
[2024-09-28T14:24:29.691+0000] {processor.py:925} INFO - DAG(s) 'example_xcom_args', 'example_xcom_args_with_operators' retrieved from /home/airflow/.local/lib/python3.12/site-packages/airflow/example_dags/example_xcomargs.py
[2024-09-28T14:24:29.713+0000] {logging_mixin.py:190} INFO - [2024-09-28T14:24:29.712+0000] {dag.py:3239} INFO - Sync 2 DAGs
[2024-09-28T14:24:29.728+0000] {logging_mixin.py:190} INFO - [2024-09-28T14:24:29.728+0000] {dag.py:4180} INFO - Setting next_dagrun for example_xcom_args to None, run_after=None
[2024-09-28T14:24:29.732+0000] {logging_mixin.py:190} INFO - [2024-09-28T14:24:29.732+0000] {dag.py:4180} INFO - Setting next_dagrun for example_xcom_args_with_operators to None, run_after=None
[2024-09-28T14:24:29.749+0000] {processor.py:208} INFO - Processing /home/airflow/.local/lib/python3.12/site-packages/airflow/example_dags/example_xcomargs.py took 0.078 seconds
[2024-09-28T14:25:00.435+0000] {processor.py:186} INFO - Started process (PID=276) to work on /home/airflow/.local/lib/python3.12/site-packages/airflow/example_dags/example_xcomargs.py
[2024-09-28T14:25:00.436+0000] {processor.py:914} INFO - Processing file /home/airflow/.local/lib/python3.12/site-packages/airflow/example_dags/example_xcomargs.py for tasks to queue
[2024-09-28T14:25:00.438+0000] {logging_mixin.py:190} INFO - [2024-09-28T14:25:00.438+0000] {dagbag.py:588} INFO - Filling up the DagBag from /home/airflow/.local/lib/python3.12/site-packages/airflow/example_dags/example_xcomargs.py
[2024-09-28T14:25:00.448+0000] {processor.py:925} INFO - DAG(s) 'example_xcom_args_with_operators', 'example_xcom_args' retrieved from /home/airflow/.local/lib/python3.12/site-packages/airflow/example_dags/example_xcomargs.py
[2024-09-28T14:25:00.468+0000] {logging_mixin.py:190} INFO - [2024-09-28T14:25:00.468+0000] {dag.py:3239} INFO - Sync 2 DAGs
[2024-09-28T14:25:00.481+0000] {logging_mixin.py:190} INFO - [2024-09-28T14:25:00.481+0000] {dag.py:4180} INFO - Setting next_dagrun for example_xcom_args to None, run_after=None
[2024-09-28T14:25:00.485+0000] {logging_mixin.py:190} INFO - [2024-09-28T14:25:00.485+0000] {dag.py:4180} INFO - Setting next_dagrun for example_xcom_args_with_operators to None, run_after=None
[2024-09-28T14:25:00.502+0000] {processor.py:208} INFO - Processing /home/airflow/.local/lib/python3.12/site-packages/airflow/example_dags/example_xcomargs.py took 0.072 seconds
[2024-09-28T14:25:31.105+0000] {processor.py:186} INFO - Started process (PID=338) to work on /home/airflow/.local/lib/python3.12/site-packages/airflow/example_dags/example_xcomargs.py
[2024-09-28T14:25:31.105+0000] {processor.py:914} INFO - Processing file /home/airflow/.local/lib/python3.12/site-packages/airflow/example_dags/example_xcomargs.py for tasks to queue
[2024-09-28T14:25:31.108+0000] {logging_mixin.py:190} INFO - [2024-09-28T14:25:31.107+0000] {dagbag.py:588} INFO - Filling up the DagBag from /home/airflow/.local/lib/python3.12/site-packages/airflow/example_dags/example_xcomargs.py
[2024-09-28T14:25:31.115+0000] {processor.py:925} INFO - DAG(s) 'example_xcom_args_with_operators', 'example_xcom_args' retrieved from /home/airflow/.local/lib/python3.12/site-packages/airflow/example_dags/example_xcomargs.py
[2024-09-28T14:25:31.136+0000] {logging_mixin.py:190} INFO - [2024-09-28T14:25:31.136+0000] {dag.py:3239} INFO - Sync 2 DAGs
[2024-09-28T14:25:31.150+0000] {logging_mixin.py:190} INFO - [2024-09-28T14:25:31.150+0000] {dag.py:4180} INFO - Setting next_dagrun for example_xcom_args to None, run_after=None
[2024-09-28T14:25:31.154+0000] {logging_mixin.py:190} INFO - [2024-09-28T14:25:31.154+0000] {dag.py:4180} INFO - Setting next_dagrun for example_xcom_args_with_operators to None, run_after=None
[2024-09-28T14:25:31.172+0000] {processor.py:208} INFO - Processing /home/airflow/.local/lib/python3.12/site-packages/airflow/example_dags/example_xcomargs.py took 0.071 seconds
[2024-09-28T14:26:01.891+0000] {processor.py:186} INFO - Started process (PID=400) to work on /home/airflow/.local/lib/python3.12/site-packages/airflow/example_dags/example_xcomargs.py
[2024-09-28T14:26:01.892+0000] {processor.py:914} INFO - Processing file /home/airflow/.local/lib/python3.12/site-packages/airflow/example_dags/example_xcomargs.py for tasks to queue
[2024-09-28T14:26:01.895+0000] {logging_mixin.py:190} INFO - [2024-09-28T14:26:01.894+0000] {dagbag.py:588} INFO - Filling up the DagBag from /home/airflow/.local/lib/python3.12/site-packages/airflow/example_dags/example_xcomargs.py
[2024-09-28T14:26:01.903+0000] {processor.py:925} INFO - DAG(s) 'example_xcom_args', 'example_xcom_args_with_operators' retrieved from /home/airflow/.local/lib/python3.12/site-packages/airflow/example_dags/example_xcomargs.py
[2024-09-28T14:26:01.924+0000] {logging_mixin.py:190} INFO - [2024-09-28T14:26:01.923+0000] {dag.py:3239} INFO - Sync 2 DAGs
[2024-09-28T14:26:01.937+0000] {logging_mixin.py:190} INFO - [2024-09-28T14:26:01.937+0000] {dag.py:4180} INFO - Setting next_dagrun for example_xcom_args to None, run_after=None
[2024-09-28T14:26:01.942+0000] {logging_mixin.py:190} INFO - [2024-09-28T14:26:01.941+0000] {dag.py:4180} INFO - Setting next_dagrun for example_xcom_args_with_operators to None, run_after=None
[2024-09-28T14:26:01.959+0000] {processor.py:208} INFO - Processing /home/airflow/.local/lib/python3.12/site-packages/airflow/example_dags/example_xcomargs.py took 0.073 seconds
[2024-09-28T14:26:32.790+0000] {processor.py:186} INFO - Started process (PID=462) to work on /home/airflow/.local/lib/python3.12/site-packages/airflow/example_dags/example_xcomargs.py
[2024-09-28T14:26:32.791+0000] {processor.py:914} INFO - Processing file /home/airflow/.local/lib/python3.12/site-packages/airflow/example_dags/example_xcomargs.py for tasks to queue
[2024-09-28T14:26:32.793+0000] {logging_mixin.py:190} INFO - [2024-09-28T14:26:32.793+0000] {dagbag.py:588} INFO - Filling up the DagBag from /home/airflow/.local/lib/python3.12/site-packages/airflow/example_dags/example_xcomargs.py
[2024-09-28T14:26:32.803+0000] {processor.py:925} INFO - DAG(s) 'example_xcom_args_with_operators', 'example_xcom_args' retrieved from /home/airflow/.local/lib/python3.12/site-packages/airflow/example_dags/example_xcomargs.py
[2024-09-28T14:26:32.825+0000] {logging_mixin.py:190} INFO - [2024-09-28T14:26:32.825+0000] {dag.py:3239} INFO - Sync 2 DAGs
[2024-09-28T14:26:32.838+0000] {logging_mixin.py:190} INFO - [2024-09-28T14:26:32.838+0000] {dag.py:4180} INFO - Setting next_dagrun for example_xcom_args to None, run_after=None
[2024-09-28T14:26:32.842+0000] {logging_mixin.py:190} INFO - [2024-09-28T14:26:32.842+0000] {dag.py:4180} INFO - Setting next_dagrun for example_xcom_args_with_operators to None, run_after=None
[2024-09-28T14:26:32.857+0000] {processor.py:208} INFO - Processing /home/airflow/.local/lib/python3.12/site-packages/airflow/example_dags/example_xcomargs.py took 0.071 seconds
[2024-09-28T14:27:03.242+0000] {processor.py:186} INFO - Started process (PID=524) to work on /home/airflow/.local/lib/python3.12/site-packages/airflow/example_dags/example_xcomargs.py
[2024-09-28T14:27:03.242+0000] {processor.py:914} INFO - Processing file /home/airflow/.local/lib/python3.12/site-packages/airflow/example_dags/example_xcomargs.py for tasks to queue
[2024-09-28T14:27:03.244+0000] {logging_mixin.py:190} INFO - [2024-09-28T14:27:03.244+0000] {dagbag.py:588} INFO - Filling up the DagBag from /home/airflow/.local/lib/python3.12/site-packages/airflow/example_dags/example_xcomargs.py
[2024-09-28T14:27:03.251+0000] {processor.py:925} INFO - DAG(s) 'example_xcom_args_with_operators', 'example_xcom_args' retrieved from /home/airflow/.local/lib/python3.12/site-packages/airflow/example_dags/example_xcomargs.py
[2024-09-28T14:27:03.269+0000] {logging_mixin.py:190} INFO - [2024-09-28T14:27:03.269+0000] {dag.py:3239} INFO - Sync 2 DAGs
[2024-09-28T14:27:03.282+0000] {logging_mixin.py:190} INFO - [2024-09-28T14:27:03.282+0000] {dag.py:4180} INFO - Setting next_dagrun for example_xcom_args to None, run_after=None
[2024-09-28T14:27:03.285+0000] {logging_mixin.py:190} INFO - [2024-09-28T14:27:03.285+0000] {dag.py:4180} INFO - Setting next_dagrun for example_xcom_args_with_operators to None, run_after=None
[2024-09-28T14:27:03.301+0000] {processor.py:208} INFO - Processing /home/airflow/.local/lib/python3.12/site-packages/airflow/example_dags/example_xcomargs.py took 0.065 seconds
[2024-09-28T14:27:33.679+0000] {processor.py:186} INFO - Started process (PID=587) to work on /home/airflow/.local/lib/python3.12/site-packages/airflow/example_dags/example_xcomargs.py
[2024-09-28T14:27:33.680+0000] {processor.py:914} INFO - Processing file /home/airflow/.local/lib/python3.12/site-packages/airflow/example_dags/example_xcomargs.py for tasks to queue
[2024-09-28T14:27:33.683+0000] {logging_mixin.py:190} INFO - [2024-09-28T14:27:33.682+0000] {dagbag.py:588} INFO - Filling up the DagBag from /home/airflow/.local/lib/python3.12/site-packages/airflow/example_dags/example_xcomargs.py
[2024-09-28T14:27:33.690+0000] {processor.py:925} INFO - DAG(s) 'example_xcom_args_with_operators', 'example_xcom_args' retrieved from /home/airflow/.local/lib/python3.12/site-packages/airflow/example_dags/example_xcomargs.py
[2024-09-28T14:27:33.710+0000] {logging_mixin.py:190} INFO - [2024-09-28T14:27:33.710+0000] {dag.py:3239} INFO - Sync 2 DAGs
[2024-09-28T14:27:33.723+0000] {logging_mixin.py:190} INFO - [2024-09-28T14:27:33.723+0000] {dag.py:4180} INFO - Setting next_dagrun for example_xcom_args to None, run_after=None
[2024-09-28T14:27:33.726+0000] {logging_mixin.py:190} INFO - [2024-09-28T14:27:33.726+0000] {dag.py:4180} INFO - Setting next_dagrun for example_xcom_args_with_operators to None, run_after=None
[2024-09-28T14:27:33.745+0000] {processor.py:208} INFO - Processing /home/airflow/.local/lib/python3.12/site-packages/airflow/example_dags/example_xcomargs.py took 0.070 seconds
[2024-09-28T14:28:04.073+0000] {processor.py:186} INFO - Started process (PID=649) to work on /home/airflow/.local/lib/python3.12/site-packages/airflow/example_dags/example_xcomargs.py
[2024-09-28T14:28:04.074+0000] {processor.py:914} INFO - Processing file /home/airflow/.local/lib/python3.12/site-packages/airflow/example_dags/example_xcomargs.py for tasks to queue
[2024-09-28T14:28:04.076+0000] {logging_mixin.py:190} INFO - [2024-09-28T14:28:04.076+0000] {dagbag.py:588} INFO - Filling up the DagBag from /home/airflow/.local/lib/python3.12/site-packages/airflow/example_dags/example_xcomargs.py
[2024-09-28T14:28:04.086+0000] {processor.py:925} INFO - DAG(s) 'example_xcom_args', 'example_xcom_args_with_operators' retrieved from /home/airflow/.local/lib/python3.12/site-packages/airflow/example_dags/example_xcomargs.py
[2024-09-28T14:28:04.105+0000] {logging_mixin.py:190} INFO - [2024-09-28T14:28:04.105+0000] {dag.py:3239} INFO - Sync 2 DAGs
[2024-09-28T14:28:04.117+0000] {logging_mixin.py:190} INFO - [2024-09-28T14:28:04.117+0000] {dag.py:4180} INFO - Setting next_dagrun for example_xcom_args to None, run_after=None
[2024-09-28T14:28:04.121+0000] {logging_mixin.py:190} INFO - [2024-09-28T14:28:04.121+0000] {dag.py:4180} INFO - Setting next_dagrun for example_xcom_args_with_operators to None, run_after=None
[2024-09-28T14:28:04.137+0000] {processor.py:208} INFO - Processing /home/airflow/.local/lib/python3.12/site-packages/airflow/example_dags/example_xcomargs.py took 0.068 seconds
[2024-09-28T14:28:34.520+0000] {processor.py:186} INFO - Started process (PID=711) to work on /home/airflow/.local/lib/python3.12/site-packages/airflow/example_dags/example_xcomargs.py
[2024-09-28T14:28:34.522+0000] {processor.py:914} INFO - Processing file /home/airflow/.local/lib/python3.12/site-packages/airflow/example_dags/example_xcomargs.py for tasks to queue
[2024-09-28T14:28:34.524+0000] {logging_mixin.py:190} INFO - [2024-09-28T14:28:34.523+0000] {dagbag.py:588} INFO - Filling up the DagBag from /home/airflow/.local/lib/python3.12/site-packages/airflow/example_dags/example_xcomargs.py
[2024-09-28T14:28:34.531+0000] {processor.py:925} INFO - DAG(s) 'example_xcom_args', 'example_xcom_args_with_operators' retrieved from /home/airflow/.local/lib/python3.12/site-packages/airflow/example_dags/example_xcomargs.py
[2024-09-28T14:28:34.552+0000] {logging_mixin.py:190} INFO - [2024-09-28T14:28:34.552+0000] {dag.py:3239} INFO - Sync 2 DAGs
[2024-09-28T14:28:34.563+0000] {logging_mixin.py:190} INFO - [2024-09-28T14:28:34.563+0000] {dag.py:4180} INFO - Setting next_dagrun for example_xcom_args to None, run_after=None
[2024-09-28T14:28:34.566+0000] {logging_mixin.py:190} INFO - [2024-09-28T14:28:34.566+0000] {dag.py:4180} INFO - Setting next_dagrun for example_xcom_args_with_operators to None, run_after=None
[2024-09-28T14:28:34.582+0000] {processor.py:208} INFO - Processing /home/airflow/.local/lib/python3.12/site-packages/airflow/example_dags/example_xcomargs.py took 0.066 seconds
[2024-09-28T14:29:04.950+0000] {processor.py:186} INFO - Started process (PID=773) to work on /home/airflow/.local/lib/python3.12/site-packages/airflow/example_dags/example_xcomargs.py
[2024-09-28T14:29:04.951+0000] {processor.py:914} INFO - Processing file /home/airflow/.local/lib/python3.12/site-packages/airflow/example_dags/example_xcomargs.py for tasks to queue
[2024-09-28T14:29:04.953+0000] {logging_mixin.py:190} INFO - [2024-09-28T14:29:04.952+0000] {dagbag.py:588} INFO - Filling up the DagBag from /home/airflow/.local/lib/python3.12/site-packages/airflow/example_dags/example_xcomargs.py
[2024-09-28T14:29:04.960+0000] {processor.py:925} INFO - DAG(s) 'example_xcom_args', 'example_xcom_args_with_operators' retrieved from /home/airflow/.local/lib/python3.12/site-packages/airflow/example_dags/example_xcomargs.py
[2024-09-28T14:29:04.979+0000] {logging_mixin.py:190} INFO - [2024-09-28T14:29:04.979+0000] {dag.py:3239} INFO - Sync 2 DAGs
[2024-09-28T14:29:04.990+0000] {logging_mixin.py:190} INFO - [2024-09-28T14:29:04.990+0000] {dag.py:4180} INFO - Setting next_dagrun for example_xcom_args to None, run_after=None
[2024-09-28T14:29:04.994+0000] {logging_mixin.py:190} INFO - [2024-09-28T14:29:04.993+0000] {dag.py:4180} INFO - Setting next_dagrun for example_xcom_args_with_operators to None, run_after=None
[2024-09-28T14:29:05.009+0000] {processor.py:208} INFO - Processing /home/airflow/.local/lib/python3.12/site-packages/airflow/example_dags/example_xcomargs.py took 0.064 seconds
[2024-09-28T14:29:35.479+0000] {processor.py:186} INFO - Started process (PID=835) to work on /home/airflow/.local/lib/python3.12/site-packages/airflow/example_dags/example_xcomargs.py
[2024-09-28T14:29:35.480+0000] {processor.py:914} INFO - Processing file /home/airflow/.local/lib/python3.12/site-packages/airflow/example_dags/example_xcomargs.py for tasks to queue
[2024-09-28T14:29:35.484+0000] {logging_mixin.py:190} INFO - [2024-09-28T14:29:35.483+0000] {dagbag.py:588} INFO - Filling up the DagBag from /home/airflow/.local/lib/python3.12/site-packages/airflow/example_dags/example_xcomargs.py
[2024-09-28T14:29:35.496+0000] {processor.py:925} INFO - DAG(s) 'example_xcom_args_with_operators', 'example_xcom_args' retrieved from /home/airflow/.local/lib/python3.12/site-packages/airflow/example_dags/example_xcomargs.py
[2024-09-28T14:29:35.520+0000] {logging_mixin.py:190} INFO - [2024-09-28T14:29:35.520+0000] {dag.py:3239} INFO - Sync 2 DAGs
[2024-09-28T14:29:35.537+0000] {logging_mixin.py:190} INFO - [2024-09-28T14:29:35.536+0000] {dag.py:4180} INFO - Setting next_dagrun for example_xcom_args to None, run_after=None
[2024-09-28T14:29:35.542+0000] {logging_mixin.py:190} INFO - [2024-09-28T14:29:35.542+0000] {dag.py:4180} INFO - Setting next_dagrun for example_xcom_args_with_operators to None, run_after=None
[2024-09-28T14:29:35.559+0000] {processor.py:208} INFO - Processing /home/airflow/.local/lib/python3.12/site-packages/airflow/example_dags/example_xcomargs.py took 0.092 seconds
