[2024-09-28T14:23:28.646+0000] {processor.py:186} INFO - Started process (PID=94) to work on /home/airflow/.local/lib/python3.12/site-packages/airflow/example_dags/example_external_task_marker_dag.py
[2024-09-28T14:23:28.647+0000] {processor.py:914} INFO - Processing file /home/airflow/.local/lib/python3.12/site-packages/airflow/example_dags/example_external_task_marker_dag.py for tasks to queue
[2024-09-28T14:23:28.650+0000] {logging_mixin.py:190} INFO - [2024-09-28T14:23:28.650+0000] {dagbag.py:588} INFO - Filling up the DagBag from /home/airflow/.local/lib/python3.12/site-packages/airflow/example_dags/example_external_task_marker_dag.py
[2024-09-28T14:23:28.659+0000] {processor.py:925} INFO - DAG(s) 'example_external_task_marker_child', 'example_external_task_marker_parent' retrieved from /home/airflow/.local/lib/python3.12/site-packages/airflow/example_dags/example_external_task_marker_dag.py
[2024-09-28T14:23:28.765+0000] {logging_mixin.py:190} INFO - [2024-09-28T14:23:28.765+0000] {override.py:1900} INFO - Created Permission View: can read on DAG:example_external_task_marker_child
[2024-09-28T14:23:28.780+0000] {logging_mixin.py:190} INFO - [2024-09-28T14:23:28.779+0000] {override.py:1900} INFO - Created Permission View: can delete on DAG:example_external_task_marker_child
[2024-09-28T14:23:28.789+0000] {logging_mixin.py:190} INFO - [2024-09-28T14:23:28.788+0000] {override.py:1900} INFO - Created Permission View: can edit on DAG:example_external_task_marker_child
[2024-09-28T14:23:28.798+0000] {logging_mixin.py:190} INFO - [2024-09-28T14:23:28.798+0000] {override.py:1900} INFO - Created Permission View: can read on DAG Run:example_external_task_marker_child
[2024-09-28T14:23:28.806+0000] {logging_mixin.py:190} INFO - [2024-09-28T14:23:28.806+0000] {override.py:1900} INFO - Created Permission View: can create on DAG Run:example_external_task_marker_child
[2024-09-28T14:23:28.814+0000] {logging_mixin.py:190} INFO - [2024-09-28T14:23:28.813+0000] {override.py:1900} INFO - Created Permission View: can delete on DAG Run:example_external_task_marker_child
[2024-09-28T14:23:28.822+0000] {logging_mixin.py:190} INFO - [2024-09-28T14:23:28.822+0000] {override.py:1900} INFO - Created Permission View: menu access on DAG Run:example_external_task_marker_child
[2024-09-28T14:23:28.854+0000] {logging_mixin.py:190} INFO - [2024-09-28T14:23:28.854+0000] {override.py:1900} INFO - Created Permission View: can read on DAG:example_external_task_marker_parent
[2024-09-28T14:23:28.861+0000] {logging_mixin.py:190} INFO - [2024-09-28T14:23:28.861+0000] {override.py:1900} INFO - Created Permission View: can delete on DAG:example_external_task_marker_parent
[2024-09-28T14:23:28.870+0000] {logging_mixin.py:190} INFO - [2024-09-28T14:23:28.870+0000] {override.py:1900} INFO - Created Permission View: can edit on DAG:example_external_task_marker_parent
[2024-09-28T14:23:28.879+0000] {logging_mixin.py:190} INFO - [2024-09-28T14:23:28.879+0000] {override.py:1900} INFO - Created Permission View: can read on DAG Run:example_external_task_marker_parent
[2024-09-28T14:23:28.887+0000] {logging_mixin.py:190} INFO - [2024-09-28T14:23:28.886+0000] {override.py:1900} INFO - Created Permission View: can create on DAG Run:example_external_task_marker_parent
[2024-09-28T14:23:28.896+0000] {logging_mixin.py:190} INFO - [2024-09-28T14:23:28.895+0000] {override.py:1900} INFO - Created Permission View: can delete on DAG Run:example_external_task_marker_parent
[2024-09-28T14:23:28.905+0000] {logging_mixin.py:190} INFO - [2024-09-28T14:23:28.905+0000] {override.py:1900} INFO - Created Permission View: menu access on DAG Run:example_external_task_marker_parent
[2024-09-28T14:23:28.906+0000] {logging_mixin.py:190} INFO - [2024-09-28T14:23:28.906+0000] {dag.py:3239} INFO - Sync 2 DAGs
[2024-09-28T14:23:28.919+0000] {logging_mixin.py:190} INFO - [2024-09-28T14:23:28.919+0000] {dag.py:3262} INFO - Creating ORM DAG for example_external_task_marker_child
[2024-09-28T14:23:28.920+0000] {logging_mixin.py:190} INFO - [2024-09-28T14:23:28.920+0000] {dag.py:3262} INFO - Creating ORM DAG for example_external_task_marker_parent
[2024-09-28T14:23:28.921+0000] {logging_mixin.py:190} INFO - [2024-09-28T14:23:28.921+0000] {dag.py:4180} INFO - Setting next_dagrun for example_external_task_marker_child to None, run_after=None
[2024-09-28T14:23:28.922+0000] {logging_mixin.py:190} INFO - [2024-09-28T14:23:28.922+0000] {dag.py:4180} INFO - Setting next_dagrun for example_external_task_marker_parent to None, run_after=None
[2024-09-28T14:23:28.942+0000] {processor.py:208} INFO - Processing /home/airflow/.local/lib/python3.12/site-packages/airflow/example_dags/example_external_task_marker_dag.py took 0.301 seconds
[2024-09-28T14:23:59.171+0000] {processor.py:186} INFO - Started process (PID=156) to work on /home/airflow/.local/lib/python3.12/site-packages/airflow/example_dags/example_external_task_marker_dag.py
[2024-09-28T14:23:59.172+0000] {processor.py:914} INFO - Processing file /home/airflow/.local/lib/python3.12/site-packages/airflow/example_dags/example_external_task_marker_dag.py for tasks to queue
[2024-09-28T14:23:59.174+0000] {logging_mixin.py:190} INFO - [2024-09-28T14:23:59.173+0000] {dagbag.py:588} INFO - Filling up the DagBag from /home/airflow/.local/lib/python3.12/site-packages/airflow/example_dags/example_external_task_marker_dag.py
[2024-09-28T14:23:59.180+0000] {processor.py:925} INFO - DAG(s) 'example_external_task_marker_parent', 'example_external_task_marker_child' retrieved from /home/airflow/.local/lib/python3.12/site-packages/airflow/example_dags/example_external_task_marker_dag.py
[2024-09-28T14:23:59.199+0000] {logging_mixin.py:190} INFO - [2024-09-28T14:23:59.199+0000] {dag.py:3239} INFO - Sync 2 DAGs
[2024-09-28T14:23:59.211+0000] {logging_mixin.py:190} INFO - [2024-09-28T14:23:59.211+0000] {dag.py:4180} INFO - Setting next_dagrun for example_external_task_marker_child to None, run_after=None
[2024-09-28T14:23:59.215+0000] {logging_mixin.py:190} INFO - [2024-09-28T14:23:59.214+0000] {dag.py:4180} INFO - Setting next_dagrun for example_external_task_marker_parent to None, run_after=None
[2024-09-28T14:23:59.229+0000] {processor.py:208} INFO - Processing /home/airflow/.local/lib/python3.12/site-packages/airflow/example_dags/example_external_task_marker_dag.py took 0.063 seconds
[2024-09-28T14:24:30.011+0000] {processor.py:186} INFO - Started process (PID=218) to work on /home/airflow/.local/lib/python3.12/site-packages/airflow/example_dags/example_external_task_marker_dag.py
[2024-09-28T14:24:30.012+0000] {processor.py:914} INFO - Processing file /home/airflow/.local/lib/python3.12/site-packages/airflow/example_dags/example_external_task_marker_dag.py for tasks to queue
[2024-09-28T14:24:30.014+0000] {logging_mixin.py:190} INFO - [2024-09-28T14:24:30.014+0000] {dagbag.py:588} INFO - Filling up the DagBag from /home/airflow/.local/lib/python3.12/site-packages/airflow/example_dags/example_external_task_marker_dag.py
[2024-09-28T14:24:30.023+0000] {processor.py:925} INFO - DAG(s) 'example_external_task_marker_parent', 'example_external_task_marker_child' retrieved from /home/airflow/.local/lib/python3.12/site-packages/airflow/example_dags/example_external_task_marker_dag.py
[2024-09-28T14:24:30.045+0000] {logging_mixin.py:190} INFO - [2024-09-28T14:24:30.045+0000] {dag.py:3239} INFO - Sync 2 DAGs
[2024-09-28T14:24:30.063+0000] {logging_mixin.py:190} INFO - [2024-09-28T14:24:30.062+0000] {dag.py:4180} INFO - Setting next_dagrun for example_external_task_marker_child to None, run_after=None
[2024-09-28T14:24:30.067+0000] {logging_mixin.py:190} INFO - [2024-09-28T14:24:30.067+0000] {dag.py:4180} INFO - Setting next_dagrun for example_external_task_marker_parent to None, run_after=None
[2024-09-28T14:24:30.084+0000] {processor.py:208} INFO - Processing /home/airflow/.local/lib/python3.12/site-packages/airflow/example_dags/example_external_task_marker_dag.py took 0.079 seconds
[2024-09-28T14:25:00.774+0000] {processor.py:186} INFO - Started process (PID=280) to work on /home/airflow/.local/lib/python3.12/site-packages/airflow/example_dags/example_external_task_marker_dag.py
[2024-09-28T14:25:00.775+0000] {processor.py:914} INFO - Processing file /home/airflow/.local/lib/python3.12/site-packages/airflow/example_dags/example_external_task_marker_dag.py for tasks to queue
[2024-09-28T14:25:00.778+0000] {logging_mixin.py:190} INFO - [2024-09-28T14:25:00.778+0000] {dagbag.py:588} INFO - Filling up the DagBag from /home/airflow/.local/lib/python3.12/site-packages/airflow/example_dags/example_external_task_marker_dag.py
[2024-09-28T14:25:00.786+0000] {processor.py:925} INFO - DAG(s) 'example_external_task_marker_parent', 'example_external_task_marker_child' retrieved from /home/airflow/.local/lib/python3.12/site-packages/airflow/example_dags/example_external_task_marker_dag.py
[2024-09-28T14:25:00.809+0000] {logging_mixin.py:190} INFO - [2024-09-28T14:25:00.809+0000] {dag.py:3239} INFO - Sync 2 DAGs
[2024-09-28T14:25:00.822+0000] {logging_mixin.py:190} INFO - [2024-09-28T14:25:00.822+0000] {dag.py:4180} INFO - Setting next_dagrun for example_external_task_marker_child to None, run_after=None
[2024-09-28T14:25:00.827+0000] {logging_mixin.py:190} INFO - [2024-09-28T14:25:00.827+0000] {dag.py:4180} INFO - Setting next_dagrun for example_external_task_marker_parent to None, run_after=None
[2024-09-28T14:25:00.846+0000] {processor.py:208} INFO - Processing /home/airflow/.local/lib/python3.12/site-packages/airflow/example_dags/example_external_task_marker_dag.py took 0.078 seconds
[2024-09-28T14:25:31.428+0000] {processor.py:186} INFO - Started process (PID=342) to work on /home/airflow/.local/lib/python3.12/site-packages/airflow/example_dags/example_external_task_marker_dag.py
[2024-09-28T14:25:31.429+0000] {processor.py:914} INFO - Processing file /home/airflow/.local/lib/python3.12/site-packages/airflow/example_dags/example_external_task_marker_dag.py for tasks to queue
[2024-09-28T14:25:31.432+0000] {logging_mixin.py:190} INFO - [2024-09-28T14:25:31.431+0000] {dagbag.py:588} INFO - Filling up the DagBag from /home/airflow/.local/lib/python3.12/site-packages/airflow/example_dags/example_external_task_marker_dag.py
[2024-09-28T14:25:31.439+0000] {processor.py:925} INFO - DAG(s) 'example_external_task_marker_child', 'example_external_task_marker_parent' retrieved from /home/airflow/.local/lib/python3.12/site-packages/airflow/example_dags/example_external_task_marker_dag.py
[2024-09-28T14:25:31.464+0000] {logging_mixin.py:190} INFO - [2024-09-28T14:25:31.463+0000] {dag.py:3239} INFO - Sync 2 DAGs
[2024-09-28T14:25:31.478+0000] {logging_mixin.py:190} INFO - [2024-09-28T14:25:31.478+0000] {dag.py:4180} INFO - Setting next_dagrun for example_external_task_marker_child to None, run_after=None
[2024-09-28T14:25:31.482+0000] {logging_mixin.py:190} INFO - [2024-09-28T14:25:31.482+0000] {dag.py:4180} INFO - Setting next_dagrun for example_external_task_marker_parent to None, run_after=None
[2024-09-28T14:25:31.500+0000] {processor.py:208} INFO - Processing /home/airflow/.local/lib/python3.12/site-packages/airflow/example_dags/example_external_task_marker_dag.py took 0.079 seconds
[2024-09-28T14:26:02.107+0000] {processor.py:186} INFO - Started process (PID=404) to work on /home/airflow/.local/lib/python3.12/site-packages/airflow/example_dags/example_external_task_marker_dag.py
[2024-09-28T14:26:02.109+0000] {processor.py:914} INFO - Processing file /home/airflow/.local/lib/python3.12/site-packages/airflow/example_dags/example_external_task_marker_dag.py for tasks to queue
[2024-09-28T14:26:02.114+0000] {logging_mixin.py:190} INFO - [2024-09-28T14:26:02.113+0000] {dagbag.py:588} INFO - Filling up the DagBag from /home/airflow/.local/lib/python3.12/site-packages/airflow/example_dags/example_external_task_marker_dag.py
[2024-09-28T14:26:02.123+0000] {processor.py:925} INFO - DAG(s) 'example_external_task_marker_child', 'example_external_task_marker_parent' retrieved from /home/airflow/.local/lib/python3.12/site-packages/airflow/example_dags/example_external_task_marker_dag.py
[2024-09-28T14:26:02.152+0000] {logging_mixin.py:190} INFO - [2024-09-28T14:26:02.151+0000] {dag.py:3239} INFO - Sync 2 DAGs
[2024-09-28T14:26:02.179+0000] {logging_mixin.py:190} INFO - [2024-09-28T14:26:02.178+0000] {dag.py:4180} INFO - Setting next_dagrun for example_external_task_marker_child to None, run_after=None
[2024-09-28T14:26:02.184+0000] {logging_mixin.py:190} INFO - [2024-09-28T14:26:02.184+0000] {dag.py:4180} INFO - Setting next_dagrun for example_external_task_marker_parent to None, run_after=None
[2024-09-28T14:26:02.206+0000] {processor.py:208} INFO - Processing /home/airflow/.local/lib/python3.12/site-packages/airflow/example_dags/example_external_task_marker_dag.py took 0.104 seconds
[2024-09-28T14:26:33.108+0000] {processor.py:186} INFO - Started process (PID=466) to work on /home/airflow/.local/lib/python3.12/site-packages/airflow/example_dags/example_external_task_marker_dag.py
[2024-09-28T14:26:33.109+0000] {processor.py:914} INFO - Processing file /home/airflow/.local/lib/python3.12/site-packages/airflow/example_dags/example_external_task_marker_dag.py for tasks to queue
[2024-09-28T14:26:33.113+0000] {logging_mixin.py:190} INFO - [2024-09-28T14:26:33.112+0000] {dagbag.py:588} INFO - Filling up the DagBag from /home/airflow/.local/lib/python3.12/site-packages/airflow/example_dags/example_external_task_marker_dag.py
[2024-09-28T14:26:33.120+0000] {processor.py:925} INFO - DAG(s) 'example_external_task_marker_child', 'example_external_task_marker_parent' retrieved from /home/airflow/.local/lib/python3.12/site-packages/airflow/example_dags/example_external_task_marker_dag.py
[2024-09-28T14:26:33.143+0000] {logging_mixin.py:190} INFO - [2024-09-28T14:26:33.142+0000] {dag.py:3239} INFO - Sync 2 DAGs
[2024-09-28T14:26:33.159+0000] {logging_mixin.py:190} INFO - [2024-09-28T14:26:33.159+0000] {dag.py:4180} INFO - Setting next_dagrun for example_external_task_marker_child to None, run_after=None
[2024-09-28T14:26:33.164+0000] {logging_mixin.py:190} INFO - [2024-09-28T14:26:33.164+0000] {dag.py:4180} INFO - Setting next_dagrun for example_external_task_marker_parent to None, run_after=None
[2024-09-28T14:26:33.185+0000] {processor.py:208} INFO - Processing /home/airflow/.local/lib/python3.12/site-packages/airflow/example_dags/example_external_task_marker_dag.py took 0.081 seconds
[2024-09-28T14:27:03.543+0000] {processor.py:186} INFO - Started process (PID=528) to work on /home/airflow/.local/lib/python3.12/site-packages/airflow/example_dags/example_external_task_marker_dag.py
[2024-09-28T14:27:03.544+0000] {processor.py:914} INFO - Processing file /home/airflow/.local/lib/python3.12/site-packages/airflow/example_dags/example_external_task_marker_dag.py for tasks to queue
[2024-09-28T14:27:03.546+0000] {logging_mixin.py:190} INFO - [2024-09-28T14:27:03.546+0000] {dagbag.py:588} INFO - Filling up the DagBag from /home/airflow/.local/lib/python3.12/site-packages/airflow/example_dags/example_external_task_marker_dag.py
[2024-09-28T14:27:03.552+0000] {processor.py:925} INFO - DAG(s) 'example_external_task_marker_parent', 'example_external_task_marker_child' retrieved from /home/airflow/.local/lib/python3.12/site-packages/airflow/example_dags/example_external_task_marker_dag.py
[2024-09-28T14:27:03.572+0000] {logging_mixin.py:190} INFO - [2024-09-28T14:27:03.572+0000] {dag.py:3239} INFO - Sync 2 DAGs
[2024-09-28T14:27:03.585+0000] {logging_mixin.py:190} INFO - [2024-09-28T14:27:03.585+0000] {dag.py:4180} INFO - Setting next_dagrun for example_external_task_marker_child to None, run_after=None
[2024-09-28T14:27:03.589+0000] {logging_mixin.py:190} INFO - [2024-09-28T14:27:03.589+0000] {dag.py:4180} INFO - Setting next_dagrun for example_external_task_marker_parent to None, run_after=None
[2024-09-28T14:27:03.603+0000] {processor.py:208} INFO - Processing /home/airflow/.local/lib/python3.12/site-packages/airflow/example_dags/example_external_task_marker_dag.py took 0.065 seconds
[2024-09-28T14:27:34.003+0000] {processor.py:186} INFO - Started process (PID=591) to work on /home/airflow/.local/lib/python3.12/site-packages/airflow/example_dags/example_external_task_marker_dag.py
[2024-09-28T14:27:34.005+0000] {processor.py:914} INFO - Processing file /home/airflow/.local/lib/python3.12/site-packages/airflow/example_dags/example_external_task_marker_dag.py for tasks to queue
[2024-09-28T14:27:34.007+0000] {logging_mixin.py:190} INFO - [2024-09-28T14:27:34.007+0000] {dagbag.py:588} INFO - Filling up the DagBag from /home/airflow/.local/lib/python3.12/site-packages/airflow/example_dags/example_external_task_marker_dag.py
[2024-09-28T14:27:34.014+0000] {processor.py:925} INFO - DAG(s) 'example_external_task_marker_parent', 'example_external_task_marker_child' retrieved from /home/airflow/.local/lib/python3.12/site-packages/airflow/example_dags/example_external_task_marker_dag.py
[2024-09-28T14:27:34.037+0000] {logging_mixin.py:190} INFO - [2024-09-28T14:27:34.037+0000] {dag.py:3239} INFO - Sync 2 DAGs
[2024-09-28T14:27:34.051+0000] {logging_mixin.py:190} INFO - [2024-09-28T14:27:34.051+0000] {dag.py:4180} INFO - Setting next_dagrun for example_external_task_marker_child to None, run_after=None
[2024-09-28T14:27:34.056+0000] {logging_mixin.py:190} INFO - [2024-09-28T14:27:34.056+0000] {dag.py:4180} INFO - Setting next_dagrun for example_external_task_marker_parent to None, run_after=None
[2024-09-28T14:27:34.074+0000] {processor.py:208} INFO - Processing /home/airflow/.local/lib/python3.12/site-packages/airflow/example_dags/example_external_task_marker_dag.py took 0.076 seconds
[2024-09-28T14:28:04.388+0000] {processor.py:186} INFO - Started process (PID=653) to work on /home/airflow/.local/lib/python3.12/site-packages/airflow/example_dags/example_external_task_marker_dag.py
[2024-09-28T14:28:04.389+0000] {processor.py:914} INFO - Processing file /home/airflow/.local/lib/python3.12/site-packages/airflow/example_dags/example_external_task_marker_dag.py for tasks to queue
[2024-09-28T14:28:04.392+0000] {logging_mixin.py:190} INFO - [2024-09-28T14:28:04.391+0000] {dagbag.py:588} INFO - Filling up the DagBag from /home/airflow/.local/lib/python3.12/site-packages/airflow/example_dags/example_external_task_marker_dag.py
[2024-09-28T14:28:04.398+0000] {processor.py:925} INFO - DAG(s) 'example_external_task_marker_child', 'example_external_task_marker_parent' retrieved from /home/airflow/.local/lib/python3.12/site-packages/airflow/example_dags/example_external_task_marker_dag.py
[2024-09-28T14:28:04.420+0000] {logging_mixin.py:190} INFO - [2024-09-28T14:28:04.419+0000] {dag.py:3239} INFO - Sync 2 DAGs
[2024-09-28T14:28:04.432+0000] {logging_mixin.py:190} INFO - [2024-09-28T14:28:04.432+0000] {dag.py:4180} INFO - Setting next_dagrun for example_external_task_marker_child to None, run_after=None
[2024-09-28T14:28:04.436+0000] {logging_mixin.py:190} INFO - [2024-09-28T14:28:04.436+0000] {dag.py:4180} INFO - Setting next_dagrun for example_external_task_marker_parent to None, run_after=None
[2024-09-28T14:28:04.452+0000] {processor.py:208} INFO - Processing /home/airflow/.local/lib/python3.12/site-packages/airflow/example_dags/example_external_task_marker_dag.py took 0.070 seconds
[2024-09-28T14:28:34.821+0000] {processor.py:186} INFO - Started process (PID=715) to work on /home/airflow/.local/lib/python3.12/site-packages/airflow/example_dags/example_external_task_marker_dag.py
[2024-09-28T14:28:34.821+0000] {processor.py:914} INFO - Processing file /home/airflow/.local/lib/python3.12/site-packages/airflow/example_dags/example_external_task_marker_dag.py for tasks to queue
[2024-09-28T14:28:34.824+0000] {logging_mixin.py:190} INFO - [2024-09-28T14:28:34.823+0000] {dagbag.py:588} INFO - Filling up the DagBag from /home/airflow/.local/lib/python3.12/site-packages/airflow/example_dags/example_external_task_marker_dag.py
[2024-09-28T14:28:34.831+0000] {processor.py:925} INFO - DAG(s) 'example_external_task_marker_parent', 'example_external_task_marker_child' retrieved from /home/airflow/.local/lib/python3.12/site-packages/airflow/example_dags/example_external_task_marker_dag.py
[2024-09-28T14:28:34.851+0000] {logging_mixin.py:190} INFO - [2024-09-28T14:28:34.851+0000] {dag.py:3239} INFO - Sync 2 DAGs
[2024-09-28T14:28:34.864+0000] {logging_mixin.py:190} INFO - [2024-09-28T14:28:34.864+0000] {dag.py:4180} INFO - Setting next_dagrun for example_external_task_marker_child to None, run_after=None
[2024-09-28T14:28:34.868+0000] {logging_mixin.py:190} INFO - [2024-09-28T14:28:34.868+0000] {dag.py:4180} INFO - Setting next_dagrun for example_external_task_marker_parent to None, run_after=None
[2024-09-28T14:28:34.888+0000] {processor.py:208} INFO - Processing /home/airflow/.local/lib/python3.12/site-packages/airflow/example_dags/example_external_task_marker_dag.py took 0.073 seconds
[2024-09-28T14:29:05.244+0000] {processor.py:186} INFO - Started process (PID=777) to work on /home/airflow/.local/lib/python3.12/site-packages/airflow/example_dags/example_external_task_marker_dag.py
[2024-09-28T14:29:05.245+0000] {processor.py:914} INFO - Processing file /home/airflow/.local/lib/python3.12/site-packages/airflow/example_dags/example_external_task_marker_dag.py for tasks to queue
[2024-09-28T14:29:05.248+0000] {logging_mixin.py:190} INFO - [2024-09-28T14:29:05.247+0000] {dagbag.py:588} INFO - Filling up the DagBag from /home/airflow/.local/lib/python3.12/site-packages/airflow/example_dags/example_external_task_marker_dag.py
[2024-09-28T14:29:05.254+0000] {processor.py:925} INFO - DAG(s) 'example_external_task_marker_parent', 'example_external_task_marker_child' retrieved from /home/airflow/.local/lib/python3.12/site-packages/airflow/example_dags/example_external_task_marker_dag.py
[2024-09-28T14:29:05.274+0000] {logging_mixin.py:190} INFO - [2024-09-28T14:29:05.274+0000] {dag.py:3239} INFO - Sync 2 DAGs
[2024-09-28T14:29:05.287+0000] {logging_mixin.py:190} INFO - [2024-09-28T14:29:05.287+0000] {dag.py:4180} INFO - Setting next_dagrun for example_external_task_marker_child to None, run_after=None
[2024-09-28T14:29:05.291+0000] {logging_mixin.py:190} INFO - [2024-09-28T14:29:05.290+0000] {dag.py:4180} INFO - Setting next_dagrun for example_external_task_marker_parent to None, run_after=None
[2024-09-28T14:29:05.306+0000] {processor.py:208} INFO - Processing /home/airflow/.local/lib/python3.12/site-packages/airflow/example_dags/example_external_task_marker_dag.py took 0.067 seconds
[2024-09-28T14:29:35.722+0000] {processor.py:186} INFO - Started process (PID=839) to work on /home/airflow/.local/lib/python3.12/site-packages/airflow/example_dags/example_external_task_marker_dag.py
[2024-09-28T14:29:35.723+0000] {processor.py:914} INFO - Processing file /home/airflow/.local/lib/python3.12/site-packages/airflow/example_dags/example_external_task_marker_dag.py for tasks to queue
[2024-09-28T14:29:35.726+0000] {logging_mixin.py:190} INFO - [2024-09-28T14:29:35.725+0000] {dagbag.py:588} INFO - Filling up the DagBag from /home/airflow/.local/lib/python3.12/site-packages/airflow/example_dags/example_external_task_marker_dag.py
[2024-09-28T14:29:35.736+0000] {processor.py:925} INFO - DAG(s) 'example_external_task_marker_parent', 'example_external_task_marker_child' retrieved from /home/airflow/.local/lib/python3.12/site-packages/airflow/example_dags/example_external_task_marker_dag.py
[2024-09-28T14:29:35.761+0000] {logging_mixin.py:190} INFO - [2024-09-28T14:29:35.760+0000] {dag.py:3239} INFO - Sync 2 DAGs
[2024-09-28T14:29:35.774+0000] {logging_mixin.py:190} INFO - [2024-09-28T14:29:35.774+0000] {dag.py:4180} INFO - Setting next_dagrun for example_external_task_marker_child to None, run_after=None
[2024-09-28T14:29:35.778+0000] {logging_mixin.py:190} INFO - [2024-09-28T14:29:35.778+0000] {dag.py:4180} INFO - Setting next_dagrun for example_external_task_marker_parent to None, run_after=None
[2024-09-28T14:29:35.806+0000] {processor.py:208} INFO - Processing /home/airflow/.local/lib/python3.12/site-packages/airflow/example_dags/example_external_task_marker_dag.py took 0.091 seconds
