[2024-09-28T14:23:24.676+0000] {processor.py:186} INFO - Started process (PID=69) to work on /home/airflow/.local/lib/python3.12/site-packages/airflow/example_dags/example_params_ui_tutorial.py
[2024-09-28T14:23:24.677+0000] {processor.py:914} INFO - Processing file /home/airflow/.local/lib/python3.12/site-packages/airflow/example_dags/example_params_ui_tutorial.py for tasks to queue
[2024-09-28T14:23:24.679+0000] {logging_mixin.py:190} INFO - [2024-09-28T14:23:24.679+0000] {dagbag.py:588} INFO - Filling up the DagBag from /home/airflow/.local/lib/python3.12/site-packages/airflow/example_dags/example_params_ui_tutorial.py
[2024-09-28T14:23:24.688+0000] {processor.py:925} INFO - DAG(s) 'example_params_ui_tutorial' retrieved from /home/airflow/.local/lib/python3.12/site-packages/airflow/example_dags/example_params_ui_tutorial.py
[2024-09-28T14:23:24.805+0000] {logging_mixin.py:190} INFO - [2024-09-28T14:23:24.805+0000] {override.py:1900} INFO - Created Permission View: can read on DAG:example_params_ui_tutorial
[2024-09-28T14:23:24.816+0000] {logging_mixin.py:190} INFO - [2024-09-28T14:23:24.815+0000] {override.py:1900} INFO - Created Permission View: can delete on DAG:example_params_ui_tutorial
[2024-09-28T14:23:24.823+0000] {logging_mixin.py:190} INFO - [2024-09-28T14:23:24.823+0000] {override.py:1900} INFO - Created Permission View: can edit on DAG:example_params_ui_tutorial
[2024-09-28T14:23:24.848+0000] {logging_mixin.py:190} INFO - [2024-09-28T14:23:24.847+0000] {override.py:1900} INFO - Created Permission View: can read on DAG Run:example_params_ui_tutorial
[2024-09-28T14:23:24.856+0000] {logging_mixin.py:190} INFO - [2024-09-28T14:23:24.856+0000] {override.py:1900} INFO - Created Permission View: can create on DAG Run:example_params_ui_tutorial
[2024-09-28T14:23:24.863+0000] {logging_mixin.py:190} INFO - [2024-09-28T14:23:24.863+0000] {override.py:1900} INFO - Created Permission View: can delete on DAG Run:example_params_ui_tutorial
[2024-09-28T14:23:24.869+0000] {logging_mixin.py:190} INFO - [2024-09-28T14:23:24.869+0000] {override.py:1900} INFO - Created Permission View: menu access on DAG Run:example_params_ui_tutorial
[2024-09-28T14:23:24.870+0000] {logging_mixin.py:190} INFO - [2024-09-28T14:23:24.870+0000] {dag.py:3239} INFO - Sync 1 DAGs
[2024-09-28T14:23:24.881+0000] {logging_mixin.py:190} INFO - [2024-09-28T14:23:24.881+0000] {dag.py:3262} INFO - Creating ORM DAG for example_params_ui_tutorial
[2024-09-28T14:23:24.882+0000] {logging_mixin.py:190} INFO - [2024-09-28T14:23:24.882+0000] {dag.py:4180} INFO - Setting next_dagrun for example_params_ui_tutorial to None, run_after=None
[2024-09-28T14:23:24.914+0000] {processor.py:208} INFO - Processing /home/airflow/.local/lib/python3.12/site-packages/airflow/example_dags/example_params_ui_tutorial.py took 0.242 seconds
[2024-09-28T14:23:55.490+0000] {processor.py:186} INFO - Started process (PID=131) to work on /home/airflow/.local/lib/python3.12/site-packages/airflow/example_dags/example_params_ui_tutorial.py
[2024-09-28T14:23:55.491+0000] {processor.py:914} INFO - Processing file /home/airflow/.local/lib/python3.12/site-packages/airflow/example_dags/example_params_ui_tutorial.py for tasks to queue
[2024-09-28T14:23:55.493+0000] {logging_mixin.py:190} INFO - [2024-09-28T14:23:55.493+0000] {dagbag.py:588} INFO - Filling up the DagBag from /home/airflow/.local/lib/python3.12/site-packages/airflow/example_dags/example_params_ui_tutorial.py
[2024-09-28T14:23:55.501+0000] {processor.py:925} INFO - DAG(s) 'example_params_ui_tutorial' retrieved from /home/airflow/.local/lib/python3.12/site-packages/airflow/example_dags/example_params_ui_tutorial.py
[2024-09-28T14:23:55.535+0000] {logging_mixin.py:190} INFO - [2024-09-28T14:23:55.535+0000] {dag.py:3239} INFO - Sync 1 DAGs
[2024-09-28T14:23:55.547+0000] {logging_mixin.py:190} INFO - [2024-09-28T14:23:55.547+0000] {dag.py:4180} INFO - Setting next_dagrun for example_params_ui_tutorial to None, run_after=None
[2024-09-28T14:23:55.567+0000] {processor.py:208} INFO - Processing /home/airflow/.local/lib/python3.12/site-packages/airflow/example_dags/example_params_ui_tutorial.py took 0.081 seconds
[2024-09-28T14:24:26.329+0000] {processor.py:186} INFO - Started process (PID=193) to work on /home/airflow/.local/lib/python3.12/site-packages/airflow/example_dags/example_params_ui_tutorial.py
[2024-09-28T14:24:26.330+0000] {processor.py:914} INFO - Processing file /home/airflow/.local/lib/python3.12/site-packages/airflow/example_dags/example_params_ui_tutorial.py for tasks to queue
[2024-09-28T14:24:26.332+0000] {logging_mixin.py:190} INFO - [2024-09-28T14:24:26.332+0000] {dagbag.py:588} INFO - Filling up the DagBag from /home/airflow/.local/lib/python3.12/site-packages/airflow/example_dags/example_params_ui_tutorial.py
[2024-09-28T14:24:26.340+0000] {processor.py:925} INFO - DAG(s) 'example_params_ui_tutorial' retrieved from /home/airflow/.local/lib/python3.12/site-packages/airflow/example_dags/example_params_ui_tutorial.py
[2024-09-28T14:24:26.380+0000] {logging_mixin.py:190} INFO - [2024-09-28T14:24:26.380+0000] {dag.py:3239} INFO - Sync 1 DAGs
[2024-09-28T14:24:26.394+0000] {logging_mixin.py:190} INFO - [2024-09-28T14:24:26.394+0000] {dag.py:4180} INFO - Setting next_dagrun for example_params_ui_tutorial to None, run_after=None
[2024-09-28T14:24:26.414+0000] {processor.py:208} INFO - Processing /home/airflow/.local/lib/python3.12/site-packages/airflow/example_dags/example_params_ui_tutorial.py took 0.089 seconds
[2024-09-28T14:24:57.158+0000] {processor.py:186} INFO - Started process (PID=255) to work on /home/airflow/.local/lib/python3.12/site-packages/airflow/example_dags/example_params_ui_tutorial.py
[2024-09-28T14:24:57.159+0000] {processor.py:914} INFO - Processing file /home/airflow/.local/lib/python3.12/site-packages/airflow/example_dags/example_params_ui_tutorial.py for tasks to queue
[2024-09-28T14:24:57.161+0000] {logging_mixin.py:190} INFO - [2024-09-28T14:24:57.161+0000] {dagbag.py:588} INFO - Filling up the DagBag from /home/airflow/.local/lib/python3.12/site-packages/airflow/example_dags/example_params_ui_tutorial.py
[2024-09-28T14:24:57.168+0000] {processor.py:925} INFO - DAG(s) 'example_params_ui_tutorial' retrieved from /home/airflow/.local/lib/python3.12/site-packages/airflow/example_dags/example_params_ui_tutorial.py
[2024-09-28T14:24:57.211+0000] {logging_mixin.py:190} INFO - [2024-09-28T14:24:57.211+0000] {dag.py:3239} INFO - Sync 1 DAGs
[2024-09-28T14:24:57.224+0000] {logging_mixin.py:190} INFO - [2024-09-28T14:24:57.224+0000] {dag.py:4180} INFO - Setting next_dagrun for example_params_ui_tutorial to None, run_after=None
[2024-09-28T14:24:57.243+0000] {processor.py:208} INFO - Processing /home/airflow/.local/lib/python3.12/site-packages/airflow/example_dags/example_params_ui_tutorial.py took 0.091 seconds
[2024-09-28T14:25:27.865+0000] {processor.py:186} INFO - Started process (PID=317) to work on /home/airflow/.local/lib/python3.12/site-packages/airflow/example_dags/example_params_ui_tutorial.py
[2024-09-28T14:25:27.866+0000] {processor.py:914} INFO - Processing file /home/airflow/.local/lib/python3.12/site-packages/airflow/example_dags/example_params_ui_tutorial.py for tasks to queue
[2024-09-28T14:25:27.868+0000] {logging_mixin.py:190} INFO - [2024-09-28T14:25:27.868+0000] {dagbag.py:588} INFO - Filling up the DagBag from /home/airflow/.local/lib/python3.12/site-packages/airflow/example_dags/example_params_ui_tutorial.py
[2024-09-28T14:25:27.876+0000] {processor.py:925} INFO - DAG(s) 'example_params_ui_tutorial' retrieved from /home/airflow/.local/lib/python3.12/site-packages/airflow/example_dags/example_params_ui_tutorial.py
[2024-09-28T14:25:27.915+0000] {logging_mixin.py:190} INFO - [2024-09-28T14:25:27.915+0000] {dag.py:3239} INFO - Sync 1 DAGs
[2024-09-28T14:25:27.930+0000] {logging_mixin.py:190} INFO - [2024-09-28T14:25:27.929+0000] {dag.py:4180} INFO - Setting next_dagrun for example_params_ui_tutorial to None, run_after=None
[2024-09-28T14:25:27.948+0000] {processor.py:208} INFO - Processing /home/airflow/.local/lib/python3.12/site-packages/airflow/example_dags/example_params_ui_tutorial.py took 0.087 seconds
[2024-09-28T14:25:58.564+0000] {processor.py:186} INFO - Started process (PID=379) to work on /home/airflow/.local/lib/python3.12/site-packages/airflow/example_dags/example_params_ui_tutorial.py
[2024-09-28T14:25:58.565+0000] {processor.py:914} INFO - Processing file /home/airflow/.local/lib/python3.12/site-packages/airflow/example_dags/example_params_ui_tutorial.py for tasks to queue
[2024-09-28T14:25:58.567+0000] {logging_mixin.py:190} INFO - [2024-09-28T14:25:58.567+0000] {dagbag.py:588} INFO - Filling up the DagBag from /home/airflow/.local/lib/python3.12/site-packages/airflow/example_dags/example_params_ui_tutorial.py
[2024-09-28T14:25:58.575+0000] {processor.py:925} INFO - DAG(s) 'example_params_ui_tutorial' retrieved from /home/airflow/.local/lib/python3.12/site-packages/airflow/example_dags/example_params_ui_tutorial.py
[2024-09-28T14:25:58.617+0000] {logging_mixin.py:190} INFO - [2024-09-28T14:25:58.616+0000] {dag.py:3239} INFO - Sync 1 DAGs
[2024-09-28T14:25:58.630+0000] {logging_mixin.py:190} INFO - [2024-09-28T14:25:58.630+0000] {dag.py:4180} INFO - Setting next_dagrun for example_params_ui_tutorial to None, run_after=None
[2024-09-28T14:25:58.648+0000] {processor.py:208} INFO - Processing /home/airflow/.local/lib/python3.12/site-packages/airflow/example_dags/example_params_ui_tutorial.py took 0.091 seconds
[2024-09-28T14:26:29.493+0000] {processor.py:186} INFO - Started process (PID=441) to work on /home/airflow/.local/lib/python3.12/site-packages/airflow/example_dags/example_params_ui_tutorial.py
[2024-09-28T14:26:29.494+0000] {processor.py:914} INFO - Processing file /home/airflow/.local/lib/python3.12/site-packages/airflow/example_dags/example_params_ui_tutorial.py for tasks to queue
[2024-09-28T14:26:29.497+0000] {logging_mixin.py:190} INFO - [2024-09-28T14:26:29.497+0000] {dagbag.py:588} INFO - Filling up the DagBag from /home/airflow/.local/lib/python3.12/site-packages/airflow/example_dags/example_params_ui_tutorial.py
[2024-09-28T14:26:29.506+0000] {processor.py:925} INFO - DAG(s) 'example_params_ui_tutorial' retrieved from /home/airflow/.local/lib/python3.12/site-packages/airflow/example_dags/example_params_ui_tutorial.py
[2024-09-28T14:26:29.550+0000] {logging_mixin.py:190} INFO - [2024-09-28T14:26:29.549+0000] {dag.py:3239} INFO - Sync 1 DAGs
[2024-09-28T14:26:29.563+0000] {logging_mixin.py:190} INFO - [2024-09-28T14:26:29.563+0000] {dag.py:4180} INFO - Setting next_dagrun for example_params_ui_tutorial to None, run_after=None
[2024-09-28T14:26:29.583+0000] {processor.py:208} INFO - Processing /home/airflow/.local/lib/python3.12/site-packages/airflow/example_dags/example_params_ui_tutorial.py took 0.097 seconds
[2024-09-28T14:27:00.088+0000] {processor.py:186} INFO - Started process (PID=503) to work on /home/airflow/.local/lib/python3.12/site-packages/airflow/example_dags/example_params_ui_tutorial.py
[2024-09-28T14:27:00.089+0000] {processor.py:914} INFO - Processing file /home/airflow/.local/lib/python3.12/site-packages/airflow/example_dags/example_params_ui_tutorial.py for tasks to queue
[2024-09-28T14:27:00.091+0000] {logging_mixin.py:190} INFO - [2024-09-28T14:27:00.091+0000] {dagbag.py:588} INFO - Filling up the DagBag from /home/airflow/.local/lib/python3.12/site-packages/airflow/example_dags/example_params_ui_tutorial.py
[2024-09-28T14:27:00.098+0000] {processor.py:925} INFO - DAG(s) 'example_params_ui_tutorial' retrieved from /home/airflow/.local/lib/python3.12/site-packages/airflow/example_dags/example_params_ui_tutorial.py
[2024-09-28T14:27:00.135+0000] {logging_mixin.py:190} INFO - [2024-09-28T14:27:00.134+0000] {dag.py:3239} INFO - Sync 1 DAGs
[2024-09-28T14:27:00.148+0000] {logging_mixin.py:190} INFO - [2024-09-28T14:27:00.148+0000] {dag.py:4180} INFO - Setting next_dagrun for example_params_ui_tutorial to None, run_after=None
[2024-09-28T14:27:00.167+0000] {processor.py:208} INFO - Processing /home/airflow/.local/lib/python3.12/site-packages/airflow/example_dags/example_params_ui_tutorial.py took 0.083 seconds
[2024-09-28T14:27:30.532+0000] {processor.py:186} INFO - Started process (PID=566) to work on /home/airflow/.local/lib/python3.12/site-packages/airflow/example_dags/example_params_ui_tutorial.py
[2024-09-28T14:27:30.533+0000] {processor.py:914} INFO - Processing file /home/airflow/.local/lib/python3.12/site-packages/airflow/example_dags/example_params_ui_tutorial.py for tasks to queue
[2024-09-28T14:27:30.536+0000] {logging_mixin.py:190} INFO - [2024-09-28T14:27:30.536+0000] {dagbag.py:588} INFO - Filling up the DagBag from /home/airflow/.local/lib/python3.12/site-packages/airflow/example_dags/example_params_ui_tutorial.py
[2024-09-28T14:27:30.544+0000] {processor.py:925} INFO - DAG(s) 'example_params_ui_tutorial' retrieved from /home/airflow/.local/lib/python3.12/site-packages/airflow/example_dags/example_params_ui_tutorial.py
[2024-09-28T14:27:30.586+0000] {logging_mixin.py:190} INFO - [2024-09-28T14:27:30.586+0000] {dag.py:3239} INFO - Sync 1 DAGs
[2024-09-28T14:27:30.600+0000] {logging_mixin.py:190} INFO - [2024-09-28T14:27:30.600+0000] {dag.py:4180} INFO - Setting next_dagrun for example_params_ui_tutorial to None, run_after=None
[2024-09-28T14:27:30.620+0000] {processor.py:208} INFO - Processing /home/airflow/.local/lib/python3.12/site-packages/airflow/example_dags/example_params_ui_tutorial.py took 0.093 seconds
[2024-09-28T14:28:00.902+0000] {processor.py:186} INFO - Started process (PID=628) to work on /home/airflow/.local/lib/python3.12/site-packages/airflow/example_dags/example_params_ui_tutorial.py
[2024-09-28T14:28:00.903+0000] {processor.py:914} INFO - Processing file /home/airflow/.local/lib/python3.12/site-packages/airflow/example_dags/example_params_ui_tutorial.py for tasks to queue
[2024-09-28T14:28:00.905+0000] {logging_mixin.py:190} INFO - [2024-09-28T14:28:00.905+0000] {dagbag.py:588} INFO - Filling up the DagBag from /home/airflow/.local/lib/python3.12/site-packages/airflow/example_dags/example_params_ui_tutorial.py
[2024-09-28T14:28:00.912+0000] {processor.py:925} INFO - DAG(s) 'example_params_ui_tutorial' retrieved from /home/airflow/.local/lib/python3.12/site-packages/airflow/example_dags/example_params_ui_tutorial.py
[2024-09-28T14:28:00.951+0000] {logging_mixin.py:190} INFO - [2024-09-28T14:28:00.951+0000] {dag.py:3239} INFO - Sync 1 DAGs
[2024-09-28T14:28:00.965+0000] {logging_mixin.py:190} INFO - [2024-09-28T14:28:00.964+0000] {dag.py:4180} INFO - Setting next_dagrun for example_params_ui_tutorial to None, run_after=None
[2024-09-28T14:28:00.984+0000] {processor.py:208} INFO - Processing /home/airflow/.local/lib/python3.12/site-packages/airflow/example_dags/example_params_ui_tutorial.py took 0.087 seconds
[2024-09-28T14:28:31.375+0000] {processor.py:186} INFO - Started process (PID=690) to work on /home/airflow/.local/lib/python3.12/site-packages/airflow/example_dags/example_params_ui_tutorial.py
[2024-09-28T14:28:31.376+0000] {processor.py:914} INFO - Processing file /home/airflow/.local/lib/python3.12/site-packages/airflow/example_dags/example_params_ui_tutorial.py for tasks to queue
[2024-09-28T14:28:31.378+0000] {logging_mixin.py:190} INFO - [2024-09-28T14:28:31.378+0000] {dagbag.py:588} INFO - Filling up the DagBag from /home/airflow/.local/lib/python3.12/site-packages/airflow/example_dags/example_params_ui_tutorial.py
[2024-09-28T14:28:31.385+0000] {processor.py:925} INFO - DAG(s) 'example_params_ui_tutorial' retrieved from /home/airflow/.local/lib/python3.12/site-packages/airflow/example_dags/example_params_ui_tutorial.py
[2024-09-28T14:28:31.421+0000] {logging_mixin.py:190} INFO - [2024-09-28T14:28:31.421+0000] {dag.py:3239} INFO - Sync 1 DAGs
[2024-09-28T14:28:31.435+0000] {logging_mixin.py:190} INFO - [2024-09-28T14:28:31.434+0000] {dag.py:4180} INFO - Setting next_dagrun for example_params_ui_tutorial to None, run_after=None
[2024-09-28T14:28:31.453+0000] {processor.py:208} INFO - Processing /home/airflow/.local/lib/python3.12/site-packages/airflow/example_dags/example_params_ui_tutorial.py took 0.082 seconds
[2024-09-28T14:29:01.843+0000] {processor.py:186} INFO - Started process (PID=752) to work on /home/airflow/.local/lib/python3.12/site-packages/airflow/example_dags/example_params_ui_tutorial.py
[2024-09-28T14:29:01.844+0000] {processor.py:914} INFO - Processing file /home/airflow/.local/lib/python3.12/site-packages/airflow/example_dags/example_params_ui_tutorial.py for tasks to queue
[2024-09-28T14:29:01.846+0000] {logging_mixin.py:190} INFO - [2024-09-28T14:29:01.846+0000] {dagbag.py:588} INFO - Filling up the DagBag from /home/airflow/.local/lib/python3.12/site-packages/airflow/example_dags/example_params_ui_tutorial.py
[2024-09-28T14:29:01.853+0000] {processor.py:925} INFO - DAG(s) 'example_params_ui_tutorial' retrieved from /home/airflow/.local/lib/python3.12/site-packages/airflow/example_dags/example_params_ui_tutorial.py
[2024-09-28T14:29:01.887+0000] {logging_mixin.py:190} INFO - [2024-09-28T14:29:01.887+0000] {dag.py:3239} INFO - Sync 1 DAGs
[2024-09-28T14:29:01.899+0000] {logging_mixin.py:190} INFO - [2024-09-28T14:29:01.899+0000] {dag.py:4180} INFO - Setting next_dagrun for example_params_ui_tutorial to None, run_after=None
[2024-09-28T14:29:01.918+0000] {processor.py:208} INFO - Processing /home/airflow/.local/lib/python3.12/site-packages/airflow/example_dags/example_params_ui_tutorial.py took 0.079 seconds
[2024-09-28T14:29:32.250+0000] {processor.py:186} INFO - Started process (PID=814) to work on /home/airflow/.local/lib/python3.12/site-packages/airflow/example_dags/example_params_ui_tutorial.py
[2024-09-28T14:29:32.251+0000] {processor.py:914} INFO - Processing file /home/airflow/.local/lib/python3.12/site-packages/airflow/example_dags/example_params_ui_tutorial.py for tasks to queue
[2024-09-28T14:29:32.253+0000] {logging_mixin.py:190} INFO - [2024-09-28T14:29:32.253+0000] {dagbag.py:588} INFO - Filling up the DagBag from /home/airflow/.local/lib/python3.12/site-packages/airflow/example_dags/example_params_ui_tutorial.py
[2024-09-28T14:29:32.261+0000] {processor.py:925} INFO - DAG(s) 'example_params_ui_tutorial' retrieved from /home/airflow/.local/lib/python3.12/site-packages/airflow/example_dags/example_params_ui_tutorial.py
[2024-09-28T14:29:32.296+0000] {logging_mixin.py:190} INFO - [2024-09-28T14:29:32.296+0000] {dag.py:3239} INFO - Sync 1 DAGs
[2024-09-28T14:29:32.307+0000] {logging_mixin.py:190} INFO - [2024-09-28T14:29:32.307+0000] {dag.py:4180} INFO - Setting next_dagrun for example_params_ui_tutorial to None, run_after=None
[2024-09-28T14:29:32.326+0000] {processor.py:208} INFO - Processing /home/airflow/.local/lib/python3.12/site-packages/airflow/example_dags/example_params_ui_tutorial.py took 0.080 seconds
