[2024-09-28T14:23:29.358+0000] {processor.py:186} INFO - Started process (PID=99) to work on /home/airflow/.local/lib/python3.12/site-packages/airflow/example_dags/example_display_name.py
[2024-09-28T14:23:29.359+0000] {processor.py:914} INFO - Processing file /home/airflow/.local/lib/python3.12/site-packages/airflow/example_dags/example_display_name.py for tasks to queue
[2024-09-28T14:23:29.362+0000] {logging_mixin.py:190} INFO - [2024-09-28T14:23:29.361+0000] {dagbag.py:588} INFO - Filling up the DagBag from /home/airflow/.local/lib/python3.12/site-packages/airflow/example_dags/example_display_name.py
[2024-09-28T14:23:29.369+0000] {processor.py:925} INFO - DAG(s) 'example_display_name' retrieved from /home/airflow/.local/lib/python3.12/site-packages/airflow/example_dags/example_display_name.py
[2024-09-28T14:23:29.486+0000] {logging_mixin.py:190} INFO - [2024-09-28T14:23:29.485+0000] {override.py:1900} INFO - Created Permission View: can read on DAG:example_display_name
[2024-09-28T14:23:29.494+0000] {logging_mixin.py:190} INFO - [2024-09-28T14:23:29.494+0000] {override.py:1900} INFO - Created Permission View: can delete on DAG:example_display_name
[2024-09-28T14:23:29.500+0000] {logging_mixin.py:190} INFO - [2024-09-28T14:23:29.500+0000] {override.py:1900} INFO - Created Permission View: can edit on DAG:example_display_name
[2024-09-28T14:23:29.508+0000] {logging_mixin.py:190} INFO - [2024-09-28T14:23:29.507+0000] {override.py:1900} INFO - Created Permission View: can read on DAG Run:example_display_name
[2024-09-28T14:23:29.514+0000] {logging_mixin.py:190} INFO - [2024-09-28T14:23:29.513+0000] {override.py:1900} INFO - Created Permission View: can create on DAG Run:example_display_name
[2024-09-28T14:23:29.522+0000] {logging_mixin.py:190} INFO - [2024-09-28T14:23:29.521+0000] {override.py:1900} INFO - Created Permission View: can delete on DAG Run:example_display_name
[2024-09-28T14:23:29.528+0000] {logging_mixin.py:190} INFO - [2024-09-28T14:23:29.528+0000] {override.py:1900} INFO - Created Permission View: menu access on DAG Run:example_display_name
[2024-09-28T14:23:29.529+0000] {logging_mixin.py:190} INFO - [2024-09-28T14:23:29.529+0000] {dag.py:3239} INFO - Sync 1 DAGs
[2024-09-28T14:23:29.540+0000] {logging_mixin.py:190} INFO - [2024-09-28T14:23:29.540+0000] {dag.py:3262} INFO - Creating ORM DAG for example_display_name
[2024-09-28T14:23:29.541+0000] {logging_mixin.py:190} INFO - [2024-09-28T14:23:29.541+0000] {dag.py:4180} INFO - Setting next_dagrun for example_display_name to None, run_after=None
[2024-09-28T14:23:29.557+0000] {processor.py:208} INFO - Processing /home/airflow/.local/lib/python3.12/site-packages/airflow/example_dags/example_display_name.py took 0.204 seconds
[2024-09-28T14:24:00.373+0000] {processor.py:186} INFO - Started process (PID=161) to work on /home/airflow/.local/lib/python3.12/site-packages/airflow/example_dags/example_display_name.py
[2024-09-28T14:24:00.374+0000] {processor.py:914} INFO - Processing file /home/airflow/.local/lib/python3.12/site-packages/airflow/example_dags/example_display_name.py for tasks to queue
[2024-09-28T14:24:00.377+0000] {logging_mixin.py:190} INFO - [2024-09-28T14:24:00.376+0000] {dagbag.py:588} INFO - Filling up the DagBag from /home/airflow/.local/lib/python3.12/site-packages/airflow/example_dags/example_display_name.py
[2024-09-28T14:24:00.383+0000] {processor.py:925} INFO - DAG(s) 'example_display_name' retrieved from /home/airflow/.local/lib/python3.12/site-packages/airflow/example_dags/example_display_name.py
[2024-09-28T14:24:00.403+0000] {logging_mixin.py:190} INFO - [2024-09-28T14:24:00.403+0000] {dag.py:3239} INFO - Sync 1 DAGs
[2024-09-28T14:24:00.420+0000] {logging_mixin.py:190} INFO - [2024-09-28T14:24:00.419+0000] {dag.py:4180} INFO - Setting next_dagrun for example_display_name to None, run_after=None
[2024-09-28T14:24:00.438+0000] {processor.py:208} INFO - Processing /home/airflow/.local/lib/python3.12/site-packages/airflow/example_dags/example_display_name.py took 0.071 seconds
[2024-09-28T14:24:31.231+0000] {processor.py:186} INFO - Started process (PID=223) to work on /home/airflow/.local/lib/python3.12/site-packages/airflow/example_dags/example_display_name.py
[2024-09-28T14:24:31.232+0000] {processor.py:914} INFO - Processing file /home/airflow/.local/lib/python3.12/site-packages/airflow/example_dags/example_display_name.py for tasks to queue
[2024-09-28T14:24:31.234+0000] {logging_mixin.py:190} INFO - [2024-09-28T14:24:31.234+0000] {dagbag.py:588} INFO - Filling up the DagBag from /home/airflow/.local/lib/python3.12/site-packages/airflow/example_dags/example_display_name.py
[2024-09-28T14:24:31.240+0000] {processor.py:925} INFO - DAG(s) 'example_display_name' retrieved from /home/airflow/.local/lib/python3.12/site-packages/airflow/example_dags/example_display_name.py
[2024-09-28T14:24:31.271+0000] {logging_mixin.py:190} INFO - [2024-09-28T14:24:31.271+0000] {dag.py:3239} INFO - Sync 1 DAGs
[2024-09-28T14:24:31.283+0000] {logging_mixin.py:190} INFO - [2024-09-28T14:24:31.283+0000] {dag.py:4180} INFO - Setting next_dagrun for example_display_name to None, run_after=None
[2024-09-28T14:24:31.302+0000] {processor.py:208} INFO - Processing /home/airflow/.local/lib/python3.12/site-packages/airflow/example_dags/example_display_name.py took 0.075 seconds
[2024-09-28T14:25:01.993+0000] {processor.py:186} INFO - Started process (PID=285) to work on /home/airflow/.local/lib/python3.12/site-packages/airflow/example_dags/example_display_name.py
[2024-09-28T14:25:01.994+0000] {processor.py:914} INFO - Processing file /home/airflow/.local/lib/python3.12/site-packages/airflow/example_dags/example_display_name.py for tasks to queue
[2024-09-28T14:25:01.997+0000] {logging_mixin.py:190} INFO - [2024-09-28T14:25:01.996+0000] {dagbag.py:588} INFO - Filling up the DagBag from /home/airflow/.local/lib/python3.12/site-packages/airflow/example_dags/example_display_name.py
[2024-09-28T14:25:02.009+0000] {processor.py:925} INFO - DAG(s) 'example_display_name' retrieved from /home/airflow/.local/lib/python3.12/site-packages/airflow/example_dags/example_display_name.py
[2024-09-28T14:25:02.032+0000] {logging_mixin.py:190} INFO - [2024-09-28T14:25:02.032+0000] {dag.py:3239} INFO - Sync 1 DAGs
[2024-09-28T14:25:02.063+0000] {logging_mixin.py:190} INFO - [2024-09-28T14:25:02.062+0000] {dag.py:4180} INFO - Setting next_dagrun for example_display_name to None, run_after=None
[2024-09-28T14:25:02.082+0000] {processor.py:208} INFO - Processing /home/airflow/.local/lib/python3.12/site-packages/airflow/example_dags/example_display_name.py took 0.096 seconds
[2024-09-28T14:25:32.665+0000] {processor.py:186} INFO - Started process (PID=347) to work on /home/airflow/.local/lib/python3.12/site-packages/airflow/example_dags/example_display_name.py
[2024-09-28T14:25:32.666+0000] {processor.py:914} INFO - Processing file /home/airflow/.local/lib/python3.12/site-packages/airflow/example_dags/example_display_name.py for tasks to queue
[2024-09-28T14:25:32.668+0000] {logging_mixin.py:190} INFO - [2024-09-28T14:25:32.668+0000] {dagbag.py:588} INFO - Filling up the DagBag from /home/airflow/.local/lib/python3.12/site-packages/airflow/example_dags/example_display_name.py
[2024-09-28T14:25:32.674+0000] {processor.py:925} INFO - DAG(s) 'example_display_name' retrieved from /home/airflow/.local/lib/python3.12/site-packages/airflow/example_dags/example_display_name.py
[2024-09-28T14:25:32.694+0000] {logging_mixin.py:190} INFO - [2024-09-28T14:25:32.694+0000] {dag.py:3239} INFO - Sync 1 DAGs
[2024-09-28T14:25:32.706+0000] {logging_mixin.py:190} INFO - [2024-09-28T14:25:32.706+0000] {dag.py:4180} INFO - Setting next_dagrun for example_display_name to None, run_after=None
[2024-09-28T14:25:32.726+0000] {processor.py:208} INFO - Processing /home/airflow/.local/lib/python3.12/site-packages/airflow/example_dags/example_display_name.py took 0.066 seconds
[2024-09-28T14:26:03.421+0000] {processor.py:186} INFO - Started process (PID=409) to work on /home/airflow/.local/lib/python3.12/site-packages/airflow/example_dags/example_display_name.py
[2024-09-28T14:26:03.423+0000] {processor.py:914} INFO - Processing file /home/airflow/.local/lib/python3.12/site-packages/airflow/example_dags/example_display_name.py for tasks to queue
[2024-09-28T14:26:03.425+0000] {logging_mixin.py:190} INFO - [2024-09-28T14:26:03.425+0000] {dagbag.py:588} INFO - Filling up the DagBag from /home/airflow/.local/lib/python3.12/site-packages/airflow/example_dags/example_display_name.py
[2024-09-28T14:26:03.433+0000] {processor.py:925} INFO - DAG(s) 'example_display_name' retrieved from /home/airflow/.local/lib/python3.12/site-packages/airflow/example_dags/example_display_name.py
[2024-09-28T14:26:03.454+0000] {logging_mixin.py:190} INFO - [2024-09-28T14:26:03.454+0000] {dag.py:3239} INFO - Sync 1 DAGs
[2024-09-28T14:26:03.470+0000] {logging_mixin.py:190} INFO - [2024-09-28T14:26:03.469+0000] {dag.py:4180} INFO - Setting next_dagrun for example_display_name to None, run_after=None
[2024-09-28T14:26:03.490+0000] {processor.py:208} INFO - Processing /home/airflow/.local/lib/python3.12/site-packages/airflow/example_dags/example_display_name.py took 0.074 seconds
[2024-09-28T14:26:34.334+0000] {processor.py:186} INFO - Started process (PID=471) to work on /home/airflow/.local/lib/python3.12/site-packages/airflow/example_dags/example_display_name.py
[2024-09-28T14:26:34.335+0000] {processor.py:914} INFO - Processing file /home/airflow/.local/lib/python3.12/site-packages/airflow/example_dags/example_display_name.py for tasks to queue
[2024-09-28T14:26:34.337+0000] {logging_mixin.py:190} INFO - [2024-09-28T14:26:34.337+0000] {dagbag.py:588} INFO - Filling up the DagBag from /home/airflow/.local/lib/python3.12/site-packages/airflow/example_dags/example_display_name.py
[2024-09-28T14:26:34.344+0000] {processor.py:925} INFO - DAG(s) 'example_display_name' retrieved from /home/airflow/.local/lib/python3.12/site-packages/airflow/example_dags/example_display_name.py
[2024-09-28T14:26:34.364+0000] {logging_mixin.py:190} INFO - [2024-09-28T14:26:34.363+0000] {dag.py:3239} INFO - Sync 1 DAGs
[2024-09-28T14:26:34.379+0000] {logging_mixin.py:190} INFO - [2024-09-28T14:26:34.379+0000] {dag.py:4180} INFO - Setting next_dagrun for example_display_name to None, run_after=None
[2024-09-28T14:26:34.399+0000] {processor.py:208} INFO - Processing /home/airflow/.local/lib/python3.12/site-packages/airflow/example_dags/example_display_name.py took 0.071 seconds
[2024-09-28T14:27:04.751+0000] {processor.py:186} INFO - Started process (PID=533) to work on /home/airflow/.local/lib/python3.12/site-packages/airflow/example_dags/example_display_name.py
[2024-09-28T14:27:04.752+0000] {processor.py:914} INFO - Processing file /home/airflow/.local/lib/python3.12/site-packages/airflow/example_dags/example_display_name.py for tasks to queue
[2024-09-28T14:27:04.754+0000] {logging_mixin.py:190} INFO - [2024-09-28T14:27:04.754+0000] {dagbag.py:588} INFO - Filling up the DagBag from /home/airflow/.local/lib/python3.12/site-packages/airflow/example_dags/example_display_name.py
[2024-09-28T14:27:04.760+0000] {processor.py:925} INFO - DAG(s) 'example_display_name' retrieved from /home/airflow/.local/lib/python3.12/site-packages/airflow/example_dags/example_display_name.py
[2024-09-28T14:27:04.778+0000] {logging_mixin.py:190} INFO - [2024-09-28T14:27:04.778+0000] {dag.py:3239} INFO - Sync 1 DAGs
[2024-09-28T14:27:04.790+0000] {logging_mixin.py:190} INFO - [2024-09-28T14:27:04.790+0000] {dag.py:4180} INFO - Setting next_dagrun for example_display_name to None, run_after=None
[2024-09-28T14:27:04.808+0000] {processor.py:208} INFO - Processing /home/airflow/.local/lib/python3.12/site-packages/airflow/example_dags/example_display_name.py took 0.062 seconds
[2024-09-28T14:27:35.221+0000] {processor.py:186} INFO - Started process (PID=596) to work on /home/airflow/.local/lib/python3.12/site-packages/airflow/example_dags/example_display_name.py
[2024-09-28T14:27:35.222+0000] {processor.py:914} INFO - Processing file /home/airflow/.local/lib/python3.12/site-packages/airflow/example_dags/example_display_name.py for tasks to queue
[2024-09-28T14:27:35.224+0000] {logging_mixin.py:190} INFO - [2024-09-28T14:27:35.224+0000] {dagbag.py:588} INFO - Filling up the DagBag from /home/airflow/.local/lib/python3.12/site-packages/airflow/example_dags/example_display_name.py
[2024-09-28T14:27:35.230+0000] {processor.py:925} INFO - DAG(s) 'example_display_name' retrieved from /home/airflow/.local/lib/python3.12/site-packages/airflow/example_dags/example_display_name.py
[2024-09-28T14:27:35.247+0000] {logging_mixin.py:190} INFO - [2024-09-28T14:27:35.247+0000] {dag.py:3239} INFO - Sync 1 DAGs
[2024-09-28T14:27:35.259+0000] {logging_mixin.py:190} INFO - [2024-09-28T14:27:35.259+0000] {dag.py:4180} INFO - Setting next_dagrun for example_display_name to None, run_after=None
[2024-09-28T14:27:35.275+0000] {processor.py:208} INFO - Processing /home/airflow/.local/lib/python3.12/site-packages/airflow/example_dags/example_display_name.py took 0.059 seconds
[2024-09-28T14:28:05.597+0000] {processor.py:186} INFO - Started process (PID=658) to work on /home/airflow/.local/lib/python3.12/site-packages/airflow/example_dags/example_display_name.py
[2024-09-28T14:28:05.598+0000] {processor.py:914} INFO - Processing file /home/airflow/.local/lib/python3.12/site-packages/airflow/example_dags/example_display_name.py for tasks to queue
[2024-09-28T14:28:05.600+0000] {logging_mixin.py:190} INFO - [2024-09-28T14:28:05.600+0000] {dagbag.py:588} INFO - Filling up the DagBag from /home/airflow/.local/lib/python3.12/site-packages/airflow/example_dags/example_display_name.py
[2024-09-28T14:28:05.606+0000] {processor.py:925} INFO - DAG(s) 'example_display_name' retrieved from /home/airflow/.local/lib/python3.12/site-packages/airflow/example_dags/example_display_name.py
[2024-09-28T14:28:05.623+0000] {logging_mixin.py:190} INFO - [2024-09-28T14:28:05.623+0000] {dag.py:3239} INFO - Sync 1 DAGs
[2024-09-28T14:28:05.636+0000] {logging_mixin.py:190} INFO - [2024-09-28T14:28:05.636+0000] {dag.py:4180} INFO - Setting next_dagrun for example_display_name to None, run_after=None
[2024-09-28T14:28:05.654+0000] {processor.py:208} INFO - Processing /home/airflow/.local/lib/python3.12/site-packages/airflow/example_dags/example_display_name.py took 0.062 seconds
[2024-09-28T14:28:36.034+0000] {processor.py:186} INFO - Started process (PID=720) to work on /home/airflow/.local/lib/python3.12/site-packages/airflow/example_dags/example_display_name.py
[2024-09-28T14:28:36.034+0000] {processor.py:914} INFO - Processing file /home/airflow/.local/lib/python3.12/site-packages/airflow/example_dags/example_display_name.py for tasks to queue
[2024-09-28T14:28:36.036+0000] {logging_mixin.py:190} INFO - [2024-09-28T14:28:36.036+0000] {dagbag.py:588} INFO - Filling up the DagBag from /home/airflow/.local/lib/python3.12/site-packages/airflow/example_dags/example_display_name.py
[2024-09-28T14:28:36.043+0000] {processor.py:925} INFO - DAG(s) 'example_display_name' retrieved from /home/airflow/.local/lib/python3.12/site-packages/airflow/example_dags/example_display_name.py
[2024-09-28T14:28:36.060+0000] {logging_mixin.py:190} INFO - [2024-09-28T14:28:36.059+0000] {dag.py:3239} INFO - Sync 1 DAGs
[2024-09-28T14:28:36.071+0000] {logging_mixin.py:190} INFO - [2024-09-28T14:28:36.071+0000] {dag.py:4180} INFO - Setting next_dagrun for example_display_name to None, run_after=None
[2024-09-28T14:28:36.087+0000] {processor.py:208} INFO - Processing /home/airflow/.local/lib/python3.12/site-packages/airflow/example_dags/example_display_name.py took 0.059 seconds
[2024-09-28T14:29:06.447+0000] {processor.py:186} INFO - Started process (PID=782) to work on /home/airflow/.local/lib/python3.12/site-packages/airflow/example_dags/example_display_name.py
[2024-09-28T14:29:06.448+0000] {processor.py:914} INFO - Processing file /home/airflow/.local/lib/python3.12/site-packages/airflow/example_dags/example_display_name.py for tasks to queue
[2024-09-28T14:29:06.450+0000] {logging_mixin.py:190} INFO - [2024-09-28T14:29:06.450+0000] {dagbag.py:588} INFO - Filling up the DagBag from /home/airflow/.local/lib/python3.12/site-packages/airflow/example_dags/example_display_name.py
[2024-09-28T14:29:06.456+0000] {processor.py:925} INFO - DAG(s) 'example_display_name' retrieved from /home/airflow/.local/lib/python3.12/site-packages/airflow/example_dags/example_display_name.py
[2024-09-28T14:29:06.472+0000] {logging_mixin.py:190} INFO - [2024-09-28T14:29:06.472+0000] {dag.py:3239} INFO - Sync 1 DAGs
[2024-09-28T14:29:06.484+0000] {logging_mixin.py:190} INFO - [2024-09-28T14:29:06.484+0000] {dag.py:4180} INFO - Setting next_dagrun for example_display_name to None, run_after=None
[2024-09-28T14:29:06.501+0000] {processor.py:208} INFO - Processing /home/airflow/.local/lib/python3.12/site-packages/airflow/example_dags/example_display_name.py took 0.058 seconds
