[2024-10-20T15:20:58.778+0000] {local_task_job_runner.py:123} INFO - ::group::Pre task execution logs
[2024-10-20T15:20:58.796+0000] {taskinstance.py:2612} INFO - Dependencies all met for dep_context=non-requeueable deps ti=<TaskInstance: python_operator_v1.python scheduled__2024-10-20T15:16:00+00:00 [queued]>
[2024-10-20T15:20:58.805+0000] {taskinstance.py:2612} INFO - Dependencies all met for dep_context=requeueable deps ti=<TaskInstance: python_operator_v1.python scheduled__2024-10-20T15:16:00+00:00 [queued]>
[2024-10-20T15:20:58.806+0000] {taskinstance.py:2865} INFO - Starting attempt 1 of 1
[2024-10-20T15:20:58.820+0000] {taskinstance.py:2888} INFO - Executing <Task(PythonOperator): python> on 2024-10-20 15:16:00+00:00
[2024-10-20T15:20:58.827+0000] {warnings.py:112} WARNING - /home/***/.local/lib/python3.12/site-packages/***/task/task_runner/standard_task_runner.py:70: DeprecationWarning: This process (pid=673) is multi-threaded, use of fork() may lead to deadlocks in the child.
  pid = os.fork()

[2024-10-20T15:20:58.829+0000] {standard_task_runner.py:72} INFO - Started process 681 to run task
[2024-10-20T15:20:58.829+0000] {standard_task_runner.py:104} INFO - Running: ['***', 'tasks', 'run', 'python_operator_v1', 'python', 'scheduled__2024-10-20T15:16:00+00:00', '--job-id', '17', '--raw', '--subdir', 'DAGS_FOLDER/python_operator_v1.py', '--cfg-path', '/tmp/tmpxjcklb59']
[2024-10-20T15:20:58.830+0000] {standard_task_runner.py:105} INFO - Job 17: Subtask python
[2024-10-20T15:20:58.892+0000] {task_command.py:467} INFO - Running <TaskInstance: python_operator_v1.python scheduled__2024-10-20T15:16:00+00:00 [running]> on host 1da8eee663cb
[2024-10-20T15:20:58.986+0000] {taskinstance.py:3131} INFO - Exporting env vars: AIRFLOW_CTX_DAG_OWNER='***' AIRFLOW_CTX_DAG_ID='python_operator_v1' AIRFLOW_CTX_TASK_ID='python' AIRFLOW_CTX_EXECUTION_DATE='2024-10-20T15:16:00+00:00' AIRFLOW_CTX_TRY_NUMBER='1' AIRFLOW_CTX_DAG_RUN_ID='scheduled__2024-10-20T15:16:00+00:00'
[2024-10-20T15:20:58.988+0000] {logging_mixin.py:190} INFO - Task instance is in running state
[2024-10-20T15:20:58.988+0000] {logging_mixin.py:190} INFO -  Previous state of the Task instance: queued
[2024-10-20T15:20:58.989+0000] {logging_mixin.py:190} INFO - Current task name:python state:running start_date:2024-10-20 15:20:58.796983+00:00
[2024-10-20T15:20:58.989+0000] {logging_mixin.py:190} INFO - Dag name:python_operator_v1 and current dag run status:running
[2024-10-20T15:20:58.989+0000] {taskinstance.py:731} INFO - ::endgroup::
[2024-10-20T15:20:58.990+0000] {logging_mixin.py:190} INFO - Gabriel
[2024-10-20T15:20:59.001+0000] {logging_mixin.py:190} INFO - {'conf': <***.configuration.AirflowConfigParser object at 0x7f382ceecda0>,
 'conn': None,
 'dag': <DAG: python_operator_v1>,
 'dag_run': <DagRun python_operator_v1 @ 2024-10-20 15:16:00+00:00: scheduled__2024-10-20T15:16:00+00:00, state:running, queued_at: 2024-10-20 15:20:56.709522+00:00. externally triggered: False>,
 'data_interval_end': DateTime(2024, 10, 20, 15, 17, 0, tzinfo=Timezone('UTC')),
 'data_interval_start': DateTime(2024, 10, 20, 15, 16, 0, tzinfo=Timezone('UTC')),
 'ds': '2024-10-20',
 'ds_nodash': '20241020',
 'execution_date': <Proxy at 0x7f3806f718c0 with factory functools.partial(<function lazy_mapping_from_context.<locals>._deprecated_proxy_factory at 0x7f3806d35d00>, 'execution_date', DateTime(2024, 10, 20, 15, 16, 0, tzinfo=Timezone('UTC')))>,
 'expanded_ti_count': None,
 'inlet_events': InletEventsAccessors(_inlets=[], _datasets={}, _dataset_aliases={}, _session=<sqlalchemy.orm.session.Session object at 0x7f3806eed250>),
 'inlets': [],
 'logical_date': DateTime(2024, 10, 20, 15, 16, 0, tzinfo=Timezone('UTC')),
 'macros': <module '***.macros' from '/home/***/.local/lib/python3.12/site-packages/***/macros/__init__.py'>,
 'map_index_template': None,
 'next_ds': <Proxy at 0x7f3806e9b5c0 with factory functools.partial(<function lazy_mapping_from_context.<locals>._deprecated_proxy_factory at 0x7f3806d35d00>, 'next_ds', '2024-10-20')>,
 'next_ds_nodash': <Proxy at 0x7f3806d11900 with factory functools.partial(<function lazy_mapping_from_context.<locals>._deprecated_proxy_factory at 0x7f3806d35d00>, 'next_ds_nodash', '20241020')>,
 'next_execution_date': <Proxy at 0x7f3806f8e8c0 with factory functools.partial(<function lazy_mapping_from_context.<locals>._deprecated_proxy_factory at 0x7f3806d35d00>, 'next_execution_date', DateTime(2024, 10, 20, 15, 17, 0, tzinfo=Timezone('UTC')))>,
 'outlet_events': <***.utils.context.OutletEventAccessors object at 0x7f3806eefb00>,
 'outlets': [],
 'params': {},
 'prev_data_interval_end_success': None,
 'prev_data_interval_start_success': None,
 'prev_ds': <Proxy at 0x7f3806d8e540 with factory functools.partial(<function lazy_mapping_from_context.<locals>._deprecated_proxy_factory at 0x7f3806d35d00>, 'prev_ds', '2024-10-20')>,
 'prev_ds_nodash': <Proxy at 0x7f3806d398c0 with factory functools.partial(<function lazy_mapping_from_context.<locals>._deprecated_proxy_factory at 0x7f3806d35d00>, 'prev_ds_nodash', '20241020')>,
 'prev_end_date_success': None,
 'prev_execution_date': <Proxy at 0x7f3806d4e140 with factory functools.partial(<function lazy_mapping_from_context.<locals>._deprecated_proxy_factory at 0x7f3806d35d00>, 'prev_execution_date', DateTime(2024, 10, 20, 15, 15, 0, tzinfo=Timezone('UTC')))>,
 'prev_execution_date_success': <Proxy at 0x7f3806d4e1c0 with factory functools.partial(<function lazy_mapping_from_context.<locals>._deprecated_proxy_factory at 0x7f3806d35d00>, 'prev_execution_date_success', None)>,
 'prev_start_date_success': None,
 'run_id': 'scheduled__2024-10-20T15:16:00+00:00',
 'task': <Task(PythonOperator): python>,
 'task_instance': <TaskInstance: python_operator_v1.python scheduled__2024-10-20T15:16:00+00:00 [running]>,
 'task_instance_key_str': 'python_operator_v1__python__20241020',
 'templates_dict': None,
 'test_mode': False,
 'ti': <TaskInstance: python_operator_v1.python scheduled__2024-10-20T15:16:00+00:00 [running]>,
 'tomorrow_ds': <Proxy at 0x7f3806d98880 with factory functools.partial(<function lazy_mapping_from_context.<locals>._deprecated_proxy_factory at 0x7f3806d35d00>, 'tomorrow_ds', '2024-10-21')>,
 'tomorrow_ds_nodash': <Proxy at 0x7f3806d98700 with factory functools.partial(<function lazy_mapping_from_context.<locals>._deprecated_proxy_factory at 0x7f3806d35d00>, 'tomorrow_ds_nodash', '20241021')>,
 'triggering_dataset_events': <Proxy at 0x7f3806d4c580 with factory <function _get_template_context.<locals>.get_triggering_events at 0x7f3806d34cc0>>,
 'ts': '2024-10-20T15:16:00+00:00',
 'ts_nodash': '20241020T151600',
 'ts_nodash_with_tz': '20241020T151600+0000',
 'var': {'json': None, 'value': None},
 'yesterday_ds': <Proxy at 0x7f3806d986c0 with factory functools.partial(<function lazy_mapping_from_context.<locals>._deprecated_proxy_factory at 0x7f3806d35d00>, 'yesterday_ds', '2024-10-19')>,
 'yesterday_ds_nodash': <Proxy at 0x7f3806d98680 with factory functools.partial(<function lazy_mapping_from_context.<locals>._deprecated_proxy_factory at 0x7f3806d35d00>, 'yesterday_ds_nodash', '20241019')>}
[2024-10-20T15:20:59.002+0000] {python.py:240} INFO - Done. Returned value was: 123
[2024-10-20T15:20:59.021+0000] {taskinstance.py:340} INFO - ::group::Post task execution logs
[2024-10-20T15:20:59.022+0000] {taskinstance.py:352} INFO - Marking task as SUCCESS. dag_id=python_operator_v1, task_id=python, run_id=scheduled__2024-10-20T15:16:00+00:00, execution_date=20241020T151600, start_date=20241020T152058, end_date=20241020T152059
[2024-10-20T15:20:59.033+0000] {logging_mixin.py:190} INFO - Task instance in success state
[2024-10-20T15:20:59.034+0000] {logging_mixin.py:190} INFO -  Previous state of the Task instance: running
[2024-10-20T15:20:59.034+0000] {logging_mixin.py:190} INFO - Dag name:python_operator_v1 queued_at:2024-10-20 15:20:56.709522+00:00
[2024-10-20T15:20:59.035+0000] {logging_mixin.py:190} INFO - Task hostname:1da8eee663cb operator:PythonOperator
[2024-10-20T15:20:59.086+0000] {local_task_job_runner.py:266} INFO - Task exited with return code 0
[2024-10-20T15:20:59.105+0000] {taskinstance.py:3900} INFO - 0 downstream tasks scheduled from follow-on schedule check
[2024-10-20T15:20:59.107+0000] {local_task_job_runner.py:245} INFO - ::endgroup::
