[2024-10-20T15:33:07.476+0000] {local_task_job_runner.py:123} INFO - ::group::Pre task execution logs
[2024-10-20T15:33:07.499+0000] {taskinstance.py:2612} INFO - Dependencies all met for dep_context=non-requeueable deps ti=<TaskInstance: python_operator_v2.python scheduled__2024-10-20T15:32:00+00:00 [queued]>
[2024-10-20T15:33:07.510+0000] {taskinstance.py:2612} INFO - Dependencies all met for dep_context=requeueable deps ti=<TaskInstance: python_operator_v2.python scheduled__2024-10-20T15:32:00+00:00 [queued]>
[2024-10-20T15:33:07.511+0000] {taskinstance.py:2865} INFO - Starting attempt 1 of 1
[2024-10-20T15:33:07.529+0000] {taskinstance.py:2888} INFO - Executing <Task(_PythonDecoratedOperator): python> on 2024-10-20 15:32:00+00:00
[2024-10-20T15:33:07.537+0000] {warnings.py:112} WARNING - /home/***/.local/lib/python3.12/site-packages/***/task/task_runner/standard_task_runner.py:70: DeprecationWarning: This process (pid=864) is multi-threaded, use of fork() may lead to deadlocks in the child.
  pid = os.fork()

[2024-10-20T15:33:07.540+0000] {standard_task_runner.py:72} INFO - Started process 870 to run task
[2024-10-20T15:33:07.539+0000] {standard_task_runner.py:104} INFO - Running: ['***', 'tasks', 'run', 'python_operator_v2', 'python', 'scheduled__2024-10-20T15:32:00+00:00', '--job-id', '26', '--raw', '--subdir', 'DAGS_FOLDER/python_operator_v2.py', '--cfg-path', '/tmp/tmpml4zwbu5']
[2024-10-20T15:33:07.541+0000] {standard_task_runner.py:105} INFO - Job 26: Subtask python
[2024-10-20T15:33:07.608+0000] {task_command.py:467} INFO - Running <TaskInstance: python_operator_v2.python scheduled__2024-10-20T15:32:00+00:00 [running]> on host 1da8eee663cb
[2024-10-20T15:33:07.694+0000] {taskinstance.py:3131} INFO - Exporting env vars: AIRFLOW_CTX_DAG_OWNER='***' AIRFLOW_CTX_DAG_ID='python_operator_v2' AIRFLOW_CTX_TASK_ID='python' AIRFLOW_CTX_EXECUTION_DATE='2024-10-20T15:32:00+00:00' AIRFLOW_CTX_TRY_NUMBER='1' AIRFLOW_CTX_DAG_RUN_ID='scheduled__2024-10-20T15:32:00+00:00'
[2024-10-20T15:33:07.696+0000] {logging_mixin.py:190} INFO - Task instance is in running state
[2024-10-20T15:33:07.696+0000] {logging_mixin.py:190} INFO -  Previous state of the Task instance: queued
[2024-10-20T15:33:07.697+0000] {logging_mixin.py:190} INFO - Current task name:python state:running start_date:2024-10-20 15:33:07.501418+00:00
[2024-10-20T15:33:07.697+0000] {logging_mixin.py:190} INFO - Dag name:python_operator_v2 and current dag run status:running
[2024-10-20T15:33:07.697+0000] {taskinstance.py:731} INFO - ::endgroup::
[2024-10-20T15:33:07.706+0000] {logging_mixin.py:190} INFO - {'conf': <***.configuration.AirflowConfigParser object at 0x7f382ceecda0>,
 'conn': None,
 'dag': <DAG: python_operator_v2>,
 'dag_run': <DagRun python_operator_v2 @ 2024-10-20 15:32:00+00:00: scheduled__2024-10-20T15:32:00+00:00, state:running, queued_at: 2024-10-20 15:33:05.551385+00:00. externally triggered: False>,
 'data_interval_end': DateTime(2024, 10, 20, 15, 33, 0, tzinfo=Timezone('UTC')),
 'data_interval_start': DateTime(2024, 10, 20, 15, 32, 0, tzinfo=Timezone('UTC')),
 'ds_nodash': '20241020',
 'execution_date': <Proxy at 0x7f3806d5ec80 with factory functools.partial(<function lazy_mapping_from_context.<locals>._deprecated_proxy_factory at 0x7f3806d37c40>, 'execution_date', DateTime(2024, 10, 20, 15, 32, 0, tzinfo=Timezone('UTC')))>,
 'expanded_ti_count': None,
 'inlet_events': InletEventsAccessors(_inlets=[], _datasets={}, _dataset_aliases={}, _session=<sqlalchemy.orm.session.Session object at 0x7f382cf30800>),
 'inlets': [],
 'logical_date': DateTime(2024, 10, 20, 15, 32, 0, tzinfo=Timezone('UTC')),
 'macros': <module '***.macros' from '/home/***/.local/lib/python3.12/site-packages/***/macros/__init__.py'>,
 'map_index_template': None,
 'next_ds': <Proxy at 0x7f3806d795c0 with factory functools.partial(<function lazy_mapping_from_context.<locals>._deprecated_proxy_factory at 0x7f3806d37c40>, 'next_ds', '2024-10-20')>,
 'next_ds_nodash': <Proxy at 0x7f3806e5f200 with factory functools.partial(<function lazy_mapping_from_context.<locals>._deprecated_proxy_factory at 0x7f3806d37c40>, 'next_ds_nodash', '20241020')>,
 'next_execution_date': <Proxy at 0x7f38076a9300 with factory functools.partial(<function lazy_mapping_from_context.<locals>._deprecated_proxy_factory at 0x7f3806d37c40>, 'next_execution_date', DateTime(2024, 10, 20, 15, 33, 0, tzinfo=Timezone('UTC')))>,
 'outlet_events': <***.utils.context.OutletEventAccessors object at 0x7f3806d07980>,
 'outlets': [],
 'params': {},
 'prev_data_interval_end_success': None,
 'prev_data_interval_start_success': None,
 'prev_ds': <Proxy at 0x7f3806d94680 with factory functools.partial(<function lazy_mapping_from_context.<locals>._deprecated_proxy_factory at 0x7f3806d37c40>, 'prev_ds', '2024-10-20')>,
 'prev_ds_nodash': <Proxy at 0x7f3806d94540 with factory functools.partial(<function lazy_mapping_from_context.<locals>._deprecated_proxy_factory at 0x7f3806d37c40>, 'prev_ds_nodash', '20241020')>,
 'prev_end_date_success': None,
 'prev_execution_date': <Proxy at 0x7f3806d94500 with factory functools.partial(<function lazy_mapping_from_context.<locals>._deprecated_proxy_factory at 0x7f3806d37c40>, 'prev_execution_date', DateTime(2024, 10, 20, 15, 31, 0, tzinfo=Timezone('UTC')))>,
 'prev_execution_date_success': <Proxy at 0x7f3806d944c0 with factory functools.partial(<function lazy_mapping_from_context.<locals>._deprecated_proxy_factory at 0x7f3806d37c40>, 'prev_execution_date_success', None)>,
 'prev_start_date_success': None,
 'run_id': 'scheduled__2024-10-20T15:32:00+00:00',
 'task': <Task(_PythonDecoratedOperator): python>,
 'task_instance': <TaskInstance: python_operator_v2.python scheduled__2024-10-20T15:32:00+00:00 [running]>,
 'task_instance_key_str': 'python_operator_v2__python__20241020',
 'templates_dict': None,
 'test_mode': False,
 'ti': <TaskInstance: python_operator_v2.python scheduled__2024-10-20T15:32:00+00:00 [running]>,
 'tomorrow_ds': <Proxy at 0x7f3806d94480 with factory functools.partial(<function lazy_mapping_from_context.<locals>._deprecated_proxy_factory at 0x7f3806d37c40>, 'tomorrow_ds', '2024-10-21')>,
 'tomorrow_ds_nodash': <Proxy at 0x7f3806d94440 with factory functools.partial(<function lazy_mapping_from_context.<locals>._deprecated_proxy_factory at 0x7f3806d37c40>, 'tomorrow_ds_nodash', '20241021')>,
 'triggering_dataset_events': <Proxy at 0x7f3806d33740 with factory <function _get_template_context.<locals>.get_triggering_events at 0x7f3806d34900>>,
 'ts': '2024-10-20T15:32:00+00:00',
 'ts_nodash': '20241020T153200',
 'ts_nodash_with_tz': '20241020T153200+0000',
 'var': {'json': None, 'value': None},
 'yesterday_ds': <Proxy at 0x7f3806d94400 with factory functools.partial(<function lazy_mapping_from_context.<locals>._deprecated_proxy_factory at 0x7f3806d37c40>, 'yesterday_ds', '2024-10-19')>,
 'yesterday_ds_nodash': <Proxy at 0x7f3806d943c0 with factory functools.partial(<function lazy_mapping_from_context.<locals>._deprecated_proxy_factory at 0x7f3806d37c40>, 'yesterday_ds_nodash', '20241019')>}
[2024-10-20T15:33:07.707+0000] {logging_mixin.py:190} INFO - 2024-10-20
[2024-10-20T15:33:07.707+0000] {python.py:240} INFO - Done. Returned value was: retorno
[2024-10-20T15:33:07.723+0000] {taskinstance.py:340} INFO - ::group::Post task execution logs
[2024-10-20T15:33:07.723+0000] {taskinstance.py:352} INFO - Marking task as SUCCESS. dag_id=python_operator_v2, task_id=python, run_id=scheduled__2024-10-20T15:32:00+00:00, execution_date=20241020T153200, start_date=20241020T153307, end_date=20241020T153307
[2024-10-20T15:33:07.731+0000] {logging_mixin.py:190} INFO - Task instance in success state
[2024-10-20T15:33:07.732+0000] {logging_mixin.py:190} INFO -  Previous state of the Task instance: running
[2024-10-20T15:33:07.733+0000] {logging_mixin.py:190} INFO - Dag name:python_operator_v2 queued_at:2024-10-20 15:33:05.551385+00:00
[2024-10-20T15:33:07.734+0000] {logging_mixin.py:190} INFO - Task hostname:1da8eee663cb operator:_PythonDecoratedOperator
[2024-10-20T15:33:07.755+0000] {local_task_job_runner.py:266} INFO - Task exited with return code 0
[2024-10-20T15:33:07.773+0000] {taskinstance.py:3900} INFO - 0 downstream tasks scheduled from follow-on schedule check
[2024-10-20T15:33:07.775+0000] {local_task_job_runner.py:245} INFO - ::endgroup::
