[2024-10-20T14:03:40.918+0000] {processor.py:186} INFO - Started process (PID=113) to work on /home/airflow/.local/lib/python3.12/site-packages/airflow/example_dags/example_display_name.py
[2024-10-20T14:03:40.919+0000] {processor.py:914} INFO - Processing file /home/airflow/.local/lib/python3.12/site-packages/airflow/example_dags/example_display_name.py for tasks to queue
[2024-10-20T14:03:40.921+0000] {logging_mixin.py:190} INFO - [2024-10-20T14:03:40.921+0000] {dagbag.py:588} INFO - Filling up the DagBag from /home/airflow/.local/lib/python3.12/site-packages/airflow/example_dags/example_display_name.py
[2024-10-20T14:03:40.930+0000] {processor.py:925} INFO - DAG(s) 'example_display_name' retrieved from /home/airflow/.local/lib/python3.12/site-packages/airflow/example_dags/example_display_name.py
[2024-10-20T14:03:40.951+0000] {logging_mixin.py:190} INFO - [2024-10-20T14:03:40.951+0000] {dag.py:3239} INFO - Sync 1 DAGs
[2024-10-20T14:03:40.965+0000] {logging_mixin.py:190} INFO - [2024-10-20T14:03:40.965+0000] {dag.py:4180} INFO - Setting next_dagrun for example_display_name to None, run_after=None
[2024-10-20T14:03:40.986+0000] {processor.py:208} INFO - Processing /home/airflow/.local/lib/python3.12/site-packages/airflow/example_dags/example_display_name.py took 0.073 seconds
[2024-10-20T14:04:11.076+0000] {processor.py:186} INFO - Started process (PID=176) to work on /home/airflow/.local/lib/python3.12/site-packages/airflow/example_dags/example_display_name.py
[2024-10-20T14:04:11.077+0000] {processor.py:914} INFO - Processing file /home/airflow/.local/lib/python3.12/site-packages/airflow/example_dags/example_display_name.py for tasks to queue
[2024-10-20T14:04:11.080+0000] {logging_mixin.py:190} INFO - [2024-10-20T14:04:11.080+0000] {dagbag.py:588} INFO - Filling up the DagBag from /home/airflow/.local/lib/python3.12/site-packages/airflow/example_dags/example_display_name.py
[2024-10-20T14:04:11.086+0000] {processor.py:925} INFO - DAG(s) 'example_display_name' retrieved from /home/airflow/.local/lib/python3.12/site-packages/airflow/example_dags/example_display_name.py
[2024-10-20T14:04:11.108+0000] {logging_mixin.py:190} INFO - [2024-10-20T14:04:11.108+0000] {dag.py:3239} INFO - Sync 1 DAGs
[2024-10-20T14:04:11.121+0000] {logging_mixin.py:190} INFO - [2024-10-20T14:04:11.121+0000] {dag.py:4180} INFO - Setting next_dagrun for example_display_name to None, run_after=None
[2024-10-20T14:04:11.146+0000] {processor.py:208} INFO - Processing /home/airflow/.local/lib/python3.12/site-packages/airflow/example_dags/example_display_name.py took 0.076 seconds
[2024-10-20T14:04:41.535+0000] {processor.py:186} INFO - Started process (PID=240) to work on /home/airflow/.local/lib/python3.12/site-packages/airflow/example_dags/example_display_name.py
[2024-10-20T14:04:41.536+0000] {processor.py:914} INFO - Processing file /home/airflow/.local/lib/python3.12/site-packages/airflow/example_dags/example_display_name.py for tasks to queue
[2024-10-20T14:04:41.538+0000] {logging_mixin.py:190} INFO - [2024-10-20T14:04:41.538+0000] {dagbag.py:588} INFO - Filling up the DagBag from /home/airflow/.local/lib/python3.12/site-packages/airflow/example_dags/example_display_name.py
[2024-10-20T14:04:41.544+0000] {processor.py:925} INFO - DAG(s) 'example_display_name' retrieved from /home/airflow/.local/lib/python3.12/site-packages/airflow/example_dags/example_display_name.py
[2024-10-20T14:04:41.562+0000] {logging_mixin.py:190} INFO - [2024-10-20T14:04:41.561+0000] {dag.py:3239} INFO - Sync 1 DAGs
[2024-10-20T14:04:41.573+0000] {logging_mixin.py:190} INFO - [2024-10-20T14:04:41.573+0000] {dag.py:4180} INFO - Setting next_dagrun for example_display_name to None, run_after=None
[2024-10-20T14:04:41.590+0000] {processor.py:208} INFO - Processing /home/airflow/.local/lib/python3.12/site-packages/airflow/example_dags/example_display_name.py took 0.059 seconds
[2024-10-20T14:05:11.686+0000] {processor.py:186} INFO - Started process (PID=303) to work on /home/airflow/.local/lib/python3.12/site-packages/airflow/example_dags/example_display_name.py
[2024-10-20T14:05:11.687+0000] {processor.py:914} INFO - Processing file /home/airflow/.local/lib/python3.12/site-packages/airflow/example_dags/example_display_name.py for tasks to queue
[2024-10-20T14:05:11.689+0000] {logging_mixin.py:190} INFO - [2024-10-20T14:05:11.689+0000] {dagbag.py:588} INFO - Filling up the DagBag from /home/airflow/.local/lib/python3.12/site-packages/airflow/example_dags/example_display_name.py
[2024-10-20T14:05:11.698+0000] {processor.py:925} INFO - DAG(s) 'example_display_name' retrieved from /home/airflow/.local/lib/python3.12/site-packages/airflow/example_dags/example_display_name.py
[2024-10-20T14:05:11.718+0000] {logging_mixin.py:190} INFO - [2024-10-20T14:05:11.717+0000] {dag.py:3239} INFO - Sync 1 DAGs
[2024-10-20T14:05:11.734+0000] {logging_mixin.py:190} INFO - [2024-10-20T14:05:11.734+0000] {dag.py:4180} INFO - Setting next_dagrun for example_display_name to None, run_after=None
[2024-10-20T14:05:11.756+0000] {processor.py:208} INFO - Processing /home/airflow/.local/lib/python3.12/site-packages/airflow/example_dags/example_display_name.py took 0.075 seconds
[2024-10-20T14:06:42.398+0000] {processor.py:186} INFO - Started process (PID=105) to work on /home/airflow/.local/lib/python3.12/site-packages/airflow/example_dags/example_display_name.py
[2024-10-20T14:06:42.399+0000] {processor.py:914} INFO - Processing file /home/airflow/.local/lib/python3.12/site-packages/airflow/example_dags/example_display_name.py for tasks to queue
[2024-10-20T14:06:42.401+0000] {logging_mixin.py:190} INFO - [2024-10-20T14:06:42.401+0000] {dagbag.py:588} INFO - Filling up the DagBag from /home/airflow/.local/lib/python3.12/site-packages/airflow/example_dags/example_display_name.py
[2024-10-20T14:06:42.407+0000] {processor.py:925} INFO - DAG(s) 'example_display_name' retrieved from /home/airflow/.local/lib/python3.12/site-packages/airflow/example_dags/example_display_name.py
[2024-10-20T14:06:42.437+0000] {logging_mixin.py:190} INFO - [2024-10-20T14:06:42.436+0000] {dag.py:3239} INFO - Sync 1 DAGs
[2024-10-20T14:06:42.451+0000] {logging_mixin.py:190} INFO - [2024-10-20T14:06:42.450+0000] {dag.py:4180} INFO - Setting next_dagrun for example_display_name to None, run_after=None
[2024-10-20T14:06:42.469+0000] {processor.py:208} INFO - Processing /home/airflow/.local/lib/python3.12/site-packages/airflow/example_dags/example_display_name.py took 0.077 seconds
[2024-10-20T14:07:12.532+0000] {processor.py:186} INFO - Started process (PID=166) to work on /home/airflow/.local/lib/python3.12/site-packages/airflow/example_dags/example_display_name.py
[2024-10-20T14:07:12.534+0000] {processor.py:914} INFO - Processing file /home/airflow/.local/lib/python3.12/site-packages/airflow/example_dags/example_display_name.py for tasks to queue
[2024-10-20T14:07:12.536+0000] {logging_mixin.py:190} INFO - [2024-10-20T14:07:12.536+0000] {dagbag.py:588} INFO - Filling up the DagBag from /home/airflow/.local/lib/python3.12/site-packages/airflow/example_dags/example_display_name.py
[2024-10-20T14:07:12.543+0000] {processor.py:925} INFO - DAG(s) 'example_display_name' retrieved from /home/airflow/.local/lib/python3.12/site-packages/airflow/example_dags/example_display_name.py
[2024-10-20T14:07:12.567+0000] {logging_mixin.py:190} INFO - [2024-10-20T14:07:12.567+0000] {dag.py:3239} INFO - Sync 1 DAGs
[2024-10-20T14:07:12.588+0000] {logging_mixin.py:190} INFO - [2024-10-20T14:07:12.588+0000] {dag.py:4180} INFO - Setting next_dagrun for example_display_name to None, run_after=None
[2024-10-20T14:07:12.607+0000] {processor.py:208} INFO - Processing /home/airflow/.local/lib/python3.12/site-packages/airflow/example_dags/example_display_name.py took 0.079 seconds
[2024-10-20T14:07:42.808+0000] {processor.py:186} INFO - Started process (PID=230) to work on /home/airflow/.local/lib/python3.12/site-packages/airflow/example_dags/example_display_name.py
[2024-10-20T14:07:42.809+0000] {processor.py:914} INFO - Processing file /home/airflow/.local/lib/python3.12/site-packages/airflow/example_dags/example_display_name.py for tasks to queue
[2024-10-20T14:07:42.811+0000] {logging_mixin.py:190} INFO - [2024-10-20T14:07:42.811+0000] {dagbag.py:588} INFO - Filling up the DagBag from /home/airflow/.local/lib/python3.12/site-packages/airflow/example_dags/example_display_name.py
[2024-10-20T14:07:42.819+0000] {processor.py:925} INFO - DAG(s) 'example_display_name' retrieved from /home/airflow/.local/lib/python3.12/site-packages/airflow/example_dags/example_display_name.py
[2024-10-20T14:07:42.840+0000] {logging_mixin.py:190} INFO - [2024-10-20T14:07:42.840+0000] {dag.py:3239} INFO - Sync 1 DAGs
[2024-10-20T14:07:42.854+0000] {logging_mixin.py:190} INFO - [2024-10-20T14:07:42.854+0000] {dag.py:4180} INFO - Setting next_dagrun for example_display_name to None, run_after=None
[2024-10-20T14:07:42.874+0000] {processor.py:208} INFO - Processing /home/airflow/.local/lib/python3.12/site-packages/airflow/example_dags/example_display_name.py took 0.076 seconds
[2024-10-20T14:08:13.886+0000] {processor.py:186} INFO - Started process (PID=293) to work on /home/airflow/.local/lib/python3.12/site-packages/airflow/example_dags/example_display_name.py
[2024-10-20T14:08:13.887+0000] {processor.py:914} INFO - Processing file /home/airflow/.local/lib/python3.12/site-packages/airflow/example_dags/example_display_name.py for tasks to queue
[2024-10-20T14:08:13.890+0000] {logging_mixin.py:190} INFO - [2024-10-20T14:08:13.890+0000] {dagbag.py:588} INFO - Filling up the DagBag from /home/airflow/.local/lib/python3.12/site-packages/airflow/example_dags/example_display_name.py
[2024-10-20T14:08:13.897+0000] {processor.py:925} INFO - DAG(s) 'example_display_name' retrieved from /home/airflow/.local/lib/python3.12/site-packages/airflow/example_dags/example_display_name.py
[2024-10-20T14:08:13.913+0000] {logging_mixin.py:190} INFO - [2024-10-20T14:08:13.912+0000] {dag.py:3239} INFO - Sync 1 DAGs
[2024-10-20T14:08:13.926+0000] {logging_mixin.py:190} INFO - [2024-10-20T14:08:13.926+0000] {dag.py:4180} INFO - Setting next_dagrun for example_display_name to None, run_after=None
[2024-10-20T14:08:13.944+0000] {processor.py:208} INFO - Processing /home/airflow/.local/lib/python3.12/site-packages/airflow/example_dags/example_display_name.py took 0.063 seconds
[2024-10-20T14:08:44.924+0000] {processor.py:186} INFO - Started process (PID=357) to work on /home/airflow/.local/lib/python3.12/site-packages/airflow/example_dags/example_display_name.py
[2024-10-20T14:08:44.926+0000] {processor.py:914} INFO - Processing file /home/airflow/.local/lib/python3.12/site-packages/airflow/example_dags/example_display_name.py for tasks to queue
[2024-10-20T14:08:44.928+0000] {logging_mixin.py:190} INFO - [2024-10-20T14:08:44.928+0000] {dagbag.py:588} INFO - Filling up the DagBag from /home/airflow/.local/lib/python3.12/site-packages/airflow/example_dags/example_display_name.py
[2024-10-20T14:08:44.935+0000] {processor.py:925} INFO - DAG(s) 'example_display_name' retrieved from /home/airflow/.local/lib/python3.12/site-packages/airflow/example_dags/example_display_name.py
[2024-10-20T14:08:44.956+0000] {logging_mixin.py:190} INFO - [2024-10-20T14:08:44.956+0000] {dag.py:3239} INFO - Sync 1 DAGs
[2024-10-20T14:08:44.969+0000] {logging_mixin.py:190} INFO - [2024-10-20T14:08:44.968+0000] {dag.py:4180} INFO - Setting next_dagrun for example_display_name to None, run_after=None
[2024-10-20T14:08:44.986+0000] {processor.py:208} INFO - Processing /home/airflow/.local/lib/python3.12/site-packages/airflow/example_dags/example_display_name.py took 0.068 seconds
[2024-10-20T14:09:15.814+0000] {processor.py:186} INFO - Started process (PID=420) to work on /home/airflow/.local/lib/python3.12/site-packages/airflow/example_dags/example_display_name.py
[2024-10-20T14:09:15.815+0000] {processor.py:914} INFO - Processing file /home/airflow/.local/lib/python3.12/site-packages/airflow/example_dags/example_display_name.py for tasks to queue
[2024-10-20T14:09:15.817+0000] {logging_mixin.py:190} INFO - [2024-10-20T14:09:15.816+0000] {dagbag.py:588} INFO - Filling up the DagBag from /home/airflow/.local/lib/python3.12/site-packages/airflow/example_dags/example_display_name.py
[2024-10-20T14:09:15.824+0000] {processor.py:925} INFO - DAG(s) 'example_display_name' retrieved from /home/airflow/.local/lib/python3.12/site-packages/airflow/example_dags/example_display_name.py
[2024-10-20T14:09:15.840+0000] {logging_mixin.py:190} INFO - [2024-10-20T14:09:15.840+0000] {dag.py:3239} INFO - Sync 1 DAGs
[2024-10-20T14:09:15.853+0000] {logging_mixin.py:190} INFO - [2024-10-20T14:09:15.853+0000] {dag.py:4180} INFO - Setting next_dagrun for example_display_name to None, run_after=None
[2024-10-20T14:09:15.873+0000] {processor.py:208} INFO - Processing /home/airflow/.local/lib/python3.12/site-packages/airflow/example_dags/example_display_name.py took 0.065 seconds
[2024-10-20T14:09:46.783+0000] {processor.py:186} INFO - Started process (PID=483) to work on /home/airflow/.local/lib/python3.12/site-packages/airflow/example_dags/example_display_name.py
[2024-10-20T14:09:46.784+0000] {processor.py:914} INFO - Processing file /home/airflow/.local/lib/python3.12/site-packages/airflow/example_dags/example_display_name.py for tasks to queue
[2024-10-20T14:09:46.786+0000] {logging_mixin.py:190} INFO - [2024-10-20T14:09:46.786+0000] {dagbag.py:588} INFO - Filling up the DagBag from /home/airflow/.local/lib/python3.12/site-packages/airflow/example_dags/example_display_name.py
[2024-10-20T14:09:46.795+0000] {processor.py:925} INFO - DAG(s) 'example_display_name' retrieved from /home/airflow/.local/lib/python3.12/site-packages/airflow/example_dags/example_display_name.py
[2024-10-20T14:09:46.816+0000] {logging_mixin.py:190} INFO - [2024-10-20T14:09:46.816+0000] {dag.py:3239} INFO - Sync 1 DAGs
[2024-10-20T14:09:46.831+0000] {logging_mixin.py:190} INFO - [2024-10-20T14:09:46.831+0000] {dag.py:4180} INFO - Setting next_dagrun for example_display_name to None, run_after=None
[2024-10-20T14:09:46.862+0000] {processor.py:208} INFO - Processing /home/airflow/.local/lib/python3.12/site-packages/airflow/example_dags/example_display_name.py took 0.084 seconds
[2024-10-20T14:10:17.723+0000] {processor.py:186} INFO - Started process (PID=546) to work on /home/airflow/.local/lib/python3.12/site-packages/airflow/example_dags/example_display_name.py
[2024-10-20T14:10:17.724+0000] {processor.py:914} INFO - Processing file /home/airflow/.local/lib/python3.12/site-packages/airflow/example_dags/example_display_name.py for tasks to queue
[2024-10-20T14:10:17.726+0000] {logging_mixin.py:190} INFO - [2024-10-20T14:10:17.726+0000] {dagbag.py:588} INFO - Filling up the DagBag from /home/airflow/.local/lib/python3.12/site-packages/airflow/example_dags/example_display_name.py
[2024-10-20T14:10:17.734+0000] {processor.py:925} INFO - DAG(s) 'example_display_name' retrieved from /home/airflow/.local/lib/python3.12/site-packages/airflow/example_dags/example_display_name.py
[2024-10-20T14:10:17.752+0000] {logging_mixin.py:190} INFO - [2024-10-20T14:10:17.752+0000] {dag.py:3239} INFO - Sync 1 DAGs
[2024-10-20T14:10:17.765+0000] {logging_mixin.py:190} INFO - [2024-10-20T14:10:17.764+0000] {dag.py:4180} INFO - Setting next_dagrun for example_display_name to None, run_after=None
[2024-10-20T14:10:17.782+0000] {processor.py:208} INFO - Processing /home/airflow/.local/lib/python3.12/site-packages/airflow/example_dags/example_display_name.py took 0.064 seconds
[2024-10-20T14:10:48.709+0000] {processor.py:186} INFO - Started process (PID=609) to work on /home/airflow/.local/lib/python3.12/site-packages/airflow/example_dags/example_display_name.py
[2024-10-20T14:10:48.710+0000] {processor.py:914} INFO - Processing file /home/airflow/.local/lib/python3.12/site-packages/airflow/example_dags/example_display_name.py for tasks to queue
[2024-10-20T14:10:48.712+0000] {logging_mixin.py:190} INFO - [2024-10-20T14:10:48.712+0000] {dagbag.py:588} INFO - Filling up the DagBag from /home/airflow/.local/lib/python3.12/site-packages/airflow/example_dags/example_display_name.py
[2024-10-20T14:10:48.719+0000] {processor.py:925} INFO - DAG(s) 'example_display_name' retrieved from /home/airflow/.local/lib/python3.12/site-packages/airflow/example_dags/example_display_name.py
[2024-10-20T14:10:48.737+0000] {logging_mixin.py:190} INFO - [2024-10-20T14:10:48.736+0000] {dag.py:3239} INFO - Sync 1 DAGs
[2024-10-20T14:10:48.751+0000] {logging_mixin.py:190} INFO - [2024-10-20T14:10:48.751+0000] {dag.py:4180} INFO - Setting next_dagrun for example_display_name to None, run_after=None
[2024-10-20T14:10:48.769+0000] {processor.py:208} INFO - Processing /home/airflow/.local/lib/python3.12/site-packages/airflow/example_dags/example_display_name.py took 0.066 seconds
[2024-10-20T14:11:19.969+0000] {processor.py:186} INFO - Started process (PID=672) to work on /home/airflow/.local/lib/python3.12/site-packages/airflow/example_dags/example_display_name.py
[2024-10-20T14:11:19.970+0000] {processor.py:914} INFO - Processing file /home/airflow/.local/lib/python3.12/site-packages/airflow/example_dags/example_display_name.py for tasks to queue
[2024-10-20T14:11:19.971+0000] {logging_mixin.py:190} INFO - [2024-10-20T14:11:19.971+0000] {dagbag.py:588} INFO - Filling up the DagBag from /home/airflow/.local/lib/python3.12/site-packages/airflow/example_dags/example_display_name.py
[2024-10-20T14:11:19.978+0000] {processor.py:925} INFO - DAG(s) 'example_display_name' retrieved from /home/airflow/.local/lib/python3.12/site-packages/airflow/example_dags/example_display_name.py
[2024-10-20T14:11:19.994+0000] {logging_mixin.py:190} INFO - [2024-10-20T14:11:19.994+0000] {dag.py:3239} INFO - Sync 1 DAGs
[2024-10-20T14:11:20.008+0000] {logging_mixin.py:190} INFO - [2024-10-20T14:11:20.008+0000] {dag.py:4180} INFO - Setting next_dagrun for example_display_name to None, run_after=None
[2024-10-20T14:11:20.025+0000] {processor.py:208} INFO - Processing /home/airflow/.local/lib/python3.12/site-packages/airflow/example_dags/example_display_name.py took 0.061 seconds
[2024-10-20T14:11:50.635+0000] {processor.py:186} INFO - Started process (PID=734) to work on /home/airflow/.local/lib/python3.12/site-packages/airflow/example_dags/example_display_name.py
[2024-10-20T14:11:50.637+0000] {processor.py:914} INFO - Processing file /home/airflow/.local/lib/python3.12/site-packages/airflow/example_dags/example_display_name.py for tasks to queue
[2024-10-20T14:11:50.639+0000] {logging_mixin.py:190} INFO - [2024-10-20T14:11:50.639+0000] {dagbag.py:588} INFO - Filling up the DagBag from /home/airflow/.local/lib/python3.12/site-packages/airflow/example_dags/example_display_name.py
[2024-10-20T14:11:50.648+0000] {processor.py:925} INFO - DAG(s) 'example_display_name' retrieved from /home/airflow/.local/lib/python3.12/site-packages/airflow/example_dags/example_display_name.py
[2024-10-20T14:11:50.668+0000] {logging_mixin.py:190} INFO - [2024-10-20T14:11:50.667+0000] {dag.py:3239} INFO - Sync 1 DAGs
[2024-10-20T14:11:50.682+0000] {logging_mixin.py:190} INFO - [2024-10-20T14:11:50.682+0000] {dag.py:4180} INFO - Setting next_dagrun for example_display_name to None, run_after=None
[2024-10-20T14:11:50.700+0000] {processor.py:208} INFO - Processing /home/airflow/.local/lib/python3.12/site-packages/airflow/example_dags/example_display_name.py took 0.069 seconds
[2024-10-20T14:12:21.536+0000] {processor.py:186} INFO - Started process (PID=797) to work on /home/airflow/.local/lib/python3.12/site-packages/airflow/example_dags/example_display_name.py
[2024-10-20T14:12:21.537+0000] {processor.py:914} INFO - Processing file /home/airflow/.local/lib/python3.12/site-packages/airflow/example_dags/example_display_name.py for tasks to queue
[2024-10-20T14:12:21.539+0000] {logging_mixin.py:190} INFO - [2024-10-20T14:12:21.539+0000] {dagbag.py:588} INFO - Filling up the DagBag from /home/airflow/.local/lib/python3.12/site-packages/airflow/example_dags/example_display_name.py
[2024-10-20T14:12:21.546+0000] {processor.py:925} INFO - DAG(s) 'example_display_name' retrieved from /home/airflow/.local/lib/python3.12/site-packages/airflow/example_dags/example_display_name.py
[2024-10-20T14:12:21.563+0000] {logging_mixin.py:190} INFO - [2024-10-20T14:12:21.563+0000] {dag.py:3239} INFO - Sync 1 DAGs
[2024-10-20T14:12:21.576+0000] {logging_mixin.py:190} INFO - [2024-10-20T14:12:21.575+0000] {dag.py:4180} INFO - Setting next_dagrun for example_display_name to None, run_after=None
[2024-10-20T14:12:21.593+0000] {processor.py:208} INFO - Processing /home/airflow/.local/lib/python3.12/site-packages/airflow/example_dags/example_display_name.py took 0.062 seconds
[2024-10-20T14:12:52.452+0000] {processor.py:186} INFO - Started process (PID=860) to work on /home/airflow/.local/lib/python3.12/site-packages/airflow/example_dags/example_display_name.py
[2024-10-20T14:12:52.454+0000] {processor.py:914} INFO - Processing file /home/airflow/.local/lib/python3.12/site-packages/airflow/example_dags/example_display_name.py for tasks to queue
[2024-10-20T14:12:52.456+0000] {logging_mixin.py:190} INFO - [2024-10-20T14:12:52.456+0000] {dagbag.py:588} INFO - Filling up the DagBag from /home/airflow/.local/lib/python3.12/site-packages/airflow/example_dags/example_display_name.py
[2024-10-20T14:12:52.462+0000] {processor.py:925} INFO - DAG(s) 'example_display_name' retrieved from /home/airflow/.local/lib/python3.12/site-packages/airflow/example_dags/example_display_name.py
[2024-10-20T14:12:52.482+0000] {logging_mixin.py:190} INFO - [2024-10-20T14:12:52.481+0000] {dag.py:3239} INFO - Sync 1 DAGs
[2024-10-20T14:12:52.494+0000] {logging_mixin.py:190} INFO - [2024-10-20T14:12:52.494+0000] {dag.py:4180} INFO - Setting next_dagrun for example_display_name to None, run_after=None
[2024-10-20T14:12:52.527+0000] {processor.py:208} INFO - Processing /home/airflow/.local/lib/python3.12/site-packages/airflow/example_dags/example_display_name.py took 0.080 seconds
[2024-10-20T14:13:22.643+0000] {processor.py:186} INFO - Started process (PID=923) to work on /home/airflow/.local/lib/python3.12/site-packages/airflow/example_dags/example_display_name.py
[2024-10-20T14:13:22.645+0000] {processor.py:914} INFO - Processing file /home/airflow/.local/lib/python3.12/site-packages/airflow/example_dags/example_display_name.py for tasks to queue
[2024-10-20T14:13:22.647+0000] {logging_mixin.py:190} INFO - [2024-10-20T14:13:22.647+0000] {dagbag.py:588} INFO - Filling up the DagBag from /home/airflow/.local/lib/python3.12/site-packages/airflow/example_dags/example_display_name.py
[2024-10-20T14:13:22.654+0000] {processor.py:925} INFO - DAG(s) 'example_display_name' retrieved from /home/airflow/.local/lib/python3.12/site-packages/airflow/example_dags/example_display_name.py
[2024-10-20T14:13:22.675+0000] {logging_mixin.py:190} INFO - [2024-10-20T14:13:22.674+0000] {dag.py:3239} INFO - Sync 1 DAGs
[2024-10-20T14:13:22.691+0000] {logging_mixin.py:190} INFO - [2024-10-20T14:13:22.690+0000] {dag.py:4180} INFO - Setting next_dagrun for example_display_name to None, run_after=None
[2024-10-20T14:13:22.710+0000] {processor.py:208} INFO - Processing /home/airflow/.local/lib/python3.12/site-packages/airflow/example_dags/example_display_name.py took 0.073 seconds
[2024-10-20T14:13:53.004+0000] {processor.py:186} INFO - Started process (PID=986) to work on /home/airflow/.local/lib/python3.12/site-packages/airflow/example_dags/example_display_name.py
[2024-10-20T14:13:53.006+0000] {processor.py:914} INFO - Processing file /home/airflow/.local/lib/python3.12/site-packages/airflow/example_dags/example_display_name.py for tasks to queue
[2024-10-20T14:13:53.009+0000] {logging_mixin.py:190} INFO - [2024-10-20T14:13:53.008+0000] {dagbag.py:588} INFO - Filling up the DagBag from /home/airflow/.local/lib/python3.12/site-packages/airflow/example_dags/example_display_name.py
[2024-10-20T14:13:53.027+0000] {processor.py:925} INFO - DAG(s) 'example_display_name' retrieved from /home/airflow/.local/lib/python3.12/site-packages/airflow/example_dags/example_display_name.py
[2024-10-20T14:13:53.067+0000] {logging_mixin.py:190} INFO - [2024-10-20T14:13:53.067+0000] {dag.py:3239} INFO - Sync 1 DAGs
[2024-10-20T14:13:53.103+0000] {logging_mixin.py:190} INFO - [2024-10-20T14:13:53.103+0000] {dag.py:4180} INFO - Setting next_dagrun for example_display_name to None, run_after=None
[2024-10-20T14:13:53.126+0000] {processor.py:208} INFO - Processing /home/airflow/.local/lib/python3.12/site-packages/airflow/example_dags/example_display_name.py took 0.137 seconds
[2024-10-20T14:14:23.630+0000] {processor.py:186} INFO - Started process (PID=1049) to work on /home/airflow/.local/lib/python3.12/site-packages/airflow/example_dags/example_display_name.py
[2024-10-20T14:14:23.631+0000] {processor.py:914} INFO - Processing file /home/airflow/.local/lib/python3.12/site-packages/airflow/example_dags/example_display_name.py for tasks to queue
[2024-10-20T14:14:23.633+0000] {logging_mixin.py:190} INFO - [2024-10-20T14:14:23.632+0000] {dagbag.py:588} INFO - Filling up the DagBag from /home/airflow/.local/lib/python3.12/site-packages/airflow/example_dags/example_display_name.py
[2024-10-20T14:14:23.638+0000] {processor.py:925} INFO - DAG(s) 'example_display_name' retrieved from /home/airflow/.local/lib/python3.12/site-packages/airflow/example_dags/example_display_name.py
[2024-10-20T14:14:23.658+0000] {logging_mixin.py:190} INFO - [2024-10-20T14:14:23.658+0000] {dag.py:3239} INFO - Sync 1 DAGs
[2024-10-20T14:14:23.674+0000] {logging_mixin.py:190} INFO - [2024-10-20T14:14:23.674+0000] {dag.py:4180} INFO - Setting next_dagrun for example_display_name to None, run_after=None
[2024-10-20T14:14:23.695+0000] {processor.py:208} INFO - Processing /home/airflow/.local/lib/python3.12/site-packages/airflow/example_dags/example_display_name.py took 0.071 seconds
[2024-10-20T14:14:54.252+0000] {processor.py:186} INFO - Started process (PID=1112) to work on /home/airflow/.local/lib/python3.12/site-packages/airflow/example_dags/example_display_name.py
[2024-10-20T14:14:54.254+0000] {processor.py:914} INFO - Processing file /home/airflow/.local/lib/python3.12/site-packages/airflow/example_dags/example_display_name.py for tasks to queue
[2024-10-20T14:14:54.257+0000] {logging_mixin.py:190} INFO - [2024-10-20T14:14:54.256+0000] {dagbag.py:588} INFO - Filling up the DagBag from /home/airflow/.local/lib/python3.12/site-packages/airflow/example_dags/example_display_name.py
[2024-10-20T14:14:54.264+0000] {processor.py:925} INFO - DAG(s) 'example_display_name' retrieved from /home/airflow/.local/lib/python3.12/site-packages/airflow/example_dags/example_display_name.py
[2024-10-20T14:14:54.281+0000] {logging_mixin.py:190} INFO - [2024-10-20T14:14:54.281+0000] {dag.py:3239} INFO - Sync 1 DAGs
[2024-10-20T14:14:54.296+0000] {logging_mixin.py:190} INFO - [2024-10-20T14:14:54.295+0000] {dag.py:4180} INFO - Setting next_dagrun for example_display_name to None, run_after=None
[2024-10-20T14:14:54.313+0000] {processor.py:208} INFO - Processing /home/airflow/.local/lib/python3.12/site-packages/airflow/example_dags/example_display_name.py took 0.066 seconds
[2024-10-20T14:15:24.902+0000] {processor.py:186} INFO - Started process (PID=1175) to work on /home/airflow/.local/lib/python3.12/site-packages/airflow/example_dags/example_display_name.py
[2024-10-20T14:15:24.904+0000] {processor.py:914} INFO - Processing file /home/airflow/.local/lib/python3.12/site-packages/airflow/example_dags/example_display_name.py for tasks to queue
[2024-10-20T14:15:24.906+0000] {logging_mixin.py:190} INFO - [2024-10-20T14:15:24.905+0000] {dagbag.py:588} INFO - Filling up the DagBag from /home/airflow/.local/lib/python3.12/site-packages/airflow/example_dags/example_display_name.py
[2024-10-20T14:15:24.918+0000] {processor.py:925} INFO - DAG(s) 'example_display_name' retrieved from /home/airflow/.local/lib/python3.12/site-packages/airflow/example_dags/example_display_name.py
[2024-10-20T14:15:24.938+0000] {logging_mixin.py:190} INFO - [2024-10-20T14:15:24.938+0000] {dag.py:3239} INFO - Sync 1 DAGs
[2024-10-20T14:15:24.955+0000] {logging_mixin.py:190} INFO - [2024-10-20T14:15:24.955+0000] {dag.py:4180} INFO - Setting next_dagrun for example_display_name to None, run_after=None
[2024-10-20T14:15:24.980+0000] {processor.py:208} INFO - Processing /home/airflow/.local/lib/python3.12/site-packages/airflow/example_dags/example_display_name.py took 0.083 seconds
[2024-10-20T14:15:55.814+0000] {processor.py:186} INFO - Started process (PID=1239) to work on /home/airflow/.local/lib/python3.12/site-packages/airflow/example_dags/example_display_name.py
[2024-10-20T14:15:55.815+0000] {processor.py:914} INFO - Processing file /home/airflow/.local/lib/python3.12/site-packages/airflow/example_dags/example_display_name.py for tasks to queue
[2024-10-20T14:15:55.818+0000] {logging_mixin.py:190} INFO - [2024-10-20T14:15:55.817+0000] {dagbag.py:588} INFO - Filling up the DagBag from /home/airflow/.local/lib/python3.12/site-packages/airflow/example_dags/example_display_name.py
[2024-10-20T14:15:55.824+0000] {processor.py:925} INFO - DAG(s) 'example_display_name' retrieved from /home/airflow/.local/lib/python3.12/site-packages/airflow/example_dags/example_display_name.py
[2024-10-20T14:15:55.843+0000] {logging_mixin.py:190} INFO - [2024-10-20T14:15:55.842+0000] {dag.py:3239} INFO - Sync 1 DAGs
[2024-10-20T14:15:55.857+0000] {logging_mixin.py:190} INFO - [2024-10-20T14:15:55.857+0000] {dag.py:4180} INFO - Setting next_dagrun for example_display_name to None, run_after=None
[2024-10-20T14:15:55.887+0000] {processor.py:208} INFO - Processing /home/airflow/.local/lib/python3.12/site-packages/airflow/example_dags/example_display_name.py took 0.079 seconds
[2024-10-20T14:16:26.390+0000] {processor.py:186} INFO - Started process (PID=1302) to work on /home/airflow/.local/lib/python3.12/site-packages/airflow/example_dags/example_display_name.py
[2024-10-20T14:16:26.391+0000] {processor.py:914} INFO - Processing file /home/airflow/.local/lib/python3.12/site-packages/airflow/example_dags/example_display_name.py for tasks to queue
[2024-10-20T14:16:26.393+0000] {logging_mixin.py:190} INFO - [2024-10-20T14:16:26.393+0000] {dagbag.py:588} INFO - Filling up the DagBag from /home/airflow/.local/lib/python3.12/site-packages/airflow/example_dags/example_display_name.py
[2024-10-20T14:16:26.413+0000] {processor.py:925} INFO - DAG(s) 'example_display_name' retrieved from /home/airflow/.local/lib/python3.12/site-packages/airflow/example_dags/example_display_name.py
[2024-10-20T14:16:26.431+0000] {logging_mixin.py:190} INFO - [2024-10-20T14:16:26.431+0000] {dag.py:3239} INFO - Sync 1 DAGs
[2024-10-20T14:16:26.443+0000] {logging_mixin.py:190} INFO - [2024-10-20T14:16:26.443+0000] {dag.py:4180} INFO - Setting next_dagrun for example_display_name to None, run_after=None
[2024-10-20T14:16:26.459+0000] {processor.py:208} INFO - Processing /home/airflow/.local/lib/python3.12/site-packages/airflow/example_dags/example_display_name.py took 0.075 seconds
[2024-10-20T14:16:57.393+0000] {processor.py:186} INFO - Started process (PID=1366) to work on /home/airflow/.local/lib/python3.12/site-packages/airflow/example_dags/example_display_name.py
[2024-10-20T14:16:57.394+0000] {processor.py:914} INFO - Processing file /home/airflow/.local/lib/python3.12/site-packages/airflow/example_dags/example_display_name.py for tasks to queue
[2024-10-20T14:16:57.397+0000] {logging_mixin.py:190} INFO - [2024-10-20T14:16:57.397+0000] {dagbag.py:588} INFO - Filling up the DagBag from /home/airflow/.local/lib/python3.12/site-packages/airflow/example_dags/example_display_name.py
[2024-10-20T14:16:57.404+0000] {processor.py:925} INFO - DAG(s) 'example_display_name' retrieved from /home/airflow/.local/lib/python3.12/site-packages/airflow/example_dags/example_display_name.py
[2024-10-20T14:16:57.422+0000] {logging_mixin.py:190} INFO - [2024-10-20T14:16:57.422+0000] {dag.py:3239} INFO - Sync 1 DAGs
[2024-10-20T14:16:57.436+0000] {logging_mixin.py:190} INFO - [2024-10-20T14:16:57.436+0000] {dag.py:4180} INFO - Setting next_dagrun for example_display_name to None, run_after=None
[2024-10-20T14:16:57.457+0000] {processor.py:208} INFO - Processing /home/airflow/.local/lib/python3.12/site-packages/airflow/example_dags/example_display_name.py took 0.070 seconds
[2024-10-20T14:17:28.201+0000] {processor.py:186} INFO - Started process (PID=1429) to work on /home/airflow/.local/lib/python3.12/site-packages/airflow/example_dags/example_display_name.py
[2024-10-20T14:17:28.202+0000] {processor.py:914} INFO - Processing file /home/airflow/.local/lib/python3.12/site-packages/airflow/example_dags/example_display_name.py for tasks to queue
[2024-10-20T14:17:28.204+0000] {logging_mixin.py:190} INFO - [2024-10-20T14:17:28.204+0000] {dagbag.py:588} INFO - Filling up the DagBag from /home/airflow/.local/lib/python3.12/site-packages/airflow/example_dags/example_display_name.py
[2024-10-20T14:17:28.210+0000] {processor.py:925} INFO - DAG(s) 'example_display_name' retrieved from /home/airflow/.local/lib/python3.12/site-packages/airflow/example_dags/example_display_name.py
[2024-10-20T14:17:28.228+0000] {logging_mixin.py:190} INFO - [2024-10-20T14:17:28.227+0000] {dag.py:3239} INFO - Sync 1 DAGs
[2024-10-20T14:17:28.240+0000] {logging_mixin.py:190} INFO - [2024-10-20T14:17:28.240+0000] {dag.py:4180} INFO - Setting next_dagrun for example_display_name to None, run_after=None
[2024-10-20T14:17:28.259+0000] {processor.py:208} INFO - Processing /home/airflow/.local/lib/python3.12/site-packages/airflow/example_dags/example_display_name.py took 0.064 seconds
[2024-10-20T14:17:59.028+0000] {processor.py:186} INFO - Started process (PID=1494) to work on /home/airflow/.local/lib/python3.12/site-packages/airflow/example_dags/example_display_name.py
[2024-10-20T14:17:59.029+0000] {processor.py:914} INFO - Processing file /home/airflow/.local/lib/python3.12/site-packages/airflow/example_dags/example_display_name.py for tasks to queue
[2024-10-20T14:17:59.031+0000] {logging_mixin.py:190} INFO - [2024-10-20T14:17:59.031+0000] {dagbag.py:588} INFO - Filling up the DagBag from /home/airflow/.local/lib/python3.12/site-packages/airflow/example_dags/example_display_name.py
[2024-10-20T14:17:59.037+0000] {processor.py:925} INFO - DAG(s) 'example_display_name' retrieved from /home/airflow/.local/lib/python3.12/site-packages/airflow/example_dags/example_display_name.py
[2024-10-20T14:17:59.053+0000] {logging_mixin.py:190} INFO - [2024-10-20T14:17:59.053+0000] {dag.py:3239} INFO - Sync 1 DAGs
[2024-10-20T14:17:59.065+0000] {logging_mixin.py:190} INFO - [2024-10-20T14:17:59.065+0000] {dag.py:4180} INFO - Setting next_dagrun for example_display_name to None, run_after=None
[2024-10-20T14:17:59.082+0000] {processor.py:208} INFO - Processing /home/airflow/.local/lib/python3.12/site-packages/airflow/example_dags/example_display_name.py took 0.058 seconds
[2024-10-20T14:18:29.809+0000] {processor.py:186} INFO - Started process (PID=1559) to work on /home/airflow/.local/lib/python3.12/site-packages/airflow/example_dags/example_display_name.py
[2024-10-20T14:18:29.810+0000] {processor.py:914} INFO - Processing file /home/airflow/.local/lib/python3.12/site-packages/airflow/example_dags/example_display_name.py for tasks to queue
[2024-10-20T14:18:29.813+0000] {logging_mixin.py:190} INFO - [2024-10-20T14:18:29.813+0000] {dagbag.py:588} INFO - Filling up the DagBag from /home/airflow/.local/lib/python3.12/site-packages/airflow/example_dags/example_display_name.py
[2024-10-20T14:18:29.819+0000] {processor.py:925} INFO - DAG(s) 'example_display_name' retrieved from /home/airflow/.local/lib/python3.12/site-packages/airflow/example_dags/example_display_name.py
[2024-10-20T14:18:29.843+0000] {logging_mixin.py:190} INFO - [2024-10-20T14:18:29.842+0000] {dag.py:3239} INFO - Sync 1 DAGs
[2024-10-20T14:18:29.856+0000] {logging_mixin.py:190} INFO - [2024-10-20T14:18:29.856+0000] {dag.py:4180} INFO - Setting next_dagrun for example_display_name to None, run_after=None
[2024-10-20T14:18:29.877+0000] {processor.py:208} INFO - Processing /home/airflow/.local/lib/python3.12/site-packages/airflow/example_dags/example_display_name.py took 0.073 seconds
[2024-10-20T14:19:00.618+0000] {processor.py:186} INFO - Started process (PID=1623) to work on /home/airflow/.local/lib/python3.12/site-packages/airflow/example_dags/example_display_name.py
[2024-10-20T14:19:00.619+0000] {processor.py:914} INFO - Processing file /home/airflow/.local/lib/python3.12/site-packages/airflow/example_dags/example_display_name.py for tasks to queue
[2024-10-20T14:19:00.623+0000] {logging_mixin.py:190} INFO - [2024-10-20T14:19:00.622+0000] {dagbag.py:588} INFO - Filling up the DagBag from /home/airflow/.local/lib/python3.12/site-packages/airflow/example_dags/example_display_name.py
[2024-10-20T14:19:00.630+0000] {processor.py:925} INFO - DAG(s) 'example_display_name' retrieved from /home/airflow/.local/lib/python3.12/site-packages/airflow/example_dags/example_display_name.py
[2024-10-20T14:19:00.648+0000] {logging_mixin.py:190} INFO - [2024-10-20T14:19:00.647+0000] {dag.py:3239} INFO - Sync 1 DAGs
[2024-10-20T14:19:00.663+0000] {logging_mixin.py:190} INFO - [2024-10-20T14:19:00.662+0000] {dag.py:4180} INFO - Setting next_dagrun for example_display_name to None, run_after=None
[2024-10-20T14:19:00.684+0000] {processor.py:208} INFO - Processing /home/airflow/.local/lib/python3.12/site-packages/airflow/example_dags/example_display_name.py took 0.072 seconds
[2024-10-20T14:19:30.828+0000] {processor.py:186} INFO - Started process (PID=1687) to work on /home/airflow/.local/lib/python3.12/site-packages/airflow/example_dags/example_display_name.py
[2024-10-20T14:19:30.829+0000] {processor.py:914} INFO - Processing file /home/airflow/.local/lib/python3.12/site-packages/airflow/example_dags/example_display_name.py for tasks to queue
[2024-10-20T14:19:30.832+0000] {logging_mixin.py:190} INFO - [2024-10-20T14:19:30.831+0000] {dagbag.py:588} INFO - Filling up the DagBag from /home/airflow/.local/lib/python3.12/site-packages/airflow/example_dags/example_display_name.py
[2024-10-20T14:19:30.850+0000] {processor.py:925} INFO - DAG(s) 'example_display_name' retrieved from /home/airflow/.local/lib/python3.12/site-packages/airflow/example_dags/example_display_name.py
[2024-10-20T14:19:30.868+0000] {logging_mixin.py:190} INFO - [2024-10-20T14:19:30.868+0000] {dag.py:3239} INFO - Sync 1 DAGs
[2024-10-20T14:19:30.880+0000] {logging_mixin.py:190} INFO - [2024-10-20T14:19:30.880+0000] {dag.py:4180} INFO - Setting next_dagrun for example_display_name to None, run_after=None
[2024-10-20T14:19:30.899+0000] {processor.py:208} INFO - Processing /home/airflow/.local/lib/python3.12/site-packages/airflow/example_dags/example_display_name.py took 0.076 seconds
[2024-10-20T14:20:01.489+0000] {processor.py:186} INFO - Started process (PID=1751) to work on /home/airflow/.local/lib/python3.12/site-packages/airflow/example_dags/example_display_name.py
[2024-10-20T14:20:01.490+0000] {processor.py:914} INFO - Processing file /home/airflow/.local/lib/python3.12/site-packages/airflow/example_dags/example_display_name.py for tasks to queue
[2024-10-20T14:20:01.493+0000] {logging_mixin.py:190} INFO - [2024-10-20T14:20:01.492+0000] {dagbag.py:588} INFO - Filling up the DagBag from /home/airflow/.local/lib/python3.12/site-packages/airflow/example_dags/example_display_name.py
[2024-10-20T14:20:01.500+0000] {processor.py:925} INFO - DAG(s) 'example_display_name' retrieved from /home/airflow/.local/lib/python3.12/site-packages/airflow/example_dags/example_display_name.py
[2024-10-20T14:20:01.521+0000] {logging_mixin.py:190} INFO - [2024-10-20T14:20:01.521+0000] {dag.py:3239} INFO - Sync 1 DAGs
[2024-10-20T14:20:01.538+0000] {logging_mixin.py:190} INFO - [2024-10-20T14:20:01.538+0000] {dag.py:4180} INFO - Setting next_dagrun for example_display_name to None, run_after=None
[2024-10-20T14:20:01.571+0000] {processor.py:208} INFO - Processing /home/airflow/.local/lib/python3.12/site-packages/airflow/example_dags/example_display_name.py took 0.088 seconds
[2024-10-20T14:20:32.124+0000] {processor.py:186} INFO - Started process (PID=1815) to work on /home/airflow/.local/lib/python3.12/site-packages/airflow/example_dags/example_display_name.py
[2024-10-20T14:20:32.125+0000] {processor.py:914} INFO - Processing file /home/airflow/.local/lib/python3.12/site-packages/airflow/example_dags/example_display_name.py for tasks to queue
[2024-10-20T14:20:32.127+0000] {logging_mixin.py:190} INFO - [2024-10-20T14:20:32.127+0000] {dagbag.py:588} INFO - Filling up the DagBag from /home/airflow/.local/lib/python3.12/site-packages/airflow/example_dags/example_display_name.py
[2024-10-20T14:20:32.133+0000] {processor.py:925} INFO - DAG(s) 'example_display_name' retrieved from /home/airflow/.local/lib/python3.12/site-packages/airflow/example_dags/example_display_name.py
[2024-10-20T14:20:32.150+0000] {logging_mixin.py:190} INFO - [2024-10-20T14:20:32.149+0000] {dag.py:3239} INFO - Sync 1 DAGs
[2024-10-20T14:20:32.163+0000] {logging_mixin.py:190} INFO - [2024-10-20T14:20:32.163+0000] {dag.py:4180} INFO - Setting next_dagrun for example_display_name to None, run_after=None
[2024-10-20T14:20:32.182+0000] {processor.py:208} INFO - Processing /home/airflow/.local/lib/python3.12/site-packages/airflow/example_dags/example_display_name.py took 0.064 seconds
[2024-10-20T14:21:02.712+0000] {processor.py:186} INFO - Started process (PID=1879) to work on /home/airflow/.local/lib/python3.12/site-packages/airflow/example_dags/example_display_name.py
[2024-10-20T14:21:02.713+0000] {processor.py:914} INFO - Processing file /home/airflow/.local/lib/python3.12/site-packages/airflow/example_dags/example_display_name.py for tasks to queue
[2024-10-20T14:21:02.716+0000] {logging_mixin.py:190} INFO - [2024-10-20T14:21:02.715+0000] {dagbag.py:588} INFO - Filling up the DagBag from /home/airflow/.local/lib/python3.12/site-packages/airflow/example_dags/example_display_name.py
[2024-10-20T14:21:02.722+0000] {processor.py:925} INFO - DAG(s) 'example_display_name' retrieved from /home/airflow/.local/lib/python3.12/site-packages/airflow/example_dags/example_display_name.py
[2024-10-20T14:21:02.741+0000] {logging_mixin.py:190} INFO - [2024-10-20T14:21:02.740+0000] {dag.py:3239} INFO - Sync 1 DAGs
[2024-10-20T14:21:02.752+0000] {logging_mixin.py:190} INFO - [2024-10-20T14:21:02.752+0000] {dag.py:4180} INFO - Setting next_dagrun for example_display_name to None, run_after=None
[2024-10-20T14:21:02.770+0000] {processor.py:208} INFO - Processing /home/airflow/.local/lib/python3.12/site-packages/airflow/example_dags/example_display_name.py took 0.063 seconds
[2024-10-20T14:21:33.420+0000] {processor.py:186} INFO - Started process (PID=1943) to work on /home/airflow/.local/lib/python3.12/site-packages/airflow/example_dags/example_display_name.py
[2024-10-20T14:21:33.421+0000] {processor.py:914} INFO - Processing file /home/airflow/.local/lib/python3.12/site-packages/airflow/example_dags/example_display_name.py for tasks to queue
[2024-10-20T14:21:33.423+0000] {logging_mixin.py:190} INFO - [2024-10-20T14:21:33.423+0000] {dagbag.py:588} INFO - Filling up the DagBag from /home/airflow/.local/lib/python3.12/site-packages/airflow/example_dags/example_display_name.py
[2024-10-20T14:21:33.430+0000] {processor.py:925} INFO - DAG(s) 'example_display_name' retrieved from /home/airflow/.local/lib/python3.12/site-packages/airflow/example_dags/example_display_name.py
[2024-10-20T14:21:33.448+0000] {logging_mixin.py:190} INFO - [2024-10-20T14:21:33.448+0000] {dag.py:3239} INFO - Sync 1 DAGs
[2024-10-20T14:21:33.460+0000] {logging_mixin.py:190} INFO - [2024-10-20T14:21:33.460+0000] {dag.py:4180} INFO - Setting next_dagrun for example_display_name to None, run_after=None
[2024-10-20T14:21:33.477+0000] {processor.py:208} INFO - Processing /home/airflow/.local/lib/python3.12/site-packages/airflow/example_dags/example_display_name.py took 0.062 seconds
[2024-10-20T14:22:04.310+0000] {processor.py:186} INFO - Started process (PID=2007) to work on /home/airflow/.local/lib/python3.12/site-packages/airflow/example_dags/example_display_name.py
[2024-10-20T14:22:04.312+0000] {processor.py:914} INFO - Processing file /home/airflow/.local/lib/python3.12/site-packages/airflow/example_dags/example_display_name.py for tasks to queue
[2024-10-20T14:22:04.314+0000] {logging_mixin.py:190} INFO - [2024-10-20T14:22:04.314+0000] {dagbag.py:588} INFO - Filling up the DagBag from /home/airflow/.local/lib/python3.12/site-packages/airflow/example_dags/example_display_name.py
[2024-10-20T14:22:04.320+0000] {processor.py:925} INFO - DAG(s) 'example_display_name' retrieved from /home/airflow/.local/lib/python3.12/site-packages/airflow/example_dags/example_display_name.py
[2024-10-20T14:22:04.338+0000] {logging_mixin.py:190} INFO - [2024-10-20T14:22:04.338+0000] {dag.py:3239} INFO - Sync 1 DAGs
[2024-10-20T14:22:04.350+0000] {logging_mixin.py:190} INFO - [2024-10-20T14:22:04.350+0000] {dag.py:4180} INFO - Setting next_dagrun for example_display_name to None, run_after=None
[2024-10-20T14:22:04.368+0000] {processor.py:208} INFO - Processing /home/airflow/.local/lib/python3.12/site-packages/airflow/example_dags/example_display_name.py took 0.063 seconds
[2024-10-20T14:22:35.080+0000] {processor.py:186} INFO - Started process (PID=2071) to work on /home/airflow/.local/lib/python3.12/site-packages/airflow/example_dags/example_display_name.py
[2024-10-20T14:22:35.081+0000] {processor.py:914} INFO - Processing file /home/airflow/.local/lib/python3.12/site-packages/airflow/example_dags/example_display_name.py for tasks to queue
[2024-10-20T14:22:35.083+0000] {logging_mixin.py:190} INFO - [2024-10-20T14:22:35.083+0000] {dagbag.py:588} INFO - Filling up the DagBag from /home/airflow/.local/lib/python3.12/site-packages/airflow/example_dags/example_display_name.py
[2024-10-20T14:22:35.089+0000] {processor.py:925} INFO - DAG(s) 'example_display_name' retrieved from /home/airflow/.local/lib/python3.12/site-packages/airflow/example_dags/example_display_name.py
[2024-10-20T14:22:35.109+0000] {logging_mixin.py:190} INFO - [2024-10-20T14:22:35.108+0000] {dag.py:3239} INFO - Sync 1 DAGs
[2024-10-20T14:22:35.122+0000] {logging_mixin.py:190} INFO - [2024-10-20T14:22:35.121+0000] {dag.py:4180} INFO - Setting next_dagrun for example_display_name to None, run_after=None
[2024-10-20T14:22:35.143+0000] {processor.py:208} INFO - Processing /home/airflow/.local/lib/python3.12/site-packages/airflow/example_dags/example_display_name.py took 0.069 seconds
[2024-10-20T14:23:05.921+0000] {processor.py:186} INFO - Started process (PID=2135) to work on /home/airflow/.local/lib/python3.12/site-packages/airflow/example_dags/example_display_name.py
[2024-10-20T14:23:05.922+0000] {processor.py:914} INFO - Processing file /home/airflow/.local/lib/python3.12/site-packages/airflow/example_dags/example_display_name.py for tasks to queue
[2024-10-20T14:23:05.924+0000] {logging_mixin.py:190} INFO - [2024-10-20T14:23:05.924+0000] {dagbag.py:588} INFO - Filling up the DagBag from /home/airflow/.local/lib/python3.12/site-packages/airflow/example_dags/example_display_name.py
[2024-10-20T14:23:05.931+0000] {processor.py:925} INFO - DAG(s) 'example_display_name' retrieved from /home/airflow/.local/lib/python3.12/site-packages/airflow/example_dags/example_display_name.py
[2024-10-20T14:23:05.950+0000] {logging_mixin.py:190} INFO - [2024-10-20T14:23:05.950+0000] {dag.py:3239} INFO - Sync 1 DAGs
[2024-10-20T14:23:05.962+0000] {logging_mixin.py:190} INFO - [2024-10-20T14:23:05.961+0000] {dag.py:4180} INFO - Setting next_dagrun for example_display_name to None, run_after=None
[2024-10-20T14:23:05.982+0000] {processor.py:208} INFO - Processing /home/airflow/.local/lib/python3.12/site-packages/airflow/example_dags/example_display_name.py took 0.066 seconds
[2024-10-20T14:23:36.646+0000] {processor.py:186} INFO - Started process (PID=2199) to work on /home/airflow/.local/lib/python3.12/site-packages/airflow/example_dags/example_display_name.py
[2024-10-20T14:23:36.647+0000] {processor.py:914} INFO - Processing file /home/airflow/.local/lib/python3.12/site-packages/airflow/example_dags/example_display_name.py for tasks to queue
[2024-10-20T14:23:36.650+0000] {logging_mixin.py:190} INFO - [2024-10-20T14:23:36.649+0000] {dagbag.py:588} INFO - Filling up the DagBag from /home/airflow/.local/lib/python3.12/site-packages/airflow/example_dags/example_display_name.py
[2024-10-20T14:23:36.656+0000] {processor.py:925} INFO - DAG(s) 'example_display_name' retrieved from /home/airflow/.local/lib/python3.12/site-packages/airflow/example_dags/example_display_name.py
[2024-10-20T14:23:36.673+0000] {logging_mixin.py:190} INFO - [2024-10-20T14:23:36.673+0000] {dag.py:3239} INFO - Sync 1 DAGs
[2024-10-20T14:23:36.684+0000] {logging_mixin.py:190} INFO - [2024-10-20T14:23:36.684+0000] {dag.py:4180} INFO - Setting next_dagrun for example_display_name to None, run_after=None
[2024-10-20T14:23:36.702+0000] {processor.py:208} INFO - Processing /home/airflow/.local/lib/python3.12/site-packages/airflow/example_dags/example_display_name.py took 0.060 seconds
[2024-10-20T14:24:07.597+0000] {processor.py:186} INFO - Started process (PID=2263) to work on /home/airflow/.local/lib/python3.12/site-packages/airflow/example_dags/example_display_name.py
[2024-10-20T14:24:07.598+0000] {processor.py:914} INFO - Processing file /home/airflow/.local/lib/python3.12/site-packages/airflow/example_dags/example_display_name.py for tasks to queue
[2024-10-20T14:24:07.601+0000] {logging_mixin.py:190} INFO - [2024-10-20T14:24:07.601+0000] {dagbag.py:588} INFO - Filling up the DagBag from /home/airflow/.local/lib/python3.12/site-packages/airflow/example_dags/example_display_name.py
[2024-10-20T14:24:07.608+0000] {processor.py:925} INFO - DAG(s) 'example_display_name' retrieved from /home/airflow/.local/lib/python3.12/site-packages/airflow/example_dags/example_display_name.py
[2024-10-20T14:24:07.627+0000] {logging_mixin.py:190} INFO - [2024-10-20T14:24:07.627+0000] {dag.py:3239} INFO - Sync 1 DAGs
[2024-10-20T14:24:07.639+0000] {logging_mixin.py:190} INFO - [2024-10-20T14:24:07.639+0000] {dag.py:4180} INFO - Setting next_dagrun for example_display_name to None, run_after=None
[2024-10-20T14:24:07.656+0000] {processor.py:208} INFO - Processing /home/airflow/.local/lib/python3.12/site-packages/airflow/example_dags/example_display_name.py took 0.066 seconds
[2024-10-20T14:24:37.880+0000] {processor.py:186} INFO - Started process (PID=2327) to work on /home/airflow/.local/lib/python3.12/site-packages/airflow/example_dags/example_display_name.py
[2024-10-20T14:24:37.881+0000] {processor.py:914} INFO - Processing file /home/airflow/.local/lib/python3.12/site-packages/airflow/example_dags/example_display_name.py for tasks to queue
[2024-10-20T14:24:37.883+0000] {logging_mixin.py:190} INFO - [2024-10-20T14:24:37.883+0000] {dagbag.py:588} INFO - Filling up the DagBag from /home/airflow/.local/lib/python3.12/site-packages/airflow/example_dags/example_display_name.py
[2024-10-20T14:24:37.890+0000] {processor.py:925} INFO - DAG(s) 'example_display_name' retrieved from /home/airflow/.local/lib/python3.12/site-packages/airflow/example_dags/example_display_name.py
[2024-10-20T14:24:37.907+0000] {logging_mixin.py:190} INFO - [2024-10-20T14:24:37.906+0000] {dag.py:3239} INFO - Sync 1 DAGs
[2024-10-20T14:24:37.921+0000] {logging_mixin.py:190} INFO - [2024-10-20T14:24:37.920+0000] {dag.py:4180} INFO - Setting next_dagrun for example_display_name to None, run_after=None
[2024-10-20T14:24:37.937+0000] {processor.py:208} INFO - Processing /home/airflow/.local/lib/python3.12/site-packages/airflow/example_dags/example_display_name.py took 0.062 seconds
[2024-10-20T14:25:09.051+0000] {processor.py:186} INFO - Started process (PID=2391) to work on /home/airflow/.local/lib/python3.12/site-packages/airflow/example_dags/example_display_name.py
[2024-10-20T14:25:09.052+0000] {processor.py:914} INFO - Processing file /home/airflow/.local/lib/python3.12/site-packages/airflow/example_dags/example_display_name.py for tasks to queue
[2024-10-20T14:25:09.054+0000] {logging_mixin.py:190} INFO - [2024-10-20T14:25:09.054+0000] {dagbag.py:588} INFO - Filling up the DagBag from /home/airflow/.local/lib/python3.12/site-packages/airflow/example_dags/example_display_name.py
[2024-10-20T14:25:09.061+0000] {processor.py:925} INFO - DAG(s) 'example_display_name' retrieved from /home/airflow/.local/lib/python3.12/site-packages/airflow/example_dags/example_display_name.py
[2024-10-20T14:25:09.080+0000] {logging_mixin.py:190} INFO - [2024-10-20T14:25:09.080+0000] {dag.py:3239} INFO - Sync 1 DAGs
[2024-10-20T14:25:09.092+0000] {logging_mixin.py:190} INFO - [2024-10-20T14:25:09.091+0000] {dag.py:4180} INFO - Setting next_dagrun for example_display_name to None, run_after=None
[2024-10-20T14:25:09.110+0000] {processor.py:208} INFO - Processing /home/airflow/.local/lib/python3.12/site-packages/airflow/example_dags/example_display_name.py took 0.065 seconds
[2024-10-20T14:55:26.783+0000] {processor.py:186} INFO - Started process (PID=2455) to work on /home/airflow/.local/lib/python3.12/site-packages/airflow/example_dags/example_display_name.py
[2024-10-20T14:55:26.785+0000] {processor.py:914} INFO - Processing file /home/airflow/.local/lib/python3.12/site-packages/airflow/example_dags/example_display_name.py for tasks to queue
[2024-10-20T14:55:26.787+0000] {logging_mixin.py:190} INFO - [2024-10-20T14:55:26.786+0000] {dagbag.py:588} INFO - Filling up the DagBag from /home/airflow/.local/lib/python3.12/site-packages/airflow/example_dags/example_display_name.py
[2024-10-20T14:55:26.792+0000] {processor.py:925} INFO - DAG(s) 'example_display_name' retrieved from /home/airflow/.local/lib/python3.12/site-packages/airflow/example_dags/example_display_name.py
[2024-10-20T14:55:26.811+0000] {logging_mixin.py:190} INFO - [2024-10-20T14:55:26.810+0000] {dag.py:3239} INFO - Sync 1 DAGs
[2024-10-20T14:55:26.823+0000] {logging_mixin.py:190} INFO - [2024-10-20T14:55:26.822+0000] {dag.py:4180} INFO - Setting next_dagrun for example_display_name to None, run_after=None
[2024-10-20T14:55:26.842+0000] {processor.py:208} INFO - Processing /home/airflow/.local/lib/python3.12/site-packages/airflow/example_dags/example_display_name.py took 0.063 seconds
[2024-10-20T14:55:57.159+0000] {processor.py:186} INFO - Started process (PID=2519) to work on /home/airflow/.local/lib/python3.12/site-packages/airflow/example_dags/example_display_name.py
[2024-10-20T14:55:57.161+0000] {processor.py:914} INFO - Processing file /home/airflow/.local/lib/python3.12/site-packages/airflow/example_dags/example_display_name.py for tasks to queue
[2024-10-20T14:55:57.166+0000] {logging_mixin.py:190} INFO - [2024-10-20T14:55:57.165+0000] {dagbag.py:588} INFO - Filling up the DagBag from /home/airflow/.local/lib/python3.12/site-packages/airflow/example_dags/example_display_name.py
[2024-10-20T14:55:57.178+0000] {processor.py:925} INFO - DAG(s) 'example_display_name' retrieved from /home/airflow/.local/lib/python3.12/site-packages/airflow/example_dags/example_display_name.py
[2024-10-20T14:55:57.199+0000] {logging_mixin.py:190} INFO - [2024-10-20T14:55:57.199+0000] {dag.py:3239} INFO - Sync 1 DAGs
[2024-10-20T14:55:57.212+0000] {logging_mixin.py:190} INFO - [2024-10-20T14:55:57.211+0000] {dag.py:4180} INFO - Setting next_dagrun for example_display_name to None, run_after=None
[2024-10-20T14:55:57.231+0000] {processor.py:208} INFO - Processing /home/airflow/.local/lib/python3.12/site-packages/airflow/example_dags/example_display_name.py took 0.080 seconds
[2024-10-20T14:56:28.110+0000] {processor.py:186} INFO - Started process (PID=2583) to work on /home/airflow/.local/lib/python3.12/site-packages/airflow/example_dags/example_display_name.py
[2024-10-20T14:56:28.111+0000] {processor.py:914} INFO - Processing file /home/airflow/.local/lib/python3.12/site-packages/airflow/example_dags/example_display_name.py for tasks to queue
[2024-10-20T14:56:28.114+0000] {logging_mixin.py:190} INFO - [2024-10-20T14:56:28.114+0000] {dagbag.py:588} INFO - Filling up the DagBag from /home/airflow/.local/lib/python3.12/site-packages/airflow/example_dags/example_display_name.py
[2024-10-20T14:56:28.123+0000] {processor.py:925} INFO - DAG(s) 'example_display_name' retrieved from /home/airflow/.local/lib/python3.12/site-packages/airflow/example_dags/example_display_name.py
[2024-10-20T14:56:28.144+0000] {logging_mixin.py:190} INFO - [2024-10-20T14:56:28.143+0000] {dag.py:3239} INFO - Sync 1 DAGs
[2024-10-20T14:56:28.159+0000] {logging_mixin.py:190} INFO - [2024-10-20T14:56:28.158+0000] {dag.py:4180} INFO - Setting next_dagrun for example_display_name to None, run_after=None
[2024-10-20T14:56:28.179+0000] {processor.py:208} INFO - Processing /home/airflow/.local/lib/python3.12/site-packages/airflow/example_dags/example_display_name.py took 0.075 seconds
[2024-10-20T14:56:58.743+0000] {processor.py:186} INFO - Started process (PID=2646) to work on /home/airflow/.local/lib/python3.12/site-packages/airflow/example_dags/example_display_name.py
[2024-10-20T14:56:58.745+0000] {processor.py:914} INFO - Processing file /home/airflow/.local/lib/python3.12/site-packages/airflow/example_dags/example_display_name.py for tasks to queue
[2024-10-20T14:56:58.747+0000] {logging_mixin.py:190} INFO - [2024-10-20T14:56:58.747+0000] {dagbag.py:588} INFO - Filling up the DagBag from /home/airflow/.local/lib/python3.12/site-packages/airflow/example_dags/example_display_name.py
[2024-10-20T14:56:58.757+0000] {processor.py:925} INFO - DAG(s) 'example_display_name' retrieved from /home/airflow/.local/lib/python3.12/site-packages/airflow/example_dags/example_display_name.py
[2024-10-20T14:56:58.776+0000] {logging_mixin.py:190} INFO - [2024-10-20T14:56:58.776+0000] {dag.py:3239} INFO - Sync 1 DAGs
[2024-10-20T14:56:58.789+0000] {logging_mixin.py:190} INFO - [2024-10-20T14:56:58.789+0000] {dag.py:4180} INFO - Setting next_dagrun for example_display_name to None, run_after=None
[2024-10-20T14:56:58.807+0000] {processor.py:208} INFO - Processing /home/airflow/.local/lib/python3.12/site-packages/airflow/example_dags/example_display_name.py took 0.071 seconds
[2024-10-20T14:57:29.228+0000] {processor.py:186} INFO - Started process (PID=2710) to work on /home/airflow/.local/lib/python3.12/site-packages/airflow/example_dags/example_display_name.py
[2024-10-20T14:57:29.229+0000] {processor.py:914} INFO - Processing file /home/airflow/.local/lib/python3.12/site-packages/airflow/example_dags/example_display_name.py for tasks to queue
[2024-10-20T14:57:29.231+0000] {logging_mixin.py:190} INFO - [2024-10-20T14:57:29.231+0000] {dagbag.py:588} INFO - Filling up the DagBag from /home/airflow/.local/lib/python3.12/site-packages/airflow/example_dags/example_display_name.py
[2024-10-20T14:57:29.237+0000] {processor.py:925} INFO - DAG(s) 'example_display_name' retrieved from /home/airflow/.local/lib/python3.12/site-packages/airflow/example_dags/example_display_name.py
[2024-10-20T14:57:29.255+0000] {logging_mixin.py:190} INFO - [2024-10-20T14:57:29.255+0000] {dag.py:3239} INFO - Sync 1 DAGs
[2024-10-20T14:57:29.268+0000] {logging_mixin.py:190} INFO - [2024-10-20T14:57:29.268+0000] {dag.py:4180} INFO - Setting next_dagrun for example_display_name to None, run_after=None
[2024-10-20T14:57:29.308+0000] {processor.py:208} INFO - Processing /home/airflow/.local/lib/python3.12/site-packages/airflow/example_dags/example_display_name.py took 0.085 seconds
[2024-10-20T14:58:00.217+0000] {processor.py:186} INFO - Started process (PID=2774) to work on /home/airflow/.local/lib/python3.12/site-packages/airflow/example_dags/example_display_name.py
[2024-10-20T14:58:00.218+0000] {processor.py:914} INFO - Processing file /home/airflow/.local/lib/python3.12/site-packages/airflow/example_dags/example_display_name.py for tasks to queue
[2024-10-20T14:58:00.220+0000] {logging_mixin.py:190} INFO - [2024-10-20T14:58:00.220+0000] {dagbag.py:588} INFO - Filling up the DagBag from /home/airflow/.local/lib/python3.12/site-packages/airflow/example_dags/example_display_name.py
[2024-10-20T14:58:00.227+0000] {processor.py:925} INFO - DAG(s) 'example_display_name' retrieved from /home/airflow/.local/lib/python3.12/site-packages/airflow/example_dags/example_display_name.py
[2024-10-20T14:58:00.249+0000] {logging_mixin.py:190} INFO - [2024-10-20T14:58:00.248+0000] {dag.py:3239} INFO - Sync 1 DAGs
[2024-10-20T14:58:00.263+0000] {logging_mixin.py:190} INFO - [2024-10-20T14:58:00.262+0000] {dag.py:4180} INFO - Setting next_dagrun for example_display_name to None, run_after=None
[2024-10-20T14:58:00.282+0000] {processor.py:208} INFO - Processing /home/airflow/.local/lib/python3.12/site-packages/airflow/example_dags/example_display_name.py took 0.070 seconds
[2024-10-20T14:58:30.826+0000] {processor.py:186} INFO - Started process (PID=2838) to work on /home/airflow/.local/lib/python3.12/site-packages/airflow/example_dags/example_display_name.py
[2024-10-20T14:58:30.828+0000] {processor.py:914} INFO - Processing file /home/airflow/.local/lib/python3.12/site-packages/airflow/example_dags/example_display_name.py for tasks to queue
[2024-10-20T14:58:30.830+0000] {logging_mixin.py:190} INFO - [2024-10-20T14:58:30.829+0000] {dagbag.py:588} INFO - Filling up the DagBag from /home/airflow/.local/lib/python3.12/site-packages/airflow/example_dags/example_display_name.py
[2024-10-20T14:58:30.837+0000] {processor.py:925} INFO - DAG(s) 'example_display_name' retrieved from /home/airflow/.local/lib/python3.12/site-packages/airflow/example_dags/example_display_name.py
[2024-10-20T14:58:30.858+0000] {logging_mixin.py:190} INFO - [2024-10-20T14:58:30.858+0000] {dag.py:3239} INFO - Sync 1 DAGs
[2024-10-20T14:58:30.872+0000] {logging_mixin.py:190} INFO - [2024-10-20T14:58:30.871+0000] {dag.py:4180} INFO - Setting next_dagrun for example_display_name to None, run_after=None
[2024-10-20T14:58:30.891+0000] {processor.py:208} INFO - Processing /home/airflow/.local/lib/python3.12/site-packages/airflow/example_dags/example_display_name.py took 0.072 seconds
[2024-10-20T14:59:01.508+0000] {processor.py:186} INFO - Started process (PID=2902) to work on /home/airflow/.local/lib/python3.12/site-packages/airflow/example_dags/example_display_name.py
[2024-10-20T14:59:01.510+0000] {processor.py:914} INFO - Processing file /home/airflow/.local/lib/python3.12/site-packages/airflow/example_dags/example_display_name.py for tasks to queue
[2024-10-20T14:59:01.513+0000] {logging_mixin.py:190} INFO - [2024-10-20T14:59:01.513+0000] {dagbag.py:588} INFO - Filling up the DagBag from /home/airflow/.local/lib/python3.12/site-packages/airflow/example_dags/example_display_name.py
[2024-10-20T14:59:01.520+0000] {processor.py:925} INFO - DAG(s) 'example_display_name' retrieved from /home/airflow/.local/lib/python3.12/site-packages/airflow/example_dags/example_display_name.py
[2024-10-20T14:59:01.540+0000] {logging_mixin.py:190} INFO - [2024-10-20T14:59:01.540+0000] {dag.py:3239} INFO - Sync 1 DAGs
[2024-10-20T14:59:01.555+0000] {logging_mixin.py:190} INFO - [2024-10-20T14:59:01.554+0000] {dag.py:4180} INFO - Setting next_dagrun for example_display_name to None, run_after=None
[2024-10-20T14:59:01.578+0000] {processor.py:208} INFO - Processing /home/airflow/.local/lib/python3.12/site-packages/airflow/example_dags/example_display_name.py took 0.075 seconds
[2024-10-20T14:59:32.489+0000] {processor.py:186} INFO - Started process (PID=2966) to work on /home/airflow/.local/lib/python3.12/site-packages/airflow/example_dags/example_display_name.py
[2024-10-20T14:59:32.491+0000] {processor.py:914} INFO - Processing file /home/airflow/.local/lib/python3.12/site-packages/airflow/example_dags/example_display_name.py for tasks to queue
[2024-10-20T14:59:32.494+0000] {logging_mixin.py:190} INFO - [2024-10-20T14:59:32.493+0000] {dagbag.py:588} INFO - Filling up the DagBag from /home/airflow/.local/lib/python3.12/site-packages/airflow/example_dags/example_display_name.py
[2024-10-20T14:59:32.500+0000] {processor.py:925} INFO - DAG(s) 'example_display_name' retrieved from /home/airflow/.local/lib/python3.12/site-packages/airflow/example_dags/example_display_name.py
[2024-10-20T14:59:32.519+0000] {logging_mixin.py:190} INFO - [2024-10-20T14:59:32.519+0000] {dag.py:3239} INFO - Sync 1 DAGs
[2024-10-20T14:59:32.532+0000] {logging_mixin.py:190} INFO - [2024-10-20T14:59:32.532+0000] {dag.py:4180} INFO - Setting next_dagrun for example_display_name to None, run_after=None
[2024-10-20T14:59:32.552+0000] {processor.py:208} INFO - Processing /home/airflow/.local/lib/python3.12/site-packages/airflow/example_dags/example_display_name.py took 0.067 seconds
[2024-10-20T15:00:03.116+0000] {processor.py:186} INFO - Started process (PID=3030) to work on /home/airflow/.local/lib/python3.12/site-packages/airflow/example_dags/example_display_name.py
[2024-10-20T15:00:03.117+0000] {processor.py:914} INFO - Processing file /home/airflow/.local/lib/python3.12/site-packages/airflow/example_dags/example_display_name.py for tasks to queue
[2024-10-20T15:00:03.119+0000] {logging_mixin.py:190} INFO - [2024-10-20T15:00:03.119+0000] {dagbag.py:588} INFO - Filling up the DagBag from /home/airflow/.local/lib/python3.12/site-packages/airflow/example_dags/example_display_name.py
[2024-10-20T15:00:03.125+0000] {processor.py:925} INFO - DAG(s) 'example_display_name' retrieved from /home/airflow/.local/lib/python3.12/site-packages/airflow/example_dags/example_display_name.py
[2024-10-20T15:00:03.144+0000] {logging_mixin.py:190} INFO - [2024-10-20T15:00:03.143+0000] {dag.py:3239} INFO - Sync 1 DAGs
[2024-10-20T15:00:03.157+0000] {logging_mixin.py:190} INFO - [2024-10-20T15:00:03.156+0000] {dag.py:4180} INFO - Setting next_dagrun for example_display_name to None, run_after=None
[2024-10-20T15:00:03.177+0000] {processor.py:208} INFO - Processing /home/airflow/.local/lib/python3.12/site-packages/airflow/example_dags/example_display_name.py took 0.068 seconds
