[2024-10-20T14:03:40.449+0000] {processor.py:186} INFO - Started process (PID=105) to work on /home/airflow/.local/lib/python3.12/site-packages/airflow/example_dags/example_kubernetes_executor.py
[2024-10-20T14:03:40.450+0000] {processor.py:914} INFO - Processing file /home/airflow/.local/lib/python3.12/site-packages/airflow/example_dags/example_kubernetes_executor.py for tasks to queue
[2024-10-20T14:03:40.452+0000] {logging_mixin.py:190} INFO - [2024-10-20T14:03:40.452+0000] {dagbag.py:588} INFO - Filling up the DagBag from /home/airflow/.local/lib/python3.12/site-packages/airflow/example_dags/example_kubernetes_executor.py
[2024-10-20T14:03:40.465+0000] {processor.py:925} INFO - DAG(s) 'example_kubernetes_executor' retrieved from /home/airflow/.local/lib/python3.12/site-packages/airflow/example_dags/example_kubernetes_executor.py
[2024-10-20T14:03:40.501+0000] {logging_mixin.py:190} INFO - [2024-10-20T14:03:40.501+0000] {dag.py:3239} INFO - Sync 1 DAGs
[2024-10-20T14:03:40.513+0000] {logging_mixin.py:190} INFO - [2024-10-20T14:03:40.513+0000] {dag.py:4180} INFO - Setting next_dagrun for example_kubernetes_executor to None, run_after=None
[2024-10-20T14:03:40.532+0000] {processor.py:208} INFO - Processing /home/airflow/.local/lib/python3.12/site-packages/airflow/example_dags/example_kubernetes_executor.py took 0.088 seconds
[2024-10-20T14:04:10.652+0000] {processor.py:186} INFO - Started process (PID=168) to work on /home/airflow/.local/lib/python3.12/site-packages/airflow/example_dags/example_kubernetes_executor.py
[2024-10-20T14:04:10.653+0000] {processor.py:914} INFO - Processing file /home/airflow/.local/lib/python3.12/site-packages/airflow/example_dags/example_kubernetes_executor.py for tasks to queue
[2024-10-20T14:04:10.655+0000] {logging_mixin.py:190} INFO - [2024-10-20T14:04:10.655+0000] {dagbag.py:588} INFO - Filling up the DagBag from /home/airflow/.local/lib/python3.12/site-packages/airflow/example_dags/example_kubernetes_executor.py
[2024-10-20T14:04:10.666+0000] {processor.py:925} INFO - DAG(s) 'example_kubernetes_executor' retrieved from /home/airflow/.local/lib/python3.12/site-packages/airflow/example_dags/example_kubernetes_executor.py
[2024-10-20T14:04:10.704+0000] {logging_mixin.py:190} INFO - [2024-10-20T14:04:10.703+0000] {dag.py:3239} INFO - Sync 1 DAGs
[2024-10-20T14:04:10.716+0000] {logging_mixin.py:190} INFO - [2024-10-20T14:04:10.716+0000] {dag.py:4180} INFO - Setting next_dagrun for example_kubernetes_executor to None, run_after=None
[2024-10-20T14:04:10.733+0000] {processor.py:208} INFO - Processing /home/airflow/.local/lib/python3.12/site-packages/airflow/example_dags/example_kubernetes_executor.py took 0.085 seconds
[2024-10-20T14:04:40.934+0000] {processor.py:186} INFO - Started process (PID=232) to work on /home/airflow/.local/lib/python3.12/site-packages/airflow/example_dags/example_kubernetes_executor.py
[2024-10-20T14:04:40.935+0000] {processor.py:914} INFO - Processing file /home/airflow/.local/lib/python3.12/site-packages/airflow/example_dags/example_kubernetes_executor.py for tasks to queue
[2024-10-20T14:04:40.938+0000] {logging_mixin.py:190} INFO - [2024-10-20T14:04:40.938+0000] {dagbag.py:588} INFO - Filling up the DagBag from /home/airflow/.local/lib/python3.12/site-packages/airflow/example_dags/example_kubernetes_executor.py
[2024-10-20T14:04:40.950+0000] {processor.py:925} INFO - DAG(s) 'example_kubernetes_executor' retrieved from /home/airflow/.local/lib/python3.12/site-packages/airflow/example_dags/example_kubernetes_executor.py
[2024-10-20T14:04:40.982+0000] {logging_mixin.py:190} INFO - [2024-10-20T14:04:40.982+0000] {dag.py:3239} INFO - Sync 1 DAGs
[2024-10-20T14:04:40.999+0000] {logging_mixin.py:190} INFO - [2024-10-20T14:04:40.998+0000] {dag.py:4180} INFO - Setting next_dagrun for example_kubernetes_executor to None, run_after=None
[2024-10-20T14:04:41.020+0000] {processor.py:208} INFO - Processing /home/airflow/.local/lib/python3.12/site-packages/airflow/example_dags/example_kubernetes_executor.py took 0.092 seconds
[2024-10-20T14:05:11.201+0000] {processor.py:186} INFO - Started process (PID=295) to work on /home/airflow/.local/lib/python3.12/site-packages/airflow/example_dags/example_kubernetes_executor.py
[2024-10-20T14:05:11.202+0000] {processor.py:914} INFO - Processing file /home/airflow/.local/lib/python3.12/site-packages/airflow/example_dags/example_kubernetes_executor.py for tasks to queue
[2024-10-20T14:05:11.205+0000] {logging_mixin.py:190} INFO - [2024-10-20T14:05:11.204+0000] {dagbag.py:588} INFO - Filling up the DagBag from /home/airflow/.local/lib/python3.12/site-packages/airflow/example_dags/example_kubernetes_executor.py
[2024-10-20T14:05:11.223+0000] {processor.py:925} INFO - DAG(s) 'example_kubernetes_executor' retrieved from /home/airflow/.local/lib/python3.12/site-packages/airflow/example_dags/example_kubernetes_executor.py
[2024-10-20T14:05:11.270+0000] {logging_mixin.py:190} INFO - [2024-10-20T14:05:11.270+0000] {dag.py:3239} INFO - Sync 1 DAGs
[2024-10-20T14:05:11.285+0000] {logging_mixin.py:190} INFO - [2024-10-20T14:05:11.285+0000] {dag.py:4180} INFO - Setting next_dagrun for example_kubernetes_executor to None, run_after=None
[2024-10-20T14:05:11.304+0000] {processor.py:208} INFO - Processing /home/airflow/.local/lib/python3.12/site-packages/airflow/example_dags/example_kubernetes_executor.py took 0.108 seconds
[2024-10-20T14:06:41.936+0000] {processor.py:186} INFO - Started process (PID=97) to work on /home/airflow/.local/lib/python3.12/site-packages/airflow/example_dags/example_kubernetes_executor.py
[2024-10-20T14:06:41.937+0000] {processor.py:914} INFO - Processing file /home/airflow/.local/lib/python3.12/site-packages/airflow/example_dags/example_kubernetes_executor.py for tasks to queue
[2024-10-20T14:06:41.939+0000] {logging_mixin.py:190} INFO - [2024-10-20T14:06:41.939+0000] {dagbag.py:588} INFO - Filling up the DagBag from /home/airflow/.local/lib/python3.12/site-packages/airflow/example_dags/example_kubernetes_executor.py
[2024-10-20T14:06:41.952+0000] {processor.py:925} INFO - DAG(s) 'example_kubernetes_executor' retrieved from /home/airflow/.local/lib/python3.12/site-packages/airflow/example_dags/example_kubernetes_executor.py
[2024-10-20T14:06:41.988+0000] {logging_mixin.py:190} INFO - [2024-10-20T14:06:41.988+0000] {dag.py:3239} INFO - Sync 1 DAGs
[2024-10-20T14:06:41.999+0000] {logging_mixin.py:190} INFO - [2024-10-20T14:06:41.999+0000] {dag.py:4180} INFO - Setting next_dagrun for example_kubernetes_executor to None, run_after=None
[2024-10-20T14:06:42.016+0000] {processor.py:208} INFO - Processing /home/airflow/.local/lib/python3.12/site-packages/airflow/example_dags/example_kubernetes_executor.py took 0.084 seconds
[2024-10-20T14:07:12.135+0000] {processor.py:186} INFO - Started process (PID=159) to work on /home/airflow/.local/lib/python3.12/site-packages/airflow/example_dags/example_kubernetes_executor.py
[2024-10-20T14:07:12.136+0000] {processor.py:914} INFO - Processing file /home/airflow/.local/lib/python3.12/site-packages/airflow/example_dags/example_kubernetes_executor.py for tasks to queue
[2024-10-20T14:07:12.139+0000] {logging_mixin.py:190} INFO - [2024-10-20T14:07:12.138+0000] {dagbag.py:588} INFO - Filling up the DagBag from /home/airflow/.local/lib/python3.12/site-packages/airflow/example_dags/example_kubernetes_executor.py
[2024-10-20T14:07:12.159+0000] {processor.py:925} INFO - DAG(s) 'example_kubernetes_executor' retrieved from /home/airflow/.local/lib/python3.12/site-packages/airflow/example_dags/example_kubernetes_executor.py
[2024-10-20T14:07:12.191+0000] {logging_mixin.py:190} INFO - [2024-10-20T14:07:12.191+0000] {dag.py:3239} INFO - Sync 1 DAGs
[2024-10-20T14:07:12.205+0000] {logging_mixin.py:190} INFO - [2024-10-20T14:07:12.205+0000] {dag.py:4180} INFO - Setting next_dagrun for example_kubernetes_executor to None, run_after=None
[2024-10-20T14:07:12.223+0000] {processor.py:208} INFO - Processing /home/airflow/.local/lib/python3.12/site-packages/airflow/example_dags/example_kubernetes_executor.py took 0.094 seconds
[2024-10-20T14:07:42.388+0000] {processor.py:186} INFO - Started process (PID=222) to work on /home/airflow/.local/lib/python3.12/site-packages/airflow/example_dags/example_kubernetes_executor.py
[2024-10-20T14:07:42.389+0000] {processor.py:914} INFO - Processing file /home/airflow/.local/lib/python3.12/site-packages/airflow/example_dags/example_kubernetes_executor.py for tasks to queue
[2024-10-20T14:07:42.391+0000] {logging_mixin.py:190} INFO - [2024-10-20T14:07:42.391+0000] {dagbag.py:588} INFO - Filling up the DagBag from /home/airflow/.local/lib/python3.12/site-packages/airflow/example_dags/example_kubernetes_executor.py
[2024-10-20T14:07:42.403+0000] {processor.py:925} INFO - DAG(s) 'example_kubernetes_executor' retrieved from /home/airflow/.local/lib/python3.12/site-packages/airflow/example_dags/example_kubernetes_executor.py
[2024-10-20T14:07:42.438+0000] {logging_mixin.py:190} INFO - [2024-10-20T14:07:42.438+0000] {dag.py:3239} INFO - Sync 1 DAGs
[2024-10-20T14:07:42.449+0000] {logging_mixin.py:190} INFO - [2024-10-20T14:07:42.449+0000] {dag.py:4180} INFO - Setting next_dagrun for example_kubernetes_executor to None, run_after=None
[2024-10-20T14:07:42.467+0000] {processor.py:208} INFO - Processing /home/airflow/.local/lib/python3.12/site-packages/airflow/example_dags/example_kubernetes_executor.py took 0.085 seconds
[2024-10-20T14:08:13.458+0000] {processor.py:186} INFO - Started process (PID=285) to work on /home/airflow/.local/lib/python3.12/site-packages/airflow/example_dags/example_kubernetes_executor.py
[2024-10-20T14:08:13.459+0000] {processor.py:914} INFO - Processing file /home/airflow/.local/lib/python3.12/site-packages/airflow/example_dags/example_kubernetes_executor.py for tasks to queue
[2024-10-20T14:08:13.461+0000] {logging_mixin.py:190} INFO - [2024-10-20T14:08:13.461+0000] {dagbag.py:588} INFO - Filling up the DagBag from /home/airflow/.local/lib/python3.12/site-packages/airflow/example_dags/example_kubernetes_executor.py
[2024-10-20T14:08:13.476+0000] {processor.py:925} INFO - DAG(s) 'example_kubernetes_executor' retrieved from /home/airflow/.local/lib/python3.12/site-packages/airflow/example_dags/example_kubernetes_executor.py
[2024-10-20T14:08:13.512+0000] {logging_mixin.py:190} INFO - [2024-10-20T14:08:13.512+0000] {dag.py:3239} INFO - Sync 1 DAGs
[2024-10-20T14:08:13.525+0000] {logging_mixin.py:190} INFO - [2024-10-20T14:08:13.525+0000] {dag.py:4180} INFO - Setting next_dagrun for example_kubernetes_executor to None, run_after=None
[2024-10-20T14:08:13.542+0000] {processor.py:208} INFO - Processing /home/airflow/.local/lib/python3.12/site-packages/airflow/example_dags/example_kubernetes_executor.py took 0.089 seconds
[2024-10-20T14:08:44.421+0000] {processor.py:186} INFO - Started process (PID=349) to work on /home/airflow/.local/lib/python3.12/site-packages/airflow/example_dags/example_kubernetes_executor.py
[2024-10-20T14:08:44.423+0000] {processor.py:914} INFO - Processing file /home/airflow/.local/lib/python3.12/site-packages/airflow/example_dags/example_kubernetes_executor.py for tasks to queue
[2024-10-20T14:08:44.425+0000] {logging_mixin.py:190} INFO - [2024-10-20T14:08:44.425+0000] {dagbag.py:588} INFO - Filling up the DagBag from /home/airflow/.local/lib/python3.12/site-packages/airflow/example_dags/example_kubernetes_executor.py
[2024-10-20T14:08:44.439+0000] {processor.py:925} INFO - DAG(s) 'example_kubernetes_executor' retrieved from /home/airflow/.local/lib/python3.12/site-packages/airflow/example_dags/example_kubernetes_executor.py
[2024-10-20T14:08:44.477+0000] {logging_mixin.py:190} INFO - [2024-10-20T14:08:44.477+0000] {dag.py:3239} INFO - Sync 1 DAGs
[2024-10-20T14:08:44.489+0000] {logging_mixin.py:190} INFO - [2024-10-20T14:08:44.489+0000] {dag.py:4180} INFO - Setting next_dagrun for example_kubernetes_executor to None, run_after=None
[2024-10-20T14:08:44.507+0000] {processor.py:208} INFO - Processing /home/airflow/.local/lib/python3.12/site-packages/airflow/example_dags/example_kubernetes_executor.py took 0.092 seconds
[2024-10-20T14:09:15.142+0000] {processor.py:186} INFO - Started process (PID=412) to work on /home/airflow/.local/lib/python3.12/site-packages/airflow/example_dags/example_kubernetes_executor.py
[2024-10-20T14:09:15.144+0000] {processor.py:914} INFO - Processing file /home/airflow/.local/lib/python3.12/site-packages/airflow/example_dags/example_kubernetes_executor.py for tasks to queue
[2024-10-20T14:09:15.146+0000] {logging_mixin.py:190} INFO - [2024-10-20T14:09:15.145+0000] {dagbag.py:588} INFO - Filling up the DagBag from /home/airflow/.local/lib/python3.12/site-packages/airflow/example_dags/example_kubernetes_executor.py
[2024-10-20T14:09:15.162+0000] {processor.py:925} INFO - DAG(s) 'example_kubernetes_executor' retrieved from /home/airflow/.local/lib/python3.12/site-packages/airflow/example_dags/example_kubernetes_executor.py
[2024-10-20T14:09:15.195+0000] {logging_mixin.py:190} INFO - [2024-10-20T14:09:15.195+0000] {dag.py:3239} INFO - Sync 1 DAGs
[2024-10-20T14:09:15.211+0000] {logging_mixin.py:190} INFO - [2024-10-20T14:09:15.211+0000] {dag.py:4180} INFO - Setting next_dagrun for example_kubernetes_executor to None, run_after=None
[2024-10-20T14:09:15.232+0000] {processor.py:208} INFO - Processing /home/airflow/.local/lib/python3.12/site-packages/airflow/example_dags/example_kubernetes_executor.py took 0.096 seconds
[2024-10-20T14:09:46.316+0000] {processor.py:186} INFO - Started process (PID=475) to work on /home/airflow/.local/lib/python3.12/site-packages/airflow/example_dags/example_kubernetes_executor.py
[2024-10-20T14:09:46.317+0000] {processor.py:914} INFO - Processing file /home/airflow/.local/lib/python3.12/site-packages/airflow/example_dags/example_kubernetes_executor.py for tasks to queue
[2024-10-20T14:09:46.320+0000] {logging_mixin.py:190} INFO - [2024-10-20T14:09:46.319+0000] {dagbag.py:588} INFO - Filling up the DagBag from /home/airflow/.local/lib/python3.12/site-packages/airflow/example_dags/example_kubernetes_executor.py
[2024-10-20T14:09:46.332+0000] {processor.py:925} INFO - DAG(s) 'example_kubernetes_executor' retrieved from /home/airflow/.local/lib/python3.12/site-packages/airflow/example_dags/example_kubernetes_executor.py
[2024-10-20T14:09:46.367+0000] {logging_mixin.py:190} INFO - [2024-10-20T14:09:46.367+0000] {dag.py:3239} INFO - Sync 1 DAGs
[2024-10-20T14:09:46.381+0000] {logging_mixin.py:190} INFO - [2024-10-20T14:09:46.381+0000] {dag.py:4180} INFO - Setting next_dagrun for example_kubernetes_executor to None, run_after=None
[2024-10-20T14:09:46.400+0000] {processor.py:208} INFO - Processing /home/airflow/.local/lib/python3.12/site-packages/airflow/example_dags/example_kubernetes_executor.py took 0.089 seconds
[2024-10-20T14:10:17.306+0000] {processor.py:186} INFO - Started process (PID=538) to work on /home/airflow/.local/lib/python3.12/site-packages/airflow/example_dags/example_kubernetes_executor.py
[2024-10-20T14:10:17.307+0000] {processor.py:914} INFO - Processing file /home/airflow/.local/lib/python3.12/site-packages/airflow/example_dags/example_kubernetes_executor.py for tasks to queue
[2024-10-20T14:10:17.309+0000] {logging_mixin.py:190} INFO - [2024-10-20T14:10:17.309+0000] {dagbag.py:588} INFO - Filling up the DagBag from /home/airflow/.local/lib/python3.12/site-packages/airflow/example_dags/example_kubernetes_executor.py
[2024-10-20T14:10:17.321+0000] {processor.py:925} INFO - DAG(s) 'example_kubernetes_executor' retrieved from /home/airflow/.local/lib/python3.12/site-packages/airflow/example_dags/example_kubernetes_executor.py
[2024-10-20T14:10:17.360+0000] {logging_mixin.py:190} INFO - [2024-10-20T14:10:17.359+0000] {dag.py:3239} INFO - Sync 1 DAGs
[2024-10-20T14:10:17.372+0000] {logging_mixin.py:190} INFO - [2024-10-20T14:10:17.372+0000] {dag.py:4180} INFO - Setting next_dagrun for example_kubernetes_executor to None, run_after=None
[2024-10-20T14:10:17.390+0000] {processor.py:208} INFO - Processing /home/airflow/.local/lib/python3.12/site-packages/airflow/example_dags/example_kubernetes_executor.py took 0.089 seconds
[2024-10-20T14:10:48.180+0000] {processor.py:186} INFO - Started process (PID=601) to work on /home/airflow/.local/lib/python3.12/site-packages/airflow/example_dags/example_kubernetes_executor.py
[2024-10-20T14:10:48.181+0000] {processor.py:914} INFO - Processing file /home/airflow/.local/lib/python3.12/site-packages/airflow/example_dags/example_kubernetes_executor.py for tasks to queue
[2024-10-20T14:10:48.183+0000] {logging_mixin.py:190} INFO - [2024-10-20T14:10:48.183+0000] {dagbag.py:588} INFO - Filling up the DagBag from /home/airflow/.local/lib/python3.12/site-packages/airflow/example_dags/example_kubernetes_executor.py
[2024-10-20T14:10:48.195+0000] {processor.py:925} INFO - DAG(s) 'example_kubernetes_executor' retrieved from /home/airflow/.local/lib/python3.12/site-packages/airflow/example_dags/example_kubernetes_executor.py
[2024-10-20T14:10:48.229+0000] {logging_mixin.py:190} INFO - [2024-10-20T14:10:48.229+0000] {dag.py:3239} INFO - Sync 1 DAGs
[2024-10-20T14:10:48.241+0000] {logging_mixin.py:190} INFO - [2024-10-20T14:10:48.240+0000] {dag.py:4180} INFO - Setting next_dagrun for example_kubernetes_executor to None, run_after=None
[2024-10-20T14:10:48.260+0000] {processor.py:208} INFO - Processing /home/airflow/.local/lib/python3.12/site-packages/airflow/example_dags/example_kubernetes_executor.py took 0.086 seconds
[2024-10-20T14:11:19.466+0000] {processor.py:186} INFO - Started process (PID=664) to work on /home/airflow/.local/lib/python3.12/site-packages/airflow/example_dags/example_kubernetes_executor.py
[2024-10-20T14:11:19.466+0000] {processor.py:914} INFO - Processing file /home/airflow/.local/lib/python3.12/site-packages/airflow/example_dags/example_kubernetes_executor.py for tasks to queue
[2024-10-20T14:11:19.468+0000] {logging_mixin.py:190} INFO - [2024-10-20T14:11:19.468+0000] {dagbag.py:588} INFO - Filling up the DagBag from /home/airflow/.local/lib/python3.12/site-packages/airflow/example_dags/example_kubernetes_executor.py
[2024-10-20T14:11:19.479+0000] {processor.py:925} INFO - DAG(s) 'example_kubernetes_executor' retrieved from /home/airflow/.local/lib/python3.12/site-packages/airflow/example_dags/example_kubernetes_executor.py
[2024-10-20T14:11:19.513+0000] {logging_mixin.py:190} INFO - [2024-10-20T14:11:19.513+0000] {dag.py:3239} INFO - Sync 1 DAGs
[2024-10-20T14:11:19.526+0000] {logging_mixin.py:190} INFO - [2024-10-20T14:11:19.525+0000] {dag.py:4180} INFO - Setting next_dagrun for example_kubernetes_executor to None, run_after=None
[2024-10-20T14:11:19.545+0000] {processor.py:208} INFO - Processing /home/airflow/.local/lib/python3.12/site-packages/airflow/example_dags/example_kubernetes_executor.py took 0.084 seconds
[2024-10-20T14:11:50.162+0000] {processor.py:186} INFO - Started process (PID=726) to work on /home/airflow/.local/lib/python3.12/site-packages/airflow/example_dags/example_kubernetes_executor.py
[2024-10-20T14:11:50.163+0000] {processor.py:914} INFO - Processing file /home/airflow/.local/lib/python3.12/site-packages/airflow/example_dags/example_kubernetes_executor.py for tasks to queue
[2024-10-20T14:11:50.165+0000] {logging_mixin.py:190} INFO - [2024-10-20T14:11:50.165+0000] {dagbag.py:588} INFO - Filling up the DagBag from /home/airflow/.local/lib/python3.12/site-packages/airflow/example_dags/example_kubernetes_executor.py
[2024-10-20T14:11:50.177+0000] {processor.py:925} INFO - DAG(s) 'example_kubernetes_executor' retrieved from /home/airflow/.local/lib/python3.12/site-packages/airflow/example_dags/example_kubernetes_executor.py
[2024-10-20T14:11:50.213+0000] {logging_mixin.py:190} INFO - [2024-10-20T14:11:50.212+0000] {dag.py:3239} INFO - Sync 1 DAGs
[2024-10-20T14:11:50.227+0000] {logging_mixin.py:190} INFO - [2024-10-20T14:11:50.227+0000] {dag.py:4180} INFO - Setting next_dagrun for example_kubernetes_executor to None, run_after=None
[2024-10-20T14:11:50.246+0000] {processor.py:208} INFO - Processing /home/airflow/.local/lib/python3.12/site-packages/airflow/example_dags/example_kubernetes_executor.py took 0.088 seconds
[2024-10-20T14:12:21.023+0000] {processor.py:186} INFO - Started process (PID=789) to work on /home/airflow/.local/lib/python3.12/site-packages/airflow/example_dags/example_kubernetes_executor.py
[2024-10-20T14:12:21.025+0000] {processor.py:914} INFO - Processing file /home/airflow/.local/lib/python3.12/site-packages/airflow/example_dags/example_kubernetes_executor.py for tasks to queue
[2024-10-20T14:12:21.027+0000] {logging_mixin.py:190} INFO - [2024-10-20T14:12:21.026+0000] {dagbag.py:588} INFO - Filling up the DagBag from /home/airflow/.local/lib/python3.12/site-packages/airflow/example_dags/example_kubernetes_executor.py
[2024-10-20T14:12:21.039+0000] {processor.py:925} INFO - DAG(s) 'example_kubernetes_executor' retrieved from /home/airflow/.local/lib/python3.12/site-packages/airflow/example_dags/example_kubernetes_executor.py
[2024-10-20T14:12:21.078+0000] {logging_mixin.py:190} INFO - [2024-10-20T14:12:21.078+0000] {dag.py:3239} INFO - Sync 1 DAGs
[2024-10-20T14:12:21.092+0000] {logging_mixin.py:190} INFO - [2024-10-20T14:12:21.092+0000] {dag.py:4180} INFO - Setting next_dagrun for example_kubernetes_executor to None, run_after=None
[2024-10-20T14:12:21.113+0000] {processor.py:208} INFO - Processing /home/airflow/.local/lib/python3.12/site-packages/airflow/example_dags/example_kubernetes_executor.py took 0.095 seconds
[2024-10-20T14:12:51.912+0000] {processor.py:186} INFO - Started process (PID=852) to work on /home/airflow/.local/lib/python3.12/site-packages/airflow/example_dags/example_kubernetes_executor.py
[2024-10-20T14:12:51.913+0000] {processor.py:914} INFO - Processing file /home/airflow/.local/lib/python3.12/site-packages/airflow/example_dags/example_kubernetes_executor.py for tasks to queue
[2024-10-20T14:12:51.915+0000] {logging_mixin.py:190} INFO - [2024-10-20T14:12:51.915+0000] {dagbag.py:588} INFO - Filling up the DagBag from /home/airflow/.local/lib/python3.12/site-packages/airflow/example_dags/example_kubernetes_executor.py
[2024-10-20T14:12:51.929+0000] {processor.py:925} INFO - DAG(s) 'example_kubernetes_executor' retrieved from /home/airflow/.local/lib/python3.12/site-packages/airflow/example_dags/example_kubernetes_executor.py
[2024-10-20T14:12:51.962+0000] {logging_mixin.py:190} INFO - [2024-10-20T14:12:51.961+0000] {dag.py:3239} INFO - Sync 1 DAGs
[2024-10-20T14:12:51.976+0000] {logging_mixin.py:190} INFO - [2024-10-20T14:12:51.976+0000] {dag.py:4180} INFO - Setting next_dagrun for example_kubernetes_executor to None, run_after=None
[2024-10-20T14:12:51.999+0000] {processor.py:208} INFO - Processing /home/airflow/.local/lib/python3.12/site-packages/airflow/example_dags/example_kubernetes_executor.py took 0.093 seconds
[2024-10-20T14:13:22.167+0000] {processor.py:186} INFO - Started process (PID=915) to work on /home/airflow/.local/lib/python3.12/site-packages/airflow/example_dags/example_kubernetes_executor.py
[2024-10-20T14:13:22.169+0000] {processor.py:914} INFO - Processing file /home/airflow/.local/lib/python3.12/site-packages/airflow/example_dags/example_kubernetes_executor.py for tasks to queue
[2024-10-20T14:13:22.172+0000] {logging_mixin.py:190} INFO - [2024-10-20T14:13:22.172+0000] {dagbag.py:588} INFO - Filling up the DagBag from /home/airflow/.local/lib/python3.12/site-packages/airflow/example_dags/example_kubernetes_executor.py
[2024-10-20T14:13:22.188+0000] {processor.py:925} INFO - DAG(s) 'example_kubernetes_executor' retrieved from /home/airflow/.local/lib/python3.12/site-packages/airflow/example_dags/example_kubernetes_executor.py
[2024-10-20T14:13:22.229+0000] {logging_mixin.py:190} INFO - [2024-10-20T14:13:22.228+0000] {dag.py:3239} INFO - Sync 1 DAGs
[2024-10-20T14:13:22.244+0000] {logging_mixin.py:190} INFO - [2024-10-20T14:13:22.244+0000] {dag.py:4180} INFO - Setting next_dagrun for example_kubernetes_executor to None, run_after=None
[2024-10-20T14:13:22.266+0000] {processor.py:208} INFO - Processing /home/airflow/.local/lib/python3.12/site-packages/airflow/example_dags/example_kubernetes_executor.py took 0.104 seconds
[2024-10-20T14:13:52.491+0000] {processor.py:186} INFO - Started process (PID=978) to work on /home/airflow/.local/lib/python3.12/site-packages/airflow/example_dags/example_kubernetes_executor.py
[2024-10-20T14:13:52.492+0000] {processor.py:914} INFO - Processing file /home/airflow/.local/lib/python3.12/site-packages/airflow/example_dags/example_kubernetes_executor.py for tasks to queue
[2024-10-20T14:13:52.494+0000] {logging_mixin.py:190} INFO - [2024-10-20T14:13:52.494+0000] {dagbag.py:588} INFO - Filling up the DagBag from /home/airflow/.local/lib/python3.12/site-packages/airflow/example_dags/example_kubernetes_executor.py
[2024-10-20T14:13:52.508+0000] {processor.py:925} INFO - DAG(s) 'example_kubernetes_executor' retrieved from /home/airflow/.local/lib/python3.12/site-packages/airflow/example_dags/example_kubernetes_executor.py
[2024-10-20T14:13:52.549+0000] {logging_mixin.py:190} INFO - [2024-10-20T14:13:52.548+0000] {dag.py:3239} INFO - Sync 1 DAGs
[2024-10-20T14:13:52.562+0000] {logging_mixin.py:190} INFO - [2024-10-20T14:13:52.562+0000] {dag.py:4180} INFO - Setting next_dagrun for example_kubernetes_executor to None, run_after=None
[2024-10-20T14:13:52.582+0000] {processor.py:208} INFO - Processing /home/airflow/.local/lib/python3.12/site-packages/airflow/example_dags/example_kubernetes_executor.py took 0.098 seconds
[2024-10-20T14:14:23.000+0000] {processor.py:186} INFO - Started process (PID=1041) to work on /home/airflow/.local/lib/python3.12/site-packages/airflow/example_dags/example_kubernetes_executor.py
[2024-10-20T14:14:23.002+0000] {processor.py:914} INFO - Processing file /home/airflow/.local/lib/python3.12/site-packages/airflow/example_dags/example_kubernetes_executor.py for tasks to queue
[2024-10-20T14:14:23.004+0000] {logging_mixin.py:190} INFO - [2024-10-20T14:14:23.004+0000] {dagbag.py:588} INFO - Filling up the DagBag from /home/airflow/.local/lib/python3.12/site-packages/airflow/example_dags/example_kubernetes_executor.py
[2024-10-20T14:14:23.020+0000] {processor.py:925} INFO - DAG(s) 'example_kubernetes_executor' retrieved from /home/airflow/.local/lib/python3.12/site-packages/airflow/example_dags/example_kubernetes_executor.py
[2024-10-20T14:14:23.061+0000] {logging_mixin.py:190} INFO - [2024-10-20T14:14:23.060+0000] {dag.py:3239} INFO - Sync 1 DAGs
[2024-10-20T14:14:23.075+0000] {logging_mixin.py:190} INFO - [2024-10-20T14:14:23.075+0000] {dag.py:4180} INFO - Setting next_dagrun for example_kubernetes_executor to None, run_after=None
[2024-10-20T14:14:23.095+0000] {processor.py:208} INFO - Processing /home/airflow/.local/lib/python3.12/site-packages/airflow/example_dags/example_kubernetes_executor.py took 0.099 seconds
[2024-10-20T14:14:53.810+0000] {processor.py:186} INFO - Started process (PID=1104) to work on /home/airflow/.local/lib/python3.12/site-packages/airflow/example_dags/example_kubernetes_executor.py
[2024-10-20T14:14:53.811+0000] {processor.py:914} INFO - Processing file /home/airflow/.local/lib/python3.12/site-packages/airflow/example_dags/example_kubernetes_executor.py for tasks to queue
[2024-10-20T14:14:53.813+0000] {logging_mixin.py:190} INFO - [2024-10-20T14:14:53.812+0000] {dagbag.py:588} INFO - Filling up the DagBag from /home/airflow/.local/lib/python3.12/site-packages/airflow/example_dags/example_kubernetes_executor.py
[2024-10-20T14:14:53.824+0000] {processor.py:925} INFO - DAG(s) 'example_kubernetes_executor' retrieved from /home/airflow/.local/lib/python3.12/site-packages/airflow/example_dags/example_kubernetes_executor.py
[2024-10-20T14:14:53.858+0000] {logging_mixin.py:190} INFO - [2024-10-20T14:14:53.858+0000] {dag.py:3239} INFO - Sync 1 DAGs
[2024-10-20T14:14:53.871+0000] {logging_mixin.py:190} INFO - [2024-10-20T14:14:53.870+0000] {dag.py:4180} INFO - Setting next_dagrun for example_kubernetes_executor to None, run_after=None
[2024-10-20T14:14:53.887+0000] {processor.py:208} INFO - Processing /home/airflow/.local/lib/python3.12/site-packages/airflow/example_dags/example_kubernetes_executor.py took 0.082 seconds
[2024-10-20T14:15:24.369+0000] {processor.py:186} INFO - Started process (PID=1167) to work on /home/airflow/.local/lib/python3.12/site-packages/airflow/example_dags/example_kubernetes_executor.py
[2024-10-20T14:15:24.370+0000] {processor.py:914} INFO - Processing file /home/airflow/.local/lib/python3.12/site-packages/airflow/example_dags/example_kubernetes_executor.py for tasks to queue
[2024-10-20T14:15:24.372+0000] {logging_mixin.py:190} INFO - [2024-10-20T14:15:24.372+0000] {dagbag.py:588} INFO - Filling up the DagBag from /home/airflow/.local/lib/python3.12/site-packages/airflow/example_dags/example_kubernetes_executor.py
[2024-10-20T14:15:24.388+0000] {processor.py:925} INFO - DAG(s) 'example_kubernetes_executor' retrieved from /home/airflow/.local/lib/python3.12/site-packages/airflow/example_dags/example_kubernetes_executor.py
[2024-10-20T14:15:24.429+0000] {logging_mixin.py:190} INFO - [2024-10-20T14:15:24.429+0000] {dag.py:3239} INFO - Sync 1 DAGs
[2024-10-20T14:15:24.446+0000] {logging_mixin.py:190} INFO - [2024-10-20T14:15:24.445+0000] {dag.py:4180} INFO - Setting next_dagrun for example_kubernetes_executor to None, run_after=None
[2024-10-20T14:15:24.465+0000] {processor.py:208} INFO - Processing /home/airflow/.local/lib/python3.12/site-packages/airflow/example_dags/example_kubernetes_executor.py took 0.101 seconds
[2024-10-20T14:15:55.326+0000] {processor.py:186} INFO - Started process (PID=1231) to work on /home/airflow/.local/lib/python3.12/site-packages/airflow/example_dags/example_kubernetes_executor.py
[2024-10-20T14:15:55.327+0000] {processor.py:914} INFO - Processing file /home/airflow/.local/lib/python3.12/site-packages/airflow/example_dags/example_kubernetes_executor.py for tasks to queue
[2024-10-20T14:15:55.331+0000] {logging_mixin.py:190} INFO - [2024-10-20T14:15:55.330+0000] {dagbag.py:588} INFO - Filling up the DagBag from /home/airflow/.local/lib/python3.12/site-packages/airflow/example_dags/example_kubernetes_executor.py
[2024-10-20T14:15:55.342+0000] {processor.py:925} INFO - DAG(s) 'example_kubernetes_executor' retrieved from /home/airflow/.local/lib/python3.12/site-packages/airflow/example_dags/example_kubernetes_executor.py
[2024-10-20T14:15:55.379+0000] {logging_mixin.py:190} INFO - [2024-10-20T14:15:55.378+0000] {dag.py:3239} INFO - Sync 1 DAGs
[2024-10-20T14:15:55.393+0000] {logging_mixin.py:190} INFO - [2024-10-20T14:15:55.392+0000] {dag.py:4180} INFO - Setting next_dagrun for example_kubernetes_executor to None, run_after=None
[2024-10-20T14:15:55.413+0000] {processor.py:208} INFO - Processing /home/airflow/.local/lib/python3.12/site-packages/airflow/example_dags/example_kubernetes_executor.py took 0.106 seconds
[2024-10-20T14:16:25.796+0000] {processor.py:186} INFO - Started process (PID=1294) to work on /home/airflow/.local/lib/python3.12/site-packages/airflow/example_dags/example_kubernetes_executor.py
[2024-10-20T14:16:25.797+0000] {processor.py:914} INFO - Processing file /home/airflow/.local/lib/python3.12/site-packages/airflow/example_dags/example_kubernetes_executor.py for tasks to queue
[2024-10-20T14:16:25.800+0000] {logging_mixin.py:190} INFO - [2024-10-20T14:16:25.799+0000] {dagbag.py:588} INFO - Filling up the DagBag from /home/airflow/.local/lib/python3.12/site-packages/airflow/example_dags/example_kubernetes_executor.py
[2024-10-20T14:16:25.814+0000] {processor.py:925} INFO - DAG(s) 'example_kubernetes_executor' retrieved from /home/airflow/.local/lib/python3.12/site-packages/airflow/example_dags/example_kubernetes_executor.py
[2024-10-20T14:16:25.850+0000] {logging_mixin.py:190} INFO - [2024-10-20T14:16:25.850+0000] {dag.py:3239} INFO - Sync 1 DAGs
[2024-10-20T14:16:25.866+0000] {logging_mixin.py:190} INFO - [2024-10-20T14:16:25.865+0000] {dag.py:4180} INFO - Setting next_dagrun for example_kubernetes_executor to None, run_after=None
[2024-10-20T14:16:25.882+0000] {processor.py:208} INFO - Processing /home/airflow/.local/lib/python3.12/site-packages/airflow/example_dags/example_kubernetes_executor.py took 0.091 seconds
[2024-10-20T14:16:55.923+0000] {processor.py:186} INFO - Started process (PID=1358) to work on /home/airflow/.local/lib/python3.12/site-packages/airflow/example_dags/example_kubernetes_executor.py
[2024-10-20T14:16:55.924+0000] {processor.py:914} INFO - Processing file /home/airflow/.local/lib/python3.12/site-packages/airflow/example_dags/example_kubernetes_executor.py for tasks to queue
[2024-10-20T14:16:55.927+0000] {logging_mixin.py:190} INFO - [2024-10-20T14:16:55.926+0000] {dagbag.py:588} INFO - Filling up the DagBag from /home/airflow/.local/lib/python3.12/site-packages/airflow/example_dags/example_kubernetes_executor.py
[2024-10-20T14:16:55.939+0000] {processor.py:925} INFO - DAG(s) 'example_kubernetes_executor' retrieved from /home/airflow/.local/lib/python3.12/site-packages/airflow/example_dags/example_kubernetes_executor.py
[2024-10-20T14:16:55.989+0000] {logging_mixin.py:190} INFO - [2024-10-20T14:16:55.989+0000] {dag.py:3239} INFO - Sync 1 DAGs
[2024-10-20T14:16:56.003+0000] {logging_mixin.py:190} INFO - [2024-10-20T14:16:56.003+0000] {dag.py:4180} INFO - Setting next_dagrun for example_kubernetes_executor to None, run_after=None
[2024-10-20T14:16:56.020+0000] {processor.py:208} INFO - Processing /home/airflow/.local/lib/python3.12/site-packages/airflow/example_dags/example_kubernetes_executor.py took 0.103 seconds
[2024-10-20T14:17:26.774+0000] {processor.py:186} INFO - Started process (PID=1421) to work on /home/airflow/.local/lib/python3.12/site-packages/airflow/example_dags/example_kubernetes_executor.py
[2024-10-20T14:17:26.775+0000] {processor.py:914} INFO - Processing file /home/airflow/.local/lib/python3.12/site-packages/airflow/example_dags/example_kubernetes_executor.py for tasks to queue
[2024-10-20T14:17:26.777+0000] {logging_mixin.py:190} INFO - [2024-10-20T14:17:26.777+0000] {dagbag.py:588} INFO - Filling up the DagBag from /home/airflow/.local/lib/python3.12/site-packages/airflow/example_dags/example_kubernetes_executor.py
[2024-10-20T14:17:26.788+0000] {processor.py:925} INFO - DAG(s) 'example_kubernetes_executor' retrieved from /home/airflow/.local/lib/python3.12/site-packages/airflow/example_dags/example_kubernetes_executor.py
[2024-10-20T14:17:26.818+0000] {logging_mixin.py:190} INFO - [2024-10-20T14:17:26.818+0000] {dag.py:3239} INFO - Sync 1 DAGs
[2024-10-20T14:17:26.833+0000] {logging_mixin.py:190} INFO - [2024-10-20T14:17:26.833+0000] {dag.py:4180} INFO - Setting next_dagrun for example_kubernetes_executor to None, run_after=None
[2024-10-20T14:17:26.850+0000] {processor.py:208} INFO - Processing /home/airflow/.local/lib/python3.12/site-packages/airflow/example_dags/example_kubernetes_executor.py took 0.081 seconds
[2024-10-20T14:17:57.613+0000] {processor.py:186} INFO - Started process (PID=1486) to work on /home/airflow/.local/lib/python3.12/site-packages/airflow/example_dags/example_kubernetes_executor.py
[2024-10-20T14:17:57.615+0000] {processor.py:914} INFO - Processing file /home/airflow/.local/lib/python3.12/site-packages/airflow/example_dags/example_kubernetes_executor.py for tasks to queue
[2024-10-20T14:17:57.617+0000] {logging_mixin.py:190} INFO - [2024-10-20T14:17:57.617+0000] {dagbag.py:588} INFO - Filling up the DagBag from /home/airflow/.local/lib/python3.12/site-packages/airflow/example_dags/example_kubernetes_executor.py
[2024-10-20T14:17:57.628+0000] {processor.py:925} INFO - DAG(s) 'example_kubernetes_executor' retrieved from /home/airflow/.local/lib/python3.12/site-packages/airflow/example_dags/example_kubernetes_executor.py
[2024-10-20T14:17:57.667+0000] {logging_mixin.py:190} INFO - [2024-10-20T14:17:57.667+0000] {dag.py:3239} INFO - Sync 1 DAGs
[2024-10-20T14:17:57.682+0000] {logging_mixin.py:190} INFO - [2024-10-20T14:17:57.681+0000] {dag.py:4180} INFO - Setting next_dagrun for example_kubernetes_executor to None, run_after=None
[2024-10-20T14:17:57.698+0000] {processor.py:208} INFO - Processing /home/airflow/.local/lib/python3.12/site-packages/airflow/example_dags/example_kubernetes_executor.py took 0.091 seconds
[2024-10-20T14:18:28.332+0000] {processor.py:186} INFO - Started process (PID=1551) to work on /home/airflow/.local/lib/python3.12/site-packages/airflow/example_dags/example_kubernetes_executor.py
[2024-10-20T14:18:28.333+0000] {processor.py:914} INFO - Processing file /home/airflow/.local/lib/python3.12/site-packages/airflow/example_dags/example_kubernetes_executor.py for tasks to queue
[2024-10-20T14:18:28.336+0000] {logging_mixin.py:190} INFO - [2024-10-20T14:18:28.336+0000] {dagbag.py:588} INFO - Filling up the DagBag from /home/airflow/.local/lib/python3.12/site-packages/airflow/example_dags/example_kubernetes_executor.py
[2024-10-20T14:18:28.349+0000] {processor.py:925} INFO - DAG(s) 'example_kubernetes_executor' retrieved from /home/airflow/.local/lib/python3.12/site-packages/airflow/example_dags/example_kubernetes_executor.py
[2024-10-20T14:18:28.385+0000] {logging_mixin.py:190} INFO - [2024-10-20T14:18:28.384+0000] {dag.py:3239} INFO - Sync 1 DAGs
[2024-10-20T14:18:28.398+0000] {logging_mixin.py:190} INFO - [2024-10-20T14:18:28.398+0000] {dag.py:4180} INFO - Setting next_dagrun for example_kubernetes_executor to None, run_after=None
[2024-10-20T14:18:28.417+0000] {processor.py:208} INFO - Processing /home/airflow/.local/lib/python3.12/site-packages/airflow/example_dags/example_kubernetes_executor.py took 0.090 seconds
[2024-10-20T14:18:59.163+0000] {processor.py:186} INFO - Started process (PID=1615) to work on /home/airflow/.local/lib/python3.12/site-packages/airflow/example_dags/example_kubernetes_executor.py
[2024-10-20T14:18:59.164+0000] {processor.py:914} INFO - Processing file /home/airflow/.local/lib/python3.12/site-packages/airflow/example_dags/example_kubernetes_executor.py for tasks to queue
[2024-10-20T14:18:59.166+0000] {logging_mixin.py:190} INFO - [2024-10-20T14:18:59.166+0000] {dagbag.py:588} INFO - Filling up the DagBag from /home/airflow/.local/lib/python3.12/site-packages/airflow/example_dags/example_kubernetes_executor.py
[2024-10-20T14:18:59.178+0000] {processor.py:925} INFO - DAG(s) 'example_kubernetes_executor' retrieved from /home/airflow/.local/lib/python3.12/site-packages/airflow/example_dags/example_kubernetes_executor.py
[2024-10-20T14:18:59.210+0000] {logging_mixin.py:190} INFO - [2024-10-20T14:18:59.210+0000] {dag.py:3239} INFO - Sync 1 DAGs
[2024-10-20T14:18:59.225+0000] {logging_mixin.py:190} INFO - [2024-10-20T14:18:59.224+0000] {dag.py:4180} INFO - Setting next_dagrun for example_kubernetes_executor to None, run_after=None
[2024-10-20T14:18:59.241+0000] {processor.py:208} INFO - Processing /home/airflow/.local/lib/python3.12/site-packages/airflow/example_dags/example_kubernetes_executor.py took 0.083 seconds
[2024-10-20T14:19:30.315+0000] {processor.py:186} INFO - Started process (PID=1679) to work on /home/airflow/.local/lib/python3.12/site-packages/airflow/example_dags/example_kubernetes_executor.py
[2024-10-20T14:19:30.316+0000] {processor.py:914} INFO - Processing file /home/airflow/.local/lib/python3.12/site-packages/airflow/example_dags/example_kubernetes_executor.py for tasks to queue
[2024-10-20T14:19:30.318+0000] {logging_mixin.py:190} INFO - [2024-10-20T14:19:30.318+0000] {dagbag.py:588} INFO - Filling up the DagBag from /home/airflow/.local/lib/python3.12/site-packages/airflow/example_dags/example_kubernetes_executor.py
[2024-10-20T14:19:30.330+0000] {processor.py:925} INFO - DAG(s) 'example_kubernetes_executor' retrieved from /home/airflow/.local/lib/python3.12/site-packages/airflow/example_dags/example_kubernetes_executor.py
[2024-10-20T14:19:30.364+0000] {logging_mixin.py:190} INFO - [2024-10-20T14:19:30.364+0000] {dag.py:3239} INFO - Sync 1 DAGs
[2024-10-20T14:19:30.378+0000] {logging_mixin.py:190} INFO - [2024-10-20T14:19:30.377+0000] {dag.py:4180} INFO - Setting next_dagrun for example_kubernetes_executor to None, run_after=None
[2024-10-20T14:19:30.395+0000] {processor.py:208} INFO - Processing /home/airflow/.local/lib/python3.12/site-packages/airflow/example_dags/example_kubernetes_executor.py took 0.085 seconds
[2024-10-20T14:20:01.047+0000] {processor.py:186} INFO - Started process (PID=1743) to work on /home/airflow/.local/lib/python3.12/site-packages/airflow/example_dags/example_kubernetes_executor.py
[2024-10-20T14:20:01.048+0000] {processor.py:914} INFO - Processing file /home/airflow/.local/lib/python3.12/site-packages/airflow/example_dags/example_kubernetes_executor.py for tasks to queue
[2024-10-20T14:20:01.051+0000] {logging_mixin.py:190} INFO - [2024-10-20T14:20:01.050+0000] {dagbag.py:588} INFO - Filling up the DagBag from /home/airflow/.local/lib/python3.12/site-packages/airflow/example_dags/example_kubernetes_executor.py
[2024-10-20T14:20:01.062+0000] {processor.py:925} INFO - DAG(s) 'example_kubernetes_executor' retrieved from /home/airflow/.local/lib/python3.12/site-packages/airflow/example_dags/example_kubernetes_executor.py
[2024-10-20T14:20:01.097+0000] {logging_mixin.py:190} INFO - [2024-10-20T14:20:01.097+0000] {dag.py:3239} INFO - Sync 1 DAGs
[2024-10-20T14:20:01.112+0000] {logging_mixin.py:190} INFO - [2024-10-20T14:20:01.112+0000] {dag.py:4180} INFO - Setting next_dagrun for example_kubernetes_executor to None, run_after=None
[2024-10-20T14:20:01.133+0000] {processor.py:208} INFO - Processing /home/airflow/.local/lib/python3.12/site-packages/airflow/example_dags/example_kubernetes_executor.py took 0.091 seconds
[2024-10-20T14:20:31.719+0000] {processor.py:186} INFO - Started process (PID=1807) to work on /home/airflow/.local/lib/python3.12/site-packages/airflow/example_dags/example_kubernetes_executor.py
[2024-10-20T14:20:31.720+0000] {processor.py:914} INFO - Processing file /home/airflow/.local/lib/python3.12/site-packages/airflow/example_dags/example_kubernetes_executor.py for tasks to queue
[2024-10-20T14:20:31.723+0000] {logging_mixin.py:190} INFO - [2024-10-20T14:20:31.722+0000] {dagbag.py:588} INFO - Filling up the DagBag from /home/airflow/.local/lib/python3.12/site-packages/airflow/example_dags/example_kubernetes_executor.py
[2024-10-20T14:20:31.733+0000] {processor.py:925} INFO - DAG(s) 'example_kubernetes_executor' retrieved from /home/airflow/.local/lib/python3.12/site-packages/airflow/example_dags/example_kubernetes_executor.py
[2024-10-20T14:20:31.769+0000] {logging_mixin.py:190} INFO - [2024-10-20T14:20:31.768+0000] {dag.py:3239} INFO - Sync 1 DAGs
[2024-10-20T14:20:31.783+0000] {logging_mixin.py:190} INFO - [2024-10-20T14:20:31.783+0000] {dag.py:4180} INFO - Setting next_dagrun for example_kubernetes_executor to None, run_after=None
[2024-10-20T14:20:31.801+0000] {processor.py:208} INFO - Processing /home/airflow/.local/lib/python3.12/site-packages/airflow/example_dags/example_kubernetes_executor.py took 0.088 seconds
[2024-10-20T14:21:02.302+0000] {processor.py:186} INFO - Started process (PID=1871) to work on /home/airflow/.local/lib/python3.12/site-packages/airflow/example_dags/example_kubernetes_executor.py
[2024-10-20T14:21:02.303+0000] {processor.py:914} INFO - Processing file /home/airflow/.local/lib/python3.12/site-packages/airflow/example_dags/example_kubernetes_executor.py for tasks to queue
[2024-10-20T14:21:02.305+0000] {logging_mixin.py:190} INFO - [2024-10-20T14:21:02.305+0000] {dagbag.py:588} INFO - Filling up the DagBag from /home/airflow/.local/lib/python3.12/site-packages/airflow/example_dags/example_kubernetes_executor.py
[2024-10-20T14:21:02.317+0000] {processor.py:925} INFO - DAG(s) 'example_kubernetes_executor' retrieved from /home/airflow/.local/lib/python3.12/site-packages/airflow/example_dags/example_kubernetes_executor.py
[2024-10-20T14:21:02.352+0000] {logging_mixin.py:190} INFO - [2024-10-20T14:21:02.352+0000] {dag.py:3239} INFO - Sync 1 DAGs
[2024-10-20T14:21:02.363+0000] {logging_mixin.py:190} INFO - [2024-10-20T14:21:02.363+0000] {dag.py:4180} INFO - Setting next_dagrun for example_kubernetes_executor to None, run_after=None
[2024-10-20T14:21:02.380+0000] {processor.py:208} INFO - Processing /home/airflow/.local/lib/python3.12/site-packages/airflow/example_dags/example_kubernetes_executor.py took 0.083 seconds
[2024-10-20T14:21:32.978+0000] {processor.py:186} INFO - Started process (PID=1935) to work on /home/airflow/.local/lib/python3.12/site-packages/airflow/example_dags/example_kubernetes_executor.py
[2024-10-20T14:21:32.979+0000] {processor.py:914} INFO - Processing file /home/airflow/.local/lib/python3.12/site-packages/airflow/example_dags/example_kubernetes_executor.py for tasks to queue
[2024-10-20T14:21:32.981+0000] {logging_mixin.py:190} INFO - [2024-10-20T14:21:32.981+0000] {dagbag.py:588} INFO - Filling up the DagBag from /home/airflow/.local/lib/python3.12/site-packages/airflow/example_dags/example_kubernetes_executor.py
[2024-10-20T14:21:32.994+0000] {processor.py:925} INFO - DAG(s) 'example_kubernetes_executor' retrieved from /home/airflow/.local/lib/python3.12/site-packages/airflow/example_dags/example_kubernetes_executor.py
[2024-10-20T14:21:33.031+0000] {logging_mixin.py:190} INFO - [2024-10-20T14:21:33.031+0000] {dag.py:3239} INFO - Sync 1 DAGs
[2024-10-20T14:21:33.043+0000] {logging_mixin.py:190} INFO - [2024-10-20T14:21:33.042+0000] {dag.py:4180} INFO - Setting next_dagrun for example_kubernetes_executor to None, run_after=None
[2024-10-20T14:21:33.059+0000] {processor.py:208} INFO - Processing /home/airflow/.local/lib/python3.12/site-packages/airflow/example_dags/example_kubernetes_executor.py took 0.087 seconds
[2024-10-20T14:22:03.787+0000] {processor.py:186} INFO - Started process (PID=1999) to work on /home/airflow/.local/lib/python3.12/site-packages/airflow/example_dags/example_kubernetes_executor.py
[2024-10-20T14:22:03.788+0000] {processor.py:914} INFO - Processing file /home/airflow/.local/lib/python3.12/site-packages/airflow/example_dags/example_kubernetes_executor.py for tasks to queue
[2024-10-20T14:22:03.789+0000] {logging_mixin.py:190} INFO - [2024-10-20T14:22:03.789+0000] {dagbag.py:588} INFO - Filling up the DagBag from /home/airflow/.local/lib/python3.12/site-packages/airflow/example_dags/example_kubernetes_executor.py
[2024-10-20T14:22:03.800+0000] {processor.py:925} INFO - DAG(s) 'example_kubernetes_executor' retrieved from /home/airflow/.local/lib/python3.12/site-packages/airflow/example_dags/example_kubernetes_executor.py
[2024-10-20T14:22:03.834+0000] {logging_mixin.py:190} INFO - [2024-10-20T14:22:03.834+0000] {dag.py:3239} INFO - Sync 1 DAGs
[2024-10-20T14:22:03.846+0000] {logging_mixin.py:190} INFO - [2024-10-20T14:22:03.846+0000] {dag.py:4180} INFO - Setting next_dagrun for example_kubernetes_executor to None, run_after=None
[2024-10-20T14:22:03.863+0000] {processor.py:208} INFO - Processing /home/airflow/.local/lib/python3.12/site-packages/airflow/example_dags/example_kubernetes_executor.py took 0.081 seconds
[2024-10-20T14:22:34.672+0000] {processor.py:186} INFO - Started process (PID=2063) to work on /home/airflow/.local/lib/python3.12/site-packages/airflow/example_dags/example_kubernetes_executor.py
[2024-10-20T14:22:34.673+0000] {processor.py:914} INFO - Processing file /home/airflow/.local/lib/python3.12/site-packages/airflow/example_dags/example_kubernetes_executor.py for tasks to queue
[2024-10-20T14:22:34.675+0000] {logging_mixin.py:190} INFO - [2024-10-20T14:22:34.675+0000] {dagbag.py:588} INFO - Filling up the DagBag from /home/airflow/.local/lib/python3.12/site-packages/airflow/example_dags/example_kubernetes_executor.py
[2024-10-20T14:22:34.685+0000] {processor.py:925} INFO - DAG(s) 'example_kubernetes_executor' retrieved from /home/airflow/.local/lib/python3.12/site-packages/airflow/example_dags/example_kubernetes_executor.py
[2024-10-20T14:22:34.721+0000] {logging_mixin.py:190} INFO - [2024-10-20T14:22:34.720+0000] {dag.py:3239} INFO - Sync 1 DAGs
[2024-10-20T14:22:34.733+0000] {logging_mixin.py:190} INFO - [2024-10-20T14:22:34.733+0000] {dag.py:4180} INFO - Setting next_dagrun for example_kubernetes_executor to None, run_after=None
[2024-10-20T14:22:34.751+0000] {processor.py:208} INFO - Processing /home/airflow/.local/lib/python3.12/site-packages/airflow/example_dags/example_kubernetes_executor.py took 0.084 seconds
[2024-10-20T14:23:05.534+0000] {processor.py:186} INFO - Started process (PID=2127) to work on /home/airflow/.local/lib/python3.12/site-packages/airflow/example_dags/example_kubernetes_executor.py
[2024-10-20T14:23:05.535+0000] {processor.py:914} INFO - Processing file /home/airflow/.local/lib/python3.12/site-packages/airflow/example_dags/example_kubernetes_executor.py for tasks to queue
[2024-10-20T14:23:05.537+0000] {logging_mixin.py:190} INFO - [2024-10-20T14:23:05.537+0000] {dagbag.py:588} INFO - Filling up the DagBag from /home/airflow/.local/lib/python3.12/site-packages/airflow/example_dags/example_kubernetes_executor.py
[2024-10-20T14:23:05.547+0000] {processor.py:925} INFO - DAG(s) 'example_kubernetes_executor' retrieved from /home/airflow/.local/lib/python3.12/site-packages/airflow/example_dags/example_kubernetes_executor.py
[2024-10-20T14:23:05.579+0000] {logging_mixin.py:190} INFO - [2024-10-20T14:23:05.578+0000] {dag.py:3239} INFO - Sync 1 DAGs
[2024-10-20T14:23:05.589+0000] {logging_mixin.py:190} INFO - [2024-10-20T14:23:05.589+0000] {dag.py:4180} INFO - Setting next_dagrun for example_kubernetes_executor to None, run_after=None
[2024-10-20T14:23:05.610+0000] {processor.py:208} INFO - Processing /home/airflow/.local/lib/python3.12/site-packages/airflow/example_dags/example_kubernetes_executor.py took 0.080 seconds
[2024-10-20T14:23:36.056+0000] {processor.py:186} INFO - Started process (PID=2191) to work on /home/airflow/.local/lib/python3.12/site-packages/airflow/example_dags/example_kubernetes_executor.py
[2024-10-20T14:23:36.057+0000] {processor.py:914} INFO - Processing file /home/airflow/.local/lib/python3.12/site-packages/airflow/example_dags/example_kubernetes_executor.py for tasks to queue
[2024-10-20T14:23:36.059+0000] {logging_mixin.py:190} INFO - [2024-10-20T14:23:36.059+0000] {dagbag.py:588} INFO - Filling up the DagBag from /home/airflow/.local/lib/python3.12/site-packages/airflow/example_dags/example_kubernetes_executor.py
[2024-10-20T14:23:36.069+0000] {processor.py:925} INFO - DAG(s) 'example_kubernetes_executor' retrieved from /home/airflow/.local/lib/python3.12/site-packages/airflow/example_dags/example_kubernetes_executor.py
[2024-10-20T14:23:36.101+0000] {logging_mixin.py:190} INFO - [2024-10-20T14:23:36.101+0000] {dag.py:3239} INFO - Sync 1 DAGs
[2024-10-20T14:23:36.113+0000] {logging_mixin.py:190} INFO - [2024-10-20T14:23:36.113+0000] {dag.py:4180} INFO - Setting next_dagrun for example_kubernetes_executor to None, run_after=None
[2024-10-20T14:23:36.133+0000] {processor.py:208} INFO - Processing /home/airflow/.local/lib/python3.12/site-packages/airflow/example_dags/example_kubernetes_executor.py took 0.082 seconds
[2024-10-20T14:24:07.122+0000] {processor.py:186} INFO - Started process (PID=2255) to work on /home/airflow/.local/lib/python3.12/site-packages/airflow/example_dags/example_kubernetes_executor.py
[2024-10-20T14:24:07.123+0000] {processor.py:914} INFO - Processing file /home/airflow/.local/lib/python3.12/site-packages/airflow/example_dags/example_kubernetes_executor.py for tasks to queue
[2024-10-20T14:24:07.125+0000] {logging_mixin.py:190} INFO - [2024-10-20T14:24:07.125+0000] {dagbag.py:588} INFO - Filling up the DagBag from /home/airflow/.local/lib/python3.12/site-packages/airflow/example_dags/example_kubernetes_executor.py
[2024-10-20T14:24:07.137+0000] {processor.py:925} INFO - DAG(s) 'example_kubernetes_executor' retrieved from /home/airflow/.local/lib/python3.12/site-packages/airflow/example_dags/example_kubernetes_executor.py
[2024-10-20T14:24:07.174+0000] {logging_mixin.py:190} INFO - [2024-10-20T14:24:07.174+0000] {dag.py:3239} INFO - Sync 1 DAGs
[2024-10-20T14:24:07.188+0000] {logging_mixin.py:190} INFO - [2024-10-20T14:24:07.188+0000] {dag.py:4180} INFO - Setting next_dagrun for example_kubernetes_executor to None, run_after=None
[2024-10-20T14:24:07.207+0000] {processor.py:208} INFO - Processing /home/airflow/.local/lib/python3.12/site-packages/airflow/example_dags/example_kubernetes_executor.py took 0.090 seconds
[2024-10-20T14:24:37.456+0000] {processor.py:186} INFO - Started process (PID=2319) to work on /home/airflow/.local/lib/python3.12/site-packages/airflow/example_dags/example_kubernetes_executor.py
[2024-10-20T14:24:37.457+0000] {processor.py:914} INFO - Processing file /home/airflow/.local/lib/python3.12/site-packages/airflow/example_dags/example_kubernetes_executor.py for tasks to queue
[2024-10-20T14:24:37.459+0000] {logging_mixin.py:190} INFO - [2024-10-20T14:24:37.459+0000] {dagbag.py:588} INFO - Filling up the DagBag from /home/airflow/.local/lib/python3.12/site-packages/airflow/example_dags/example_kubernetes_executor.py
[2024-10-20T14:24:37.472+0000] {processor.py:925} INFO - DAG(s) 'example_kubernetes_executor' retrieved from /home/airflow/.local/lib/python3.12/site-packages/airflow/example_dags/example_kubernetes_executor.py
[2024-10-20T14:24:37.509+0000] {logging_mixin.py:190} INFO - [2024-10-20T14:24:37.509+0000] {dag.py:3239} INFO - Sync 1 DAGs
[2024-10-20T14:24:37.523+0000] {logging_mixin.py:190} INFO - [2024-10-20T14:24:37.522+0000] {dag.py:4180} INFO - Setting next_dagrun for example_kubernetes_executor to None, run_after=None
[2024-10-20T14:24:37.540+0000] {processor.py:208} INFO - Processing /home/airflow/.local/lib/python3.12/site-packages/airflow/example_dags/example_kubernetes_executor.py took 0.089 seconds
[2024-10-20T14:25:08.570+0000] {processor.py:186} INFO - Started process (PID=2383) to work on /home/airflow/.local/lib/python3.12/site-packages/airflow/example_dags/example_kubernetes_executor.py
[2024-10-20T14:25:08.571+0000] {processor.py:914} INFO - Processing file /home/airflow/.local/lib/python3.12/site-packages/airflow/example_dags/example_kubernetes_executor.py for tasks to queue
[2024-10-20T14:25:08.573+0000] {logging_mixin.py:190} INFO - [2024-10-20T14:25:08.573+0000] {dagbag.py:588} INFO - Filling up the DagBag from /home/airflow/.local/lib/python3.12/site-packages/airflow/example_dags/example_kubernetes_executor.py
[2024-10-20T14:25:08.585+0000] {processor.py:925} INFO - DAG(s) 'example_kubernetes_executor' retrieved from /home/airflow/.local/lib/python3.12/site-packages/airflow/example_dags/example_kubernetes_executor.py
[2024-10-20T14:25:08.621+0000] {logging_mixin.py:190} INFO - [2024-10-20T14:25:08.620+0000] {dag.py:3239} INFO - Sync 1 DAGs
[2024-10-20T14:25:08.632+0000] {logging_mixin.py:190} INFO - [2024-10-20T14:25:08.632+0000] {dag.py:4180} INFO - Setting next_dagrun for example_kubernetes_executor to None, run_after=None
[2024-10-20T14:25:08.646+0000] {processor.py:208} INFO - Processing /home/airflow/.local/lib/python3.12/site-packages/airflow/example_dags/example_kubernetes_executor.py took 0.080 seconds
[2024-10-20T14:55:26.251+0000] {processor.py:186} INFO - Started process (PID=2447) to work on /home/airflow/.local/lib/python3.12/site-packages/airflow/example_dags/example_kubernetes_executor.py
[2024-10-20T14:55:26.253+0000] {processor.py:914} INFO - Processing file /home/airflow/.local/lib/python3.12/site-packages/airflow/example_dags/example_kubernetes_executor.py for tasks to queue
[2024-10-20T14:55:26.255+0000] {logging_mixin.py:190} INFO - [2024-10-20T14:55:26.255+0000] {dagbag.py:588} INFO - Filling up the DagBag from /home/airflow/.local/lib/python3.12/site-packages/airflow/example_dags/example_kubernetes_executor.py
[2024-10-20T14:55:26.273+0000] {processor.py:925} INFO - DAG(s) 'example_kubernetes_executor' retrieved from /home/airflow/.local/lib/python3.12/site-packages/airflow/example_dags/example_kubernetes_executor.py
[2024-10-20T14:55:26.313+0000] {logging_mixin.py:190} INFO - [2024-10-20T14:55:26.313+0000] {dag.py:3239} INFO - Sync 1 DAGs
[2024-10-20T14:55:26.330+0000] {logging_mixin.py:190} INFO - [2024-10-20T14:55:26.329+0000] {dag.py:4180} INFO - Setting next_dagrun for example_kubernetes_executor to None, run_after=None
[2024-10-20T14:55:26.352+0000] {processor.py:208} INFO - Processing /home/airflow/.local/lib/python3.12/site-packages/airflow/example_dags/example_kubernetes_executor.py took 0.105 seconds
[2024-10-20T14:55:56.747+0000] {processor.py:186} INFO - Started process (PID=2511) to work on /home/airflow/.local/lib/python3.12/site-packages/airflow/example_dags/example_kubernetes_executor.py
[2024-10-20T14:55:56.748+0000] {processor.py:914} INFO - Processing file /home/airflow/.local/lib/python3.12/site-packages/airflow/example_dags/example_kubernetes_executor.py for tasks to queue
[2024-10-20T14:55:56.751+0000] {logging_mixin.py:190} INFO - [2024-10-20T14:55:56.750+0000] {dagbag.py:588} INFO - Filling up the DagBag from /home/airflow/.local/lib/python3.12/site-packages/airflow/example_dags/example_kubernetes_executor.py
[2024-10-20T14:55:56.762+0000] {processor.py:925} INFO - DAG(s) 'example_kubernetes_executor' retrieved from /home/airflow/.local/lib/python3.12/site-packages/airflow/example_dags/example_kubernetes_executor.py
[2024-10-20T14:55:56.794+0000] {logging_mixin.py:190} INFO - [2024-10-20T14:55:56.794+0000] {dag.py:3239} INFO - Sync 1 DAGs
[2024-10-20T14:55:56.808+0000] {logging_mixin.py:190} INFO - [2024-10-20T14:55:56.808+0000] {dag.py:4180} INFO - Setting next_dagrun for example_kubernetes_executor to None, run_after=None
[2024-10-20T14:55:56.822+0000] {processor.py:208} INFO - Processing /home/airflow/.local/lib/python3.12/site-packages/airflow/example_dags/example_kubernetes_executor.py took 0.080 seconds
[2024-10-20T14:56:27.658+0000] {processor.py:186} INFO - Started process (PID=2575) to work on /home/airflow/.local/lib/python3.12/site-packages/airflow/example_dags/example_kubernetes_executor.py
[2024-10-20T14:56:27.659+0000] {processor.py:914} INFO - Processing file /home/airflow/.local/lib/python3.12/site-packages/airflow/example_dags/example_kubernetes_executor.py for tasks to queue
[2024-10-20T14:56:27.661+0000] {logging_mixin.py:190} INFO - [2024-10-20T14:56:27.661+0000] {dagbag.py:588} INFO - Filling up the DagBag from /home/airflow/.local/lib/python3.12/site-packages/airflow/example_dags/example_kubernetes_executor.py
[2024-10-20T14:56:27.675+0000] {processor.py:925} INFO - DAG(s) 'example_kubernetes_executor' retrieved from /home/airflow/.local/lib/python3.12/site-packages/airflow/example_dags/example_kubernetes_executor.py
[2024-10-20T14:56:27.713+0000] {logging_mixin.py:190} INFO - [2024-10-20T14:56:27.713+0000] {dag.py:3239} INFO - Sync 1 DAGs
[2024-10-20T14:56:27.731+0000] {logging_mixin.py:190} INFO - [2024-10-20T14:56:27.730+0000] {dag.py:4180} INFO - Setting next_dagrun for example_kubernetes_executor to None, run_after=None
[2024-10-20T14:56:27.749+0000] {processor.py:208} INFO - Processing /home/airflow/.local/lib/python3.12/site-packages/airflow/example_dags/example_kubernetes_executor.py took 0.096 seconds
[2024-10-20T14:56:58.283+0000] {processor.py:186} INFO - Started process (PID=2638) to work on /home/airflow/.local/lib/python3.12/site-packages/airflow/example_dags/example_kubernetes_executor.py
[2024-10-20T14:56:58.285+0000] {processor.py:914} INFO - Processing file /home/airflow/.local/lib/python3.12/site-packages/airflow/example_dags/example_kubernetes_executor.py for tasks to queue
[2024-10-20T14:56:58.288+0000] {logging_mixin.py:190} INFO - [2024-10-20T14:56:58.287+0000] {dagbag.py:588} INFO - Filling up the DagBag from /home/airflow/.local/lib/python3.12/site-packages/airflow/example_dags/example_kubernetes_executor.py
[2024-10-20T14:56:58.300+0000] {processor.py:925} INFO - DAG(s) 'example_kubernetes_executor' retrieved from /home/airflow/.local/lib/python3.12/site-packages/airflow/example_dags/example_kubernetes_executor.py
[2024-10-20T14:56:58.339+0000] {logging_mixin.py:190} INFO - [2024-10-20T14:56:58.339+0000] {dag.py:3239} INFO - Sync 1 DAGs
[2024-10-20T14:56:58.355+0000] {logging_mixin.py:190} INFO - [2024-10-20T14:56:58.354+0000] {dag.py:4180} INFO - Setting next_dagrun for example_kubernetes_executor to None, run_after=None
[2024-10-20T14:56:58.373+0000] {processor.py:208} INFO - Processing /home/airflow/.local/lib/python3.12/site-packages/airflow/example_dags/example_kubernetes_executor.py took 0.096 seconds
[2024-10-20T14:57:28.709+0000] {processor.py:186} INFO - Started process (PID=2702) to work on /home/airflow/.local/lib/python3.12/site-packages/airflow/example_dags/example_kubernetes_executor.py
[2024-10-20T14:57:28.711+0000] {processor.py:914} INFO - Processing file /home/airflow/.local/lib/python3.12/site-packages/airflow/example_dags/example_kubernetes_executor.py for tasks to queue
[2024-10-20T14:57:28.713+0000] {logging_mixin.py:190} INFO - [2024-10-20T14:57:28.713+0000] {dagbag.py:588} INFO - Filling up the DagBag from /home/airflow/.local/lib/python3.12/site-packages/airflow/example_dags/example_kubernetes_executor.py
[2024-10-20T14:57:28.725+0000] {processor.py:925} INFO - DAG(s) 'example_kubernetes_executor' retrieved from /home/airflow/.local/lib/python3.12/site-packages/airflow/example_dags/example_kubernetes_executor.py
[2024-10-20T14:57:28.765+0000] {logging_mixin.py:190} INFO - [2024-10-20T14:57:28.765+0000] {dag.py:3239} INFO - Sync 1 DAGs
[2024-10-20T14:57:28.784+0000] {logging_mixin.py:190} INFO - [2024-10-20T14:57:28.783+0000] {dag.py:4180} INFO - Setting next_dagrun for example_kubernetes_executor to None, run_after=None
[2024-10-20T14:57:28.807+0000] {processor.py:208} INFO - Processing /home/airflow/.local/lib/python3.12/site-packages/airflow/example_dags/example_kubernetes_executor.py took 0.104 seconds
[2024-10-20T14:57:59.714+0000] {processor.py:186} INFO - Started process (PID=2766) to work on /home/airflow/.local/lib/python3.12/site-packages/airflow/example_dags/example_kubernetes_executor.py
[2024-10-20T14:57:59.715+0000] {processor.py:914} INFO - Processing file /home/airflow/.local/lib/python3.12/site-packages/airflow/example_dags/example_kubernetes_executor.py for tasks to queue
[2024-10-20T14:57:59.718+0000] {logging_mixin.py:190} INFO - [2024-10-20T14:57:59.717+0000] {dagbag.py:588} INFO - Filling up the DagBag from /home/airflow/.local/lib/python3.12/site-packages/airflow/example_dags/example_kubernetes_executor.py
[2024-10-20T14:57:59.731+0000] {processor.py:925} INFO - DAG(s) 'example_kubernetes_executor' retrieved from /home/airflow/.local/lib/python3.12/site-packages/airflow/example_dags/example_kubernetes_executor.py
[2024-10-20T14:57:59.773+0000] {logging_mixin.py:190} INFO - [2024-10-20T14:57:59.773+0000] {dag.py:3239} INFO - Sync 1 DAGs
[2024-10-20T14:57:59.787+0000] {logging_mixin.py:190} INFO - [2024-10-20T14:57:59.787+0000] {dag.py:4180} INFO - Setting next_dagrun for example_kubernetes_executor to None, run_after=None
[2024-10-20T14:57:59.809+0000] {processor.py:208} INFO - Processing /home/airflow/.local/lib/python3.12/site-packages/airflow/example_dags/example_kubernetes_executor.py took 0.100 seconds
[2024-10-20T14:58:30.303+0000] {processor.py:186} INFO - Started process (PID=2830) to work on /home/airflow/.local/lib/python3.12/site-packages/airflow/example_dags/example_kubernetes_executor.py
[2024-10-20T14:58:30.305+0000] {processor.py:914} INFO - Processing file /home/airflow/.local/lib/python3.12/site-packages/airflow/example_dags/example_kubernetes_executor.py for tasks to queue
[2024-10-20T14:58:30.308+0000] {logging_mixin.py:190} INFO - [2024-10-20T14:58:30.308+0000] {dagbag.py:588} INFO - Filling up the DagBag from /home/airflow/.local/lib/python3.12/site-packages/airflow/example_dags/example_kubernetes_executor.py
[2024-10-20T14:58:30.320+0000] {processor.py:925} INFO - DAG(s) 'example_kubernetes_executor' retrieved from /home/airflow/.local/lib/python3.12/site-packages/airflow/example_dags/example_kubernetes_executor.py
[2024-10-20T14:58:30.359+0000] {logging_mixin.py:190} INFO - [2024-10-20T14:58:30.359+0000] {dag.py:3239} INFO - Sync 1 DAGs
[2024-10-20T14:58:30.376+0000] {logging_mixin.py:190} INFO - [2024-10-20T14:58:30.376+0000] {dag.py:4180} INFO - Setting next_dagrun for example_kubernetes_executor to None, run_after=None
[2024-10-20T14:58:30.399+0000] {processor.py:208} INFO - Processing /home/airflow/.local/lib/python3.12/site-packages/airflow/example_dags/example_kubernetes_executor.py took 0.101 seconds
[2024-10-20T14:59:01.009+0000] {processor.py:186} INFO - Started process (PID=2894) to work on /home/airflow/.local/lib/python3.12/site-packages/airflow/example_dags/example_kubernetes_executor.py
[2024-10-20T14:59:01.010+0000] {processor.py:914} INFO - Processing file /home/airflow/.local/lib/python3.12/site-packages/airflow/example_dags/example_kubernetes_executor.py for tasks to queue
[2024-10-20T14:59:01.012+0000] {logging_mixin.py:190} INFO - [2024-10-20T14:59:01.012+0000] {dagbag.py:588} INFO - Filling up the DagBag from /home/airflow/.local/lib/python3.12/site-packages/airflow/example_dags/example_kubernetes_executor.py
[2024-10-20T14:59:01.026+0000] {processor.py:925} INFO - DAG(s) 'example_kubernetes_executor' retrieved from /home/airflow/.local/lib/python3.12/site-packages/airflow/example_dags/example_kubernetes_executor.py
[2024-10-20T14:59:01.055+0000] {logging_mixin.py:190} INFO - [2024-10-20T14:59:01.055+0000] {dag.py:3239} INFO - Sync 1 DAGs
[2024-10-20T14:59:01.070+0000] {logging_mixin.py:190} INFO - [2024-10-20T14:59:01.070+0000] {dag.py:4180} INFO - Setting next_dagrun for example_kubernetes_executor to None, run_after=None
[2024-10-20T14:59:01.090+0000] {processor.py:208} INFO - Processing /home/airflow/.local/lib/python3.12/site-packages/airflow/example_dags/example_kubernetes_executor.py took 0.086 seconds
[2024-10-20T14:59:31.801+0000] {processor.py:186} INFO - Started process (PID=2958) to work on /home/airflow/.local/lib/python3.12/site-packages/airflow/example_dags/example_kubernetes_executor.py
[2024-10-20T14:59:31.802+0000] {processor.py:914} INFO - Processing file /home/airflow/.local/lib/python3.12/site-packages/airflow/example_dags/example_kubernetes_executor.py for tasks to queue
[2024-10-20T14:59:31.804+0000] {logging_mixin.py:190} INFO - [2024-10-20T14:59:31.804+0000] {dagbag.py:588} INFO - Filling up the DagBag from /home/airflow/.local/lib/python3.12/site-packages/airflow/example_dags/example_kubernetes_executor.py
[2024-10-20T14:59:31.817+0000] {processor.py:925} INFO - DAG(s) 'example_kubernetes_executor' retrieved from /home/airflow/.local/lib/python3.12/site-packages/airflow/example_dags/example_kubernetes_executor.py
[2024-10-20T14:59:31.849+0000] {logging_mixin.py:190} INFO - [2024-10-20T14:59:31.849+0000] {dag.py:3239} INFO - Sync 1 DAGs
[2024-10-20T14:59:31.862+0000] {logging_mixin.py:190} INFO - [2024-10-20T14:59:31.862+0000] {dag.py:4180} INFO - Setting next_dagrun for example_kubernetes_executor to None, run_after=None
[2024-10-20T14:59:31.881+0000] {processor.py:208} INFO - Processing /home/airflow/.local/lib/python3.12/site-packages/airflow/example_dags/example_kubernetes_executor.py took 0.085 seconds
[2024-10-20T15:00:02.518+0000] {processor.py:186} INFO - Started process (PID=3022) to work on /home/airflow/.local/lib/python3.12/site-packages/airflow/example_dags/example_kubernetes_executor.py
[2024-10-20T15:00:02.519+0000] {processor.py:914} INFO - Processing file /home/airflow/.local/lib/python3.12/site-packages/airflow/example_dags/example_kubernetes_executor.py for tasks to queue
[2024-10-20T15:00:02.522+0000] {logging_mixin.py:190} INFO - [2024-10-20T15:00:02.521+0000] {dagbag.py:588} INFO - Filling up the DagBag from /home/airflow/.local/lib/python3.12/site-packages/airflow/example_dags/example_kubernetes_executor.py
[2024-10-20T15:00:02.534+0000] {processor.py:925} INFO - DAG(s) 'example_kubernetes_executor' retrieved from /home/airflow/.local/lib/python3.12/site-packages/airflow/example_dags/example_kubernetes_executor.py
[2024-10-20T15:00:02.573+0000] {logging_mixin.py:190} INFO - [2024-10-20T15:00:02.573+0000] {dag.py:3239} INFO - Sync 1 DAGs
[2024-10-20T15:00:02.591+0000] {logging_mixin.py:190} INFO - [2024-10-20T15:00:02.591+0000] {dag.py:4180} INFO - Setting next_dagrun for example_kubernetes_executor to None, run_after=None
[2024-10-20T15:00:02.614+0000] {processor.py:208} INFO - Processing /home/airflow/.local/lib/python3.12/site-packages/airflow/example_dags/example_kubernetes_executor.py took 0.100 seconds
