[2024-10-20T14:03:39.594+0000] {processor.py:186} INFO - Started process (PID=86) to work on /home/airflow/.local/lib/python3.12/site-packages/airflow/example_dags/example_branch_operator.py
[2024-10-20T14:03:39.594+0000] {processor.py:914} INFO - Processing file /home/airflow/.local/lib/python3.12/site-packages/airflow/example_dags/example_branch_operator.py for tasks to queue
[2024-10-20T14:03:39.596+0000] {logging_mixin.py:190} INFO - [2024-10-20T14:03:39.596+0000] {dagbag.py:588} INFO - Filling up the DagBag from /home/airflow/.local/lib/python3.12/site-packages/airflow/example_dags/example_branch_operator.py
[2024-10-20T14:03:39.612+0000] {processor.py:925} INFO - DAG(s) 'example_branch_operator' retrieved from /home/airflow/.local/lib/python3.12/site-packages/airflow/example_dags/example_branch_operator.py
[2024-10-20T14:03:39.713+0000] {logging_mixin.py:190} INFO - [2024-10-20T14:03:39.713+0000] {dag.py:3239} INFO - Sync 1 DAGs
[2024-10-20T14:03:39.733+0000] {logging_mixin.py:190} INFO - [2024-10-20T14:03:39.732+0000] {dag.py:4180} INFO - Setting next_dagrun for example_branch_operator to 2024-10-19 00:00:00+00:00, run_after=2024-10-20 00:00:00+00:00
[2024-10-20T14:03:39.754+0000] {processor.py:208} INFO - Processing /home/airflow/.local/lib/python3.12/site-packages/airflow/example_dags/example_branch_operator.py took 0.166 seconds
[2024-10-20T14:04:09.971+0000] {processor.py:186} INFO - Started process (PID=155) to work on /home/airflow/.local/lib/python3.12/site-packages/airflow/example_dags/example_branch_operator.py
[2024-10-20T14:04:09.972+0000] {processor.py:914} INFO - Processing file /home/airflow/.local/lib/python3.12/site-packages/airflow/example_dags/example_branch_operator.py for tasks to queue
[2024-10-20T14:04:09.974+0000] {logging_mixin.py:190} INFO - [2024-10-20T14:04:09.974+0000] {dagbag.py:588} INFO - Filling up the DagBag from /home/airflow/.local/lib/python3.12/site-packages/airflow/example_dags/example_branch_operator.py
[2024-10-20T14:04:09.988+0000] {processor.py:925} INFO - DAG(s) 'example_branch_operator' retrieved from /home/airflow/.local/lib/python3.12/site-packages/airflow/example_dags/example_branch_operator.py
[2024-10-20T14:04:10.013+0000] {logging_mixin.py:190} INFO - [2024-10-20T14:04:10.012+0000] {dag.py:3239} INFO - Sync 1 DAGs
[2024-10-20T14:04:10.033+0000] {logging_mixin.py:190} INFO - [2024-10-20T14:04:10.033+0000] {dag.py:4180} INFO - Setting next_dagrun for example_branch_operator to 2024-10-19 00:00:00+00:00, run_after=2024-10-20 00:00:00+00:00
[2024-10-20T14:04:10.049+0000] {processor.py:208} INFO - Processing /home/airflow/.local/lib/python3.12/site-packages/airflow/example_dags/example_branch_operator.py took 0.083 seconds
[2024-10-20T14:04:40.152+0000] {processor.py:186} INFO - Started process (PID=219) to work on /home/airflow/.local/lib/python3.12/site-packages/airflow/example_dags/example_branch_operator.py
[2024-10-20T14:04:40.153+0000] {processor.py:914} INFO - Processing file /home/airflow/.local/lib/python3.12/site-packages/airflow/example_dags/example_branch_operator.py for tasks to queue
[2024-10-20T14:04:40.155+0000] {logging_mixin.py:190} INFO - [2024-10-20T14:04:40.155+0000] {dagbag.py:588} INFO - Filling up the DagBag from /home/airflow/.local/lib/python3.12/site-packages/airflow/example_dags/example_branch_operator.py
[2024-10-20T14:04:40.168+0000] {processor.py:925} INFO - DAG(s) 'example_branch_operator' retrieved from /home/airflow/.local/lib/python3.12/site-packages/airflow/example_dags/example_branch_operator.py
[2024-10-20T14:04:40.195+0000] {logging_mixin.py:190} INFO - [2024-10-20T14:04:40.195+0000] {dag.py:3239} INFO - Sync 1 DAGs
[2024-10-20T14:04:40.218+0000] {logging_mixin.py:190} INFO - [2024-10-20T14:04:40.218+0000] {dag.py:4180} INFO - Setting next_dagrun for example_branch_operator to 2024-10-19 00:00:00+00:00, run_after=2024-10-20 00:00:00+00:00
[2024-10-20T14:04:40.238+0000] {processor.py:208} INFO - Processing /home/airflow/.local/lib/python3.12/site-packages/airflow/example_dags/example_branch_operator.py took 0.092 seconds
[2024-10-20T14:05:10.282+0000] {processor.py:186} INFO - Started process (PID=281) to work on /home/airflow/.local/lib/python3.12/site-packages/airflow/example_dags/example_branch_operator.py
[2024-10-20T14:05:10.283+0000] {processor.py:914} INFO - Processing file /home/airflow/.local/lib/python3.12/site-packages/airflow/example_dags/example_branch_operator.py for tasks to queue
[2024-10-20T14:05:10.286+0000] {logging_mixin.py:190} INFO - [2024-10-20T14:05:10.286+0000] {dagbag.py:588} INFO - Filling up the DagBag from /home/airflow/.local/lib/python3.12/site-packages/airflow/example_dags/example_branch_operator.py
[2024-10-20T14:05:10.302+0000] {processor.py:925} INFO - DAG(s) 'example_branch_operator' retrieved from /home/airflow/.local/lib/python3.12/site-packages/airflow/example_dags/example_branch_operator.py
[2024-10-20T14:05:10.328+0000] {logging_mixin.py:190} INFO - [2024-10-20T14:05:10.328+0000] {dag.py:3239} INFO - Sync 1 DAGs
[2024-10-20T14:05:10.350+0000] {logging_mixin.py:190} INFO - [2024-10-20T14:05:10.350+0000] {dag.py:4180} INFO - Setting next_dagrun for example_branch_operator to 2024-10-19 00:00:00+00:00, run_after=2024-10-20 00:00:00+00:00
[2024-10-20T14:05:10.366+0000] {processor.py:208} INFO - Processing /home/airflow/.local/lib/python3.12/site-packages/airflow/example_dags/example_branch_operator.py took 0.090 seconds
[2024-10-20T14:06:41.134+0000] {processor.py:186} INFO - Started process (PID=78) to work on /home/airflow/.local/lib/python3.12/site-packages/airflow/example_dags/example_branch_operator.py
[2024-10-20T14:06:41.135+0000] {processor.py:914} INFO - Processing file /home/airflow/.local/lib/python3.12/site-packages/airflow/example_dags/example_branch_operator.py for tasks to queue
[2024-10-20T14:06:41.137+0000] {logging_mixin.py:190} INFO - [2024-10-20T14:06:41.136+0000] {dagbag.py:588} INFO - Filling up the DagBag from /home/airflow/.local/lib/python3.12/site-packages/airflow/example_dags/example_branch_operator.py
[2024-10-20T14:06:41.152+0000] {processor.py:925} INFO - DAG(s) 'example_branch_operator' retrieved from /home/airflow/.local/lib/python3.12/site-packages/airflow/example_dags/example_branch_operator.py
[2024-10-20T14:06:41.277+0000] {logging_mixin.py:190} INFO - [2024-10-20T14:06:41.276+0000] {dag.py:3239} INFO - Sync 1 DAGs
[2024-10-20T14:06:41.296+0000] {logging_mixin.py:190} INFO - [2024-10-20T14:06:41.296+0000] {dag.py:4180} INFO - Setting next_dagrun for example_branch_operator to 2024-10-19 00:00:00+00:00, run_after=2024-10-20 00:00:00+00:00
[2024-10-20T14:06:41.325+0000] {processor.py:208} INFO - Processing /home/airflow/.local/lib/python3.12/site-packages/airflow/example_dags/example_branch_operator.py took 0.198 seconds
[2024-10-20T14:07:11.462+0000] {processor.py:186} INFO - Started process (PID=147) to work on /home/airflow/.local/lib/python3.12/site-packages/airflow/example_dags/example_branch_operator.py
[2024-10-20T14:07:11.462+0000] {processor.py:914} INFO - Processing file /home/airflow/.local/lib/python3.12/site-packages/airflow/example_dags/example_branch_operator.py for tasks to queue
[2024-10-20T14:07:11.464+0000] {logging_mixin.py:190} INFO - [2024-10-20T14:07:11.464+0000] {dagbag.py:588} INFO - Filling up the DagBag from /home/airflow/.local/lib/python3.12/site-packages/airflow/example_dags/example_branch_operator.py
[2024-10-20T14:07:11.478+0000] {processor.py:925} INFO - DAG(s) 'example_branch_operator' retrieved from /home/airflow/.local/lib/python3.12/site-packages/airflow/example_dags/example_branch_operator.py
[2024-10-20T14:07:11.506+0000] {logging_mixin.py:190} INFO - [2024-10-20T14:07:11.506+0000] {dag.py:3239} INFO - Sync 1 DAGs
[2024-10-20T14:07:11.529+0000] {logging_mixin.py:190} INFO - [2024-10-20T14:07:11.529+0000] {dag.py:4180} INFO - Setting next_dagrun for example_branch_operator to 2024-10-19 00:00:00+00:00, run_after=2024-10-20 00:00:00+00:00
[2024-10-20T14:07:11.547+0000] {processor.py:208} INFO - Processing /home/airflow/.local/lib/python3.12/site-packages/airflow/example_dags/example_branch_operator.py took 0.090 seconds
[2024-10-20T14:07:41.639+0000] {processor.py:186} INFO - Started process (PID=210) to work on /home/airflow/.local/lib/python3.12/site-packages/airflow/example_dags/example_branch_operator.py
[2024-10-20T14:07:41.640+0000] {processor.py:914} INFO - Processing file /home/airflow/.local/lib/python3.12/site-packages/airflow/example_dags/example_branch_operator.py for tasks to queue
[2024-10-20T14:07:41.642+0000] {logging_mixin.py:190} INFO - [2024-10-20T14:07:41.642+0000] {dagbag.py:588} INFO - Filling up the DagBag from /home/airflow/.local/lib/python3.12/site-packages/airflow/example_dags/example_branch_operator.py
[2024-10-20T14:07:41.656+0000] {processor.py:925} INFO - DAG(s) 'example_branch_operator' retrieved from /home/airflow/.local/lib/python3.12/site-packages/airflow/example_dags/example_branch_operator.py
[2024-10-20T14:07:41.680+0000] {logging_mixin.py:190} INFO - [2024-10-20T14:07:41.680+0000] {dag.py:3239} INFO - Sync 1 DAGs
[2024-10-20T14:07:41.700+0000] {logging_mixin.py:190} INFO - [2024-10-20T14:07:41.699+0000] {dag.py:4180} INFO - Setting next_dagrun for example_branch_operator to 2024-10-19 00:00:00+00:00, run_after=2024-10-20 00:00:00+00:00
[2024-10-20T14:07:41.718+0000] {processor.py:208} INFO - Processing /home/airflow/.local/lib/python3.12/site-packages/airflow/example_dags/example_branch_operator.py took 0.083 seconds
[2024-10-20T14:08:12.622+0000] {processor.py:186} INFO - Started process (PID=272) to work on /home/airflow/.local/lib/python3.12/site-packages/airflow/example_dags/example_branch_operator.py
[2024-10-20T14:08:12.622+0000] {processor.py:914} INFO - Processing file /home/airflow/.local/lib/python3.12/site-packages/airflow/example_dags/example_branch_operator.py for tasks to queue
[2024-10-20T14:08:12.625+0000] {logging_mixin.py:190} INFO - [2024-10-20T14:08:12.625+0000] {dagbag.py:588} INFO - Filling up the DagBag from /home/airflow/.local/lib/python3.12/site-packages/airflow/example_dags/example_branch_operator.py
[2024-10-20T14:08:12.642+0000] {processor.py:925} INFO - DAG(s) 'example_branch_operator' retrieved from /home/airflow/.local/lib/python3.12/site-packages/airflow/example_dags/example_branch_operator.py
[2024-10-20T14:08:12.669+0000] {logging_mixin.py:190} INFO - [2024-10-20T14:08:12.669+0000] {dag.py:3239} INFO - Sync 1 DAGs
[2024-10-20T14:08:12.693+0000] {logging_mixin.py:190} INFO - [2024-10-20T14:08:12.692+0000] {dag.py:4180} INFO - Setting next_dagrun for example_branch_operator to 2024-10-19 00:00:00+00:00, run_after=2024-10-20 00:00:00+00:00
[2024-10-20T14:08:12.712+0000] {processor.py:208} INFO - Processing /home/airflow/.local/lib/python3.12/site-packages/airflow/example_dags/example_branch_operator.py took 0.096 seconds
[2024-10-20T14:08:43.487+0000] {processor.py:186} INFO - Started process (PID=336) to work on /home/airflow/.local/lib/python3.12/site-packages/airflow/example_dags/example_branch_operator.py
[2024-10-20T14:08:43.488+0000] {processor.py:914} INFO - Processing file /home/airflow/.local/lib/python3.12/site-packages/airflow/example_dags/example_branch_operator.py for tasks to queue
[2024-10-20T14:08:43.491+0000] {logging_mixin.py:190} INFO - [2024-10-20T14:08:43.491+0000] {dagbag.py:588} INFO - Filling up the DagBag from /home/airflow/.local/lib/python3.12/site-packages/airflow/example_dags/example_branch_operator.py
[2024-10-20T14:08:43.510+0000] {processor.py:925} INFO - DAG(s) 'example_branch_operator' retrieved from /home/airflow/.local/lib/python3.12/site-packages/airflow/example_dags/example_branch_operator.py
[2024-10-20T14:08:43.557+0000] {logging_mixin.py:190} INFO - [2024-10-20T14:08:43.556+0000] {dag.py:3239} INFO - Sync 1 DAGs
[2024-10-20T14:08:43.577+0000] {logging_mixin.py:190} INFO - [2024-10-20T14:08:43.577+0000] {dag.py:4180} INFO - Setting next_dagrun for example_branch_operator to 2024-10-19 00:00:00+00:00, run_after=2024-10-20 00:00:00+00:00
[2024-10-20T14:08:43.595+0000] {processor.py:208} INFO - Processing /home/airflow/.local/lib/python3.12/site-packages/airflow/example_dags/example_branch_operator.py took 0.113 seconds
[2024-10-20T14:09:14.360+0000] {processor.py:186} INFO - Started process (PID=399) to work on /home/airflow/.local/lib/python3.12/site-packages/airflow/example_dags/example_branch_operator.py
[2024-10-20T14:09:14.361+0000] {processor.py:914} INFO - Processing file /home/airflow/.local/lib/python3.12/site-packages/airflow/example_dags/example_branch_operator.py for tasks to queue
[2024-10-20T14:09:14.364+0000] {logging_mixin.py:190} INFO - [2024-10-20T14:09:14.363+0000] {dagbag.py:588} INFO - Filling up the DagBag from /home/airflow/.local/lib/python3.12/site-packages/airflow/example_dags/example_branch_operator.py
[2024-10-20T14:09:14.376+0000] {processor.py:925} INFO - DAG(s) 'example_branch_operator' retrieved from /home/airflow/.local/lib/python3.12/site-packages/airflow/example_dags/example_branch_operator.py
[2024-10-20T14:09:14.399+0000] {logging_mixin.py:190} INFO - [2024-10-20T14:09:14.398+0000] {dag.py:3239} INFO - Sync 1 DAGs
[2024-10-20T14:09:14.417+0000] {logging_mixin.py:190} INFO - [2024-10-20T14:09:14.416+0000] {dag.py:4180} INFO - Setting next_dagrun for example_branch_operator to 2024-10-19 00:00:00+00:00, run_after=2024-10-20 00:00:00+00:00
[2024-10-20T14:09:14.433+0000] {processor.py:208} INFO - Processing /home/airflow/.local/lib/python3.12/site-packages/airflow/example_dags/example_branch_operator.py took 0.078 seconds
[2024-10-20T14:09:45.583+0000] {processor.py:186} INFO - Started process (PID=462) to work on /home/airflow/.local/lib/python3.12/site-packages/airflow/example_dags/example_branch_operator.py
[2024-10-20T14:09:45.584+0000] {processor.py:914} INFO - Processing file /home/airflow/.local/lib/python3.12/site-packages/airflow/example_dags/example_branch_operator.py for tasks to queue
[2024-10-20T14:09:45.587+0000] {logging_mixin.py:190} INFO - [2024-10-20T14:09:45.586+0000] {dagbag.py:588} INFO - Filling up the DagBag from /home/airflow/.local/lib/python3.12/site-packages/airflow/example_dags/example_branch_operator.py
[2024-10-20T14:09:45.603+0000] {processor.py:925} INFO - DAG(s) 'example_branch_operator' retrieved from /home/airflow/.local/lib/python3.12/site-packages/airflow/example_dags/example_branch_operator.py
[2024-10-20T14:09:45.633+0000] {logging_mixin.py:190} INFO - [2024-10-20T14:09:45.633+0000] {dag.py:3239} INFO - Sync 1 DAGs
[2024-10-20T14:09:45.658+0000] {logging_mixin.py:190} INFO - [2024-10-20T14:09:45.658+0000] {dag.py:4180} INFO - Setting next_dagrun for example_branch_operator to 2024-10-19 00:00:00+00:00, run_after=2024-10-20 00:00:00+00:00
[2024-10-20T14:09:45.681+0000] {processor.py:208} INFO - Processing /home/airflow/.local/lib/python3.12/site-packages/airflow/example_dags/example_branch_operator.py took 0.104 seconds
[2024-10-20T14:10:16.485+0000] {processor.py:186} INFO - Started process (PID=525) to work on /home/airflow/.local/lib/python3.12/site-packages/airflow/example_dags/example_branch_operator.py
[2024-10-20T14:10:16.486+0000] {processor.py:914} INFO - Processing file /home/airflow/.local/lib/python3.12/site-packages/airflow/example_dags/example_branch_operator.py for tasks to queue
[2024-10-20T14:10:16.488+0000] {logging_mixin.py:190} INFO - [2024-10-20T14:10:16.487+0000] {dagbag.py:588} INFO - Filling up the DagBag from /home/airflow/.local/lib/python3.12/site-packages/airflow/example_dags/example_branch_operator.py
[2024-10-20T14:10:16.506+0000] {processor.py:925} INFO - DAG(s) 'example_branch_operator' retrieved from /home/airflow/.local/lib/python3.12/site-packages/airflow/example_dags/example_branch_operator.py
[2024-10-20T14:10:16.536+0000] {logging_mixin.py:190} INFO - [2024-10-20T14:10:16.536+0000] {dag.py:3239} INFO - Sync 1 DAGs
[2024-10-20T14:10:16.556+0000] {logging_mixin.py:190} INFO - [2024-10-20T14:10:16.556+0000] {dag.py:4180} INFO - Setting next_dagrun for example_branch_operator to 2024-10-19 00:00:00+00:00, run_after=2024-10-20 00:00:00+00:00
[2024-10-20T14:10:16.576+0000] {processor.py:208} INFO - Processing /home/airflow/.local/lib/python3.12/site-packages/airflow/example_dags/example_branch_operator.py took 0.096 seconds
[2024-10-20T14:10:47.203+0000] {processor.py:186} INFO - Started process (PID=588) to work on /home/airflow/.local/lib/python3.12/site-packages/airflow/example_dags/example_branch_operator.py
[2024-10-20T14:10:47.205+0000] {processor.py:914} INFO - Processing file /home/airflow/.local/lib/python3.12/site-packages/airflow/example_dags/example_branch_operator.py for tasks to queue
[2024-10-20T14:10:47.207+0000] {logging_mixin.py:190} INFO - [2024-10-20T14:10:47.207+0000] {dagbag.py:588} INFO - Filling up the DagBag from /home/airflow/.local/lib/python3.12/site-packages/airflow/example_dags/example_branch_operator.py
[2024-10-20T14:10:47.222+0000] {processor.py:925} INFO - DAG(s) 'example_branch_operator' retrieved from /home/airflow/.local/lib/python3.12/site-packages/airflow/example_dags/example_branch_operator.py
[2024-10-20T14:10:47.249+0000] {logging_mixin.py:190} INFO - [2024-10-20T14:10:47.249+0000] {dag.py:3239} INFO - Sync 1 DAGs
[2024-10-20T14:10:47.270+0000] {logging_mixin.py:190} INFO - [2024-10-20T14:10:47.270+0000] {dag.py:4180} INFO - Setting next_dagrun for example_branch_operator to 2024-10-19 00:00:00+00:00, run_after=2024-10-20 00:00:00+00:00
[2024-10-20T14:10:47.287+0000] {processor.py:208} INFO - Processing /home/airflow/.local/lib/python3.12/site-packages/airflow/example_dags/example_branch_operator.py took 0.089 seconds
[2024-10-20T14:11:18.527+0000] {processor.py:186} INFO - Started process (PID=651) to work on /home/airflow/.local/lib/python3.12/site-packages/airflow/example_dags/example_branch_operator.py
[2024-10-20T14:11:18.528+0000] {processor.py:914} INFO - Processing file /home/airflow/.local/lib/python3.12/site-packages/airflow/example_dags/example_branch_operator.py for tasks to queue
[2024-10-20T14:11:18.531+0000] {logging_mixin.py:190} INFO - [2024-10-20T14:11:18.531+0000] {dagbag.py:588} INFO - Filling up the DagBag from /home/airflow/.local/lib/python3.12/site-packages/airflow/example_dags/example_branch_operator.py
[2024-10-20T14:11:18.545+0000] {processor.py:925} INFO - DAG(s) 'example_branch_operator' retrieved from /home/airflow/.local/lib/python3.12/site-packages/airflow/example_dags/example_branch_operator.py
[2024-10-20T14:11:18.571+0000] {logging_mixin.py:190} INFO - [2024-10-20T14:11:18.571+0000] {dag.py:3239} INFO - Sync 1 DAGs
[2024-10-20T14:11:18.592+0000] {logging_mixin.py:190} INFO - [2024-10-20T14:11:18.591+0000] {dag.py:4180} INFO - Setting next_dagrun for example_branch_operator to 2024-10-19 00:00:00+00:00, run_after=2024-10-20 00:00:00+00:00
[2024-10-20T14:11:18.611+0000] {processor.py:208} INFO - Processing /home/airflow/.local/lib/python3.12/site-packages/airflow/example_dags/example_branch_operator.py took 0.090 seconds
[2024-10-20T14:11:49.376+0000] {processor.py:186} INFO - Started process (PID=713) to work on /home/airflow/.local/lib/python3.12/site-packages/airflow/example_dags/example_branch_operator.py
[2024-10-20T14:11:49.377+0000] {processor.py:914} INFO - Processing file /home/airflow/.local/lib/python3.12/site-packages/airflow/example_dags/example_branch_operator.py for tasks to queue
[2024-10-20T14:11:49.379+0000] {logging_mixin.py:190} INFO - [2024-10-20T14:11:49.379+0000] {dagbag.py:588} INFO - Filling up the DagBag from /home/airflow/.local/lib/python3.12/site-packages/airflow/example_dags/example_branch_operator.py
[2024-10-20T14:11:49.393+0000] {processor.py:925} INFO - DAG(s) 'example_branch_operator' retrieved from /home/airflow/.local/lib/python3.12/site-packages/airflow/example_dags/example_branch_operator.py
[2024-10-20T14:11:49.419+0000] {logging_mixin.py:190} INFO - [2024-10-20T14:11:49.419+0000] {dag.py:3239} INFO - Sync 1 DAGs
[2024-10-20T14:11:49.437+0000] {logging_mixin.py:190} INFO - [2024-10-20T14:11:49.437+0000] {dag.py:4180} INFO - Setting next_dagrun for example_branch_operator to 2024-10-19 00:00:00+00:00, run_after=2024-10-20 00:00:00+00:00
[2024-10-20T14:11:49.458+0000] {processor.py:208} INFO - Processing /home/airflow/.local/lib/python3.12/site-packages/airflow/example_dags/example_branch_operator.py took 0.088 seconds
[2024-10-20T14:12:20.203+0000] {processor.py:186} INFO - Started process (PID=776) to work on /home/airflow/.local/lib/python3.12/site-packages/airflow/example_dags/example_branch_operator.py
[2024-10-20T14:12:20.204+0000] {processor.py:914} INFO - Processing file /home/airflow/.local/lib/python3.12/site-packages/airflow/example_dags/example_branch_operator.py for tasks to queue
[2024-10-20T14:12:20.206+0000] {logging_mixin.py:190} INFO - [2024-10-20T14:12:20.206+0000] {dagbag.py:588} INFO - Filling up the DagBag from /home/airflow/.local/lib/python3.12/site-packages/airflow/example_dags/example_branch_operator.py
[2024-10-20T14:12:20.223+0000] {processor.py:925} INFO - DAG(s) 'example_branch_operator' retrieved from /home/airflow/.local/lib/python3.12/site-packages/airflow/example_dags/example_branch_operator.py
[2024-10-20T14:12:20.253+0000] {logging_mixin.py:190} INFO - [2024-10-20T14:12:20.253+0000] {dag.py:3239} INFO - Sync 1 DAGs
[2024-10-20T14:12:20.278+0000] {logging_mixin.py:190} INFO - [2024-10-20T14:12:20.278+0000] {dag.py:4180} INFO - Setting next_dagrun for example_branch_operator to 2024-10-19 00:00:00+00:00, run_after=2024-10-20 00:00:00+00:00
[2024-10-20T14:12:20.298+0000] {processor.py:208} INFO - Processing /home/airflow/.local/lib/python3.12/site-packages/airflow/example_dags/example_branch_operator.py took 0.101 seconds
[2024-10-20T14:12:51.143+0000] {processor.py:186} INFO - Started process (PID=839) to work on /home/airflow/.local/lib/python3.12/site-packages/airflow/example_dags/example_branch_operator.py
[2024-10-20T14:12:51.144+0000] {processor.py:914} INFO - Processing file /home/airflow/.local/lib/python3.12/site-packages/airflow/example_dags/example_branch_operator.py for tasks to queue
[2024-10-20T14:12:51.146+0000] {logging_mixin.py:190} INFO - [2024-10-20T14:12:51.146+0000] {dagbag.py:588} INFO - Filling up the DagBag from /home/airflow/.local/lib/python3.12/site-packages/airflow/example_dags/example_branch_operator.py
[2024-10-20T14:12:51.161+0000] {processor.py:925} INFO - DAG(s) 'example_branch_operator' retrieved from /home/airflow/.local/lib/python3.12/site-packages/airflow/example_dags/example_branch_operator.py
[2024-10-20T14:12:51.186+0000] {logging_mixin.py:190} INFO - [2024-10-20T14:12:51.186+0000] {dag.py:3239} INFO - Sync 1 DAGs
[2024-10-20T14:12:51.206+0000] {logging_mixin.py:190} INFO - [2024-10-20T14:12:51.206+0000] {dag.py:4180} INFO - Setting next_dagrun for example_branch_operator to 2024-10-19 00:00:00+00:00, run_after=2024-10-20 00:00:00+00:00
[2024-10-20T14:12:51.222+0000] {processor.py:208} INFO - Processing /home/airflow/.local/lib/python3.12/site-packages/airflow/example_dags/example_branch_operator.py took 0.084 seconds
[2024-10-20T14:13:21.362+0000] {processor.py:186} INFO - Started process (PID=902) to work on /home/airflow/.local/lib/python3.12/site-packages/airflow/example_dags/example_branch_operator.py
[2024-10-20T14:13:21.363+0000] {processor.py:914} INFO - Processing file /home/airflow/.local/lib/python3.12/site-packages/airflow/example_dags/example_branch_operator.py for tasks to queue
[2024-10-20T14:13:21.366+0000] {logging_mixin.py:190} INFO - [2024-10-20T14:13:21.365+0000] {dagbag.py:588} INFO - Filling up the DagBag from /home/airflow/.local/lib/python3.12/site-packages/airflow/example_dags/example_branch_operator.py
[2024-10-20T14:13:21.381+0000] {processor.py:925} INFO - DAG(s) 'example_branch_operator' retrieved from /home/airflow/.local/lib/python3.12/site-packages/airflow/example_dags/example_branch_operator.py
[2024-10-20T14:13:21.409+0000] {logging_mixin.py:190} INFO - [2024-10-20T14:13:21.409+0000] {dag.py:3239} INFO - Sync 1 DAGs
[2024-10-20T14:13:21.430+0000] {logging_mixin.py:190} INFO - [2024-10-20T14:13:21.430+0000] {dag.py:4180} INFO - Setting next_dagrun for example_branch_operator to 2024-10-19 00:00:00+00:00, run_after=2024-10-20 00:00:00+00:00
[2024-10-20T14:13:21.449+0000] {processor.py:208} INFO - Processing /home/airflow/.local/lib/python3.12/site-packages/airflow/example_dags/example_branch_operator.py took 0.091 seconds
[2024-10-20T14:13:51.601+0000] {processor.py:186} INFO - Started process (PID=964) to work on /home/airflow/.local/lib/python3.12/site-packages/airflow/example_dags/example_branch_operator.py
[2024-10-20T14:13:51.602+0000] {processor.py:914} INFO - Processing file /home/airflow/.local/lib/python3.12/site-packages/airflow/example_dags/example_branch_operator.py for tasks to queue
[2024-10-20T14:13:51.604+0000] {logging_mixin.py:190} INFO - [2024-10-20T14:13:51.603+0000] {dagbag.py:588} INFO - Filling up the DagBag from /home/airflow/.local/lib/python3.12/site-packages/airflow/example_dags/example_branch_operator.py
[2024-10-20T14:13:51.618+0000] {processor.py:925} INFO - DAG(s) 'example_branch_operator' retrieved from /home/airflow/.local/lib/python3.12/site-packages/airflow/example_dags/example_branch_operator.py
[2024-10-20T14:13:51.643+0000] {logging_mixin.py:190} INFO - [2024-10-20T14:13:51.643+0000] {dag.py:3239} INFO - Sync 1 DAGs
[2024-10-20T14:13:51.666+0000] {logging_mixin.py:190} INFO - [2024-10-20T14:13:51.665+0000] {dag.py:4180} INFO - Setting next_dagrun for example_branch_operator to 2024-10-19 00:00:00+00:00, run_after=2024-10-20 00:00:00+00:00
[2024-10-20T14:13:51.683+0000] {processor.py:208} INFO - Processing /home/airflow/.local/lib/python3.12/site-packages/airflow/example_dags/example_branch_operator.py took 0.087 seconds
[2024-10-20T14:14:21.931+0000] {processor.py:186} INFO - Started process (PID=1027) to work on /home/airflow/.local/lib/python3.12/site-packages/airflow/example_dags/example_branch_operator.py
[2024-10-20T14:14:21.932+0000] {processor.py:914} INFO - Processing file /home/airflow/.local/lib/python3.12/site-packages/airflow/example_dags/example_branch_operator.py for tasks to queue
[2024-10-20T14:14:21.934+0000] {logging_mixin.py:190} INFO - [2024-10-20T14:14:21.934+0000] {dagbag.py:588} INFO - Filling up the DagBag from /home/airflow/.local/lib/python3.12/site-packages/airflow/example_dags/example_branch_operator.py
[2024-10-20T14:14:21.950+0000] {processor.py:925} INFO - DAG(s) 'example_branch_operator' retrieved from /home/airflow/.local/lib/python3.12/site-packages/airflow/example_dags/example_branch_operator.py
[2024-10-20T14:14:21.975+0000] {logging_mixin.py:190} INFO - [2024-10-20T14:14:21.975+0000] {dag.py:3239} INFO - Sync 1 DAGs
[2024-10-20T14:14:21.997+0000] {logging_mixin.py:190} INFO - [2024-10-20T14:14:21.997+0000] {dag.py:4180} INFO - Setting next_dagrun for example_branch_operator to 2024-10-19 00:00:00+00:00, run_after=2024-10-20 00:00:00+00:00
[2024-10-20T14:14:22.014+0000] {processor.py:208} INFO - Processing /home/airflow/.local/lib/python3.12/site-packages/airflow/example_dags/example_branch_operator.py took 0.088 seconds
[2024-10-20T14:14:52.963+0000] {processor.py:186} INFO - Started process (PID=1090) to work on /home/airflow/.local/lib/python3.12/site-packages/airflow/example_dags/example_branch_operator.py
[2024-10-20T14:14:52.964+0000] {processor.py:914} INFO - Processing file /home/airflow/.local/lib/python3.12/site-packages/airflow/example_dags/example_branch_operator.py for tasks to queue
[2024-10-20T14:14:52.967+0000] {logging_mixin.py:190} INFO - [2024-10-20T14:14:52.966+0000] {dagbag.py:588} INFO - Filling up the DagBag from /home/airflow/.local/lib/python3.12/site-packages/airflow/example_dags/example_branch_operator.py
[2024-10-20T14:14:52.987+0000] {processor.py:925} INFO - DAG(s) 'example_branch_operator' retrieved from /home/airflow/.local/lib/python3.12/site-packages/airflow/example_dags/example_branch_operator.py
[2024-10-20T14:14:53.014+0000] {logging_mixin.py:190} INFO - [2024-10-20T14:14:53.013+0000] {dag.py:3239} INFO - Sync 1 DAGs
[2024-10-20T14:14:53.033+0000] {logging_mixin.py:190} INFO - [2024-10-20T14:14:53.032+0000] {dag.py:4180} INFO - Setting next_dagrun for example_branch_operator to 2024-10-19 00:00:00+00:00, run_after=2024-10-20 00:00:00+00:00
[2024-10-20T14:14:53.050+0000] {processor.py:208} INFO - Processing /home/airflow/.local/lib/python3.12/site-packages/airflow/example_dags/example_branch_operator.py took 0.093 seconds
[2024-10-20T14:15:23.432+0000] {processor.py:186} INFO - Started process (PID=1153) to work on /home/airflow/.local/lib/python3.12/site-packages/airflow/example_dags/example_branch_operator.py
[2024-10-20T14:15:23.433+0000] {processor.py:914} INFO - Processing file /home/airflow/.local/lib/python3.12/site-packages/airflow/example_dags/example_branch_operator.py for tasks to queue
[2024-10-20T14:15:23.436+0000] {logging_mixin.py:190} INFO - [2024-10-20T14:15:23.435+0000] {dagbag.py:588} INFO - Filling up the DagBag from /home/airflow/.local/lib/python3.12/site-packages/airflow/example_dags/example_branch_operator.py
[2024-10-20T14:15:23.452+0000] {processor.py:925} INFO - DAG(s) 'example_branch_operator' retrieved from /home/airflow/.local/lib/python3.12/site-packages/airflow/example_dags/example_branch_operator.py
[2024-10-20T14:15:23.477+0000] {logging_mixin.py:190} INFO - [2024-10-20T14:15:23.477+0000] {dag.py:3239} INFO - Sync 1 DAGs
[2024-10-20T14:15:23.498+0000] {logging_mixin.py:190} INFO - [2024-10-20T14:15:23.498+0000] {dag.py:4180} INFO - Setting next_dagrun for example_branch_operator to 2024-10-19 00:00:00+00:00, run_after=2024-10-20 00:00:00+00:00
[2024-10-20T14:15:23.516+0000] {processor.py:208} INFO - Processing /home/airflow/.local/lib/python3.12/site-packages/airflow/example_dags/example_branch_operator.py took 0.091 seconds
[2024-10-20T14:15:54.431+0000] {processor.py:186} INFO - Started process (PID=1218) to work on /home/airflow/.local/lib/python3.12/site-packages/airflow/example_dags/example_branch_operator.py
[2024-10-20T14:15:54.432+0000] {processor.py:914} INFO - Processing file /home/airflow/.local/lib/python3.12/site-packages/airflow/example_dags/example_branch_operator.py for tasks to queue
[2024-10-20T14:15:54.434+0000] {logging_mixin.py:190} INFO - [2024-10-20T14:15:54.434+0000] {dagbag.py:588} INFO - Filling up the DagBag from /home/airflow/.local/lib/python3.12/site-packages/airflow/example_dags/example_branch_operator.py
[2024-10-20T14:15:54.449+0000] {processor.py:925} INFO - DAG(s) 'example_branch_operator' retrieved from /home/airflow/.local/lib/python3.12/site-packages/airflow/example_dags/example_branch_operator.py
[2024-10-20T14:15:54.481+0000] {logging_mixin.py:190} INFO - [2024-10-20T14:15:54.481+0000] {dag.py:3239} INFO - Sync 1 DAGs
[2024-10-20T14:15:54.504+0000] {logging_mixin.py:190} INFO - [2024-10-20T14:15:54.504+0000] {dag.py:4180} INFO - Setting next_dagrun for example_branch_operator to 2024-10-19 00:00:00+00:00, run_after=2024-10-20 00:00:00+00:00
[2024-10-20T14:15:54.522+0000] {processor.py:208} INFO - Processing /home/airflow/.local/lib/python3.12/site-packages/airflow/example_dags/example_branch_operator.py took 0.098 seconds
[2024-10-20T14:16:24.735+0000] {processor.py:186} INFO - Started process (PID=1280) to work on /home/airflow/.local/lib/python3.12/site-packages/airflow/example_dags/example_branch_operator.py
[2024-10-20T14:16:24.736+0000] {processor.py:914} INFO - Processing file /home/airflow/.local/lib/python3.12/site-packages/airflow/example_dags/example_branch_operator.py for tasks to queue
[2024-10-20T14:16:24.739+0000] {logging_mixin.py:190} INFO - [2024-10-20T14:16:24.738+0000] {dagbag.py:588} INFO - Filling up the DagBag from /home/airflow/.local/lib/python3.12/site-packages/airflow/example_dags/example_branch_operator.py
[2024-10-20T14:16:24.753+0000] {processor.py:925} INFO - DAG(s) 'example_branch_operator' retrieved from /home/airflow/.local/lib/python3.12/site-packages/airflow/example_dags/example_branch_operator.py
[2024-10-20T14:16:24.779+0000] {logging_mixin.py:190} INFO - [2024-10-20T14:16:24.778+0000] {dag.py:3239} INFO - Sync 1 DAGs
[2024-10-20T14:16:24.803+0000] {logging_mixin.py:190} INFO - [2024-10-20T14:16:24.803+0000] {dag.py:4180} INFO - Setting next_dagrun for example_branch_operator to 2024-10-19 00:00:00+00:00, run_after=2024-10-20 00:00:00+00:00
[2024-10-20T14:16:24.822+0000] {processor.py:208} INFO - Processing /home/airflow/.local/lib/python3.12/site-packages/airflow/example_dags/example_branch_operator.py took 0.092 seconds
[2024-10-20T14:16:54.895+0000] {processor.py:186} INFO - Started process (PID=1344) to work on /home/airflow/.local/lib/python3.12/site-packages/airflow/example_dags/example_branch_operator.py
[2024-10-20T14:16:54.895+0000] {processor.py:914} INFO - Processing file /home/airflow/.local/lib/python3.12/site-packages/airflow/example_dags/example_branch_operator.py for tasks to queue
[2024-10-20T14:16:54.898+0000] {logging_mixin.py:190} INFO - [2024-10-20T14:16:54.897+0000] {dagbag.py:588} INFO - Filling up the DagBag from /home/airflow/.local/lib/python3.12/site-packages/airflow/example_dags/example_branch_operator.py
[2024-10-20T14:16:54.912+0000] {processor.py:925} INFO - DAG(s) 'example_branch_operator' retrieved from /home/airflow/.local/lib/python3.12/site-packages/airflow/example_dags/example_branch_operator.py
[2024-10-20T14:16:54.937+0000] {logging_mixin.py:190} INFO - [2024-10-20T14:16:54.936+0000] {dag.py:3239} INFO - Sync 1 DAGs
[2024-10-20T14:16:54.957+0000] {logging_mixin.py:190} INFO - [2024-10-20T14:16:54.957+0000] {dag.py:4180} INFO - Setting next_dagrun for example_branch_operator to 2024-10-19 00:00:00+00:00, run_after=2024-10-20 00:00:00+00:00
[2024-10-20T14:16:54.973+0000] {processor.py:208} INFO - Processing /home/airflow/.local/lib/python3.12/site-packages/airflow/example_dags/example_branch_operator.py took 0.084 seconds
[2024-10-20T14:17:25.987+0000] {processor.py:186} INFO - Started process (PID=1408) to work on /home/airflow/.local/lib/python3.12/site-packages/airflow/example_dags/example_branch_operator.py
[2024-10-20T14:17:25.988+0000] {processor.py:914} INFO - Processing file /home/airflow/.local/lib/python3.12/site-packages/airflow/example_dags/example_branch_operator.py for tasks to queue
[2024-10-20T14:17:25.990+0000] {logging_mixin.py:190} INFO - [2024-10-20T14:17:25.989+0000] {dagbag.py:588} INFO - Filling up the DagBag from /home/airflow/.local/lib/python3.12/site-packages/airflow/example_dags/example_branch_operator.py
[2024-10-20T14:17:26.004+0000] {processor.py:925} INFO - DAG(s) 'example_branch_operator' retrieved from /home/airflow/.local/lib/python3.12/site-packages/airflow/example_dags/example_branch_operator.py
[2024-10-20T14:17:26.027+0000] {logging_mixin.py:190} INFO - [2024-10-20T14:17:26.026+0000] {dag.py:3239} INFO - Sync 1 DAGs
[2024-10-20T14:17:26.046+0000] {logging_mixin.py:190} INFO - [2024-10-20T14:17:26.046+0000] {dag.py:4180} INFO - Setting next_dagrun for example_branch_operator to 2024-10-19 00:00:00+00:00, run_after=2024-10-20 00:00:00+00:00
[2024-10-20T14:17:26.064+0000] {processor.py:208} INFO - Processing /home/airflow/.local/lib/python3.12/site-packages/airflow/example_dags/example_branch_operator.py took 0.082 seconds
[2024-10-20T14:17:56.834+0000] {processor.py:186} INFO - Started process (PID=1473) to work on /home/airflow/.local/lib/python3.12/site-packages/airflow/example_dags/example_branch_operator.py
[2024-10-20T14:17:56.835+0000] {processor.py:914} INFO - Processing file /home/airflow/.local/lib/python3.12/site-packages/airflow/example_dags/example_branch_operator.py for tasks to queue
[2024-10-20T14:17:56.838+0000] {logging_mixin.py:190} INFO - [2024-10-20T14:17:56.838+0000] {dagbag.py:588} INFO - Filling up the DagBag from /home/airflow/.local/lib/python3.12/site-packages/airflow/example_dags/example_branch_operator.py
[2024-10-20T14:17:56.852+0000] {processor.py:925} INFO - DAG(s) 'example_branch_operator' retrieved from /home/airflow/.local/lib/python3.12/site-packages/airflow/example_dags/example_branch_operator.py
[2024-10-20T14:17:56.879+0000] {logging_mixin.py:190} INFO - [2024-10-20T14:17:56.879+0000] {dag.py:3239} INFO - Sync 1 DAGs
[2024-10-20T14:17:56.901+0000] {logging_mixin.py:190} INFO - [2024-10-20T14:17:56.900+0000] {dag.py:4180} INFO - Setting next_dagrun for example_branch_operator to 2024-10-19 00:00:00+00:00, run_after=2024-10-20 00:00:00+00:00
[2024-10-20T14:17:56.920+0000] {processor.py:208} INFO - Processing /home/airflow/.local/lib/python3.12/site-packages/airflow/example_dags/example_branch_operator.py took 0.090 seconds
[2024-10-20T14:18:27.567+0000] {processor.py:186} INFO - Started process (PID=1538) to work on /home/airflow/.local/lib/python3.12/site-packages/airflow/example_dags/example_branch_operator.py
[2024-10-20T14:18:27.569+0000] {processor.py:914} INFO - Processing file /home/airflow/.local/lib/python3.12/site-packages/airflow/example_dags/example_branch_operator.py for tasks to queue
[2024-10-20T14:18:27.571+0000] {logging_mixin.py:190} INFO - [2024-10-20T14:18:27.570+0000] {dagbag.py:588} INFO - Filling up the DagBag from /home/airflow/.local/lib/python3.12/site-packages/airflow/example_dags/example_branch_operator.py
[2024-10-20T14:18:27.587+0000] {processor.py:925} INFO - DAG(s) 'example_branch_operator' retrieved from /home/airflow/.local/lib/python3.12/site-packages/airflow/example_dags/example_branch_operator.py
[2024-10-20T14:18:27.614+0000] {logging_mixin.py:190} INFO - [2024-10-20T14:18:27.614+0000] {dag.py:3239} INFO - Sync 1 DAGs
[2024-10-20T14:18:27.635+0000] {logging_mixin.py:190} INFO - [2024-10-20T14:18:27.635+0000] {dag.py:4180} INFO - Setting next_dagrun for example_branch_operator to 2024-10-19 00:00:00+00:00, run_after=2024-10-20 00:00:00+00:00
[2024-10-20T14:18:27.653+0000] {processor.py:208} INFO - Processing /home/airflow/.local/lib/python3.12/site-packages/airflow/example_dags/example_branch_operator.py took 0.091 seconds
[2024-10-20T14:18:58.468+0000] {processor.py:186} INFO - Started process (PID=1602) to work on /home/airflow/.local/lib/python3.12/site-packages/airflow/example_dags/example_branch_operator.py
[2024-10-20T14:18:58.469+0000] {processor.py:914} INFO - Processing file /home/airflow/.local/lib/python3.12/site-packages/airflow/example_dags/example_branch_operator.py for tasks to queue
[2024-10-20T14:18:58.471+0000] {logging_mixin.py:190} INFO - [2024-10-20T14:18:58.470+0000] {dagbag.py:588} INFO - Filling up the DagBag from /home/airflow/.local/lib/python3.12/site-packages/airflow/example_dags/example_branch_operator.py
[2024-10-20T14:18:58.486+0000] {processor.py:925} INFO - DAG(s) 'example_branch_operator' retrieved from /home/airflow/.local/lib/python3.12/site-packages/airflow/example_dags/example_branch_operator.py
[2024-10-20T14:18:58.513+0000] {logging_mixin.py:190} INFO - [2024-10-20T14:18:58.513+0000] {dag.py:3239} INFO - Sync 1 DAGs
[2024-10-20T14:18:58.535+0000] {logging_mixin.py:190} INFO - [2024-10-20T14:18:58.535+0000] {dag.py:4180} INFO - Setting next_dagrun for example_branch_operator to 2024-10-19 00:00:00+00:00, run_after=2024-10-20 00:00:00+00:00
[2024-10-20T14:18:58.554+0000] {processor.py:208} INFO - Processing /home/airflow/.local/lib/python3.12/site-packages/airflow/example_dags/example_branch_operator.py took 0.091 seconds
[2024-10-20T14:19:29.399+0000] {processor.py:186} INFO - Started process (PID=1666) to work on /home/airflow/.local/lib/python3.12/site-packages/airflow/example_dags/example_branch_operator.py
[2024-10-20T14:19:29.400+0000] {processor.py:914} INFO - Processing file /home/airflow/.local/lib/python3.12/site-packages/airflow/example_dags/example_branch_operator.py for tasks to queue
[2024-10-20T14:19:29.402+0000] {logging_mixin.py:190} INFO - [2024-10-20T14:19:29.402+0000] {dagbag.py:588} INFO - Filling up the DagBag from /home/airflow/.local/lib/python3.12/site-packages/airflow/example_dags/example_branch_operator.py
[2024-10-20T14:19:29.417+0000] {processor.py:925} INFO - DAG(s) 'example_branch_operator' retrieved from /home/airflow/.local/lib/python3.12/site-packages/airflow/example_dags/example_branch_operator.py
[2024-10-20T14:19:29.443+0000] {logging_mixin.py:190} INFO - [2024-10-20T14:19:29.443+0000] {dag.py:3239} INFO - Sync 1 DAGs
[2024-10-20T14:19:29.465+0000] {logging_mixin.py:190} INFO - [2024-10-20T14:19:29.465+0000] {dag.py:4180} INFO - Setting next_dagrun for example_branch_operator to 2024-10-19 00:00:00+00:00, run_after=2024-10-20 00:00:00+00:00
[2024-10-20T14:19:29.483+0000] {processor.py:208} INFO - Processing /home/airflow/.local/lib/python3.12/site-packages/airflow/example_dags/example_branch_operator.py took 0.089 seconds
[2024-10-20T14:20:00.251+0000] {processor.py:186} INFO - Started process (PID=1730) to work on /home/airflow/.local/lib/python3.12/site-packages/airflow/example_dags/example_branch_operator.py
[2024-10-20T14:20:00.252+0000] {processor.py:914} INFO - Processing file /home/airflow/.local/lib/python3.12/site-packages/airflow/example_dags/example_branch_operator.py for tasks to queue
[2024-10-20T14:20:00.254+0000] {logging_mixin.py:190} INFO - [2024-10-20T14:20:00.254+0000] {dagbag.py:588} INFO - Filling up the DagBag from /home/airflow/.local/lib/python3.12/site-packages/airflow/example_dags/example_branch_operator.py
[2024-10-20T14:20:00.268+0000] {processor.py:925} INFO - DAG(s) 'example_branch_operator' retrieved from /home/airflow/.local/lib/python3.12/site-packages/airflow/example_dags/example_branch_operator.py
[2024-10-20T14:20:00.297+0000] {logging_mixin.py:190} INFO - [2024-10-20T14:20:00.297+0000] {dag.py:3239} INFO - Sync 1 DAGs
[2024-10-20T14:20:00.315+0000] {logging_mixin.py:190} INFO - [2024-10-20T14:20:00.315+0000] {dag.py:4180} INFO - Setting next_dagrun for example_branch_operator to 2024-10-19 00:00:00+00:00, run_after=2024-10-20 00:00:00+00:00
[2024-10-20T14:20:00.332+0000] {processor.py:208} INFO - Processing /home/airflow/.local/lib/python3.12/site-packages/airflow/example_dags/example_branch_operator.py took 0.086 seconds
[2024-10-20T14:20:31.013+0000] {processor.py:186} INFO - Started process (PID=1794) to work on /home/airflow/.local/lib/python3.12/site-packages/airflow/example_dags/example_branch_operator.py
[2024-10-20T14:20:31.014+0000] {processor.py:914} INFO - Processing file /home/airflow/.local/lib/python3.12/site-packages/airflow/example_dags/example_branch_operator.py for tasks to queue
[2024-10-20T14:20:31.017+0000] {logging_mixin.py:190} INFO - [2024-10-20T14:20:31.016+0000] {dagbag.py:588} INFO - Filling up the DagBag from /home/airflow/.local/lib/python3.12/site-packages/airflow/example_dags/example_branch_operator.py
[2024-10-20T14:20:31.030+0000] {processor.py:925} INFO - DAG(s) 'example_branch_operator' retrieved from /home/airflow/.local/lib/python3.12/site-packages/airflow/example_dags/example_branch_operator.py
[2024-10-20T14:20:31.057+0000] {logging_mixin.py:190} INFO - [2024-10-20T14:20:31.056+0000] {dag.py:3239} INFO - Sync 1 DAGs
[2024-10-20T14:20:31.076+0000] {logging_mixin.py:190} INFO - [2024-10-20T14:20:31.076+0000] {dag.py:4180} INFO - Setting next_dagrun for example_branch_operator to 2024-10-19 00:00:00+00:00, run_after=2024-10-20 00:00:00+00:00
[2024-10-20T14:20:31.095+0000] {processor.py:208} INFO - Processing /home/airflow/.local/lib/python3.12/site-packages/airflow/example_dags/example_branch_operator.py took 0.086 seconds
[2024-10-20T14:21:01.598+0000] {processor.py:186} INFO - Started process (PID=1858) to work on /home/airflow/.local/lib/python3.12/site-packages/airflow/example_dags/example_branch_operator.py
[2024-10-20T14:21:01.599+0000] {processor.py:914} INFO - Processing file /home/airflow/.local/lib/python3.12/site-packages/airflow/example_dags/example_branch_operator.py for tasks to queue
[2024-10-20T14:21:01.601+0000] {logging_mixin.py:190} INFO - [2024-10-20T14:21:01.601+0000] {dagbag.py:588} INFO - Filling up the DagBag from /home/airflow/.local/lib/python3.12/site-packages/airflow/example_dags/example_branch_operator.py
[2024-10-20T14:21:01.614+0000] {processor.py:925} INFO - DAG(s) 'example_branch_operator' retrieved from /home/airflow/.local/lib/python3.12/site-packages/airflow/example_dags/example_branch_operator.py
[2024-10-20T14:21:01.638+0000] {logging_mixin.py:190} INFO - [2024-10-20T14:21:01.638+0000] {dag.py:3239} INFO - Sync 1 DAGs
[2024-10-20T14:21:01.659+0000] {logging_mixin.py:190} INFO - [2024-10-20T14:21:01.659+0000] {dag.py:4180} INFO - Setting next_dagrun for example_branch_operator to 2024-10-19 00:00:00+00:00, run_after=2024-10-20 00:00:00+00:00
[2024-10-20T14:21:01.678+0000] {processor.py:208} INFO - Processing /home/airflow/.local/lib/python3.12/site-packages/airflow/example_dags/example_branch_operator.py took 0.085 seconds
[2024-10-20T14:21:32.283+0000] {processor.py:186} INFO - Started process (PID=1922) to work on /home/airflow/.local/lib/python3.12/site-packages/airflow/example_dags/example_branch_operator.py
[2024-10-20T14:21:32.285+0000] {processor.py:914} INFO - Processing file /home/airflow/.local/lib/python3.12/site-packages/airflow/example_dags/example_branch_operator.py for tasks to queue
[2024-10-20T14:21:32.287+0000] {logging_mixin.py:190} INFO - [2024-10-20T14:21:32.287+0000] {dagbag.py:588} INFO - Filling up the DagBag from /home/airflow/.local/lib/python3.12/site-packages/airflow/example_dags/example_branch_operator.py
[2024-10-20T14:21:32.302+0000] {processor.py:925} INFO - DAG(s) 'example_branch_operator' retrieved from /home/airflow/.local/lib/python3.12/site-packages/airflow/example_dags/example_branch_operator.py
[2024-10-20T14:21:32.327+0000] {logging_mixin.py:190} INFO - [2024-10-20T14:21:32.326+0000] {dag.py:3239} INFO - Sync 1 DAGs
[2024-10-20T14:21:32.347+0000] {logging_mixin.py:190} INFO - [2024-10-20T14:21:32.346+0000] {dag.py:4180} INFO - Setting next_dagrun for example_branch_operator to 2024-10-19 00:00:00+00:00, run_after=2024-10-20 00:00:00+00:00
[2024-10-20T14:21:32.364+0000] {processor.py:208} INFO - Processing /home/airflow/.local/lib/python3.12/site-packages/airflow/example_dags/example_branch_operator.py took 0.085 seconds
[2024-10-20T14:22:02.948+0000] {processor.py:186} INFO - Started process (PID=1986) to work on /home/airflow/.local/lib/python3.12/site-packages/airflow/example_dags/example_branch_operator.py
[2024-10-20T14:22:02.949+0000] {processor.py:914} INFO - Processing file /home/airflow/.local/lib/python3.12/site-packages/airflow/example_dags/example_branch_operator.py for tasks to queue
[2024-10-20T14:22:02.951+0000] {logging_mixin.py:190} INFO - [2024-10-20T14:22:02.951+0000] {dagbag.py:588} INFO - Filling up the DagBag from /home/airflow/.local/lib/python3.12/site-packages/airflow/example_dags/example_branch_operator.py
[2024-10-20T14:22:02.965+0000] {processor.py:925} INFO - DAG(s) 'example_branch_operator' retrieved from /home/airflow/.local/lib/python3.12/site-packages/airflow/example_dags/example_branch_operator.py
[2024-10-20T14:22:02.991+0000] {logging_mixin.py:190} INFO - [2024-10-20T14:22:02.991+0000] {dag.py:3239} INFO - Sync 1 DAGs
[2024-10-20T14:22:03.010+0000] {logging_mixin.py:190} INFO - [2024-10-20T14:22:03.010+0000] {dag.py:4180} INFO - Setting next_dagrun for example_branch_operator to 2024-10-19 00:00:00+00:00, run_after=2024-10-20 00:00:00+00:00
[2024-10-20T14:22:03.030+0000] {processor.py:208} INFO - Processing /home/airflow/.local/lib/python3.12/site-packages/airflow/example_dags/example_branch_operator.py took 0.086 seconds
[2024-10-20T14:22:33.916+0000] {processor.py:186} INFO - Started process (PID=2050) to work on /home/airflow/.local/lib/python3.12/site-packages/airflow/example_dags/example_branch_operator.py
[2024-10-20T14:22:33.917+0000] {processor.py:914} INFO - Processing file /home/airflow/.local/lib/python3.12/site-packages/airflow/example_dags/example_branch_operator.py for tasks to queue
[2024-10-20T14:22:33.919+0000] {logging_mixin.py:190} INFO - [2024-10-20T14:22:33.919+0000] {dagbag.py:588} INFO - Filling up the DagBag from /home/airflow/.local/lib/python3.12/site-packages/airflow/example_dags/example_branch_operator.py
[2024-10-20T14:22:33.932+0000] {processor.py:925} INFO - DAG(s) 'example_branch_operator' retrieved from /home/airflow/.local/lib/python3.12/site-packages/airflow/example_dags/example_branch_operator.py
[2024-10-20T14:22:33.956+0000] {logging_mixin.py:190} INFO - [2024-10-20T14:22:33.956+0000] {dag.py:3239} INFO - Sync 1 DAGs
[2024-10-20T14:22:33.975+0000] {logging_mixin.py:190} INFO - [2024-10-20T14:22:33.975+0000] {dag.py:4180} INFO - Setting next_dagrun for example_branch_operator to 2024-10-19 00:00:00+00:00, run_after=2024-10-20 00:00:00+00:00
[2024-10-20T14:22:33.993+0000] {processor.py:208} INFO - Processing /home/airflow/.local/lib/python3.12/site-packages/airflow/example_dags/example_branch_operator.py took 0.081 seconds
[2024-10-20T14:23:04.672+0000] {processor.py:186} INFO - Started process (PID=2114) to work on /home/airflow/.local/lib/python3.12/site-packages/airflow/example_dags/example_branch_operator.py
[2024-10-20T14:23:04.673+0000] {processor.py:914} INFO - Processing file /home/airflow/.local/lib/python3.12/site-packages/airflow/example_dags/example_branch_operator.py for tasks to queue
[2024-10-20T14:23:04.675+0000] {logging_mixin.py:190} INFO - [2024-10-20T14:23:04.675+0000] {dagbag.py:588} INFO - Filling up the DagBag from /home/airflow/.local/lib/python3.12/site-packages/airflow/example_dags/example_branch_operator.py
[2024-10-20T14:23:04.689+0000] {processor.py:925} INFO - DAG(s) 'example_branch_operator' retrieved from /home/airflow/.local/lib/python3.12/site-packages/airflow/example_dags/example_branch_operator.py
[2024-10-20T14:23:04.713+0000] {logging_mixin.py:190} INFO - [2024-10-20T14:23:04.713+0000] {dag.py:3239} INFO - Sync 1 DAGs
[2024-10-20T14:23:04.732+0000] {logging_mixin.py:190} INFO - [2024-10-20T14:23:04.732+0000] {dag.py:4180} INFO - Setting next_dagrun for example_branch_operator to 2024-10-19 00:00:00+00:00, run_after=2024-10-20 00:00:00+00:00
[2024-10-20T14:23:04.750+0000] {processor.py:208} INFO - Processing /home/airflow/.local/lib/python3.12/site-packages/airflow/example_dags/example_branch_operator.py took 0.082 seconds
[2024-10-20T14:23:35.311+0000] {processor.py:186} INFO - Started process (PID=2178) to work on /home/airflow/.local/lib/python3.12/site-packages/airflow/example_dags/example_branch_operator.py
[2024-10-20T14:23:35.312+0000] {processor.py:914} INFO - Processing file /home/airflow/.local/lib/python3.12/site-packages/airflow/example_dags/example_branch_operator.py for tasks to queue
[2024-10-20T14:23:35.314+0000] {logging_mixin.py:190} INFO - [2024-10-20T14:23:35.314+0000] {dagbag.py:588} INFO - Filling up the DagBag from /home/airflow/.local/lib/python3.12/site-packages/airflow/example_dags/example_branch_operator.py
[2024-10-20T14:23:35.329+0000] {processor.py:925} INFO - DAG(s) 'example_branch_operator' retrieved from /home/airflow/.local/lib/python3.12/site-packages/airflow/example_dags/example_branch_operator.py
[2024-10-20T14:23:35.353+0000] {logging_mixin.py:190} INFO - [2024-10-20T14:23:35.352+0000] {dag.py:3239} INFO - Sync 1 DAGs
[2024-10-20T14:23:35.372+0000] {logging_mixin.py:190} INFO - [2024-10-20T14:23:35.372+0000] {dag.py:4180} INFO - Setting next_dagrun for example_branch_operator to 2024-10-19 00:00:00+00:00, run_after=2024-10-20 00:00:00+00:00
[2024-10-20T14:23:35.388+0000] {processor.py:208} INFO - Processing /home/airflow/.local/lib/python3.12/site-packages/airflow/example_dags/example_branch_operator.py took 0.082 seconds
[2024-10-20T14:24:06.186+0000] {processor.py:186} INFO - Started process (PID=2242) to work on /home/airflow/.local/lib/python3.12/site-packages/airflow/example_dags/example_branch_operator.py
[2024-10-20T14:24:06.187+0000] {processor.py:914} INFO - Processing file /home/airflow/.local/lib/python3.12/site-packages/airflow/example_dags/example_branch_operator.py for tasks to queue
[2024-10-20T14:24:06.190+0000] {logging_mixin.py:190} INFO - [2024-10-20T14:24:06.190+0000] {dagbag.py:588} INFO - Filling up the DagBag from /home/airflow/.local/lib/python3.12/site-packages/airflow/example_dags/example_branch_operator.py
[2024-10-20T14:24:06.208+0000] {processor.py:925} INFO - DAG(s) 'example_branch_operator' retrieved from /home/airflow/.local/lib/python3.12/site-packages/airflow/example_dags/example_branch_operator.py
[2024-10-20T14:24:06.236+0000] {logging_mixin.py:190} INFO - [2024-10-20T14:24:06.236+0000] {dag.py:3239} INFO - Sync 1 DAGs
[2024-10-20T14:24:06.261+0000] {logging_mixin.py:190} INFO - [2024-10-20T14:24:06.261+0000] {dag.py:4180} INFO - Setting next_dagrun for example_branch_operator to 2024-10-19 00:00:00+00:00, run_after=2024-10-20 00:00:00+00:00
[2024-10-20T14:24:06.284+0000] {processor.py:208} INFO - Processing /home/airflow/.local/lib/python3.12/site-packages/airflow/example_dags/example_branch_operator.py took 0.103 seconds
[2024-10-20T14:24:36.691+0000] {processor.py:186} INFO - Started process (PID=2306) to work on /home/airflow/.local/lib/python3.12/site-packages/airflow/example_dags/example_branch_operator.py
[2024-10-20T14:24:36.692+0000] {processor.py:914} INFO - Processing file /home/airflow/.local/lib/python3.12/site-packages/airflow/example_dags/example_branch_operator.py for tasks to queue
[2024-10-20T14:24:36.694+0000] {logging_mixin.py:190} INFO - [2024-10-20T14:24:36.693+0000] {dagbag.py:588} INFO - Filling up the DagBag from /home/airflow/.local/lib/python3.12/site-packages/airflow/example_dags/example_branch_operator.py
[2024-10-20T14:24:36.708+0000] {processor.py:925} INFO - DAG(s) 'example_branch_operator' retrieved from /home/airflow/.local/lib/python3.12/site-packages/airflow/example_dags/example_branch_operator.py
[2024-10-20T14:24:36.737+0000] {logging_mixin.py:190} INFO - [2024-10-20T14:24:36.737+0000] {dag.py:3239} INFO - Sync 1 DAGs
[2024-10-20T14:24:36.758+0000] {logging_mixin.py:190} INFO - [2024-10-20T14:24:36.758+0000] {dag.py:4180} INFO - Setting next_dagrun for example_branch_operator to 2024-10-19 00:00:00+00:00, run_after=2024-10-20 00:00:00+00:00
[2024-10-20T14:24:36.779+0000] {processor.py:208} INFO - Processing /home/airflow/.local/lib/python3.12/site-packages/airflow/example_dags/example_branch_operator.py took 0.094 seconds
[2024-10-20T14:25:07.685+0000] {processor.py:186} INFO - Started process (PID=2370) to work on /home/airflow/.local/lib/python3.12/site-packages/airflow/example_dags/example_branch_operator.py
[2024-10-20T14:25:07.686+0000] {processor.py:914} INFO - Processing file /home/airflow/.local/lib/python3.12/site-packages/airflow/example_dags/example_branch_operator.py for tasks to queue
[2024-10-20T14:25:07.688+0000] {logging_mixin.py:190} INFO - [2024-10-20T14:25:07.688+0000] {dagbag.py:588} INFO - Filling up the DagBag from /home/airflow/.local/lib/python3.12/site-packages/airflow/example_dags/example_branch_operator.py
[2024-10-20T14:25:07.702+0000] {processor.py:925} INFO - DAG(s) 'example_branch_operator' retrieved from /home/airflow/.local/lib/python3.12/site-packages/airflow/example_dags/example_branch_operator.py
[2024-10-20T14:25:07.726+0000] {logging_mixin.py:190} INFO - [2024-10-20T14:25:07.726+0000] {dag.py:3239} INFO - Sync 1 DAGs
[2024-10-20T14:25:07.749+0000] {logging_mixin.py:190} INFO - [2024-10-20T14:25:07.749+0000] {dag.py:4180} INFO - Setting next_dagrun for example_branch_operator to 2024-10-19 00:00:00+00:00, run_after=2024-10-20 00:00:00+00:00
[2024-10-20T14:25:07.770+0000] {processor.py:208} INFO - Processing /home/airflow/.local/lib/python3.12/site-packages/airflow/example_dags/example_branch_operator.py took 0.090 seconds
[2024-10-20T14:55:25.442+0000] {processor.py:186} INFO - Started process (PID=2434) to work on /home/airflow/.local/lib/python3.12/site-packages/airflow/example_dags/example_branch_operator.py
[2024-10-20T14:55:25.443+0000] {processor.py:914} INFO - Processing file /home/airflow/.local/lib/python3.12/site-packages/airflow/example_dags/example_branch_operator.py for tasks to queue
[2024-10-20T14:55:25.445+0000] {logging_mixin.py:190} INFO - [2024-10-20T14:55:25.444+0000] {dagbag.py:588} INFO - Filling up the DagBag from /home/airflow/.local/lib/python3.12/site-packages/airflow/example_dags/example_branch_operator.py
[2024-10-20T14:55:25.459+0000] {processor.py:925} INFO - DAG(s) 'example_branch_operator' retrieved from /home/airflow/.local/lib/python3.12/site-packages/airflow/example_dags/example_branch_operator.py
[2024-10-20T14:55:25.482+0000] {logging_mixin.py:190} INFO - [2024-10-20T14:55:25.482+0000] {dag.py:3239} INFO - Sync 1 DAGs
[2024-10-20T14:55:25.503+0000] {logging_mixin.py:190} INFO - [2024-10-20T14:55:25.503+0000] {dag.py:4180} INFO - Setting next_dagrun for example_branch_operator to 2024-10-19 00:00:00+00:00, run_after=2024-10-20 00:00:00+00:00
[2024-10-20T14:55:25.525+0000] {processor.py:208} INFO - Processing /home/airflow/.local/lib/python3.12/site-packages/airflow/example_dags/example_branch_operator.py took 0.088 seconds
[2024-10-20T14:55:55.883+0000] {processor.py:186} INFO - Started process (PID=2497) to work on /home/airflow/.local/lib/python3.12/site-packages/airflow/example_dags/example_branch_operator.py
[2024-10-20T14:55:55.884+0000] {processor.py:914} INFO - Processing file /home/airflow/.local/lib/python3.12/site-packages/airflow/example_dags/example_branch_operator.py for tasks to queue
[2024-10-20T14:55:55.887+0000] {logging_mixin.py:190} INFO - [2024-10-20T14:55:55.887+0000] {dagbag.py:588} INFO - Filling up the DagBag from /home/airflow/.local/lib/python3.12/site-packages/airflow/example_dags/example_branch_operator.py
[2024-10-20T14:55:55.904+0000] {processor.py:925} INFO - DAG(s) 'example_branch_operator' retrieved from /home/airflow/.local/lib/python3.12/site-packages/airflow/example_dags/example_branch_operator.py
[2024-10-20T14:55:55.932+0000] {logging_mixin.py:190} INFO - [2024-10-20T14:55:55.932+0000] {dag.py:3239} INFO - Sync 1 DAGs
[2024-10-20T14:55:55.954+0000] {logging_mixin.py:190} INFO - [2024-10-20T14:55:55.954+0000] {dag.py:4180} INFO - Setting next_dagrun for example_branch_operator to 2024-10-19 00:00:00+00:00, run_after=2024-10-20 00:00:00+00:00
[2024-10-20T14:55:55.974+0000] {processor.py:208} INFO - Processing /home/airflow/.local/lib/python3.12/site-packages/airflow/example_dags/example_branch_operator.py took 0.097 seconds
[2024-10-20T14:56:26.554+0000] {processor.py:186} INFO - Started process (PID=2561) to work on /home/airflow/.local/lib/python3.12/site-packages/airflow/example_dags/example_branch_operator.py
[2024-10-20T14:56:26.555+0000] {processor.py:914} INFO - Processing file /home/airflow/.local/lib/python3.12/site-packages/airflow/example_dags/example_branch_operator.py for tasks to queue
[2024-10-20T14:56:26.558+0000] {logging_mixin.py:190} INFO - [2024-10-20T14:56:26.558+0000] {dagbag.py:588} INFO - Filling up the DagBag from /home/airflow/.local/lib/python3.12/site-packages/airflow/example_dags/example_branch_operator.py
[2024-10-20T14:56:26.578+0000] {processor.py:925} INFO - DAG(s) 'example_branch_operator' retrieved from /home/airflow/.local/lib/python3.12/site-packages/airflow/example_dags/example_branch_operator.py
[2024-10-20T14:56:26.610+0000] {logging_mixin.py:190} INFO - [2024-10-20T14:56:26.610+0000] {dag.py:3239} INFO - Sync 1 DAGs
[2024-10-20T14:56:26.633+0000] {logging_mixin.py:190} INFO - [2024-10-20T14:56:26.633+0000] {dag.py:4180} INFO - Setting next_dagrun for example_branch_operator to 2024-10-19 00:00:00+00:00, run_after=2024-10-20 00:00:00+00:00
[2024-10-20T14:56:26.656+0000] {processor.py:208} INFO - Processing /home/airflow/.local/lib/python3.12/site-packages/airflow/example_dags/example_branch_operator.py took 0.108 seconds
[2024-10-20T14:56:57.399+0000] {processor.py:186} INFO - Started process (PID=2625) to work on /home/airflow/.local/lib/python3.12/site-packages/airflow/example_dags/example_branch_operator.py
[2024-10-20T14:56:57.400+0000] {processor.py:914} INFO - Processing file /home/airflow/.local/lib/python3.12/site-packages/airflow/example_dags/example_branch_operator.py for tasks to queue
[2024-10-20T14:56:57.403+0000] {logging_mixin.py:190} INFO - [2024-10-20T14:56:57.402+0000] {dagbag.py:588} INFO - Filling up the DagBag from /home/airflow/.local/lib/python3.12/site-packages/airflow/example_dags/example_branch_operator.py
[2024-10-20T14:56:57.418+0000] {processor.py:925} INFO - DAG(s) 'example_branch_operator' retrieved from /home/airflow/.local/lib/python3.12/site-packages/airflow/example_dags/example_branch_operator.py
[2024-10-20T14:56:57.445+0000] {logging_mixin.py:190} INFO - [2024-10-20T14:56:57.444+0000] {dag.py:3239} INFO - Sync 1 DAGs
[2024-10-20T14:56:57.470+0000] {logging_mixin.py:190} INFO - [2024-10-20T14:56:57.470+0000] {dag.py:4180} INFO - Setting next_dagrun for example_branch_operator to 2024-10-19 00:00:00+00:00, run_after=2024-10-20 00:00:00+00:00
[2024-10-20T14:56:57.490+0000] {processor.py:208} INFO - Processing /home/airflow/.local/lib/python3.12/site-packages/airflow/example_dags/example_branch_operator.py took 0.108 seconds
[2024-10-20T14:57:27.559+0000] {processor.py:186} INFO - Started process (PID=2688) to work on /home/airflow/.local/lib/python3.12/site-packages/airflow/example_dags/example_branch_operator.py
[2024-10-20T14:57:27.561+0000] {processor.py:914} INFO - Processing file /home/airflow/.local/lib/python3.12/site-packages/airflow/example_dags/example_branch_operator.py for tasks to queue
[2024-10-20T14:57:27.563+0000] {logging_mixin.py:190} INFO - [2024-10-20T14:57:27.562+0000] {dagbag.py:588} INFO - Filling up the DagBag from /home/airflow/.local/lib/python3.12/site-packages/airflow/example_dags/example_branch_operator.py
[2024-10-20T14:57:27.577+0000] {processor.py:925} INFO - DAG(s) 'example_branch_operator' retrieved from /home/airflow/.local/lib/python3.12/site-packages/airflow/example_dags/example_branch_operator.py
[2024-10-20T14:57:27.603+0000] {logging_mixin.py:190} INFO - [2024-10-20T14:57:27.602+0000] {dag.py:3239} INFO - Sync 1 DAGs
[2024-10-20T14:57:27.626+0000] {logging_mixin.py:190} INFO - [2024-10-20T14:57:27.626+0000] {dag.py:4180} INFO - Setting next_dagrun for example_branch_operator to 2024-10-19 00:00:00+00:00, run_after=2024-10-20 00:00:00+00:00
[2024-10-20T14:57:27.668+0000] {processor.py:208} INFO - Processing /home/airflow/.local/lib/python3.12/site-packages/airflow/example_dags/example_branch_operator.py took 0.114 seconds
[2024-10-20T14:57:58.829+0000] {processor.py:186} INFO - Started process (PID=2753) to work on /home/airflow/.local/lib/python3.12/site-packages/airflow/example_dags/example_branch_operator.py
[2024-10-20T14:57:58.830+0000] {processor.py:914} INFO - Processing file /home/airflow/.local/lib/python3.12/site-packages/airflow/example_dags/example_branch_operator.py for tasks to queue
[2024-10-20T14:57:58.833+0000] {logging_mixin.py:190} INFO - [2024-10-20T14:57:58.832+0000] {dagbag.py:588} INFO - Filling up the DagBag from /home/airflow/.local/lib/python3.12/site-packages/airflow/example_dags/example_branch_operator.py
[2024-10-20T14:57:58.851+0000] {processor.py:925} INFO - DAG(s) 'example_branch_operator' retrieved from /home/airflow/.local/lib/python3.12/site-packages/airflow/example_dags/example_branch_operator.py
[2024-10-20T14:57:58.876+0000] {logging_mixin.py:190} INFO - [2024-10-20T14:57:58.876+0000] {dag.py:3239} INFO - Sync 1 DAGs
[2024-10-20T14:57:58.899+0000] {logging_mixin.py:190} INFO - [2024-10-20T14:57:58.899+0000] {dag.py:4180} INFO - Setting next_dagrun for example_branch_operator to 2024-10-19 00:00:00+00:00, run_after=2024-10-20 00:00:00+00:00
[2024-10-20T14:57:58.919+0000] {processor.py:208} INFO - Processing /home/airflow/.local/lib/python3.12/site-packages/airflow/example_dags/example_branch_operator.py took 0.095 seconds
[2024-10-20T14:58:29.203+0000] {processor.py:186} INFO - Started process (PID=2817) to work on /home/airflow/.local/lib/python3.12/site-packages/airflow/example_dags/example_branch_operator.py
[2024-10-20T14:58:29.204+0000] {processor.py:914} INFO - Processing file /home/airflow/.local/lib/python3.12/site-packages/airflow/example_dags/example_branch_operator.py for tasks to queue
[2024-10-20T14:58:29.207+0000] {logging_mixin.py:190} INFO - [2024-10-20T14:58:29.207+0000] {dagbag.py:588} INFO - Filling up the DagBag from /home/airflow/.local/lib/python3.12/site-packages/airflow/example_dags/example_branch_operator.py
[2024-10-20T14:58:29.222+0000] {processor.py:925} INFO - DAG(s) 'example_branch_operator' retrieved from /home/airflow/.local/lib/python3.12/site-packages/airflow/example_dags/example_branch_operator.py
[2024-10-20T14:58:29.251+0000] {logging_mixin.py:190} INFO - [2024-10-20T14:58:29.251+0000] {dag.py:3239} INFO - Sync 1 DAGs
[2024-10-20T14:58:29.273+0000] {logging_mixin.py:190} INFO - [2024-10-20T14:58:29.273+0000] {dag.py:4180} INFO - Setting next_dagrun for example_branch_operator to 2024-10-19 00:00:00+00:00, run_after=2024-10-20 00:00:00+00:00
[2024-10-20T14:58:29.293+0000] {processor.py:208} INFO - Processing /home/airflow/.local/lib/python3.12/site-packages/airflow/example_dags/example_branch_operator.py took 0.096 seconds
[2024-10-20T14:59:00.212+0000] {processor.py:186} INFO - Started process (PID=2881) to work on /home/airflow/.local/lib/python3.12/site-packages/airflow/example_dags/example_branch_operator.py
[2024-10-20T14:59:00.213+0000] {processor.py:914} INFO - Processing file /home/airflow/.local/lib/python3.12/site-packages/airflow/example_dags/example_branch_operator.py for tasks to queue
[2024-10-20T14:59:00.215+0000] {logging_mixin.py:190} INFO - [2024-10-20T14:59:00.215+0000] {dagbag.py:588} INFO - Filling up the DagBag from /home/airflow/.local/lib/python3.12/site-packages/airflow/example_dags/example_branch_operator.py
[2024-10-20T14:59:00.233+0000] {processor.py:925} INFO - DAG(s) 'example_branch_operator' retrieved from /home/airflow/.local/lib/python3.12/site-packages/airflow/example_dags/example_branch_operator.py
[2024-10-20T14:59:00.266+0000] {logging_mixin.py:190} INFO - [2024-10-20T14:59:00.265+0000] {dag.py:3239} INFO - Sync 1 DAGs
[2024-10-20T14:59:00.289+0000] {logging_mixin.py:190} INFO - [2024-10-20T14:59:00.289+0000] {dag.py:4180} INFO - Setting next_dagrun for example_branch_operator to 2024-10-19 00:00:00+00:00, run_after=2024-10-20 00:00:00+00:00
[2024-10-20T14:59:00.310+0000] {processor.py:208} INFO - Processing /home/airflow/.local/lib/python3.12/site-packages/airflow/example_dags/example_branch_operator.py took 0.120 seconds
[2024-10-20T14:59:30.579+0000] {processor.py:186} INFO - Started process (PID=2945) to work on /home/airflow/.local/lib/python3.12/site-packages/airflow/example_dags/example_branch_operator.py
[2024-10-20T14:59:30.581+0000] {processor.py:914} INFO - Processing file /home/airflow/.local/lib/python3.12/site-packages/airflow/example_dags/example_branch_operator.py for tasks to queue
[2024-10-20T14:59:30.583+0000] {logging_mixin.py:190} INFO - [2024-10-20T14:59:30.583+0000] {dagbag.py:588} INFO - Filling up the DagBag from /home/airflow/.local/lib/python3.12/site-packages/airflow/example_dags/example_branch_operator.py
[2024-10-20T14:59:30.597+0000] {processor.py:925} INFO - DAG(s) 'example_branch_operator' retrieved from /home/airflow/.local/lib/python3.12/site-packages/airflow/example_dags/example_branch_operator.py
[2024-10-20T14:59:30.624+0000] {logging_mixin.py:190} INFO - [2024-10-20T14:59:30.623+0000] {dag.py:3239} INFO - Sync 1 DAGs
[2024-10-20T14:59:30.644+0000] {logging_mixin.py:190} INFO - [2024-10-20T14:59:30.644+0000] {dag.py:4180} INFO - Setting next_dagrun for example_branch_operator to 2024-10-19 00:00:00+00:00, run_after=2024-10-20 00:00:00+00:00
[2024-10-20T14:59:30.662+0000] {processor.py:208} INFO - Processing /home/airflow/.local/lib/python3.12/site-packages/airflow/example_dags/example_branch_operator.py took 0.088 seconds
[2024-10-20T15:00:01.513+0000] {processor.py:186} INFO - Started process (PID=3009) to work on /home/airflow/.local/lib/python3.12/site-packages/airflow/example_dags/example_branch_operator.py
[2024-10-20T15:00:01.514+0000] {processor.py:914} INFO - Processing file /home/airflow/.local/lib/python3.12/site-packages/airflow/example_dags/example_branch_operator.py for tasks to queue
[2024-10-20T15:00:01.517+0000] {logging_mixin.py:190} INFO - [2024-10-20T15:00:01.517+0000] {dagbag.py:588} INFO - Filling up the DagBag from /home/airflow/.local/lib/python3.12/site-packages/airflow/example_dags/example_branch_operator.py
[2024-10-20T15:00:01.533+0000] {processor.py:925} INFO - DAG(s) 'example_branch_operator' retrieved from /home/airflow/.local/lib/python3.12/site-packages/airflow/example_dags/example_branch_operator.py
[2024-10-20T15:00:01.560+0000] {logging_mixin.py:190} INFO - [2024-10-20T15:00:01.560+0000] {dag.py:3239} INFO - Sync 1 DAGs
[2024-10-20T15:00:01.583+0000] {logging_mixin.py:190} INFO - [2024-10-20T15:00:01.583+0000] {dag.py:4180} INFO - Setting next_dagrun for example_branch_operator to 2024-10-19 00:00:00+00:00, run_after=2024-10-20 00:00:00+00:00
[2024-10-20T15:00:01.602+0000] {processor.py:208} INFO - Processing /home/airflow/.local/lib/python3.12/site-packages/airflow/example_dags/example_branch_operator.py took 0.096 seconds
