[2024-10-20T14:03:39.942+0000] {processor.py:186} INFO - Started process (PID=96) to work on /home/airflow/.local/lib/python3.12/site-packages/airflow/example_dags/example_latest_only_with_trigger.py
[2024-10-20T14:03:39.943+0000] {processor.py:914} INFO - Processing file /home/airflow/.local/lib/python3.12/site-packages/airflow/example_dags/example_latest_only_with_trigger.py for tasks to queue
[2024-10-20T14:03:39.945+0000] {logging_mixin.py:190} INFO - [2024-10-20T14:03:39.945+0000] {dagbag.py:588} INFO - Filling up the DagBag from /home/airflow/.local/lib/python3.12/site-packages/airflow/example_dags/example_latest_only_with_trigger.py
[2024-10-20T14:03:39.955+0000] {processor.py:925} INFO - DAG(s) 'latest_only_with_trigger' retrieved from /home/airflow/.local/lib/python3.12/site-packages/airflow/example_dags/example_latest_only_with_trigger.py
[2024-10-20T14:03:39.975+0000] {logging_mixin.py:190} INFO - [2024-10-20T14:03:39.975+0000] {dag.py:3239} INFO - Sync 1 DAGs
[2024-10-20T14:03:39.998+0000] {logging_mixin.py:190} INFO - [2024-10-20T14:03:39.998+0000] {dag.py:4180} INFO - Setting next_dagrun for latest_only_with_trigger to 2024-10-20 08:00:00+00:00, run_after=2024-10-20 12:00:00+00:00
[2024-10-20T14:03:40.012+0000] {processor.py:208} INFO - Processing /home/airflow/.local/lib/python3.12/site-packages/airflow/example_dags/example_latest_only_with_trigger.py took 0.075 seconds
[2024-10-20T14:04:10.199+0000] {processor.py:186} INFO - Started process (PID=159) to work on /home/airflow/.local/lib/python3.12/site-packages/airflow/example_dags/example_latest_only_with_trigger.py
[2024-10-20T14:04:10.200+0000] {processor.py:914} INFO - Processing file /home/airflow/.local/lib/python3.12/site-packages/airflow/example_dags/example_latest_only_with_trigger.py for tasks to queue
[2024-10-20T14:04:10.203+0000] {logging_mixin.py:190} INFO - [2024-10-20T14:04:10.202+0000] {dagbag.py:588} INFO - Filling up the DagBag from /home/airflow/.local/lib/python3.12/site-packages/airflow/example_dags/example_latest_only_with_trigger.py
[2024-10-20T14:04:10.210+0000] {processor.py:925} INFO - DAG(s) 'latest_only_with_trigger' retrieved from /home/airflow/.local/lib/python3.12/site-packages/airflow/example_dags/example_latest_only_with_trigger.py
[2024-10-20T14:04:10.229+0000] {logging_mixin.py:190} INFO - [2024-10-20T14:04:10.229+0000] {dag.py:3239} INFO - Sync 1 DAGs
[2024-10-20T14:04:10.247+0000] {logging_mixin.py:190} INFO - [2024-10-20T14:04:10.247+0000] {dag.py:4180} INFO - Setting next_dagrun for latest_only_with_trigger to 2024-10-20 08:00:00+00:00, run_after=2024-10-20 12:00:00+00:00
[2024-10-20T14:04:10.262+0000] {processor.py:208} INFO - Processing /home/airflow/.local/lib/python3.12/site-packages/airflow/example_dags/example_latest_only_with_trigger.py took 0.068 seconds
[2024-10-20T14:04:40.443+0000] {processor.py:186} INFO - Started process (PID=223) to work on /home/airflow/.local/lib/python3.12/site-packages/airflow/example_dags/example_latest_only_with_trigger.py
[2024-10-20T14:04:40.444+0000] {processor.py:914} INFO - Processing file /home/airflow/.local/lib/python3.12/site-packages/airflow/example_dags/example_latest_only_with_trigger.py for tasks to queue
[2024-10-20T14:04:40.447+0000] {logging_mixin.py:190} INFO - [2024-10-20T14:04:40.446+0000] {dagbag.py:588} INFO - Filling up the DagBag from /home/airflow/.local/lib/python3.12/site-packages/airflow/example_dags/example_latest_only_with_trigger.py
[2024-10-20T14:04:40.454+0000] {processor.py:925} INFO - DAG(s) 'latest_only_with_trigger' retrieved from /home/airflow/.local/lib/python3.12/site-packages/airflow/example_dags/example_latest_only_with_trigger.py
[2024-10-20T14:04:40.472+0000] {logging_mixin.py:190} INFO - [2024-10-20T14:04:40.472+0000] {dag.py:3239} INFO - Sync 1 DAGs
[2024-10-20T14:04:40.489+0000] {logging_mixin.py:190} INFO - [2024-10-20T14:04:40.489+0000] {dag.py:4180} INFO - Setting next_dagrun for latest_only_with_trigger to 2024-10-20 08:00:00+00:00, run_after=2024-10-20 12:00:00+00:00
[2024-10-20T14:04:40.508+0000] {processor.py:208} INFO - Processing /home/airflow/.local/lib/python3.12/site-packages/airflow/example_dags/example_latest_only_with_trigger.py took 0.070 seconds
[2024-10-20T14:05:10.713+0000] {processor.py:186} INFO - Started process (PID=286) to work on /home/airflow/.local/lib/python3.12/site-packages/airflow/example_dags/example_latest_only_with_trigger.py
[2024-10-20T14:05:10.714+0000] {processor.py:914} INFO - Processing file /home/airflow/.local/lib/python3.12/site-packages/airflow/example_dags/example_latest_only_with_trigger.py for tasks to queue
[2024-10-20T14:05:10.716+0000] {logging_mixin.py:190} INFO - [2024-10-20T14:05:10.716+0000] {dagbag.py:588} INFO - Filling up the DagBag from /home/airflow/.local/lib/python3.12/site-packages/airflow/example_dags/example_latest_only_with_trigger.py
[2024-10-20T14:05:10.722+0000] {processor.py:925} INFO - DAG(s) 'latest_only_with_trigger' retrieved from /home/airflow/.local/lib/python3.12/site-packages/airflow/example_dags/example_latest_only_with_trigger.py
[2024-10-20T14:05:10.740+0000] {logging_mixin.py:190} INFO - [2024-10-20T14:05:10.740+0000] {dag.py:3239} INFO - Sync 1 DAGs
[2024-10-20T14:05:10.762+0000] {logging_mixin.py:190} INFO - [2024-10-20T14:05:10.762+0000] {dag.py:4180} INFO - Setting next_dagrun for latest_only_with_trigger to 2024-10-20 08:00:00+00:00, run_after=2024-10-20 12:00:00+00:00
[2024-10-20T14:05:10.777+0000] {processor.py:208} INFO - Processing /home/airflow/.local/lib/python3.12/site-packages/airflow/example_dags/example_latest_only_with_trigger.py took 0.072 seconds
[2024-10-20T14:06:41.433+0000] {processor.py:186} INFO - Started process (PID=88) to work on /home/airflow/.local/lib/python3.12/site-packages/airflow/example_dags/example_latest_only_with_trigger.py
[2024-10-20T14:06:41.434+0000] {processor.py:914} INFO - Processing file /home/airflow/.local/lib/python3.12/site-packages/airflow/example_dags/example_latest_only_with_trigger.py for tasks to queue
[2024-10-20T14:06:41.436+0000] {logging_mixin.py:190} INFO - [2024-10-20T14:06:41.436+0000] {dagbag.py:588} INFO - Filling up the DagBag from /home/airflow/.local/lib/python3.12/site-packages/airflow/example_dags/example_latest_only_with_trigger.py
[2024-10-20T14:06:41.443+0000] {processor.py:925} INFO - DAG(s) 'latest_only_with_trigger' retrieved from /home/airflow/.local/lib/python3.12/site-packages/airflow/example_dags/example_latest_only_with_trigger.py
[2024-10-20T14:06:41.461+0000] {logging_mixin.py:190} INFO - [2024-10-20T14:06:41.461+0000] {dag.py:3239} INFO - Sync 1 DAGs
[2024-10-20T14:06:41.482+0000] {logging_mixin.py:190} INFO - [2024-10-20T14:06:41.481+0000] {dag.py:4180} INFO - Setting next_dagrun for latest_only_with_trigger to 2024-10-20 08:00:00+00:00, run_after=2024-10-20 12:00:00+00:00
[2024-10-20T14:06:41.496+0000] {processor.py:208} INFO - Processing /home/airflow/.local/lib/python3.12/site-packages/airflow/example_dags/example_latest_only_with_trigger.py took 0.068 seconds
[2024-10-20T14:07:11.623+0000] {processor.py:186} INFO - Started process (PID=150) to work on /home/airflow/.local/lib/python3.12/site-packages/airflow/example_dags/example_latest_only_with_trigger.py
[2024-10-20T14:07:11.624+0000] {processor.py:914} INFO - Processing file /home/airflow/.local/lib/python3.12/site-packages/airflow/example_dags/example_latest_only_with_trigger.py for tasks to queue
[2024-10-20T14:07:11.627+0000] {logging_mixin.py:190} INFO - [2024-10-20T14:07:11.626+0000] {dagbag.py:588} INFO - Filling up the DagBag from /home/airflow/.local/lib/python3.12/site-packages/airflow/example_dags/example_latest_only_with_trigger.py
[2024-10-20T14:07:11.634+0000] {processor.py:925} INFO - DAG(s) 'latest_only_with_trigger' retrieved from /home/airflow/.local/lib/python3.12/site-packages/airflow/example_dags/example_latest_only_with_trigger.py
[2024-10-20T14:07:11.653+0000] {logging_mixin.py:190} INFO - [2024-10-20T14:07:11.653+0000] {dag.py:3239} INFO - Sync 1 DAGs
[2024-10-20T14:07:11.676+0000] {logging_mixin.py:190} INFO - [2024-10-20T14:07:11.675+0000] {dag.py:4180} INFO - Setting next_dagrun for latest_only_with_trigger to 2024-10-20 08:00:00+00:00, run_after=2024-10-20 12:00:00+00:00
[2024-10-20T14:07:11.694+0000] {processor.py:208} INFO - Processing /home/airflow/.local/lib/python3.12/site-packages/airflow/example_dags/example_latest_only_with_trigger.py took 0.075 seconds
[2024-10-20T14:07:41.895+0000] {processor.py:186} INFO - Started process (PID=213) to work on /home/airflow/.local/lib/python3.12/site-packages/airflow/example_dags/example_latest_only_with_trigger.py
[2024-10-20T14:07:41.896+0000] {processor.py:914} INFO - Processing file /home/airflow/.local/lib/python3.12/site-packages/airflow/example_dags/example_latest_only_with_trigger.py for tasks to queue
[2024-10-20T14:07:41.899+0000] {logging_mixin.py:190} INFO - [2024-10-20T14:07:41.898+0000] {dagbag.py:588} INFO - Filling up the DagBag from /home/airflow/.local/lib/python3.12/site-packages/airflow/example_dags/example_latest_only_with_trigger.py
[2024-10-20T14:07:41.905+0000] {processor.py:925} INFO - DAG(s) 'latest_only_with_trigger' retrieved from /home/airflow/.local/lib/python3.12/site-packages/airflow/example_dags/example_latest_only_with_trigger.py
[2024-10-20T14:07:41.925+0000] {logging_mixin.py:190} INFO - [2024-10-20T14:07:41.924+0000] {dag.py:3239} INFO - Sync 1 DAGs
[2024-10-20T14:07:41.948+0000] {logging_mixin.py:190} INFO - [2024-10-20T14:07:41.948+0000] {dag.py:4180} INFO - Setting next_dagrun for latest_only_with_trigger to 2024-10-20 08:00:00+00:00, run_after=2024-10-20 12:00:00+00:00
[2024-10-20T14:07:41.964+0000] {processor.py:208} INFO - Processing /home/airflow/.local/lib/python3.12/site-packages/airflow/example_dags/example_latest_only_with_trigger.py took 0.074 seconds
[2024-10-20T14:08:12.972+0000] {processor.py:186} INFO - Started process (PID=276) to work on /home/airflow/.local/lib/python3.12/site-packages/airflow/example_dags/example_latest_only_with_trigger.py
[2024-10-20T14:08:12.974+0000] {processor.py:914} INFO - Processing file /home/airflow/.local/lib/python3.12/site-packages/airflow/example_dags/example_latest_only_with_trigger.py for tasks to queue
[2024-10-20T14:08:12.976+0000] {logging_mixin.py:190} INFO - [2024-10-20T14:08:12.976+0000] {dagbag.py:588} INFO - Filling up the DagBag from /home/airflow/.local/lib/python3.12/site-packages/airflow/example_dags/example_latest_only_with_trigger.py
[2024-10-20T14:08:12.982+0000] {processor.py:925} INFO - DAG(s) 'latest_only_with_trigger' retrieved from /home/airflow/.local/lib/python3.12/site-packages/airflow/example_dags/example_latest_only_with_trigger.py
[2024-10-20T14:08:13.002+0000] {logging_mixin.py:190} INFO - [2024-10-20T14:08:13.002+0000] {dag.py:3239} INFO - Sync 1 DAGs
[2024-10-20T14:08:13.026+0000] {logging_mixin.py:190} INFO - [2024-10-20T14:08:13.026+0000] {dag.py:4180} INFO - Setting next_dagrun for latest_only_with_trigger to 2024-10-20 08:00:00+00:00, run_after=2024-10-20 12:00:00+00:00
[2024-10-20T14:08:13.045+0000] {processor.py:208} INFO - Processing /home/airflow/.local/lib/python3.12/site-packages/airflow/example_dags/example_latest_only_with_trigger.py took 0.079 seconds
[2024-10-20T14:08:43.848+0000] {processor.py:186} INFO - Started process (PID=340) to work on /home/airflow/.local/lib/python3.12/site-packages/airflow/example_dags/example_latest_only_with_trigger.py
[2024-10-20T14:08:43.850+0000] {processor.py:914} INFO - Processing file /home/airflow/.local/lib/python3.12/site-packages/airflow/example_dags/example_latest_only_with_trigger.py for tasks to queue
[2024-10-20T14:08:43.852+0000] {logging_mixin.py:190} INFO - [2024-10-20T14:08:43.851+0000] {dagbag.py:588} INFO - Filling up the DagBag from /home/airflow/.local/lib/python3.12/site-packages/airflow/example_dags/example_latest_only_with_trigger.py
[2024-10-20T14:08:43.859+0000] {processor.py:925} INFO - DAG(s) 'latest_only_with_trigger' retrieved from /home/airflow/.local/lib/python3.12/site-packages/airflow/example_dags/example_latest_only_with_trigger.py
[2024-10-20T14:08:43.879+0000] {logging_mixin.py:190} INFO - [2024-10-20T14:08:43.879+0000] {dag.py:3239} INFO - Sync 1 DAGs
[2024-10-20T14:08:43.898+0000] {logging_mixin.py:190} INFO - [2024-10-20T14:08:43.898+0000] {dag.py:4180} INFO - Setting next_dagrun for latest_only_with_trigger to 2024-10-20 08:00:00+00:00, run_after=2024-10-20 12:00:00+00:00
[2024-10-20T14:08:43.916+0000] {processor.py:208} INFO - Processing /home/airflow/.local/lib/python3.12/site-packages/airflow/example_dags/example_latest_only_with_trigger.py took 0.072 seconds
[2024-10-20T14:09:14.661+0000] {processor.py:186} INFO - Started process (PID=403) to work on /home/airflow/.local/lib/python3.12/site-packages/airflow/example_dags/example_latest_only_with_trigger.py
[2024-10-20T14:09:14.662+0000] {processor.py:914} INFO - Processing file /home/airflow/.local/lib/python3.12/site-packages/airflow/example_dags/example_latest_only_with_trigger.py for tasks to queue
[2024-10-20T14:09:14.665+0000] {logging_mixin.py:190} INFO - [2024-10-20T14:09:14.664+0000] {dagbag.py:588} INFO - Filling up the DagBag from /home/airflow/.local/lib/python3.12/site-packages/airflow/example_dags/example_latest_only_with_trigger.py
[2024-10-20T14:09:14.670+0000] {processor.py:925} INFO - DAG(s) 'latest_only_with_trigger' retrieved from /home/airflow/.local/lib/python3.12/site-packages/airflow/example_dags/example_latest_only_with_trigger.py
[2024-10-20T14:09:14.691+0000] {logging_mixin.py:190} INFO - [2024-10-20T14:09:14.691+0000] {dag.py:3239} INFO - Sync 1 DAGs
[2024-10-20T14:09:14.712+0000] {logging_mixin.py:190} INFO - [2024-10-20T14:09:14.712+0000] {dag.py:4180} INFO - Setting next_dagrun for latest_only_with_trigger to 2024-10-20 08:00:00+00:00, run_after=2024-10-20 12:00:00+00:00
[2024-10-20T14:09:14.728+0000] {processor.py:208} INFO - Processing /home/airflow/.local/lib/python3.12/site-packages/airflow/example_dags/example_latest_only_with_trigger.py took 0.071 seconds
[2024-10-20T14:09:45.813+0000] {processor.py:186} INFO - Started process (PID=466) to work on /home/airflow/.local/lib/python3.12/site-packages/airflow/example_dags/example_latest_only_with_trigger.py
[2024-10-20T14:09:45.814+0000] {processor.py:914} INFO - Processing file /home/airflow/.local/lib/python3.12/site-packages/airflow/example_dags/example_latest_only_with_trigger.py for tasks to queue
[2024-10-20T14:09:45.816+0000] {logging_mixin.py:190} INFO - [2024-10-20T14:09:45.816+0000] {dagbag.py:588} INFO - Filling up the DagBag from /home/airflow/.local/lib/python3.12/site-packages/airflow/example_dags/example_latest_only_with_trigger.py
[2024-10-20T14:09:45.824+0000] {processor.py:925} INFO - DAG(s) 'latest_only_with_trigger' retrieved from /home/airflow/.local/lib/python3.12/site-packages/airflow/example_dags/example_latest_only_with_trigger.py
[2024-10-20T14:09:45.844+0000] {logging_mixin.py:190} INFO - [2024-10-20T14:09:45.843+0000] {dag.py:3239} INFO - Sync 1 DAGs
[2024-10-20T14:09:45.865+0000] {logging_mixin.py:190} INFO - [2024-10-20T14:09:45.865+0000] {dag.py:4180} INFO - Setting next_dagrun for latest_only_with_trigger to 2024-10-20 08:00:00+00:00, run_after=2024-10-20 12:00:00+00:00
[2024-10-20T14:09:45.916+0000] {processor.py:208} INFO - Processing /home/airflow/.local/lib/python3.12/site-packages/airflow/example_dags/example_latest_only_with_trigger.py took 0.110 seconds
[2024-10-20T14:10:16.821+0000] {processor.py:186} INFO - Started process (PID=529) to work on /home/airflow/.local/lib/python3.12/site-packages/airflow/example_dags/example_latest_only_with_trigger.py
[2024-10-20T14:10:16.822+0000] {processor.py:914} INFO - Processing file /home/airflow/.local/lib/python3.12/site-packages/airflow/example_dags/example_latest_only_with_trigger.py for tasks to queue
[2024-10-20T14:10:16.825+0000] {logging_mixin.py:190} INFO - [2024-10-20T14:10:16.824+0000] {dagbag.py:588} INFO - Filling up the DagBag from /home/airflow/.local/lib/python3.12/site-packages/airflow/example_dags/example_latest_only_with_trigger.py
[2024-10-20T14:10:16.832+0000] {processor.py:925} INFO - DAG(s) 'latest_only_with_trigger' retrieved from /home/airflow/.local/lib/python3.12/site-packages/airflow/example_dags/example_latest_only_with_trigger.py
[2024-10-20T14:10:16.850+0000] {logging_mixin.py:190} INFO - [2024-10-20T14:10:16.850+0000] {dag.py:3239} INFO - Sync 1 DAGs
[2024-10-20T14:10:16.875+0000] {logging_mixin.py:190} INFO - [2024-10-20T14:10:16.874+0000] {dag.py:4180} INFO - Setting next_dagrun for latest_only_with_trigger to 2024-10-20 08:00:00+00:00, run_after=2024-10-20 12:00:00+00:00
[2024-10-20T14:10:16.892+0000] {processor.py:208} INFO - Processing /home/airflow/.local/lib/python3.12/site-packages/airflow/example_dags/example_latest_only_with_trigger.py took 0.076 seconds
[2024-10-20T14:10:47.454+0000] {processor.py:186} INFO - Started process (PID=592) to work on /home/airflow/.local/lib/python3.12/site-packages/airflow/example_dags/example_latest_only_with_trigger.py
[2024-10-20T14:10:47.455+0000] {processor.py:914} INFO - Processing file /home/airflow/.local/lib/python3.12/site-packages/airflow/example_dags/example_latest_only_with_trigger.py for tasks to queue
[2024-10-20T14:10:47.458+0000] {logging_mixin.py:190} INFO - [2024-10-20T14:10:47.458+0000] {dagbag.py:588} INFO - Filling up the DagBag from /home/airflow/.local/lib/python3.12/site-packages/airflow/example_dags/example_latest_only_with_trigger.py
[2024-10-20T14:10:47.467+0000] {processor.py:925} INFO - DAG(s) 'latest_only_with_trigger' retrieved from /home/airflow/.local/lib/python3.12/site-packages/airflow/example_dags/example_latest_only_with_trigger.py
[2024-10-20T14:10:47.487+0000] {logging_mixin.py:190} INFO - [2024-10-20T14:10:47.487+0000] {dag.py:3239} INFO - Sync 1 DAGs
[2024-10-20T14:10:47.508+0000] {logging_mixin.py:190} INFO - [2024-10-20T14:10:47.507+0000] {dag.py:4180} INFO - Setting next_dagrun for latest_only_with_trigger to 2024-10-20 08:00:00+00:00, run_after=2024-10-20 12:00:00+00:00
[2024-10-20T14:10:47.527+0000] {processor.py:208} INFO - Processing /home/airflow/.local/lib/python3.12/site-packages/airflow/example_dags/example_latest_only_with_trigger.py took 0.078 seconds
[2024-10-20T14:11:18.752+0000] {processor.py:186} INFO - Started process (PID=655) to work on /home/airflow/.local/lib/python3.12/site-packages/airflow/example_dags/example_latest_only_with_trigger.py
[2024-10-20T14:11:18.753+0000] {processor.py:914} INFO - Processing file /home/airflow/.local/lib/python3.12/site-packages/airflow/example_dags/example_latest_only_with_trigger.py for tasks to queue
[2024-10-20T14:11:18.756+0000] {logging_mixin.py:190} INFO - [2024-10-20T14:11:18.755+0000] {dagbag.py:588} INFO - Filling up the DagBag from /home/airflow/.local/lib/python3.12/site-packages/airflow/example_dags/example_latest_only_with_trigger.py
[2024-10-20T14:11:18.764+0000] {processor.py:925} INFO - DAG(s) 'latest_only_with_trigger' retrieved from /home/airflow/.local/lib/python3.12/site-packages/airflow/example_dags/example_latest_only_with_trigger.py
[2024-10-20T14:11:18.784+0000] {logging_mixin.py:190} INFO - [2024-10-20T14:11:18.784+0000] {dag.py:3239} INFO - Sync 1 DAGs
[2024-10-20T14:11:18.807+0000] {logging_mixin.py:190} INFO - [2024-10-20T14:11:18.807+0000] {dag.py:4180} INFO - Setting next_dagrun for latest_only_with_trigger to 2024-10-20 08:00:00+00:00, run_after=2024-10-20 12:00:00+00:00
[2024-10-20T14:11:18.829+0000] {processor.py:208} INFO - Processing /home/airflow/.local/lib/python3.12/site-packages/airflow/example_dags/example_latest_only_with_trigger.py took 0.081 seconds
[2024-10-20T14:11:49.667+0000] {processor.py:186} INFO - Started process (PID=717) to work on /home/airflow/.local/lib/python3.12/site-packages/airflow/example_dags/example_latest_only_with_trigger.py
[2024-10-20T14:11:49.668+0000] {processor.py:914} INFO - Processing file /home/airflow/.local/lib/python3.12/site-packages/airflow/example_dags/example_latest_only_with_trigger.py for tasks to queue
[2024-10-20T14:11:49.670+0000] {logging_mixin.py:190} INFO - [2024-10-20T14:11:49.670+0000] {dagbag.py:588} INFO - Filling up the DagBag from /home/airflow/.local/lib/python3.12/site-packages/airflow/example_dags/example_latest_only_with_trigger.py
[2024-10-20T14:11:49.677+0000] {processor.py:925} INFO - DAG(s) 'latest_only_with_trigger' retrieved from /home/airflow/.local/lib/python3.12/site-packages/airflow/example_dags/example_latest_only_with_trigger.py
[2024-10-20T14:11:49.699+0000] {logging_mixin.py:190} INFO - [2024-10-20T14:11:49.698+0000] {dag.py:3239} INFO - Sync 1 DAGs
[2024-10-20T14:11:49.719+0000] {logging_mixin.py:190} INFO - [2024-10-20T14:11:49.719+0000] {dag.py:4180} INFO - Setting next_dagrun for latest_only_with_trigger to 2024-10-20 08:00:00+00:00, run_after=2024-10-20 12:00:00+00:00
[2024-10-20T14:11:49.739+0000] {processor.py:208} INFO - Processing /home/airflow/.local/lib/python3.12/site-packages/airflow/example_dags/example_latest_only_with_trigger.py took 0.079 seconds
[2024-10-20T14:12:20.513+0000] {processor.py:186} INFO - Started process (PID=780) to work on /home/airflow/.local/lib/python3.12/site-packages/airflow/example_dags/example_latest_only_with_trigger.py
[2024-10-20T14:12:20.515+0000] {processor.py:914} INFO - Processing file /home/airflow/.local/lib/python3.12/site-packages/airflow/example_dags/example_latest_only_with_trigger.py for tasks to queue
[2024-10-20T14:12:20.518+0000] {logging_mixin.py:190} INFO - [2024-10-20T14:12:20.517+0000] {dagbag.py:588} INFO - Filling up the DagBag from /home/airflow/.local/lib/python3.12/site-packages/airflow/example_dags/example_latest_only_with_trigger.py
[2024-10-20T14:12:20.526+0000] {processor.py:925} INFO - DAG(s) 'latest_only_with_trigger' retrieved from /home/airflow/.local/lib/python3.12/site-packages/airflow/example_dags/example_latest_only_with_trigger.py
[2024-10-20T14:12:20.546+0000] {logging_mixin.py:190} INFO - [2024-10-20T14:12:20.546+0000] {dag.py:3239} INFO - Sync 1 DAGs
[2024-10-20T14:12:20.570+0000] {logging_mixin.py:190} INFO - [2024-10-20T14:12:20.570+0000] {dag.py:4180} INFO - Setting next_dagrun for latest_only_with_trigger to 2024-10-20 08:00:00+00:00, run_after=2024-10-20 12:00:00+00:00
[2024-10-20T14:12:20.590+0000] {processor.py:208} INFO - Processing /home/airflow/.local/lib/python3.12/site-packages/airflow/example_dags/example_latest_only_with_trigger.py took 0.083 seconds
[2024-10-20T14:12:51.425+0000] {processor.py:186} INFO - Started process (PID=843) to work on /home/airflow/.local/lib/python3.12/site-packages/airflow/example_dags/example_latest_only_with_trigger.py
[2024-10-20T14:12:51.426+0000] {processor.py:914} INFO - Processing file /home/airflow/.local/lib/python3.12/site-packages/airflow/example_dags/example_latest_only_with_trigger.py for tasks to queue
[2024-10-20T14:12:51.429+0000] {logging_mixin.py:190} INFO - [2024-10-20T14:12:51.429+0000] {dagbag.py:588} INFO - Filling up the DagBag from /home/airflow/.local/lib/python3.12/site-packages/airflow/example_dags/example_latest_only_with_trigger.py
[2024-10-20T14:12:51.436+0000] {processor.py:925} INFO - DAG(s) 'latest_only_with_trigger' retrieved from /home/airflow/.local/lib/python3.12/site-packages/airflow/example_dags/example_latest_only_with_trigger.py
[2024-10-20T14:12:51.454+0000] {logging_mixin.py:190} INFO - [2024-10-20T14:12:51.454+0000] {dag.py:3239} INFO - Sync 1 DAGs
[2024-10-20T14:12:51.477+0000] {logging_mixin.py:190} INFO - [2024-10-20T14:12:51.477+0000] {dag.py:4180} INFO - Setting next_dagrun for latest_only_with_trigger to 2024-10-20 08:00:00+00:00, run_after=2024-10-20 12:00:00+00:00
[2024-10-20T14:12:51.497+0000] {processor.py:208} INFO - Processing /home/airflow/.local/lib/python3.12/site-packages/airflow/example_dags/example_latest_only_with_trigger.py took 0.077 seconds
[2024-10-20T14:13:21.696+0000] {processor.py:186} INFO - Started process (PID=906) to work on /home/airflow/.local/lib/python3.12/site-packages/airflow/example_dags/example_latest_only_with_trigger.py
[2024-10-20T14:13:21.697+0000] {processor.py:914} INFO - Processing file /home/airflow/.local/lib/python3.12/site-packages/airflow/example_dags/example_latest_only_with_trigger.py for tasks to queue
[2024-10-20T14:13:21.699+0000] {logging_mixin.py:190} INFO - [2024-10-20T14:13:21.699+0000] {dagbag.py:588} INFO - Filling up the DagBag from /home/airflow/.local/lib/python3.12/site-packages/airflow/example_dags/example_latest_only_with_trigger.py
[2024-10-20T14:13:21.707+0000] {processor.py:925} INFO - DAG(s) 'latest_only_with_trigger' retrieved from /home/airflow/.local/lib/python3.12/site-packages/airflow/example_dags/example_latest_only_with_trigger.py
[2024-10-20T14:13:21.725+0000] {logging_mixin.py:190} INFO - [2024-10-20T14:13:21.725+0000] {dag.py:3239} INFO - Sync 1 DAGs
[2024-10-20T14:13:21.749+0000] {logging_mixin.py:190} INFO - [2024-10-20T14:13:21.749+0000] {dag.py:4180} INFO - Setting next_dagrun for latest_only_with_trigger to 2024-10-20 08:00:00+00:00, run_after=2024-10-20 12:00:00+00:00
[2024-10-20T14:13:21.767+0000] {processor.py:208} INFO - Processing /home/airflow/.local/lib/python3.12/site-packages/airflow/example_dags/example_latest_only_with_trigger.py took 0.076 seconds
[2024-10-20T14:13:51.972+0000] {processor.py:186} INFO - Started process (PID=969) to work on /home/airflow/.local/lib/python3.12/site-packages/airflow/example_dags/example_latest_only_with_trigger.py
[2024-10-20T14:13:51.974+0000] {processor.py:914} INFO - Processing file /home/airflow/.local/lib/python3.12/site-packages/airflow/example_dags/example_latest_only_with_trigger.py for tasks to queue
[2024-10-20T14:13:51.976+0000] {logging_mixin.py:190} INFO - [2024-10-20T14:13:51.976+0000] {dagbag.py:588} INFO - Filling up the DagBag from /home/airflow/.local/lib/python3.12/site-packages/airflow/example_dags/example_latest_only_with_trigger.py
[2024-10-20T14:13:51.982+0000] {processor.py:925} INFO - DAG(s) 'latest_only_with_trigger' retrieved from /home/airflow/.local/lib/python3.12/site-packages/airflow/example_dags/example_latest_only_with_trigger.py
[2024-10-20T14:13:52.003+0000] {logging_mixin.py:190} INFO - [2024-10-20T14:13:52.002+0000] {dag.py:3239} INFO - Sync 1 DAGs
[2024-10-20T14:13:52.031+0000] {logging_mixin.py:190} INFO - [2024-10-20T14:13:52.031+0000] {dag.py:4180} INFO - Setting next_dagrun for latest_only_with_trigger to 2024-10-20 08:00:00+00:00, run_after=2024-10-20 12:00:00+00:00
[2024-10-20T14:13:52.051+0000] {processor.py:208} INFO - Processing /home/airflow/.local/lib/python3.12/site-packages/airflow/example_dags/example_latest_only_with_trigger.py took 0.084 seconds
[2024-10-20T14:14:22.262+0000] {processor.py:186} INFO - Started process (PID=1032) to work on /home/airflow/.local/lib/python3.12/site-packages/airflow/example_dags/example_latest_only_with_trigger.py
[2024-10-20T14:14:22.263+0000] {processor.py:914} INFO - Processing file /home/airflow/.local/lib/python3.12/site-packages/airflow/example_dags/example_latest_only_with_trigger.py for tasks to queue
[2024-10-20T14:14:22.265+0000] {logging_mixin.py:190} INFO - [2024-10-20T14:14:22.265+0000] {dagbag.py:588} INFO - Filling up the DagBag from /home/airflow/.local/lib/python3.12/site-packages/airflow/example_dags/example_latest_only_with_trigger.py
[2024-10-20T14:14:22.272+0000] {processor.py:925} INFO - DAG(s) 'latest_only_with_trigger' retrieved from /home/airflow/.local/lib/python3.12/site-packages/airflow/example_dags/example_latest_only_with_trigger.py
[2024-10-20T14:14:22.293+0000] {logging_mixin.py:190} INFO - [2024-10-20T14:14:22.292+0000] {dag.py:3239} INFO - Sync 1 DAGs
[2024-10-20T14:14:22.316+0000] {logging_mixin.py:190} INFO - [2024-10-20T14:14:22.316+0000] {dag.py:4180} INFO - Setting next_dagrun for latest_only_with_trigger to 2024-10-20 08:00:00+00:00, run_after=2024-10-20 12:00:00+00:00
[2024-10-20T14:14:22.338+0000] {processor.py:208} INFO - Processing /home/airflow/.local/lib/python3.12/site-packages/airflow/example_dags/example_latest_only_with_trigger.py took 0.081 seconds
[2024-10-20T14:14:53.312+0000] {processor.py:186} INFO - Started process (PID=1095) to work on /home/airflow/.local/lib/python3.12/site-packages/airflow/example_dags/example_latest_only_with_trigger.py
[2024-10-20T14:14:53.313+0000] {processor.py:914} INFO - Processing file /home/airflow/.local/lib/python3.12/site-packages/airflow/example_dags/example_latest_only_with_trigger.py for tasks to queue
[2024-10-20T14:14:53.316+0000] {logging_mixin.py:190} INFO - [2024-10-20T14:14:53.315+0000] {dagbag.py:588} INFO - Filling up the DagBag from /home/airflow/.local/lib/python3.12/site-packages/airflow/example_dags/example_latest_only_with_trigger.py
[2024-10-20T14:14:53.324+0000] {processor.py:925} INFO - DAG(s) 'latest_only_with_trigger' retrieved from /home/airflow/.local/lib/python3.12/site-packages/airflow/example_dags/example_latest_only_with_trigger.py
[2024-10-20T14:14:53.346+0000] {logging_mixin.py:190} INFO - [2024-10-20T14:14:53.345+0000] {dag.py:3239} INFO - Sync 1 DAGs
[2024-10-20T14:14:53.368+0000] {logging_mixin.py:190} INFO - [2024-10-20T14:14:53.368+0000] {dag.py:4180} INFO - Setting next_dagrun for latest_only_with_trigger to 2024-10-20 08:00:00+00:00, run_after=2024-10-20 12:00:00+00:00
[2024-10-20T14:14:53.385+0000] {processor.py:208} INFO - Processing /home/airflow/.local/lib/python3.12/site-packages/airflow/example_dags/example_latest_only_with_trigger.py took 0.078 seconds
[2024-10-20T14:15:23.789+0000] {processor.py:186} INFO - Started process (PID=1158) to work on /home/airflow/.local/lib/python3.12/site-packages/airflow/example_dags/example_latest_only_with_trigger.py
[2024-10-20T14:15:23.791+0000] {processor.py:914} INFO - Processing file /home/airflow/.local/lib/python3.12/site-packages/airflow/example_dags/example_latest_only_with_trigger.py for tasks to queue
[2024-10-20T14:15:23.793+0000] {logging_mixin.py:190} INFO - [2024-10-20T14:15:23.793+0000] {dagbag.py:588} INFO - Filling up the DagBag from /home/airflow/.local/lib/python3.12/site-packages/airflow/example_dags/example_latest_only_with_trigger.py
[2024-10-20T14:15:23.799+0000] {processor.py:925} INFO - DAG(s) 'latest_only_with_trigger' retrieved from /home/airflow/.local/lib/python3.12/site-packages/airflow/example_dags/example_latest_only_with_trigger.py
[2024-10-20T14:15:23.818+0000] {logging_mixin.py:190} INFO - [2024-10-20T14:15:23.818+0000] {dag.py:3239} INFO - Sync 1 DAGs
[2024-10-20T14:15:23.840+0000] {logging_mixin.py:190} INFO - [2024-10-20T14:15:23.840+0000] {dag.py:4180} INFO - Setting next_dagrun for latest_only_with_trigger to 2024-10-20 08:00:00+00:00, run_after=2024-10-20 12:00:00+00:00
[2024-10-20T14:15:23.859+0000] {processor.py:208} INFO - Processing /home/airflow/.local/lib/python3.12/site-packages/airflow/example_dags/example_latest_only_with_trigger.py took 0.075 seconds
[2024-10-20T14:15:54.785+0000] {processor.py:186} INFO - Started process (PID=1222) to work on /home/airflow/.local/lib/python3.12/site-packages/airflow/example_dags/example_latest_only_with_trigger.py
[2024-10-20T14:15:54.786+0000] {processor.py:914} INFO - Processing file /home/airflow/.local/lib/python3.12/site-packages/airflow/example_dags/example_latest_only_with_trigger.py for tasks to queue
[2024-10-20T14:15:54.789+0000] {logging_mixin.py:190} INFO - [2024-10-20T14:15:54.788+0000] {dagbag.py:588} INFO - Filling up the DagBag from /home/airflow/.local/lib/python3.12/site-packages/airflow/example_dags/example_latest_only_with_trigger.py
[2024-10-20T14:15:54.798+0000] {processor.py:925} INFO - DAG(s) 'latest_only_with_trigger' retrieved from /home/airflow/.local/lib/python3.12/site-packages/airflow/example_dags/example_latest_only_with_trigger.py
[2024-10-20T14:15:54.819+0000] {logging_mixin.py:190} INFO - [2024-10-20T14:15:54.818+0000] {dag.py:3239} INFO - Sync 1 DAGs
[2024-10-20T14:15:54.839+0000] {logging_mixin.py:190} INFO - [2024-10-20T14:15:54.839+0000] {dag.py:4180} INFO - Setting next_dagrun for latest_only_with_trigger to 2024-10-20 08:00:00+00:00, run_after=2024-10-20 12:00:00+00:00
[2024-10-20T14:15:54.858+0000] {processor.py:208} INFO - Processing /home/airflow/.local/lib/python3.12/site-packages/airflow/example_dags/example_latest_only_with_trigger.py took 0.080 seconds
[2024-10-20T14:16:25.241+0000] {processor.py:186} INFO - Started process (PID=1285) to work on /home/airflow/.local/lib/python3.12/site-packages/airflow/example_dags/example_latest_only_with_trigger.py
[2024-10-20T14:16:25.242+0000] {processor.py:914} INFO - Processing file /home/airflow/.local/lib/python3.12/site-packages/airflow/example_dags/example_latest_only_with_trigger.py for tasks to queue
[2024-10-20T14:16:25.244+0000] {logging_mixin.py:190} INFO - [2024-10-20T14:16:25.243+0000] {dagbag.py:588} INFO - Filling up the DagBag from /home/airflow/.local/lib/python3.12/site-packages/airflow/example_dags/example_latest_only_with_trigger.py
[2024-10-20T14:16:25.250+0000] {processor.py:925} INFO - DAG(s) 'latest_only_with_trigger' retrieved from /home/airflow/.local/lib/python3.12/site-packages/airflow/example_dags/example_latest_only_with_trigger.py
[2024-10-20T14:16:25.267+0000] {logging_mixin.py:190} INFO - [2024-10-20T14:16:25.267+0000] {dag.py:3239} INFO - Sync 1 DAGs
[2024-10-20T14:16:25.290+0000] {logging_mixin.py:190} INFO - [2024-10-20T14:16:25.290+0000] {dag.py:4180} INFO - Setting next_dagrun for latest_only_with_trigger to 2024-10-20 08:00:00+00:00, run_after=2024-10-20 12:00:00+00:00
[2024-10-20T14:16:25.307+0000] {processor.py:208} INFO - Processing /home/airflow/.local/lib/python3.12/site-packages/airflow/example_dags/example_latest_only_with_trigger.py took 0.071 seconds
[2024-10-20T14:16:55.391+0000] {processor.py:186} INFO - Started process (PID=1349) to work on /home/airflow/.local/lib/python3.12/site-packages/airflow/example_dags/example_latest_only_with_trigger.py
[2024-10-20T14:16:55.392+0000] {processor.py:914} INFO - Processing file /home/airflow/.local/lib/python3.12/site-packages/airflow/example_dags/example_latest_only_with_trigger.py for tasks to queue
[2024-10-20T14:16:55.395+0000] {logging_mixin.py:190} INFO - [2024-10-20T14:16:55.394+0000] {dagbag.py:588} INFO - Filling up the DagBag from /home/airflow/.local/lib/python3.12/site-packages/airflow/example_dags/example_latest_only_with_trigger.py
[2024-10-20T14:16:55.401+0000] {processor.py:925} INFO - DAG(s) 'latest_only_with_trigger' retrieved from /home/airflow/.local/lib/python3.12/site-packages/airflow/example_dags/example_latest_only_with_trigger.py
[2024-10-20T14:16:55.422+0000] {logging_mixin.py:190} INFO - [2024-10-20T14:16:55.422+0000] {dag.py:3239} INFO - Sync 1 DAGs
[2024-10-20T14:16:55.446+0000] {logging_mixin.py:190} INFO - [2024-10-20T14:16:55.446+0000] {dag.py:4180} INFO - Setting next_dagrun for latest_only_with_trigger to 2024-10-20 08:00:00+00:00, run_after=2024-10-20 12:00:00+00:00
[2024-10-20T14:16:55.464+0000] {processor.py:208} INFO - Processing /home/airflow/.local/lib/python3.12/site-packages/airflow/example_dags/example_latest_only_with_trigger.py took 0.078 seconds
[2024-10-20T14:17:26.218+0000] {processor.py:186} INFO - Started process (PID=1412) to work on /home/airflow/.local/lib/python3.12/site-packages/airflow/example_dags/example_latest_only_with_trigger.py
[2024-10-20T14:17:26.219+0000] {processor.py:914} INFO - Processing file /home/airflow/.local/lib/python3.12/site-packages/airflow/example_dags/example_latest_only_with_trigger.py for tasks to queue
[2024-10-20T14:17:26.221+0000] {logging_mixin.py:190} INFO - [2024-10-20T14:17:26.221+0000] {dagbag.py:588} INFO - Filling up the DagBag from /home/airflow/.local/lib/python3.12/site-packages/airflow/example_dags/example_latest_only_with_trigger.py
[2024-10-20T14:17:26.227+0000] {processor.py:925} INFO - DAG(s) 'latest_only_with_trigger' retrieved from /home/airflow/.local/lib/python3.12/site-packages/airflow/example_dags/example_latest_only_with_trigger.py
[2024-10-20T14:17:26.268+0000] {logging_mixin.py:190} INFO - [2024-10-20T14:17:26.264+0000] {dag.py:3239} INFO - Sync 1 DAGs
[2024-10-20T14:17:26.298+0000] {logging_mixin.py:190} INFO - [2024-10-20T14:17:26.298+0000] {dag.py:4180} INFO - Setting next_dagrun for latest_only_with_trigger to 2024-10-20 08:00:00+00:00, run_after=2024-10-20 12:00:00+00:00
[2024-10-20T14:17:26.315+0000] {processor.py:208} INFO - Processing /home/airflow/.local/lib/python3.12/site-packages/airflow/example_dags/example_latest_only_with_trigger.py took 0.103 seconds
[2024-10-20T14:17:57.114+0000] {processor.py:186} INFO - Started process (PID=1477) to work on /home/airflow/.local/lib/python3.12/site-packages/airflow/example_dags/example_latest_only_with_trigger.py
[2024-10-20T14:17:57.115+0000] {processor.py:914} INFO - Processing file /home/airflow/.local/lib/python3.12/site-packages/airflow/example_dags/example_latest_only_with_trigger.py for tasks to queue
[2024-10-20T14:17:57.118+0000] {logging_mixin.py:190} INFO - [2024-10-20T14:17:57.118+0000] {dagbag.py:588} INFO - Filling up the DagBag from /home/airflow/.local/lib/python3.12/site-packages/airflow/example_dags/example_latest_only_with_trigger.py
[2024-10-20T14:17:57.128+0000] {processor.py:925} INFO - DAG(s) 'latest_only_with_trigger' retrieved from /home/airflow/.local/lib/python3.12/site-packages/airflow/example_dags/example_latest_only_with_trigger.py
[2024-10-20T14:17:57.148+0000] {logging_mixin.py:190} INFO - [2024-10-20T14:17:57.148+0000] {dag.py:3239} INFO - Sync 1 DAGs
[2024-10-20T14:17:57.169+0000] {logging_mixin.py:190} INFO - [2024-10-20T14:17:57.169+0000] {dag.py:4180} INFO - Setting next_dagrun for latest_only_with_trigger to 2024-10-20 08:00:00+00:00, run_after=2024-10-20 12:00:00+00:00
[2024-10-20T14:17:57.186+0000] {processor.py:208} INFO - Processing /home/airflow/.local/lib/python3.12/site-packages/airflow/example_dags/example_latest_only_with_trigger.py took 0.077 seconds
[2024-10-20T14:18:27.794+0000] {processor.py:186} INFO - Started process (PID=1542) to work on /home/airflow/.local/lib/python3.12/site-packages/airflow/example_dags/example_latest_only_with_trigger.py
[2024-10-20T14:18:27.795+0000] {processor.py:914} INFO - Processing file /home/airflow/.local/lib/python3.12/site-packages/airflow/example_dags/example_latest_only_with_trigger.py for tasks to queue
[2024-10-20T14:18:27.798+0000] {logging_mixin.py:190} INFO - [2024-10-20T14:18:27.797+0000] {dagbag.py:588} INFO - Filling up the DagBag from /home/airflow/.local/lib/python3.12/site-packages/airflow/example_dags/example_latest_only_with_trigger.py
[2024-10-20T14:18:27.807+0000] {processor.py:925} INFO - DAG(s) 'latest_only_with_trigger' retrieved from /home/airflow/.local/lib/python3.12/site-packages/airflow/example_dags/example_latest_only_with_trigger.py
[2024-10-20T14:18:27.827+0000] {logging_mixin.py:190} INFO - [2024-10-20T14:18:27.827+0000] {dag.py:3239} INFO - Sync 1 DAGs
[2024-10-20T14:18:27.849+0000] {logging_mixin.py:190} INFO - [2024-10-20T14:18:27.849+0000] {dag.py:4180} INFO - Setting next_dagrun for latest_only_with_trigger to 2024-10-20 08:00:00+00:00, run_after=2024-10-20 12:00:00+00:00
[2024-10-20T14:18:27.867+0000] {processor.py:208} INFO - Processing /home/airflow/.local/lib/python3.12/site-packages/airflow/example_dags/example_latest_only_with_trigger.py took 0.078 seconds
[2024-10-20T14:18:58.684+0000] {processor.py:186} INFO - Started process (PID=1606) to work on /home/airflow/.local/lib/python3.12/site-packages/airflow/example_dags/example_latest_only_with_trigger.py
[2024-10-20T14:18:58.686+0000] {processor.py:914} INFO - Processing file /home/airflow/.local/lib/python3.12/site-packages/airflow/example_dags/example_latest_only_with_trigger.py for tasks to queue
[2024-10-20T14:18:58.688+0000] {logging_mixin.py:190} INFO - [2024-10-20T14:18:58.688+0000] {dagbag.py:588} INFO - Filling up the DagBag from /home/airflow/.local/lib/python3.12/site-packages/airflow/example_dags/example_latest_only_with_trigger.py
[2024-10-20T14:18:58.696+0000] {processor.py:925} INFO - DAG(s) 'latest_only_with_trigger' retrieved from /home/airflow/.local/lib/python3.12/site-packages/airflow/example_dags/example_latest_only_with_trigger.py
[2024-10-20T14:18:58.715+0000] {logging_mixin.py:190} INFO - [2024-10-20T14:18:58.715+0000] {dag.py:3239} INFO - Sync 1 DAGs
[2024-10-20T14:18:58.736+0000] {logging_mixin.py:190} INFO - [2024-10-20T14:18:58.735+0000] {dag.py:4180} INFO - Setting next_dagrun for latest_only_with_trigger to 2024-10-20 08:00:00+00:00, run_after=2024-10-20 12:00:00+00:00
[2024-10-20T14:18:58.753+0000] {processor.py:208} INFO - Processing /home/airflow/.local/lib/python3.12/site-packages/airflow/example_dags/example_latest_only_with_trigger.py took 0.076 seconds
[2024-10-20T14:19:29.752+0000] {processor.py:186} INFO - Started process (PID=1670) to work on /home/airflow/.local/lib/python3.12/site-packages/airflow/example_dags/example_latest_only_with_trigger.py
[2024-10-20T14:19:29.753+0000] {processor.py:914} INFO - Processing file /home/airflow/.local/lib/python3.12/site-packages/airflow/example_dags/example_latest_only_with_trigger.py for tasks to queue
[2024-10-20T14:19:29.758+0000] {logging_mixin.py:190} INFO - [2024-10-20T14:19:29.758+0000] {dagbag.py:588} INFO - Filling up the DagBag from /home/airflow/.local/lib/python3.12/site-packages/airflow/example_dags/example_latest_only_with_trigger.py
[2024-10-20T14:19:29.765+0000] {processor.py:925} INFO - DAG(s) 'latest_only_with_trigger' retrieved from /home/airflow/.local/lib/python3.12/site-packages/airflow/example_dags/example_latest_only_with_trigger.py
[2024-10-20T14:19:29.783+0000] {logging_mixin.py:190} INFO - [2024-10-20T14:19:29.783+0000] {dag.py:3239} INFO - Sync 1 DAGs
[2024-10-20T14:19:29.801+0000] {logging_mixin.py:190} INFO - [2024-10-20T14:19:29.801+0000] {dag.py:4180} INFO - Setting next_dagrun for latest_only_with_trigger to 2024-10-20 08:00:00+00:00, run_after=2024-10-20 12:00:00+00:00
[2024-10-20T14:19:29.817+0000] {processor.py:208} INFO - Processing /home/airflow/.local/lib/python3.12/site-packages/airflow/example_dags/example_latest_only_with_trigger.py took 0.072 seconds
[2024-10-20T14:20:00.564+0000] {processor.py:186} INFO - Started process (PID=1734) to work on /home/airflow/.local/lib/python3.12/site-packages/airflow/example_dags/example_latest_only_with_trigger.py
[2024-10-20T14:20:00.565+0000] {processor.py:914} INFO - Processing file /home/airflow/.local/lib/python3.12/site-packages/airflow/example_dags/example_latest_only_with_trigger.py for tasks to queue
[2024-10-20T14:20:00.567+0000] {logging_mixin.py:190} INFO - [2024-10-20T14:20:00.567+0000] {dagbag.py:588} INFO - Filling up the DagBag from /home/airflow/.local/lib/python3.12/site-packages/airflow/example_dags/example_latest_only_with_trigger.py
[2024-10-20T14:20:00.573+0000] {processor.py:925} INFO - DAG(s) 'latest_only_with_trigger' retrieved from /home/airflow/.local/lib/python3.12/site-packages/airflow/example_dags/example_latest_only_with_trigger.py
[2024-10-20T14:20:00.591+0000] {logging_mixin.py:190} INFO - [2024-10-20T14:20:00.591+0000] {dag.py:3239} INFO - Sync 1 DAGs
[2024-10-20T14:20:00.611+0000] {logging_mixin.py:190} INFO - [2024-10-20T14:20:00.611+0000] {dag.py:4180} INFO - Setting next_dagrun for latest_only_with_trigger to 2024-10-20 08:00:00+00:00, run_after=2024-10-20 12:00:00+00:00
[2024-10-20T14:20:00.628+0000] {processor.py:208} INFO - Processing /home/airflow/.local/lib/python3.12/site-packages/airflow/example_dags/example_latest_only_with_trigger.py took 0.069 seconds
[2024-10-20T14:20:31.236+0000] {processor.py:186} INFO - Started process (PID=1798) to work on /home/airflow/.local/lib/python3.12/site-packages/airflow/example_dags/example_latest_only_with_trigger.py
[2024-10-20T14:20:31.237+0000] {processor.py:914} INFO - Processing file /home/airflow/.local/lib/python3.12/site-packages/airflow/example_dags/example_latest_only_with_trigger.py for tasks to queue
[2024-10-20T14:20:31.239+0000] {logging_mixin.py:190} INFO - [2024-10-20T14:20:31.239+0000] {dagbag.py:588} INFO - Filling up the DagBag from /home/airflow/.local/lib/python3.12/site-packages/airflow/example_dags/example_latest_only_with_trigger.py
[2024-10-20T14:20:31.245+0000] {processor.py:925} INFO - DAG(s) 'latest_only_with_trigger' retrieved from /home/airflow/.local/lib/python3.12/site-packages/airflow/example_dags/example_latest_only_with_trigger.py
[2024-10-20T14:20:31.265+0000] {logging_mixin.py:190} INFO - [2024-10-20T14:20:31.265+0000] {dag.py:3239} INFO - Sync 1 DAGs
[2024-10-20T14:20:31.286+0000] {logging_mixin.py:190} INFO - [2024-10-20T14:20:31.286+0000] {dag.py:4180} INFO - Setting next_dagrun for latest_only_with_trigger to 2024-10-20 08:00:00+00:00, run_after=2024-10-20 12:00:00+00:00
[2024-10-20T14:20:31.304+0000] {processor.py:208} INFO - Processing /home/airflow/.local/lib/python3.12/site-packages/airflow/example_dags/example_latest_only_with_trigger.py took 0.072 seconds
[2024-10-20T14:21:01.818+0000] {processor.py:186} INFO - Started process (PID=1862) to work on /home/airflow/.local/lib/python3.12/site-packages/airflow/example_dags/example_latest_only_with_trigger.py
[2024-10-20T14:21:01.819+0000] {processor.py:914} INFO - Processing file /home/airflow/.local/lib/python3.12/site-packages/airflow/example_dags/example_latest_only_with_trigger.py for tasks to queue
[2024-10-20T14:21:01.821+0000] {logging_mixin.py:190} INFO - [2024-10-20T14:21:01.821+0000] {dagbag.py:588} INFO - Filling up the DagBag from /home/airflow/.local/lib/python3.12/site-packages/airflow/example_dags/example_latest_only_with_trigger.py
[2024-10-20T14:21:01.827+0000] {processor.py:925} INFO - DAG(s) 'latest_only_with_trigger' retrieved from /home/airflow/.local/lib/python3.12/site-packages/airflow/example_dags/example_latest_only_with_trigger.py
[2024-10-20T14:21:01.846+0000] {logging_mixin.py:190} INFO - [2024-10-20T14:21:01.846+0000] {dag.py:3239} INFO - Sync 1 DAGs
[2024-10-20T14:21:01.869+0000] {logging_mixin.py:190} INFO - [2024-10-20T14:21:01.868+0000] {dag.py:4180} INFO - Setting next_dagrun for latest_only_with_trigger to 2024-10-20 08:00:00+00:00, run_after=2024-10-20 12:00:00+00:00
[2024-10-20T14:21:01.885+0000] {processor.py:208} INFO - Processing /home/airflow/.local/lib/python3.12/site-packages/airflow/example_dags/example_latest_only_with_trigger.py took 0.073 seconds
[2024-10-20T14:21:32.497+0000] {processor.py:186} INFO - Started process (PID=1926) to work on /home/airflow/.local/lib/python3.12/site-packages/airflow/example_dags/example_latest_only_with_trigger.py
[2024-10-20T14:21:32.498+0000] {processor.py:914} INFO - Processing file /home/airflow/.local/lib/python3.12/site-packages/airflow/example_dags/example_latest_only_with_trigger.py for tasks to queue
[2024-10-20T14:21:32.501+0000] {logging_mixin.py:190} INFO - [2024-10-20T14:21:32.500+0000] {dagbag.py:588} INFO - Filling up the DagBag from /home/airflow/.local/lib/python3.12/site-packages/airflow/example_dags/example_latest_only_with_trigger.py
[2024-10-20T14:21:32.507+0000] {processor.py:925} INFO - DAG(s) 'latest_only_with_trigger' retrieved from /home/airflow/.local/lib/python3.12/site-packages/airflow/example_dags/example_latest_only_with_trigger.py
[2024-10-20T14:21:32.528+0000] {logging_mixin.py:190} INFO - [2024-10-20T14:21:32.528+0000] {dag.py:3239} INFO - Sync 1 DAGs
[2024-10-20T14:21:32.548+0000] {logging_mixin.py:190} INFO - [2024-10-20T14:21:32.548+0000] {dag.py:4180} INFO - Setting next_dagrun for latest_only_with_trigger to 2024-10-20 08:00:00+00:00, run_after=2024-10-20 12:00:00+00:00
[2024-10-20T14:21:32.566+0000] {processor.py:208} INFO - Processing /home/airflow/.local/lib/python3.12/site-packages/airflow/example_dags/example_latest_only_with_trigger.py took 0.073 seconds
[2024-10-20T14:22:03.169+0000] {processor.py:186} INFO - Started process (PID=1990) to work on /home/airflow/.local/lib/python3.12/site-packages/airflow/example_dags/example_latest_only_with_trigger.py
[2024-10-20T14:22:03.170+0000] {processor.py:914} INFO - Processing file /home/airflow/.local/lib/python3.12/site-packages/airflow/example_dags/example_latest_only_with_trigger.py for tasks to queue
[2024-10-20T14:22:03.173+0000] {logging_mixin.py:190} INFO - [2024-10-20T14:22:03.172+0000] {dagbag.py:588} INFO - Filling up the DagBag from /home/airflow/.local/lib/python3.12/site-packages/airflow/example_dags/example_latest_only_with_trigger.py
[2024-10-20T14:22:03.178+0000] {processor.py:925} INFO - DAG(s) 'latest_only_with_trigger' retrieved from /home/airflow/.local/lib/python3.12/site-packages/airflow/example_dags/example_latest_only_with_trigger.py
[2024-10-20T14:22:03.197+0000] {logging_mixin.py:190} INFO - [2024-10-20T14:22:03.197+0000] {dag.py:3239} INFO - Sync 1 DAGs
[2024-10-20T14:22:03.217+0000] {logging_mixin.py:190} INFO - [2024-10-20T14:22:03.217+0000] {dag.py:4180} INFO - Setting next_dagrun for latest_only_with_trigger to 2024-10-20 08:00:00+00:00, run_after=2024-10-20 12:00:00+00:00
[2024-10-20T14:22:03.236+0000] {processor.py:208} INFO - Processing /home/airflow/.local/lib/python3.12/site-packages/airflow/example_dags/example_latest_only_with_trigger.py took 0.072 seconds
[2024-10-20T14:22:34.220+0000] {processor.py:186} INFO - Started process (PID=2054) to work on /home/airflow/.local/lib/python3.12/site-packages/airflow/example_dags/example_latest_only_with_trigger.py
[2024-10-20T14:22:34.221+0000] {processor.py:914} INFO - Processing file /home/airflow/.local/lib/python3.12/site-packages/airflow/example_dags/example_latest_only_with_trigger.py for tasks to queue
[2024-10-20T14:22:34.223+0000] {logging_mixin.py:190} INFO - [2024-10-20T14:22:34.223+0000] {dagbag.py:588} INFO - Filling up the DagBag from /home/airflow/.local/lib/python3.12/site-packages/airflow/example_dags/example_latest_only_with_trigger.py
[2024-10-20T14:22:34.231+0000] {processor.py:925} INFO - DAG(s) 'latest_only_with_trigger' retrieved from /home/airflow/.local/lib/python3.12/site-packages/airflow/example_dags/example_latest_only_with_trigger.py
[2024-10-20T14:22:34.252+0000] {logging_mixin.py:190} INFO - [2024-10-20T14:22:34.252+0000] {dag.py:3239} INFO - Sync 1 DAGs
[2024-10-20T14:22:34.271+0000] {logging_mixin.py:190} INFO - [2024-10-20T14:22:34.270+0000] {dag.py:4180} INFO - Setting next_dagrun for latest_only_with_trigger to 2024-10-20 08:00:00+00:00, run_after=2024-10-20 12:00:00+00:00
[2024-10-20T14:22:34.288+0000] {processor.py:208} INFO - Processing /home/airflow/.local/lib/python3.12/site-packages/airflow/example_dags/example_latest_only_with_trigger.py took 0.074 seconds
[2024-10-20T14:23:05.015+0000] {processor.py:186} INFO - Started process (PID=2118) to work on /home/airflow/.local/lib/python3.12/site-packages/airflow/example_dags/example_latest_only_with_trigger.py
[2024-10-20T14:23:05.016+0000] {processor.py:914} INFO - Processing file /home/airflow/.local/lib/python3.12/site-packages/airflow/example_dags/example_latest_only_with_trigger.py for tasks to queue
[2024-10-20T14:23:05.019+0000] {logging_mixin.py:190} INFO - [2024-10-20T14:23:05.019+0000] {dagbag.py:588} INFO - Filling up the DagBag from /home/airflow/.local/lib/python3.12/site-packages/airflow/example_dags/example_latest_only_with_trigger.py
[2024-10-20T14:23:05.027+0000] {processor.py:925} INFO - DAG(s) 'latest_only_with_trigger' retrieved from /home/airflow/.local/lib/python3.12/site-packages/airflow/example_dags/example_latest_only_with_trigger.py
[2024-10-20T14:23:05.046+0000] {logging_mixin.py:190} INFO - [2024-10-20T14:23:05.046+0000] {dag.py:3239} INFO - Sync 1 DAGs
[2024-10-20T14:23:05.064+0000] {logging_mixin.py:190} INFO - [2024-10-20T14:23:05.063+0000] {dag.py:4180} INFO - Setting next_dagrun for latest_only_with_trigger to 2024-10-20 08:00:00+00:00, run_after=2024-10-20 12:00:00+00:00
[2024-10-20T14:23:05.080+0000] {processor.py:208} INFO - Processing /home/airflow/.local/lib/python3.12/site-packages/airflow/example_dags/example_latest_only_with_trigger.py took 0.070 seconds
[2024-10-20T14:23:35.607+0000] {processor.py:186} INFO - Started process (PID=2182) to work on /home/airflow/.local/lib/python3.12/site-packages/airflow/example_dags/example_latest_only_with_trigger.py
[2024-10-20T14:23:35.608+0000] {processor.py:914} INFO - Processing file /home/airflow/.local/lib/python3.12/site-packages/airflow/example_dags/example_latest_only_with_trigger.py for tasks to queue
[2024-10-20T14:23:35.610+0000] {logging_mixin.py:190} INFO - [2024-10-20T14:23:35.610+0000] {dagbag.py:588} INFO - Filling up the DagBag from /home/airflow/.local/lib/python3.12/site-packages/airflow/example_dags/example_latest_only_with_trigger.py
[2024-10-20T14:23:35.617+0000] {processor.py:925} INFO - DAG(s) 'latest_only_with_trigger' retrieved from /home/airflow/.local/lib/python3.12/site-packages/airflow/example_dags/example_latest_only_with_trigger.py
[2024-10-20T14:23:35.635+0000] {logging_mixin.py:190} INFO - [2024-10-20T14:23:35.635+0000] {dag.py:3239} INFO - Sync 1 DAGs
[2024-10-20T14:23:35.653+0000] {logging_mixin.py:190} INFO - [2024-10-20T14:23:35.652+0000] {dag.py:4180} INFO - Setting next_dagrun for latest_only_with_trigger to 2024-10-20 08:00:00+00:00, run_after=2024-10-20 12:00:00+00:00
[2024-10-20T14:23:35.670+0000] {processor.py:208} INFO - Processing /home/airflow/.local/lib/python3.12/site-packages/airflow/example_dags/example_latest_only_with_trigger.py took 0.068 seconds
[2024-10-20T14:24:06.626+0000] {processor.py:186} INFO - Started process (PID=2246) to work on /home/airflow/.local/lib/python3.12/site-packages/airflow/example_dags/example_latest_only_with_trigger.py
[2024-10-20T14:24:06.628+0000] {processor.py:914} INFO - Processing file /home/airflow/.local/lib/python3.12/site-packages/airflow/example_dags/example_latest_only_with_trigger.py for tasks to queue
[2024-10-20T14:24:06.630+0000] {logging_mixin.py:190} INFO - [2024-10-20T14:24:06.630+0000] {dagbag.py:588} INFO - Filling up the DagBag from /home/airflow/.local/lib/python3.12/site-packages/airflow/example_dags/example_latest_only_with_trigger.py
[2024-10-20T14:24:06.638+0000] {processor.py:925} INFO - DAG(s) 'latest_only_with_trigger' retrieved from /home/airflow/.local/lib/python3.12/site-packages/airflow/example_dags/example_latest_only_with_trigger.py
[2024-10-20T14:24:06.658+0000] {logging_mixin.py:190} INFO - [2024-10-20T14:24:06.658+0000] {dag.py:3239} INFO - Sync 1 DAGs
[2024-10-20T14:24:06.683+0000] {logging_mixin.py:190} INFO - [2024-10-20T14:24:06.683+0000] {dag.py:4180} INFO - Setting next_dagrun for latest_only_with_trigger to 2024-10-20 08:00:00+00:00, run_after=2024-10-20 12:00:00+00:00
[2024-10-20T14:24:06.704+0000] {processor.py:208} INFO - Processing /home/airflow/.local/lib/python3.12/site-packages/airflow/example_dags/example_latest_only_with_trigger.py took 0.084 seconds
[2024-10-20T14:24:37.008+0000] {processor.py:186} INFO - Started process (PID=2310) to work on /home/airflow/.local/lib/python3.12/site-packages/airflow/example_dags/example_latest_only_with_trigger.py
[2024-10-20T14:24:37.009+0000] {processor.py:914} INFO - Processing file /home/airflow/.local/lib/python3.12/site-packages/airflow/example_dags/example_latest_only_with_trigger.py for tasks to queue
[2024-10-20T14:24:37.011+0000] {logging_mixin.py:190} INFO - [2024-10-20T14:24:37.011+0000] {dagbag.py:588} INFO - Filling up the DagBag from /home/airflow/.local/lib/python3.12/site-packages/airflow/example_dags/example_latest_only_with_trigger.py
[2024-10-20T14:24:37.017+0000] {processor.py:925} INFO - DAG(s) 'latest_only_with_trigger' retrieved from /home/airflow/.local/lib/python3.12/site-packages/airflow/example_dags/example_latest_only_with_trigger.py
[2024-10-20T14:24:37.037+0000] {logging_mixin.py:190} INFO - [2024-10-20T14:24:37.036+0000] {dag.py:3239} INFO - Sync 1 DAGs
[2024-10-20T14:24:37.060+0000] {logging_mixin.py:190} INFO - [2024-10-20T14:24:37.060+0000] {dag.py:4180} INFO - Setting next_dagrun for latest_only_with_trigger to 2024-10-20 08:00:00+00:00, run_after=2024-10-20 12:00:00+00:00
[2024-10-20T14:24:37.078+0000] {processor.py:208} INFO - Processing /home/airflow/.local/lib/python3.12/site-packages/airflow/example_dags/example_latest_only_with_trigger.py took 0.077 seconds
[2024-10-20T14:25:07.910+0000] {processor.py:186} INFO - Started process (PID=2374) to work on /home/airflow/.local/lib/python3.12/site-packages/airflow/example_dags/example_latest_only_with_trigger.py
[2024-10-20T14:25:07.911+0000] {processor.py:914} INFO - Processing file /home/airflow/.local/lib/python3.12/site-packages/airflow/example_dags/example_latest_only_with_trigger.py for tasks to queue
[2024-10-20T14:25:07.913+0000] {logging_mixin.py:190} INFO - [2024-10-20T14:25:07.913+0000] {dagbag.py:588} INFO - Filling up the DagBag from /home/airflow/.local/lib/python3.12/site-packages/airflow/example_dags/example_latest_only_with_trigger.py
[2024-10-20T14:25:07.919+0000] {processor.py:925} INFO - DAG(s) 'latest_only_with_trigger' retrieved from /home/airflow/.local/lib/python3.12/site-packages/airflow/example_dags/example_latest_only_with_trigger.py
[2024-10-20T14:25:07.939+0000] {logging_mixin.py:190} INFO - [2024-10-20T14:25:07.939+0000] {dag.py:3239} INFO - Sync 1 DAGs
[2024-10-20T14:25:07.960+0000] {logging_mixin.py:190} INFO - [2024-10-20T14:25:07.960+0000] {dag.py:4180} INFO - Setting next_dagrun for latest_only_with_trigger to 2024-10-20 08:00:00+00:00, run_after=2024-10-20 12:00:00+00:00
[2024-10-20T14:25:07.979+0000] {processor.py:208} INFO - Processing /home/airflow/.local/lib/python3.12/site-packages/airflow/example_dags/example_latest_only_with_trigger.py took 0.074 seconds
[2024-10-20T14:55:25.771+0000] {processor.py:186} INFO - Started process (PID=2438) to work on /home/airflow/.local/lib/python3.12/site-packages/airflow/example_dags/example_latest_only_with_trigger.py
[2024-10-20T14:55:25.772+0000] {processor.py:914} INFO - Processing file /home/airflow/.local/lib/python3.12/site-packages/airflow/example_dags/example_latest_only_with_trigger.py for tasks to queue
[2024-10-20T14:55:25.775+0000] {logging_mixin.py:190} INFO - [2024-10-20T14:55:25.774+0000] {dagbag.py:588} INFO - Filling up the DagBag from /home/airflow/.local/lib/python3.12/site-packages/airflow/example_dags/example_latest_only_with_trigger.py
[2024-10-20T14:55:25.783+0000] {processor.py:925} INFO - DAG(s) 'latest_only_with_trigger' retrieved from /home/airflow/.local/lib/python3.12/site-packages/airflow/example_dags/example_latest_only_with_trigger.py
[2024-10-20T14:55:25.804+0000] {logging_mixin.py:190} INFO - [2024-10-20T14:55:25.804+0000] {dag.py:3239} INFO - Sync 1 DAGs
[2024-10-20T14:55:25.824+0000] {logging_mixin.py:190} INFO - [2024-10-20T14:55:25.824+0000] {dag.py:4180} INFO - Setting next_dagrun for latest_only_with_trigger to 2024-10-20 08:00:00+00:00, run_after=2024-10-20 12:00:00+00:00
[2024-10-20T14:55:25.842+0000] {processor.py:208} INFO - Processing /home/airflow/.local/lib/python3.12/site-packages/airflow/example_dags/example_latest_only_with_trigger.py took 0.078 seconds
[2024-10-20T14:55:56.313+0000] {processor.py:186} INFO - Started process (PID=2502) to work on /home/airflow/.local/lib/python3.12/site-packages/airflow/example_dags/example_latest_only_with_trigger.py
[2024-10-20T14:55:56.314+0000] {processor.py:914} INFO - Processing file /home/airflow/.local/lib/python3.12/site-packages/airflow/example_dags/example_latest_only_with_trigger.py for tasks to queue
[2024-10-20T14:55:56.316+0000] {logging_mixin.py:190} INFO - [2024-10-20T14:55:56.316+0000] {dagbag.py:588} INFO - Filling up the DagBag from /home/airflow/.local/lib/python3.12/site-packages/airflow/example_dags/example_latest_only_with_trigger.py
[2024-10-20T14:55:56.323+0000] {processor.py:925} INFO - DAG(s) 'latest_only_with_trigger' retrieved from /home/airflow/.local/lib/python3.12/site-packages/airflow/example_dags/example_latest_only_with_trigger.py
[2024-10-20T14:55:56.344+0000] {logging_mixin.py:190} INFO - [2024-10-20T14:55:56.344+0000] {dag.py:3239} INFO - Sync 1 DAGs
[2024-10-20T14:55:56.364+0000] {logging_mixin.py:190} INFO - [2024-10-20T14:55:56.364+0000] {dag.py:4180} INFO - Setting next_dagrun for latest_only_with_trigger to 2024-10-20 08:00:00+00:00, run_after=2024-10-20 12:00:00+00:00
[2024-10-20T14:55:56.381+0000] {processor.py:208} INFO - Processing /home/airflow/.local/lib/python3.12/site-packages/airflow/example_dags/example_latest_only_with_trigger.py took 0.074 seconds
[2024-10-20T14:56:27.023+0000] {processor.py:186} INFO - Started process (PID=2566) to work on /home/airflow/.local/lib/python3.12/site-packages/airflow/example_dags/example_latest_only_with_trigger.py
[2024-10-20T14:56:27.024+0000] {processor.py:914} INFO - Processing file /home/airflow/.local/lib/python3.12/site-packages/airflow/example_dags/example_latest_only_with_trigger.py for tasks to queue
[2024-10-20T14:56:27.026+0000] {logging_mixin.py:190} INFO - [2024-10-20T14:56:27.026+0000] {dagbag.py:588} INFO - Filling up the DagBag from /home/airflow/.local/lib/python3.12/site-packages/airflow/example_dags/example_latest_only_with_trigger.py
[2024-10-20T14:56:27.033+0000] {processor.py:925} INFO - DAG(s) 'latest_only_with_trigger' retrieved from /home/airflow/.local/lib/python3.12/site-packages/airflow/example_dags/example_latest_only_with_trigger.py
[2024-10-20T14:56:27.052+0000] {logging_mixin.py:190} INFO - [2024-10-20T14:56:27.052+0000] {dag.py:3239} INFO - Sync 1 DAGs
[2024-10-20T14:56:27.072+0000] {logging_mixin.py:190} INFO - [2024-10-20T14:56:27.072+0000] {dag.py:4180} INFO - Setting next_dagrun for latest_only_with_trigger to 2024-10-20 08:00:00+00:00, run_after=2024-10-20 12:00:00+00:00
[2024-10-20T14:56:27.104+0000] {processor.py:208} INFO - Processing /home/airflow/.local/lib/python3.12/site-packages/airflow/example_dags/example_latest_only_with_trigger.py took 0.086 seconds
[2024-10-20T14:56:57.750+0000] {processor.py:186} INFO - Started process (PID=2629) to work on /home/airflow/.local/lib/python3.12/site-packages/airflow/example_dags/example_latest_only_with_trigger.py
[2024-10-20T14:56:57.752+0000] {processor.py:914} INFO - Processing file /home/airflow/.local/lib/python3.12/site-packages/airflow/example_dags/example_latest_only_with_trigger.py for tasks to queue
[2024-10-20T14:56:57.754+0000] {logging_mixin.py:190} INFO - [2024-10-20T14:56:57.754+0000] {dagbag.py:588} INFO - Filling up the DagBag from /home/airflow/.local/lib/python3.12/site-packages/airflow/example_dags/example_latest_only_with_trigger.py
[2024-10-20T14:56:57.760+0000] {processor.py:925} INFO - DAG(s) 'latest_only_with_trigger' retrieved from /home/airflow/.local/lib/python3.12/site-packages/airflow/example_dags/example_latest_only_with_trigger.py
[2024-10-20T14:56:57.780+0000] {logging_mixin.py:190} INFO - [2024-10-20T14:56:57.779+0000] {dag.py:3239} INFO - Sync 1 DAGs
[2024-10-20T14:56:57.802+0000] {logging_mixin.py:190} INFO - [2024-10-20T14:56:57.802+0000] {dag.py:4180} INFO - Setting next_dagrun for latest_only_with_trigger to 2024-10-20 08:00:00+00:00, run_after=2024-10-20 12:00:00+00:00
[2024-10-20T14:56:57.823+0000] {processor.py:208} INFO - Processing /home/airflow/.local/lib/python3.12/site-packages/airflow/example_dags/example_latest_only_with_trigger.py took 0.079 seconds
[2024-10-20T14:57:27.967+0000] {processor.py:186} INFO - Started process (PID=2693) to work on /home/airflow/.local/lib/python3.12/site-packages/airflow/example_dags/example_latest_only_with_trigger.py
[2024-10-20T14:57:27.968+0000] {processor.py:914} INFO - Processing file /home/airflow/.local/lib/python3.12/site-packages/airflow/example_dags/example_latest_only_with_trigger.py for tasks to queue
[2024-10-20T14:57:27.971+0000] {logging_mixin.py:190} INFO - [2024-10-20T14:57:27.971+0000] {dagbag.py:588} INFO - Filling up the DagBag from /home/airflow/.local/lib/python3.12/site-packages/airflow/example_dags/example_latest_only_with_trigger.py
[2024-10-20T14:57:27.976+0000] {processor.py:925} INFO - DAG(s) 'latest_only_with_trigger' retrieved from /home/airflow/.local/lib/python3.12/site-packages/airflow/example_dags/example_latest_only_with_trigger.py
[2024-10-20T14:57:27.996+0000] {logging_mixin.py:190} INFO - [2024-10-20T14:57:27.996+0000] {dag.py:3239} INFO - Sync 1 DAGs
[2024-10-20T14:57:28.016+0000] {logging_mixin.py:190} INFO - [2024-10-20T14:57:28.016+0000] {dag.py:4180} INFO - Setting next_dagrun for latest_only_with_trigger to 2024-10-20 08:00:00+00:00, run_after=2024-10-20 12:00:00+00:00
[2024-10-20T14:57:28.052+0000] {processor.py:208} INFO - Processing /home/airflow/.local/lib/python3.12/site-packages/airflow/example_dags/example_latest_only_with_trigger.py took 0.089 seconds
[2024-10-20T14:57:59.050+0000] {processor.py:186} INFO - Started process (PID=2757) to work on /home/airflow/.local/lib/python3.12/site-packages/airflow/example_dags/example_latest_only_with_trigger.py
[2024-10-20T14:57:59.051+0000] {processor.py:914} INFO - Processing file /home/airflow/.local/lib/python3.12/site-packages/airflow/example_dags/example_latest_only_with_trigger.py for tasks to queue
[2024-10-20T14:57:59.053+0000] {logging_mixin.py:190} INFO - [2024-10-20T14:57:59.053+0000] {dagbag.py:588} INFO - Filling up the DagBag from /home/airflow/.local/lib/python3.12/site-packages/airflow/example_dags/example_latest_only_with_trigger.py
[2024-10-20T14:57:59.062+0000] {processor.py:925} INFO - DAG(s) 'latest_only_with_trigger' retrieved from /home/airflow/.local/lib/python3.12/site-packages/airflow/example_dags/example_latest_only_with_trigger.py
[2024-10-20T14:57:59.082+0000] {logging_mixin.py:190} INFO - [2024-10-20T14:57:59.081+0000] {dag.py:3239} INFO - Sync 1 DAGs
[2024-10-20T14:57:59.104+0000] {logging_mixin.py:190} INFO - [2024-10-20T14:57:59.103+0000] {dag.py:4180} INFO - Setting next_dagrun for latest_only_with_trigger to 2024-10-20 08:00:00+00:00, run_after=2024-10-20 12:00:00+00:00
[2024-10-20T14:57:59.124+0000] {processor.py:208} INFO - Processing /home/airflow/.local/lib/python3.12/site-packages/airflow/example_dags/example_latest_only_with_trigger.py took 0.079 seconds
[2024-10-20T14:58:29.566+0000] {processor.py:186} INFO - Started process (PID=2821) to work on /home/airflow/.local/lib/python3.12/site-packages/airflow/example_dags/example_latest_only_with_trigger.py
[2024-10-20T14:58:29.567+0000] {processor.py:914} INFO - Processing file /home/airflow/.local/lib/python3.12/site-packages/airflow/example_dags/example_latest_only_with_trigger.py for tasks to queue
[2024-10-20T14:58:29.570+0000] {logging_mixin.py:190} INFO - [2024-10-20T14:58:29.570+0000] {dagbag.py:588} INFO - Filling up the DagBag from /home/airflow/.local/lib/python3.12/site-packages/airflow/example_dags/example_latest_only_with_trigger.py
[2024-10-20T14:58:29.577+0000] {processor.py:925} INFO - DAG(s) 'latest_only_with_trigger' retrieved from /home/airflow/.local/lib/python3.12/site-packages/airflow/example_dags/example_latest_only_with_trigger.py
[2024-10-20T14:58:29.599+0000] {logging_mixin.py:190} INFO - [2024-10-20T14:58:29.599+0000] {dag.py:3239} INFO - Sync 1 DAGs
[2024-10-20T14:58:29.620+0000] {logging_mixin.py:190} INFO - [2024-10-20T14:58:29.620+0000] {dag.py:4180} INFO - Setting next_dagrun for latest_only_with_trigger to 2024-10-20 08:00:00+00:00, run_after=2024-10-20 12:00:00+00:00
[2024-10-20T14:58:29.640+0000] {processor.py:208} INFO - Processing /home/airflow/.local/lib/python3.12/site-packages/airflow/example_dags/example_latest_only_with_trigger.py took 0.078 seconds
[2024-10-20T14:59:00.528+0000] {processor.py:186} INFO - Started process (PID=2885) to work on /home/airflow/.local/lib/python3.12/site-packages/airflow/example_dags/example_latest_only_with_trigger.py
[2024-10-20T14:59:00.529+0000] {processor.py:914} INFO - Processing file /home/airflow/.local/lib/python3.12/site-packages/airflow/example_dags/example_latest_only_with_trigger.py for tasks to queue
[2024-10-20T14:59:00.532+0000] {logging_mixin.py:190} INFO - [2024-10-20T14:59:00.531+0000] {dagbag.py:588} INFO - Filling up the DagBag from /home/airflow/.local/lib/python3.12/site-packages/airflow/example_dags/example_latest_only_with_trigger.py
[2024-10-20T14:59:00.539+0000] {processor.py:925} INFO - DAG(s) 'latest_only_with_trigger' retrieved from /home/airflow/.local/lib/python3.12/site-packages/airflow/example_dags/example_latest_only_with_trigger.py
[2024-10-20T14:59:00.556+0000] {logging_mixin.py:190} INFO - [2024-10-20T14:59:00.556+0000] {dag.py:3239} INFO - Sync 1 DAGs
[2024-10-20T14:59:00.580+0000] {logging_mixin.py:190} INFO - [2024-10-20T14:59:00.580+0000] {dag.py:4180} INFO - Setting next_dagrun for latest_only_with_trigger to 2024-10-20 08:00:00+00:00, run_after=2024-10-20 12:00:00+00:00
[2024-10-20T14:59:00.599+0000] {processor.py:208} INFO - Processing /home/airflow/.local/lib/python3.12/site-packages/airflow/example_dags/example_latest_only_with_trigger.py took 0.077 seconds
[2024-10-20T14:59:31.047+0000] {processor.py:186} INFO - Started process (PID=2949) to work on /home/airflow/.local/lib/python3.12/site-packages/airflow/example_dags/example_latest_only_with_trigger.py
[2024-10-20T14:59:31.048+0000] {processor.py:914} INFO - Processing file /home/airflow/.local/lib/python3.12/site-packages/airflow/example_dags/example_latest_only_with_trigger.py for tasks to queue
[2024-10-20T14:59:31.050+0000] {logging_mixin.py:190} INFO - [2024-10-20T14:59:31.050+0000] {dagbag.py:588} INFO - Filling up the DagBag from /home/airflow/.local/lib/python3.12/site-packages/airflow/example_dags/example_latest_only_with_trigger.py
[2024-10-20T14:59:31.056+0000] {processor.py:925} INFO - DAG(s) 'latest_only_with_trigger' retrieved from /home/airflow/.local/lib/python3.12/site-packages/airflow/example_dags/example_latest_only_with_trigger.py
[2024-10-20T14:59:31.079+0000] {logging_mixin.py:190} INFO - [2024-10-20T14:59:31.078+0000] {dag.py:3239} INFO - Sync 1 DAGs
[2024-10-20T14:59:31.102+0000] {logging_mixin.py:190} INFO - [2024-10-20T14:59:31.101+0000] {dag.py:4180} INFO - Setting next_dagrun for latest_only_with_trigger to 2024-10-20 08:00:00+00:00, run_after=2024-10-20 12:00:00+00:00
[2024-10-20T14:59:31.124+0000] {processor.py:208} INFO - Processing /home/airflow/.local/lib/python3.12/site-packages/airflow/example_dags/example_latest_only_with_trigger.py took 0.082 seconds
[2024-10-20T15:00:01.970+0000] {processor.py:186} INFO - Started process (PID=3013) to work on /home/airflow/.local/lib/python3.12/site-packages/airflow/example_dags/example_latest_only_with_trigger.py
[2024-10-20T15:00:01.971+0000] {processor.py:914} INFO - Processing file /home/airflow/.local/lib/python3.12/site-packages/airflow/example_dags/example_latest_only_with_trigger.py for tasks to queue
[2024-10-20T15:00:01.973+0000] {logging_mixin.py:190} INFO - [2024-10-20T15:00:01.973+0000] {dagbag.py:588} INFO - Filling up the DagBag from /home/airflow/.local/lib/python3.12/site-packages/airflow/example_dags/example_latest_only_with_trigger.py
[2024-10-20T15:00:01.981+0000] {processor.py:925} INFO - DAG(s) 'latest_only_with_trigger' retrieved from /home/airflow/.local/lib/python3.12/site-packages/airflow/example_dags/example_latest_only_with_trigger.py
[2024-10-20T15:00:02.000+0000] {logging_mixin.py:190} INFO - [2024-10-20T15:00:02.000+0000] {dag.py:3239} INFO - Sync 1 DAGs
[2024-10-20T15:00:02.020+0000] {logging_mixin.py:190} INFO - [2024-10-20T15:00:02.019+0000] {dag.py:4180} INFO - Setting next_dagrun for latest_only_with_trigger to 2024-10-20 08:00:00+00:00, run_after=2024-10-20 12:00:00+00:00
[2024-10-20T15:00:02.037+0000] {processor.py:208} INFO - Processing /home/airflow/.local/lib/python3.12/site-packages/airflow/example_dags/example_latest_only_with_trigger.py took 0.073 seconds
