[2024-10-20T14:03:40.139+0000] {processor.py:186} INFO - Started process (PID=99) to work on /home/airflow/.local/lib/python3.12/site-packages/airflow/example_dags/example_nested_branch_dag.py
[2024-10-20T14:03:40.140+0000] {processor.py:914} INFO - Processing file /home/airflow/.local/lib/python3.12/site-packages/airflow/example_dags/example_nested_branch_dag.py for tasks to queue
[2024-10-20T14:03:40.142+0000] {logging_mixin.py:190} INFO - [2024-10-20T14:03:40.142+0000] {dagbag.py:588} INFO - Filling up the DagBag from /home/airflow/.local/lib/python3.12/site-packages/airflow/example_dags/example_nested_branch_dag.py
[2024-10-20T14:03:40.153+0000] {processor.py:925} INFO - DAG(s) 'example_nested_branch_dag' retrieved from /home/airflow/.local/lib/python3.12/site-packages/airflow/example_dags/example_nested_branch_dag.py
[2024-10-20T14:03:40.173+0000] {logging_mixin.py:190} INFO - [2024-10-20T14:03:40.172+0000] {dag.py:3239} INFO - Sync 1 DAGs
[2024-10-20T14:03:40.192+0000] {logging_mixin.py:190} INFO - [2024-10-20T14:03:40.192+0000] {dag.py:4180} INFO - Setting next_dagrun for example_nested_branch_dag to 2024-10-19 00:00:00+00:00, run_after=2024-10-20 00:00:00+00:00
[2024-10-20T14:03:40.211+0000] {processor.py:208} INFO - Processing /home/airflow/.local/lib/python3.12/site-packages/airflow/example_dags/example_nested_branch_dag.py took 0.077 seconds
[2024-10-20T14:04:10.343+0000] {processor.py:186} INFO - Started process (PID=162) to work on /home/airflow/.local/lib/python3.12/site-packages/airflow/example_dags/example_nested_branch_dag.py
[2024-10-20T14:04:10.344+0000] {processor.py:914} INFO - Processing file /home/airflow/.local/lib/python3.12/site-packages/airflow/example_dags/example_nested_branch_dag.py for tasks to queue
[2024-10-20T14:04:10.346+0000] {logging_mixin.py:190} INFO - [2024-10-20T14:04:10.346+0000] {dagbag.py:588} INFO - Filling up the DagBag from /home/airflow/.local/lib/python3.12/site-packages/airflow/example_dags/example_nested_branch_dag.py
[2024-10-20T14:04:10.355+0000] {processor.py:925} INFO - DAG(s) 'example_nested_branch_dag' retrieved from /home/airflow/.local/lib/python3.12/site-packages/airflow/example_dags/example_nested_branch_dag.py
[2024-10-20T14:04:10.377+0000] {logging_mixin.py:190} INFO - [2024-10-20T14:04:10.376+0000] {dag.py:3239} INFO - Sync 1 DAGs
[2024-10-20T14:04:10.401+0000] {logging_mixin.py:190} INFO - [2024-10-20T14:04:10.400+0000] {dag.py:4180} INFO - Setting next_dagrun for example_nested_branch_dag to 2024-10-19 00:00:00+00:00, run_after=2024-10-20 00:00:00+00:00
[2024-10-20T14:04:10.419+0000] {processor.py:208} INFO - Processing /home/airflow/.local/lib/python3.12/site-packages/airflow/example_dags/example_nested_branch_dag.py took 0.080 seconds
[2024-10-20T14:04:40.605+0000] {processor.py:186} INFO - Started process (PID=226) to work on /home/airflow/.local/lib/python3.12/site-packages/airflow/example_dags/example_nested_branch_dag.py
[2024-10-20T14:04:40.606+0000] {processor.py:914} INFO - Processing file /home/airflow/.local/lib/python3.12/site-packages/airflow/example_dags/example_nested_branch_dag.py for tasks to queue
[2024-10-20T14:04:40.608+0000] {logging_mixin.py:190} INFO - [2024-10-20T14:04:40.608+0000] {dagbag.py:588} INFO - Filling up the DagBag from /home/airflow/.local/lib/python3.12/site-packages/airflow/example_dags/example_nested_branch_dag.py
[2024-10-20T14:04:40.620+0000] {processor.py:925} INFO - DAG(s) 'example_nested_branch_dag' retrieved from /home/airflow/.local/lib/python3.12/site-packages/airflow/example_dags/example_nested_branch_dag.py
[2024-10-20T14:04:40.641+0000] {logging_mixin.py:190} INFO - [2024-10-20T14:04:40.641+0000] {dag.py:3239} INFO - Sync 1 DAGs
[2024-10-20T14:04:40.665+0000] {logging_mixin.py:190} INFO - [2024-10-20T14:04:40.665+0000] {dag.py:4180} INFO - Setting next_dagrun for example_nested_branch_dag to 2024-10-19 00:00:00+00:00, run_after=2024-10-20 00:00:00+00:00
[2024-10-20T14:04:40.686+0000] {processor.py:208} INFO - Processing /home/airflow/.local/lib/python3.12/site-packages/airflow/example_dags/example_nested_branch_dag.py took 0.087 seconds
[2024-10-20T14:05:10.911+0000] {processor.py:186} INFO - Started process (PID=289) to work on /home/airflow/.local/lib/python3.12/site-packages/airflow/example_dags/example_nested_branch_dag.py
[2024-10-20T14:05:10.912+0000] {processor.py:914} INFO - Processing file /home/airflow/.local/lib/python3.12/site-packages/airflow/example_dags/example_nested_branch_dag.py for tasks to queue
[2024-10-20T14:05:10.915+0000] {logging_mixin.py:190} INFO - [2024-10-20T14:05:10.914+0000] {dagbag.py:588} INFO - Filling up the DagBag from /home/airflow/.local/lib/python3.12/site-packages/airflow/example_dags/example_nested_branch_dag.py
[2024-10-20T14:05:10.925+0000] {processor.py:925} INFO - DAG(s) 'example_nested_branch_dag' retrieved from /home/airflow/.local/lib/python3.12/site-packages/airflow/example_dags/example_nested_branch_dag.py
[2024-10-20T14:05:10.942+0000] {logging_mixin.py:190} INFO - [2024-10-20T14:05:10.941+0000] {dag.py:3239} INFO - Sync 1 DAGs
[2024-10-20T14:05:10.962+0000] {logging_mixin.py:190} INFO - [2024-10-20T14:05:10.961+0000] {dag.py:4180} INFO - Setting next_dagrun for example_nested_branch_dag to 2024-10-19 00:00:00+00:00, run_after=2024-10-20 00:00:00+00:00
[2024-10-20T14:05:10.978+0000] {processor.py:208} INFO - Processing /home/airflow/.local/lib/python3.12/site-packages/airflow/example_dags/example_nested_branch_dag.py took 0.073 seconds
[2024-10-20T14:06:41.627+0000] {processor.py:186} INFO - Started process (PID=91) to work on /home/airflow/.local/lib/python3.12/site-packages/airflow/example_dags/example_nested_branch_dag.py
[2024-10-20T14:06:41.628+0000] {processor.py:914} INFO - Processing file /home/airflow/.local/lib/python3.12/site-packages/airflow/example_dags/example_nested_branch_dag.py for tasks to queue
[2024-10-20T14:06:41.632+0000] {logging_mixin.py:190} INFO - [2024-10-20T14:06:41.631+0000] {dagbag.py:588} INFO - Filling up the DagBag from /home/airflow/.local/lib/python3.12/site-packages/airflow/example_dags/example_nested_branch_dag.py
[2024-10-20T14:06:41.642+0000] {processor.py:925} INFO - DAG(s) 'example_nested_branch_dag' retrieved from /home/airflow/.local/lib/python3.12/site-packages/airflow/example_dags/example_nested_branch_dag.py
[2024-10-20T14:06:41.665+0000] {logging_mixin.py:190} INFO - [2024-10-20T14:06:41.665+0000] {dag.py:3239} INFO - Sync 1 DAGs
[2024-10-20T14:06:41.687+0000] {logging_mixin.py:190} INFO - [2024-10-20T14:06:41.687+0000] {dag.py:4180} INFO - Setting next_dagrun for example_nested_branch_dag to 2024-10-19 00:00:00+00:00, run_after=2024-10-20 00:00:00+00:00
[2024-10-20T14:06:41.705+0000] {processor.py:208} INFO - Processing /home/airflow/.local/lib/python3.12/site-packages/airflow/example_dags/example_nested_branch_dag.py took 0.083 seconds
[2024-10-20T14:07:11.815+0000] {processor.py:186} INFO - Started process (PID=153) to work on /home/airflow/.local/lib/python3.12/site-packages/airflow/example_dags/example_nested_branch_dag.py
[2024-10-20T14:07:11.816+0000] {processor.py:914} INFO - Processing file /home/airflow/.local/lib/python3.12/site-packages/airflow/example_dags/example_nested_branch_dag.py for tasks to queue
[2024-10-20T14:07:11.819+0000] {logging_mixin.py:190} INFO - [2024-10-20T14:07:11.818+0000] {dagbag.py:588} INFO - Filling up the DagBag from /home/airflow/.local/lib/python3.12/site-packages/airflow/example_dags/example_nested_branch_dag.py
[2024-10-20T14:07:11.831+0000] {processor.py:925} INFO - DAG(s) 'example_nested_branch_dag' retrieved from /home/airflow/.local/lib/python3.12/site-packages/airflow/example_dags/example_nested_branch_dag.py
[2024-10-20T14:07:11.852+0000] {logging_mixin.py:190} INFO - [2024-10-20T14:07:11.851+0000] {dag.py:3239} INFO - Sync 1 DAGs
[2024-10-20T14:07:11.872+0000] {logging_mixin.py:190} INFO - [2024-10-20T14:07:11.872+0000] {dag.py:4180} INFO - Setting next_dagrun for example_nested_branch_dag to 2024-10-19 00:00:00+00:00, run_after=2024-10-20 00:00:00+00:00
[2024-10-20T14:07:11.890+0000] {processor.py:208} INFO - Processing /home/airflow/.local/lib/python3.12/site-packages/airflow/example_dags/example_nested_branch_dag.py took 0.081 seconds
[2024-10-20T14:07:42.067+0000] {processor.py:186} INFO - Started process (PID=216) to work on /home/airflow/.local/lib/python3.12/site-packages/airflow/example_dags/example_nested_branch_dag.py
[2024-10-20T14:07:42.069+0000] {processor.py:914} INFO - Processing file /home/airflow/.local/lib/python3.12/site-packages/airflow/example_dags/example_nested_branch_dag.py for tasks to queue
[2024-10-20T14:07:42.071+0000] {logging_mixin.py:190} INFO - [2024-10-20T14:07:42.071+0000] {dagbag.py:588} INFO - Filling up the DagBag from /home/airflow/.local/lib/python3.12/site-packages/airflow/example_dags/example_nested_branch_dag.py
[2024-10-20T14:07:42.083+0000] {processor.py:925} INFO - DAG(s) 'example_nested_branch_dag' retrieved from /home/airflow/.local/lib/python3.12/site-packages/airflow/example_dags/example_nested_branch_dag.py
[2024-10-20T14:07:42.104+0000] {logging_mixin.py:190} INFO - [2024-10-20T14:07:42.104+0000] {dag.py:3239} INFO - Sync 1 DAGs
[2024-10-20T14:07:42.127+0000] {logging_mixin.py:190} INFO - [2024-10-20T14:07:42.126+0000] {dag.py:4180} INFO - Setting next_dagrun for example_nested_branch_dag to 2024-10-19 00:00:00+00:00, run_after=2024-10-20 00:00:00+00:00
[2024-10-20T14:07:42.145+0000] {processor.py:208} INFO - Processing /home/airflow/.local/lib/python3.12/site-packages/airflow/example_dags/example_nested_branch_dag.py took 0.086 seconds
[2024-10-20T14:08:13.142+0000] {processor.py:186} INFO - Started process (PID=279) to work on /home/airflow/.local/lib/python3.12/site-packages/airflow/example_dags/example_nested_branch_dag.py
[2024-10-20T14:08:13.143+0000] {processor.py:914} INFO - Processing file /home/airflow/.local/lib/python3.12/site-packages/airflow/example_dags/example_nested_branch_dag.py for tasks to queue
[2024-10-20T14:08:13.145+0000] {logging_mixin.py:190} INFO - [2024-10-20T14:08:13.145+0000] {dagbag.py:588} INFO - Filling up the DagBag from /home/airflow/.local/lib/python3.12/site-packages/airflow/example_dags/example_nested_branch_dag.py
[2024-10-20T14:08:13.155+0000] {processor.py:925} INFO - DAG(s) 'example_nested_branch_dag' retrieved from /home/airflow/.local/lib/python3.12/site-packages/airflow/example_dags/example_nested_branch_dag.py
[2024-10-20T14:08:13.177+0000] {logging_mixin.py:190} INFO - [2024-10-20T14:08:13.177+0000] {dag.py:3239} INFO - Sync 1 DAGs
[2024-10-20T14:08:13.199+0000] {logging_mixin.py:190} INFO - [2024-10-20T14:08:13.198+0000] {dag.py:4180} INFO - Setting next_dagrun for example_nested_branch_dag to 2024-10-19 00:00:00+00:00, run_after=2024-10-20 00:00:00+00:00
[2024-10-20T14:08:13.214+0000] {processor.py:208} INFO - Processing /home/airflow/.local/lib/python3.12/site-packages/airflow/example_dags/example_nested_branch_dag.py took 0.077 seconds
[2024-10-20T14:08:44.080+0000] {processor.py:186} INFO - Started process (PID=343) to work on /home/airflow/.local/lib/python3.12/site-packages/airflow/example_dags/example_nested_branch_dag.py
[2024-10-20T14:08:44.081+0000] {processor.py:914} INFO - Processing file /home/airflow/.local/lib/python3.12/site-packages/airflow/example_dags/example_nested_branch_dag.py for tasks to queue
[2024-10-20T14:08:44.083+0000] {logging_mixin.py:190} INFO - [2024-10-20T14:08:44.083+0000] {dagbag.py:588} INFO - Filling up the DagBag from /home/airflow/.local/lib/python3.12/site-packages/airflow/example_dags/example_nested_branch_dag.py
[2024-10-20T14:08:44.094+0000] {processor.py:925} INFO - DAG(s) 'example_nested_branch_dag' retrieved from /home/airflow/.local/lib/python3.12/site-packages/airflow/example_dags/example_nested_branch_dag.py
[2024-10-20T14:08:44.113+0000] {logging_mixin.py:190} INFO - [2024-10-20T14:08:44.113+0000] {dag.py:3239} INFO - Sync 1 DAGs
[2024-10-20T14:08:44.135+0000] {logging_mixin.py:190} INFO - [2024-10-20T14:08:44.134+0000] {dag.py:4180} INFO - Setting next_dagrun for example_nested_branch_dag to 2024-10-19 00:00:00+00:00, run_after=2024-10-20 00:00:00+00:00
[2024-10-20T14:08:44.158+0000] {processor.py:208} INFO - Processing /home/airflow/.local/lib/python3.12/site-packages/airflow/example_dags/example_nested_branch_dag.py took 0.085 seconds
[2024-10-20T14:09:14.825+0000] {processor.py:186} INFO - Started process (PID=406) to work on /home/airflow/.local/lib/python3.12/site-packages/airflow/example_dags/example_nested_branch_dag.py
[2024-10-20T14:09:14.826+0000] {processor.py:914} INFO - Processing file /home/airflow/.local/lib/python3.12/site-packages/airflow/example_dags/example_nested_branch_dag.py for tasks to queue
[2024-10-20T14:09:14.829+0000] {logging_mixin.py:190} INFO - [2024-10-20T14:09:14.828+0000] {dagbag.py:588} INFO - Filling up the DagBag from /home/airflow/.local/lib/python3.12/site-packages/airflow/example_dags/example_nested_branch_dag.py
[2024-10-20T14:09:14.838+0000] {processor.py:925} INFO - DAG(s) 'example_nested_branch_dag' retrieved from /home/airflow/.local/lib/python3.12/site-packages/airflow/example_dags/example_nested_branch_dag.py
[2024-10-20T14:09:14.859+0000] {logging_mixin.py:190} INFO - [2024-10-20T14:09:14.859+0000] {dag.py:3239} INFO - Sync 1 DAGs
[2024-10-20T14:09:14.882+0000] {logging_mixin.py:190} INFO - [2024-10-20T14:09:14.881+0000] {dag.py:4180} INFO - Setting next_dagrun for example_nested_branch_dag to 2024-10-19 00:00:00+00:00, run_after=2024-10-20 00:00:00+00:00
[2024-10-20T14:09:14.899+0000] {processor.py:208} INFO - Processing /home/airflow/.local/lib/python3.12/site-packages/airflow/example_dags/example_nested_branch_dag.py took 0.080 seconds
[2024-10-20T14:09:45.999+0000] {processor.py:186} INFO - Started process (PID=469) to work on /home/airflow/.local/lib/python3.12/site-packages/airflow/example_dags/example_nested_branch_dag.py
[2024-10-20T14:09:46.000+0000] {processor.py:914} INFO - Processing file /home/airflow/.local/lib/python3.12/site-packages/airflow/example_dags/example_nested_branch_dag.py for tasks to queue
[2024-10-20T14:09:46.002+0000] {logging_mixin.py:190} INFO - [2024-10-20T14:09:46.002+0000] {dagbag.py:588} INFO - Filling up the DagBag from /home/airflow/.local/lib/python3.12/site-packages/airflow/example_dags/example_nested_branch_dag.py
[2024-10-20T14:09:46.012+0000] {processor.py:925} INFO - DAG(s) 'example_nested_branch_dag' retrieved from /home/airflow/.local/lib/python3.12/site-packages/airflow/example_dags/example_nested_branch_dag.py
[2024-10-20T14:09:46.032+0000] {logging_mixin.py:190} INFO - [2024-10-20T14:09:46.032+0000] {dag.py:3239} INFO - Sync 1 DAGs
[2024-10-20T14:09:46.053+0000] {logging_mixin.py:190} INFO - [2024-10-20T14:09:46.053+0000] {dag.py:4180} INFO - Setting next_dagrun for example_nested_branch_dag to 2024-10-19 00:00:00+00:00, run_after=2024-10-20 00:00:00+00:00
[2024-10-20T14:09:46.071+0000] {processor.py:208} INFO - Processing /home/airflow/.local/lib/python3.12/site-packages/airflow/example_dags/example_nested_branch_dag.py took 0.076 seconds
[2024-10-20T14:10:16.986+0000] {processor.py:186} INFO - Started process (PID=532) to work on /home/airflow/.local/lib/python3.12/site-packages/airflow/example_dags/example_nested_branch_dag.py
[2024-10-20T14:10:16.987+0000] {processor.py:914} INFO - Processing file /home/airflow/.local/lib/python3.12/site-packages/airflow/example_dags/example_nested_branch_dag.py for tasks to queue
[2024-10-20T14:10:16.990+0000] {logging_mixin.py:190} INFO - [2024-10-20T14:10:16.989+0000] {dagbag.py:588} INFO - Filling up the DagBag from /home/airflow/.local/lib/python3.12/site-packages/airflow/example_dags/example_nested_branch_dag.py
[2024-10-20T14:10:17.002+0000] {processor.py:925} INFO - DAG(s) 'example_nested_branch_dag' retrieved from /home/airflow/.local/lib/python3.12/site-packages/airflow/example_dags/example_nested_branch_dag.py
[2024-10-20T14:10:17.022+0000] {logging_mixin.py:190} INFO - [2024-10-20T14:10:17.021+0000] {dag.py:3239} INFO - Sync 1 DAGs
[2024-10-20T14:10:17.043+0000] {logging_mixin.py:190} INFO - [2024-10-20T14:10:17.042+0000] {dag.py:4180} INFO - Setting next_dagrun for example_nested_branch_dag to 2024-10-19 00:00:00+00:00, run_after=2024-10-20 00:00:00+00:00
[2024-10-20T14:10:17.060+0000] {processor.py:208} INFO - Processing /home/airflow/.local/lib/python3.12/site-packages/airflow/example_dags/example_nested_branch_dag.py took 0.079 seconds
[2024-10-20T14:10:47.693+0000] {processor.py:186} INFO - Started process (PID=595) to work on /home/airflow/.local/lib/python3.12/site-packages/airflow/example_dags/example_nested_branch_dag.py
[2024-10-20T14:10:47.694+0000] {processor.py:914} INFO - Processing file /home/airflow/.local/lib/python3.12/site-packages/airflow/example_dags/example_nested_branch_dag.py for tasks to queue
[2024-10-20T14:10:47.698+0000] {logging_mixin.py:190} INFO - [2024-10-20T14:10:47.697+0000] {dagbag.py:588} INFO - Filling up the DagBag from /home/airflow/.local/lib/python3.12/site-packages/airflow/example_dags/example_nested_branch_dag.py
[2024-10-20T14:10:47.706+0000] {processor.py:925} INFO - DAG(s) 'example_nested_branch_dag' retrieved from /home/airflow/.local/lib/python3.12/site-packages/airflow/example_dags/example_nested_branch_dag.py
[2024-10-20T14:10:47.726+0000] {logging_mixin.py:190} INFO - [2024-10-20T14:10:47.726+0000] {dag.py:3239} INFO - Sync 1 DAGs
[2024-10-20T14:10:47.748+0000] {logging_mixin.py:190} INFO - [2024-10-20T14:10:47.748+0000] {dag.py:4180} INFO - Setting next_dagrun for example_nested_branch_dag to 2024-10-19 00:00:00+00:00, run_after=2024-10-20 00:00:00+00:00
[2024-10-20T14:10:47.766+0000] {processor.py:208} INFO - Processing /home/airflow/.local/lib/python3.12/site-packages/airflow/example_dags/example_nested_branch_dag.py took 0.079 seconds
[2024-10-20T14:11:18.987+0000] {processor.py:186} INFO - Started process (PID=658) to work on /home/airflow/.local/lib/python3.12/site-packages/airflow/example_dags/example_nested_branch_dag.py
[2024-10-20T14:11:18.988+0000] {processor.py:914} INFO - Processing file /home/airflow/.local/lib/python3.12/site-packages/airflow/example_dags/example_nested_branch_dag.py for tasks to queue
[2024-10-20T14:11:18.990+0000] {logging_mixin.py:190} INFO - [2024-10-20T14:11:18.990+0000] {dagbag.py:588} INFO - Filling up the DagBag from /home/airflow/.local/lib/python3.12/site-packages/airflow/example_dags/example_nested_branch_dag.py
[2024-10-20T14:11:19.001+0000] {processor.py:925} INFO - DAG(s) 'example_nested_branch_dag' retrieved from /home/airflow/.local/lib/python3.12/site-packages/airflow/example_dags/example_nested_branch_dag.py
[2024-10-20T14:11:19.024+0000] {logging_mixin.py:190} INFO - [2024-10-20T14:11:19.024+0000] {dag.py:3239} INFO - Sync 1 DAGs
[2024-10-20T14:11:19.044+0000] {logging_mixin.py:190} INFO - [2024-10-20T14:11:19.044+0000] {dag.py:4180} INFO - Setting next_dagrun for example_nested_branch_dag to 2024-10-19 00:00:00+00:00, run_after=2024-10-20 00:00:00+00:00
[2024-10-20T14:11:19.067+0000] {processor.py:208} INFO - Processing /home/airflow/.local/lib/python3.12/site-packages/airflow/example_dags/example_nested_branch_dag.py took 0.085 seconds
[2024-10-20T14:11:49.837+0000] {processor.py:186} INFO - Started process (PID=720) to work on /home/airflow/.local/lib/python3.12/site-packages/airflow/example_dags/example_nested_branch_dag.py
[2024-10-20T14:11:49.838+0000] {processor.py:914} INFO - Processing file /home/airflow/.local/lib/python3.12/site-packages/airflow/example_dags/example_nested_branch_dag.py for tasks to queue
[2024-10-20T14:11:49.841+0000] {logging_mixin.py:190} INFO - [2024-10-20T14:11:49.841+0000] {dagbag.py:588} INFO - Filling up the DagBag from /home/airflow/.local/lib/python3.12/site-packages/airflow/example_dags/example_nested_branch_dag.py
[2024-10-20T14:11:49.850+0000] {processor.py:925} INFO - DAG(s) 'example_nested_branch_dag' retrieved from /home/airflow/.local/lib/python3.12/site-packages/airflow/example_dags/example_nested_branch_dag.py
[2024-10-20T14:11:49.871+0000] {logging_mixin.py:190} INFO - [2024-10-20T14:11:49.871+0000] {dag.py:3239} INFO - Sync 1 DAGs
[2024-10-20T14:11:49.892+0000] {logging_mixin.py:190} INFO - [2024-10-20T14:11:49.892+0000] {dag.py:4180} INFO - Setting next_dagrun for example_nested_branch_dag to 2024-10-19 00:00:00+00:00, run_after=2024-10-20 00:00:00+00:00
[2024-10-20T14:11:49.915+0000] {processor.py:208} INFO - Processing /home/airflow/.local/lib/python3.12/site-packages/airflow/example_dags/example_nested_branch_dag.py took 0.084 seconds
[2024-10-20T14:12:20.689+0000] {processor.py:186} INFO - Started process (PID=783) to work on /home/airflow/.local/lib/python3.12/site-packages/airflow/example_dags/example_nested_branch_dag.py
[2024-10-20T14:12:20.690+0000] {processor.py:914} INFO - Processing file /home/airflow/.local/lib/python3.12/site-packages/airflow/example_dags/example_nested_branch_dag.py for tasks to queue
[2024-10-20T14:12:20.692+0000] {logging_mixin.py:190} INFO - [2024-10-20T14:12:20.692+0000] {dagbag.py:588} INFO - Filling up the DagBag from /home/airflow/.local/lib/python3.12/site-packages/airflow/example_dags/example_nested_branch_dag.py
[2024-10-20T14:12:20.703+0000] {processor.py:925} INFO - DAG(s) 'example_nested_branch_dag' retrieved from /home/airflow/.local/lib/python3.12/site-packages/airflow/example_dags/example_nested_branch_dag.py
[2024-10-20T14:12:20.727+0000] {logging_mixin.py:190} INFO - [2024-10-20T14:12:20.727+0000] {dag.py:3239} INFO - Sync 1 DAGs
[2024-10-20T14:12:20.750+0000] {logging_mixin.py:190} INFO - [2024-10-20T14:12:20.750+0000] {dag.py:4180} INFO - Setting next_dagrun for example_nested_branch_dag to 2024-10-19 00:00:00+00:00, run_after=2024-10-20 00:00:00+00:00
[2024-10-20T14:12:20.769+0000] {processor.py:208} INFO - Processing /home/airflow/.local/lib/python3.12/site-packages/airflow/example_dags/example_nested_branch_dag.py took 0.086 seconds
[2024-10-20T14:12:51.590+0000] {processor.py:186} INFO - Started process (PID=846) to work on /home/airflow/.local/lib/python3.12/site-packages/airflow/example_dags/example_nested_branch_dag.py
[2024-10-20T14:12:51.593+0000] {processor.py:914} INFO - Processing file /home/airflow/.local/lib/python3.12/site-packages/airflow/example_dags/example_nested_branch_dag.py for tasks to queue
[2024-10-20T14:12:51.595+0000] {logging_mixin.py:190} INFO - [2024-10-20T14:12:51.595+0000] {dagbag.py:588} INFO - Filling up the DagBag from /home/airflow/.local/lib/python3.12/site-packages/airflow/example_dags/example_nested_branch_dag.py
[2024-10-20T14:12:51.606+0000] {processor.py:925} INFO - DAG(s) 'example_nested_branch_dag' retrieved from /home/airflow/.local/lib/python3.12/site-packages/airflow/example_dags/example_nested_branch_dag.py
[2024-10-20T14:12:51.627+0000] {logging_mixin.py:190} INFO - [2024-10-20T14:12:51.627+0000] {dag.py:3239} INFO - Sync 1 DAGs
[2024-10-20T14:12:51.647+0000] {logging_mixin.py:190} INFO - [2024-10-20T14:12:51.646+0000] {dag.py:4180} INFO - Setting next_dagrun for example_nested_branch_dag to 2024-10-19 00:00:00+00:00, run_after=2024-10-20 00:00:00+00:00
[2024-10-20T14:12:51.664+0000] {processor.py:208} INFO - Processing /home/airflow/.local/lib/python3.12/site-packages/airflow/example_dags/example_nested_branch_dag.py took 0.080 seconds
[2024-10-20T14:13:21.861+0000] {processor.py:186} INFO - Started process (PID=909) to work on /home/airflow/.local/lib/python3.12/site-packages/airflow/example_dags/example_nested_branch_dag.py
[2024-10-20T14:13:21.862+0000] {processor.py:914} INFO - Processing file /home/airflow/.local/lib/python3.12/site-packages/airflow/example_dags/example_nested_branch_dag.py for tasks to queue
[2024-10-20T14:13:21.864+0000] {logging_mixin.py:190} INFO - [2024-10-20T14:13:21.864+0000] {dagbag.py:588} INFO - Filling up the DagBag from /home/airflow/.local/lib/python3.12/site-packages/airflow/example_dags/example_nested_branch_dag.py
[2024-10-20T14:13:21.876+0000] {processor.py:925} INFO - DAG(s) 'example_nested_branch_dag' retrieved from /home/airflow/.local/lib/python3.12/site-packages/airflow/example_dags/example_nested_branch_dag.py
[2024-10-20T14:13:21.898+0000] {logging_mixin.py:190} INFO - [2024-10-20T14:13:21.898+0000] {dag.py:3239} INFO - Sync 1 DAGs
[2024-10-20T14:13:21.925+0000] {logging_mixin.py:190} INFO - [2024-10-20T14:13:21.925+0000] {dag.py:4180} INFO - Setting next_dagrun for example_nested_branch_dag to 2024-10-19 00:00:00+00:00, run_after=2024-10-20 00:00:00+00:00
[2024-10-20T14:13:21.943+0000] {processor.py:208} INFO - Processing /home/airflow/.local/lib/python3.12/site-packages/airflow/example_dags/example_nested_branch_dag.py took 0.086 seconds
[2024-10-20T14:13:52.165+0000] {processor.py:186} INFO - Started process (PID=972) to work on /home/airflow/.local/lib/python3.12/site-packages/airflow/example_dags/example_nested_branch_dag.py
[2024-10-20T14:13:52.166+0000] {processor.py:914} INFO - Processing file /home/airflow/.local/lib/python3.12/site-packages/airflow/example_dags/example_nested_branch_dag.py for tasks to queue
[2024-10-20T14:13:52.169+0000] {logging_mixin.py:190} INFO - [2024-10-20T14:13:52.169+0000] {dagbag.py:588} INFO - Filling up the DagBag from /home/airflow/.local/lib/python3.12/site-packages/airflow/example_dags/example_nested_branch_dag.py
[2024-10-20T14:13:52.181+0000] {processor.py:925} INFO - DAG(s) 'example_nested_branch_dag' retrieved from /home/airflow/.local/lib/python3.12/site-packages/airflow/example_dags/example_nested_branch_dag.py
[2024-10-20T14:13:52.205+0000] {logging_mixin.py:190} INFO - [2024-10-20T14:13:52.205+0000] {dag.py:3239} INFO - Sync 1 DAGs
[2024-10-20T14:13:52.234+0000] {logging_mixin.py:190} INFO - [2024-10-20T14:13:52.234+0000] {dag.py:4180} INFO - Setting next_dagrun for example_nested_branch_dag to 2024-10-19 00:00:00+00:00, run_after=2024-10-20 00:00:00+00:00
[2024-10-20T14:13:52.252+0000] {processor.py:208} INFO - Processing /home/airflow/.local/lib/python3.12/site-packages/airflow/example_dags/example_nested_branch_dag.py took 0.092 seconds
[2024-10-20T14:14:22.503+0000] {processor.py:186} INFO - Started process (PID=1035) to work on /home/airflow/.local/lib/python3.12/site-packages/airflow/example_dags/example_nested_branch_dag.py
[2024-10-20T14:14:22.504+0000] {processor.py:914} INFO - Processing file /home/airflow/.local/lib/python3.12/site-packages/airflow/example_dags/example_nested_branch_dag.py for tasks to queue
[2024-10-20T14:14:22.507+0000] {logging_mixin.py:190} INFO - [2024-10-20T14:14:22.507+0000] {dagbag.py:588} INFO - Filling up the DagBag from /home/airflow/.local/lib/python3.12/site-packages/airflow/example_dags/example_nested_branch_dag.py
[2024-10-20T14:14:22.518+0000] {processor.py:925} INFO - DAG(s) 'example_nested_branch_dag' retrieved from /home/airflow/.local/lib/python3.12/site-packages/airflow/example_dags/example_nested_branch_dag.py
[2024-10-20T14:14:22.540+0000] {logging_mixin.py:190} INFO - [2024-10-20T14:14:22.539+0000] {dag.py:3239} INFO - Sync 1 DAGs
[2024-10-20T14:14:22.561+0000] {logging_mixin.py:190} INFO - [2024-10-20T14:14:22.561+0000] {dag.py:4180} INFO - Setting next_dagrun for example_nested_branch_dag to 2024-10-19 00:00:00+00:00, run_after=2024-10-20 00:00:00+00:00
[2024-10-20T14:14:22.580+0000] {processor.py:208} INFO - Processing /home/airflow/.local/lib/python3.12/site-packages/airflow/example_dags/example_nested_branch_dag.py took 0.082 seconds
[2024-10-20T14:14:53.515+0000] {processor.py:186} INFO - Started process (PID=1098) to work on /home/airflow/.local/lib/python3.12/site-packages/airflow/example_dags/example_nested_branch_dag.py
[2024-10-20T14:14:53.516+0000] {processor.py:914} INFO - Processing file /home/airflow/.local/lib/python3.12/site-packages/airflow/example_dags/example_nested_branch_dag.py for tasks to queue
[2024-10-20T14:14:53.519+0000] {logging_mixin.py:190} INFO - [2024-10-20T14:14:53.518+0000] {dagbag.py:588} INFO - Filling up the DagBag from /home/airflow/.local/lib/python3.12/site-packages/airflow/example_dags/example_nested_branch_dag.py
[2024-10-20T14:14:53.533+0000] {processor.py:925} INFO - DAG(s) 'example_nested_branch_dag' retrieved from /home/airflow/.local/lib/python3.12/site-packages/airflow/example_dags/example_nested_branch_dag.py
[2024-10-20T14:14:53.553+0000] {logging_mixin.py:190} INFO - [2024-10-20T14:14:53.552+0000] {dag.py:3239} INFO - Sync 1 DAGs
[2024-10-20T14:14:53.573+0000] {logging_mixin.py:190} INFO - [2024-10-20T14:14:53.573+0000] {dag.py:4180} INFO - Setting next_dagrun for example_nested_branch_dag to 2024-10-19 00:00:00+00:00, run_after=2024-10-20 00:00:00+00:00
[2024-10-20T14:14:53.587+0000] {processor.py:208} INFO - Processing /home/airflow/.local/lib/python3.12/site-packages/airflow/example_dags/example_nested_branch_dag.py took 0.077 seconds
[2024-10-20T14:15:24.035+0000] {processor.py:186} INFO - Started process (PID=1161) to work on /home/airflow/.local/lib/python3.12/site-packages/airflow/example_dags/example_nested_branch_dag.py
[2024-10-20T14:15:24.036+0000] {processor.py:914} INFO - Processing file /home/airflow/.local/lib/python3.12/site-packages/airflow/example_dags/example_nested_branch_dag.py for tasks to queue
[2024-10-20T14:15:24.038+0000] {logging_mixin.py:190} INFO - [2024-10-20T14:15:24.038+0000] {dagbag.py:588} INFO - Filling up the DagBag from /home/airflow/.local/lib/python3.12/site-packages/airflow/example_dags/example_nested_branch_dag.py
[2024-10-20T14:15:24.050+0000] {processor.py:925} INFO - DAG(s) 'example_nested_branch_dag' retrieved from /home/airflow/.local/lib/python3.12/site-packages/airflow/example_dags/example_nested_branch_dag.py
[2024-10-20T14:15:24.071+0000] {logging_mixin.py:190} INFO - [2024-10-20T14:15:24.071+0000] {dag.py:3239} INFO - Sync 1 DAGs
[2024-10-20T14:15:24.096+0000] {logging_mixin.py:190} INFO - [2024-10-20T14:15:24.095+0000] {dag.py:4180} INFO - Setting next_dagrun for example_nested_branch_dag to 2024-10-19 00:00:00+00:00, run_after=2024-10-20 00:00:00+00:00
[2024-10-20T14:15:24.114+0000] {processor.py:208} INFO - Processing /home/airflow/.local/lib/python3.12/site-packages/airflow/example_dags/example_nested_branch_dag.py took 0.085 seconds
[2024-10-20T14:15:54.964+0000] {processor.py:186} INFO - Started process (PID=1225) to work on /home/airflow/.local/lib/python3.12/site-packages/airflow/example_dags/example_nested_branch_dag.py
[2024-10-20T14:15:54.965+0000] {processor.py:914} INFO - Processing file /home/airflow/.local/lib/python3.12/site-packages/airflow/example_dags/example_nested_branch_dag.py for tasks to queue
[2024-10-20T14:15:54.968+0000] {logging_mixin.py:190} INFO - [2024-10-20T14:15:54.967+0000] {dagbag.py:588} INFO - Filling up the DagBag from /home/airflow/.local/lib/python3.12/site-packages/airflow/example_dags/example_nested_branch_dag.py
[2024-10-20T14:15:54.977+0000] {processor.py:925} INFO - DAG(s) 'example_nested_branch_dag' retrieved from /home/airflow/.local/lib/python3.12/site-packages/airflow/example_dags/example_nested_branch_dag.py
[2024-10-20T14:15:55.000+0000] {logging_mixin.py:190} INFO - [2024-10-20T14:15:55.000+0000] {dag.py:3239} INFO - Sync 1 DAGs
[2024-10-20T14:15:55.026+0000] {logging_mixin.py:190} INFO - [2024-10-20T14:15:55.026+0000] {dag.py:4180} INFO - Setting next_dagrun for example_nested_branch_dag to 2024-10-19 00:00:00+00:00, run_after=2024-10-20 00:00:00+00:00
[2024-10-20T14:15:55.045+0000] {processor.py:208} INFO - Processing /home/airflow/.local/lib/python3.12/site-packages/airflow/example_dags/example_nested_branch_dag.py took 0.087 seconds
[2024-10-20T14:16:25.460+0000] {processor.py:186} INFO - Started process (PID=1288) to work on /home/airflow/.local/lib/python3.12/site-packages/airflow/example_dags/example_nested_branch_dag.py
[2024-10-20T14:16:25.461+0000] {processor.py:914} INFO - Processing file /home/airflow/.local/lib/python3.12/site-packages/airflow/example_dags/example_nested_branch_dag.py for tasks to queue
[2024-10-20T14:16:25.464+0000] {logging_mixin.py:190} INFO - [2024-10-20T14:16:25.463+0000] {dagbag.py:588} INFO - Filling up the DagBag from /home/airflow/.local/lib/python3.12/site-packages/airflow/example_dags/example_nested_branch_dag.py
[2024-10-20T14:16:25.478+0000] {processor.py:925} INFO - DAG(s) 'example_nested_branch_dag' retrieved from /home/airflow/.local/lib/python3.12/site-packages/airflow/example_dags/example_nested_branch_dag.py
[2024-10-20T14:16:25.501+0000] {logging_mixin.py:190} INFO - [2024-10-20T14:16:25.501+0000] {dag.py:3239} INFO - Sync 1 DAGs
[2024-10-20T14:16:25.524+0000] {logging_mixin.py:190} INFO - [2024-10-20T14:16:25.523+0000] {dag.py:4180} INFO - Setting next_dagrun for example_nested_branch_dag to 2024-10-19 00:00:00+00:00, run_after=2024-10-20 00:00:00+00:00
[2024-10-20T14:16:25.551+0000] {processor.py:208} INFO - Processing /home/airflow/.local/lib/python3.12/site-packages/airflow/example_dags/example_nested_branch_dag.py took 0.098 seconds
[2024-10-20T14:16:55.620+0000] {processor.py:186} INFO - Started process (PID=1352) to work on /home/airflow/.local/lib/python3.12/site-packages/airflow/example_dags/example_nested_branch_dag.py
[2024-10-20T14:16:55.620+0000] {processor.py:914} INFO - Processing file /home/airflow/.local/lib/python3.12/site-packages/airflow/example_dags/example_nested_branch_dag.py for tasks to queue
[2024-10-20T14:16:55.622+0000] {logging_mixin.py:190} INFO - [2024-10-20T14:16:55.622+0000] {dagbag.py:588} INFO - Filling up the DagBag from /home/airflow/.local/lib/python3.12/site-packages/airflow/example_dags/example_nested_branch_dag.py
[2024-10-20T14:16:55.632+0000] {processor.py:925} INFO - DAG(s) 'example_nested_branch_dag' retrieved from /home/airflow/.local/lib/python3.12/site-packages/airflow/example_dags/example_nested_branch_dag.py
[2024-10-20T14:16:55.651+0000] {logging_mixin.py:190} INFO - [2024-10-20T14:16:55.651+0000] {dag.py:3239} INFO - Sync 1 DAGs
[2024-10-20T14:16:55.672+0000] {logging_mixin.py:190} INFO - [2024-10-20T14:16:55.672+0000] {dag.py:4180} INFO - Setting next_dagrun for example_nested_branch_dag to 2024-10-19 00:00:00+00:00, run_after=2024-10-20 00:00:00+00:00
[2024-10-20T14:16:55.688+0000] {processor.py:208} INFO - Processing /home/airflow/.local/lib/python3.12/site-packages/airflow/example_dags/example_nested_branch_dag.py took 0.075 seconds
[2024-10-20T14:17:26.437+0000] {processor.py:186} INFO - Started process (PID=1415) to work on /home/airflow/.local/lib/python3.12/site-packages/airflow/example_dags/example_nested_branch_dag.py
[2024-10-20T14:17:26.438+0000] {processor.py:914} INFO - Processing file /home/airflow/.local/lib/python3.12/site-packages/airflow/example_dags/example_nested_branch_dag.py for tasks to queue
[2024-10-20T14:17:26.440+0000] {logging_mixin.py:190} INFO - [2024-10-20T14:17:26.439+0000] {dagbag.py:588} INFO - Filling up the DagBag from /home/airflow/.local/lib/python3.12/site-packages/airflow/example_dags/example_nested_branch_dag.py
[2024-10-20T14:17:26.450+0000] {processor.py:925} INFO - DAG(s) 'example_nested_branch_dag' retrieved from /home/airflow/.local/lib/python3.12/site-packages/airflow/example_dags/example_nested_branch_dag.py
[2024-10-20T14:17:26.469+0000] {logging_mixin.py:190} INFO - [2024-10-20T14:17:26.469+0000] {dag.py:3239} INFO - Sync 1 DAGs
[2024-10-20T14:17:26.491+0000] {logging_mixin.py:190} INFO - [2024-10-20T14:17:26.491+0000] {dag.py:4180} INFO - Setting next_dagrun for example_nested_branch_dag to 2024-10-19 00:00:00+00:00, run_after=2024-10-20 00:00:00+00:00
[2024-10-20T14:17:26.509+0000] {processor.py:208} INFO - Processing /home/airflow/.local/lib/python3.12/site-packages/airflow/example_dags/example_nested_branch_dag.py took 0.078 seconds
[2024-10-20T14:17:57.290+0000] {processor.py:186} INFO - Started process (PID=1480) to work on /home/airflow/.local/lib/python3.12/site-packages/airflow/example_dags/example_nested_branch_dag.py
[2024-10-20T14:17:57.291+0000] {processor.py:914} INFO - Processing file /home/airflow/.local/lib/python3.12/site-packages/airflow/example_dags/example_nested_branch_dag.py for tasks to queue
[2024-10-20T14:17:57.293+0000] {logging_mixin.py:190} INFO - [2024-10-20T14:17:57.293+0000] {dagbag.py:588} INFO - Filling up the DagBag from /home/airflow/.local/lib/python3.12/site-packages/airflow/example_dags/example_nested_branch_dag.py
[2024-10-20T14:17:57.303+0000] {processor.py:925} INFO - DAG(s) 'example_nested_branch_dag' retrieved from /home/airflow/.local/lib/python3.12/site-packages/airflow/example_dags/example_nested_branch_dag.py
[2024-10-20T14:17:57.325+0000] {logging_mixin.py:190} INFO - [2024-10-20T14:17:57.325+0000] {dag.py:3239} INFO - Sync 1 DAGs
[2024-10-20T14:17:57.346+0000] {logging_mixin.py:190} INFO - [2024-10-20T14:17:57.346+0000] {dag.py:4180} INFO - Setting next_dagrun for example_nested_branch_dag to 2024-10-19 00:00:00+00:00, run_after=2024-10-20 00:00:00+00:00
[2024-10-20T14:17:57.364+0000] {processor.py:208} INFO - Processing /home/airflow/.local/lib/python3.12/site-packages/airflow/example_dags/example_nested_branch_dag.py took 0.082 seconds
[2024-10-20T14:18:28.003+0000] {processor.py:186} INFO - Started process (PID=1545) to work on /home/airflow/.local/lib/python3.12/site-packages/airflow/example_dags/example_nested_branch_dag.py
[2024-10-20T14:18:28.004+0000] {processor.py:914} INFO - Processing file /home/airflow/.local/lib/python3.12/site-packages/airflow/example_dags/example_nested_branch_dag.py for tasks to queue
[2024-10-20T14:18:28.007+0000] {logging_mixin.py:190} INFO - [2024-10-20T14:18:28.006+0000] {dagbag.py:588} INFO - Filling up the DagBag from /home/airflow/.local/lib/python3.12/site-packages/airflow/example_dags/example_nested_branch_dag.py
[2024-10-20T14:18:28.016+0000] {processor.py:925} INFO - DAG(s) 'example_nested_branch_dag' retrieved from /home/airflow/.local/lib/python3.12/site-packages/airflow/example_dags/example_nested_branch_dag.py
[2024-10-20T14:18:28.035+0000] {logging_mixin.py:190} INFO - [2024-10-20T14:18:28.035+0000] {dag.py:3239} INFO - Sync 1 DAGs
[2024-10-20T14:18:28.060+0000] {logging_mixin.py:190} INFO - [2024-10-20T14:18:28.060+0000] {dag.py:4180} INFO - Setting next_dagrun for example_nested_branch_dag to 2024-10-19 00:00:00+00:00, run_after=2024-10-20 00:00:00+00:00
[2024-10-20T14:18:28.079+0000] {processor.py:208} INFO - Processing /home/airflow/.local/lib/python3.12/site-packages/airflow/example_dags/example_nested_branch_dag.py took 0.081 seconds
[2024-10-20T14:18:58.834+0000] {processor.py:186} INFO - Started process (PID=1609) to work on /home/airflow/.local/lib/python3.12/site-packages/airflow/example_dags/example_nested_branch_dag.py
[2024-10-20T14:18:58.834+0000] {processor.py:914} INFO - Processing file /home/airflow/.local/lib/python3.12/site-packages/airflow/example_dags/example_nested_branch_dag.py for tasks to queue
[2024-10-20T14:18:58.836+0000] {logging_mixin.py:190} INFO - [2024-10-20T14:18:58.836+0000] {dagbag.py:588} INFO - Filling up the DagBag from /home/airflow/.local/lib/python3.12/site-packages/airflow/example_dags/example_nested_branch_dag.py
[2024-10-20T14:18:58.846+0000] {processor.py:925} INFO - DAG(s) 'example_nested_branch_dag' retrieved from /home/airflow/.local/lib/python3.12/site-packages/airflow/example_dags/example_nested_branch_dag.py
[2024-10-20T14:18:58.868+0000] {logging_mixin.py:190} INFO - [2024-10-20T14:18:58.867+0000] {dag.py:3239} INFO - Sync 1 DAGs
[2024-10-20T14:18:58.889+0000] {logging_mixin.py:190} INFO - [2024-10-20T14:18:58.889+0000] {dag.py:4180} INFO - Setting next_dagrun for example_nested_branch_dag to 2024-10-19 00:00:00+00:00, run_after=2024-10-20 00:00:00+00:00
[2024-10-20T14:18:58.906+0000] {processor.py:208} INFO - Processing /home/airflow/.local/lib/python3.12/site-packages/airflow/example_dags/example_nested_branch_dag.py took 0.077 seconds
[2024-10-20T14:19:29.975+0000] {processor.py:186} INFO - Started process (PID=1673) to work on /home/airflow/.local/lib/python3.12/site-packages/airflow/example_dags/example_nested_branch_dag.py
[2024-10-20T14:19:29.976+0000] {processor.py:914} INFO - Processing file /home/airflow/.local/lib/python3.12/site-packages/airflow/example_dags/example_nested_branch_dag.py for tasks to queue
[2024-10-20T14:19:29.978+0000] {logging_mixin.py:190} INFO - [2024-10-20T14:19:29.978+0000] {dagbag.py:588} INFO - Filling up the DagBag from /home/airflow/.local/lib/python3.12/site-packages/airflow/example_dags/example_nested_branch_dag.py
[2024-10-20T14:19:29.988+0000] {processor.py:925} INFO - DAG(s) 'example_nested_branch_dag' retrieved from /home/airflow/.local/lib/python3.12/site-packages/airflow/example_dags/example_nested_branch_dag.py
[2024-10-20T14:19:30.008+0000] {logging_mixin.py:190} INFO - [2024-10-20T14:19:30.008+0000] {dag.py:3239} INFO - Sync 1 DAGs
[2024-10-20T14:19:30.030+0000] {logging_mixin.py:190} INFO - [2024-10-20T14:19:30.030+0000] {dag.py:4180} INFO - Setting next_dagrun for example_nested_branch_dag to 2024-10-19 00:00:00+00:00, run_after=2024-10-20 00:00:00+00:00
[2024-10-20T14:19:30.049+0000] {processor.py:208} INFO - Processing /home/airflow/.local/lib/python3.12/site-packages/airflow/example_dags/example_nested_branch_dag.py took 0.080 seconds
[2024-10-20T14:20:00.740+0000] {processor.py:186} INFO - Started process (PID=1737) to work on /home/airflow/.local/lib/python3.12/site-packages/airflow/example_dags/example_nested_branch_dag.py
[2024-10-20T14:20:00.741+0000] {processor.py:914} INFO - Processing file /home/airflow/.local/lib/python3.12/site-packages/airflow/example_dags/example_nested_branch_dag.py for tasks to queue
[2024-10-20T14:20:00.743+0000] {logging_mixin.py:190} INFO - [2024-10-20T14:20:00.743+0000] {dagbag.py:588} INFO - Filling up the DagBag from /home/airflow/.local/lib/python3.12/site-packages/airflow/example_dags/example_nested_branch_dag.py
[2024-10-20T14:20:00.754+0000] {processor.py:925} INFO - DAG(s) 'example_nested_branch_dag' retrieved from /home/airflow/.local/lib/python3.12/site-packages/airflow/example_dags/example_nested_branch_dag.py
[2024-10-20T14:20:00.776+0000] {logging_mixin.py:190} INFO - [2024-10-20T14:20:00.775+0000] {dag.py:3239} INFO - Sync 1 DAGs
[2024-10-20T14:20:00.798+0000] {logging_mixin.py:190} INFO - [2024-10-20T14:20:00.798+0000] {dag.py:4180} INFO - Setting next_dagrun for example_nested_branch_dag to 2024-10-19 00:00:00+00:00, run_after=2024-10-20 00:00:00+00:00
[2024-10-20T14:20:00.815+0000] {processor.py:208} INFO - Processing /home/airflow/.local/lib/python3.12/site-packages/airflow/example_dags/example_nested_branch_dag.py took 0.081 seconds
[2024-10-20T14:20:31.402+0000] {processor.py:186} INFO - Started process (PID=1801) to work on /home/airflow/.local/lib/python3.12/site-packages/airflow/example_dags/example_nested_branch_dag.py
[2024-10-20T14:20:31.403+0000] {processor.py:914} INFO - Processing file /home/airflow/.local/lib/python3.12/site-packages/airflow/example_dags/example_nested_branch_dag.py for tasks to queue
[2024-10-20T14:20:31.405+0000] {logging_mixin.py:190} INFO - [2024-10-20T14:20:31.405+0000] {dagbag.py:588} INFO - Filling up the DagBag from /home/airflow/.local/lib/python3.12/site-packages/airflow/example_dags/example_nested_branch_dag.py
[2024-10-20T14:20:31.414+0000] {processor.py:925} INFO - DAG(s) 'example_nested_branch_dag' retrieved from /home/airflow/.local/lib/python3.12/site-packages/airflow/example_dags/example_nested_branch_dag.py
[2024-10-20T14:20:31.436+0000] {logging_mixin.py:190} INFO - [2024-10-20T14:20:31.436+0000] {dag.py:3239} INFO - Sync 1 DAGs
[2024-10-20T14:20:31.457+0000] {logging_mixin.py:190} INFO - [2024-10-20T14:20:31.457+0000] {dag.py:4180} INFO - Setting next_dagrun for example_nested_branch_dag to 2024-10-19 00:00:00+00:00, run_after=2024-10-20 00:00:00+00:00
[2024-10-20T14:20:31.475+0000] {processor.py:208} INFO - Processing /home/airflow/.local/lib/python3.12/site-packages/airflow/example_dags/example_nested_branch_dag.py took 0.078 seconds
[2024-10-20T14:21:02.007+0000] {processor.py:186} INFO - Started process (PID=1865) to work on /home/airflow/.local/lib/python3.12/site-packages/airflow/example_dags/example_nested_branch_dag.py
[2024-10-20T14:21:02.008+0000] {processor.py:914} INFO - Processing file /home/airflow/.local/lib/python3.12/site-packages/airflow/example_dags/example_nested_branch_dag.py for tasks to queue
[2024-10-20T14:21:02.010+0000] {logging_mixin.py:190} INFO - [2024-10-20T14:21:02.010+0000] {dagbag.py:588} INFO - Filling up the DagBag from /home/airflow/.local/lib/python3.12/site-packages/airflow/example_dags/example_nested_branch_dag.py
[2024-10-20T14:21:02.020+0000] {processor.py:925} INFO - DAG(s) 'example_nested_branch_dag' retrieved from /home/airflow/.local/lib/python3.12/site-packages/airflow/example_dags/example_nested_branch_dag.py
[2024-10-20T14:21:02.039+0000] {logging_mixin.py:190} INFO - [2024-10-20T14:21:02.039+0000] {dag.py:3239} INFO - Sync 1 DAGs
[2024-10-20T14:21:02.059+0000] {logging_mixin.py:190} INFO - [2024-10-20T14:21:02.059+0000] {dag.py:4180} INFO - Setting next_dagrun for example_nested_branch_dag to 2024-10-19 00:00:00+00:00, run_after=2024-10-20 00:00:00+00:00
[2024-10-20T14:21:02.078+0000] {processor.py:208} INFO - Processing /home/airflow/.local/lib/python3.12/site-packages/airflow/example_dags/example_nested_branch_dag.py took 0.077 seconds
[2024-10-20T14:21:32.669+0000] {processor.py:186} INFO - Started process (PID=1929) to work on /home/airflow/.local/lib/python3.12/site-packages/airflow/example_dags/example_nested_branch_dag.py
[2024-10-20T14:21:32.670+0000] {processor.py:914} INFO - Processing file /home/airflow/.local/lib/python3.12/site-packages/airflow/example_dags/example_nested_branch_dag.py for tasks to queue
[2024-10-20T14:21:32.672+0000] {logging_mixin.py:190} INFO - [2024-10-20T14:21:32.672+0000] {dagbag.py:588} INFO - Filling up the DagBag from /home/airflow/.local/lib/python3.12/site-packages/airflow/example_dags/example_nested_branch_dag.py
[2024-10-20T14:21:32.683+0000] {processor.py:925} INFO - DAG(s) 'example_nested_branch_dag' retrieved from /home/airflow/.local/lib/python3.12/site-packages/airflow/example_dags/example_nested_branch_dag.py
[2024-10-20T14:21:32.704+0000] {logging_mixin.py:190} INFO - [2024-10-20T14:21:32.704+0000] {dag.py:3239} INFO - Sync 1 DAGs
[2024-10-20T14:21:32.725+0000] {logging_mixin.py:190} INFO - [2024-10-20T14:21:32.725+0000] {dag.py:4180} INFO - Setting next_dagrun for example_nested_branch_dag to 2024-10-19 00:00:00+00:00, run_after=2024-10-20 00:00:00+00:00
[2024-10-20T14:21:32.743+0000] {processor.py:208} INFO - Processing /home/airflow/.local/lib/python3.12/site-packages/airflow/example_dags/example_nested_branch_dag.py took 0.079 seconds
[2024-10-20T14:22:03.370+0000] {processor.py:186} INFO - Started process (PID=1993) to work on /home/airflow/.local/lib/python3.12/site-packages/airflow/example_dags/example_nested_branch_dag.py
[2024-10-20T14:22:03.371+0000] {processor.py:914} INFO - Processing file /home/airflow/.local/lib/python3.12/site-packages/airflow/example_dags/example_nested_branch_dag.py for tasks to queue
[2024-10-20T14:22:03.373+0000] {logging_mixin.py:190} INFO - [2024-10-20T14:22:03.372+0000] {dagbag.py:588} INFO - Filling up the DagBag from /home/airflow/.local/lib/python3.12/site-packages/airflow/example_dags/example_nested_branch_dag.py
[2024-10-20T14:22:03.381+0000] {processor.py:925} INFO - DAG(s) 'example_nested_branch_dag' retrieved from /home/airflow/.local/lib/python3.12/site-packages/airflow/example_dags/example_nested_branch_dag.py
[2024-10-20T14:22:03.400+0000] {logging_mixin.py:190} INFO - [2024-10-20T14:22:03.400+0000] {dag.py:3239} INFO - Sync 1 DAGs
[2024-10-20T14:22:03.417+0000] {logging_mixin.py:190} INFO - [2024-10-20T14:22:03.417+0000] {dag.py:4180} INFO - Setting next_dagrun for example_nested_branch_dag to 2024-10-19 00:00:00+00:00, run_after=2024-10-20 00:00:00+00:00
[2024-10-20T14:22:03.433+0000] {processor.py:208} INFO - Processing /home/airflow/.local/lib/python3.12/site-packages/airflow/example_dags/example_nested_branch_dag.py took 0.068 seconds
[2024-10-20T14:22:34.370+0000] {processor.py:186} INFO - Started process (PID=2057) to work on /home/airflow/.local/lib/python3.12/site-packages/airflow/example_dags/example_nested_branch_dag.py
[2024-10-20T14:22:34.371+0000] {processor.py:914} INFO - Processing file /home/airflow/.local/lib/python3.12/site-packages/airflow/example_dags/example_nested_branch_dag.py for tasks to queue
[2024-10-20T14:22:34.374+0000] {logging_mixin.py:190} INFO - [2024-10-20T14:22:34.373+0000] {dagbag.py:588} INFO - Filling up the DagBag from /home/airflow/.local/lib/python3.12/site-packages/airflow/example_dags/example_nested_branch_dag.py
[2024-10-20T14:22:34.383+0000] {processor.py:925} INFO - DAG(s) 'example_nested_branch_dag' retrieved from /home/airflow/.local/lib/python3.12/site-packages/airflow/example_dags/example_nested_branch_dag.py
[2024-10-20T14:22:34.403+0000] {logging_mixin.py:190} INFO - [2024-10-20T14:22:34.402+0000] {dag.py:3239} INFO - Sync 1 DAGs
[2024-10-20T14:22:34.423+0000] {logging_mixin.py:190} INFO - [2024-10-20T14:22:34.423+0000] {dag.py:4180} INFO - Setting next_dagrun for example_nested_branch_dag to 2024-10-19 00:00:00+00:00, run_after=2024-10-20 00:00:00+00:00
[2024-10-20T14:22:34.440+0000] {processor.py:208} INFO - Processing /home/airflow/.local/lib/python3.12/site-packages/airflow/example_dags/example_nested_branch_dag.py took 0.074 seconds
[2024-10-20T14:23:05.133+0000] {processor.py:186} INFO - Started process (PID=2121) to work on /home/airflow/.local/lib/python3.12/site-packages/airflow/example_dags/example_nested_branch_dag.py
[2024-10-20T14:23:05.134+0000] {processor.py:914} INFO - Processing file /home/airflow/.local/lib/python3.12/site-packages/airflow/example_dags/example_nested_branch_dag.py for tasks to queue
[2024-10-20T14:23:05.136+0000] {logging_mixin.py:190} INFO - [2024-10-20T14:23:05.136+0000] {dagbag.py:588} INFO - Filling up the DagBag from /home/airflow/.local/lib/python3.12/site-packages/airflow/example_dags/example_nested_branch_dag.py
[2024-10-20T14:23:05.144+0000] {processor.py:925} INFO - DAG(s) 'example_nested_branch_dag' retrieved from /home/airflow/.local/lib/python3.12/site-packages/airflow/example_dags/example_nested_branch_dag.py
[2024-10-20T14:23:05.163+0000] {logging_mixin.py:190} INFO - [2024-10-20T14:23:05.163+0000] {dag.py:3239} INFO - Sync 1 DAGs
[2024-10-20T14:23:05.183+0000] {logging_mixin.py:190} INFO - [2024-10-20T14:23:05.183+0000] {dag.py:4180} INFO - Setting next_dagrun for example_nested_branch_dag to 2024-10-19 00:00:00+00:00, run_after=2024-10-20 00:00:00+00:00
[2024-10-20T14:23:05.204+0000] {processor.py:208} INFO - Processing /home/airflow/.local/lib/python3.12/site-packages/airflow/example_dags/example_nested_branch_dag.py took 0.076 seconds
[2024-10-20T14:23:35.751+0000] {processor.py:186} INFO - Started process (PID=2185) to work on /home/airflow/.local/lib/python3.12/site-packages/airflow/example_dags/example_nested_branch_dag.py
[2024-10-20T14:23:35.752+0000] {processor.py:914} INFO - Processing file /home/airflow/.local/lib/python3.12/site-packages/airflow/example_dags/example_nested_branch_dag.py for tasks to queue
[2024-10-20T14:23:35.754+0000] {logging_mixin.py:190} INFO - [2024-10-20T14:23:35.754+0000] {dagbag.py:588} INFO - Filling up the DagBag from /home/airflow/.local/lib/python3.12/site-packages/airflow/example_dags/example_nested_branch_dag.py
[2024-10-20T14:23:35.764+0000] {processor.py:925} INFO - DAG(s) 'example_nested_branch_dag' retrieved from /home/airflow/.local/lib/python3.12/site-packages/airflow/example_dags/example_nested_branch_dag.py
[2024-10-20T14:23:35.785+0000] {logging_mixin.py:190} INFO - [2024-10-20T14:23:35.784+0000] {dag.py:3239} INFO - Sync 1 DAGs
[2024-10-20T14:23:35.808+0000] {logging_mixin.py:190} INFO - [2024-10-20T14:23:35.807+0000] {dag.py:4180} INFO - Setting next_dagrun for example_nested_branch_dag to 2024-10-19 00:00:00+00:00, run_after=2024-10-20 00:00:00+00:00
[2024-10-20T14:23:35.825+0000] {processor.py:208} INFO - Processing /home/airflow/.local/lib/python3.12/site-packages/airflow/example_dags/example_nested_branch_dag.py took 0.078 seconds
[2024-10-20T14:24:06.801+0000] {processor.py:186} INFO - Started process (PID=2249) to work on /home/airflow/.local/lib/python3.12/site-packages/airflow/example_dags/example_nested_branch_dag.py
[2024-10-20T14:24:06.803+0000] {processor.py:914} INFO - Processing file /home/airflow/.local/lib/python3.12/site-packages/airflow/example_dags/example_nested_branch_dag.py for tasks to queue
[2024-10-20T14:24:06.805+0000] {logging_mixin.py:190} INFO - [2024-10-20T14:24:06.805+0000] {dagbag.py:588} INFO - Filling up the DagBag from /home/airflow/.local/lib/python3.12/site-packages/airflow/example_dags/example_nested_branch_dag.py
[2024-10-20T14:24:06.817+0000] {processor.py:925} INFO - DAG(s) 'example_nested_branch_dag' retrieved from /home/airflow/.local/lib/python3.12/site-packages/airflow/example_dags/example_nested_branch_dag.py
[2024-10-20T14:24:06.840+0000] {logging_mixin.py:190} INFO - [2024-10-20T14:24:06.839+0000] {dag.py:3239} INFO - Sync 1 DAGs
[2024-10-20T14:24:06.866+0000] {logging_mixin.py:190} INFO - [2024-10-20T14:24:06.866+0000] {dag.py:4180} INFO - Setting next_dagrun for example_nested_branch_dag to 2024-10-19 00:00:00+00:00, run_after=2024-10-20 00:00:00+00:00
[2024-10-20T14:24:06.885+0000] {processor.py:208} INFO - Processing /home/airflow/.local/lib/python3.12/site-packages/airflow/example_dags/example_nested_branch_dag.py took 0.089 seconds
[2024-10-20T14:24:37.180+0000] {processor.py:186} INFO - Started process (PID=2313) to work on /home/airflow/.local/lib/python3.12/site-packages/airflow/example_dags/example_nested_branch_dag.py
[2024-10-20T14:24:37.181+0000] {processor.py:914} INFO - Processing file /home/airflow/.local/lib/python3.12/site-packages/airflow/example_dags/example_nested_branch_dag.py for tasks to queue
[2024-10-20T14:24:37.184+0000] {logging_mixin.py:190} INFO - [2024-10-20T14:24:37.183+0000] {dagbag.py:588} INFO - Filling up the DagBag from /home/airflow/.local/lib/python3.12/site-packages/airflow/example_dags/example_nested_branch_dag.py
[2024-10-20T14:24:37.193+0000] {processor.py:925} INFO - DAG(s) 'example_nested_branch_dag' retrieved from /home/airflow/.local/lib/python3.12/site-packages/airflow/example_dags/example_nested_branch_dag.py
[2024-10-20T14:24:37.210+0000] {logging_mixin.py:190} INFO - [2024-10-20T14:24:37.210+0000] {dag.py:3239} INFO - Sync 1 DAGs
[2024-10-20T14:24:37.230+0000] {logging_mixin.py:190} INFO - [2024-10-20T14:24:37.230+0000] {dag.py:4180} INFO - Setting next_dagrun for example_nested_branch_dag to 2024-10-19 00:00:00+00:00, run_after=2024-10-20 00:00:00+00:00
[2024-10-20T14:24:37.246+0000] {processor.py:208} INFO - Processing /home/airflow/.local/lib/python3.12/site-packages/airflow/example_dags/example_nested_branch_dag.py took 0.072 seconds
[2024-10-20T14:25:08.124+0000] {processor.py:186} INFO - Started process (PID=2377) to work on /home/airflow/.local/lib/python3.12/site-packages/airflow/example_dags/example_nested_branch_dag.py
[2024-10-20T14:25:08.125+0000] {processor.py:914} INFO - Processing file /home/airflow/.local/lib/python3.12/site-packages/airflow/example_dags/example_nested_branch_dag.py for tasks to queue
[2024-10-20T14:25:08.127+0000] {logging_mixin.py:190} INFO - [2024-10-20T14:25:08.127+0000] {dagbag.py:588} INFO - Filling up the DagBag from /home/airflow/.local/lib/python3.12/site-packages/airflow/example_dags/example_nested_branch_dag.py
[2024-10-20T14:25:08.137+0000] {processor.py:925} INFO - DAG(s) 'example_nested_branch_dag' retrieved from /home/airflow/.local/lib/python3.12/site-packages/airflow/example_dags/example_nested_branch_dag.py
[2024-10-20T14:25:08.156+0000] {logging_mixin.py:190} INFO - [2024-10-20T14:25:08.156+0000] {dag.py:3239} INFO - Sync 1 DAGs
[2024-10-20T14:25:08.174+0000] {logging_mixin.py:190} INFO - [2024-10-20T14:25:08.174+0000] {dag.py:4180} INFO - Setting next_dagrun for example_nested_branch_dag to 2024-10-19 00:00:00+00:00, run_after=2024-10-20 00:00:00+00:00
[2024-10-20T14:25:08.191+0000] {processor.py:208} INFO - Processing /home/airflow/.local/lib/python3.12/site-packages/airflow/example_dags/example_nested_branch_dag.py took 0.072 seconds
[2024-10-20T14:55:25.922+0000] {processor.py:186} INFO - Started process (PID=2441) to work on /home/airflow/.local/lib/python3.12/site-packages/airflow/example_dags/example_nested_branch_dag.py
[2024-10-20T14:55:25.923+0000] {processor.py:914} INFO - Processing file /home/airflow/.local/lib/python3.12/site-packages/airflow/example_dags/example_nested_branch_dag.py for tasks to queue
[2024-10-20T14:55:25.925+0000] {logging_mixin.py:190} INFO - [2024-10-20T14:55:25.925+0000] {dagbag.py:588} INFO - Filling up the DagBag from /home/airflow/.local/lib/python3.12/site-packages/airflow/example_dags/example_nested_branch_dag.py
[2024-10-20T14:55:25.934+0000] {processor.py:925} INFO - DAG(s) 'example_nested_branch_dag' retrieved from /home/airflow/.local/lib/python3.12/site-packages/airflow/example_dags/example_nested_branch_dag.py
[2024-10-20T14:55:25.956+0000] {logging_mixin.py:190} INFO - [2024-10-20T14:55:25.956+0000] {dag.py:3239} INFO - Sync 1 DAGs
[2024-10-20T14:55:25.979+0000] {logging_mixin.py:190} INFO - [2024-10-20T14:55:25.978+0000] {dag.py:4180} INFO - Setting next_dagrun for example_nested_branch_dag to 2024-10-19 00:00:00+00:00, run_after=2024-10-20 00:00:00+00:00
[2024-10-20T14:55:25.996+0000] {processor.py:208} INFO - Processing /home/airflow/.local/lib/python3.12/site-packages/airflow/example_dags/example_nested_branch_dag.py took 0.079 seconds
[2024-10-20T14:55:56.459+0000] {processor.py:186} INFO - Started process (PID=2505) to work on /home/airflow/.local/lib/python3.12/site-packages/airflow/example_dags/example_nested_branch_dag.py
[2024-10-20T14:55:56.460+0000] {processor.py:914} INFO - Processing file /home/airflow/.local/lib/python3.12/site-packages/airflow/example_dags/example_nested_branch_dag.py for tasks to queue
[2024-10-20T14:55:56.462+0000] {logging_mixin.py:190} INFO - [2024-10-20T14:55:56.462+0000] {dagbag.py:588} INFO - Filling up the DagBag from /home/airflow/.local/lib/python3.12/site-packages/airflow/example_dags/example_nested_branch_dag.py
[2024-10-20T14:55:56.472+0000] {processor.py:925} INFO - DAG(s) 'example_nested_branch_dag' retrieved from /home/airflow/.local/lib/python3.12/site-packages/airflow/example_dags/example_nested_branch_dag.py
[2024-10-20T14:55:56.493+0000] {logging_mixin.py:190} INFO - [2024-10-20T14:55:56.492+0000] {dag.py:3239} INFO - Sync 1 DAGs
[2024-10-20T14:55:56.520+0000] {logging_mixin.py:190} INFO - [2024-10-20T14:55:56.520+0000] {dag.py:4180} INFO - Setting next_dagrun for example_nested_branch_dag to 2024-10-19 00:00:00+00:00, run_after=2024-10-20 00:00:00+00:00
[2024-10-20T14:55:56.538+0000] {processor.py:208} INFO - Processing /home/airflow/.local/lib/python3.12/site-packages/airflow/example_dags/example_nested_branch_dag.py took 0.086 seconds
[2024-10-20T14:56:27.303+0000] {processor.py:186} INFO - Started process (PID=2569) to work on /home/airflow/.local/lib/python3.12/site-packages/airflow/example_dags/example_nested_branch_dag.py
[2024-10-20T14:56:27.304+0000] {processor.py:914} INFO - Processing file /home/airflow/.local/lib/python3.12/site-packages/airflow/example_dags/example_nested_branch_dag.py for tasks to queue
[2024-10-20T14:56:27.306+0000] {logging_mixin.py:190} INFO - [2024-10-20T14:56:27.306+0000] {dagbag.py:588} INFO - Filling up the DagBag from /home/airflow/.local/lib/python3.12/site-packages/airflow/example_dags/example_nested_branch_dag.py
[2024-10-20T14:56:27.316+0000] {processor.py:925} INFO - DAG(s) 'example_nested_branch_dag' retrieved from /home/airflow/.local/lib/python3.12/site-packages/airflow/example_dags/example_nested_branch_dag.py
[2024-10-20T14:56:27.335+0000] {logging_mixin.py:190} INFO - [2024-10-20T14:56:27.334+0000] {dag.py:3239} INFO - Sync 1 DAGs
[2024-10-20T14:56:27.355+0000] {logging_mixin.py:190} INFO - [2024-10-20T14:56:27.354+0000] {dag.py:4180} INFO - Setting next_dagrun for example_nested_branch_dag to 2024-10-19 00:00:00+00:00, run_after=2024-10-20 00:00:00+00:00
[2024-10-20T14:56:27.384+0000] {processor.py:208} INFO - Processing /home/airflow/.local/lib/python3.12/site-packages/airflow/example_dags/example_nested_branch_dag.py took 0.086 seconds
[2024-10-20T14:56:57.961+0000] {processor.py:186} INFO - Started process (PID=2632) to work on /home/airflow/.local/lib/python3.12/site-packages/airflow/example_dags/example_nested_branch_dag.py
[2024-10-20T14:56:57.962+0000] {processor.py:914} INFO - Processing file /home/airflow/.local/lib/python3.12/site-packages/airflow/example_dags/example_nested_branch_dag.py for tasks to queue
[2024-10-20T14:56:57.965+0000] {logging_mixin.py:190} INFO - [2024-10-20T14:56:57.965+0000] {dagbag.py:588} INFO - Filling up the DagBag from /home/airflow/.local/lib/python3.12/site-packages/airflow/example_dags/example_nested_branch_dag.py
[2024-10-20T14:56:57.975+0000] {processor.py:925} INFO - DAG(s) 'example_nested_branch_dag' retrieved from /home/airflow/.local/lib/python3.12/site-packages/airflow/example_dags/example_nested_branch_dag.py
[2024-10-20T14:56:57.996+0000] {logging_mixin.py:190} INFO - [2024-10-20T14:56:57.996+0000] {dag.py:3239} INFO - Sync 1 DAGs
[2024-10-20T14:56:58.022+0000] {logging_mixin.py:190} INFO - [2024-10-20T14:56:58.022+0000] {dag.py:4180} INFO - Setting next_dagrun for example_nested_branch_dag to 2024-10-19 00:00:00+00:00, run_after=2024-10-20 00:00:00+00:00
[2024-10-20T14:56:58.040+0000] {processor.py:208} INFO - Processing /home/airflow/.local/lib/python3.12/site-packages/airflow/example_dags/example_nested_branch_dag.py took 0.084 seconds
[2024-10-20T14:57:28.328+0000] {processor.py:186} INFO - Started process (PID=2696) to work on /home/airflow/.local/lib/python3.12/site-packages/airflow/example_dags/example_nested_branch_dag.py
[2024-10-20T14:57:28.329+0000] {processor.py:914} INFO - Processing file /home/airflow/.local/lib/python3.12/site-packages/airflow/example_dags/example_nested_branch_dag.py for tasks to queue
[2024-10-20T14:57:28.331+0000] {logging_mixin.py:190} INFO - [2024-10-20T14:57:28.331+0000] {dagbag.py:588} INFO - Filling up the DagBag from /home/airflow/.local/lib/python3.12/site-packages/airflow/example_dags/example_nested_branch_dag.py
[2024-10-20T14:57:28.341+0000] {processor.py:925} INFO - DAG(s) 'example_nested_branch_dag' retrieved from /home/airflow/.local/lib/python3.12/site-packages/airflow/example_dags/example_nested_branch_dag.py
[2024-10-20T14:57:28.364+0000] {logging_mixin.py:190} INFO - [2024-10-20T14:57:28.364+0000] {dag.py:3239} INFO - Sync 1 DAGs
[2024-10-20T14:57:28.386+0000] {logging_mixin.py:190} INFO - [2024-10-20T14:57:28.386+0000] {dag.py:4180} INFO - Setting next_dagrun for example_nested_branch_dag to 2024-10-19 00:00:00+00:00, run_after=2024-10-20 00:00:00+00:00
[2024-10-20T14:57:28.407+0000] {processor.py:208} INFO - Processing /home/airflow/.local/lib/python3.12/site-packages/airflow/example_dags/example_nested_branch_dag.py took 0.083 seconds
[2024-10-20T14:57:59.254+0000] {processor.py:186} INFO - Started process (PID=2760) to work on /home/airflow/.local/lib/python3.12/site-packages/airflow/example_dags/example_nested_branch_dag.py
[2024-10-20T14:57:59.255+0000] {processor.py:914} INFO - Processing file /home/airflow/.local/lib/python3.12/site-packages/airflow/example_dags/example_nested_branch_dag.py for tasks to queue
[2024-10-20T14:57:59.258+0000] {logging_mixin.py:190} INFO - [2024-10-20T14:57:59.257+0000] {dagbag.py:588} INFO - Filling up the DagBag from /home/airflow/.local/lib/python3.12/site-packages/airflow/example_dags/example_nested_branch_dag.py
[2024-10-20T14:57:59.268+0000] {processor.py:925} INFO - DAG(s) 'example_nested_branch_dag' retrieved from /home/airflow/.local/lib/python3.12/site-packages/airflow/example_dags/example_nested_branch_dag.py
[2024-10-20T14:57:59.290+0000] {logging_mixin.py:190} INFO - [2024-10-20T14:57:59.290+0000] {dag.py:3239} INFO - Sync 1 DAGs
[2024-10-20T14:57:59.312+0000] {logging_mixin.py:190} INFO - [2024-10-20T14:57:59.312+0000] {dag.py:4180} INFO - Setting next_dagrun for example_nested_branch_dag to 2024-10-19 00:00:00+00:00, run_after=2024-10-20 00:00:00+00:00
[2024-10-20T14:57:59.335+0000] {processor.py:208} INFO - Processing /home/airflow/.local/lib/python3.12/site-packages/airflow/example_dags/example_nested_branch_dag.py took 0.086 seconds
[2024-10-20T14:58:29.935+0000] {processor.py:186} INFO - Started process (PID=2824) to work on /home/airflow/.local/lib/python3.12/site-packages/airflow/example_dags/example_nested_branch_dag.py
[2024-10-20T14:58:29.936+0000] {processor.py:914} INFO - Processing file /home/airflow/.local/lib/python3.12/site-packages/airflow/example_dags/example_nested_branch_dag.py for tasks to queue
[2024-10-20T14:58:29.939+0000] {logging_mixin.py:190} INFO - [2024-10-20T14:58:29.939+0000] {dagbag.py:588} INFO - Filling up the DagBag from /home/airflow/.local/lib/python3.12/site-packages/airflow/example_dags/example_nested_branch_dag.py
[2024-10-20T14:58:29.949+0000] {processor.py:925} INFO - DAG(s) 'example_nested_branch_dag' retrieved from /home/airflow/.local/lib/python3.12/site-packages/airflow/example_dags/example_nested_branch_dag.py
[2024-10-20T14:58:29.970+0000] {logging_mixin.py:190} INFO - [2024-10-20T14:58:29.969+0000] {dag.py:3239} INFO - Sync 1 DAGs
[2024-10-20T14:58:29.990+0000] {logging_mixin.py:190} INFO - [2024-10-20T14:58:29.990+0000] {dag.py:4180} INFO - Setting next_dagrun for example_nested_branch_dag to 2024-10-19 00:00:00+00:00, run_after=2024-10-20 00:00:00+00:00
[2024-10-20T14:58:30.011+0000] {processor.py:208} INFO - Processing /home/airflow/.local/lib/python3.12/site-packages/airflow/example_dags/example_nested_branch_dag.py took 0.080 seconds
[2024-10-20T14:59:00.680+0000] {processor.py:186} INFO - Started process (PID=2888) to work on /home/airflow/.local/lib/python3.12/site-packages/airflow/example_dags/example_nested_branch_dag.py
[2024-10-20T14:59:00.681+0000] {processor.py:914} INFO - Processing file /home/airflow/.local/lib/python3.12/site-packages/airflow/example_dags/example_nested_branch_dag.py for tasks to queue
[2024-10-20T14:59:00.683+0000] {logging_mixin.py:190} INFO - [2024-10-20T14:59:00.683+0000] {dagbag.py:588} INFO - Filling up the DagBag from /home/airflow/.local/lib/python3.12/site-packages/airflow/example_dags/example_nested_branch_dag.py
[2024-10-20T14:59:00.695+0000] {processor.py:925} INFO - DAG(s) 'example_nested_branch_dag' retrieved from /home/airflow/.local/lib/python3.12/site-packages/airflow/example_dags/example_nested_branch_dag.py
[2024-10-20T14:59:00.721+0000] {logging_mixin.py:190} INFO - [2024-10-20T14:59:00.721+0000] {dag.py:3239} INFO - Sync 1 DAGs
[2024-10-20T14:59:00.754+0000] {logging_mixin.py:190} INFO - [2024-10-20T14:59:00.754+0000] {dag.py:4180} INFO - Setting next_dagrun for example_nested_branch_dag to 2024-10-19 00:00:00+00:00, run_after=2024-10-20 00:00:00+00:00
[2024-10-20T14:59:00.776+0000] {processor.py:208} INFO - Processing /home/airflow/.local/lib/python3.12/site-packages/airflow/example_dags/example_nested_branch_dag.py took 0.103 seconds
[2024-10-20T14:59:31.325+0000] {processor.py:186} INFO - Started process (PID=2952) to work on /home/airflow/.local/lib/python3.12/site-packages/airflow/example_dags/example_nested_branch_dag.py
[2024-10-20T14:59:31.326+0000] {processor.py:914} INFO - Processing file /home/airflow/.local/lib/python3.12/site-packages/airflow/example_dags/example_nested_branch_dag.py for tasks to queue
[2024-10-20T14:59:31.329+0000] {logging_mixin.py:190} INFO - [2024-10-20T14:59:31.328+0000] {dagbag.py:588} INFO - Filling up the DagBag from /home/airflow/.local/lib/python3.12/site-packages/airflow/example_dags/example_nested_branch_dag.py
[2024-10-20T14:59:31.337+0000] {processor.py:925} INFO - DAG(s) 'example_nested_branch_dag' retrieved from /home/airflow/.local/lib/python3.12/site-packages/airflow/example_dags/example_nested_branch_dag.py
[2024-10-20T14:59:31.358+0000] {logging_mixin.py:190} INFO - [2024-10-20T14:59:31.358+0000] {dag.py:3239} INFO - Sync 1 DAGs
[2024-10-20T14:59:31.382+0000] {logging_mixin.py:190} INFO - [2024-10-20T14:59:31.382+0000] {dag.py:4180} INFO - Setting next_dagrun for example_nested_branch_dag to 2024-10-19 00:00:00+00:00, run_after=2024-10-20 00:00:00+00:00
[2024-10-20T14:59:31.402+0000] {processor.py:208} INFO - Processing /home/airflow/.local/lib/python3.12/site-packages/airflow/example_dags/example_nested_branch_dag.py took 0.081 seconds
[2024-10-20T15:00:02.184+0000] {processor.py:186} INFO - Started process (PID=3016) to work on /home/airflow/.local/lib/python3.12/site-packages/airflow/example_dags/example_nested_branch_dag.py
[2024-10-20T15:00:02.185+0000] {processor.py:914} INFO - Processing file /home/airflow/.local/lib/python3.12/site-packages/airflow/example_dags/example_nested_branch_dag.py for tasks to queue
[2024-10-20T15:00:02.187+0000] {logging_mixin.py:190} INFO - [2024-10-20T15:00:02.187+0000] {dagbag.py:588} INFO - Filling up the DagBag from /home/airflow/.local/lib/python3.12/site-packages/airflow/example_dags/example_nested_branch_dag.py
[2024-10-20T15:00:02.199+0000] {processor.py:925} INFO - DAG(s) 'example_nested_branch_dag' retrieved from /home/airflow/.local/lib/python3.12/site-packages/airflow/example_dags/example_nested_branch_dag.py
[2024-10-20T15:00:02.219+0000] {logging_mixin.py:190} INFO - [2024-10-20T15:00:02.219+0000] {dag.py:3239} INFO - Sync 1 DAGs
[2024-10-20T15:00:02.241+0000] {logging_mixin.py:190} INFO - [2024-10-20T15:00:02.241+0000] {dag.py:4180} INFO - Setting next_dagrun for example_nested_branch_dag to 2024-10-19 00:00:00+00:00, run_after=2024-10-20 00:00:00+00:00
[2024-10-20T15:00:02.260+0000] {processor.py:208} INFO - Processing /home/airflow/.local/lib/python3.12/site-packages/airflow/example_dags/example_nested_branch_dag.py took 0.082 seconds
