[2024-10-21T17:19:35.366+0000] {local_task_job_runner.py:123} INFO - ::group::Pre task execution logs
[2024-10-21T17:19:35.380+0000] {taskinstance.py:2612} INFO - Dependencies all met for dep_context=non-requeueable deps ti=<TaskInstance: DAG_filha.wait_principal scheduled__2024-10-21T03:15:00+00:00 [queued]>
[2024-10-21T17:19:35.388+0000] {taskinstance.py:2612} INFO - Dependencies all met for dep_context=requeueable deps ti=<TaskInstance: DAG_filha.wait_principal scheduled__2024-10-21T03:15:00+00:00 [queued]>
[2024-10-21T17:19:35.389+0000] {taskinstance.py:2865} INFO - Starting attempt 1 of 1
[2024-10-21T17:19:35.400+0000] {taskinstance.py:2888} INFO - Executing <Task(ExternalTaskSensor): wait_principal> on 2024-10-21 03:15:00+00:00
[2024-10-21T17:19:35.408+0000] {warnings.py:112} WARNING - /home/***/.local/lib/python3.12/site-packages/***/task/task_runner/standard_task_runner.py:70: DeprecationWarning: This process (pid=671) is multi-threaded, use of fork() may lead to deadlocks in the child.
  pid = os.fork()

[2024-10-21T17:19:35.409+0000] {standard_task_runner.py:72} INFO - Started process 687 to run task
[2024-10-21T17:19:35.410+0000] {standard_task_runner.py:104} INFO - Running: ['***', 'tasks', 'run', 'DAG_filha', 'wait_principal', 'scheduled__2024-10-21T03:15:00+00:00', '--job-id', '135', '--raw', '--subdir', 'DAGS_FOLDER/lesson_3_dag_filha.py', '--cfg-path', '/tmp/tmphpdjcv4m']
[2024-10-21T17:19:35.411+0000] {standard_task_runner.py:105} INFO - Job 135: Subtask wait_principal
[2024-10-21T17:19:35.459+0000] {task_command.py:467} INFO - Running <TaskInstance: DAG_filha.wait_principal scheduled__2024-10-21T03:15:00+00:00 [running]> on host 1da8eee663cb
[2024-10-21T17:19:35.521+0000] {taskinstance.py:3131} INFO - Exporting env vars: AIRFLOW_CTX_DAG_OWNER='***' AIRFLOW_CTX_DAG_ID='DAG_filha' AIRFLOW_CTX_TASK_ID='wait_principal' AIRFLOW_CTX_EXECUTION_DATE='2024-10-21T03:15:00+00:00' AIRFLOW_CTX_TRY_NUMBER='1' AIRFLOW_CTX_DAG_RUN_ID='scheduled__2024-10-21T03:15:00+00:00'
[2024-10-21T17:19:35.523+0000] {logging_mixin.py:190} INFO - Task instance is in running state
[2024-10-21T17:19:35.524+0000] {logging_mixin.py:190} INFO -  Previous state of the Task instance: queued
[2024-10-21T17:19:35.524+0000] {logging_mixin.py:190} INFO - Current task name:wait_principal state:running start_date:2024-10-21 17:19:35.381593+00:00
[2024-10-21T17:19:35.525+0000] {logging_mixin.py:190} INFO - Dag name:DAG_filha and current dag run status:running
[2024-10-21T17:19:35.526+0000] {taskinstance.py:731} INFO - ::endgroup::
[2024-10-21T17:19:35.527+0000] {baseoperator.py:405} WARNING - ExternalTaskSensor.execute cannot be called outside TaskInstance!
[2024-10-21T17:19:35.534+0000] {external_task.py:274} INFO - Poking for DAG 'python_principal' on 2024-10-21T02:15:00+00:00 ... 
[2024-10-21T17:19:35.534+0000] {warnings.py:112} WARNING - /home/***/.local/lib/python3.12/site-packages/***/utils/session.py:97: DeprecationWarning: This method is deprecated and will be removed in future.
  return func(*args, session=session, **kwargs)

[2024-10-21T17:19:35.555+0000] {taskinstance.py:309} INFO - Rescheduling task, marking task as UP_FOR_RESCHEDULE
[2024-10-21T17:19:35.556+0000] {taskinstance.py:340} INFO - ::group::Post task execution logs
[2024-10-21T17:19:35.584+0000] {local_task_job_runner.py:266} INFO - Task exited with return code 0
[2024-10-21T17:19:35.605+0000] {taskinstance.py:3900} INFO - 0 downstream tasks scheduled from follow-on schedule check
[2024-10-21T17:19:35.609+0000] {local_task_job_runner.py:245} INFO - ::endgroup::
[2024-10-21T17:20:09.298+0000] {local_task_job_runner.py:123} INFO - ::group::Pre task execution logs
[2024-10-21T17:20:09.318+0000] {taskinstance.py:2612} INFO - Dependencies all met for dep_context=non-requeueable deps ti=<TaskInstance: DAG_filha.wait_principal scheduled__2024-10-21T03:15:00+00:00 [queued]>
[2024-10-21T17:20:09.327+0000] {taskinstance.py:2612} INFO - Dependencies all met for dep_context=requeueable deps ti=<TaskInstance: DAG_filha.wait_principal scheduled__2024-10-21T03:15:00+00:00 [queued]>
[2024-10-21T17:20:09.327+0000] {taskinstance.py:2865} INFO - Starting attempt 1 of 1
[2024-10-21T17:20:09.338+0000] {taskinstance.py:2888} INFO - Executing <Task(ExternalTaskSensor): wait_principal> on 2024-10-21 03:15:00+00:00
[2024-10-21T17:20:09.345+0000] {warnings.py:112} WARNING - /home/***/.local/lib/python3.12/site-packages/***/task/task_runner/standard_task_runner.py:70: DeprecationWarning: This process (pid=897) is multi-threaded, use of fork() may lead to deadlocks in the child.
  pid = os.fork()

[2024-10-21T17:20:09.347+0000] {standard_task_runner.py:72} INFO - Started process 921 to run task
[2024-10-21T17:20:09.347+0000] {standard_task_runner.py:104} INFO - Running: ['***', 'tasks', 'run', 'DAG_filha', 'wait_principal', 'scheduled__2024-10-21T03:15:00+00:00', '--job-id', '191', '--raw', '--subdir', 'DAGS_FOLDER/lesson_3_dag_filha.py', '--cfg-path', '/tmp/tmpcs9smc1k']
[2024-10-21T17:20:09.348+0000] {standard_task_runner.py:105} INFO - Job 191: Subtask wait_principal
[2024-10-21T17:20:09.391+0000] {task_command.py:467} INFO - Running <TaskInstance: DAG_filha.wait_principal scheduled__2024-10-21T03:15:00+00:00 [running]> on host 1da8eee663cb
[2024-10-21T17:20:09.458+0000] {taskinstance.py:3131} INFO - Exporting env vars: AIRFLOW_CTX_DAG_OWNER='***' AIRFLOW_CTX_DAG_ID='DAG_filha' AIRFLOW_CTX_TASK_ID='wait_principal' AIRFLOW_CTX_EXECUTION_DATE='2024-10-21T03:15:00+00:00' AIRFLOW_CTX_TRY_NUMBER='1' AIRFLOW_CTX_DAG_RUN_ID='scheduled__2024-10-21T03:15:00+00:00'
[2024-10-21T17:20:09.460+0000] {logging_mixin.py:190} INFO - Task instance is in running state
[2024-10-21T17:20:09.460+0000] {logging_mixin.py:190} INFO -  Previous state of the Task instance: queued
[2024-10-21T17:20:09.461+0000] {logging_mixin.py:190} INFO - Current task name:wait_principal state:running start_date:2024-10-21 17:20:09.319174+00:00
[2024-10-21T17:20:09.461+0000] {logging_mixin.py:190} INFO - Dag name:DAG_filha and current dag run status:running
[2024-10-21T17:20:09.462+0000] {taskinstance.py:731} INFO - ::endgroup::
[2024-10-21T17:20:09.462+0000] {baseoperator.py:405} WARNING - ExternalTaskSensor.execute cannot be called outside TaskInstance!
[2024-10-21T17:20:09.469+0000] {external_task.py:274} INFO - Poking for DAG 'python_principal' on 2024-10-21T02:15:00+00:00 ... 
[2024-10-21T17:20:09.469+0000] {warnings.py:112} WARNING - /home/***/.local/lib/python3.12/site-packages/***/utils/session.py:97: DeprecationWarning: This method is deprecated and will be removed in future.
  return func(*args, session=session, **kwargs)

[2024-10-21T17:20:09.491+0000] {taskinstance.py:309} INFO - Rescheduling task, marking task as UP_FOR_RESCHEDULE
[2024-10-21T17:20:09.491+0000] {taskinstance.py:340} INFO - ::group::Post task execution logs
[2024-10-21T17:20:09.521+0000] {local_task_job_runner.py:266} INFO - Task exited with return code 0
[2024-10-21T17:20:09.563+0000] {taskinstance.py:3900} INFO - 0 downstream tasks scheduled from follow-on schedule check
[2024-10-21T17:20:09.565+0000] {local_task_job_runner.py:245} INFO - ::endgroup::
[2024-10-21T17:20:43.267+0000] {local_task_job_runner.py:123} INFO - ::group::Pre task execution logs
[2024-10-21T17:20:43.299+0000] {taskinstance.py:2612} INFO - Dependencies all met for dep_context=non-requeueable deps ti=<TaskInstance: DAG_filha.wait_principal scheduled__2024-10-21T03:15:00+00:00 [queued]>
[2024-10-21T17:20:43.316+0000] {taskinstance.py:2612} INFO - Dependencies all met for dep_context=requeueable deps ti=<TaskInstance: DAG_filha.wait_principal scheduled__2024-10-21T03:15:00+00:00 [queued]>
[2024-10-21T17:20:43.316+0000] {taskinstance.py:2865} INFO - Starting attempt 1 of 1
[2024-10-21T17:20:43.339+0000] {taskinstance.py:2888} INFO - Executing <Task(ExternalTaskSensor): wait_principal> on 2024-10-21 03:15:00+00:00
[2024-10-21T17:20:43.350+0000] {warnings.py:112} WARNING - /home/***/.local/lib/python3.12/site-packages/***/task/task_runner/standard_task_runner.py:70: DeprecationWarning: This process (pid=1053) is multi-threaded, use of fork() may lead to deadlocks in the child.
  pid = os.fork()

[2024-10-21T17:20:43.352+0000] {standard_task_runner.py:72} INFO - Started process 1073 to run task
[2024-10-21T17:20:43.354+0000] {standard_task_runner.py:104} INFO - Running: ['***', 'tasks', 'run', 'DAG_filha', 'wait_principal', 'scheduled__2024-10-21T03:15:00+00:00', '--job-id', '226', '--raw', '--subdir', 'DAGS_FOLDER/lesson_3_dag_filha.py', '--cfg-path', '/tmp/tmpxz1j47px']
[2024-10-21T17:20:43.356+0000] {standard_task_runner.py:105} INFO - Job 226: Subtask wait_principal
[2024-10-21T17:20:43.435+0000] {task_command.py:467} INFO - Running <TaskInstance: DAG_filha.wait_principal scheduled__2024-10-21T03:15:00+00:00 [running]> on host 1da8eee663cb
[2024-10-21T17:20:43.549+0000] {taskinstance.py:3131} INFO - Exporting env vars: AIRFLOW_CTX_DAG_OWNER='***' AIRFLOW_CTX_DAG_ID='DAG_filha' AIRFLOW_CTX_TASK_ID='wait_principal' AIRFLOW_CTX_EXECUTION_DATE='2024-10-21T03:15:00+00:00' AIRFLOW_CTX_TRY_NUMBER='1' AIRFLOW_CTX_DAG_RUN_ID='scheduled__2024-10-21T03:15:00+00:00'
[2024-10-21T17:20:43.550+0000] {logging_mixin.py:190} INFO - Task instance is in running state
[2024-10-21T17:20:43.551+0000] {logging_mixin.py:190} INFO -  Previous state of the Task instance: queued
[2024-10-21T17:20:43.552+0000] {logging_mixin.py:190} INFO - Current task name:wait_principal state:running start_date:2024-10-21 17:20:43.300180+00:00
[2024-10-21T17:20:43.552+0000] {logging_mixin.py:190} INFO - Dag name:DAG_filha and current dag run status:running
[2024-10-21T17:20:43.552+0000] {taskinstance.py:731} INFO - ::endgroup::
[2024-10-21T17:20:43.554+0000] {baseoperator.py:405} WARNING - ExternalTaskSensor.execute cannot be called outside TaskInstance!
[2024-10-21T17:20:43.563+0000] {external_task.py:274} INFO - Poking for DAG 'python_principal' on 2024-10-21T02:15:00+00:00 ... 
[2024-10-21T17:20:43.564+0000] {warnings.py:112} WARNING - /home/***/.local/lib/python3.12/site-packages/***/utils/session.py:97: DeprecationWarning: This method is deprecated and will be removed in future.
  return func(*args, session=session, **kwargs)

[2024-10-21T17:20:43.611+0000] {taskinstance.py:309} INFO - Rescheduling task, marking task as UP_FOR_RESCHEDULE
[2024-10-21T17:20:43.612+0000] {taskinstance.py:340} INFO - ::group::Post task execution logs
[2024-10-21T17:20:43.651+0000] {local_task_job_runner.py:266} INFO - Task exited with return code 0
[2024-10-21T17:20:43.693+0000] {taskinstance.py:3900} INFO - 0 downstream tasks scheduled from follow-on schedule check
[2024-10-21T17:20:43.695+0000] {local_task_job_runner.py:245} INFO - ::endgroup::
