[2024-10-22T23:02:36.635+0000] {processor.py:186} INFO - Started process (PID=56) to work on /opt/airflow/dags/lesson_1_primeira_dag_v0.py
[2024-10-22T23:02:36.635+0000] {processor.py:914} INFO - Processing file /opt/airflow/dags/lesson_1_primeira_dag_v0.py for tasks to queue
[2024-10-22T23:02:36.637+0000] {logging_mixin.py:190} INFO - [2024-10-22T23:02:36.637+0000] {dagbag.py:588} INFO - Filling up the DagBag from /opt/airflow/dags/lesson_1_primeira_dag_v0.py
[2024-10-22T23:02:36.663+0000] {processor.py:925} INFO - DAG(s) 'primeira_dag_v0' retrieved from /opt/airflow/dags/lesson_1_primeira_dag_v0.py
[2024-10-22T23:02:36.685+0000] {logging_mixin.py:190} INFO - [2024-10-22T23:02:36.685+0000] {dag.py:3239} INFO - Sync 1 DAGs
[2024-10-22T23:02:36.707+0000] {logging_mixin.py:190} INFO - [2024-10-22T23:02:36.707+0000] {dag.py:4180} INFO - Setting next_dagrun for primeira_dag_v0 to 2024-10-20 00:00:00+00:00, run_after=2024-10-21 00:00:00+00:00
[2024-10-22T23:02:36.744+0000] {processor.py:208} INFO - Processing /opt/airflow/dags/lesson_1_primeira_dag_v0.py took 0.116 seconds
[2024-10-22T23:03:06.911+0000] {processor.py:186} INFO - Started process (PID=126) to work on /opt/airflow/dags/lesson_1_primeira_dag_v0.py
[2024-10-22T23:03:06.912+0000] {processor.py:914} INFO - Processing file /opt/airflow/dags/lesson_1_primeira_dag_v0.py for tasks to queue
[2024-10-22T23:03:06.914+0000] {logging_mixin.py:190} INFO - [2024-10-22T23:03:06.914+0000] {dagbag.py:588} INFO - Filling up the DagBag from /opt/airflow/dags/lesson_1_primeira_dag_v0.py
[2024-10-22T23:03:06.928+0000] {processor.py:925} INFO - DAG(s) 'primeira_dag_v0' retrieved from /opt/airflow/dags/lesson_1_primeira_dag_v0.py
[2024-10-22T23:03:06.944+0000] {logging_mixin.py:190} INFO - [2024-10-22T23:03:06.944+0000] {dag.py:3239} INFO - Sync 1 DAGs
[2024-10-22T23:03:06.964+0000] {logging_mixin.py:190} INFO - [2024-10-22T23:03:06.964+0000] {dag.py:4180} INFO - Setting next_dagrun for primeira_dag_v0 to 2024-10-20 00:00:00+00:00, run_after=2024-10-21 00:00:00+00:00
[2024-10-22T23:03:06.982+0000] {processor.py:208} INFO - Processing /opt/airflow/dags/lesson_1_primeira_dag_v0.py took 0.076 seconds
[2024-10-22T23:03:37.663+0000] {processor.py:186} INFO - Started process (PID=196) to work on /opt/airflow/dags/lesson_1_primeira_dag_v0.py
[2024-10-22T23:03:37.664+0000] {processor.py:914} INFO - Processing file /opt/airflow/dags/lesson_1_primeira_dag_v0.py for tasks to queue
[2024-10-22T23:03:37.667+0000] {logging_mixin.py:190} INFO - [2024-10-22T23:03:37.667+0000] {dagbag.py:588} INFO - Filling up the DagBag from /opt/airflow/dags/lesson_1_primeira_dag_v0.py
[2024-10-22T23:03:37.680+0000] {processor.py:925} INFO - DAG(s) 'primeira_dag_v0' retrieved from /opt/airflow/dags/lesson_1_primeira_dag_v0.py
[2024-10-22T23:03:37.696+0000] {logging_mixin.py:190} INFO - [2024-10-22T23:03:37.696+0000] {dag.py:3239} INFO - Sync 1 DAGs
[2024-10-22T23:03:37.720+0000] {logging_mixin.py:190} INFO - [2024-10-22T23:03:37.720+0000] {dag.py:4180} INFO - Setting next_dagrun for primeira_dag_v0 to 2024-10-20 00:00:00+00:00, run_after=2024-10-21 00:00:00+00:00
[2024-10-22T23:03:37.737+0000] {processor.py:208} INFO - Processing /opt/airflow/dags/lesson_1_primeira_dag_v0.py took 0.078 seconds
[2024-10-22T23:04:08.285+0000] {processor.py:186} INFO - Started process (PID=266) to work on /opt/airflow/dags/lesson_1_primeira_dag_v0.py
[2024-10-22T23:04:08.286+0000] {processor.py:914} INFO - Processing file /opt/airflow/dags/lesson_1_primeira_dag_v0.py for tasks to queue
[2024-10-22T23:04:08.295+0000] {logging_mixin.py:190} INFO - [2024-10-22T23:04:08.294+0000] {dagbag.py:588} INFO - Filling up the DagBag from /opt/airflow/dags/lesson_1_primeira_dag_v0.py
[2024-10-22T23:04:08.340+0000] {processor.py:925} INFO - DAG(s) 'primeira_dag_v0' retrieved from /opt/airflow/dags/lesson_1_primeira_dag_v0.py
[2024-10-22T23:04:08.360+0000] {logging_mixin.py:190} INFO - [2024-10-22T23:04:08.360+0000] {dag.py:3239} INFO - Sync 1 DAGs
[2024-10-22T23:04:08.381+0000] {logging_mixin.py:190} INFO - [2024-10-22T23:04:08.381+0000] {dag.py:4180} INFO - Setting next_dagrun for primeira_dag_v0 to 2024-10-20 00:00:00+00:00, run_after=2024-10-21 00:00:00+00:00
[2024-10-22T23:04:08.401+0000] {processor.py:208} INFO - Processing /opt/airflow/dags/lesson_1_primeira_dag_v0.py took 0.121 seconds
[2024-10-22T23:04:38.643+0000] {processor.py:186} INFO - Started process (PID=336) to work on /opt/airflow/dags/lesson_1_primeira_dag_v0.py
[2024-10-22T23:04:38.644+0000] {processor.py:914} INFO - Processing file /opt/airflow/dags/lesson_1_primeira_dag_v0.py for tasks to queue
[2024-10-22T23:04:38.646+0000] {logging_mixin.py:190} INFO - [2024-10-22T23:04:38.646+0000] {dagbag.py:588} INFO - Filling up the DagBag from /opt/airflow/dags/lesson_1_primeira_dag_v0.py
[2024-10-22T23:04:38.659+0000] {processor.py:925} INFO - DAG(s) 'primeira_dag_v0' retrieved from /opt/airflow/dags/lesson_1_primeira_dag_v0.py
[2024-10-22T23:04:38.674+0000] {logging_mixin.py:190} INFO - [2024-10-22T23:04:38.674+0000] {dag.py:3239} INFO - Sync 1 DAGs
[2024-10-22T23:04:38.693+0000] {logging_mixin.py:190} INFO - [2024-10-22T23:04:38.693+0000] {dag.py:4180} INFO - Setting next_dagrun for primeira_dag_v0 to 2024-10-20 00:00:00+00:00, run_after=2024-10-21 00:00:00+00:00
[2024-10-22T23:04:38.714+0000] {processor.py:208} INFO - Processing /opt/airflow/dags/lesson_1_primeira_dag_v0.py took 0.076 seconds
[2024-10-22T23:05:08.828+0000] {processor.py:186} INFO - Started process (PID=406) to work on /opt/airflow/dags/lesson_1_primeira_dag_v0.py
[2024-10-22T23:05:08.829+0000] {processor.py:914} INFO - Processing file /opt/airflow/dags/lesson_1_primeira_dag_v0.py for tasks to queue
[2024-10-22T23:05:08.832+0000] {logging_mixin.py:190} INFO - [2024-10-22T23:05:08.832+0000] {dagbag.py:588} INFO - Filling up the DagBag from /opt/airflow/dags/lesson_1_primeira_dag_v0.py
[2024-10-22T23:05:08.845+0000] {processor.py:925} INFO - DAG(s) 'primeira_dag_v0' retrieved from /opt/airflow/dags/lesson_1_primeira_dag_v0.py
[2024-10-22T23:05:08.860+0000] {logging_mixin.py:190} INFO - [2024-10-22T23:05:08.859+0000] {dag.py:3239} INFO - Sync 1 DAGs
[2024-10-22T23:05:08.878+0000] {logging_mixin.py:190} INFO - [2024-10-22T23:05:08.877+0000] {dag.py:4180} INFO - Setting next_dagrun for primeira_dag_v0 to 2024-10-20 00:00:00+00:00, run_after=2024-10-21 00:00:00+00:00
[2024-10-22T23:05:08.895+0000] {processor.py:208} INFO - Processing /opt/airflow/dags/lesson_1_primeira_dag_v0.py took 0.073 seconds
[2024-10-22T23:05:39.413+0000] {processor.py:186} INFO - Started process (PID=482) to work on /opt/airflow/dags/lesson_1_primeira_dag_v0.py
[2024-10-22T23:05:39.415+0000] {processor.py:914} INFO - Processing file /opt/airflow/dags/lesson_1_primeira_dag_v0.py for tasks to queue
[2024-10-22T23:05:39.418+0000] {logging_mixin.py:190} INFO - [2024-10-22T23:05:39.417+0000] {dagbag.py:588} INFO - Filling up the DagBag from /opt/airflow/dags/lesson_1_primeira_dag_v0.py
[2024-10-22T23:05:39.433+0000] {processor.py:925} INFO - DAG(s) 'primeira_dag_v0' retrieved from /opt/airflow/dags/lesson_1_primeira_dag_v0.py
[2024-10-22T23:05:39.461+0000] {logging_mixin.py:190} INFO - [2024-10-22T23:05:39.461+0000] {dag.py:3239} INFO - Sync 1 DAGs
[2024-10-22T23:05:39.482+0000] {logging_mixin.py:190} INFO - [2024-10-22T23:05:39.481+0000] {dag.py:4180} INFO - Setting next_dagrun for primeira_dag_v0 to 2024-10-20 00:00:00+00:00, run_after=2024-10-21 00:00:00+00:00
[2024-10-22T23:05:39.502+0000] {processor.py:208} INFO - Processing /opt/airflow/dags/lesson_1_primeira_dag_v0.py took 0.094 seconds
[2024-10-22T23:06:09.885+0000] {processor.py:186} INFO - Started process (PID=552) to work on /opt/airflow/dags/lesson_1_primeira_dag_v0.py
[2024-10-22T23:06:09.885+0000] {processor.py:914} INFO - Processing file /opt/airflow/dags/lesson_1_primeira_dag_v0.py for tasks to queue
[2024-10-22T23:06:09.888+0000] {logging_mixin.py:190} INFO - [2024-10-22T23:06:09.887+0000] {dagbag.py:588} INFO - Filling up the DagBag from /opt/airflow/dags/lesson_1_primeira_dag_v0.py
[2024-10-22T23:06:09.902+0000] {processor.py:925} INFO - DAG(s) 'primeira_dag_v0' retrieved from /opt/airflow/dags/lesson_1_primeira_dag_v0.py
[2024-10-22T23:06:09.918+0000] {logging_mixin.py:190} INFO - [2024-10-22T23:06:09.918+0000] {dag.py:3239} INFO - Sync 1 DAGs
[2024-10-22T23:06:09.939+0000] {logging_mixin.py:190} INFO - [2024-10-22T23:06:09.939+0000] {dag.py:4180} INFO - Setting next_dagrun for primeira_dag_v0 to 2024-10-20 00:00:00+00:00, run_after=2024-10-21 00:00:00+00:00
[2024-10-22T23:06:09.959+0000] {processor.py:208} INFO - Processing /opt/airflow/dags/lesson_1_primeira_dag_v0.py took 0.080 seconds
[2024-10-22T23:06:40.346+0000] {processor.py:186} INFO - Started process (PID=622) to work on /opt/airflow/dags/lesson_1_primeira_dag_v0.py
[2024-10-22T23:06:40.347+0000] {processor.py:914} INFO - Processing file /opt/airflow/dags/lesson_1_primeira_dag_v0.py for tasks to queue
[2024-10-22T23:06:40.350+0000] {logging_mixin.py:190} INFO - [2024-10-22T23:06:40.349+0000] {dagbag.py:588} INFO - Filling up the DagBag from /opt/airflow/dags/lesson_1_primeira_dag_v0.py
[2024-10-22T23:06:40.363+0000] {processor.py:925} INFO - DAG(s) 'primeira_dag_v0' retrieved from /opt/airflow/dags/lesson_1_primeira_dag_v0.py
[2024-10-22T23:06:40.378+0000] {logging_mixin.py:190} INFO - [2024-10-22T23:06:40.378+0000] {dag.py:3239} INFO - Sync 1 DAGs
[2024-10-22T23:06:40.397+0000] {logging_mixin.py:190} INFO - [2024-10-22T23:06:40.397+0000] {dag.py:4180} INFO - Setting next_dagrun for primeira_dag_v0 to 2024-10-20 00:00:00+00:00, run_after=2024-10-21 00:00:00+00:00
[2024-10-22T23:06:40.413+0000] {processor.py:208} INFO - Processing /opt/airflow/dags/lesson_1_primeira_dag_v0.py took 0.072 seconds
[2024-10-22T23:07:10.687+0000] {processor.py:186} INFO - Started process (PID=693) to work on /opt/airflow/dags/lesson_1_primeira_dag_v0.py
[2024-10-22T23:07:10.688+0000] {processor.py:914} INFO - Processing file /opt/airflow/dags/lesson_1_primeira_dag_v0.py for tasks to queue
[2024-10-22T23:07:10.690+0000] {logging_mixin.py:190} INFO - [2024-10-22T23:07:10.690+0000] {dagbag.py:588} INFO - Filling up the DagBag from /opt/airflow/dags/lesson_1_primeira_dag_v0.py
[2024-10-22T23:07:10.703+0000] {processor.py:925} INFO - DAG(s) 'primeira_dag_v0' retrieved from /opt/airflow/dags/lesson_1_primeira_dag_v0.py
[2024-10-22T23:07:10.722+0000] {logging_mixin.py:190} INFO - [2024-10-22T23:07:10.722+0000] {dag.py:3239} INFO - Sync 1 DAGs
[2024-10-22T23:07:10.745+0000] {logging_mixin.py:190} INFO - [2024-10-22T23:07:10.744+0000] {dag.py:4180} INFO - Setting next_dagrun for primeira_dag_v0 to 2024-10-20 00:00:00+00:00, run_after=2024-10-21 00:00:00+00:00
[2024-10-22T23:07:10.770+0000] {processor.py:208} INFO - Processing /opt/airflow/dags/lesson_1_primeira_dag_v0.py took 0.088 seconds
[2024-10-22T23:07:41.533+0000] {processor.py:186} INFO - Started process (PID=763) to work on /opt/airflow/dags/lesson_1_primeira_dag_v0.py
[2024-10-22T23:07:41.534+0000] {processor.py:914} INFO - Processing file /opt/airflow/dags/lesson_1_primeira_dag_v0.py for tasks to queue
[2024-10-22T23:07:41.536+0000] {logging_mixin.py:190} INFO - [2024-10-22T23:07:41.536+0000] {dagbag.py:588} INFO - Filling up the DagBag from /opt/airflow/dags/lesson_1_primeira_dag_v0.py
[2024-10-22T23:07:41.550+0000] {processor.py:925} INFO - DAG(s) 'primeira_dag_v0' retrieved from /opt/airflow/dags/lesson_1_primeira_dag_v0.py
[2024-10-22T23:07:41.565+0000] {logging_mixin.py:190} INFO - [2024-10-22T23:07:41.565+0000] {dag.py:3239} INFO - Sync 1 DAGs
[2024-10-22T23:07:41.586+0000] {logging_mixin.py:190} INFO - [2024-10-22T23:07:41.586+0000] {dag.py:4180} INFO - Setting next_dagrun for primeira_dag_v0 to 2024-10-20 00:00:00+00:00, run_after=2024-10-21 00:00:00+00:00
[2024-10-22T23:07:41.606+0000] {processor.py:208} INFO - Processing /opt/airflow/dags/lesson_1_primeira_dag_v0.py took 0.078 seconds
[2024-10-22T23:08:12.062+0000] {processor.py:186} INFO - Started process (PID=833) to work on /opt/airflow/dags/lesson_1_primeira_dag_v0.py
[2024-10-22T23:08:12.063+0000] {processor.py:914} INFO - Processing file /opt/airflow/dags/lesson_1_primeira_dag_v0.py for tasks to queue
[2024-10-22T23:08:12.065+0000] {logging_mixin.py:190} INFO - [2024-10-22T23:08:12.065+0000] {dagbag.py:588} INFO - Filling up the DagBag from /opt/airflow/dags/lesson_1_primeira_dag_v0.py
[2024-10-22T23:08:12.079+0000] {processor.py:925} INFO - DAG(s) 'primeira_dag_v0' retrieved from /opt/airflow/dags/lesson_1_primeira_dag_v0.py
[2024-10-22T23:08:12.096+0000] {logging_mixin.py:190} INFO - [2024-10-22T23:08:12.096+0000] {dag.py:3239} INFO - Sync 1 DAGs
[2024-10-22T23:08:12.119+0000] {logging_mixin.py:190} INFO - [2024-10-22T23:08:12.118+0000] {dag.py:4180} INFO - Setting next_dagrun for primeira_dag_v0 to 2024-10-20 00:00:00+00:00, run_after=2024-10-21 00:00:00+00:00
[2024-10-22T23:08:12.137+0000] {processor.py:208} INFO - Processing /opt/airflow/dags/lesson_1_primeira_dag_v0.py took 0.080 seconds
[2024-10-22T23:08:42.596+0000] {processor.py:186} INFO - Started process (PID=903) to work on /opt/airflow/dags/lesson_1_primeira_dag_v0.py
[2024-10-22T23:08:42.597+0000] {processor.py:914} INFO - Processing file /opt/airflow/dags/lesson_1_primeira_dag_v0.py for tasks to queue
[2024-10-22T23:08:42.599+0000] {logging_mixin.py:190} INFO - [2024-10-22T23:08:42.599+0000] {dagbag.py:588} INFO - Filling up the DagBag from /opt/airflow/dags/lesson_1_primeira_dag_v0.py
[2024-10-22T23:08:42.615+0000] {processor.py:925} INFO - DAG(s) 'primeira_dag_v0' retrieved from /opt/airflow/dags/lesson_1_primeira_dag_v0.py
[2024-10-22T23:08:42.634+0000] {logging_mixin.py:190} INFO - [2024-10-22T23:08:42.634+0000] {dag.py:3239} INFO - Sync 1 DAGs
[2024-10-22T23:08:42.661+0000] {logging_mixin.py:190} INFO - [2024-10-22T23:08:42.661+0000] {dag.py:4180} INFO - Setting next_dagrun for primeira_dag_v0 to 2024-10-20 00:00:00+00:00, run_after=2024-10-21 00:00:00+00:00
[2024-10-22T23:08:42.678+0000] {processor.py:208} INFO - Processing /opt/airflow/dags/lesson_1_primeira_dag_v0.py took 0.089 seconds
[2024-10-22T23:09:13.299+0000] {processor.py:186} INFO - Started process (PID=973) to work on /opt/airflow/dags/lesson_1_primeira_dag_v0.py
[2024-10-22T23:09:13.300+0000] {processor.py:914} INFO - Processing file /opt/airflow/dags/lesson_1_primeira_dag_v0.py for tasks to queue
[2024-10-22T23:09:13.303+0000] {logging_mixin.py:190} INFO - [2024-10-22T23:09:13.302+0000] {dagbag.py:588} INFO - Filling up the DagBag from /opt/airflow/dags/lesson_1_primeira_dag_v0.py
[2024-10-22T23:09:13.316+0000] {processor.py:925} INFO - DAG(s) 'primeira_dag_v0' retrieved from /opt/airflow/dags/lesson_1_primeira_dag_v0.py
[2024-10-22T23:09:13.333+0000] {logging_mixin.py:190} INFO - [2024-10-22T23:09:13.332+0000] {dag.py:3239} INFO - Sync 1 DAGs
[2024-10-22T23:09:13.354+0000] {logging_mixin.py:190} INFO - [2024-10-22T23:09:13.353+0000] {dag.py:4180} INFO - Setting next_dagrun for primeira_dag_v0 to 2024-10-20 00:00:00+00:00, run_after=2024-10-21 00:00:00+00:00
[2024-10-22T23:09:13.375+0000] {processor.py:208} INFO - Processing /opt/airflow/dags/lesson_1_primeira_dag_v0.py took 0.081 seconds
[2024-10-22T23:09:43.998+0000] {processor.py:186} INFO - Started process (PID=1043) to work on /opt/airflow/dags/lesson_1_primeira_dag_v0.py
[2024-10-22T23:09:43.999+0000] {processor.py:914} INFO - Processing file /opt/airflow/dags/lesson_1_primeira_dag_v0.py for tasks to queue
[2024-10-22T23:09:44.001+0000] {logging_mixin.py:190} INFO - [2024-10-22T23:09:44.001+0000] {dagbag.py:588} INFO - Filling up the DagBag from /opt/airflow/dags/lesson_1_primeira_dag_v0.py
[2024-10-22T23:09:44.018+0000] {processor.py:925} INFO - DAG(s) 'primeira_dag_v0' retrieved from /opt/airflow/dags/lesson_1_primeira_dag_v0.py
[2024-10-22T23:09:44.036+0000] {logging_mixin.py:190} INFO - [2024-10-22T23:09:44.035+0000] {dag.py:3239} INFO - Sync 1 DAGs
[2024-10-22T23:09:44.058+0000] {logging_mixin.py:190} INFO - [2024-10-22T23:09:44.058+0000] {dag.py:4180} INFO - Setting next_dagrun for primeira_dag_v0 to 2024-10-20 00:00:00+00:00, run_after=2024-10-21 00:00:00+00:00
[2024-10-22T23:09:44.086+0000] {processor.py:208} INFO - Processing /opt/airflow/dags/lesson_1_primeira_dag_v0.py took 0.093 seconds
[2024-10-22T23:10:14.466+0000] {processor.py:186} INFO - Started process (PID=1113) to work on /opt/airflow/dags/lesson_1_primeira_dag_v0.py
[2024-10-22T23:10:14.467+0000] {processor.py:914} INFO - Processing file /opt/airflow/dags/lesson_1_primeira_dag_v0.py for tasks to queue
[2024-10-22T23:10:14.469+0000] {logging_mixin.py:190} INFO - [2024-10-22T23:10:14.468+0000] {dagbag.py:588} INFO - Filling up the DagBag from /opt/airflow/dags/lesson_1_primeira_dag_v0.py
[2024-10-22T23:10:14.483+0000] {processor.py:925} INFO - DAG(s) 'primeira_dag_v0' retrieved from /opt/airflow/dags/lesson_1_primeira_dag_v0.py
[2024-10-22T23:10:14.498+0000] {logging_mixin.py:190} INFO - [2024-10-22T23:10:14.498+0000] {dag.py:3239} INFO - Sync 1 DAGs
[2024-10-22T23:10:14.518+0000] {logging_mixin.py:190} INFO - [2024-10-22T23:10:14.518+0000] {dag.py:4180} INFO - Setting next_dagrun for primeira_dag_v0 to 2024-10-20 00:00:00+00:00, run_after=2024-10-21 00:00:00+00:00
[2024-10-22T23:10:14.538+0000] {processor.py:208} INFO - Processing /opt/airflow/dags/lesson_1_primeira_dag_v0.py took 0.080 seconds
[2024-10-22T23:10:44.879+0000] {processor.py:186} INFO - Started process (PID=1183) to work on /opt/airflow/dags/lesson_1_primeira_dag_v0.py
[2024-10-22T23:10:44.880+0000] {processor.py:914} INFO - Processing file /opt/airflow/dags/lesson_1_primeira_dag_v0.py for tasks to queue
[2024-10-22T23:10:44.882+0000] {logging_mixin.py:190} INFO - [2024-10-22T23:10:44.882+0000] {dagbag.py:588} INFO - Filling up the DagBag from /opt/airflow/dags/lesson_1_primeira_dag_v0.py
[2024-10-22T23:10:44.896+0000] {processor.py:925} INFO - DAG(s) 'primeira_dag_v0' retrieved from /opt/airflow/dags/lesson_1_primeira_dag_v0.py
[2024-10-22T23:10:44.913+0000] {logging_mixin.py:190} INFO - [2024-10-22T23:10:44.913+0000] {dag.py:3239} INFO - Sync 1 DAGs
[2024-10-22T23:10:44.934+0000] {logging_mixin.py:190} INFO - [2024-10-22T23:10:44.933+0000] {dag.py:4180} INFO - Setting next_dagrun for primeira_dag_v0 to 2024-10-20 00:00:00+00:00, run_after=2024-10-21 00:00:00+00:00
[2024-10-22T23:10:44.953+0000] {processor.py:208} INFO - Processing /opt/airflow/dags/lesson_1_primeira_dag_v0.py took 0.081 seconds
[2024-10-22T23:11:15.842+0000] {processor.py:186} INFO - Started process (PID=1253) to work on /opt/airflow/dags/lesson_1_primeira_dag_v0.py
[2024-10-22T23:11:15.843+0000] {processor.py:914} INFO - Processing file /opt/airflow/dags/lesson_1_primeira_dag_v0.py for tasks to queue
[2024-10-22T23:11:15.846+0000] {logging_mixin.py:190} INFO - [2024-10-22T23:11:15.845+0000] {dagbag.py:588} INFO - Filling up the DagBag from /opt/airflow/dags/lesson_1_primeira_dag_v0.py
[2024-10-22T23:11:15.862+0000] {processor.py:925} INFO - DAG(s) 'primeira_dag_v0' retrieved from /opt/airflow/dags/lesson_1_primeira_dag_v0.py
[2024-10-22T23:11:15.877+0000] {logging_mixin.py:190} INFO - [2024-10-22T23:11:15.877+0000] {dag.py:3239} INFO - Sync 1 DAGs
[2024-10-22T23:11:15.899+0000] {logging_mixin.py:190} INFO - [2024-10-22T23:11:15.899+0000] {dag.py:4180} INFO - Setting next_dagrun for primeira_dag_v0 to 2024-10-20 00:00:00+00:00, run_after=2024-10-21 00:00:00+00:00
[2024-10-22T23:11:15.919+0000] {processor.py:208} INFO - Processing /opt/airflow/dags/lesson_1_primeira_dag_v0.py took 0.082 seconds
[2024-10-22T23:11:46.358+0000] {processor.py:186} INFO - Started process (PID=1323) to work on /opt/airflow/dags/lesson_1_primeira_dag_v0.py
[2024-10-22T23:11:46.359+0000] {processor.py:914} INFO - Processing file /opt/airflow/dags/lesson_1_primeira_dag_v0.py for tasks to queue
[2024-10-22T23:11:46.362+0000] {logging_mixin.py:190} INFO - [2024-10-22T23:11:46.361+0000] {dagbag.py:588} INFO - Filling up the DagBag from /opt/airflow/dags/lesson_1_primeira_dag_v0.py
[2024-10-22T23:11:46.375+0000] {processor.py:925} INFO - DAG(s) 'primeira_dag_v0' retrieved from /opt/airflow/dags/lesson_1_primeira_dag_v0.py
[2024-10-22T23:11:46.390+0000] {logging_mixin.py:190} INFO - [2024-10-22T23:11:46.390+0000] {dag.py:3239} INFO - Sync 1 DAGs
[2024-10-22T23:11:46.410+0000] {logging_mixin.py:190} INFO - [2024-10-22T23:11:46.409+0000] {dag.py:4180} INFO - Setting next_dagrun for primeira_dag_v0 to 2024-10-20 00:00:00+00:00, run_after=2024-10-21 00:00:00+00:00
[2024-10-22T23:11:46.431+0000] {processor.py:208} INFO - Processing /opt/airflow/dags/lesson_1_primeira_dag_v0.py took 0.078 seconds
[2024-10-22T23:12:17.253+0000] {processor.py:186} INFO - Started process (PID=1393) to work on /opt/airflow/dags/lesson_1_primeira_dag_v0.py
[2024-10-22T23:12:17.254+0000] {processor.py:914} INFO - Processing file /opt/airflow/dags/lesson_1_primeira_dag_v0.py for tasks to queue
[2024-10-22T23:12:17.256+0000] {logging_mixin.py:190} INFO - [2024-10-22T23:12:17.256+0000] {dagbag.py:588} INFO - Filling up the DagBag from /opt/airflow/dags/lesson_1_primeira_dag_v0.py
[2024-10-22T23:12:17.268+0000] {processor.py:925} INFO - DAG(s) 'primeira_dag_v0' retrieved from /opt/airflow/dags/lesson_1_primeira_dag_v0.py
[2024-10-22T23:12:17.283+0000] {logging_mixin.py:190} INFO - [2024-10-22T23:12:17.283+0000] {dag.py:3239} INFO - Sync 1 DAGs
[2024-10-22T23:12:17.301+0000] {logging_mixin.py:190} INFO - [2024-10-22T23:12:17.301+0000] {dag.py:4180} INFO - Setting next_dagrun for primeira_dag_v0 to 2024-10-20 00:00:00+00:00, run_after=2024-10-21 00:00:00+00:00
[2024-10-22T23:12:17.319+0000] {processor.py:208} INFO - Processing /opt/airflow/dags/lesson_1_primeira_dag_v0.py took 0.072 seconds
[2024-10-22T23:12:47.662+0000] {processor.py:186} INFO - Started process (PID=1463) to work on /opt/airflow/dags/lesson_1_primeira_dag_v0.py
[2024-10-22T23:12:47.663+0000] {processor.py:914} INFO - Processing file /opt/airflow/dags/lesson_1_primeira_dag_v0.py for tasks to queue
[2024-10-22T23:12:47.665+0000] {logging_mixin.py:190} INFO - [2024-10-22T23:12:47.665+0000] {dagbag.py:588} INFO - Filling up the DagBag from /opt/airflow/dags/lesson_1_primeira_dag_v0.py
[2024-10-22T23:12:47.679+0000] {processor.py:925} INFO - DAG(s) 'primeira_dag_v0' retrieved from /opt/airflow/dags/lesson_1_primeira_dag_v0.py
[2024-10-22T23:12:47.695+0000] {logging_mixin.py:190} INFO - [2024-10-22T23:12:47.695+0000] {dag.py:3239} INFO - Sync 1 DAGs
[2024-10-22T23:12:47.714+0000] {logging_mixin.py:190} INFO - [2024-10-22T23:12:47.714+0000] {dag.py:4180} INFO - Setting next_dagrun for primeira_dag_v0 to 2024-10-20 00:00:00+00:00, run_after=2024-10-21 00:00:00+00:00
[2024-10-22T23:12:47.735+0000] {processor.py:208} INFO - Processing /opt/airflow/dags/lesson_1_primeira_dag_v0.py took 0.078 seconds
[2024-10-22T23:13:18.076+0000] {processor.py:186} INFO - Started process (PID=1533) to work on /opt/airflow/dags/lesson_1_primeira_dag_v0.py
[2024-10-22T23:13:18.077+0000] {processor.py:914} INFO - Processing file /opt/airflow/dags/lesson_1_primeira_dag_v0.py for tasks to queue
[2024-10-22T23:13:18.079+0000] {logging_mixin.py:190} INFO - [2024-10-22T23:13:18.078+0000] {dagbag.py:588} INFO - Filling up the DagBag from /opt/airflow/dags/lesson_1_primeira_dag_v0.py
[2024-10-22T23:13:18.092+0000] {processor.py:925} INFO - DAG(s) 'primeira_dag_v0' retrieved from /opt/airflow/dags/lesson_1_primeira_dag_v0.py
[2024-10-22T23:13:18.108+0000] {logging_mixin.py:190} INFO - [2024-10-22T23:13:18.108+0000] {dag.py:3239} INFO - Sync 1 DAGs
[2024-10-22T23:13:18.126+0000] {logging_mixin.py:190} INFO - [2024-10-22T23:13:18.126+0000] {dag.py:4180} INFO - Setting next_dagrun for primeira_dag_v0 to 2024-10-20 00:00:00+00:00, run_after=2024-10-21 00:00:00+00:00
[2024-10-22T23:13:18.145+0000] {processor.py:208} INFO - Processing /opt/airflow/dags/lesson_1_primeira_dag_v0.py took 0.075 seconds
[2024-10-22T23:13:48.502+0000] {processor.py:186} INFO - Started process (PID=1604) to work on /opt/airflow/dags/lesson_1_primeira_dag_v0.py
[2024-10-22T23:13:48.503+0000] {processor.py:914} INFO - Processing file /opt/airflow/dags/lesson_1_primeira_dag_v0.py for tasks to queue
[2024-10-22T23:13:48.505+0000] {logging_mixin.py:190} INFO - [2024-10-22T23:13:48.504+0000] {dagbag.py:588} INFO - Filling up the DagBag from /opt/airflow/dags/lesson_1_primeira_dag_v0.py
[2024-10-22T23:13:48.517+0000] {processor.py:925} INFO - DAG(s) 'primeira_dag_v0' retrieved from /opt/airflow/dags/lesson_1_primeira_dag_v0.py
[2024-10-22T23:13:48.531+0000] {logging_mixin.py:190} INFO - [2024-10-22T23:13:48.531+0000] {dag.py:3239} INFO - Sync 1 DAGs
[2024-10-22T23:13:48.550+0000] {logging_mixin.py:190} INFO - [2024-10-22T23:13:48.549+0000] {dag.py:4180} INFO - Setting next_dagrun for primeira_dag_v0 to 2024-10-20 00:00:00+00:00, run_after=2024-10-21 00:00:00+00:00
[2024-10-22T23:13:48.569+0000] {processor.py:208} INFO - Processing /opt/airflow/dags/lesson_1_primeira_dag_v0.py took 0.073 seconds
[2024-10-22T23:14:19.160+0000] {processor.py:186} INFO - Started process (PID=1674) to work on /opt/airflow/dags/lesson_1_primeira_dag_v0.py
[2024-10-22T23:14:19.161+0000] {processor.py:914} INFO - Processing file /opt/airflow/dags/lesson_1_primeira_dag_v0.py for tasks to queue
[2024-10-22T23:14:19.164+0000] {logging_mixin.py:190} INFO - [2024-10-22T23:14:19.163+0000] {dagbag.py:588} INFO - Filling up the DagBag from /opt/airflow/dags/lesson_1_primeira_dag_v0.py
[2024-10-22T23:14:19.183+0000] {processor.py:925} INFO - DAG(s) 'primeira_dag_v0' retrieved from /opt/airflow/dags/lesson_1_primeira_dag_v0.py
[2024-10-22T23:14:19.202+0000] {logging_mixin.py:190} INFO - [2024-10-22T23:14:19.202+0000] {dag.py:3239} INFO - Sync 1 DAGs
[2024-10-22T23:14:19.226+0000] {logging_mixin.py:190} INFO - [2024-10-22T23:14:19.226+0000] {dag.py:4180} INFO - Setting next_dagrun for primeira_dag_v0 to 2024-10-20 00:00:00+00:00, run_after=2024-10-21 00:00:00+00:00
[2024-10-22T23:14:19.246+0000] {processor.py:208} INFO - Processing /opt/airflow/dags/lesson_1_primeira_dag_v0.py took 0.094 seconds
[2024-10-22T23:14:49.644+0000] {processor.py:186} INFO - Started process (PID=1745) to work on /opt/airflow/dags/lesson_1_primeira_dag_v0.py
[2024-10-22T23:14:49.645+0000] {processor.py:914} INFO - Processing file /opt/airflow/dags/lesson_1_primeira_dag_v0.py for tasks to queue
[2024-10-22T23:14:49.647+0000] {logging_mixin.py:190} INFO - [2024-10-22T23:14:49.647+0000] {dagbag.py:588} INFO - Filling up the DagBag from /opt/airflow/dags/lesson_1_primeira_dag_v0.py
[2024-10-22T23:14:49.662+0000] {processor.py:925} INFO - DAG(s) 'primeira_dag_v0' retrieved from /opt/airflow/dags/lesson_1_primeira_dag_v0.py
[2024-10-22T23:14:49.680+0000] {logging_mixin.py:190} INFO - [2024-10-22T23:14:49.680+0000] {dag.py:3239} INFO - Sync 1 DAGs
[2024-10-22T23:14:49.700+0000] {logging_mixin.py:190} INFO - [2024-10-22T23:14:49.700+0000] {dag.py:4180} INFO - Setting next_dagrun for primeira_dag_v0 to 2024-10-20 00:00:00+00:00, run_after=2024-10-21 00:00:00+00:00
[2024-10-22T23:14:49.720+0000] {processor.py:208} INFO - Processing /opt/airflow/dags/lesson_1_primeira_dag_v0.py took 0.081 seconds
[2024-10-22T23:15:20.300+0000] {processor.py:186} INFO - Started process (PID=1815) to work on /opt/airflow/dags/lesson_1_primeira_dag_v0.py
[2024-10-22T23:15:20.300+0000] {processor.py:914} INFO - Processing file /opt/airflow/dags/lesson_1_primeira_dag_v0.py for tasks to queue
[2024-10-22T23:15:20.303+0000] {logging_mixin.py:190} INFO - [2024-10-22T23:15:20.302+0000] {dagbag.py:588} INFO - Filling up the DagBag from /opt/airflow/dags/lesson_1_primeira_dag_v0.py
[2024-10-22T23:15:20.315+0000] {processor.py:925} INFO - DAG(s) 'primeira_dag_v0' retrieved from /opt/airflow/dags/lesson_1_primeira_dag_v0.py
[2024-10-22T23:15:20.331+0000] {logging_mixin.py:190} INFO - [2024-10-22T23:15:20.330+0000] {dag.py:3239} INFO - Sync 1 DAGs
[2024-10-22T23:15:20.351+0000] {logging_mixin.py:190} INFO - [2024-10-22T23:15:20.351+0000] {dag.py:4180} INFO - Setting next_dagrun for primeira_dag_v0 to 2024-10-20 00:00:00+00:00, run_after=2024-10-21 00:00:00+00:00
[2024-10-22T23:15:20.370+0000] {processor.py:208} INFO - Processing /opt/airflow/dags/lesson_1_primeira_dag_v0.py took 0.076 seconds
[2024-10-22T23:15:50.570+0000] {processor.py:186} INFO - Started process (PID=1885) to work on /opt/airflow/dags/lesson_1_primeira_dag_v0.py
[2024-10-22T23:15:50.571+0000] {processor.py:914} INFO - Processing file /opt/airflow/dags/lesson_1_primeira_dag_v0.py for tasks to queue
[2024-10-22T23:15:50.574+0000] {logging_mixin.py:190} INFO - [2024-10-22T23:15:50.573+0000] {dagbag.py:588} INFO - Filling up the DagBag from /opt/airflow/dags/lesson_1_primeira_dag_v0.py
[2024-10-22T23:15:50.587+0000] {processor.py:925} INFO - DAG(s) 'primeira_dag_v0' retrieved from /opt/airflow/dags/lesson_1_primeira_dag_v0.py
[2024-10-22T23:15:50.606+0000] {logging_mixin.py:190} INFO - [2024-10-22T23:15:50.606+0000] {dag.py:3239} INFO - Sync 1 DAGs
[2024-10-22T23:15:50.630+0000] {logging_mixin.py:190} INFO - [2024-10-22T23:15:50.629+0000] {dag.py:4180} INFO - Setting next_dagrun for primeira_dag_v0 to 2024-10-20 00:00:00+00:00, run_after=2024-10-21 00:00:00+00:00
[2024-10-22T23:15:50.648+0000] {processor.py:208} INFO - Processing /opt/airflow/dags/lesson_1_primeira_dag_v0.py took 0.083 seconds
[2024-10-22T23:16:21.252+0000] {processor.py:186} INFO - Started process (PID=1956) to work on /opt/airflow/dags/lesson_1_primeira_dag_v0.py
[2024-10-22T23:16:21.253+0000] {processor.py:914} INFO - Processing file /opt/airflow/dags/lesson_1_primeira_dag_v0.py for tasks to queue
[2024-10-22T23:16:21.254+0000] {logging_mixin.py:190} INFO - [2024-10-22T23:16:21.254+0000] {dagbag.py:588} INFO - Filling up the DagBag from /opt/airflow/dags/lesson_1_primeira_dag_v0.py
[2024-10-22T23:16:21.269+0000] {processor.py:925} INFO - DAG(s) 'primeira_dag_v0' retrieved from /opt/airflow/dags/lesson_1_primeira_dag_v0.py
[2024-10-22T23:16:21.284+0000] {logging_mixin.py:190} INFO - [2024-10-22T23:16:21.284+0000] {dag.py:3239} INFO - Sync 1 DAGs
[2024-10-22T23:16:21.303+0000] {logging_mixin.py:190} INFO - [2024-10-22T23:16:21.303+0000] {dag.py:4180} INFO - Setting next_dagrun for primeira_dag_v0 to 2024-10-20 00:00:00+00:00, run_after=2024-10-21 00:00:00+00:00
[2024-10-22T23:16:21.322+0000] {processor.py:208} INFO - Processing /opt/airflow/dags/lesson_1_primeira_dag_v0.py took 0.075 seconds
[2024-10-22T23:16:51.738+0000] {processor.py:186} INFO - Started process (PID=2026) to work on /opt/airflow/dags/lesson_1_primeira_dag_v0.py
[2024-10-22T23:16:51.739+0000] {processor.py:914} INFO - Processing file /opt/airflow/dags/lesson_1_primeira_dag_v0.py for tasks to queue
[2024-10-22T23:16:51.741+0000] {logging_mixin.py:190} INFO - [2024-10-22T23:16:51.741+0000] {dagbag.py:588} INFO - Filling up the DagBag from /opt/airflow/dags/lesson_1_primeira_dag_v0.py
[2024-10-22T23:16:51.755+0000] {processor.py:925} INFO - DAG(s) 'primeira_dag_v0' retrieved from /opt/airflow/dags/lesson_1_primeira_dag_v0.py
[2024-10-22T23:16:51.772+0000] {logging_mixin.py:190} INFO - [2024-10-22T23:16:51.772+0000] {dag.py:3239} INFO - Sync 1 DAGs
[2024-10-22T23:16:51.792+0000] {logging_mixin.py:190} INFO - [2024-10-22T23:16:51.792+0000] {dag.py:4180} INFO - Setting next_dagrun for primeira_dag_v0 to 2024-10-20 00:00:00+00:00, run_after=2024-10-21 00:00:00+00:00
[2024-10-22T23:16:51.812+0000] {processor.py:208} INFO - Processing /opt/airflow/dags/lesson_1_primeira_dag_v0.py took 0.079 seconds
[2024-10-22T23:17:22.136+0000] {processor.py:186} INFO - Started process (PID=2096) to work on /opt/airflow/dags/lesson_1_primeira_dag_v0.py
[2024-10-22T23:17:22.136+0000] {processor.py:914} INFO - Processing file /opt/airflow/dags/lesson_1_primeira_dag_v0.py for tasks to queue
[2024-10-22T23:17:22.138+0000] {logging_mixin.py:190} INFO - [2024-10-22T23:17:22.138+0000] {dagbag.py:588} INFO - Filling up the DagBag from /opt/airflow/dags/lesson_1_primeira_dag_v0.py
[2024-10-22T23:17:22.152+0000] {processor.py:925} INFO - DAG(s) 'primeira_dag_v0' retrieved from /opt/airflow/dags/lesson_1_primeira_dag_v0.py
[2024-10-22T23:17:22.166+0000] {logging_mixin.py:190} INFO - [2024-10-22T23:17:22.166+0000] {dag.py:3239} INFO - Sync 1 DAGs
[2024-10-22T23:17:22.185+0000] {logging_mixin.py:190} INFO - [2024-10-22T23:17:22.184+0000] {dag.py:4180} INFO - Setting next_dagrun for primeira_dag_v0 to 2024-10-20 00:00:00+00:00, run_after=2024-10-21 00:00:00+00:00
[2024-10-22T23:17:22.202+0000] {processor.py:208} INFO - Processing /opt/airflow/dags/lesson_1_primeira_dag_v0.py took 0.071 seconds
[2024-10-22T23:17:52.484+0000] {processor.py:186} INFO - Started process (PID=2168) to work on /opt/airflow/dags/lesson_1_primeira_dag_v0.py
[2024-10-22T23:17:52.485+0000] {processor.py:914} INFO - Processing file /opt/airflow/dags/lesson_1_primeira_dag_v0.py for tasks to queue
[2024-10-22T23:17:52.487+0000] {logging_mixin.py:190} INFO - [2024-10-22T23:17:52.486+0000] {dagbag.py:588} INFO - Filling up the DagBag from /opt/airflow/dags/lesson_1_primeira_dag_v0.py
[2024-10-22T23:17:52.499+0000] {processor.py:925} INFO - DAG(s) 'primeira_dag_v0' retrieved from /opt/airflow/dags/lesson_1_primeira_dag_v0.py
[2024-10-22T23:17:52.515+0000] {logging_mixin.py:190} INFO - [2024-10-22T23:17:52.514+0000] {dag.py:3239} INFO - Sync 1 DAGs
[2024-10-22T23:17:52.533+0000] {logging_mixin.py:190} INFO - [2024-10-22T23:17:52.533+0000] {dag.py:4180} INFO - Setting next_dagrun for primeira_dag_v0 to 2024-10-20 00:00:00+00:00, run_after=2024-10-21 00:00:00+00:00
[2024-10-22T23:17:52.551+0000] {processor.py:208} INFO - Processing /opt/airflow/dags/lesson_1_primeira_dag_v0.py took 0.073 seconds
[2024-10-22T23:18:22.888+0000] {processor.py:186} INFO - Started process (PID=2239) to work on /opt/airflow/dags/lesson_1_primeira_dag_v0.py
[2024-10-22T23:18:22.890+0000] {processor.py:914} INFO - Processing file /opt/airflow/dags/lesson_1_primeira_dag_v0.py for tasks to queue
[2024-10-22T23:18:22.892+0000] {logging_mixin.py:190} INFO - [2024-10-22T23:18:22.892+0000] {dagbag.py:588} INFO - Filling up the DagBag from /opt/airflow/dags/lesson_1_primeira_dag_v0.py
[2024-10-22T23:18:22.908+0000] {processor.py:925} INFO - DAG(s) 'primeira_dag_v0' retrieved from /opt/airflow/dags/lesson_1_primeira_dag_v0.py
[2024-10-22T23:18:22.927+0000] {logging_mixin.py:190} INFO - [2024-10-22T23:18:22.927+0000] {dag.py:3239} INFO - Sync 1 DAGs
[2024-10-22T23:18:22.951+0000] {logging_mixin.py:190} INFO - [2024-10-22T23:18:22.951+0000] {dag.py:4180} INFO - Setting next_dagrun for primeira_dag_v0 to 2024-10-20 00:00:00+00:00, run_after=2024-10-21 00:00:00+00:00
[2024-10-22T23:18:22.974+0000] {processor.py:208} INFO - Processing /opt/airflow/dags/lesson_1_primeira_dag_v0.py took 0.093 seconds
[2024-10-22T23:18:53.294+0000] {processor.py:186} INFO - Started process (PID=2310) to work on /opt/airflow/dags/lesson_1_primeira_dag_v0.py
[2024-10-22T23:18:53.295+0000] {processor.py:914} INFO - Processing file /opt/airflow/dags/lesson_1_primeira_dag_v0.py for tasks to queue
[2024-10-22T23:18:53.298+0000] {logging_mixin.py:190} INFO - [2024-10-22T23:18:53.298+0000] {dagbag.py:588} INFO - Filling up the DagBag from /opt/airflow/dags/lesson_1_primeira_dag_v0.py
[2024-10-22T23:18:53.319+0000] {processor.py:925} INFO - DAG(s) 'primeira_dag_v0' retrieved from /opt/airflow/dags/lesson_1_primeira_dag_v0.py
[2024-10-22T23:18:53.337+0000] {logging_mixin.py:190} INFO - [2024-10-22T23:18:53.337+0000] {dag.py:3239} INFO - Sync 1 DAGs
[2024-10-22T23:18:53.358+0000] {logging_mixin.py:190} INFO - [2024-10-22T23:18:53.357+0000] {dag.py:4180} INFO - Setting next_dagrun for primeira_dag_v0 to 2024-10-20 00:00:00+00:00, run_after=2024-10-21 00:00:00+00:00
[2024-10-22T23:18:53.378+0000] {processor.py:208} INFO - Processing /opt/airflow/dags/lesson_1_primeira_dag_v0.py took 0.090 seconds
[2024-10-22T23:19:23.728+0000] {processor.py:186} INFO - Started process (PID=2381) to work on /opt/airflow/dags/lesson_1_primeira_dag_v0.py
[2024-10-22T23:19:23.729+0000] {processor.py:914} INFO - Processing file /opt/airflow/dags/lesson_1_primeira_dag_v0.py for tasks to queue
[2024-10-22T23:19:23.732+0000] {logging_mixin.py:190} INFO - [2024-10-22T23:19:23.731+0000] {dagbag.py:588} INFO - Filling up the DagBag from /opt/airflow/dags/lesson_1_primeira_dag_v0.py
[2024-10-22T23:19:23.747+0000] {processor.py:925} INFO - DAG(s) 'primeira_dag_v0' retrieved from /opt/airflow/dags/lesson_1_primeira_dag_v0.py
[2024-10-22T23:19:23.762+0000] {logging_mixin.py:190} INFO - [2024-10-22T23:19:23.762+0000] {dag.py:3239} INFO - Sync 1 DAGs
[2024-10-22T23:19:23.780+0000] {logging_mixin.py:190} INFO - [2024-10-22T23:19:23.779+0000] {dag.py:4180} INFO - Setting next_dagrun for primeira_dag_v0 to 2024-10-20 00:00:00+00:00, run_after=2024-10-21 00:00:00+00:00
[2024-10-22T23:19:23.798+0000] {processor.py:208} INFO - Processing /opt/airflow/dags/lesson_1_primeira_dag_v0.py took 0.077 seconds
[2024-10-22T23:19:54.510+0000] {processor.py:186} INFO - Started process (PID=2452) to work on /opt/airflow/dags/lesson_1_primeira_dag_v0.py
[2024-10-22T23:19:54.511+0000] {processor.py:914} INFO - Processing file /opt/airflow/dags/lesson_1_primeira_dag_v0.py for tasks to queue
[2024-10-22T23:19:54.513+0000] {logging_mixin.py:190} INFO - [2024-10-22T23:19:54.513+0000] {dagbag.py:588} INFO - Filling up the DagBag from /opt/airflow/dags/lesson_1_primeira_dag_v0.py
[2024-10-22T23:19:54.525+0000] {processor.py:925} INFO - DAG(s) 'primeira_dag_v0' retrieved from /opt/airflow/dags/lesson_1_primeira_dag_v0.py
[2024-10-22T23:19:54.540+0000] {logging_mixin.py:190} INFO - [2024-10-22T23:19:54.540+0000] {dag.py:3239} INFO - Sync 1 DAGs
[2024-10-22T23:19:54.559+0000] {logging_mixin.py:190} INFO - [2024-10-22T23:19:54.559+0000] {dag.py:4180} INFO - Setting next_dagrun for primeira_dag_v0 to 2024-10-20 00:00:00+00:00, run_after=2024-10-21 00:00:00+00:00
[2024-10-22T23:19:54.576+0000] {processor.py:208} INFO - Processing /opt/airflow/dags/lesson_1_primeira_dag_v0.py took 0.071 seconds
[2024-10-22T23:20:24.977+0000] {processor.py:186} INFO - Started process (PID=2524) to work on /opt/airflow/dags/lesson_1_primeira_dag_v0.py
[2024-10-22T23:20:24.978+0000] {processor.py:914} INFO - Processing file /opt/airflow/dags/lesson_1_primeira_dag_v0.py for tasks to queue
[2024-10-22T23:20:24.980+0000] {logging_mixin.py:190} INFO - [2024-10-22T23:20:24.980+0000] {dagbag.py:588} INFO - Filling up the DagBag from /opt/airflow/dags/lesson_1_primeira_dag_v0.py
[2024-10-22T23:20:24.996+0000] {processor.py:925} INFO - DAG(s) 'primeira_dag_v0' retrieved from /opt/airflow/dags/lesson_1_primeira_dag_v0.py
[2024-10-22T23:20:25.028+0000] {logging_mixin.py:190} INFO - [2024-10-22T23:20:25.027+0000] {dag.py:3239} INFO - Sync 1 DAGs
[2024-10-22T23:20:25.049+0000] {logging_mixin.py:190} INFO - [2024-10-22T23:20:25.049+0000] {dag.py:4180} INFO - Setting next_dagrun for primeira_dag_v0 to 2024-10-20 00:00:00+00:00, run_after=2024-10-21 00:00:00+00:00
[2024-10-22T23:20:25.068+0000] {processor.py:208} INFO - Processing /opt/airflow/dags/lesson_1_primeira_dag_v0.py took 0.097 seconds
[2024-10-22T23:20:55.834+0000] {processor.py:186} INFO - Started process (PID=2595) to work on /opt/airflow/dags/lesson_1_primeira_dag_v0.py
[2024-10-22T23:20:55.834+0000] {processor.py:914} INFO - Processing file /opt/airflow/dags/lesson_1_primeira_dag_v0.py for tasks to queue
[2024-10-22T23:20:55.837+0000] {logging_mixin.py:190} INFO - [2024-10-22T23:20:55.836+0000] {dagbag.py:588} INFO - Filling up the DagBag from /opt/airflow/dags/lesson_1_primeira_dag_v0.py
[2024-10-22T23:20:55.850+0000] {processor.py:925} INFO - DAG(s) 'primeira_dag_v0' retrieved from /opt/airflow/dags/lesson_1_primeira_dag_v0.py
[2024-10-22T23:20:55.866+0000] {logging_mixin.py:190} INFO - [2024-10-22T23:20:55.866+0000] {dag.py:3239} INFO - Sync 1 DAGs
[2024-10-22T23:20:55.885+0000] {logging_mixin.py:190} INFO - [2024-10-22T23:20:55.884+0000] {dag.py:4180} INFO - Setting next_dagrun for primeira_dag_v0 to 2024-10-20 00:00:00+00:00, run_after=2024-10-21 00:00:00+00:00
[2024-10-22T23:20:55.905+0000] {processor.py:208} INFO - Processing /opt/airflow/dags/lesson_1_primeira_dag_v0.py took 0.076 seconds
[2024-10-22T23:21:26.019+0000] {processor.py:186} INFO - Started process (PID=2666) to work on /opt/airflow/dags/lesson_1_primeira_dag_v0.py
[2024-10-22T23:21:26.020+0000] {processor.py:914} INFO - Processing file /opt/airflow/dags/lesson_1_primeira_dag_v0.py for tasks to queue
[2024-10-22T23:21:26.023+0000] {logging_mixin.py:190} INFO - [2024-10-22T23:21:26.023+0000] {dagbag.py:588} INFO - Filling up the DagBag from /opt/airflow/dags/lesson_1_primeira_dag_v0.py
[2024-10-22T23:21:26.036+0000] {processor.py:925} INFO - DAG(s) 'primeira_dag_v0' retrieved from /opt/airflow/dags/lesson_1_primeira_dag_v0.py
[2024-10-22T23:21:26.052+0000] {logging_mixin.py:190} INFO - [2024-10-22T23:21:26.052+0000] {dag.py:3239} INFO - Sync 1 DAGs
[2024-10-22T23:21:26.071+0000] {logging_mixin.py:190} INFO - [2024-10-22T23:21:26.070+0000] {dag.py:4180} INFO - Setting next_dagrun for primeira_dag_v0 to 2024-10-20 00:00:00+00:00, run_after=2024-10-21 00:00:00+00:00
[2024-10-22T23:21:26.090+0000] {processor.py:208} INFO - Processing /opt/airflow/dags/lesson_1_primeira_dag_v0.py took 0.076 seconds
[2024-10-22T23:21:56.890+0000] {processor.py:186} INFO - Started process (PID=2737) to work on /opt/airflow/dags/lesson_1_primeira_dag_v0.py
[2024-10-22T23:21:56.891+0000] {processor.py:914} INFO - Processing file /opt/airflow/dags/lesson_1_primeira_dag_v0.py for tasks to queue
[2024-10-22T23:21:56.894+0000] {logging_mixin.py:190} INFO - [2024-10-22T23:21:56.893+0000] {dagbag.py:588} INFO - Filling up the DagBag from /opt/airflow/dags/lesson_1_primeira_dag_v0.py
[2024-10-22T23:21:56.909+0000] {processor.py:925} INFO - DAG(s) 'primeira_dag_v0' retrieved from /opt/airflow/dags/lesson_1_primeira_dag_v0.py
[2024-10-22T23:21:56.926+0000] {logging_mixin.py:190} INFO - [2024-10-22T23:21:56.926+0000] {dag.py:3239} INFO - Sync 1 DAGs
[2024-10-22T23:21:56.949+0000] {logging_mixin.py:190} INFO - [2024-10-22T23:21:56.949+0000] {dag.py:4180} INFO - Setting next_dagrun for primeira_dag_v0 to 2024-10-20 00:00:00+00:00, run_after=2024-10-21 00:00:00+00:00
[2024-10-22T23:21:56.970+0000] {processor.py:208} INFO - Processing /opt/airflow/dags/lesson_1_primeira_dag_v0.py took 0.088 seconds
[2024-10-22T23:22:27.975+0000] {processor.py:186} INFO - Started process (PID=2807) to work on /opt/airflow/dags/lesson_1_primeira_dag_v0.py
[2024-10-22T23:22:27.976+0000] {processor.py:914} INFO - Processing file /opt/airflow/dags/lesson_1_primeira_dag_v0.py for tasks to queue
[2024-10-22T23:22:27.978+0000] {logging_mixin.py:190} INFO - [2024-10-22T23:22:27.977+0000] {dagbag.py:588} INFO - Filling up the DagBag from /opt/airflow/dags/lesson_1_primeira_dag_v0.py
[2024-10-22T23:22:27.993+0000] {processor.py:925} INFO - DAG(s) 'primeira_dag_v0' retrieved from /opt/airflow/dags/lesson_1_primeira_dag_v0.py
[2024-10-22T23:22:28.010+0000] {logging_mixin.py:190} INFO - [2024-10-22T23:22:28.010+0000] {dag.py:3239} INFO - Sync 1 DAGs
[2024-10-22T23:22:28.033+0000] {logging_mixin.py:190} INFO - [2024-10-22T23:22:28.033+0000] {dag.py:4180} INFO - Setting next_dagrun for primeira_dag_v0 to 2024-10-20 00:00:00+00:00, run_after=2024-10-21 00:00:00+00:00
[2024-10-22T23:22:28.054+0000] {processor.py:208} INFO - Processing /opt/airflow/dags/lesson_1_primeira_dag_v0.py took 0.085 seconds
[2024-10-22T23:22:59.151+0000] {processor.py:186} INFO - Started process (PID=2879) to work on /opt/airflow/dags/lesson_1_primeira_dag_v0.py
[2024-10-22T23:22:59.152+0000] {processor.py:914} INFO - Processing file /opt/airflow/dags/lesson_1_primeira_dag_v0.py for tasks to queue
[2024-10-22T23:22:59.155+0000] {logging_mixin.py:190} INFO - [2024-10-22T23:22:59.154+0000] {dagbag.py:588} INFO - Filling up the DagBag from /opt/airflow/dags/lesson_1_primeira_dag_v0.py
[2024-10-22T23:22:59.170+0000] {processor.py:925} INFO - DAG(s) 'primeira_dag_v0' retrieved from /opt/airflow/dags/lesson_1_primeira_dag_v0.py
[2024-10-22T23:22:59.184+0000] {logging_mixin.py:190} INFO - [2024-10-22T23:22:59.184+0000] {dag.py:3239} INFO - Sync 1 DAGs
[2024-10-22T23:22:59.203+0000] {logging_mixin.py:190} INFO - [2024-10-22T23:22:59.203+0000] {dag.py:4180} INFO - Setting next_dagrun for primeira_dag_v0 to 2024-10-20 00:00:00+00:00, run_after=2024-10-21 00:00:00+00:00
[2024-10-22T23:22:59.220+0000] {processor.py:208} INFO - Processing /opt/airflow/dags/lesson_1_primeira_dag_v0.py took 0.074 seconds
