[2024-10-22T23:02:36.627+0000] {processor.py:186} INFO - Started process (PID=55) to work on /opt/airflow/dags/lesson_1_primeira_dag_v2.py
[2024-10-22T23:02:36.628+0000] {processor.py:914} INFO - Processing file /opt/airflow/dags/lesson_1_primeira_dag_v2.py for tasks to queue
[2024-10-22T23:02:36.630+0000] {logging_mixin.py:190} INFO - [2024-10-22T23:02:36.630+0000] {dagbag.py:588} INFO - Filling up the DagBag from /opt/airflow/dags/lesson_1_primeira_dag_v2.py
[2024-10-22T23:02:36.645+0000] {processor.py:925} INFO - DAG(s) 'a_primeira_DAG_v1' retrieved from /opt/airflow/dags/lesson_1_primeira_dag_v2.py
[2024-10-22T23:02:36.665+0000] {logging_mixin.py:190} INFO - [2024-10-22T23:02:36.665+0000] {dag.py:3239} INFO - Sync 1 DAGs
[2024-10-22T23:02:36.688+0000] {logging_mixin.py:190} INFO - [2024-10-22T23:02:36.688+0000] {dag.py:4180} INFO - Setting next_dagrun for a_primeira_DAG_v1 to 2024-10-20 00:00:00+00:00, run_after=2024-10-21 00:00:00+00:00
[2024-10-22T23:02:36.715+0000] {processor.py:208} INFO - Processing /opt/airflow/dags/lesson_1_primeira_dag_v2.py took 0.094 seconds
[2024-10-22T23:03:06.794+0000] {processor.py:186} INFO - Started process (PID=125) to work on /opt/airflow/dags/lesson_1_primeira_dag_v2.py
[2024-10-22T23:03:06.795+0000] {processor.py:914} INFO - Processing file /opt/airflow/dags/lesson_1_primeira_dag_v2.py for tasks to queue
[2024-10-22T23:03:06.797+0000] {logging_mixin.py:190} INFO - [2024-10-22T23:03:06.797+0000] {dagbag.py:588} INFO - Filling up the DagBag from /opt/airflow/dags/lesson_1_primeira_dag_v2.py
[2024-10-22T23:03:06.811+0000] {processor.py:925} INFO - DAG(s) 'a_primeira_DAG_v1' retrieved from /opt/airflow/dags/lesson_1_primeira_dag_v2.py
[2024-10-22T23:03:06.827+0000] {logging_mixin.py:190} INFO - [2024-10-22T23:03:06.826+0000] {dag.py:3239} INFO - Sync 1 DAGs
[2024-10-22T23:03:06.847+0000] {logging_mixin.py:190} INFO - [2024-10-22T23:03:06.847+0000] {dag.py:4180} INFO - Setting next_dagrun for a_primeira_DAG_v1 to 2024-10-20 00:00:00+00:00, run_after=2024-10-21 00:00:00+00:00
[2024-10-22T23:03:06.869+0000] {processor.py:208} INFO - Processing /opt/airflow/dags/lesson_1_primeira_dag_v2.py took 0.080 seconds
[2024-10-22T23:03:37.639+0000] {processor.py:186} INFO - Started process (PID=195) to work on /opt/airflow/dags/lesson_1_primeira_dag_v2.py
[2024-10-22T23:03:37.641+0000] {processor.py:914} INFO - Processing file /opt/airflow/dags/lesson_1_primeira_dag_v2.py for tasks to queue
[2024-10-22T23:03:37.644+0000] {logging_mixin.py:190} INFO - [2024-10-22T23:03:37.643+0000] {dagbag.py:588} INFO - Filling up the DagBag from /opt/airflow/dags/lesson_1_primeira_dag_v2.py
[2024-10-22T23:03:37.658+0000] {processor.py:925} INFO - DAG(s) 'a_primeira_DAG_v1' retrieved from /opt/airflow/dags/lesson_1_primeira_dag_v2.py
[2024-10-22T23:03:37.675+0000] {logging_mixin.py:190} INFO - [2024-10-22T23:03:37.675+0000] {dag.py:3239} INFO - Sync 1 DAGs
[2024-10-22T23:03:37.695+0000] {logging_mixin.py:190} INFO - [2024-10-22T23:03:37.694+0000] {dag.py:4180} INFO - Setting next_dagrun for a_primeira_DAG_v1 to 2024-10-20 00:00:00+00:00, run_after=2024-10-21 00:00:00+00:00
[2024-10-22T23:03:37.712+0000] {processor.py:208} INFO - Processing /opt/airflow/dags/lesson_1_primeira_dag_v2.py took 0.079 seconds
[2024-10-22T23:04:08.175+0000] {processor.py:186} INFO - Started process (PID=265) to work on /opt/airflow/dags/lesson_1_primeira_dag_v2.py
[2024-10-22T23:04:08.176+0000] {processor.py:914} INFO - Processing file /opt/airflow/dags/lesson_1_primeira_dag_v2.py for tasks to queue
[2024-10-22T23:04:08.178+0000] {logging_mixin.py:190} INFO - [2024-10-22T23:04:08.178+0000] {dagbag.py:588} INFO - Filling up the DagBag from /opt/airflow/dags/lesson_1_primeira_dag_v2.py
[2024-10-22T23:04:08.192+0000] {processor.py:925} INFO - DAG(s) 'a_primeira_DAG_v1' retrieved from /opt/airflow/dags/lesson_1_primeira_dag_v2.py
[2024-10-22T23:04:08.209+0000] {logging_mixin.py:190} INFO - [2024-10-22T23:04:08.209+0000] {dag.py:3239} INFO - Sync 1 DAGs
[2024-10-22T23:04:08.229+0000] {logging_mixin.py:190} INFO - [2024-10-22T23:04:08.229+0000] {dag.py:4180} INFO - Setting next_dagrun for a_primeira_DAG_v1 to 2024-10-20 00:00:00+00:00, run_after=2024-10-21 00:00:00+00:00
[2024-10-22T23:04:08.250+0000] {processor.py:208} INFO - Processing /opt/airflow/dags/lesson_1_primeira_dag_v2.py took 0.079 seconds
[2024-10-22T23:04:38.531+0000] {processor.py:186} INFO - Started process (PID=335) to work on /opt/airflow/dags/lesson_1_primeira_dag_v2.py
[2024-10-22T23:04:38.533+0000] {processor.py:914} INFO - Processing file /opt/airflow/dags/lesson_1_primeira_dag_v2.py for tasks to queue
[2024-10-22T23:04:38.535+0000] {logging_mixin.py:190} INFO - [2024-10-22T23:04:38.535+0000] {dagbag.py:588} INFO - Filling up the DagBag from /opt/airflow/dags/lesson_1_primeira_dag_v2.py
[2024-10-22T23:04:38.550+0000] {processor.py:925} INFO - DAG(s) 'a_primeira_DAG_v1' retrieved from /opt/airflow/dags/lesson_1_primeira_dag_v2.py
[2024-10-22T23:04:38.565+0000] {logging_mixin.py:190} INFO - [2024-10-22T23:04:38.565+0000] {dag.py:3239} INFO - Sync 1 DAGs
[2024-10-22T23:04:38.585+0000] {logging_mixin.py:190} INFO - [2024-10-22T23:04:38.585+0000] {dag.py:4180} INFO - Setting next_dagrun for a_primeira_DAG_v1 to 2024-10-20 00:00:00+00:00, run_after=2024-10-21 00:00:00+00:00
[2024-10-22T23:04:38.603+0000] {processor.py:208} INFO - Processing /opt/airflow/dags/lesson_1_primeira_dag_v2.py took 0.077 seconds
[2024-10-22T23:05:08.822+0000] {processor.py:186} INFO - Started process (PID=405) to work on /opt/airflow/dags/lesson_1_primeira_dag_v2.py
[2024-10-22T23:05:08.823+0000] {processor.py:914} INFO - Processing file /opt/airflow/dags/lesson_1_primeira_dag_v2.py for tasks to queue
[2024-10-22T23:05:08.825+0000] {logging_mixin.py:190} INFO - [2024-10-22T23:05:08.825+0000] {dagbag.py:588} INFO - Filling up the DagBag from /opt/airflow/dags/lesson_1_primeira_dag_v2.py
[2024-10-22T23:05:08.839+0000] {processor.py:925} INFO - DAG(s) 'a_primeira_DAG_v1' retrieved from /opt/airflow/dags/lesson_1_primeira_dag_v2.py
[2024-10-22T23:05:08.855+0000] {logging_mixin.py:190} INFO - [2024-10-22T23:05:08.855+0000] {dag.py:3239} INFO - Sync 1 DAGs
[2024-10-22T23:05:08.873+0000] {logging_mixin.py:190} INFO - [2024-10-22T23:05:08.873+0000] {dag.py:4180} INFO - Setting next_dagrun for a_primeira_DAG_v1 to 2024-10-20 00:00:00+00:00, run_after=2024-10-21 00:00:00+00:00
[2024-10-22T23:05:08.891+0000] {processor.py:208} INFO - Processing /opt/airflow/dags/lesson_1_primeira_dag_v2.py took 0.074 seconds
[2024-10-22T23:05:39.407+0000] {processor.py:186} INFO - Started process (PID=481) to work on /opt/airflow/dags/lesson_1_primeira_dag_v2.py
[2024-10-22T23:05:39.407+0000] {processor.py:914} INFO - Processing file /opt/airflow/dags/lesson_1_primeira_dag_v2.py for tasks to queue
[2024-10-22T23:05:39.410+0000] {logging_mixin.py:190} INFO - [2024-10-22T23:05:39.409+0000] {dagbag.py:588} INFO - Filling up the DagBag from /opt/airflow/dags/lesson_1_primeira_dag_v2.py
[2024-10-22T23:05:39.423+0000] {processor.py:925} INFO - DAG(s) 'a_primeira_DAG_v1' retrieved from /opt/airflow/dags/lesson_1_primeira_dag_v2.py
[2024-10-22T23:05:39.453+0000] {logging_mixin.py:190} INFO - [2024-10-22T23:05:39.453+0000] {dag.py:3239} INFO - Sync 1 DAGs
[2024-10-22T23:05:39.473+0000] {logging_mixin.py:190} INFO - [2024-10-22T23:05:39.473+0000] {dag.py:4180} INFO - Setting next_dagrun for a_primeira_DAG_v1 to 2024-10-20 00:00:00+00:00, run_after=2024-10-21 00:00:00+00:00
[2024-10-22T23:05:39.493+0000] {processor.py:208} INFO - Processing /opt/airflow/dags/lesson_1_primeira_dag_v2.py took 0.091 seconds
[2024-10-22T23:06:09.876+0000] {processor.py:186} INFO - Started process (PID=551) to work on /opt/airflow/dags/lesson_1_primeira_dag_v2.py
[2024-10-22T23:06:09.877+0000] {processor.py:914} INFO - Processing file /opt/airflow/dags/lesson_1_primeira_dag_v2.py for tasks to queue
[2024-10-22T23:06:09.881+0000] {logging_mixin.py:190} INFO - [2024-10-22T23:06:09.880+0000] {dagbag.py:588} INFO - Filling up the DagBag from /opt/airflow/dags/lesson_1_primeira_dag_v2.py
[2024-10-22T23:06:09.896+0000] {processor.py:925} INFO - DAG(s) 'a_primeira_DAG_v1' retrieved from /opt/airflow/dags/lesson_1_primeira_dag_v2.py
[2024-10-22T23:06:09.913+0000] {logging_mixin.py:190} INFO - [2024-10-22T23:06:09.913+0000] {dag.py:3239} INFO - Sync 1 DAGs
[2024-10-22T23:06:09.935+0000] {logging_mixin.py:190} INFO - [2024-10-22T23:06:09.934+0000] {dag.py:4180} INFO - Setting next_dagrun for a_primeira_DAG_v1 to 2024-10-20 00:00:00+00:00, run_after=2024-10-21 00:00:00+00:00
[2024-10-22T23:06:09.953+0000] {processor.py:208} INFO - Processing /opt/airflow/dags/lesson_1_primeira_dag_v2.py took 0.082 seconds
[2024-10-22T23:06:40.230+0000] {processor.py:186} INFO - Started process (PID=621) to work on /opt/airflow/dags/lesson_1_primeira_dag_v2.py
[2024-10-22T23:06:40.231+0000] {processor.py:914} INFO - Processing file /opt/airflow/dags/lesson_1_primeira_dag_v2.py for tasks to queue
[2024-10-22T23:06:40.233+0000] {logging_mixin.py:190} INFO - [2024-10-22T23:06:40.233+0000] {dagbag.py:588} INFO - Filling up the DagBag from /opt/airflow/dags/lesson_1_primeira_dag_v2.py
[2024-10-22T23:06:40.250+0000] {processor.py:925} INFO - DAG(s) 'a_primeira_DAG_v1' retrieved from /opt/airflow/dags/lesson_1_primeira_dag_v2.py
[2024-10-22T23:06:40.266+0000] {logging_mixin.py:190} INFO - [2024-10-22T23:06:40.266+0000] {dag.py:3239} INFO - Sync 1 DAGs
[2024-10-22T23:06:40.298+0000] {logging_mixin.py:190} INFO - [2024-10-22T23:06:40.298+0000] {dag.py:4180} INFO - Setting next_dagrun for a_primeira_DAG_v1 to 2024-10-20 00:00:00+00:00, run_after=2024-10-21 00:00:00+00:00
[2024-10-22T23:06:40.317+0000] {processor.py:208} INFO - Processing /opt/airflow/dags/lesson_1_primeira_dag_v2.py took 0.094 seconds
[2024-10-22T23:07:10.559+0000] {processor.py:186} INFO - Started process (PID=692) to work on /opt/airflow/dags/lesson_1_primeira_dag_v2.py
[2024-10-22T23:07:10.560+0000] {processor.py:914} INFO - Processing file /opt/airflow/dags/lesson_1_primeira_dag_v2.py for tasks to queue
[2024-10-22T23:07:10.562+0000] {logging_mixin.py:190} INFO - [2024-10-22T23:07:10.561+0000] {dagbag.py:588} INFO - Filling up the DagBag from /opt/airflow/dags/lesson_1_primeira_dag_v2.py
[2024-10-22T23:07:10.580+0000] {processor.py:925} INFO - DAG(s) 'a_primeira_DAG_v1' retrieved from /opt/airflow/dags/lesson_1_primeira_dag_v2.py
[2024-10-22T23:07:10.601+0000] {logging_mixin.py:190} INFO - [2024-10-22T23:07:10.600+0000] {dag.py:3239} INFO - Sync 1 DAGs
[2024-10-22T23:07:10.622+0000] {logging_mixin.py:190} INFO - [2024-10-22T23:07:10.622+0000] {dag.py:4180} INFO - Setting next_dagrun for a_primeira_DAG_v1 to 2024-10-20 00:00:00+00:00, run_after=2024-10-21 00:00:00+00:00
[2024-10-22T23:07:10.643+0000] {processor.py:208} INFO - Processing /opt/airflow/dags/lesson_1_primeira_dag_v2.py took 0.089 seconds
[2024-10-22T23:07:41.527+0000] {processor.py:186} INFO - Started process (PID=762) to work on /opt/airflow/dags/lesson_1_primeira_dag_v2.py
[2024-10-22T23:07:41.527+0000] {processor.py:914} INFO - Processing file /opt/airflow/dags/lesson_1_primeira_dag_v2.py for tasks to queue
[2024-10-22T23:07:41.530+0000] {logging_mixin.py:190} INFO - [2024-10-22T23:07:41.530+0000] {dagbag.py:588} INFO - Filling up the DagBag from /opt/airflow/dags/lesson_1_primeira_dag_v2.py
[2024-10-22T23:07:41.545+0000] {processor.py:925} INFO - DAG(s) 'a_primeira_DAG_v1' retrieved from /opt/airflow/dags/lesson_1_primeira_dag_v2.py
[2024-10-22T23:07:41.561+0000] {logging_mixin.py:190} INFO - [2024-10-22T23:07:41.560+0000] {dag.py:3239} INFO - Sync 1 DAGs
[2024-10-22T23:07:41.581+0000] {logging_mixin.py:190} INFO - [2024-10-22T23:07:41.581+0000] {dag.py:4180} INFO - Setting next_dagrun for a_primeira_DAG_v1 to 2024-10-20 00:00:00+00:00, run_after=2024-10-21 00:00:00+00:00
[2024-10-22T23:07:41.603+0000] {processor.py:208} INFO - Processing /opt/airflow/dags/lesson_1_primeira_dag_v2.py took 0.081 seconds
[2024-10-22T23:08:12.054+0000] {processor.py:186} INFO - Started process (PID=832) to work on /opt/airflow/dags/lesson_1_primeira_dag_v2.py
[2024-10-22T23:08:12.055+0000] {processor.py:914} INFO - Processing file /opt/airflow/dags/lesson_1_primeira_dag_v2.py for tasks to queue
[2024-10-22T23:08:12.058+0000] {logging_mixin.py:190} INFO - [2024-10-22T23:08:12.057+0000] {dagbag.py:588} INFO - Filling up the DagBag from /opt/airflow/dags/lesson_1_primeira_dag_v2.py
[2024-10-22T23:08:12.072+0000] {processor.py:925} INFO - DAG(s) 'a_primeira_DAG_v1' retrieved from /opt/airflow/dags/lesson_1_primeira_dag_v2.py
[2024-10-22T23:08:12.089+0000] {logging_mixin.py:190} INFO - [2024-10-22T23:08:12.089+0000] {dag.py:3239} INFO - Sync 1 DAGs
[2024-10-22T23:08:12.112+0000] {logging_mixin.py:190} INFO - [2024-10-22T23:08:12.112+0000] {dag.py:4180} INFO - Setting next_dagrun for a_primeira_DAG_v1 to 2024-10-20 00:00:00+00:00, run_after=2024-10-21 00:00:00+00:00
[2024-10-22T23:08:12.132+0000] {processor.py:208} INFO - Processing /opt/airflow/dags/lesson_1_primeira_dag_v2.py took 0.082 seconds
[2024-10-22T23:08:42.585+0000] {processor.py:186} INFO - Started process (PID=902) to work on /opt/airflow/dags/lesson_1_primeira_dag_v2.py
[2024-10-22T23:08:42.586+0000] {processor.py:914} INFO - Processing file /opt/airflow/dags/lesson_1_primeira_dag_v2.py for tasks to queue
[2024-10-22T23:08:42.588+0000] {logging_mixin.py:190} INFO - [2024-10-22T23:08:42.588+0000] {dagbag.py:588} INFO - Filling up the DagBag from /opt/airflow/dags/lesson_1_primeira_dag_v2.py
[2024-10-22T23:08:42.605+0000] {processor.py:925} INFO - DAG(s) 'a_primeira_DAG_v1' retrieved from /opt/airflow/dags/lesson_1_primeira_dag_v2.py
[2024-10-22T23:08:42.623+0000] {logging_mixin.py:190} INFO - [2024-10-22T23:08:42.622+0000] {dag.py:3239} INFO - Sync 1 DAGs
[2024-10-22T23:08:42.648+0000] {logging_mixin.py:190} INFO - [2024-10-22T23:08:42.648+0000] {dag.py:4180} INFO - Setting next_dagrun for a_primeira_DAG_v1 to 2024-10-20 00:00:00+00:00, run_after=2024-10-21 00:00:00+00:00
[2024-10-22T23:08:42.672+0000] {processor.py:208} INFO - Processing /opt/airflow/dags/lesson_1_primeira_dag_v2.py took 0.093 seconds
[2024-10-22T23:09:13.292+0000] {processor.py:186} INFO - Started process (PID=972) to work on /opt/airflow/dags/lesson_1_primeira_dag_v2.py
[2024-10-22T23:09:13.293+0000] {processor.py:914} INFO - Processing file /opt/airflow/dags/lesson_1_primeira_dag_v2.py for tasks to queue
[2024-10-22T23:09:13.295+0000] {logging_mixin.py:190} INFO - [2024-10-22T23:09:13.295+0000] {dagbag.py:588} INFO - Filling up the DagBag from /opt/airflow/dags/lesson_1_primeira_dag_v2.py
[2024-10-22T23:09:13.308+0000] {processor.py:925} INFO - DAG(s) 'a_primeira_DAG_v1' retrieved from /opt/airflow/dags/lesson_1_primeira_dag_v2.py
[2024-10-22T23:09:13.326+0000] {logging_mixin.py:190} INFO - [2024-10-22T23:09:13.326+0000] {dag.py:3239} INFO - Sync 1 DAGs
[2024-10-22T23:09:13.346+0000] {logging_mixin.py:190} INFO - [2024-10-22T23:09:13.346+0000] {dag.py:4180} INFO - Setting next_dagrun for a_primeira_DAG_v1 to 2024-10-20 00:00:00+00:00, run_after=2024-10-21 00:00:00+00:00
[2024-10-22T23:09:13.366+0000] {processor.py:208} INFO - Processing /opt/airflow/dags/lesson_1_primeira_dag_v2.py took 0.079 seconds
[2024-10-22T23:09:43.991+0000] {processor.py:186} INFO - Started process (PID=1042) to work on /opt/airflow/dags/lesson_1_primeira_dag_v2.py
[2024-10-22T23:09:43.992+0000] {processor.py:914} INFO - Processing file /opt/airflow/dags/lesson_1_primeira_dag_v2.py for tasks to queue
[2024-10-22T23:09:43.995+0000] {logging_mixin.py:190} INFO - [2024-10-22T23:09:43.994+0000] {dagbag.py:588} INFO - Filling up the DagBag from /opt/airflow/dags/lesson_1_primeira_dag_v2.py
[2024-10-22T23:09:44.012+0000] {processor.py:925} INFO - DAG(s) 'a_primeira_DAG_v1' retrieved from /opt/airflow/dags/lesson_1_primeira_dag_v2.py
[2024-10-22T23:09:44.031+0000] {logging_mixin.py:190} INFO - [2024-10-22T23:09:44.031+0000] {dag.py:3239} INFO - Sync 1 DAGs
[2024-10-22T23:09:44.052+0000] {logging_mixin.py:190} INFO - [2024-10-22T23:09:44.052+0000] {dag.py:4180} INFO - Setting next_dagrun for a_primeira_DAG_v1 to 2024-10-20 00:00:00+00:00, run_after=2024-10-21 00:00:00+00:00
[2024-10-22T23:09:44.086+0000] {processor.py:208} INFO - Processing /opt/airflow/dags/lesson_1_primeira_dag_v2.py took 0.101 seconds
[2024-10-22T23:10:14.364+0000] {processor.py:186} INFO - Started process (PID=1112) to work on /opt/airflow/dags/lesson_1_primeira_dag_v2.py
[2024-10-22T23:10:14.364+0000] {processor.py:914} INFO - Processing file /opt/airflow/dags/lesson_1_primeira_dag_v2.py for tasks to queue
[2024-10-22T23:10:14.366+0000] {logging_mixin.py:190} INFO - [2024-10-22T23:10:14.366+0000] {dagbag.py:588} INFO - Filling up the DagBag from /opt/airflow/dags/lesson_1_primeira_dag_v2.py
[2024-10-22T23:10:14.379+0000] {processor.py:925} INFO - DAG(s) 'a_primeira_DAG_v1' retrieved from /opt/airflow/dags/lesson_1_primeira_dag_v2.py
[2024-10-22T23:10:14.395+0000] {logging_mixin.py:190} INFO - [2024-10-22T23:10:14.395+0000] {dag.py:3239} INFO - Sync 1 DAGs
[2024-10-22T23:10:14.414+0000] {logging_mixin.py:190} INFO - [2024-10-22T23:10:14.414+0000] {dag.py:4180} INFO - Setting next_dagrun for a_primeira_DAG_v1 to 2024-10-20 00:00:00+00:00, run_after=2024-10-21 00:00:00+00:00
[2024-10-22T23:10:14.431+0000] {processor.py:208} INFO - Processing /opt/airflow/dags/lesson_1_primeira_dag_v2.py took 0.072 seconds
[2024-10-22T23:10:44.871+0000] {processor.py:186} INFO - Started process (PID=1182) to work on /opt/airflow/dags/lesson_1_primeira_dag_v2.py
[2024-10-22T23:10:44.872+0000] {processor.py:914} INFO - Processing file /opt/airflow/dags/lesson_1_primeira_dag_v2.py for tasks to queue
[2024-10-22T23:10:44.874+0000] {logging_mixin.py:190} INFO - [2024-10-22T23:10:44.874+0000] {dagbag.py:588} INFO - Filling up the DagBag from /opt/airflow/dags/lesson_1_primeira_dag_v2.py
[2024-10-22T23:10:44.887+0000] {processor.py:925} INFO - DAG(s) 'a_primeira_DAG_v1' retrieved from /opt/airflow/dags/lesson_1_primeira_dag_v2.py
[2024-10-22T23:10:44.905+0000] {logging_mixin.py:190} INFO - [2024-10-22T23:10:44.904+0000] {dag.py:3239} INFO - Sync 1 DAGs
[2024-10-22T23:10:44.926+0000] {logging_mixin.py:190} INFO - [2024-10-22T23:10:44.925+0000] {dag.py:4180} INFO - Setting next_dagrun for a_primeira_DAG_v1 to 2024-10-20 00:00:00+00:00, run_after=2024-10-21 00:00:00+00:00
[2024-10-22T23:10:44.946+0000] {processor.py:208} INFO - Processing /opt/airflow/dags/lesson_1_primeira_dag_v2.py took 0.080 seconds
[2024-10-22T23:11:15.833+0000] {processor.py:186} INFO - Started process (PID=1252) to work on /opt/airflow/dags/lesson_1_primeira_dag_v2.py
[2024-10-22T23:11:15.834+0000] {processor.py:914} INFO - Processing file /opt/airflow/dags/lesson_1_primeira_dag_v2.py for tasks to queue
[2024-10-22T23:11:15.836+0000] {logging_mixin.py:190} INFO - [2024-10-22T23:11:15.836+0000] {dagbag.py:588} INFO - Filling up the DagBag from /opt/airflow/dags/lesson_1_primeira_dag_v2.py
[2024-10-22T23:11:15.852+0000] {processor.py:925} INFO - DAG(s) 'a_primeira_DAG_v1' retrieved from /opt/airflow/dags/lesson_1_primeira_dag_v2.py
[2024-10-22T23:11:15.869+0000] {logging_mixin.py:190} INFO - [2024-10-22T23:11:15.869+0000] {dag.py:3239} INFO - Sync 1 DAGs
[2024-10-22T23:11:15.889+0000] {logging_mixin.py:190} INFO - [2024-10-22T23:11:15.889+0000] {dag.py:4180} INFO - Setting next_dagrun for a_primeira_DAG_v1 to 2024-10-20 00:00:00+00:00, run_after=2024-10-21 00:00:00+00:00
[2024-10-22T23:11:15.910+0000] {processor.py:208} INFO - Processing /opt/airflow/dags/lesson_1_primeira_dag_v2.py took 0.082 seconds
[2024-10-22T23:11:46.352+0000] {processor.py:186} INFO - Started process (PID=1322) to work on /opt/airflow/dags/lesson_1_primeira_dag_v2.py
[2024-10-22T23:11:46.353+0000] {processor.py:914} INFO - Processing file /opt/airflow/dags/lesson_1_primeira_dag_v2.py for tasks to queue
[2024-10-22T23:11:46.354+0000] {logging_mixin.py:190} INFO - [2024-10-22T23:11:46.354+0000] {dagbag.py:588} INFO - Filling up the DagBag from /opt/airflow/dags/lesson_1_primeira_dag_v2.py
[2024-10-22T23:11:46.367+0000] {processor.py:925} INFO - DAG(s) 'a_primeira_DAG_v1' retrieved from /opt/airflow/dags/lesson_1_primeira_dag_v2.py
[2024-10-22T23:11:46.384+0000] {logging_mixin.py:190} INFO - [2024-10-22T23:11:46.384+0000] {dag.py:3239} INFO - Sync 1 DAGs
[2024-10-22T23:11:46.404+0000] {logging_mixin.py:190} INFO - [2024-10-22T23:11:46.404+0000] {dag.py:4180} INFO - Setting next_dagrun for a_primeira_DAG_v1 to 2024-10-20 00:00:00+00:00, run_after=2024-10-21 00:00:00+00:00
[2024-10-22T23:11:46.424+0000] {processor.py:208} INFO - Processing /opt/airflow/dags/lesson_1_primeira_dag_v2.py took 0.077 seconds
[2024-10-22T23:12:17.247+0000] {processor.py:186} INFO - Started process (PID=1392) to work on /opt/airflow/dags/lesson_1_primeira_dag_v2.py
[2024-10-22T23:12:17.248+0000] {processor.py:914} INFO - Processing file /opt/airflow/dags/lesson_1_primeira_dag_v2.py for tasks to queue
[2024-10-22T23:12:17.249+0000] {logging_mixin.py:190} INFO - [2024-10-22T23:12:17.249+0000] {dagbag.py:588} INFO - Filling up the DagBag from /opt/airflow/dags/lesson_1_primeira_dag_v2.py
[2024-10-22T23:12:17.263+0000] {processor.py:925} INFO - DAG(s) 'a_primeira_DAG_v1' retrieved from /opt/airflow/dags/lesson_1_primeira_dag_v2.py
[2024-10-22T23:12:17.278+0000] {logging_mixin.py:190} INFO - [2024-10-22T23:12:17.278+0000] {dag.py:3239} INFO - Sync 1 DAGs
[2024-10-22T23:12:17.296+0000] {logging_mixin.py:190} INFO - [2024-10-22T23:12:17.296+0000] {dag.py:4180} INFO - Setting next_dagrun for a_primeira_DAG_v1 to 2024-10-20 00:00:00+00:00, run_after=2024-10-21 00:00:00+00:00
[2024-10-22T23:12:17.316+0000] {processor.py:208} INFO - Processing /opt/airflow/dags/lesson_1_primeira_dag_v2.py took 0.074 seconds
[2024-10-22T23:12:47.560+0000] {processor.py:186} INFO - Started process (PID=1462) to work on /opt/airflow/dags/lesson_1_primeira_dag_v2.py
[2024-10-22T23:12:47.561+0000] {processor.py:914} INFO - Processing file /opt/airflow/dags/lesson_1_primeira_dag_v2.py for tasks to queue
[2024-10-22T23:12:47.563+0000] {logging_mixin.py:190} INFO - [2024-10-22T23:12:47.562+0000] {dagbag.py:588} INFO - Filling up the DagBag from /opt/airflow/dags/lesson_1_primeira_dag_v2.py
[2024-10-22T23:12:47.575+0000] {processor.py:925} INFO - DAG(s) 'a_primeira_DAG_v1' retrieved from /opt/airflow/dags/lesson_1_primeira_dag_v2.py
[2024-10-22T23:12:47.590+0000] {logging_mixin.py:190} INFO - [2024-10-22T23:12:47.590+0000] {dag.py:3239} INFO - Sync 1 DAGs
[2024-10-22T23:12:47.608+0000] {logging_mixin.py:190} INFO - [2024-10-22T23:12:47.607+0000] {dag.py:4180} INFO - Setting next_dagrun for a_primeira_DAG_v1 to 2024-10-20 00:00:00+00:00, run_after=2024-10-21 00:00:00+00:00
[2024-10-22T23:12:47.626+0000] {processor.py:208} INFO - Processing /opt/airflow/dags/lesson_1_primeira_dag_v2.py took 0.071 seconds
[2024-10-22T23:13:18.070+0000] {processor.py:186} INFO - Started process (PID=1532) to work on /opt/airflow/dags/lesson_1_primeira_dag_v2.py
[2024-10-22T23:13:18.071+0000] {processor.py:914} INFO - Processing file /opt/airflow/dags/lesson_1_primeira_dag_v2.py for tasks to queue
[2024-10-22T23:13:18.073+0000] {logging_mixin.py:190} INFO - [2024-10-22T23:13:18.073+0000] {dagbag.py:588} INFO - Filling up the DagBag from /opt/airflow/dags/lesson_1_primeira_dag_v2.py
[2024-10-22T23:13:18.089+0000] {processor.py:925} INFO - DAG(s) 'a_primeira_DAG_v1' retrieved from /opt/airflow/dags/lesson_1_primeira_dag_v2.py
[2024-10-22T23:13:18.106+0000] {logging_mixin.py:190} INFO - [2024-10-22T23:13:18.106+0000] {dag.py:3239} INFO - Sync 1 DAGs
[2024-10-22T23:13:18.125+0000] {logging_mixin.py:190} INFO - [2024-10-22T23:13:18.125+0000] {dag.py:4180} INFO - Setting next_dagrun for a_primeira_DAG_v1 to 2024-10-20 00:00:00+00:00, run_after=2024-10-21 00:00:00+00:00
[2024-10-22T23:13:18.144+0000] {processor.py:208} INFO - Processing /opt/airflow/dags/lesson_1_primeira_dag_v2.py took 0.080 seconds
[2024-10-22T23:13:48.388+0000] {processor.py:186} INFO - Started process (PID=1603) to work on /opt/airflow/dags/lesson_1_primeira_dag_v2.py
[2024-10-22T23:13:48.389+0000] {processor.py:914} INFO - Processing file /opt/airflow/dags/lesson_1_primeira_dag_v2.py for tasks to queue
[2024-10-22T23:13:48.392+0000] {logging_mixin.py:190} INFO - [2024-10-22T23:13:48.392+0000] {dagbag.py:588} INFO - Filling up the DagBag from /opt/airflow/dags/lesson_1_primeira_dag_v2.py
[2024-10-22T23:13:48.406+0000] {processor.py:925} INFO - DAG(s) 'a_primeira_DAG_v1' retrieved from /opt/airflow/dags/lesson_1_primeira_dag_v2.py
[2024-10-22T23:13:48.422+0000] {logging_mixin.py:190} INFO - [2024-10-22T23:13:48.422+0000] {dag.py:3239} INFO - Sync 1 DAGs
[2024-10-22T23:13:48.441+0000] {logging_mixin.py:190} INFO - [2024-10-22T23:13:48.441+0000] {dag.py:4180} INFO - Setting next_dagrun for a_primeira_DAG_v1 to 2024-10-20 00:00:00+00:00, run_after=2024-10-21 00:00:00+00:00
[2024-10-22T23:13:48.463+0000] {processor.py:208} INFO - Processing /opt/airflow/dags/lesson_1_primeira_dag_v2.py took 0.080 seconds
[2024-10-22T23:14:19.151+0000] {processor.py:186} INFO - Started process (PID=1673) to work on /opt/airflow/dags/lesson_1_primeira_dag_v2.py
[2024-10-22T23:14:19.152+0000] {processor.py:914} INFO - Processing file /opt/airflow/dags/lesson_1_primeira_dag_v2.py for tasks to queue
[2024-10-22T23:14:19.155+0000] {logging_mixin.py:190} INFO - [2024-10-22T23:14:19.155+0000] {dagbag.py:588} INFO - Filling up the DagBag from /opt/airflow/dags/lesson_1_primeira_dag_v2.py
[2024-10-22T23:14:19.169+0000] {processor.py:925} INFO - DAG(s) 'a_primeira_DAG_v1' retrieved from /opt/airflow/dags/lesson_1_primeira_dag_v2.py
[2024-10-22T23:14:19.191+0000] {logging_mixin.py:190} INFO - [2024-10-22T23:14:19.191+0000] {dag.py:3239} INFO - Sync 1 DAGs
[2024-10-22T23:14:19.215+0000] {logging_mixin.py:190} INFO - [2024-10-22T23:14:19.215+0000] {dag.py:4180} INFO - Setting next_dagrun for a_primeira_DAG_v1 to 2024-10-20 00:00:00+00:00, run_after=2024-10-21 00:00:00+00:00
[2024-10-22T23:14:19.233+0000] {processor.py:208} INFO - Processing /opt/airflow/dags/lesson_1_primeira_dag_v2.py took 0.087 seconds
[2024-10-22T23:14:49.635+0000] {processor.py:186} INFO - Started process (PID=1744) to work on /opt/airflow/dags/lesson_1_primeira_dag_v2.py
[2024-10-22T23:14:49.636+0000] {processor.py:914} INFO - Processing file /opt/airflow/dags/lesson_1_primeira_dag_v2.py for tasks to queue
[2024-10-22T23:14:49.639+0000] {logging_mixin.py:190} INFO - [2024-10-22T23:14:49.638+0000] {dagbag.py:588} INFO - Filling up the DagBag from /opt/airflow/dags/lesson_1_primeira_dag_v2.py
[2024-10-22T23:14:49.652+0000] {processor.py:925} INFO - DAG(s) 'a_primeira_DAG_v1' retrieved from /opt/airflow/dags/lesson_1_primeira_dag_v2.py
[2024-10-22T23:14:49.668+0000] {logging_mixin.py:190} INFO - [2024-10-22T23:14:49.668+0000] {dag.py:3239} INFO - Sync 1 DAGs
[2024-10-22T23:14:49.690+0000] {logging_mixin.py:190} INFO - [2024-10-22T23:14:49.690+0000] {dag.py:4180} INFO - Setting next_dagrun for a_primeira_DAG_v1 to 2024-10-20 00:00:00+00:00, run_after=2024-10-21 00:00:00+00:00
[2024-10-22T23:14:49.710+0000] {processor.py:208} INFO - Processing /opt/airflow/dags/lesson_1_primeira_dag_v2.py took 0.080 seconds
[2024-10-22T23:15:20.293+0000] {processor.py:186} INFO - Started process (PID=1814) to work on /opt/airflow/dags/lesson_1_primeira_dag_v2.py
[2024-10-22T23:15:20.294+0000] {processor.py:914} INFO - Processing file /opt/airflow/dags/lesson_1_primeira_dag_v2.py for tasks to queue
[2024-10-22T23:15:20.296+0000] {logging_mixin.py:190} INFO - [2024-10-22T23:15:20.296+0000] {dagbag.py:588} INFO - Filling up the DagBag from /opt/airflow/dags/lesson_1_primeira_dag_v2.py
[2024-10-22T23:15:20.311+0000] {processor.py:925} INFO - DAG(s) 'a_primeira_DAG_v1' retrieved from /opt/airflow/dags/lesson_1_primeira_dag_v2.py
[2024-10-22T23:15:20.327+0000] {logging_mixin.py:190} INFO - [2024-10-22T23:15:20.326+0000] {dag.py:3239} INFO - Sync 1 DAGs
[2024-10-22T23:15:20.347+0000] {logging_mixin.py:190} INFO - [2024-10-22T23:15:20.347+0000] {dag.py:4180} INFO - Setting next_dagrun for a_primeira_DAG_v1 to 2024-10-20 00:00:00+00:00, run_after=2024-10-21 00:00:00+00:00
[2024-10-22T23:15:20.366+0000] {processor.py:208} INFO - Processing /opt/airflow/dags/lesson_1_primeira_dag_v2.py took 0.079 seconds
[2024-10-22T23:15:50.564+0000] {processor.py:186} INFO - Started process (PID=1884) to work on /opt/airflow/dags/lesson_1_primeira_dag_v2.py
[2024-10-22T23:15:50.565+0000] {processor.py:914} INFO - Processing file /opt/airflow/dags/lesson_1_primeira_dag_v2.py for tasks to queue
[2024-10-22T23:15:50.567+0000] {logging_mixin.py:190} INFO - [2024-10-22T23:15:50.567+0000] {dagbag.py:588} INFO - Filling up the DagBag from /opt/airflow/dags/lesson_1_primeira_dag_v2.py
[2024-10-22T23:15:50.580+0000] {processor.py:925} INFO - DAG(s) 'a_primeira_DAG_v1' retrieved from /opt/airflow/dags/lesson_1_primeira_dag_v2.py
[2024-10-22T23:15:50.600+0000] {logging_mixin.py:190} INFO - [2024-10-22T23:15:50.600+0000] {dag.py:3239} INFO - Sync 1 DAGs
[2024-10-22T23:15:50.623+0000] {logging_mixin.py:190} INFO - [2024-10-22T23:15:50.622+0000] {dag.py:4180} INFO - Setting next_dagrun for a_primeira_DAG_v1 to 2024-10-20 00:00:00+00:00, run_after=2024-10-21 00:00:00+00:00
[2024-10-22T23:15:50.641+0000] {processor.py:208} INFO - Processing /opt/airflow/dags/lesson_1_primeira_dag_v2.py took 0.083 seconds
[2024-10-22T23:16:21.245+0000] {processor.py:186} INFO - Started process (PID=1955) to work on /opt/airflow/dags/lesson_1_primeira_dag_v2.py
[2024-10-22T23:16:21.246+0000] {processor.py:914} INFO - Processing file /opt/airflow/dags/lesson_1_primeira_dag_v2.py for tasks to queue
[2024-10-22T23:16:21.248+0000] {logging_mixin.py:190} INFO - [2024-10-22T23:16:21.248+0000] {dagbag.py:588} INFO - Filling up the DagBag from /opt/airflow/dags/lesson_1_primeira_dag_v2.py
[2024-10-22T23:16:21.261+0000] {processor.py:925} INFO - DAG(s) 'a_primeira_DAG_v1' retrieved from /opt/airflow/dags/lesson_1_primeira_dag_v2.py
[2024-10-22T23:16:21.277+0000] {logging_mixin.py:190} INFO - [2024-10-22T23:16:21.276+0000] {dag.py:3239} INFO - Sync 1 DAGs
[2024-10-22T23:16:21.295+0000] {logging_mixin.py:190} INFO - [2024-10-22T23:16:21.295+0000] {dag.py:4180} INFO - Setting next_dagrun for a_primeira_DAG_v1 to 2024-10-20 00:00:00+00:00, run_after=2024-10-21 00:00:00+00:00
[2024-10-22T23:16:21.312+0000] {processor.py:208} INFO - Processing /opt/airflow/dags/lesson_1_primeira_dag_v2.py took 0.072 seconds
[2024-10-22T23:16:51.730+0000] {processor.py:186} INFO - Started process (PID=2025) to work on /opt/airflow/dags/lesson_1_primeira_dag_v2.py
[2024-10-22T23:16:51.731+0000] {processor.py:914} INFO - Processing file /opt/airflow/dags/lesson_1_primeira_dag_v2.py for tasks to queue
[2024-10-22T23:16:51.733+0000] {logging_mixin.py:190} INFO - [2024-10-22T23:16:51.733+0000] {dagbag.py:588} INFO - Filling up the DagBag from /opt/airflow/dags/lesson_1_primeira_dag_v2.py
[2024-10-22T23:16:51.748+0000] {processor.py:925} INFO - DAG(s) 'a_primeira_DAG_v1' retrieved from /opt/airflow/dags/lesson_1_primeira_dag_v2.py
[2024-10-22T23:16:51.765+0000] {logging_mixin.py:190} INFO - [2024-10-22T23:16:51.765+0000] {dag.py:3239} INFO - Sync 1 DAGs
[2024-10-22T23:16:51.786+0000] {logging_mixin.py:190} INFO - [2024-10-22T23:16:51.786+0000] {dag.py:4180} INFO - Setting next_dagrun for a_primeira_DAG_v1 to 2024-10-20 00:00:00+00:00, run_after=2024-10-21 00:00:00+00:00
[2024-10-22T23:16:51.805+0000] {processor.py:208} INFO - Processing /opt/airflow/dags/lesson_1_primeira_dag_v2.py took 0.081 seconds
[2024-10-22T23:17:22.035+0000] {processor.py:186} INFO - Started process (PID=2095) to work on /opt/airflow/dags/lesson_1_primeira_dag_v2.py
[2024-10-22T23:17:22.036+0000] {processor.py:914} INFO - Processing file /opt/airflow/dags/lesson_1_primeira_dag_v2.py for tasks to queue
[2024-10-22T23:17:22.038+0000] {logging_mixin.py:190} INFO - [2024-10-22T23:17:22.037+0000] {dagbag.py:588} INFO - Filling up the DagBag from /opt/airflow/dags/lesson_1_primeira_dag_v2.py
[2024-10-22T23:17:22.050+0000] {processor.py:925} INFO - DAG(s) 'a_primeira_DAG_v1' retrieved from /opt/airflow/dags/lesson_1_primeira_dag_v2.py
[2024-10-22T23:17:22.064+0000] {logging_mixin.py:190} INFO - [2024-10-22T23:17:22.064+0000] {dag.py:3239} INFO - Sync 1 DAGs
[2024-10-22T23:17:22.082+0000] {logging_mixin.py:190} INFO - [2024-10-22T23:17:22.082+0000] {dag.py:4180} INFO - Setting next_dagrun for a_primeira_DAG_v1 to 2024-10-20 00:00:00+00:00, run_after=2024-10-21 00:00:00+00:00
[2024-10-22T23:17:22.102+0000] {processor.py:208} INFO - Processing /opt/airflow/dags/lesson_1_primeira_dag_v2.py took 0.072 seconds
[2024-10-22T23:17:52.477+0000] {processor.py:186} INFO - Started process (PID=2167) to work on /opt/airflow/dags/lesson_1_primeira_dag_v2.py
[2024-10-22T23:17:52.477+0000] {processor.py:914} INFO - Processing file /opt/airflow/dags/lesson_1_primeira_dag_v2.py for tasks to queue
[2024-10-22T23:17:52.479+0000] {logging_mixin.py:190} INFO - [2024-10-22T23:17:52.479+0000] {dagbag.py:588} INFO - Filling up the DagBag from /opt/airflow/dags/lesson_1_primeira_dag_v2.py
[2024-10-22T23:17:52.493+0000] {processor.py:925} INFO - DAG(s) 'a_primeira_DAG_v1' retrieved from /opt/airflow/dags/lesson_1_primeira_dag_v2.py
[2024-10-22T23:17:52.507+0000] {logging_mixin.py:190} INFO - [2024-10-22T23:17:52.507+0000] {dag.py:3239} INFO - Sync 1 DAGs
[2024-10-22T23:17:52.526+0000] {logging_mixin.py:190} INFO - [2024-10-22T23:17:52.525+0000] {dag.py:4180} INFO - Setting next_dagrun for a_primeira_DAG_v1 to 2024-10-20 00:00:00+00:00, run_after=2024-10-21 00:00:00+00:00
[2024-10-22T23:17:52.545+0000] {processor.py:208} INFO - Processing /opt/airflow/dags/lesson_1_primeira_dag_v2.py took 0.073 seconds
[2024-10-22T23:18:22.878+0000] {processor.py:186} INFO - Started process (PID=2238) to work on /opt/airflow/dags/lesson_1_primeira_dag_v2.py
[2024-10-22T23:18:22.879+0000] {processor.py:914} INFO - Processing file /opt/airflow/dags/lesson_1_primeira_dag_v2.py for tasks to queue
[2024-10-22T23:18:22.881+0000] {logging_mixin.py:190} INFO - [2024-10-22T23:18:22.881+0000] {dagbag.py:588} INFO - Filling up the DagBag from /opt/airflow/dags/lesson_1_primeira_dag_v2.py
[2024-10-22T23:18:22.896+0000] {processor.py:925} INFO - DAG(s) 'a_primeira_DAG_v1' retrieved from /opt/airflow/dags/lesson_1_primeira_dag_v2.py
[2024-10-22T23:18:22.912+0000] {logging_mixin.py:190} INFO - [2024-10-22T23:18:22.912+0000] {dag.py:3239} INFO - Sync 1 DAGs
[2024-10-22T23:18:22.933+0000] {logging_mixin.py:190} INFO - [2024-10-22T23:18:22.933+0000] {dag.py:4180} INFO - Setting next_dagrun for a_primeira_DAG_v1 to 2024-10-20 00:00:00+00:00, run_after=2024-10-21 00:00:00+00:00
[2024-10-22T23:18:22.953+0000] {processor.py:208} INFO - Processing /opt/airflow/dags/lesson_1_primeira_dag_v2.py took 0.080 seconds
[2024-10-22T23:18:53.284+0000] {processor.py:186} INFO - Started process (PID=2309) to work on /opt/airflow/dags/lesson_1_primeira_dag_v2.py
[2024-10-22T23:18:53.285+0000] {processor.py:914} INFO - Processing file /opt/airflow/dags/lesson_1_primeira_dag_v2.py for tasks to queue
[2024-10-22T23:18:53.288+0000] {logging_mixin.py:190} INFO - [2024-10-22T23:18:53.288+0000] {dagbag.py:588} INFO - Filling up the DagBag from /opt/airflow/dags/lesson_1_primeira_dag_v2.py
[2024-10-22T23:18:53.309+0000] {processor.py:925} INFO - DAG(s) 'a_primeira_DAG_v1' retrieved from /opt/airflow/dags/lesson_1_primeira_dag_v2.py
[2024-10-22T23:18:53.333+0000] {logging_mixin.py:190} INFO - [2024-10-22T23:18:53.333+0000] {dag.py:3239} INFO - Sync 1 DAGs
[2024-10-22T23:18:53.353+0000] {logging_mixin.py:190} INFO - [2024-10-22T23:18:53.353+0000] {dag.py:4180} INFO - Setting next_dagrun for a_primeira_DAG_v1 to 2024-10-20 00:00:00+00:00, run_after=2024-10-21 00:00:00+00:00
[2024-10-22T23:18:53.372+0000] {processor.py:208} INFO - Processing /opt/airflow/dags/lesson_1_primeira_dag_v2.py took 0.095 seconds
[2024-10-22T23:19:23.721+0000] {processor.py:186} INFO - Started process (PID=2380) to work on /opt/airflow/dags/lesson_1_primeira_dag_v2.py
[2024-10-22T23:19:23.721+0000] {processor.py:914} INFO - Processing file /opt/airflow/dags/lesson_1_primeira_dag_v2.py for tasks to queue
[2024-10-22T23:19:23.723+0000] {logging_mixin.py:190} INFO - [2024-10-22T23:19:23.723+0000] {dagbag.py:588} INFO - Filling up the DagBag from /opt/airflow/dags/lesson_1_primeira_dag_v2.py
[2024-10-22T23:19:23.738+0000] {processor.py:925} INFO - DAG(s) 'a_primeira_DAG_v1' retrieved from /opt/airflow/dags/lesson_1_primeira_dag_v2.py
[2024-10-22T23:19:23.753+0000] {logging_mixin.py:190} INFO - [2024-10-22T23:19:23.753+0000] {dag.py:3239} INFO - Sync 1 DAGs
[2024-10-22T23:19:23.771+0000] {logging_mixin.py:190} INFO - [2024-10-22T23:19:23.771+0000] {dag.py:4180} INFO - Setting next_dagrun for a_primeira_DAG_v1 to 2024-10-20 00:00:00+00:00, run_after=2024-10-21 00:00:00+00:00
[2024-10-22T23:19:23.789+0000] {processor.py:208} INFO - Processing /opt/airflow/dags/lesson_1_primeira_dag_v2.py took 0.073 seconds
[2024-10-22T23:19:54.504+0000] {processor.py:186} INFO - Started process (PID=2451) to work on /opt/airflow/dags/lesson_1_primeira_dag_v2.py
[2024-10-22T23:19:54.505+0000] {processor.py:914} INFO - Processing file /opt/airflow/dags/lesson_1_primeira_dag_v2.py for tasks to queue
[2024-10-22T23:19:54.507+0000] {logging_mixin.py:190} INFO - [2024-10-22T23:19:54.506+0000] {dagbag.py:588} INFO - Filling up the DagBag from /opt/airflow/dags/lesson_1_primeira_dag_v2.py
[2024-10-22T23:19:54.520+0000] {processor.py:925} INFO - DAG(s) 'a_primeira_DAG_v1' retrieved from /opt/airflow/dags/lesson_1_primeira_dag_v2.py
[2024-10-22T23:19:54.535+0000] {logging_mixin.py:190} INFO - [2024-10-22T23:19:54.535+0000] {dag.py:3239} INFO - Sync 1 DAGs
[2024-10-22T23:19:54.557+0000] {logging_mixin.py:190} INFO - [2024-10-22T23:19:54.557+0000] {dag.py:4180} INFO - Setting next_dagrun for a_primeira_DAG_v1 to 2024-10-20 00:00:00+00:00, run_after=2024-10-21 00:00:00+00:00
[2024-10-22T23:19:54.575+0000] {processor.py:208} INFO - Processing /opt/airflow/dags/lesson_1_primeira_dag_v2.py took 0.076 seconds
[2024-10-22T23:20:24.968+0000] {processor.py:186} INFO - Started process (PID=2523) to work on /opt/airflow/dags/lesson_1_primeira_dag_v2.py
[2024-10-22T23:20:24.969+0000] {processor.py:914} INFO - Processing file /opt/airflow/dags/lesson_1_primeira_dag_v2.py for tasks to queue
[2024-10-22T23:20:24.971+0000] {logging_mixin.py:190} INFO - [2024-10-22T23:20:24.971+0000] {dagbag.py:588} INFO - Filling up the DagBag from /opt/airflow/dags/lesson_1_primeira_dag_v2.py
[2024-10-22T23:20:24.988+0000] {processor.py:925} INFO - DAG(s) 'a_primeira_DAG_v1' retrieved from /opt/airflow/dags/lesson_1_primeira_dag_v2.py
[2024-10-22T23:20:25.019+0000] {logging_mixin.py:190} INFO - [2024-10-22T23:20:25.019+0000] {dag.py:3239} INFO - Sync 1 DAGs
[2024-10-22T23:20:25.041+0000] {logging_mixin.py:190} INFO - [2024-10-22T23:20:25.041+0000] {dag.py:4180} INFO - Setting next_dagrun for a_primeira_DAG_v1 to 2024-10-20 00:00:00+00:00, run_after=2024-10-21 00:00:00+00:00
[2024-10-22T23:20:25.061+0000] {processor.py:208} INFO - Processing /opt/airflow/dags/lesson_1_primeira_dag_v2.py took 0.098 seconds
[2024-10-22T23:20:55.826+0000] {processor.py:186} INFO - Started process (PID=2594) to work on /opt/airflow/dags/lesson_1_primeira_dag_v2.py
[2024-10-22T23:20:55.827+0000] {processor.py:914} INFO - Processing file /opt/airflow/dags/lesson_1_primeira_dag_v2.py for tasks to queue
[2024-10-22T23:20:55.830+0000] {logging_mixin.py:190} INFO - [2024-10-22T23:20:55.829+0000] {dagbag.py:588} INFO - Filling up the DagBag from /opt/airflow/dags/lesson_1_primeira_dag_v2.py
[2024-10-22T23:20:55.844+0000] {processor.py:925} INFO - DAG(s) 'a_primeira_DAG_v1' retrieved from /opt/airflow/dags/lesson_1_primeira_dag_v2.py
[2024-10-22T23:20:55.861+0000] {logging_mixin.py:190} INFO - [2024-10-22T23:20:55.860+0000] {dag.py:3239} INFO - Sync 1 DAGs
[2024-10-22T23:20:55.879+0000] {logging_mixin.py:190} INFO - [2024-10-22T23:20:55.879+0000] {dag.py:4180} INFO - Setting next_dagrun for a_primeira_DAG_v1 to 2024-10-20 00:00:00+00:00, run_after=2024-10-21 00:00:00+00:00
[2024-10-22T23:20:55.898+0000] {processor.py:208} INFO - Processing /opt/airflow/dags/lesson_1_primeira_dag_v2.py took 0.079 seconds
[2024-10-22T23:21:26.010+0000] {processor.py:186} INFO - Started process (PID=2665) to work on /opt/airflow/dags/lesson_1_primeira_dag_v2.py
[2024-10-22T23:21:26.011+0000] {processor.py:914} INFO - Processing file /opt/airflow/dags/lesson_1_primeira_dag_v2.py for tasks to queue
[2024-10-22T23:21:26.014+0000] {logging_mixin.py:190} INFO - [2024-10-22T23:21:26.013+0000] {dagbag.py:588} INFO - Filling up the DagBag from /opt/airflow/dags/lesson_1_primeira_dag_v2.py
[2024-10-22T23:21:26.027+0000] {processor.py:925} INFO - DAG(s) 'a_primeira_DAG_v1' retrieved from /opt/airflow/dags/lesson_1_primeira_dag_v2.py
[2024-10-22T23:21:26.043+0000] {logging_mixin.py:190} INFO - [2024-10-22T23:21:26.043+0000] {dag.py:3239} INFO - Sync 1 DAGs
[2024-10-22T23:21:26.062+0000] {logging_mixin.py:190} INFO - [2024-10-22T23:21:26.062+0000] {dag.py:4180} INFO - Setting next_dagrun for a_primeira_DAG_v1 to 2024-10-20 00:00:00+00:00, run_after=2024-10-21 00:00:00+00:00
[2024-10-22T23:21:26.081+0000] {processor.py:208} INFO - Processing /opt/airflow/dags/lesson_1_primeira_dag_v2.py took 0.076 seconds
[2024-10-22T23:21:56.879+0000] {processor.py:186} INFO - Started process (PID=2736) to work on /opt/airflow/dags/lesson_1_primeira_dag_v2.py
[2024-10-22T23:21:56.880+0000] {processor.py:914} INFO - Processing file /opt/airflow/dags/lesson_1_primeira_dag_v2.py for tasks to queue
[2024-10-22T23:21:56.884+0000] {logging_mixin.py:190} INFO - [2024-10-22T23:21:56.883+0000] {dagbag.py:588} INFO - Filling up the DagBag from /opt/airflow/dags/lesson_1_primeira_dag_v2.py
[2024-10-22T23:21:56.903+0000] {processor.py:925} INFO - DAG(s) 'a_primeira_DAG_v1' retrieved from /opt/airflow/dags/lesson_1_primeira_dag_v2.py
[2024-10-22T23:21:56.921+0000] {logging_mixin.py:190} INFO - [2024-10-22T23:21:56.921+0000] {dag.py:3239} INFO - Sync 1 DAGs
[2024-10-22T23:21:56.942+0000] {logging_mixin.py:190} INFO - [2024-10-22T23:21:56.941+0000] {dag.py:4180} INFO - Setting next_dagrun for a_primeira_DAG_v1 to 2024-10-20 00:00:00+00:00, run_after=2024-10-21 00:00:00+00:00
[2024-10-22T23:21:56.962+0000] {processor.py:208} INFO - Processing /opt/airflow/dags/lesson_1_primeira_dag_v2.py took 0.089 seconds
[2024-10-22T23:22:27.965+0000] {processor.py:186} INFO - Started process (PID=2806) to work on /opt/airflow/dags/lesson_1_primeira_dag_v2.py
[2024-10-22T23:22:27.966+0000] {processor.py:914} INFO - Processing file /opt/airflow/dags/lesson_1_primeira_dag_v2.py for tasks to queue
[2024-10-22T23:22:27.969+0000] {logging_mixin.py:190} INFO - [2024-10-22T23:22:27.969+0000] {dagbag.py:588} INFO - Filling up the DagBag from /opt/airflow/dags/lesson_1_primeira_dag_v2.py
[2024-10-22T23:22:27.985+0000] {processor.py:925} INFO - DAG(s) 'a_primeira_DAG_v1' retrieved from /opt/airflow/dags/lesson_1_primeira_dag_v2.py
[2024-10-22T23:22:28.001+0000] {logging_mixin.py:190} INFO - [2024-10-22T23:22:28.001+0000] {dag.py:3239} INFO - Sync 1 DAGs
[2024-10-22T23:22:28.022+0000] {logging_mixin.py:190} INFO - [2024-10-22T23:22:28.022+0000] {dag.py:4180} INFO - Setting next_dagrun for a_primeira_DAG_v1 to 2024-10-20 00:00:00+00:00, run_after=2024-10-21 00:00:00+00:00
[2024-10-22T23:22:28.042+0000] {processor.py:208} INFO - Processing /opt/airflow/dags/lesson_1_primeira_dag_v2.py took 0.084 seconds
[2024-10-22T23:22:59.053+0000] {processor.py:186} INFO - Started process (PID=2878) to work on /opt/airflow/dags/lesson_1_primeira_dag_v2.py
[2024-10-22T23:22:59.053+0000] {processor.py:914} INFO - Processing file /opt/airflow/dags/lesson_1_primeira_dag_v2.py for tasks to queue
[2024-10-22T23:22:59.056+0000] {logging_mixin.py:190} INFO - [2024-10-22T23:22:59.056+0000] {dagbag.py:588} INFO - Filling up the DagBag from /opt/airflow/dags/lesson_1_primeira_dag_v2.py
[2024-10-22T23:22:59.070+0000] {processor.py:925} INFO - DAG(s) 'a_primeira_DAG_v1' retrieved from /opt/airflow/dags/lesson_1_primeira_dag_v2.py
[2024-10-22T23:22:59.087+0000] {logging_mixin.py:190} INFO - [2024-10-22T23:22:59.087+0000] {dag.py:3239} INFO - Sync 1 DAGs
[2024-10-22T23:22:59.107+0000] {logging_mixin.py:190} INFO - [2024-10-22T23:22:59.107+0000] {dag.py:4180} INFO - Setting next_dagrun for a_primeira_DAG_v1 to 2024-10-20 00:00:00+00:00, run_after=2024-10-21 00:00:00+00:00
[2024-10-22T23:22:59.125+0000] {processor.py:208} INFO - Processing /opt/airflow/dags/lesson_1_primeira_dag_v2.py took 0.079 seconds
