[2024-10-22T23:17:37.830+0000] {processor.py:186} INFO - Started process (PID=2153) to work on /opt/airflow/dags/lesson_5_dag_custom_operator.py
[2024-10-22T23:17:37.831+0000] {processor.py:914} INFO - Processing file /opt/airflow/dags/lesson_5_dag_custom_operator.py for tasks to queue
[2024-10-22T23:17:37.833+0000] {logging_mixin.py:190} INFO - [2024-10-22T23:17:37.833+0000] {dagbag.py:588} INFO - Filling up the DagBag from /opt/airflow/dags/lesson_5_dag_custom_operator.py
[2024-10-22T23:17:37.860+0000] {logging_mixin.py:190} WARNING - /opt/airflow/dags/custom_operators/lesson_5_hello_operator.py:9 UserWarning: The `template_fields` value for HelloOperator is a string but should be a list or tuple of string. Wrapping it in a list for execution. Please update HelloOperator accordingly.
[2024-10-22T23:17:37.862+0000] {processor.py:925} INFO - DAG(s) 'DAG_CustomOperator' retrieved from /opt/airflow/dags/lesson_5_dag_custom_operator.py
[2024-10-22T23:17:37.946+0000] {logging_mixin.py:190} INFO - [2024-10-22T23:17:37.946+0000] {override.py:1900} INFO - Created Permission View: can delete on DAG:DAG_CustomOperator
[2024-10-22T23:17:37.955+0000] {logging_mixin.py:190} INFO - [2024-10-22T23:17:37.955+0000] {override.py:1900} INFO - Created Permission View: can edit on DAG:DAG_CustomOperator
[2024-10-22T23:17:37.961+0000] {logging_mixin.py:190} INFO - [2024-10-22T23:17:37.961+0000] {override.py:1900} INFO - Created Permission View: can read on DAG:DAG_CustomOperator
[2024-10-22T23:17:37.970+0000] {logging_mixin.py:190} INFO - [2024-10-22T23:17:37.970+0000] {override.py:1900} INFO - Created Permission View: can delete on DAG Run:DAG_CustomOperator
[2024-10-22T23:17:37.977+0000] {logging_mixin.py:190} INFO - [2024-10-22T23:17:37.977+0000] {override.py:1900} INFO - Created Permission View: menu access on DAG Run:DAG_CustomOperator
[2024-10-22T23:17:37.983+0000] {logging_mixin.py:190} INFO - [2024-10-22T23:17:37.982+0000] {override.py:1900} INFO - Created Permission View: can create on DAG Run:DAG_CustomOperator
[2024-10-22T23:17:37.989+0000] {logging_mixin.py:190} INFO - [2024-10-22T23:17:37.989+0000] {override.py:1900} INFO - Created Permission View: can read on DAG Run:DAG_CustomOperator
[2024-10-22T23:17:37.990+0000] {logging_mixin.py:190} INFO - [2024-10-22T23:17:37.990+0000] {dag.py:3239} INFO - Sync 1 DAGs
[2024-10-22T23:17:38.000+0000] {logging_mixin.py:190} INFO - [2024-10-22T23:17:38.000+0000] {dag.py:3262} INFO - Creating ORM DAG for DAG_CustomOperator
[2024-10-22T23:17:38.008+0000] {logging_mixin.py:190} INFO - [2024-10-22T23:17:38.008+0000] {dag.py:4180} INFO - Setting next_dagrun for DAG_CustomOperator to 2024-10-22 20:00:00+00:00, run_after=2024-10-23 20:00:00+00:00
[2024-10-22T23:17:38.028+0000] {processor.py:208} INFO - Processing /opt/airflow/dags/lesson_5_dag_custom_operator.py took 0.202 seconds
[2024-10-22T23:18:08.160+0000] {processor.py:186} INFO - Started process (PID=2225) to work on /opt/airflow/dags/lesson_5_dag_custom_operator.py
[2024-10-22T23:18:08.161+0000] {processor.py:914} INFO - Processing file /opt/airflow/dags/lesson_5_dag_custom_operator.py for tasks to queue
[2024-10-22T23:18:08.164+0000] {logging_mixin.py:190} INFO - [2024-10-22T23:18:08.163+0000] {dagbag.py:588} INFO - Filling up the DagBag from /opt/airflow/dags/lesson_5_dag_custom_operator.py
[2024-10-22T23:18:08.184+0000] {logging_mixin.py:190} WARNING - /opt/airflow/dags/custom_operators/lesson_5_hello_operator.py:9 UserWarning: The `template_fields` value for HelloOperator is a string but should be a list or tuple of string. Wrapping it in a list for execution. Please update HelloOperator accordingly.
[2024-10-22T23:18:08.186+0000] {processor.py:925} INFO - DAG(s) 'DAG_CustomOperator' retrieved from /opt/airflow/dags/lesson_5_dag_custom_operator.py
[2024-10-22T23:18:08.201+0000] {logging_mixin.py:190} INFO - [2024-10-22T23:18:08.201+0000] {dag.py:3239} INFO - Sync 1 DAGs
[2024-10-22T23:18:08.219+0000] {logging_mixin.py:190} INFO - [2024-10-22T23:18:08.219+0000] {dag.py:4180} INFO - Setting next_dagrun for DAG_CustomOperator to 2024-10-22 20:00:00+00:00, run_after=2024-10-23 20:00:00+00:00
[2024-10-22T23:18:08.237+0000] {processor.py:208} INFO - Processing /opt/airflow/dags/lesson_5_dag_custom_operator.py took 0.081 seconds
[2024-10-22T23:18:38.629+0000] {processor.py:186} INFO - Started process (PID=2296) to work on /opt/airflow/dags/lesson_5_dag_custom_operator.py
[2024-10-22T23:18:38.630+0000] {processor.py:914} INFO - Processing file /opt/airflow/dags/lesson_5_dag_custom_operator.py for tasks to queue
[2024-10-22T23:18:38.632+0000] {logging_mixin.py:190} INFO - [2024-10-22T23:18:38.632+0000] {dagbag.py:588} INFO - Filling up the DagBag from /opt/airflow/dags/lesson_5_dag_custom_operator.py
[2024-10-22T23:18:38.654+0000] {logging_mixin.py:190} WARNING - /opt/airflow/dags/custom_operators/lesson_5_hello_operator.py:9 UserWarning: The `template_fields` value for HelloOperator is a string but should be a list or tuple of string. Wrapping it in a list for execution. Please update HelloOperator accordingly.
[2024-10-22T23:18:38.656+0000] {processor.py:925} INFO - DAG(s) 'DAG_CustomOperator' retrieved from /opt/airflow/dags/lesson_5_dag_custom_operator.py
[2024-10-22T23:18:38.672+0000] {logging_mixin.py:190} INFO - [2024-10-22T23:18:38.672+0000] {dag.py:3239} INFO - Sync 1 DAGs
[2024-10-22T23:18:38.693+0000] {logging_mixin.py:190} INFO - [2024-10-22T23:18:38.693+0000] {dag.py:4180} INFO - Setting next_dagrun for DAG_CustomOperator to 2024-10-22 20:00:00+00:00, run_after=2024-10-23 20:00:00+00:00
[2024-10-22T23:18:38.713+0000] {processor.py:208} INFO - Processing /opt/airflow/dags/lesson_5_dag_custom_operator.py took 0.088 seconds
[2024-10-22T23:19:09.063+0000] {processor.py:186} INFO - Started process (PID=2367) to work on /opt/airflow/dags/lesson_5_dag_custom_operator.py
[2024-10-22T23:19:09.064+0000] {processor.py:914} INFO - Processing file /opt/airflow/dags/lesson_5_dag_custom_operator.py for tasks to queue
[2024-10-22T23:19:09.066+0000] {logging_mixin.py:190} INFO - [2024-10-22T23:19:09.066+0000] {dagbag.py:588} INFO - Filling up the DagBag from /opt/airflow/dags/lesson_5_dag_custom_operator.py
[2024-10-22T23:19:09.090+0000] {logging_mixin.py:190} WARNING - /opt/airflow/dags/custom_operators/lesson_5_hello_operator.py:9 UserWarning: The `template_fields` value for HelloOperator is a string but should be a list or tuple of string. Wrapping it in a list for execution. Please update HelloOperator accordingly.
[2024-10-22T23:19:09.093+0000] {processor.py:925} INFO - DAG(s) 'DAG_CustomOperator' retrieved from /opt/airflow/dags/lesson_5_dag_custom_operator.py
[2024-10-22T23:19:09.111+0000] {logging_mixin.py:190} INFO - [2024-10-22T23:19:09.110+0000] {dag.py:3239} INFO - Sync 1 DAGs
[2024-10-22T23:19:09.132+0000] {logging_mixin.py:190} INFO - [2024-10-22T23:19:09.132+0000] {dag.py:4180} INFO - Setting next_dagrun for DAG_CustomOperator to 2024-10-22 20:00:00+00:00, run_after=2024-10-23 20:00:00+00:00
[2024-10-22T23:19:09.151+0000] {processor.py:208} INFO - Processing /opt/airflow/dags/lesson_5_dag_custom_operator.py took 0.094 seconds
[2024-10-22T23:19:39.861+0000] {processor.py:186} INFO - Started process (PID=2444) to work on /opt/airflow/dags/lesson_5_dag_custom_operator.py
[2024-10-22T23:19:39.862+0000] {processor.py:914} INFO - Processing file /opt/airflow/dags/lesson_5_dag_custom_operator.py for tasks to queue
[2024-10-22T23:19:39.865+0000] {logging_mixin.py:190} INFO - [2024-10-22T23:19:39.864+0000] {dagbag.py:588} INFO - Filling up the DagBag from /opt/airflow/dags/lesson_5_dag_custom_operator.py
[2024-10-22T23:19:39.882+0000] {logging_mixin.py:190} WARNING - /opt/airflow/dags/custom_operators/lesson_5_hello_operator.py:9 UserWarning: The `template_fields` value for HelloOperator is a string but should be a list or tuple of string. Wrapping it in a list for execution. Please update HelloOperator accordingly.
[2024-10-22T23:19:39.884+0000] {processor.py:925} INFO - DAG(s) 'DAG_CustomOperator' retrieved from /opt/airflow/dags/lesson_5_dag_custom_operator.py
[2024-10-22T23:19:39.898+0000] {logging_mixin.py:190} INFO - [2024-10-22T23:19:39.897+0000] {dag.py:3239} INFO - Sync 1 DAGs
[2024-10-22T23:19:39.915+0000] {logging_mixin.py:190} INFO - [2024-10-22T23:19:39.914+0000] {dag.py:4180} INFO - Setting next_dagrun for DAG_CustomOperator to 2024-10-22 20:00:00+00:00, run_after=2024-10-23 20:00:00+00:00
[2024-10-22T23:19:39.931+0000] {processor.py:208} INFO - Processing /opt/airflow/dags/lesson_5_dag_custom_operator.py took 0.075 seconds
[2024-10-22T23:19:55.731+0000] {processor.py:186} INFO - Started process (PID=2455) to work on /opt/airflow/dags/lesson_5_dag_custom_operator.py
[2024-10-22T23:19:55.731+0000] {processor.py:914} INFO - Processing file /opt/airflow/dags/lesson_5_dag_custom_operator.py for tasks to queue
[2024-10-22T23:19:55.733+0000] {logging_mixin.py:190} INFO - [2024-10-22T23:19:55.733+0000] {dagbag.py:588} INFO - Filling up the DagBag from /opt/airflow/dags/lesson_5_dag_custom_operator.py
[2024-10-22T23:19:55.763+0000] {logging_mixin.py:190} WARNING - /opt/airflow/dags/custom_operators/lesson_5_hello_operator.py:9 UserWarning: The `template_fields` value for HelloOperator is a string but should be a list or tuple of string. Wrapping it in a list for execution. Please update HelloOperator accordingly.
[2024-10-22T23:19:55.765+0000] {processor.py:925} INFO - DAG(s) 'DAG_CustomOperator' retrieved from /opt/airflow/dags/lesson_5_dag_custom_operator.py
[2024-10-22T23:19:55.856+0000] {logging_mixin.py:190} INFO - [2024-10-22T23:19:55.856+0000] {dag.py:3239} INFO - Sync 1 DAGs
[2024-10-22T23:19:55.877+0000] {logging_mixin.py:190} INFO - [2024-10-22T23:19:55.877+0000] {dag.py:4180} INFO - Setting next_dagrun for DAG_CustomOperator to 2024-10-22 23:18:00+00:00, run_after=2024-10-22 23:19:00+00:00
[2024-10-22T23:19:55.903+0000] {processor.py:208} INFO - Processing /opt/airflow/dags/lesson_5_dag_custom_operator.py took 0.177 seconds
[2024-10-22T23:20:26.201+0000] {processor.py:186} INFO - Started process (PID=2527) to work on /opt/airflow/dags/lesson_5_dag_custom_operator.py
[2024-10-22T23:20:26.202+0000] {processor.py:914} INFO - Processing file /opt/airflow/dags/lesson_5_dag_custom_operator.py for tasks to queue
[2024-10-22T23:20:26.204+0000] {logging_mixin.py:190} INFO - [2024-10-22T23:20:26.204+0000] {dagbag.py:588} INFO - Filling up the DagBag from /opt/airflow/dags/lesson_5_dag_custom_operator.py
[2024-10-22T23:20:26.260+0000] {logging_mixin.py:190} WARNING - /opt/airflow/dags/custom_operators/lesson_5_hello_operator.py:9 UserWarning: The `template_fields` value for HelloOperator is a string but should be a list or tuple of string. Wrapping it in a list for execution. Please update HelloOperator accordingly.
[2024-10-22T23:20:26.262+0000] {processor.py:925} INFO - DAG(s) 'DAG_CustomOperator' retrieved from /opt/airflow/dags/lesson_5_dag_custom_operator.py
[2024-10-22T23:20:26.279+0000] {logging_mixin.py:190} INFO - [2024-10-22T23:20:26.278+0000] {dag.py:3239} INFO - Sync 1 DAGs
[2024-10-22T23:20:26.300+0000] {logging_mixin.py:190} INFO - [2024-10-22T23:20:26.300+0000] {dag.py:4180} INFO - Setting next_dagrun for DAG_CustomOperator to 2024-10-22 23:20:00+00:00, run_after=2024-10-22 23:21:00+00:00
[2024-10-22T23:20:26.320+0000] {processor.py:208} INFO - Processing /opt/airflow/dags/lesson_5_dag_custom_operator.py took 0.124 seconds
[2024-10-22T23:20:57.049+0000] {processor.py:186} INFO - Started process (PID=2598) to work on /opt/airflow/dags/lesson_5_dag_custom_operator.py
[2024-10-22T23:20:57.050+0000] {processor.py:914} INFO - Processing file /opt/airflow/dags/lesson_5_dag_custom_operator.py for tasks to queue
[2024-10-22T23:20:57.052+0000] {logging_mixin.py:190} INFO - [2024-10-22T23:20:57.052+0000] {dagbag.py:588} INFO - Filling up the DagBag from /opt/airflow/dags/lesson_5_dag_custom_operator.py
[2024-10-22T23:20:57.076+0000] {logging_mixin.py:190} WARNING - /opt/airflow/dags/custom_operators/lesson_5_hello_operator.py:9 UserWarning: The `template_fields` value for HelloOperator is a string but should be a list or tuple of string. Wrapping it in a list for execution. Please update HelloOperator accordingly.
[2024-10-22T23:20:57.078+0000] {processor.py:925} INFO - DAG(s) 'DAG_CustomOperator' retrieved from /opt/airflow/dags/lesson_5_dag_custom_operator.py
[2024-10-22T23:20:57.094+0000] {logging_mixin.py:190} INFO - [2024-10-22T23:20:57.094+0000] {dag.py:3239} INFO - Sync 1 DAGs
[2024-10-22T23:20:57.114+0000] {logging_mixin.py:190} INFO - [2024-10-22T23:20:57.114+0000] {dag.py:4180} INFO - Setting next_dagrun for DAG_CustomOperator to 2024-10-22 23:20:00+00:00, run_after=2024-10-22 23:21:00+00:00
[2024-10-22T23:20:57.134+0000] {processor.py:208} INFO - Processing /opt/airflow/dags/lesson_5_dag_custom_operator.py took 0.089 seconds
[2024-10-22T23:21:27.229+0000] {processor.py:186} INFO - Started process (PID=2669) to work on /opt/airflow/dags/lesson_5_dag_custom_operator.py
[2024-10-22T23:21:27.230+0000] {processor.py:914} INFO - Processing file /opt/airflow/dags/lesson_5_dag_custom_operator.py for tasks to queue
[2024-10-22T23:21:27.233+0000] {logging_mixin.py:190} INFO - [2024-10-22T23:21:27.232+0000] {dagbag.py:588} INFO - Filling up the DagBag from /opt/airflow/dags/lesson_5_dag_custom_operator.py
[2024-10-22T23:21:27.258+0000] {logging_mixin.py:190} WARNING - /opt/airflow/dags/custom_operators/lesson_5_hello_operator.py:9 UserWarning: The `template_fields` value for HelloOperator is a string but should be a list or tuple of string. Wrapping it in a list for execution. Please update HelloOperator accordingly.
[2024-10-22T23:21:27.261+0000] {processor.py:925} INFO - DAG(s) 'DAG_CustomOperator' retrieved from /opt/airflow/dags/lesson_5_dag_custom_operator.py
[2024-10-22T23:21:27.276+0000] {logging_mixin.py:190} INFO - [2024-10-22T23:21:27.275+0000] {dag.py:3239} INFO - Sync 1 DAGs
[2024-10-22T23:21:27.297+0000] {logging_mixin.py:190} INFO - [2024-10-22T23:21:27.297+0000] {dag.py:4180} INFO - Setting next_dagrun for DAG_CustomOperator to 2024-10-22 23:21:00+00:00, run_after=2024-10-22 23:22:00+00:00
[2024-10-22T23:21:27.317+0000] {processor.py:208} INFO - Processing /opt/airflow/dags/lesson_5_dag_custom_operator.py took 0.092 seconds
[2024-10-22T23:21:58.118+0000] {processor.py:186} INFO - Started process (PID=2740) to work on /opt/airflow/dags/lesson_5_dag_custom_operator.py
[2024-10-22T23:21:58.118+0000] {processor.py:914} INFO - Processing file /opt/airflow/dags/lesson_5_dag_custom_operator.py for tasks to queue
[2024-10-22T23:21:58.120+0000] {logging_mixin.py:190} INFO - [2024-10-22T23:21:58.120+0000] {dagbag.py:588} INFO - Filling up the DagBag from /opt/airflow/dags/lesson_5_dag_custom_operator.py
[2024-10-22T23:21:58.141+0000] {logging_mixin.py:190} WARNING - /opt/airflow/dags/custom_operators/lesson_5_hello_operator.py:9 UserWarning: The `template_fields` value for HelloOperator is a string but should be a list or tuple of string. Wrapping it in a list for execution. Please update HelloOperator accordingly.
[2024-10-22T23:21:58.143+0000] {processor.py:925} INFO - DAG(s) 'DAG_CustomOperator' retrieved from /opt/airflow/dags/lesson_5_dag_custom_operator.py
[2024-10-22T23:21:58.159+0000] {logging_mixin.py:190} INFO - [2024-10-22T23:21:58.159+0000] {dag.py:3239} INFO - Sync 1 DAGs
[2024-10-22T23:21:58.177+0000] {logging_mixin.py:190} INFO - [2024-10-22T23:21:58.177+0000] {dag.py:4180} INFO - Setting next_dagrun for DAG_CustomOperator to 2024-10-22 23:21:00+00:00, run_after=2024-10-22 23:22:00+00:00
[2024-10-22T23:21:58.194+0000] {processor.py:208} INFO - Processing /opt/airflow/dags/lesson_5_dag_custom_operator.py took 0.082 seconds
[2024-10-22T23:22:28.292+0000] {processor.py:186} INFO - Started process (PID=2810) to work on /opt/airflow/dags/lesson_5_dag_custom_operator.py
[2024-10-22T23:22:28.293+0000] {processor.py:914} INFO - Processing file /opt/airflow/dags/lesson_5_dag_custom_operator.py for tasks to queue
[2024-10-22T23:22:28.295+0000] {logging_mixin.py:190} INFO - [2024-10-22T23:22:28.295+0000] {dagbag.py:588} INFO - Filling up the DagBag from /opt/airflow/dags/lesson_5_dag_custom_operator.py
[2024-10-22T23:22:28.320+0000] {logging_mixin.py:190} WARNING - /opt/airflow/dags/custom_operators/lesson_5_hello_operator.py:9 UserWarning: The `template_fields` value for HelloOperator is a string but should be a list or tuple of string. Wrapping it in a list for execution. Please update HelloOperator accordingly.
[2024-10-22T23:22:28.322+0000] {processor.py:925} INFO - DAG(s) 'DAG_CustomOperator' retrieved from /opt/airflow/dags/lesson_5_dag_custom_operator.py
[2024-10-22T23:22:28.338+0000] {logging_mixin.py:190} INFO - [2024-10-22T23:22:28.338+0000] {dag.py:3239} INFO - Sync 1 DAGs
[2024-10-22T23:22:28.358+0000] {logging_mixin.py:190} INFO - [2024-10-22T23:22:28.358+0000] {dag.py:4180} INFO - Setting next_dagrun for DAG_CustomOperator to 2024-10-22 23:22:00+00:00, run_after=2024-10-22 23:23:00+00:00
[2024-10-22T23:22:28.377+0000] {processor.py:208} INFO - Processing /opt/airflow/dags/lesson_5_dag_custom_operator.py took 0.090 seconds
[2024-10-22T23:22:58.613+0000] {processor.py:186} INFO - Started process (PID=2871) to work on /opt/airflow/dags/lesson_5_dag_custom_operator.py
[2024-10-22T23:22:58.614+0000] {processor.py:914} INFO - Processing file /opt/airflow/dags/lesson_5_dag_custom_operator.py for tasks to queue
[2024-10-22T23:22:58.617+0000] {logging_mixin.py:190} INFO - [2024-10-22T23:22:58.616+0000] {dagbag.py:588} INFO - Filling up the DagBag from /opt/airflow/dags/lesson_5_dag_custom_operator.py
[2024-10-22T23:22:58.644+0000] {logging_mixin.py:190} WARNING - /opt/airflow/dags/custom_operators/lesson_5_hello_operator.py:9 UserWarning: The `template_fields` value for HelloOperator is a string but should be a list or tuple of string. Wrapping it in a list for execution. Please update HelloOperator accordingly.
[2024-10-22T23:22:58.646+0000] {processor.py:925} INFO - DAG(s) 'DAG_CustomOperator' retrieved from /opt/airflow/dags/lesson_5_dag_custom_operator.py
[2024-10-22T23:22:58.659+0000] {logging_mixin.py:190} INFO - [2024-10-22T23:22:58.659+0000] {dag.py:3239} INFO - Sync 1 DAGs
[2024-10-22T23:22:58.679+0000] {logging_mixin.py:190} INFO - [2024-10-22T23:22:58.678+0000] {dag.py:4180} INFO - Setting next_dagrun for DAG_CustomOperator to 2024-10-22 23:22:00+00:00, run_after=2024-10-22 23:23:00+00:00
[2024-10-22T23:22:58.696+0000] {processor.py:208} INFO - Processing /opt/airflow/dags/lesson_5_dag_custom_operator.py took 0.088 seconds
