[2024-10-22T23:02:36.368+0000] {processor.py:186} INFO - Started process (PID=53) to work on /opt/airflow/dags/lesson_2_python_operator_v1.py
[2024-10-22T23:02:36.370+0000] {processor.py:914} INFO - Processing file /opt/airflow/dags/lesson_2_python_operator_v1.py for tasks to queue
[2024-10-22T23:02:36.376+0000] {logging_mixin.py:190} INFO - [2024-10-22T23:02:36.376+0000] {dagbag.py:588} INFO - Filling up the DagBag from /opt/airflow/dags/lesson_2_python_operator_v1.py
[2024-10-22T23:02:36.394+0000] {processor.py:925} INFO - DAG(s) 'python_operator_v1' retrieved from /opt/airflow/dags/lesson_2_python_operator_v1.py
[2024-10-22T23:02:36.411+0000] {logging_mixin.py:190} INFO - [2024-10-22T23:02:36.411+0000] {dag.py:3239} INFO - Sync 1 DAGs
[2024-10-22T23:02:36.431+0000] {logging_mixin.py:190} INFO - [2024-10-22T23:02:36.431+0000] {dag.py:4180} INFO - Setting next_dagrun for python_operator_v1 to 2024-10-20 15:23:00+00:00, run_after=2024-10-20 15:24:00+00:00
[2024-10-22T23:02:36.455+0000] {processor.py:208} INFO - Processing /opt/airflow/dags/lesson_2_python_operator_v1.py took 0.091 seconds
[2024-10-22T23:03:06.539+0000] {processor.py:186} INFO - Started process (PID=122) to work on /opt/airflow/dags/lesson_2_python_operator_v1.py
[2024-10-22T23:03:06.539+0000] {processor.py:914} INFO - Processing file /opt/airflow/dags/lesson_2_python_operator_v1.py for tasks to queue
[2024-10-22T23:03:06.543+0000] {logging_mixin.py:190} INFO - [2024-10-22T23:03:06.542+0000] {dagbag.py:588} INFO - Filling up the DagBag from /opt/airflow/dags/lesson_2_python_operator_v1.py
[2024-10-22T23:03:06.558+0000] {processor.py:925} INFO - DAG(s) 'python_operator_v1' retrieved from /opt/airflow/dags/lesson_2_python_operator_v1.py
[2024-10-22T23:03:06.578+0000] {logging_mixin.py:190} INFO - [2024-10-22T23:03:06.577+0000] {dag.py:3239} INFO - Sync 1 DAGs
[2024-10-22T23:03:06.616+0000] {logging_mixin.py:190} INFO - [2024-10-22T23:03:06.615+0000] {dag.py:4180} INFO - Setting next_dagrun for python_operator_v1 to 2024-10-20 15:23:00+00:00, run_after=2024-10-20 15:24:00+00:00
[2024-10-22T23:03:06.649+0000] {processor.py:208} INFO - Processing /opt/airflow/dags/lesson_2_python_operator_v1.py took 0.116 seconds
[2024-10-22T23:03:37.532+0000] {processor.py:186} INFO - Started process (PID=193) to work on /opt/airflow/dags/lesson_2_python_operator_v1.py
[2024-10-22T23:03:37.533+0000] {processor.py:914} INFO - Processing file /opt/airflow/dags/lesson_2_python_operator_v1.py for tasks to queue
[2024-10-22T23:03:37.535+0000] {logging_mixin.py:190} INFO - [2024-10-22T23:03:37.534+0000] {dagbag.py:588} INFO - Filling up the DagBag from /opt/airflow/dags/lesson_2_python_operator_v1.py
[2024-10-22T23:03:37.549+0000] {processor.py:925} INFO - DAG(s) 'python_operator_v1' retrieved from /opt/airflow/dags/lesson_2_python_operator_v1.py
[2024-10-22T23:03:37.564+0000] {logging_mixin.py:190} INFO - [2024-10-22T23:03:37.564+0000] {dag.py:3239} INFO - Sync 1 DAGs
[2024-10-22T23:03:37.584+0000] {logging_mixin.py:190} INFO - [2024-10-22T23:03:37.584+0000] {dag.py:4180} INFO - Setting next_dagrun for python_operator_v1 to 2024-10-20 15:23:00+00:00, run_after=2024-10-20 15:24:00+00:00
[2024-10-22T23:03:37.602+0000] {processor.py:208} INFO - Processing /opt/airflow/dags/lesson_2_python_operator_v1.py took 0.076 seconds
[2024-10-22T23:04:08.062+0000] {processor.py:186} INFO - Started process (PID=263) to work on /opt/airflow/dags/lesson_2_python_operator_v1.py
[2024-10-22T23:04:08.062+0000] {processor.py:914} INFO - Processing file /opt/airflow/dags/lesson_2_python_operator_v1.py for tasks to queue
[2024-10-22T23:04:08.065+0000] {logging_mixin.py:190} INFO - [2024-10-22T23:04:08.065+0000] {dagbag.py:588} INFO - Filling up the DagBag from /opt/airflow/dags/lesson_2_python_operator_v1.py
[2024-10-22T23:04:08.078+0000] {processor.py:925} INFO - DAG(s) 'python_operator_v1' retrieved from /opt/airflow/dags/lesson_2_python_operator_v1.py
[2024-10-22T23:04:08.093+0000] {logging_mixin.py:190} INFO - [2024-10-22T23:04:08.092+0000] {dag.py:3239} INFO - Sync 1 DAGs
[2024-10-22T23:04:08.112+0000] {logging_mixin.py:190} INFO - [2024-10-22T23:04:08.112+0000] {dag.py:4180} INFO - Setting next_dagrun for python_operator_v1 to 2024-10-20 15:23:00+00:00, run_after=2024-10-20 15:24:00+00:00
[2024-10-22T23:04:08.132+0000] {processor.py:208} INFO - Processing /opt/airflow/dags/lesson_2_python_operator_v1.py took 0.077 seconds
[2024-10-22T23:04:38.421+0000] {processor.py:186} INFO - Started process (PID=333) to work on /opt/airflow/dags/lesson_2_python_operator_v1.py
[2024-10-22T23:04:38.422+0000] {processor.py:914} INFO - Processing file /opt/airflow/dags/lesson_2_python_operator_v1.py for tasks to queue
[2024-10-22T23:04:38.425+0000] {logging_mixin.py:190} INFO - [2024-10-22T23:04:38.424+0000] {dagbag.py:588} INFO - Filling up the DagBag from /opt/airflow/dags/lesson_2_python_operator_v1.py
[2024-10-22T23:04:38.439+0000] {processor.py:925} INFO - DAG(s) 'python_operator_v1' retrieved from /opt/airflow/dags/lesson_2_python_operator_v1.py
[2024-10-22T23:04:38.457+0000] {logging_mixin.py:190} INFO - [2024-10-22T23:04:38.456+0000] {dag.py:3239} INFO - Sync 1 DAGs
[2024-10-22T23:04:38.481+0000] {logging_mixin.py:190} INFO - [2024-10-22T23:04:38.481+0000] {dag.py:4180} INFO - Setting next_dagrun for python_operator_v1 to 2024-10-20 15:23:00+00:00, run_after=2024-10-20 15:24:00+00:00
[2024-10-22T23:04:38.499+0000] {processor.py:208} INFO - Processing /opt/airflow/dags/lesson_2_python_operator_v1.py took 0.082 seconds
[2024-10-22T23:05:08.605+0000] {processor.py:186} INFO - Started process (PID=403) to work on /opt/airflow/dags/lesson_2_python_operator_v1.py
[2024-10-22T23:05:08.606+0000] {processor.py:914} INFO - Processing file /opt/airflow/dags/lesson_2_python_operator_v1.py for tasks to queue
[2024-10-22T23:05:08.608+0000] {logging_mixin.py:190} INFO - [2024-10-22T23:05:08.608+0000] {dagbag.py:588} INFO - Filling up the DagBag from /opt/airflow/dags/lesson_2_python_operator_v1.py
[2024-10-22T23:05:08.620+0000] {processor.py:925} INFO - DAG(s) 'python_operator_v1' retrieved from /opt/airflow/dags/lesson_2_python_operator_v1.py
[2024-10-22T23:05:08.635+0000] {logging_mixin.py:190} INFO - [2024-10-22T23:05:08.635+0000] {dag.py:3239} INFO - Sync 1 DAGs
[2024-10-22T23:05:08.653+0000] {logging_mixin.py:190} INFO - [2024-10-22T23:05:08.653+0000] {dag.py:4180} INFO - Setting next_dagrun for python_operator_v1 to 2024-10-20 15:23:00+00:00, run_after=2024-10-20 15:24:00+00:00
[2024-10-22T23:05:08.672+0000] {processor.py:208} INFO - Processing /opt/airflow/dags/lesson_2_python_operator_v1.py took 0.072 seconds
[2024-10-22T23:05:39.166+0000] {processor.py:186} INFO - Started process (PID=473) to work on /opt/airflow/dags/lesson_2_python_operator_v1.py
[2024-10-22T23:05:39.167+0000] {processor.py:914} INFO - Processing file /opt/airflow/dags/lesson_2_python_operator_v1.py for tasks to queue
[2024-10-22T23:05:39.170+0000] {logging_mixin.py:190} INFO - [2024-10-22T23:05:39.169+0000] {dagbag.py:588} INFO - Filling up the DagBag from /opt/airflow/dags/lesson_2_python_operator_v1.py
[2024-10-22T23:05:39.189+0000] {processor.py:925} INFO - DAG(s) 'python_operator_v1' retrieved from /opt/airflow/dags/lesson_2_python_operator_v1.py
[2024-10-22T23:05:39.207+0000] {logging_mixin.py:190} INFO - [2024-10-22T23:05:39.206+0000] {dag.py:3239} INFO - Sync 1 DAGs
[2024-10-22T23:05:39.227+0000] {logging_mixin.py:190} INFO - [2024-10-22T23:05:39.226+0000] {dag.py:4180} INFO - Setting next_dagrun for python_operator_v1 to 2024-10-20 15:23:00+00:00, run_after=2024-10-20 15:24:00+00:00
[2024-10-22T23:05:39.247+0000] {processor.py:208} INFO - Processing /opt/airflow/dags/lesson_2_python_operator_v1.py took 0.088 seconds
[2024-10-22T23:06:09.648+0000] {processor.py:186} INFO - Started process (PID=549) to work on /opt/airflow/dags/lesson_2_python_operator_v1.py
[2024-10-22T23:06:09.649+0000] {processor.py:914} INFO - Processing file /opt/airflow/dags/lesson_2_python_operator_v1.py for tasks to queue
[2024-10-22T23:06:09.651+0000] {logging_mixin.py:190} INFO - [2024-10-22T23:06:09.651+0000] {dagbag.py:588} INFO - Filling up the DagBag from /opt/airflow/dags/lesson_2_python_operator_v1.py
[2024-10-22T23:06:09.664+0000] {processor.py:925} INFO - DAG(s) 'python_operator_v1' retrieved from /opt/airflow/dags/lesson_2_python_operator_v1.py
[2024-10-22T23:06:09.680+0000] {logging_mixin.py:190} INFO - [2024-10-22T23:06:09.680+0000] {dag.py:3239} INFO - Sync 1 DAGs
[2024-10-22T23:06:09.700+0000] {logging_mixin.py:190} INFO - [2024-10-22T23:06:09.700+0000] {dag.py:4180} INFO - Setting next_dagrun for python_operator_v1 to 2024-10-20 15:23:00+00:00, run_after=2024-10-20 15:24:00+00:00
[2024-10-22T23:06:09.720+0000] {processor.py:208} INFO - Processing /opt/airflow/dags/lesson_2_python_operator_v1.py took 0.077 seconds
[2024-10-22T23:06:40.103+0000] {processor.py:186} INFO - Started process (PID=619) to work on /opt/airflow/dags/lesson_2_python_operator_v1.py
[2024-10-22T23:06:40.104+0000] {processor.py:914} INFO - Processing file /opt/airflow/dags/lesson_2_python_operator_v1.py for tasks to queue
[2024-10-22T23:06:40.106+0000] {logging_mixin.py:190} INFO - [2024-10-22T23:06:40.105+0000] {dagbag.py:588} INFO - Filling up the DagBag from /opt/airflow/dags/lesson_2_python_operator_v1.py
[2024-10-22T23:06:40.122+0000] {processor.py:925} INFO - DAG(s) 'python_operator_v1' retrieved from /opt/airflow/dags/lesson_2_python_operator_v1.py
[2024-10-22T23:06:40.137+0000] {logging_mixin.py:190} INFO - [2024-10-22T23:06:40.137+0000] {dag.py:3239} INFO - Sync 1 DAGs
[2024-10-22T23:06:40.157+0000] {logging_mixin.py:190} INFO - [2024-10-22T23:06:40.157+0000] {dag.py:4180} INFO - Setting next_dagrun for python_operator_v1 to 2024-10-20 15:23:00+00:00, run_after=2024-10-20 15:24:00+00:00
[2024-10-22T23:06:40.177+0000] {processor.py:208} INFO - Processing /opt/airflow/dags/lesson_2_python_operator_v1.py took 0.079 seconds
[2024-10-22T23:07:10.439+0000] {processor.py:186} INFO - Started process (PID=690) to work on /opt/airflow/dags/lesson_2_python_operator_v1.py
[2024-10-22T23:07:10.441+0000] {processor.py:914} INFO - Processing file /opt/airflow/dags/lesson_2_python_operator_v1.py for tasks to queue
[2024-10-22T23:07:10.443+0000] {logging_mixin.py:190} INFO - [2024-10-22T23:07:10.443+0000] {dagbag.py:588} INFO - Filling up the DagBag from /opt/airflow/dags/lesson_2_python_operator_v1.py
[2024-10-22T23:07:10.463+0000] {processor.py:925} INFO - DAG(s) 'python_operator_v1' retrieved from /opt/airflow/dags/lesson_2_python_operator_v1.py
[2024-10-22T23:07:10.480+0000] {logging_mixin.py:190} INFO - [2024-10-22T23:07:10.479+0000] {dag.py:3239} INFO - Sync 1 DAGs
[2024-10-22T23:07:10.500+0000] {logging_mixin.py:190} INFO - [2024-10-22T23:07:10.500+0000] {dag.py:4180} INFO - Setting next_dagrun for python_operator_v1 to 2024-10-20 15:23:00+00:00, run_after=2024-10-20 15:24:00+00:00
[2024-10-22T23:07:10.523+0000] {processor.py:208} INFO - Processing /opt/airflow/dags/lesson_2_python_operator_v1.py took 0.091 seconds
[2024-10-22T23:07:41.308+0000] {processor.py:186} INFO - Started process (PID=760) to work on /opt/airflow/dags/lesson_2_python_operator_v1.py
[2024-10-22T23:07:41.309+0000] {processor.py:914} INFO - Processing file /opt/airflow/dags/lesson_2_python_operator_v1.py for tasks to queue
[2024-10-22T23:07:41.311+0000] {logging_mixin.py:190} INFO - [2024-10-22T23:07:41.311+0000] {dagbag.py:588} INFO - Filling up the DagBag from /opt/airflow/dags/lesson_2_python_operator_v1.py
[2024-10-22T23:07:41.324+0000] {processor.py:925} INFO - DAG(s) 'python_operator_v1' retrieved from /opt/airflow/dags/lesson_2_python_operator_v1.py
[2024-10-22T23:07:41.340+0000] {logging_mixin.py:190} INFO - [2024-10-22T23:07:41.340+0000] {dag.py:3239} INFO - Sync 1 DAGs
[2024-10-22T23:07:41.362+0000] {logging_mixin.py:190} INFO - [2024-10-22T23:07:41.361+0000] {dag.py:4180} INFO - Setting next_dagrun for python_operator_v1 to 2024-10-20 15:23:00+00:00, run_after=2024-10-20 15:24:00+00:00
[2024-10-22T23:07:41.382+0000] {processor.py:208} INFO - Processing /opt/airflow/dags/lesson_2_python_operator_v1.py took 0.080 seconds
[2024-10-22T23:08:11.833+0000] {processor.py:186} INFO - Started process (PID=830) to work on /opt/airflow/dags/lesson_2_python_operator_v1.py
[2024-10-22T23:08:11.834+0000] {processor.py:914} INFO - Processing file /opt/airflow/dags/lesson_2_python_operator_v1.py for tasks to queue
[2024-10-22T23:08:11.836+0000] {logging_mixin.py:190} INFO - [2024-10-22T23:08:11.836+0000] {dagbag.py:588} INFO - Filling up the DagBag from /opt/airflow/dags/lesson_2_python_operator_v1.py
[2024-10-22T23:08:11.850+0000] {processor.py:925} INFO - DAG(s) 'python_operator_v1' retrieved from /opt/airflow/dags/lesson_2_python_operator_v1.py
[2024-10-22T23:08:11.866+0000] {logging_mixin.py:190} INFO - [2024-10-22T23:08:11.866+0000] {dag.py:3239} INFO - Sync 1 DAGs
[2024-10-22T23:08:11.887+0000] {logging_mixin.py:190} INFO - [2024-10-22T23:08:11.887+0000] {dag.py:4180} INFO - Setting next_dagrun for python_operator_v1 to 2024-10-20 15:23:00+00:00, run_after=2024-10-20 15:24:00+00:00
[2024-10-22T23:08:11.910+0000] {processor.py:208} INFO - Processing /opt/airflow/dags/lesson_2_python_operator_v1.py took 0.082 seconds
[2024-10-22T23:08:42.364+0000] {processor.py:186} INFO - Started process (PID=900) to work on /opt/airflow/dags/lesson_2_python_operator_v1.py
[2024-10-22T23:08:42.365+0000] {processor.py:914} INFO - Processing file /opt/airflow/dags/lesson_2_python_operator_v1.py for tasks to queue
[2024-10-22T23:08:42.369+0000] {logging_mixin.py:190} INFO - [2024-10-22T23:08:42.368+0000] {dagbag.py:588} INFO - Filling up the DagBag from /opt/airflow/dags/lesson_2_python_operator_v1.py
[2024-10-22T23:08:42.384+0000] {processor.py:925} INFO - DAG(s) 'python_operator_v1' retrieved from /opt/airflow/dags/lesson_2_python_operator_v1.py
[2024-10-22T23:08:42.401+0000] {logging_mixin.py:190} INFO - [2024-10-22T23:08:42.401+0000] {dag.py:3239} INFO - Sync 1 DAGs
[2024-10-22T23:08:42.424+0000] {logging_mixin.py:190} INFO - [2024-10-22T23:08:42.424+0000] {dag.py:4180} INFO - Setting next_dagrun for python_operator_v1 to 2024-10-20 15:23:00+00:00, run_after=2024-10-20 15:24:00+00:00
[2024-10-22T23:08:42.441+0000] {processor.py:208} INFO - Processing /opt/airflow/dags/lesson_2_python_operator_v1.py took 0.082 seconds
[2024-10-22T23:09:13.030+0000] {processor.py:186} INFO - Started process (PID=970) to work on /opt/airflow/dags/lesson_2_python_operator_v1.py
[2024-10-22T23:09:13.031+0000] {processor.py:914} INFO - Processing file /opt/airflow/dags/lesson_2_python_operator_v1.py for tasks to queue
[2024-10-22T23:09:13.033+0000] {logging_mixin.py:190} INFO - [2024-10-22T23:09:13.033+0000] {dagbag.py:588} INFO - Filling up the DagBag from /opt/airflow/dags/lesson_2_python_operator_v1.py
[2024-10-22T23:09:13.046+0000] {processor.py:925} INFO - DAG(s) 'python_operator_v1' retrieved from /opt/airflow/dags/lesson_2_python_operator_v1.py
[2024-10-22T23:09:13.063+0000] {logging_mixin.py:190} INFO - [2024-10-22T23:09:13.062+0000] {dag.py:3239} INFO - Sync 1 DAGs
[2024-10-22T23:09:13.084+0000] {logging_mixin.py:190} INFO - [2024-10-22T23:09:13.084+0000] {dag.py:4180} INFO - Setting next_dagrun for python_operator_v1 to 2024-10-20 15:23:00+00:00, run_after=2024-10-20 15:24:00+00:00
[2024-10-22T23:09:13.104+0000] {processor.py:208} INFO - Processing /opt/airflow/dags/lesson_2_python_operator_v1.py took 0.080 seconds
[2024-10-22T23:09:43.771+0000] {processor.py:186} INFO - Started process (PID=1040) to work on /opt/airflow/dags/lesson_2_python_operator_v1.py
[2024-10-22T23:09:43.772+0000] {processor.py:914} INFO - Processing file /opt/airflow/dags/lesson_2_python_operator_v1.py for tasks to queue
[2024-10-22T23:09:43.774+0000] {logging_mixin.py:190} INFO - [2024-10-22T23:09:43.774+0000] {dagbag.py:588} INFO - Filling up the DagBag from /opt/airflow/dags/lesson_2_python_operator_v1.py
[2024-10-22T23:09:43.787+0000] {processor.py:925} INFO - DAG(s) 'python_operator_v1' retrieved from /opt/airflow/dags/lesson_2_python_operator_v1.py
[2024-10-22T23:09:43.806+0000] {logging_mixin.py:190} INFO - [2024-10-22T23:09:43.806+0000] {dag.py:3239} INFO - Sync 1 DAGs
[2024-10-22T23:09:43.828+0000] {logging_mixin.py:190} INFO - [2024-10-22T23:09:43.828+0000] {dag.py:4180} INFO - Setting next_dagrun for python_operator_v1 to 2024-10-20 15:23:00+00:00, run_after=2024-10-20 15:24:00+00:00
[2024-10-22T23:09:43.847+0000] {processor.py:208} INFO - Processing /opt/airflow/dags/lesson_2_python_operator_v1.py took 0.081 seconds
[2024-10-22T23:10:14.251+0000] {processor.py:186} INFO - Started process (PID=1110) to work on /opt/airflow/dags/lesson_2_python_operator_v1.py
[2024-10-22T23:10:14.252+0000] {processor.py:914} INFO - Processing file /opt/airflow/dags/lesson_2_python_operator_v1.py for tasks to queue
[2024-10-22T23:10:14.254+0000] {logging_mixin.py:190} INFO - [2024-10-22T23:10:14.254+0000] {dagbag.py:588} INFO - Filling up the DagBag from /opt/airflow/dags/lesson_2_python_operator_v1.py
[2024-10-22T23:10:14.269+0000] {processor.py:925} INFO - DAG(s) 'python_operator_v1' retrieved from /opt/airflow/dags/lesson_2_python_operator_v1.py
[2024-10-22T23:10:14.286+0000] {logging_mixin.py:190} INFO - [2024-10-22T23:10:14.286+0000] {dag.py:3239} INFO - Sync 1 DAGs
[2024-10-22T23:10:14.309+0000] {logging_mixin.py:190} INFO - [2024-10-22T23:10:14.309+0000] {dag.py:4180} INFO - Setting next_dagrun for python_operator_v1 to 2024-10-20 15:23:00+00:00, run_after=2024-10-20 15:24:00+00:00
[2024-10-22T23:10:14.328+0000] {processor.py:208} INFO - Processing /opt/airflow/dags/lesson_2_python_operator_v1.py took 0.082 seconds
[2024-10-22T23:10:44.648+0000] {processor.py:186} INFO - Started process (PID=1180) to work on /opt/airflow/dags/lesson_2_python_operator_v1.py
[2024-10-22T23:10:44.649+0000] {processor.py:914} INFO - Processing file /opt/airflow/dags/lesson_2_python_operator_v1.py for tasks to queue
[2024-10-22T23:10:44.651+0000] {logging_mixin.py:190} INFO - [2024-10-22T23:10:44.651+0000] {dagbag.py:588} INFO - Filling up the DagBag from /opt/airflow/dags/lesson_2_python_operator_v1.py
[2024-10-22T23:10:44.664+0000] {processor.py:925} INFO - DAG(s) 'python_operator_v1' retrieved from /opt/airflow/dags/lesson_2_python_operator_v1.py
[2024-10-22T23:10:44.680+0000] {logging_mixin.py:190} INFO - [2024-10-22T23:10:44.680+0000] {dag.py:3239} INFO - Sync 1 DAGs
[2024-10-22T23:10:44.701+0000] {logging_mixin.py:190} INFO - [2024-10-22T23:10:44.701+0000] {dag.py:4180} INFO - Setting next_dagrun for python_operator_v1 to 2024-10-20 15:23:00+00:00, run_after=2024-10-20 15:24:00+00:00
[2024-10-22T23:10:44.720+0000] {processor.py:208} INFO - Processing /opt/airflow/dags/lesson_2_python_operator_v1.py took 0.077 seconds
[2024-10-22T23:11:15.614+0000] {processor.py:186} INFO - Started process (PID=1250) to work on /opt/airflow/dags/lesson_2_python_operator_v1.py
[2024-10-22T23:11:15.615+0000] {processor.py:914} INFO - Processing file /opt/airflow/dags/lesson_2_python_operator_v1.py for tasks to queue
[2024-10-22T23:11:15.617+0000] {logging_mixin.py:190} INFO - [2024-10-22T23:11:15.616+0000] {dagbag.py:588} INFO - Filling up the DagBag from /opt/airflow/dags/lesson_2_python_operator_v1.py
[2024-10-22T23:11:15.630+0000] {processor.py:925} INFO - DAG(s) 'python_operator_v1' retrieved from /opt/airflow/dags/lesson_2_python_operator_v1.py
[2024-10-22T23:11:15.646+0000] {logging_mixin.py:190} INFO - [2024-10-22T23:11:15.646+0000] {dag.py:3239} INFO - Sync 1 DAGs
[2024-10-22T23:11:15.666+0000] {logging_mixin.py:190} INFO - [2024-10-22T23:11:15.666+0000] {dag.py:4180} INFO - Setting next_dagrun for python_operator_v1 to 2024-10-20 15:23:00+00:00, run_after=2024-10-20 15:24:00+00:00
[2024-10-22T23:11:15.685+0000] {processor.py:208} INFO - Processing /opt/airflow/dags/lesson_2_python_operator_v1.py took 0.077 seconds
[2024-10-22T23:11:46.123+0000] {processor.py:186} INFO - Started process (PID=1320) to work on /opt/airflow/dags/lesson_2_python_operator_v1.py
[2024-10-22T23:11:46.124+0000] {processor.py:914} INFO - Processing file /opt/airflow/dags/lesson_2_python_operator_v1.py for tasks to queue
[2024-10-22T23:11:46.126+0000] {logging_mixin.py:190} INFO - [2024-10-22T23:11:46.125+0000] {dagbag.py:588} INFO - Filling up the DagBag from /opt/airflow/dags/lesson_2_python_operator_v1.py
[2024-10-22T23:11:46.140+0000] {processor.py:925} INFO - DAG(s) 'python_operator_v1' retrieved from /opt/airflow/dags/lesson_2_python_operator_v1.py
[2024-10-22T23:11:46.173+0000] {logging_mixin.py:190} INFO - [2024-10-22T23:11:46.173+0000] {dag.py:3239} INFO - Sync 1 DAGs
[2024-10-22T23:11:46.200+0000] {logging_mixin.py:190} INFO - [2024-10-22T23:11:46.200+0000] {dag.py:4180} INFO - Setting next_dagrun for python_operator_v1 to 2024-10-20 15:23:00+00:00, run_after=2024-10-20 15:24:00+00:00
[2024-10-22T23:11:46.222+0000] {processor.py:208} INFO - Processing /opt/airflow/dags/lesson_2_python_operator_v1.py took 0.105 seconds
[2024-10-22T23:12:17.048+0000] {processor.py:186} INFO - Started process (PID=1390) to work on /opt/airflow/dags/lesson_2_python_operator_v1.py
[2024-10-22T23:12:17.048+0000] {processor.py:914} INFO - Processing file /opt/airflow/dags/lesson_2_python_operator_v1.py for tasks to queue
[2024-10-22T23:12:17.050+0000] {logging_mixin.py:190} INFO - [2024-10-22T23:12:17.050+0000] {dagbag.py:588} INFO - Filling up the DagBag from /opt/airflow/dags/lesson_2_python_operator_v1.py
[2024-10-22T23:12:17.062+0000] {processor.py:925} INFO - DAG(s) 'python_operator_v1' retrieved from /opt/airflow/dags/lesson_2_python_operator_v1.py
[2024-10-22T23:12:17.077+0000] {logging_mixin.py:190} INFO - [2024-10-22T23:12:17.077+0000] {dag.py:3239} INFO - Sync 1 DAGs
[2024-10-22T23:12:17.096+0000] {logging_mixin.py:190} INFO - [2024-10-22T23:12:17.096+0000] {dag.py:4180} INFO - Setting next_dagrun for python_operator_v1 to 2024-10-20 15:23:00+00:00, run_after=2024-10-20 15:24:00+00:00
[2024-10-22T23:12:17.115+0000] {processor.py:208} INFO - Processing /opt/airflow/dags/lesson_2_python_operator_v1.py took 0.074 seconds
[2024-10-22T23:12:47.358+0000] {processor.py:186} INFO - Started process (PID=1460) to work on /opt/airflow/dags/lesson_2_python_operator_v1.py
[2024-10-22T23:12:47.358+0000] {processor.py:914} INFO - Processing file /opt/airflow/dags/lesson_2_python_operator_v1.py for tasks to queue
[2024-10-22T23:12:47.361+0000] {logging_mixin.py:190} INFO - [2024-10-22T23:12:47.360+0000] {dagbag.py:588} INFO - Filling up the DagBag from /opt/airflow/dags/lesson_2_python_operator_v1.py
[2024-10-22T23:12:47.372+0000] {processor.py:925} INFO - DAG(s) 'python_operator_v1' retrieved from /opt/airflow/dags/lesson_2_python_operator_v1.py
[2024-10-22T23:12:47.388+0000] {logging_mixin.py:190} INFO - [2024-10-22T23:12:47.388+0000] {dag.py:3239} INFO - Sync 1 DAGs
[2024-10-22T23:12:47.407+0000] {logging_mixin.py:190} INFO - [2024-10-22T23:12:47.407+0000] {dag.py:4180} INFO - Setting next_dagrun for python_operator_v1 to 2024-10-20 15:23:00+00:00, run_after=2024-10-20 15:24:00+00:00
[2024-10-22T23:12:47.425+0000] {processor.py:208} INFO - Processing /opt/airflow/dags/lesson_2_python_operator_v1.py took 0.073 seconds
[2024-10-22T23:13:17.851+0000] {processor.py:186} INFO - Started process (PID=1530) to work on /opt/airflow/dags/lesson_2_python_operator_v1.py
[2024-10-22T23:13:17.852+0000] {processor.py:914} INFO - Processing file /opt/airflow/dags/lesson_2_python_operator_v1.py for tasks to queue
[2024-10-22T23:13:17.854+0000] {logging_mixin.py:190} INFO - [2024-10-22T23:13:17.854+0000] {dagbag.py:588} INFO - Filling up the DagBag from /opt/airflow/dags/lesson_2_python_operator_v1.py
[2024-10-22T23:13:17.867+0000] {processor.py:925} INFO - DAG(s) 'python_operator_v1' retrieved from /opt/airflow/dags/lesson_2_python_operator_v1.py
[2024-10-22T23:13:17.883+0000] {logging_mixin.py:190} INFO - [2024-10-22T23:13:17.883+0000] {dag.py:3239} INFO - Sync 1 DAGs
[2024-10-22T23:13:17.905+0000] {logging_mixin.py:190} INFO - [2024-10-22T23:13:17.905+0000] {dag.py:4180} INFO - Setting next_dagrun for python_operator_v1 to 2024-10-20 15:23:00+00:00, run_after=2024-10-20 15:24:00+00:00
[2024-10-22T23:13:17.925+0000] {processor.py:208} INFO - Processing /opt/airflow/dags/lesson_2_python_operator_v1.py took 0.079 seconds
[2024-10-22T23:13:48.277+0000] {processor.py:186} INFO - Started process (PID=1601) to work on /opt/airflow/dags/lesson_2_python_operator_v1.py
[2024-10-22T23:13:48.277+0000] {processor.py:914} INFO - Processing file /opt/airflow/dags/lesson_2_python_operator_v1.py for tasks to queue
[2024-10-22T23:13:48.280+0000] {logging_mixin.py:190} INFO - [2024-10-22T23:13:48.279+0000] {dagbag.py:588} INFO - Filling up the DagBag from /opt/airflow/dags/lesson_2_python_operator_v1.py
[2024-10-22T23:13:48.295+0000] {processor.py:925} INFO - DAG(s) 'python_operator_v1' retrieved from /opt/airflow/dags/lesson_2_python_operator_v1.py
[2024-10-22T23:13:48.312+0000] {logging_mixin.py:190} INFO - [2024-10-22T23:13:48.312+0000] {dag.py:3239} INFO - Sync 1 DAGs
[2024-10-22T23:13:48.335+0000] {logging_mixin.py:190} INFO - [2024-10-22T23:13:48.334+0000] {dag.py:4180} INFO - Setting next_dagrun for python_operator_v1 to 2024-10-20 15:23:00+00:00, run_after=2024-10-20 15:24:00+00:00
[2024-10-22T23:13:48.355+0000] {processor.py:208} INFO - Processing /opt/airflow/dags/lesson_2_python_operator_v1.py took 0.083 seconds
[2024-10-22T23:14:18.923+0000] {processor.py:186} INFO - Started process (PID=1671) to work on /opt/airflow/dags/lesson_2_python_operator_v1.py
[2024-10-22T23:14:18.924+0000] {processor.py:914} INFO - Processing file /opt/airflow/dags/lesson_2_python_operator_v1.py for tasks to queue
[2024-10-22T23:14:18.926+0000] {logging_mixin.py:190} INFO - [2024-10-22T23:14:18.926+0000] {dagbag.py:588} INFO - Filling up the DagBag from /opt/airflow/dags/lesson_2_python_operator_v1.py
[2024-10-22T23:14:18.943+0000] {processor.py:925} INFO - DAG(s) 'python_operator_v1' retrieved from /opt/airflow/dags/lesson_2_python_operator_v1.py
[2024-10-22T23:14:18.961+0000] {logging_mixin.py:190} INFO - [2024-10-22T23:14:18.960+0000] {dag.py:3239} INFO - Sync 1 DAGs
[2024-10-22T23:14:19.000+0000] {logging_mixin.py:190} INFO - [2024-10-22T23:14:18.999+0000] {dag.py:4180} INFO - Setting next_dagrun for python_operator_v1 to 2024-10-20 15:23:00+00:00, run_after=2024-10-20 15:24:00+00:00
[2024-10-22T23:14:19.019+0000] {processor.py:208} INFO - Processing /opt/airflow/dags/lesson_2_python_operator_v1.py took 0.103 seconds
[2024-10-22T23:14:49.417+0000] {processor.py:186} INFO - Started process (PID=1742) to work on /opt/airflow/dags/lesson_2_python_operator_v1.py
[2024-10-22T23:14:49.418+0000] {processor.py:914} INFO - Processing file /opt/airflow/dags/lesson_2_python_operator_v1.py for tasks to queue
[2024-10-22T23:14:49.420+0000] {logging_mixin.py:190} INFO - [2024-10-22T23:14:49.419+0000] {dagbag.py:588} INFO - Filling up the DagBag from /opt/airflow/dags/lesson_2_python_operator_v1.py
[2024-10-22T23:14:49.433+0000] {processor.py:925} INFO - DAG(s) 'python_operator_v1' retrieved from /opt/airflow/dags/lesson_2_python_operator_v1.py
[2024-10-22T23:14:49.448+0000] {logging_mixin.py:190} INFO - [2024-10-22T23:14:49.448+0000] {dag.py:3239} INFO - Sync 1 DAGs
[2024-10-22T23:14:49.468+0000] {logging_mixin.py:190} INFO - [2024-10-22T23:14:49.467+0000] {dag.py:4180} INFO - Setting next_dagrun for python_operator_v1 to 2024-10-20 15:23:00+00:00, run_after=2024-10-20 15:24:00+00:00
[2024-10-22T23:14:49.491+0000] {processor.py:208} INFO - Processing /opt/airflow/dags/lesson_2_python_operator_v1.py took 0.079 seconds
[2024-10-22T23:15:20.081+0000] {processor.py:186} INFO - Started process (PID=1812) to work on /opt/airflow/dags/lesson_2_python_operator_v1.py
[2024-10-22T23:15:20.082+0000] {processor.py:914} INFO - Processing file /opt/airflow/dags/lesson_2_python_operator_v1.py for tasks to queue
[2024-10-22T23:15:20.084+0000] {logging_mixin.py:190} INFO - [2024-10-22T23:15:20.084+0000] {dagbag.py:588} INFO - Filling up the DagBag from /opt/airflow/dags/lesson_2_python_operator_v1.py
[2024-10-22T23:15:20.097+0000] {processor.py:925} INFO - DAG(s) 'python_operator_v1' retrieved from /opt/airflow/dags/lesson_2_python_operator_v1.py
[2024-10-22T23:15:20.113+0000] {logging_mixin.py:190} INFO - [2024-10-22T23:15:20.112+0000] {dag.py:3239} INFO - Sync 1 DAGs
[2024-10-22T23:15:20.133+0000] {logging_mixin.py:190} INFO - [2024-10-22T23:15:20.132+0000] {dag.py:4180} INFO - Setting next_dagrun for python_operator_v1 to 2024-10-20 15:23:00+00:00, run_after=2024-10-20 15:24:00+00:00
[2024-10-22T23:15:20.154+0000] {processor.py:208} INFO - Processing /opt/airflow/dags/lesson_2_python_operator_v1.py took 0.079 seconds
[2024-10-22T23:15:50.337+0000] {processor.py:186} INFO - Started process (PID=1882) to work on /opt/airflow/dags/lesson_2_python_operator_v1.py
[2024-10-22T23:15:50.338+0000] {processor.py:914} INFO - Processing file /opt/airflow/dags/lesson_2_python_operator_v1.py for tasks to queue
[2024-10-22T23:15:50.340+0000] {logging_mixin.py:190} INFO - [2024-10-22T23:15:50.340+0000] {dagbag.py:588} INFO - Filling up the DagBag from /opt/airflow/dags/lesson_2_python_operator_v1.py
[2024-10-22T23:15:50.352+0000] {processor.py:925} INFO - DAG(s) 'python_operator_v1' retrieved from /opt/airflow/dags/lesson_2_python_operator_v1.py
[2024-10-22T23:15:50.369+0000] {logging_mixin.py:190} INFO - [2024-10-22T23:15:50.368+0000] {dag.py:3239} INFO - Sync 1 DAGs
[2024-10-22T23:15:50.404+0000] {logging_mixin.py:190} INFO - [2024-10-22T23:15:50.404+0000] {dag.py:4180} INFO - Setting next_dagrun for python_operator_v1 to 2024-10-20 15:23:00+00:00, run_after=2024-10-20 15:24:00+00:00
[2024-10-22T23:15:50.426+0000] {processor.py:208} INFO - Processing /opt/airflow/dags/lesson_2_python_operator_v1.py took 0.095 seconds
[2024-10-22T23:16:21.034+0000] {processor.py:186} INFO - Started process (PID=1953) to work on /opt/airflow/dags/lesson_2_python_operator_v1.py
[2024-10-22T23:16:21.035+0000] {processor.py:914} INFO - Processing file /opt/airflow/dags/lesson_2_python_operator_v1.py for tasks to queue
[2024-10-22T23:16:21.037+0000] {logging_mixin.py:190} INFO - [2024-10-22T23:16:21.036+0000] {dagbag.py:588} INFO - Filling up the DagBag from /opt/airflow/dags/lesson_2_python_operator_v1.py
[2024-10-22T23:16:21.049+0000] {processor.py:925} INFO - DAG(s) 'python_operator_v1' retrieved from /opt/airflow/dags/lesson_2_python_operator_v1.py
[2024-10-22T23:16:21.063+0000] {logging_mixin.py:190} INFO - [2024-10-22T23:16:21.063+0000] {dag.py:3239} INFO - Sync 1 DAGs
[2024-10-22T23:16:21.081+0000] {logging_mixin.py:190} INFO - [2024-10-22T23:16:21.081+0000] {dag.py:4180} INFO - Setting next_dagrun for python_operator_v1 to 2024-10-20 15:23:00+00:00, run_after=2024-10-20 15:24:00+00:00
[2024-10-22T23:16:21.098+0000] {processor.py:208} INFO - Processing /opt/airflow/dags/lesson_2_python_operator_v1.py took 0.069 seconds
[2024-10-22T23:16:51.504+0000] {processor.py:186} INFO - Started process (PID=2023) to work on /opt/airflow/dags/lesson_2_python_operator_v1.py
[2024-10-22T23:16:51.505+0000] {processor.py:914} INFO - Processing file /opt/airflow/dags/lesson_2_python_operator_v1.py for tasks to queue
[2024-10-22T23:16:51.507+0000] {logging_mixin.py:190} INFO - [2024-10-22T23:16:51.507+0000] {dagbag.py:588} INFO - Filling up the DagBag from /opt/airflow/dags/lesson_2_python_operator_v1.py
[2024-10-22T23:16:51.518+0000] {processor.py:925} INFO - DAG(s) 'python_operator_v1' retrieved from /opt/airflow/dags/lesson_2_python_operator_v1.py
[2024-10-22T23:16:51.533+0000] {logging_mixin.py:190} INFO - [2024-10-22T23:16:51.532+0000] {dag.py:3239} INFO - Sync 1 DAGs
[2024-10-22T23:16:51.553+0000] {logging_mixin.py:190} INFO - [2024-10-22T23:16:51.553+0000] {dag.py:4180} INFO - Setting next_dagrun for python_operator_v1 to 2024-10-20 15:23:00+00:00, run_after=2024-10-20 15:24:00+00:00
[2024-10-22T23:16:51.584+0000] {processor.py:208} INFO - Processing /opt/airflow/dags/lesson_2_python_operator_v1.py took 0.086 seconds
[2024-10-22T23:17:21.932+0000] {processor.py:186} INFO - Started process (PID=2093) to work on /opt/airflow/dags/lesson_2_python_operator_v1.py
[2024-10-22T23:17:21.933+0000] {processor.py:914} INFO - Processing file /opt/airflow/dags/lesson_2_python_operator_v1.py for tasks to queue
[2024-10-22T23:17:21.935+0000] {logging_mixin.py:190} INFO - [2024-10-22T23:17:21.934+0000] {dagbag.py:588} INFO - Filling up the DagBag from /opt/airflow/dags/lesson_2_python_operator_v1.py
[2024-10-22T23:17:21.947+0000] {processor.py:925} INFO - DAG(s) 'python_operator_v1' retrieved from /opt/airflow/dags/lesson_2_python_operator_v1.py
[2024-10-22T23:17:21.963+0000] {logging_mixin.py:190} INFO - [2024-10-22T23:17:21.962+0000] {dag.py:3239} INFO - Sync 1 DAGs
[2024-10-22T23:17:21.982+0000] {logging_mixin.py:190} INFO - [2024-10-22T23:17:21.982+0000] {dag.py:4180} INFO - Setting next_dagrun for python_operator_v1 to 2024-10-20 15:23:00+00:00, run_after=2024-10-20 15:24:00+00:00
[2024-10-22T23:17:21.999+0000] {processor.py:208} INFO - Processing /opt/airflow/dags/lesson_2_python_operator_v1.py took 0.072 seconds
[2024-10-22T23:17:52.280+0000] {processor.py:186} INFO - Started process (PID=2165) to work on /opt/airflow/dags/lesson_2_python_operator_v1.py
[2024-10-22T23:17:52.281+0000] {processor.py:914} INFO - Processing file /opt/airflow/dags/lesson_2_python_operator_v1.py for tasks to queue
[2024-10-22T23:17:52.283+0000] {logging_mixin.py:190} INFO - [2024-10-22T23:17:52.282+0000] {dagbag.py:588} INFO - Filling up the DagBag from /opt/airflow/dags/lesson_2_python_operator_v1.py
[2024-10-22T23:17:52.295+0000] {processor.py:925} INFO - DAG(s) 'python_operator_v1' retrieved from /opt/airflow/dags/lesson_2_python_operator_v1.py
[2024-10-22T23:17:52.309+0000] {logging_mixin.py:190} INFO - [2024-10-22T23:17:52.309+0000] {dag.py:3239} INFO - Sync 1 DAGs
[2024-10-22T23:17:52.328+0000] {logging_mixin.py:190} INFO - [2024-10-22T23:17:52.328+0000] {dag.py:4180} INFO - Setting next_dagrun for python_operator_v1 to 2024-10-20 15:23:00+00:00, run_after=2024-10-20 15:24:00+00:00
[2024-10-22T23:17:52.346+0000] {processor.py:208} INFO - Processing /opt/airflow/dags/lesson_2_python_operator_v1.py took 0.070 seconds
[2024-10-22T23:18:22.661+0000] {processor.py:186} INFO - Started process (PID=2236) to work on /opt/airflow/dags/lesson_2_python_operator_v1.py
[2024-10-22T23:18:22.662+0000] {processor.py:914} INFO - Processing file /opt/airflow/dags/lesson_2_python_operator_v1.py for tasks to queue
[2024-10-22T23:18:22.664+0000] {logging_mixin.py:190} INFO - [2024-10-22T23:18:22.664+0000] {dagbag.py:588} INFO - Filling up the DagBag from /opt/airflow/dags/lesson_2_python_operator_v1.py
[2024-10-22T23:18:22.679+0000] {processor.py:925} INFO - DAG(s) 'python_operator_v1' retrieved from /opt/airflow/dags/lesson_2_python_operator_v1.py
[2024-10-22T23:18:22.696+0000] {logging_mixin.py:190} INFO - [2024-10-22T23:18:22.695+0000] {dag.py:3239} INFO - Sync 1 DAGs
[2024-10-22T23:18:22.718+0000] {logging_mixin.py:190} INFO - [2024-10-22T23:18:22.718+0000] {dag.py:4180} INFO - Setting next_dagrun for python_operator_v1 to 2024-10-20 15:23:00+00:00, run_after=2024-10-20 15:24:00+00:00
[2024-10-22T23:18:22.734+0000] {processor.py:208} INFO - Processing /opt/airflow/dags/lesson_2_python_operator_v1.py took 0.078 seconds
[2024-10-22T23:18:53.079+0000] {processor.py:186} INFO - Started process (PID=2307) to work on /opt/airflow/dags/lesson_2_python_operator_v1.py
[2024-10-22T23:18:53.080+0000] {processor.py:914} INFO - Processing file /opt/airflow/dags/lesson_2_python_operator_v1.py for tasks to queue
[2024-10-22T23:18:53.082+0000] {logging_mixin.py:190} INFO - [2024-10-22T23:18:53.082+0000] {dagbag.py:588} INFO - Filling up the DagBag from /opt/airflow/dags/lesson_2_python_operator_v1.py
[2024-10-22T23:18:53.097+0000] {processor.py:925} INFO - DAG(s) 'python_operator_v1' retrieved from /opt/airflow/dags/lesson_2_python_operator_v1.py
[2024-10-22T23:18:53.113+0000] {logging_mixin.py:190} INFO - [2024-10-22T23:18:53.113+0000] {dag.py:3239} INFO - Sync 1 DAGs
[2024-10-22T23:18:53.136+0000] {logging_mixin.py:190} INFO - [2024-10-22T23:18:53.135+0000] {dag.py:4180} INFO - Setting next_dagrun for python_operator_v1 to 2024-10-20 15:23:00+00:00, run_after=2024-10-20 15:24:00+00:00
[2024-10-22T23:18:53.158+0000] {processor.py:208} INFO - Processing /opt/airflow/dags/lesson_2_python_operator_v1.py took 0.083 seconds
[2024-10-22T23:19:23.516+0000] {processor.py:186} INFO - Started process (PID=2378) to work on /opt/airflow/dags/lesson_2_python_operator_v1.py
[2024-10-22T23:19:23.517+0000] {processor.py:914} INFO - Processing file /opt/airflow/dags/lesson_2_python_operator_v1.py for tasks to queue
[2024-10-22T23:19:23.518+0000] {logging_mixin.py:190} INFO - [2024-10-22T23:19:23.518+0000] {dagbag.py:588} INFO - Filling up the DagBag from /opt/airflow/dags/lesson_2_python_operator_v1.py
[2024-10-22T23:19:23.531+0000] {processor.py:925} INFO - DAG(s) 'python_operator_v1' retrieved from /opt/airflow/dags/lesson_2_python_operator_v1.py
[2024-10-22T23:19:23.545+0000] {logging_mixin.py:190} INFO - [2024-10-22T23:19:23.545+0000] {dag.py:3239} INFO - Sync 1 DAGs
[2024-10-22T23:19:23.566+0000] {logging_mixin.py:190} INFO - [2024-10-22T23:19:23.565+0000] {dag.py:4180} INFO - Setting next_dagrun for python_operator_v1 to 2024-10-20 15:23:00+00:00, run_after=2024-10-20 15:24:00+00:00
[2024-10-22T23:19:23.585+0000] {processor.py:208} INFO - Processing /opt/airflow/dags/lesson_2_python_operator_v1.py took 0.073 seconds
[2024-10-22T23:19:54.306+0000] {processor.py:186} INFO - Started process (PID=2449) to work on /opt/airflow/dags/lesson_2_python_operator_v1.py
[2024-10-22T23:19:54.308+0000] {processor.py:914} INFO - Processing file /opt/airflow/dags/lesson_2_python_operator_v1.py for tasks to queue
[2024-10-22T23:19:54.310+0000] {logging_mixin.py:190} INFO - [2024-10-22T23:19:54.309+0000] {dagbag.py:588} INFO - Filling up the DagBag from /opt/airflow/dags/lesson_2_python_operator_v1.py
[2024-10-22T23:19:54.321+0000] {processor.py:925} INFO - DAG(s) 'python_operator_v1' retrieved from /opt/airflow/dags/lesson_2_python_operator_v1.py
[2024-10-22T23:19:54.335+0000] {logging_mixin.py:190} INFO - [2024-10-22T23:19:54.335+0000] {dag.py:3239} INFO - Sync 1 DAGs
[2024-10-22T23:19:54.355+0000] {logging_mixin.py:190} INFO - [2024-10-22T23:19:54.355+0000] {dag.py:4180} INFO - Setting next_dagrun for python_operator_v1 to 2024-10-20 15:23:00+00:00, run_after=2024-10-20 15:24:00+00:00
[2024-10-22T23:19:54.375+0000] {processor.py:208} INFO - Processing /opt/airflow/dags/lesson_2_python_operator_v1.py took 0.074 seconds
[2024-10-22T23:20:24.741+0000] {processor.py:186} INFO - Started process (PID=2521) to work on /opt/airflow/dags/lesson_2_python_operator_v1.py
[2024-10-22T23:20:24.742+0000] {processor.py:914} INFO - Processing file /opt/airflow/dags/lesson_2_python_operator_v1.py for tasks to queue
[2024-10-22T23:20:24.745+0000] {logging_mixin.py:190} INFO - [2024-10-22T23:20:24.744+0000] {dagbag.py:588} INFO - Filling up the DagBag from /opt/airflow/dags/lesson_2_python_operator_v1.py
[2024-10-22T23:20:24.760+0000] {processor.py:925} INFO - DAG(s) 'python_operator_v1' retrieved from /opt/airflow/dags/lesson_2_python_operator_v1.py
[2024-10-22T23:20:24.775+0000] {logging_mixin.py:190} INFO - [2024-10-22T23:20:24.775+0000] {dag.py:3239} INFO - Sync 1 DAGs
[2024-10-22T23:20:24.799+0000] {logging_mixin.py:190} INFO - [2024-10-22T23:20:24.799+0000] {dag.py:4180} INFO - Setting next_dagrun for python_operator_v1 to 2024-10-20 15:23:00+00:00, run_after=2024-10-20 15:24:00+00:00
[2024-10-22T23:20:24.816+0000] {processor.py:208} INFO - Processing /opt/airflow/dags/lesson_2_python_operator_v1.py took 0.080 seconds
[2024-10-22T23:20:55.578+0000] {processor.py:186} INFO - Started process (PID=2592) to work on /opt/airflow/dags/lesson_2_python_operator_v1.py
[2024-10-22T23:20:55.580+0000] {processor.py:914} INFO - Processing file /opt/airflow/dags/lesson_2_python_operator_v1.py for tasks to queue
[2024-10-22T23:20:55.583+0000] {logging_mixin.py:190} INFO - [2024-10-22T23:20:55.582+0000] {dagbag.py:588} INFO - Filling up the DagBag from /opt/airflow/dags/lesson_2_python_operator_v1.py
[2024-10-22T23:20:55.597+0000] {processor.py:925} INFO - DAG(s) 'python_operator_v1' retrieved from /opt/airflow/dags/lesson_2_python_operator_v1.py
[2024-10-22T23:20:55.628+0000] {logging_mixin.py:190} INFO - [2024-10-22T23:20:55.628+0000] {dag.py:3239} INFO - Sync 1 DAGs
[2024-10-22T23:20:55.650+0000] {logging_mixin.py:190} INFO - [2024-10-22T23:20:55.650+0000] {dag.py:4180} INFO - Setting next_dagrun for python_operator_v1 to 2024-10-20 15:23:00+00:00, run_after=2024-10-20 15:24:00+00:00
[2024-10-22T23:20:55.670+0000] {processor.py:208} INFO - Processing /opt/airflow/dags/lesson_2_python_operator_v1.py took 0.099 seconds
[2024-10-22T23:21:25.794+0000] {processor.py:186} INFO - Started process (PID=2663) to work on /opt/airflow/dags/lesson_2_python_operator_v1.py
[2024-10-22T23:21:25.794+0000] {processor.py:914} INFO - Processing file /opt/airflow/dags/lesson_2_python_operator_v1.py for tasks to queue
[2024-10-22T23:21:25.797+0000] {logging_mixin.py:190} INFO - [2024-10-22T23:21:25.797+0000] {dagbag.py:588} INFO - Filling up the DagBag from /opt/airflow/dags/lesson_2_python_operator_v1.py
[2024-10-22T23:21:25.812+0000] {processor.py:925} INFO - DAG(s) 'python_operator_v1' retrieved from /opt/airflow/dags/lesson_2_python_operator_v1.py
[2024-10-22T23:21:25.830+0000] {logging_mixin.py:190} INFO - [2024-10-22T23:21:25.829+0000] {dag.py:3239} INFO - Sync 1 DAGs
[2024-10-22T23:21:25.853+0000] {logging_mixin.py:190} INFO - [2024-10-22T23:21:25.852+0000] {dag.py:4180} INFO - Setting next_dagrun for python_operator_v1 to 2024-10-20 15:23:00+00:00, run_after=2024-10-20 15:24:00+00:00
[2024-10-22T23:21:25.871+0000] {processor.py:208} INFO - Processing /opt/airflow/dags/lesson_2_python_operator_v1.py took 0.083 seconds
[2024-10-22T23:21:56.655+0000] {processor.py:186} INFO - Started process (PID=2734) to work on /opt/airflow/dags/lesson_2_python_operator_v1.py
[2024-10-22T23:21:56.656+0000] {processor.py:914} INFO - Processing file /opt/airflow/dags/lesson_2_python_operator_v1.py for tasks to queue
[2024-10-22T23:21:56.658+0000] {logging_mixin.py:190} INFO - [2024-10-22T23:21:56.658+0000] {dagbag.py:588} INFO - Filling up the DagBag from /opt/airflow/dags/lesson_2_python_operator_v1.py
[2024-10-22T23:21:56.670+0000] {processor.py:925} INFO - DAG(s) 'python_operator_v1' retrieved from /opt/airflow/dags/lesson_2_python_operator_v1.py
[2024-10-22T23:21:56.686+0000] {logging_mixin.py:190} INFO - [2024-10-22T23:21:56.686+0000] {dag.py:3239} INFO - Sync 1 DAGs
[2024-10-22T23:21:56.707+0000] {logging_mixin.py:190} INFO - [2024-10-22T23:21:56.707+0000] {dag.py:4180} INFO - Setting next_dagrun for python_operator_v1 to 2024-10-20 15:23:00+00:00, run_after=2024-10-20 15:24:00+00:00
[2024-10-22T23:21:56.726+0000] {processor.py:208} INFO - Processing /opt/airflow/dags/lesson_2_python_operator_v1.py took 0.077 seconds
[2024-10-22T23:22:27.749+0000] {processor.py:186} INFO - Started process (PID=2804) to work on /opt/airflow/dags/lesson_2_python_operator_v1.py
[2024-10-22T23:22:27.750+0000] {processor.py:914} INFO - Processing file /opt/airflow/dags/lesson_2_python_operator_v1.py for tasks to queue
[2024-10-22T23:22:27.751+0000] {logging_mixin.py:190} INFO - [2024-10-22T23:22:27.751+0000] {dagbag.py:588} INFO - Filling up the DagBag from /opt/airflow/dags/lesson_2_python_operator_v1.py
[2024-10-22T23:22:27.765+0000] {processor.py:925} INFO - DAG(s) 'python_operator_v1' retrieved from /opt/airflow/dags/lesson_2_python_operator_v1.py
[2024-10-22T23:22:27.780+0000] {logging_mixin.py:190} INFO - [2024-10-22T23:22:27.780+0000] {dag.py:3239} INFO - Sync 1 DAGs
[2024-10-22T23:22:27.802+0000] {logging_mixin.py:190} INFO - [2024-10-22T23:22:27.802+0000] {dag.py:4180} INFO - Setting next_dagrun for python_operator_v1 to 2024-10-20 15:23:00+00:00, run_after=2024-10-20 15:24:00+00:00
[2024-10-22T23:22:27.822+0000] {processor.py:208} INFO - Processing /opt/airflow/dags/lesson_2_python_operator_v1.py took 0.079 seconds
[2024-10-22T23:22:58.936+0000] {processor.py:186} INFO - Started process (PID=2876) to work on /opt/airflow/dags/lesson_2_python_operator_v1.py
[2024-10-22T23:22:58.937+0000] {processor.py:914} INFO - Processing file /opt/airflow/dags/lesson_2_python_operator_v1.py for tasks to queue
[2024-10-22T23:22:58.939+0000] {logging_mixin.py:190} INFO - [2024-10-22T23:22:58.939+0000] {dagbag.py:588} INFO - Filling up the DagBag from /opt/airflow/dags/lesson_2_python_operator_v1.py
[2024-10-22T23:22:58.953+0000] {processor.py:925} INFO - DAG(s) 'python_operator_v1' retrieved from /opt/airflow/dags/lesson_2_python_operator_v1.py
[2024-10-22T23:22:58.968+0000] {logging_mixin.py:190} INFO - [2024-10-22T23:22:58.968+0000] {dag.py:3239} INFO - Sync 1 DAGs
[2024-10-22T23:22:58.988+0000] {logging_mixin.py:190} INFO - [2024-10-22T23:22:58.988+0000] {dag.py:4180} INFO - Setting next_dagrun for python_operator_v1 to 2024-10-20 15:23:00+00:00, run_after=2024-10-20 15:24:00+00:00
[2024-10-22T23:22:59.005+0000] {processor.py:208} INFO - Processing /opt/airflow/dags/lesson_2_python_operator_v1.py took 0.074 seconds
