[2024-10-22T23:02:37.566+0000] {local_task_job_runner.py:123} INFO - ::group::Pre task execution logs
[2024-10-22T23:02:37.581+0000] {taskinstance.py:2612} INFO - Dependencies all met for dep_context=non-requeueable deps ti=<TaskInstance: DAG_LatestOnlyOperator.latest scheduled__2024-10-21T18:00:00+00:00 [queued]>
[2024-10-22T23:02:37.590+0000] {taskinstance.py:2612} INFO - Dependencies all met for dep_context=requeueable deps ti=<TaskInstance: DAG_LatestOnlyOperator.latest scheduled__2024-10-21T18:00:00+00:00 [queued]>
[2024-10-22T23:02:37.592+0000] {taskinstance.py:2865} INFO - Starting attempt 1 of 1
[2024-10-22T23:02:37.613+0000] {taskinstance.py:2888} INFO - Executing <Task(LatestOnlyOperator): latest> on 2024-10-21 18:00:00+00:00
[2024-10-22T23:02:37.623+0000] {warnings.py:112} WARNING - /home/***/.local/lib/python3.12/site-packages/***/task/task_runner/standard_task_runner.py:70: DeprecationWarning: This process (pid=95) is multi-threaded, use of fork() may lead to deadlocks in the child.
  pid = os.fork()

[2024-10-22T23:02:37.625+0000] {standard_task_runner.py:72} INFO - Started process 97 to run task
[2024-10-22T23:02:37.624+0000] {standard_task_runner.py:104} INFO - Running: ['***', 'tasks', 'run', 'DAG_LatestOnlyOperator', 'latest', 'scheduled__2024-10-21T18:00:00+00:00', '--job-id', '413', '--raw', '--subdir', 'DAGS_FOLDER/lesson_4_dag_latest.py', '--cfg-path', '/tmp/tmpjwqk6u8m']
[2024-10-22T23:02:37.626+0000] {standard_task_runner.py:105} INFO - Job 413: Subtask latest
[2024-10-22T23:02:37.669+0000] {task_command.py:467} INFO - Running <TaskInstance: DAG_LatestOnlyOperator.latest scheduled__2024-10-21T18:00:00+00:00 [running]> on host 1da8eee663cb
[2024-10-22T23:02:37.764+0000] {taskinstance.py:3131} INFO - Exporting env vars: AIRFLOW_CTX_DAG_OWNER='***' AIRFLOW_CTX_DAG_ID='DAG_LatestOnlyOperator' AIRFLOW_CTX_TASK_ID='latest' AIRFLOW_CTX_EXECUTION_DATE='2024-10-21T18:00:00+00:00' AIRFLOW_CTX_TRY_NUMBER='1' AIRFLOW_CTX_DAG_RUN_ID='scheduled__2024-10-21T18:00:00+00:00'
[2024-10-22T23:02:37.765+0000] {logging_mixin.py:190} INFO - Task instance is in running state
[2024-10-22T23:02:37.766+0000] {logging_mixin.py:190} INFO -  Previous state of the Task instance: queued
[2024-10-22T23:02:37.766+0000] {logging_mixin.py:190} INFO - Current task name:latest state:running start_date:2024-10-22 23:02:37.582031+00:00
[2024-10-22T23:02:37.767+0000] {logging_mixin.py:190} INFO - Dag name:DAG_LatestOnlyOperator and current dag run status:running
[2024-10-22T23:02:37.767+0000] {taskinstance.py:731} INFO - ::endgroup::
[2024-10-22T23:02:37.768+0000] {latest_only.py:63} INFO - Checking latest only with left_window: 2024-10-22 18:00:00+00:00 right_window: 2024-10-23 18:00:00+00:00 now: 2024-10-22 23:02:37.768827+00:00
[2024-10-22T23:02:37.769+0000] {latest_only.py:76} INFO - Latest, allowing execution to proceed.
[2024-10-22T23:02:37.770+0000] {branch.py:38} INFO - Branch into ['python_principal']
[2024-10-22T23:02:37.771+0000] {skipmixin.py:230} INFO - Following branch ('python_principal',)
[2024-10-22T23:02:37.789+0000] {skipmixin.py:278} INFO - Skipping tasks []
[2024-10-22T23:02:37.845+0000] {taskinstance.py:340} INFO - ::group::Post task execution logs
[2024-10-22T23:02:37.846+0000] {taskinstance.py:352} INFO - Marking task as SUCCESS. dag_id=DAG_LatestOnlyOperator, task_id=latest, run_id=scheduled__2024-10-21T18:00:00+00:00, execution_date=20241021T180000, start_date=20241022T230237, end_date=20241022T230237
[2024-10-22T23:02:37.856+0000] {logging_mixin.py:190} INFO - Task instance in success state
[2024-10-22T23:02:37.856+0000] {logging_mixin.py:190} INFO -  Previous state of the Task instance: running
[2024-10-22T23:02:37.857+0000] {logging_mixin.py:190} INFO - Dag name:DAG_LatestOnlyOperator queued_at:2024-10-22 23:02:12.786975+00:00
[2024-10-22T23:02:37.857+0000] {logging_mixin.py:190} INFO - Task hostname:1da8eee663cb operator:LatestOnlyOperator
[2024-10-22T23:02:37.882+0000] {local_task_job_runner.py:266} INFO - Task exited with return code 0
[2024-10-22T23:02:37.911+0000] {taskinstance.py:3900} INFO - 1 downstream tasks scheduled from follow-on schedule check
[2024-10-22T23:02:37.912+0000] {local_task_job_runner.py:245} INFO - ::endgroup::
