[2024-10-21T17:29:55.658+0000] {local_task_job_runner.py:123} INFO - ::group::Pre task execution logs
[2024-10-21T17:29:55.704+0000] {taskinstance.py:2612} INFO - Dependencies all met for dep_context=non-requeueable deps ti=<TaskInstance: DAG_LatestOnlyOperator.latest scheduled__2024-10-21T03:45:00+00:00 [queued]>
[2024-10-21T17:29:55.725+0000] {taskinstance.py:2612} INFO - Dependencies all met for dep_context=requeueable deps ti=<TaskInstance: DAG_LatestOnlyOperator.latest scheduled__2024-10-21T03:45:00+00:00 [queued]>
[2024-10-21T17:29:55.736+0000] {taskinstance.py:2865} INFO - Starting attempt 1 of 1
[2024-10-21T17:29:55.793+0000] {taskinstance.py:2888} INFO - Executing <Task(LatestOnlyOperator): latest> on 2024-10-21 03:45:00+00:00
[2024-10-21T17:29:55.807+0000] {warnings.py:112} WARNING - /home/***/.local/lib/python3.12/site-packages/***/task/task_runner/standard_task_runner.py:70: DeprecationWarning: This process (pid=1420) is multi-threaded, use of fork() may lead to deadlocks in the child.
  pid = os.fork()

[2024-10-21T17:29:55.811+0000] {standard_task_runner.py:72} INFO - Started process 1447 to run task
[2024-10-21T17:29:55.819+0000] {standard_task_runner.py:104} INFO - Running: ['***', 'tasks', 'run', 'DAG_LatestOnlyOperator', 'latest', 'scheduled__2024-10-21T03:45:00+00:00', '--job-id', '287', '--raw', '--subdir', 'DAGS_FOLDER/lesson_4_dag_latest.py', '--cfg-path', '/tmp/tmpe5yaltvq']
[2024-10-21T17:29:55.820+0000] {standard_task_runner.py:105} INFO - Job 287: Subtask latest
[2024-10-21T17:29:55.933+0000] {task_command.py:467} INFO - Running <TaskInstance: DAG_LatestOnlyOperator.latest scheduled__2024-10-21T03:45:00+00:00 [running]> on host 1da8eee663cb
[2024-10-21T17:29:56.104+0000] {taskinstance.py:3131} INFO - Exporting env vars: AIRFLOW_CTX_DAG_OWNER='***' AIRFLOW_CTX_DAG_ID='DAG_LatestOnlyOperator' AIRFLOW_CTX_TASK_ID='latest' AIRFLOW_CTX_EXECUTION_DATE='2024-10-21T03:45:00+00:00' AIRFLOW_CTX_TRY_NUMBER='1' AIRFLOW_CTX_DAG_RUN_ID='scheduled__2024-10-21T03:45:00+00:00'
[2024-10-21T17:29:56.106+0000] {logging_mixin.py:190} INFO - Task instance is in running state
[2024-10-21T17:29:56.109+0000] {logging_mixin.py:190} INFO -  Previous state of the Task instance: queued
[2024-10-21T17:29:56.110+0000] {logging_mixin.py:190} INFO - Current task name:latest state:running start_date:2024-10-21 17:29:55.708768+00:00
[2024-10-21T17:29:56.112+0000] {logging_mixin.py:190} INFO - Dag name:DAG_LatestOnlyOperator and current dag run status:running
[2024-10-21T17:29:56.112+0000] {taskinstance.py:731} INFO - ::endgroup::
[2024-10-21T17:29:56.116+0000] {latest_only.py:63} INFO - Checking latest only with left_window: 2024-10-21 03:46:00+00:00 right_window: 2024-10-21 03:47:00+00:00 now: 2024-10-21 17:29:56.116424+00:00
[2024-10-21T17:29:56.117+0000] {latest_only.py:71} INFO - Not latest execution, skipping downstream.
[2024-10-21T17:29:56.119+0000] {branch.py:38} INFO - Branch into []
[2024-10-21T17:29:56.123+0000] {skipmixin.py:230} INFO - Following branch ()
[2024-10-21T17:29:56.151+0000] {skipmixin.py:278} INFO - Skipping tasks [('python_principal', -1)]
[2024-10-21T17:29:56.231+0000] {taskinstance.py:340} INFO - ::group::Post task execution logs
[2024-10-21T17:29:56.232+0000] {taskinstance.py:352} INFO - Marking task as SUCCESS. dag_id=DAG_LatestOnlyOperator, task_id=latest, run_id=scheduled__2024-10-21T03:45:00+00:00, execution_date=20241021T034500, start_date=20241021T172955, end_date=20241021T172956
[2024-10-21T17:29:56.248+0000] {logging_mixin.py:190} INFO - Task instance in success state
[2024-10-21T17:29:56.250+0000] {logging_mixin.py:190} INFO -  Previous state of the Task instance: running
[2024-10-21T17:29:56.255+0000] {logging_mixin.py:190} INFO - Dag name:DAG_LatestOnlyOperator queued_at:2024-10-21 17:29:52.561728+00:00
[2024-10-21T17:29:56.256+0000] {logging_mixin.py:190} INFO - Task hostname:1da8eee663cb operator:LatestOnlyOperator
[2024-10-21T17:29:56.284+0000] {local_task_job_runner.py:266} INFO - Task exited with return code 0
[2024-10-21T17:29:56.331+0000] {taskinstance.py:3900} INFO - 0 downstream tasks scheduled from follow-on schedule check
[2024-10-21T17:29:56.340+0000] {local_task_job_runner.py:245} INFO - ::endgroup::
