[2024-10-21T17:30:37.419+0000] {local_task_job_runner.py:123} INFO - ::group::Pre task execution logs
[2024-10-21T17:30:37.447+0000] {taskinstance.py:2612} INFO - Dependencies all met for dep_context=non-requeueable deps ti=<TaskInstance: DAG_LatestOnlyOperator.latest scheduled__2024-10-21T04:43:00+00:00 [queued]>
[2024-10-21T17:30:37.461+0000] {taskinstance.py:2612} INFO - Dependencies all met for dep_context=requeueable deps ti=<TaskInstance: DAG_LatestOnlyOperator.latest scheduled__2024-10-21T04:43:00+00:00 [queued]>
[2024-10-21T17:30:37.462+0000] {taskinstance.py:2865} INFO - Starting attempt 1 of 1
[2024-10-21T17:30:37.489+0000] {taskinstance.py:2888} INFO - Executing <Task(LatestOnlyOperator): latest> on 2024-10-21 04:43:00+00:00
[2024-10-21T17:30:37.499+0000] {warnings.py:112} WARNING - /home/***/.local/lib/python3.12/site-packages/***/task/task_runner/standard_task_runner.py:70: DeprecationWarning: This process (pid=1656) is multi-threaded, use of fork() may lead to deadlocks in the child.
  pid = os.fork()

[2024-10-21T17:30:37.502+0000] {standard_task_runner.py:72} INFO - Started process 1684 to run task
[2024-10-21T17:30:37.511+0000] {standard_task_runner.py:104} INFO - Running: ['***', 'tasks', 'run', 'DAG_LatestOnlyOperator', 'latest', 'scheduled__2024-10-21T04:43:00+00:00', '--job-id', '345', '--raw', '--subdir', 'DAGS_FOLDER/lesson_4_dag_latest.py', '--cfg-path', '/tmp/tmp73j3ibuc']
[2024-10-21T17:30:37.513+0000] {standard_task_runner.py:105} INFO - Job 345: Subtask latest
[2024-10-21T17:30:37.586+0000] {task_command.py:467} INFO - Running <TaskInstance: DAG_LatestOnlyOperator.latest scheduled__2024-10-21T04:43:00+00:00 [running]> on host 1da8eee663cb
[2024-10-21T17:30:37.718+0000] {taskinstance.py:3131} INFO - Exporting env vars: AIRFLOW_CTX_DAG_OWNER='***' AIRFLOW_CTX_DAG_ID='DAG_LatestOnlyOperator' AIRFLOW_CTX_TASK_ID='latest' AIRFLOW_CTX_EXECUTION_DATE='2024-10-21T04:43:00+00:00' AIRFLOW_CTX_TRY_NUMBER='1' AIRFLOW_CTX_DAG_RUN_ID='scheduled__2024-10-21T04:43:00+00:00'
[2024-10-21T17:30:37.720+0000] {logging_mixin.py:190} INFO - Task instance is in running state
[2024-10-21T17:30:37.721+0000] {logging_mixin.py:190} INFO -  Previous state of the Task instance: queued
[2024-10-21T17:30:37.721+0000] {logging_mixin.py:190} INFO - Current task name:latest state:running start_date:2024-10-21 17:30:37.448355+00:00
[2024-10-21T17:30:37.722+0000] {logging_mixin.py:190} INFO - Dag name:DAG_LatestOnlyOperator and current dag run status:running
[2024-10-21T17:30:37.722+0000] {taskinstance.py:731} INFO - ::endgroup::
[2024-10-21T17:30:37.725+0000] {latest_only.py:63} INFO - Checking latest only with left_window: 2024-10-21 04:44:00+00:00 right_window: 2024-10-21 04:45:00+00:00 now: 2024-10-21 17:30:37.725207+00:00
[2024-10-21T17:30:37.725+0000] {latest_only.py:71} INFO - Not latest execution, skipping downstream.
[2024-10-21T17:30:37.726+0000] {branch.py:38} INFO - Branch into []
[2024-10-21T17:30:37.727+0000] {skipmixin.py:230} INFO - Following branch ()
[2024-10-21T17:30:37.738+0000] {skipmixin.py:278} INFO - Skipping tasks [('python_principal', -1)]
[2024-10-21T17:30:37.777+0000] {taskinstance.py:340} INFO - ::group::Post task execution logs
[2024-10-21T17:30:37.778+0000] {taskinstance.py:352} INFO - Marking task as SUCCESS. dag_id=DAG_LatestOnlyOperator, task_id=latest, run_id=scheduled__2024-10-21T04:43:00+00:00, execution_date=20241021T044300, start_date=20241021T173037, end_date=20241021T173037
[2024-10-21T17:30:37.795+0000] {logging_mixin.py:190} INFO - Task instance in success state
[2024-10-21T17:30:37.797+0000] {logging_mixin.py:190} INFO -  Previous state of the Task instance: running
[2024-10-21T17:30:37.797+0000] {logging_mixin.py:190} INFO - Dag name:DAG_LatestOnlyOperator queued_at:2024-10-21 17:30:33.144617+00:00
[2024-10-21T17:30:37.798+0000] {logging_mixin.py:190} INFO - Task hostname:1da8eee663cb operator:LatestOnlyOperator
[2024-10-21T17:30:37.812+0000] {local_task_job_runner.py:266} INFO - Task exited with return code 0
[2024-10-21T17:30:37.843+0000] {taskinstance.py:3900} INFO - 0 downstream tasks scheduled from follow-on schedule check
[2024-10-21T17:30:37.849+0000] {local_task_job_runner.py:245} INFO - ::endgroup::
