[2024-10-28T14:43:43.636+0000] {processor.py:186} INFO - Started process (PID=95) to work on /home/airflow/.local/lib/python3.12/site-packages/airflow/example_dags/example_latest_only_with_trigger.py
[2024-10-28T14:43:43.637+0000] {processor.py:914} INFO - Processing file /home/airflow/.local/lib/python3.12/site-packages/airflow/example_dags/example_latest_only_with_trigger.py for tasks to queue
[2024-10-28T14:43:43.640+0000] {logging_mixin.py:190} INFO - [2024-10-28T14:43:43.639+0000] {dagbag.py:588} INFO - Filling up the DagBag from /home/airflow/.local/lib/python3.12/site-packages/airflow/example_dags/example_latest_only_with_trigger.py
[2024-10-28T14:43:43.648+0000] {processor.py:925} INFO - DAG(s) 'latest_only_with_trigger' retrieved from /home/airflow/.local/lib/python3.12/site-packages/airflow/example_dags/example_latest_only_with_trigger.py
[2024-10-28T14:43:43.667+0000] {logging_mixin.py:190} INFO - [2024-10-28T14:43:43.667+0000] {dag.py:3239} INFO - Sync 1 DAGs
[2024-10-28T14:43:43.689+0000] {logging_mixin.py:190} INFO - [2024-10-28T14:43:43.689+0000] {dag.py:4180} INFO - Setting next_dagrun for latest_only_with_trigger to 2024-10-28 08:00:00+00:00, run_after=2024-10-28 12:00:00+00:00
[2024-10-28T14:43:43.706+0000] {processor.py:208} INFO - Processing /home/airflow/.local/lib/python3.12/site-packages/airflow/example_dags/example_latest_only_with_trigger.py took 0.074 seconds
[2024-10-28T14:44:13.870+0000] {processor.py:186} INFO - Started process (PID=166) to work on /home/airflow/.local/lib/python3.12/site-packages/airflow/example_dags/example_latest_only_with_trigger.py
[2024-10-28T14:44:13.871+0000] {processor.py:914} INFO - Processing file /home/airflow/.local/lib/python3.12/site-packages/airflow/example_dags/example_latest_only_with_trigger.py for tasks to queue
[2024-10-28T14:44:13.873+0000] {logging_mixin.py:190} INFO - [2024-10-28T14:44:13.873+0000] {dagbag.py:588} INFO - Filling up the DagBag from /home/airflow/.local/lib/python3.12/site-packages/airflow/example_dags/example_latest_only_with_trigger.py
[2024-10-28T14:44:13.880+0000] {processor.py:925} INFO - DAG(s) 'latest_only_with_trigger' retrieved from /home/airflow/.local/lib/python3.12/site-packages/airflow/example_dags/example_latest_only_with_trigger.py
[2024-10-28T14:44:13.896+0000] {logging_mixin.py:190} INFO - [2024-10-28T14:44:13.896+0000] {dag.py:3239} INFO - Sync 1 DAGs
[2024-10-28T14:44:13.915+0000] {logging_mixin.py:190} INFO - [2024-10-28T14:44:13.915+0000] {dag.py:4180} INFO - Setting next_dagrun for latest_only_with_trigger to 2024-10-28 08:00:00+00:00, run_after=2024-10-28 12:00:00+00:00
[2024-10-28T14:44:13.932+0000] {processor.py:208} INFO - Processing /home/airflow/.local/lib/python3.12/site-packages/airflow/example_dags/example_latest_only_with_trigger.py took 0.067 seconds
[2024-10-28T14:44:44.424+0000] {processor.py:186} INFO - Started process (PID=237) to work on /home/airflow/.local/lib/python3.12/site-packages/airflow/example_dags/example_latest_only_with_trigger.py
[2024-10-28T14:44:44.425+0000] {processor.py:914} INFO - Processing file /home/airflow/.local/lib/python3.12/site-packages/airflow/example_dags/example_latest_only_with_trigger.py for tasks to queue
[2024-10-28T14:44:44.429+0000] {logging_mixin.py:190} INFO - [2024-10-28T14:44:44.428+0000] {dagbag.py:588} INFO - Filling up the DagBag from /home/airflow/.local/lib/python3.12/site-packages/airflow/example_dags/example_latest_only_with_trigger.py
[2024-10-28T14:44:44.444+0000] {processor.py:925} INFO - DAG(s) 'latest_only_with_trigger' retrieved from /home/airflow/.local/lib/python3.12/site-packages/airflow/example_dags/example_latest_only_with_trigger.py
[2024-10-28T14:44:44.471+0000] {logging_mixin.py:190} INFO - [2024-10-28T14:44:44.471+0000] {dag.py:3239} INFO - Sync 1 DAGs
[2024-10-28T14:44:44.499+0000] {logging_mixin.py:190} INFO - [2024-10-28T14:44:44.499+0000] {dag.py:4180} INFO - Setting next_dagrun for latest_only_with_trigger to 2024-10-28 08:00:00+00:00, run_after=2024-10-28 12:00:00+00:00
[2024-10-28T14:44:44.517+0000] {processor.py:208} INFO - Processing /home/airflow/.local/lib/python3.12/site-packages/airflow/example_dags/example_latest_only_with_trigger.py took 0.128 seconds
[2024-10-28T14:45:14.802+0000] {processor.py:186} INFO - Started process (PID=309) to work on /home/airflow/.local/lib/python3.12/site-packages/airflow/example_dags/example_latest_only_with_trigger.py
[2024-10-28T14:45:14.803+0000] {processor.py:914} INFO - Processing file /home/airflow/.local/lib/python3.12/site-packages/airflow/example_dags/example_latest_only_with_trigger.py for tasks to queue
[2024-10-28T14:45:14.805+0000] {logging_mixin.py:190} INFO - [2024-10-28T14:45:14.805+0000] {dagbag.py:588} INFO - Filling up the DagBag from /home/airflow/.local/lib/python3.12/site-packages/airflow/example_dags/example_latest_only_with_trigger.py
[2024-10-28T14:45:14.812+0000] {processor.py:925} INFO - DAG(s) 'latest_only_with_trigger' retrieved from /home/airflow/.local/lib/python3.12/site-packages/airflow/example_dags/example_latest_only_with_trigger.py
[2024-10-28T14:45:14.833+0000] {logging_mixin.py:190} INFO - [2024-10-28T14:45:14.833+0000] {dag.py:3239} INFO - Sync 1 DAGs
[2024-10-28T14:45:14.854+0000] {logging_mixin.py:190} INFO - [2024-10-28T14:45:14.854+0000] {dag.py:4180} INFO - Setting next_dagrun for latest_only_with_trigger to 2024-10-28 08:00:00+00:00, run_after=2024-10-28 12:00:00+00:00
[2024-10-28T14:45:14.872+0000] {processor.py:208} INFO - Processing /home/airflow/.local/lib/python3.12/site-packages/airflow/example_dags/example_latest_only_with_trigger.py took 0.075 seconds
[2024-10-28T14:45:46.183+0000] {processor.py:186} INFO - Started process (PID=380) to work on /home/airflow/.local/lib/python3.12/site-packages/airflow/example_dags/example_latest_only_with_trigger.py
[2024-10-28T14:45:46.184+0000] {processor.py:914} INFO - Processing file /home/airflow/.local/lib/python3.12/site-packages/airflow/example_dags/example_latest_only_with_trigger.py for tasks to queue
[2024-10-28T14:45:46.187+0000] {logging_mixin.py:190} INFO - [2024-10-28T14:45:46.186+0000] {dagbag.py:588} INFO - Filling up the DagBag from /home/airflow/.local/lib/python3.12/site-packages/airflow/example_dags/example_latest_only_with_trigger.py
[2024-10-28T14:45:46.195+0000] {processor.py:925} INFO - DAG(s) 'latest_only_with_trigger' retrieved from /home/airflow/.local/lib/python3.12/site-packages/airflow/example_dags/example_latest_only_with_trigger.py
[2024-10-28T14:45:46.210+0000] {logging_mixin.py:190} INFO - [2024-10-28T14:45:46.210+0000] {dag.py:3239} INFO - Sync 1 DAGs
[2024-10-28T14:45:46.233+0000] {logging_mixin.py:190} INFO - [2024-10-28T14:45:46.232+0000] {dag.py:4180} INFO - Setting next_dagrun for latest_only_with_trigger to 2024-10-28 08:00:00+00:00, run_after=2024-10-28 12:00:00+00:00
[2024-10-28T14:45:46.247+0000] {processor.py:208} INFO - Processing /home/airflow/.local/lib/python3.12/site-packages/airflow/example_dags/example_latest_only_with_trigger.py took 0.069 seconds
[2024-10-28T14:46:16.594+0000] {processor.py:186} INFO - Started process (PID=451) to work on /home/airflow/.local/lib/python3.12/site-packages/airflow/example_dags/example_latest_only_with_trigger.py
[2024-10-28T14:46:16.595+0000] {processor.py:914} INFO - Processing file /home/airflow/.local/lib/python3.12/site-packages/airflow/example_dags/example_latest_only_with_trigger.py for tasks to queue
[2024-10-28T14:46:16.596+0000] {logging_mixin.py:190} INFO - [2024-10-28T14:46:16.596+0000] {dagbag.py:588} INFO - Filling up the DagBag from /home/airflow/.local/lib/python3.12/site-packages/airflow/example_dags/example_latest_only_with_trigger.py
[2024-10-28T14:46:16.602+0000] {processor.py:925} INFO - DAG(s) 'latest_only_with_trigger' retrieved from /home/airflow/.local/lib/python3.12/site-packages/airflow/example_dags/example_latest_only_with_trigger.py
[2024-10-28T14:46:16.621+0000] {logging_mixin.py:190} INFO - [2024-10-28T14:46:16.620+0000] {dag.py:3239} INFO - Sync 1 DAGs
[2024-10-28T14:46:16.640+0000] {logging_mixin.py:190} INFO - [2024-10-28T14:46:16.640+0000] {dag.py:4180} INFO - Setting next_dagrun for latest_only_with_trigger to 2024-10-28 08:00:00+00:00, run_after=2024-10-28 12:00:00+00:00
[2024-10-28T14:46:16.656+0000] {processor.py:208} INFO - Processing /home/airflow/.local/lib/python3.12/site-packages/airflow/example_dags/example_latest_only_with_trigger.py took 0.067 seconds
