[2024-10-28T14:43:41.316+0000] {processor.py:186} INFO - Started process (PID=61) to work on /home/airflow/.local/lib/python3.12/site-packages/airflow/example_dags/example_inlet_event_extra.py
[2024-10-28T14:43:41.317+0000] {processor.py:914} INFO - Processing file /home/airflow/.local/lib/python3.12/site-packages/airflow/example_dags/example_inlet_event_extra.py for tasks to queue
[2024-10-28T14:43:41.319+0000] {logging_mixin.py:190} INFO - [2024-10-28T14:43:41.318+0000] {dagbag.py:588} INFO - Filling up the DagBag from /home/airflow/.local/lib/python3.12/site-packages/airflow/example_dags/example_inlet_event_extra.py
[2024-10-28T14:43:41.462+0000] {processor.py:925} INFO - DAG(s) 'read_dataset_event', 'read_dataset_event_from_classic' retrieved from /home/airflow/.local/lib/python3.12/site-packages/airflow/example_dags/example_inlet_event_extra.py
[2024-10-28T14:43:41.486+0000] {logging_mixin.py:190} INFO - [2024-10-28T14:43:41.486+0000] {dag.py:3239} INFO - Sync 2 DAGs
[2024-10-28T14:43:41.511+0000] {logging_mixin.py:190} INFO - [2024-10-28T14:43:41.511+0000] {dag.py:4180} INFO - Setting next_dagrun for read_dataset_event to 2024-10-27 00:00:00+00:00, run_after=2024-10-28 00:00:00+00:00
[2024-10-28T14:43:41.516+0000] {logging_mixin.py:190} INFO - [2024-10-28T14:43:41.516+0000] {dag.py:4180} INFO - Setting next_dagrun for read_dataset_event_from_classic to 2024-10-27 00:00:00+00:00, run_after=2024-10-28 00:00:00+00:00
[2024-10-28T14:43:41.532+0000] {processor.py:208} INFO - Processing /home/airflow/.local/lib/python3.12/site-packages/airflow/example_dags/example_inlet_event_extra.py took 0.224 seconds
[2024-10-28T14:44:12.082+0000] {processor.py:186} INFO - Started process (PID=137) to work on /home/airflow/.local/lib/python3.12/site-packages/airflow/example_dags/example_inlet_event_extra.py
[2024-10-28T14:44:12.083+0000] {processor.py:914} INFO - Processing file /home/airflow/.local/lib/python3.12/site-packages/airflow/example_dags/example_inlet_event_extra.py for tasks to queue
[2024-10-28T14:44:12.085+0000] {logging_mixin.py:190} INFO - [2024-10-28T14:44:12.085+0000] {dagbag.py:588} INFO - Filling up the DagBag from /home/airflow/.local/lib/python3.12/site-packages/airflow/example_dags/example_inlet_event_extra.py
[2024-10-28T14:44:12.193+0000] {processor.py:925} INFO - DAG(s) 'read_dataset_event', 'read_dataset_event_from_classic' retrieved from /home/airflow/.local/lib/python3.12/site-packages/airflow/example_dags/example_inlet_event_extra.py
[2024-10-28T14:44:12.211+0000] {logging_mixin.py:190} INFO - [2024-10-28T14:44:12.211+0000] {dag.py:3239} INFO - Sync 2 DAGs
[2024-10-28T14:44:12.230+0000] {logging_mixin.py:190} INFO - [2024-10-28T14:44:12.230+0000] {dag.py:4180} INFO - Setting next_dagrun for read_dataset_event to 2024-10-27 00:00:00+00:00, run_after=2024-10-28 00:00:00+00:00
[2024-10-28T14:44:12.234+0000] {logging_mixin.py:190} INFO - [2024-10-28T14:44:12.234+0000] {dag.py:4180} INFO - Setting next_dagrun for read_dataset_event_from_classic to 2024-10-27 00:00:00+00:00, run_after=2024-10-28 00:00:00+00:00
[2024-10-28T14:44:12.250+0000] {processor.py:208} INFO - Processing /home/airflow/.local/lib/python3.12/site-packages/airflow/example_dags/example_inlet_event_extra.py took 0.174 seconds
[2024-10-28T14:44:42.408+0000] {processor.py:186} INFO - Started process (PID=208) to work on /home/airflow/.local/lib/python3.12/site-packages/airflow/example_dags/example_inlet_event_extra.py
[2024-10-28T14:44:42.409+0000] {processor.py:914} INFO - Processing file /home/airflow/.local/lib/python3.12/site-packages/airflow/example_dags/example_inlet_event_extra.py for tasks to queue
[2024-10-28T14:44:42.412+0000] {logging_mixin.py:190} INFO - [2024-10-28T14:44:42.412+0000] {dagbag.py:588} INFO - Filling up the DagBag from /home/airflow/.local/lib/python3.12/site-packages/airflow/example_dags/example_inlet_event_extra.py
[2024-10-28T14:44:42.526+0000] {processor.py:925} INFO - DAG(s) 'read_dataset_event_from_classic', 'read_dataset_event' retrieved from /home/airflow/.local/lib/python3.12/site-packages/airflow/example_dags/example_inlet_event_extra.py
[2024-10-28T14:44:42.545+0000] {logging_mixin.py:190} INFO - [2024-10-28T14:44:42.545+0000] {dag.py:3239} INFO - Sync 2 DAGs
[2024-10-28T14:44:42.566+0000] {logging_mixin.py:190} INFO - [2024-10-28T14:44:42.566+0000] {dag.py:4180} INFO - Setting next_dagrun for read_dataset_event to 2024-10-27 00:00:00+00:00, run_after=2024-10-28 00:00:00+00:00
[2024-10-28T14:44:42.570+0000] {logging_mixin.py:190} INFO - [2024-10-28T14:44:42.570+0000] {dag.py:4180} INFO - Setting next_dagrun for read_dataset_event_from_classic to 2024-10-27 00:00:00+00:00, run_after=2024-10-28 00:00:00+00:00
[2024-10-28T14:44:42.585+0000] {processor.py:208} INFO - Processing /home/airflow/.local/lib/python3.12/site-packages/airflow/example_dags/example_inlet_event_extra.py took 0.182 seconds
[2024-10-28T14:45:12.773+0000] {processor.py:186} INFO - Started process (PID=280) to work on /home/airflow/.local/lib/python3.12/site-packages/airflow/example_dags/example_inlet_event_extra.py
[2024-10-28T14:45:12.774+0000] {processor.py:914} INFO - Processing file /home/airflow/.local/lib/python3.12/site-packages/airflow/example_dags/example_inlet_event_extra.py for tasks to queue
[2024-10-28T14:45:12.776+0000] {logging_mixin.py:190} INFO - [2024-10-28T14:45:12.776+0000] {dagbag.py:588} INFO - Filling up the DagBag from /home/airflow/.local/lib/python3.12/site-packages/airflow/example_dags/example_inlet_event_extra.py
[2024-10-28T14:45:12.879+0000] {processor.py:925} INFO - DAG(s) 'read_dataset_event', 'read_dataset_event_from_classic' retrieved from /home/airflow/.local/lib/python3.12/site-packages/airflow/example_dags/example_inlet_event_extra.py
[2024-10-28T14:45:12.901+0000] {logging_mixin.py:190} INFO - [2024-10-28T14:45:12.901+0000] {dag.py:3239} INFO - Sync 2 DAGs
[2024-10-28T14:45:12.921+0000] {logging_mixin.py:190} INFO - [2024-10-28T14:45:12.921+0000] {dag.py:4180} INFO - Setting next_dagrun for read_dataset_event to 2024-10-27 00:00:00+00:00, run_after=2024-10-28 00:00:00+00:00
[2024-10-28T14:45:12.925+0000] {logging_mixin.py:190} INFO - [2024-10-28T14:45:12.925+0000] {dag.py:4180} INFO - Setting next_dagrun for read_dataset_event_from_classic to 2024-10-27 00:00:00+00:00, run_after=2024-10-28 00:00:00+00:00
[2024-10-28T14:45:12.941+0000] {processor.py:208} INFO - Processing /home/airflow/.local/lib/python3.12/site-packages/airflow/example_dags/example_inlet_event_extra.py took 0.173 seconds
[2024-10-28T14:45:43.621+0000] {processor.py:186} INFO - Started process (PID=351) to work on /home/airflow/.local/lib/python3.12/site-packages/airflow/example_dags/example_inlet_event_extra.py
[2024-10-28T14:45:43.622+0000] {processor.py:914} INFO - Processing file /home/airflow/.local/lib/python3.12/site-packages/airflow/example_dags/example_inlet_event_extra.py for tasks to queue
[2024-10-28T14:45:43.624+0000] {logging_mixin.py:190} INFO - [2024-10-28T14:45:43.624+0000] {dagbag.py:588} INFO - Filling up the DagBag from /home/airflow/.local/lib/python3.12/site-packages/airflow/example_dags/example_inlet_event_extra.py
[2024-10-28T14:45:43.769+0000] {processor.py:925} INFO - DAG(s) 'read_dataset_event', 'read_dataset_event_from_classic' retrieved from /home/airflow/.local/lib/python3.12/site-packages/airflow/example_dags/example_inlet_event_extra.py
[2024-10-28T14:45:43.794+0000] {logging_mixin.py:190} INFO - [2024-10-28T14:45:43.793+0000] {dag.py:3239} INFO - Sync 2 DAGs
[2024-10-28T14:45:43.818+0000] {logging_mixin.py:190} INFO - [2024-10-28T14:45:43.818+0000] {dag.py:4180} INFO - Setting next_dagrun for read_dataset_event to 2024-10-27 00:00:00+00:00, run_after=2024-10-28 00:00:00+00:00
[2024-10-28T14:45:43.822+0000] {logging_mixin.py:190} INFO - [2024-10-28T14:45:43.822+0000] {dag.py:4180} INFO - Setting next_dagrun for read_dataset_event_from_classic to 2024-10-27 00:00:00+00:00, run_after=2024-10-28 00:00:00+00:00
[2024-10-28T14:45:43.836+0000] {processor.py:208} INFO - Processing /home/airflow/.local/lib/python3.12/site-packages/airflow/example_dags/example_inlet_event_extra.py took 0.224 seconds
[2024-10-28T14:46:14.469+0000] {processor.py:186} INFO - Started process (PID=422) to work on /home/airflow/.local/lib/python3.12/site-packages/airflow/example_dags/example_inlet_event_extra.py
[2024-10-28T14:46:14.470+0000] {processor.py:914} INFO - Processing file /home/airflow/.local/lib/python3.12/site-packages/airflow/example_dags/example_inlet_event_extra.py for tasks to queue
[2024-10-28T14:46:14.472+0000] {logging_mixin.py:190} INFO - [2024-10-28T14:46:14.472+0000] {dagbag.py:588} INFO - Filling up the DagBag from /home/airflow/.local/lib/python3.12/site-packages/airflow/example_dags/example_inlet_event_extra.py
[2024-10-28T14:46:14.597+0000] {processor.py:925} INFO - DAG(s) 'read_dataset_event', 'read_dataset_event_from_classic' retrieved from /home/airflow/.local/lib/python3.12/site-packages/airflow/example_dags/example_inlet_event_extra.py
[2024-10-28T14:46:14.615+0000] {logging_mixin.py:190} INFO - [2024-10-28T14:46:14.615+0000] {dag.py:3239} INFO - Sync 2 DAGs
[2024-10-28T14:46:14.638+0000] {logging_mixin.py:190} INFO - [2024-10-28T14:46:14.637+0000] {dag.py:4180} INFO - Setting next_dagrun for read_dataset_event to 2024-10-27 00:00:00+00:00, run_after=2024-10-28 00:00:00+00:00
[2024-10-28T14:46:14.642+0000] {logging_mixin.py:190} INFO - [2024-10-28T14:46:14.642+0000] {dag.py:4180} INFO - Setting next_dagrun for read_dataset_event_from_classic to 2024-10-27 00:00:00+00:00, run_after=2024-10-28 00:00:00+00:00
[2024-10-28T14:46:14.657+0000] {processor.py:208} INFO - Processing /home/airflow/.local/lib/python3.12/site-packages/airflow/example_dags/example_inlet_event_extra.py took 0.194 seconds
