[2024-10-28T14:43:41.498+0000] {processor.py:186} INFO - Started process (PID=62) to work on /home/airflow/.local/lib/python3.12/site-packages/airflow/example_dags/example_dataset_alias.py
[2024-10-28T14:43:41.499+0000] {processor.py:914} INFO - Processing file /home/airflow/.local/lib/python3.12/site-packages/airflow/example_dags/example_dataset_alias.py for tasks to queue
[2024-10-28T14:43:41.506+0000] {logging_mixin.py:190} INFO - [2024-10-28T14:43:41.505+0000] {dagbag.py:588} INFO - Filling up the DagBag from /home/airflow/.local/lib/python3.12/site-packages/airflow/example_dags/example_dataset_alias.py
[2024-10-28T14:43:41.661+0000] {processor.py:925} INFO - DAG(s) 'dataset_alias_example_alias_producer', 'dataset_s3_bucket_consumer', 'dataset_s3_bucket_producer', 'dataset_alias_example_alias_consumer' retrieved from /home/airflow/.local/lib/python3.12/site-packages/airflow/example_dags/example_dataset_alias.py
[2024-10-28T14:43:41.687+0000] {logging_mixin.py:190} INFO - [2024-10-28T14:43:41.687+0000] {dag.py:3239} INFO - Sync 4 DAGs
[2024-10-28T14:43:41.711+0000] {logging_mixin.py:190} INFO - [2024-10-28T14:43:41.711+0000] {dag.py:4180} INFO - Setting next_dagrun for dataset_alias_example_alias_consumer to None, run_after=None
[2024-10-28T14:43:41.714+0000] {logging_mixin.py:190} INFO - [2024-10-28T14:43:41.714+0000] {dag.py:4180} INFO - Setting next_dagrun for dataset_alias_example_alias_producer to None, run_after=None
[2024-10-28T14:43:41.716+0000] {logging_mixin.py:190} INFO - [2024-10-28T14:43:41.716+0000] {dag.py:4180} INFO - Setting next_dagrun for dataset_s3_bucket_consumer to None, run_after=None
[2024-10-28T14:43:41.717+0000] {logging_mixin.py:190} INFO - [2024-10-28T14:43:41.717+0000] {dag.py:4180} INFO - Setting next_dagrun for dataset_s3_bucket_producer to None, run_after=None
[2024-10-28T14:43:41.738+0000] {processor.py:208} INFO - Processing /home/airflow/.local/lib/python3.12/site-packages/airflow/example_dags/example_dataset_alias.py took 0.247 seconds
[2024-10-28T14:44:12.186+0000] {processor.py:186} INFO - Started process (PID=138) to work on /home/airflow/.local/lib/python3.12/site-packages/airflow/example_dags/example_dataset_alias.py
[2024-10-28T14:44:12.188+0000] {processor.py:914} INFO - Processing file /home/airflow/.local/lib/python3.12/site-packages/airflow/example_dags/example_dataset_alias.py for tasks to queue
[2024-10-28T14:44:12.190+0000] {logging_mixin.py:190} INFO - [2024-10-28T14:44:12.190+0000] {dagbag.py:588} INFO - Filling up the DagBag from /home/airflow/.local/lib/python3.12/site-packages/airflow/example_dags/example_dataset_alias.py
[2024-10-28T14:44:12.310+0000] {processor.py:925} INFO - DAG(s) 'dataset_alias_example_alias_producer', 'dataset_alias_example_alias_consumer', 'dataset_s3_bucket_consumer', 'dataset_s3_bucket_producer' retrieved from /home/airflow/.local/lib/python3.12/site-packages/airflow/example_dags/example_dataset_alias.py
[2024-10-28T14:44:12.327+0000] {logging_mixin.py:190} INFO - [2024-10-28T14:44:12.327+0000] {dag.py:3239} INFO - Sync 4 DAGs
[2024-10-28T14:44:12.344+0000] {logging_mixin.py:190} INFO - [2024-10-28T14:44:12.343+0000] {dag.py:4180} INFO - Setting next_dagrun for dataset_alias_example_alias_consumer to None, run_after=None
[2024-10-28T14:44:12.347+0000] {logging_mixin.py:190} INFO - [2024-10-28T14:44:12.346+0000] {dag.py:4180} INFO - Setting next_dagrun for dataset_alias_example_alias_producer to None, run_after=None
[2024-10-28T14:44:12.348+0000] {logging_mixin.py:190} INFO - [2024-10-28T14:44:12.348+0000] {dag.py:4180} INFO - Setting next_dagrun for dataset_s3_bucket_consumer to None, run_after=None
[2024-10-28T14:44:12.350+0000] {logging_mixin.py:190} INFO - [2024-10-28T14:44:12.350+0000] {dag.py:4180} INFO - Setting next_dagrun for dataset_s3_bucket_producer to None, run_after=None
[2024-10-28T14:44:12.369+0000] {processor.py:208} INFO - Processing /home/airflow/.local/lib/python3.12/site-packages/airflow/example_dags/example_dataset_alias.py took 0.187 seconds
[2024-10-28T14:44:42.531+0000] {processor.py:186} INFO - Started process (PID=209) to work on /home/airflow/.local/lib/python3.12/site-packages/airflow/example_dags/example_dataset_alias.py
[2024-10-28T14:44:42.532+0000] {processor.py:914} INFO - Processing file /home/airflow/.local/lib/python3.12/site-packages/airflow/example_dags/example_dataset_alias.py for tasks to queue
[2024-10-28T14:44:42.535+0000] {logging_mixin.py:190} INFO - [2024-10-28T14:44:42.534+0000] {dagbag.py:588} INFO - Filling up the DagBag from /home/airflow/.local/lib/python3.12/site-packages/airflow/example_dags/example_dataset_alias.py
[2024-10-28T14:44:42.662+0000] {processor.py:925} INFO - DAG(s) 'dataset_alias_example_alias_producer', 'dataset_s3_bucket_consumer', 'dataset_alias_example_alias_consumer', 'dataset_s3_bucket_producer' retrieved from /home/airflow/.local/lib/python3.12/site-packages/airflow/example_dags/example_dataset_alias.py
[2024-10-28T14:44:42.682+0000] {logging_mixin.py:190} INFO - [2024-10-28T14:44:42.681+0000] {dag.py:3239} INFO - Sync 4 DAGs
[2024-10-28T14:44:42.704+0000] {logging_mixin.py:190} INFO - [2024-10-28T14:44:42.704+0000] {dag.py:4180} INFO - Setting next_dagrun for dataset_alias_example_alias_consumer to None, run_after=None
[2024-10-28T14:44:42.707+0000] {logging_mixin.py:190} INFO - [2024-10-28T14:44:42.706+0000] {dag.py:4180} INFO - Setting next_dagrun for dataset_alias_example_alias_producer to None, run_after=None
[2024-10-28T14:44:42.708+0000] {logging_mixin.py:190} INFO - [2024-10-28T14:44:42.708+0000] {dag.py:4180} INFO - Setting next_dagrun for dataset_s3_bucket_consumer to None, run_after=None
[2024-10-28T14:44:42.709+0000] {logging_mixin.py:190} INFO - [2024-10-28T14:44:42.709+0000] {dag.py:4180} INFO - Setting next_dagrun for dataset_s3_bucket_producer to None, run_after=None
[2024-10-28T14:44:42.729+0000] {processor.py:208} INFO - Processing /home/airflow/.local/lib/python3.12/site-packages/airflow/example_dags/example_dataset_alias.py took 0.204 seconds
[2024-10-28T14:45:12.774+0000] {processor.py:186} INFO - Started process (PID=281) to work on /home/airflow/.local/lib/python3.12/site-packages/airflow/example_dags/example_dataset_alias.py
[2024-10-28T14:45:12.775+0000] {processor.py:914} INFO - Processing file /home/airflow/.local/lib/python3.12/site-packages/airflow/example_dags/example_dataset_alias.py for tasks to queue
[2024-10-28T14:45:12.776+0000] {logging_mixin.py:190} INFO - [2024-10-28T14:45:12.776+0000] {dagbag.py:588} INFO - Filling up the DagBag from /home/airflow/.local/lib/python3.12/site-packages/airflow/example_dags/example_dataset_alias.py
[2024-10-28T14:45:12.893+0000] {processor.py:925} INFO - DAG(s) 'dataset_s3_bucket_producer', 'dataset_s3_bucket_consumer', 'dataset_alias_example_alias_producer', 'dataset_alias_example_alias_consumer' retrieved from /home/airflow/.local/lib/python3.12/site-packages/airflow/example_dags/example_dataset_alias.py
[2024-10-28T14:45:12.914+0000] {logging_mixin.py:190} INFO - [2024-10-28T14:45:12.914+0000] {dag.py:3239} INFO - Sync 4 DAGs
[2024-10-28T14:45:12.932+0000] {logging_mixin.py:190} INFO - [2024-10-28T14:45:12.932+0000] {dag.py:4180} INFO - Setting next_dagrun for dataset_alias_example_alias_consumer to None, run_after=None
[2024-10-28T14:45:12.935+0000] {logging_mixin.py:190} INFO - [2024-10-28T14:45:12.935+0000] {dag.py:4180} INFO - Setting next_dagrun for dataset_alias_example_alias_producer to None, run_after=None
[2024-10-28T14:45:12.937+0000] {logging_mixin.py:190} INFO - [2024-10-28T14:45:12.937+0000] {dag.py:4180} INFO - Setting next_dagrun for dataset_s3_bucket_consumer to None, run_after=None
[2024-10-28T14:45:12.938+0000] {logging_mixin.py:190} INFO - [2024-10-28T14:45:12.938+0000] {dag.py:4180} INFO - Setting next_dagrun for dataset_s3_bucket_producer to None, run_after=None
[2024-10-28T14:45:12.959+0000] {processor.py:208} INFO - Processing /home/airflow/.local/lib/python3.12/site-packages/airflow/example_dags/example_dataset_alias.py took 0.190 seconds
[2024-10-28T14:45:43.671+0000] {processor.py:186} INFO - Started process (PID=352) to work on /home/airflow/.local/lib/python3.12/site-packages/airflow/example_dags/example_dataset_alias.py
[2024-10-28T14:45:43.672+0000] {processor.py:914} INFO - Processing file /home/airflow/.local/lib/python3.12/site-packages/airflow/example_dags/example_dataset_alias.py for tasks to queue
[2024-10-28T14:45:43.675+0000] {logging_mixin.py:190} INFO - [2024-10-28T14:45:43.674+0000] {dagbag.py:588} INFO - Filling up the DagBag from /home/airflow/.local/lib/python3.12/site-packages/airflow/example_dags/example_dataset_alias.py
[2024-10-28T14:45:43.831+0000] {processor.py:925} INFO - DAG(s) 'dataset_s3_bucket_producer', 'dataset_alias_example_alias_producer', 'dataset_alias_example_alias_consumer', 'dataset_s3_bucket_consumer' retrieved from /home/airflow/.local/lib/python3.12/site-packages/airflow/example_dags/example_dataset_alias.py
[2024-10-28T14:45:43.855+0000] {logging_mixin.py:190} INFO - [2024-10-28T14:45:43.854+0000] {dag.py:3239} INFO - Sync 4 DAGs
[2024-10-28T14:45:43.878+0000] {logging_mixin.py:190} INFO - [2024-10-28T14:45:43.878+0000] {dag.py:4180} INFO - Setting next_dagrun for dataset_alias_example_alias_consumer to None, run_after=None
[2024-10-28T14:45:43.882+0000] {logging_mixin.py:190} INFO - [2024-10-28T14:45:43.882+0000] {dag.py:4180} INFO - Setting next_dagrun for dataset_alias_example_alias_producer to None, run_after=None
[2024-10-28T14:45:43.884+0000] {logging_mixin.py:190} INFO - [2024-10-28T14:45:43.884+0000] {dag.py:4180} INFO - Setting next_dagrun for dataset_s3_bucket_consumer to None, run_after=None
[2024-10-28T14:45:43.886+0000] {logging_mixin.py:190} INFO - [2024-10-28T14:45:43.886+0000] {dag.py:4180} INFO - Setting next_dagrun for dataset_s3_bucket_producer to None, run_after=None
[2024-10-28T14:45:43.908+0000] {processor.py:208} INFO - Processing /home/airflow/.local/lib/python3.12/site-packages/airflow/example_dags/example_dataset_alias.py took 0.241 seconds
[2024-10-28T14:46:14.562+0000] {processor.py:186} INFO - Started process (PID=423) to work on /home/airflow/.local/lib/python3.12/site-packages/airflow/example_dags/example_dataset_alias.py
[2024-10-28T14:46:14.563+0000] {processor.py:914} INFO - Processing file /home/airflow/.local/lib/python3.12/site-packages/airflow/example_dags/example_dataset_alias.py for tasks to queue
[2024-10-28T14:46:14.565+0000] {logging_mixin.py:190} INFO - [2024-10-28T14:46:14.565+0000] {dagbag.py:588} INFO - Filling up the DagBag from /home/airflow/.local/lib/python3.12/site-packages/airflow/example_dags/example_dataset_alias.py
[2024-10-28T14:46:14.709+0000] {processor.py:925} INFO - DAG(s) 'dataset_s3_bucket_producer', 'dataset_alias_example_alias_producer', 'dataset_alias_example_alias_consumer', 'dataset_s3_bucket_consumer' retrieved from /home/airflow/.local/lib/python3.12/site-packages/airflow/example_dags/example_dataset_alias.py
[2024-10-28T14:46:14.726+0000] {logging_mixin.py:190} INFO - [2024-10-28T14:46:14.726+0000] {dag.py:3239} INFO - Sync 4 DAGs
[2024-10-28T14:46:14.744+0000] {logging_mixin.py:190} INFO - [2024-10-28T14:46:14.744+0000] {dag.py:4180} INFO - Setting next_dagrun for dataset_alias_example_alias_consumer to None, run_after=None
[2024-10-28T14:46:14.747+0000] {logging_mixin.py:190} INFO - [2024-10-28T14:46:14.746+0000] {dag.py:4180} INFO - Setting next_dagrun for dataset_alias_example_alias_producer to None, run_after=None
[2024-10-28T14:46:14.748+0000] {logging_mixin.py:190} INFO - [2024-10-28T14:46:14.748+0000] {dag.py:4180} INFO - Setting next_dagrun for dataset_s3_bucket_consumer to None, run_after=None
[2024-10-28T14:46:14.749+0000] {logging_mixin.py:190} INFO - [2024-10-28T14:46:14.749+0000] {dag.py:4180} INFO - Setting next_dagrun for dataset_s3_bucket_producer to None, run_after=None
[2024-10-28T14:46:14.768+0000] {processor.py:208} INFO - Processing /home/airflow/.local/lib/python3.12/site-packages/airflow/example_dags/example_dataset_alias.py took 0.211 seconds
