[2024-10-28T14:43:44.108+0000] {processor.py:186} INFO - Started process (PID=103) to work on /home/airflow/.local/lib/python3.12/site-packages/airflow/example_dags/example_xcomargs.py
[2024-10-28T14:43:44.109+0000] {processor.py:914} INFO - Processing file /home/airflow/.local/lib/python3.12/site-packages/airflow/example_dags/example_xcomargs.py for tasks to queue
[2024-10-28T14:43:44.112+0000] {logging_mixin.py:190} INFO - [2024-10-28T14:43:44.111+0000] {dagbag.py:588} INFO - Filling up the DagBag from /home/airflow/.local/lib/python3.12/site-packages/airflow/example_dags/example_xcomargs.py
[2024-10-28T14:43:44.119+0000] {processor.py:925} INFO - DAG(s) 'example_xcom_args', 'example_xcom_args_with_operators' retrieved from /home/airflow/.local/lib/python3.12/site-packages/airflow/example_dags/example_xcomargs.py
[2024-10-28T14:43:44.140+0000] {logging_mixin.py:190} INFO - [2024-10-28T14:43:44.140+0000] {dag.py:3239} INFO - Sync 2 DAGs
[2024-10-28T14:43:44.155+0000] {logging_mixin.py:190} INFO - [2024-10-28T14:43:44.154+0000] {dag.py:4180} INFO - Setting next_dagrun for example_xcom_args to None, run_after=None
[2024-10-28T14:43:44.158+0000] {logging_mixin.py:190} INFO - [2024-10-28T14:43:44.158+0000] {dag.py:4180} INFO - Setting next_dagrun for example_xcom_args_with_operators to None, run_after=None
[2024-10-28T14:43:44.173+0000] {processor.py:208} INFO - Processing /home/airflow/.local/lib/python3.12/site-packages/airflow/example_dags/example_xcomargs.py took 0.069 seconds
[2024-10-28T14:44:14.390+0000] {processor.py:186} INFO - Started process (PID=174) to work on /home/airflow/.local/lib/python3.12/site-packages/airflow/example_dags/example_xcomargs.py
[2024-10-28T14:44:14.391+0000] {processor.py:914} INFO - Processing file /home/airflow/.local/lib/python3.12/site-packages/airflow/example_dags/example_xcomargs.py for tasks to queue
[2024-10-28T14:44:14.394+0000] {logging_mixin.py:190} INFO - [2024-10-28T14:44:14.394+0000] {dagbag.py:588} INFO - Filling up the DagBag from /home/airflow/.local/lib/python3.12/site-packages/airflow/example_dags/example_xcomargs.py
[2024-10-28T14:44:14.405+0000] {processor.py:925} INFO - DAG(s) 'example_xcom_args', 'example_xcom_args_with_operators' retrieved from /home/airflow/.local/lib/python3.12/site-packages/airflow/example_dags/example_xcomargs.py
[2024-10-28T14:44:14.423+0000] {logging_mixin.py:190} INFO - [2024-10-28T14:44:14.423+0000] {dag.py:3239} INFO - Sync 2 DAGs
[2024-10-28T14:44:14.435+0000] {logging_mixin.py:190} INFO - [2024-10-28T14:44:14.435+0000] {dag.py:4180} INFO - Setting next_dagrun for example_xcom_args to None, run_after=None
[2024-10-28T14:44:14.439+0000] {logging_mixin.py:190} INFO - [2024-10-28T14:44:14.438+0000] {dag.py:4180} INFO - Setting next_dagrun for example_xcom_args_with_operators to None, run_after=None
[2024-10-28T14:44:14.452+0000] {processor.py:208} INFO - Processing /home/airflow/.local/lib/python3.12/site-packages/airflow/example_dags/example_xcomargs.py took 0.066 seconds
[2024-10-28T14:44:45.444+0000] {processor.py:186} INFO - Started process (PID=245) to work on /home/airflow/.local/lib/python3.12/site-packages/airflow/example_dags/example_xcomargs.py
[2024-10-28T14:44:45.453+0000] {processor.py:914} INFO - Processing file /home/airflow/.local/lib/python3.12/site-packages/airflow/example_dags/example_xcomargs.py for tasks to queue
[2024-10-28T14:44:45.463+0000] {logging_mixin.py:190} INFO - [2024-10-28T14:44:45.463+0000] {dagbag.py:588} INFO - Filling up the DagBag from /home/airflow/.local/lib/python3.12/site-packages/airflow/example_dags/example_xcomargs.py
[2024-10-28T14:44:45.478+0000] {processor.py:925} INFO - DAG(s) 'example_xcom_args', 'example_xcom_args_with_operators' retrieved from /home/airflow/.local/lib/python3.12/site-packages/airflow/example_dags/example_xcomargs.py
[2024-10-28T14:44:45.512+0000] {logging_mixin.py:190} INFO - [2024-10-28T14:44:45.512+0000] {dag.py:3239} INFO - Sync 2 DAGs
[2024-10-28T14:44:45.532+0000] {logging_mixin.py:190} INFO - [2024-10-28T14:44:45.531+0000] {dag.py:4180} INFO - Setting next_dagrun for example_xcom_args to None, run_after=None
[2024-10-28T14:44:45.535+0000] {logging_mixin.py:190} INFO - [2024-10-28T14:44:45.535+0000] {dag.py:4180} INFO - Setting next_dagrun for example_xcom_args_with_operators to None, run_after=None
[2024-10-28T14:44:45.559+0000] {processor.py:208} INFO - Processing /home/airflow/.local/lib/python3.12/site-packages/airflow/example_dags/example_xcomargs.py took 0.126 seconds
[2024-10-28T14:45:16.374+0000] {processor.py:186} INFO - Started process (PID=317) to work on /home/airflow/.local/lib/python3.12/site-packages/airflow/example_dags/example_xcomargs.py
[2024-10-28T14:45:16.375+0000] {processor.py:914} INFO - Processing file /home/airflow/.local/lib/python3.12/site-packages/airflow/example_dags/example_xcomargs.py for tasks to queue
[2024-10-28T14:45:16.377+0000] {logging_mixin.py:190} INFO - [2024-10-28T14:45:16.377+0000] {dagbag.py:588} INFO - Filling up the DagBag from /home/airflow/.local/lib/python3.12/site-packages/airflow/example_dags/example_xcomargs.py
[2024-10-28T14:45:16.386+0000] {processor.py:925} INFO - DAG(s) 'example_xcom_args_with_operators', 'example_xcom_args' retrieved from /home/airflow/.local/lib/python3.12/site-packages/airflow/example_dags/example_xcomargs.py
[2024-10-28T14:45:16.407+0000] {logging_mixin.py:190} INFO - [2024-10-28T14:45:16.407+0000] {dag.py:3239} INFO - Sync 2 DAGs
[2024-10-28T14:45:16.422+0000] {logging_mixin.py:190} INFO - [2024-10-28T14:45:16.422+0000] {dag.py:4180} INFO - Setting next_dagrun for example_xcom_args to None, run_after=None
[2024-10-28T14:45:16.425+0000] {logging_mixin.py:190} INFO - [2024-10-28T14:45:16.425+0000] {dag.py:4180} INFO - Setting next_dagrun for example_xcom_args_with_operators to None, run_after=None
[2024-10-28T14:45:16.442+0000] {processor.py:208} INFO - Processing /home/airflow/.local/lib/python3.12/site-packages/airflow/example_dags/example_xcomargs.py took 0.072 seconds
[2024-10-28T14:45:46.629+0000] {processor.py:186} INFO - Started process (PID=388) to work on /home/airflow/.local/lib/python3.12/site-packages/airflow/example_dags/example_xcomargs.py
[2024-10-28T14:45:46.630+0000] {processor.py:914} INFO - Processing file /home/airflow/.local/lib/python3.12/site-packages/airflow/example_dags/example_xcomargs.py for tasks to queue
[2024-10-28T14:45:46.632+0000] {logging_mixin.py:190} INFO - [2024-10-28T14:45:46.632+0000] {dagbag.py:588} INFO - Filling up the DagBag from /home/airflow/.local/lib/python3.12/site-packages/airflow/example_dags/example_xcomargs.py
[2024-10-28T14:45:46.640+0000] {processor.py:925} INFO - DAG(s) 'example_xcom_args_with_operators', 'example_xcom_args' retrieved from /home/airflow/.local/lib/python3.12/site-packages/airflow/example_dags/example_xcomargs.py
[2024-10-28T14:45:46.662+0000] {logging_mixin.py:190} INFO - [2024-10-28T14:45:46.662+0000] {dag.py:3239} INFO - Sync 2 DAGs
[2024-10-28T14:45:46.674+0000] {logging_mixin.py:190} INFO - [2024-10-28T14:45:46.674+0000] {dag.py:4180} INFO - Setting next_dagrun for example_xcom_args to None, run_after=None
[2024-10-28T14:45:46.677+0000] {logging_mixin.py:190} INFO - [2024-10-28T14:45:46.677+0000] {dag.py:4180} INFO - Setting next_dagrun for example_xcom_args_with_operators to None, run_after=None
[2024-10-28T14:45:46.693+0000] {processor.py:208} INFO - Processing /home/airflow/.local/lib/python3.12/site-packages/airflow/example_dags/example_xcomargs.py took 0.069 seconds
[2024-10-28T14:46:17.096+0000] {processor.py:186} INFO - Started process (PID=459) to work on /home/airflow/.local/lib/python3.12/site-packages/airflow/example_dags/example_xcomargs.py
[2024-10-28T14:46:17.097+0000] {processor.py:914} INFO - Processing file /home/airflow/.local/lib/python3.12/site-packages/airflow/example_dags/example_xcomargs.py for tasks to queue
[2024-10-28T14:46:17.099+0000] {logging_mixin.py:190} INFO - [2024-10-28T14:46:17.099+0000] {dagbag.py:588} INFO - Filling up the DagBag from /home/airflow/.local/lib/python3.12/site-packages/airflow/example_dags/example_xcomargs.py
[2024-10-28T14:46:17.107+0000] {processor.py:925} INFO - DAG(s) 'example_xcom_args', 'example_xcom_args_with_operators' retrieved from /home/airflow/.local/lib/python3.12/site-packages/airflow/example_dags/example_xcomargs.py
[2024-10-28T14:46:17.128+0000] {logging_mixin.py:190} INFO - [2024-10-28T14:46:17.127+0000] {dag.py:3239} INFO - Sync 2 DAGs
[2024-10-28T14:46:17.140+0000] {logging_mixin.py:190} INFO - [2024-10-28T14:46:17.140+0000] {dag.py:4180} INFO - Setting next_dagrun for example_xcom_args to None, run_after=None
[2024-10-28T14:46:17.143+0000] {logging_mixin.py:190} INFO - [2024-10-28T14:46:17.143+0000] {dag.py:4180} INFO - Setting next_dagrun for example_xcom_args_with_operators to None, run_after=None
[2024-10-28T14:46:17.160+0000] {processor.py:208} INFO - Processing /home/airflow/.local/lib/python3.12/site-packages/airflow/example_dags/example_xcomargs.py took 0.068 seconds
