[2024-10-28T14:43:43.988+0000] {processor.py:186} INFO - Started process (PID=101) to work on /home/airflow/.local/lib/python3.12/site-packages/airflow/example_dags/example_params_trigger_ui.py
[2024-10-28T14:43:43.989+0000] {processor.py:914} INFO - Processing file /home/airflow/.local/lib/python3.12/site-packages/airflow/example_dags/example_params_trigger_ui.py for tasks to queue
[2024-10-28T14:43:43.991+0000] {logging_mixin.py:190} INFO - [2024-10-28T14:43:43.990+0000] {dagbag.py:588} INFO - Filling up the DagBag from /home/airflow/.local/lib/python3.12/site-packages/airflow/example_dags/example_params_trigger_ui.py
[2024-10-28T14:43:44.000+0000] {processor.py:925} INFO - DAG(s) 'example_params_trigger_ui' retrieved from /home/airflow/.local/lib/python3.12/site-packages/airflow/example_dags/example_params_trigger_ui.py
[2024-10-28T14:43:44.049+0000] {logging_mixin.py:190} INFO - [2024-10-28T14:43:44.049+0000] {dag.py:3239} INFO - Sync 1 DAGs
[2024-10-28T14:43:44.062+0000] {logging_mixin.py:190} INFO - [2024-10-28T14:43:44.062+0000] {dag.py:4180} INFO - Setting next_dagrun for example_params_trigger_ui to None, run_after=None
[2024-10-28T14:43:44.078+0000] {processor.py:208} INFO - Processing /home/airflow/.local/lib/python3.12/site-packages/airflow/example_dags/example_params_trigger_ui.py took 0.095 seconds
[2024-10-28T14:44:14.284+0000] {processor.py:186} INFO - Started process (PID=172) to work on /home/airflow/.local/lib/python3.12/site-packages/airflow/example_dags/example_params_trigger_ui.py
[2024-10-28T14:44:14.286+0000] {processor.py:914} INFO - Processing file /home/airflow/.local/lib/python3.12/site-packages/airflow/example_dags/example_params_trigger_ui.py for tasks to queue
[2024-10-28T14:44:14.288+0000] {logging_mixin.py:190} INFO - [2024-10-28T14:44:14.287+0000] {dagbag.py:588} INFO - Filling up the DagBag from /home/airflow/.local/lib/python3.12/site-packages/airflow/example_dags/example_params_trigger_ui.py
[2024-10-28T14:44:14.296+0000] {processor.py:925} INFO - DAG(s) 'example_params_trigger_ui' retrieved from /home/airflow/.local/lib/python3.12/site-packages/airflow/example_dags/example_params_trigger_ui.py
[2024-10-28T14:44:14.335+0000] {logging_mixin.py:190} INFO - [2024-10-28T14:44:14.335+0000] {dag.py:3239} INFO - Sync 1 DAGs
[2024-10-28T14:44:14.361+0000] {logging_mixin.py:190} INFO - [2024-10-28T14:44:14.361+0000] {dag.py:4180} INFO - Setting next_dagrun for example_params_trigger_ui to None, run_after=None
[2024-10-28T14:44:14.389+0000] {processor.py:208} INFO - Processing /home/airflow/.local/lib/python3.12/site-packages/airflow/example_dags/example_params_trigger_ui.py took 0.112 seconds
[2024-10-28T14:44:44.740+0000] {processor.py:186} INFO - Started process (PID=243) to work on /home/airflow/.local/lib/python3.12/site-packages/airflow/example_dags/example_params_trigger_ui.py
[2024-10-28T14:44:44.740+0000] {processor.py:914} INFO - Processing file /home/airflow/.local/lib/python3.12/site-packages/airflow/example_dags/example_params_trigger_ui.py for tasks to queue
[2024-10-28T14:44:44.742+0000] {logging_mixin.py:190} INFO - [2024-10-28T14:44:44.742+0000] {dagbag.py:588} INFO - Filling up the DagBag from /home/airflow/.local/lib/python3.12/site-packages/airflow/example_dags/example_params_trigger_ui.py
[2024-10-28T14:44:44.751+0000] {processor.py:925} INFO - DAG(s) 'example_params_trigger_ui' retrieved from /home/airflow/.local/lib/python3.12/site-packages/airflow/example_dags/example_params_trigger_ui.py
[2024-10-28T14:44:44.786+0000] {logging_mixin.py:190} INFO - [2024-10-28T14:44:44.786+0000] {dag.py:3239} INFO - Sync 1 DAGs
[2024-10-28T14:44:44.806+0000] {logging_mixin.py:190} INFO - [2024-10-28T14:44:44.806+0000] {dag.py:4180} INFO - Setting next_dagrun for example_params_trigger_ui to None, run_after=None
[2024-10-28T14:44:45.366+0000] {processor.py:208} INFO - Processing /home/airflow/.local/lib/python3.12/site-packages/airflow/example_dags/example_params_trigger_ui.py took 0.631 seconds
[2024-10-28T14:45:16.288+0000] {processor.py:186} INFO - Started process (PID=315) to work on /home/airflow/.local/lib/python3.12/site-packages/airflow/example_dags/example_params_trigger_ui.py
[2024-10-28T14:45:16.290+0000] {processor.py:914} INFO - Processing file /home/airflow/.local/lib/python3.12/site-packages/airflow/example_dags/example_params_trigger_ui.py for tasks to queue
[2024-10-28T14:45:16.292+0000] {logging_mixin.py:190} INFO - [2024-10-28T14:45:16.292+0000] {dagbag.py:588} INFO - Filling up the DagBag from /home/airflow/.local/lib/python3.12/site-packages/airflow/example_dags/example_params_trigger_ui.py
[2024-10-28T14:45:16.302+0000] {processor.py:925} INFO - DAG(s) 'example_params_trigger_ui' retrieved from /home/airflow/.local/lib/python3.12/site-packages/airflow/example_dags/example_params_trigger_ui.py
[2024-10-28T14:45:16.339+0000] {logging_mixin.py:190} INFO - [2024-10-28T14:45:16.339+0000] {dag.py:3239} INFO - Sync 1 DAGs
[2024-10-28T14:45:16.352+0000] {logging_mixin.py:190} INFO - [2024-10-28T14:45:16.352+0000] {dag.py:4180} INFO - Setting next_dagrun for example_params_trigger_ui to None, run_after=None
[2024-10-28T14:45:16.370+0000] {processor.py:208} INFO - Processing /home/airflow/.local/lib/python3.12/site-packages/airflow/example_dags/example_params_trigger_ui.py took 0.088 seconds
[2024-10-28T14:45:46.524+0000] {processor.py:186} INFO - Started process (PID=386) to work on /home/airflow/.local/lib/python3.12/site-packages/airflow/example_dags/example_params_trigger_ui.py
[2024-10-28T14:45:46.525+0000] {processor.py:914} INFO - Processing file /home/airflow/.local/lib/python3.12/site-packages/airflow/example_dags/example_params_trigger_ui.py for tasks to queue
[2024-10-28T14:45:46.527+0000] {logging_mixin.py:190} INFO - [2024-10-28T14:45:46.526+0000] {dagbag.py:588} INFO - Filling up the DagBag from /home/airflow/.local/lib/python3.12/site-packages/airflow/example_dags/example_params_trigger_ui.py
[2024-10-28T14:45:46.535+0000] {processor.py:925} INFO - DAG(s) 'example_params_trigger_ui' retrieved from /home/airflow/.local/lib/python3.12/site-packages/airflow/example_dags/example_params_trigger_ui.py
[2024-10-28T14:45:46.575+0000] {logging_mixin.py:190} INFO - [2024-10-28T14:45:46.575+0000] {dag.py:3239} INFO - Sync 1 DAGs
[2024-10-28T14:45:46.587+0000] {logging_mixin.py:190} INFO - [2024-10-28T14:45:46.586+0000] {dag.py:4180} INFO - Setting next_dagrun for example_params_trigger_ui to None, run_after=None
[2024-10-28T14:45:46.603+0000] {processor.py:208} INFO - Processing /home/airflow/.local/lib/python3.12/site-packages/airflow/example_dags/example_params_trigger_ui.py took 0.084 seconds
[2024-10-28T14:46:16.911+0000] {processor.py:186} INFO - Started process (PID=457) to work on /home/airflow/.local/lib/python3.12/site-packages/airflow/example_dags/example_params_trigger_ui.py
[2024-10-28T14:46:16.912+0000] {processor.py:914} INFO - Processing file /home/airflow/.local/lib/python3.12/site-packages/airflow/example_dags/example_params_trigger_ui.py for tasks to queue
[2024-10-28T14:46:16.913+0000] {logging_mixin.py:190} INFO - [2024-10-28T14:46:16.913+0000] {dagbag.py:588} INFO - Filling up the DagBag from /home/airflow/.local/lib/python3.12/site-packages/airflow/example_dags/example_params_trigger_ui.py
[2024-10-28T14:46:16.922+0000] {processor.py:925} INFO - DAG(s) 'example_params_trigger_ui' retrieved from /home/airflow/.local/lib/python3.12/site-packages/airflow/example_dags/example_params_trigger_ui.py
[2024-10-28T14:46:16.956+0000] {logging_mixin.py:190} INFO - [2024-10-28T14:46:16.955+0000] {dag.py:3239} INFO - Sync 1 DAGs
[2024-10-28T14:46:16.967+0000] {logging_mixin.py:190} INFO - [2024-10-28T14:46:16.967+0000] {dag.py:4180} INFO - Setting next_dagrun for example_params_trigger_ui to None, run_after=None
[2024-10-28T14:46:16.985+0000] {processor.py:208} INFO - Processing /home/airflow/.local/lib/python3.12/site-packages/airflow/example_dags/example_params_trigger_ui.py took 0.079 seconds
