[2024-10-28T14:43:43.961+0000] {processor.py:186} INFO - Started process (PID=100) to work on /home/airflow/.local/lib/python3.12/site-packages/airflow/example_dags/example_branch_day_of_week_operator.py
[2024-10-28T14:43:43.962+0000] {processor.py:914} INFO - Processing file /home/airflow/.local/lib/python3.12/site-packages/airflow/example_dags/example_branch_day_of_week_operator.py for tasks to queue
[2024-10-28T14:43:43.964+0000] {logging_mixin.py:190} INFO - [2024-10-28T14:43:43.964+0000] {dagbag.py:588} INFO - Filling up the DagBag from /home/airflow/.local/lib/python3.12/site-packages/airflow/example_dags/example_branch_day_of_week_operator.py
[2024-10-28T14:43:43.973+0000] {processor.py:925} INFO - DAG(s) 'example_weekday_branch_operator' retrieved from /home/airflow/.local/lib/python3.12/site-packages/airflow/example_dags/example_branch_day_of_week_operator.py
[2024-10-28T14:43:43.993+0000] {logging_mixin.py:190} INFO - [2024-10-28T14:43:43.993+0000] {dag.py:3239} INFO - Sync 1 DAGs
[2024-10-28T14:43:44.014+0000] {logging_mixin.py:190} INFO - [2024-10-28T14:43:44.013+0000] {dag.py:4180} INFO - Setting next_dagrun for example_weekday_branch_operator to 2024-10-27 00:00:00+00:00, run_after=2024-10-28 00:00:00+00:00
[2024-10-28T14:43:44.042+0000] {processor.py:208} INFO - Processing /home/airflow/.local/lib/python3.12/site-packages/airflow/example_dags/example_branch_day_of_week_operator.py took 0.088 seconds
[2024-10-28T14:44:14.186+0000] {processor.py:186} INFO - Started process (PID=171) to work on /home/airflow/.local/lib/python3.12/site-packages/airflow/example_dags/example_branch_day_of_week_operator.py
[2024-10-28T14:44:14.187+0000] {processor.py:914} INFO - Processing file /home/airflow/.local/lib/python3.12/site-packages/airflow/example_dags/example_branch_day_of_week_operator.py for tasks to queue
[2024-10-28T14:44:14.189+0000] {logging_mixin.py:190} INFO - [2024-10-28T14:44:14.189+0000] {dagbag.py:588} INFO - Filling up the DagBag from /home/airflow/.local/lib/python3.12/site-packages/airflow/example_dags/example_branch_day_of_week_operator.py
[2024-10-28T14:44:14.196+0000] {processor.py:925} INFO - DAG(s) 'example_weekday_branch_operator' retrieved from /home/airflow/.local/lib/python3.12/site-packages/airflow/example_dags/example_branch_day_of_week_operator.py
[2024-10-28T14:44:14.213+0000] {logging_mixin.py:190} INFO - [2024-10-28T14:44:14.213+0000] {dag.py:3239} INFO - Sync 1 DAGs
[2024-10-28T14:44:14.233+0000] {logging_mixin.py:190} INFO - [2024-10-28T14:44:14.232+0000] {dag.py:4180} INFO - Setting next_dagrun for example_weekday_branch_operator to 2024-10-27 00:00:00+00:00, run_after=2024-10-28 00:00:00+00:00
[2024-10-28T14:44:14.249+0000] {processor.py:208} INFO - Processing /home/airflow/.local/lib/python3.12/site-packages/airflow/example_dags/example_branch_day_of_week_operator.py took 0.067 seconds
[2024-10-28T14:44:44.708+0000] {processor.py:186} INFO - Started process (PID=242) to work on /home/airflow/.local/lib/python3.12/site-packages/airflow/example_dags/example_branch_day_of_week_operator.py
[2024-10-28T14:44:44.709+0000] {processor.py:914} INFO - Processing file /home/airflow/.local/lib/python3.12/site-packages/airflow/example_dags/example_branch_day_of_week_operator.py for tasks to queue
[2024-10-28T14:44:44.711+0000] {logging_mixin.py:190} INFO - [2024-10-28T14:44:44.710+0000] {dagbag.py:588} INFO - Filling up the DagBag from /home/airflow/.local/lib/python3.12/site-packages/airflow/example_dags/example_branch_day_of_week_operator.py
[2024-10-28T14:44:44.718+0000] {processor.py:925} INFO - DAG(s) 'example_weekday_branch_operator' retrieved from /home/airflow/.local/lib/python3.12/site-packages/airflow/example_dags/example_branch_day_of_week_operator.py
[2024-10-28T14:44:44.735+0000] {logging_mixin.py:190} INFO - [2024-10-28T14:44:44.735+0000] {dag.py:3239} INFO - Sync 1 DAGs
[2024-10-28T14:44:44.754+0000] {logging_mixin.py:190} INFO - [2024-10-28T14:44:44.754+0000] {dag.py:4180} INFO - Setting next_dagrun for example_weekday_branch_operator to 2024-10-27 00:00:00+00:00, run_after=2024-10-28 00:00:00+00:00
[2024-10-28T14:44:44.770+0000] {processor.py:208} INFO - Processing /home/airflow/.local/lib/python3.12/site-packages/airflow/example_dags/example_branch_day_of_week_operator.py took 0.067 seconds
[2024-10-28T14:45:15.260+0000] {processor.py:186} INFO - Started process (PID=314) to work on /home/airflow/.local/lib/python3.12/site-packages/airflow/example_dags/example_branch_day_of_week_operator.py
[2024-10-28T14:45:15.261+0000] {processor.py:914} INFO - Processing file /home/airflow/.local/lib/python3.12/site-packages/airflow/example_dags/example_branch_day_of_week_operator.py for tasks to queue
[2024-10-28T14:45:15.263+0000] {logging_mixin.py:190} INFO - [2024-10-28T14:45:15.263+0000] {dagbag.py:588} INFO - Filling up the DagBag from /home/airflow/.local/lib/python3.12/site-packages/airflow/example_dags/example_branch_day_of_week_operator.py
[2024-10-28T14:45:15.271+0000] {processor.py:925} INFO - DAG(s) 'example_weekday_branch_operator' retrieved from /home/airflow/.local/lib/python3.12/site-packages/airflow/example_dags/example_branch_day_of_week_operator.py
[2024-10-28T14:45:15.288+0000] {logging_mixin.py:190} INFO - [2024-10-28T14:45:15.288+0000] {dag.py:3239} INFO - Sync 1 DAGs
[2024-10-28T14:45:15.309+0000] {logging_mixin.py:190} INFO - [2024-10-28T14:45:15.308+0000] {dag.py:4180} INFO - Setting next_dagrun for example_weekday_branch_operator to 2024-10-27 00:00:00+00:00, run_after=2024-10-28 00:00:00+00:00
[2024-10-28T14:45:15.326+0000] {processor.py:208} INFO - Processing /home/airflow/.local/lib/python3.12/site-packages/airflow/example_dags/example_branch_day_of_week_operator.py took 0.071 seconds
[2024-10-28T14:45:46.496+0000] {processor.py:186} INFO - Started process (PID=385) to work on /home/airflow/.local/lib/python3.12/site-packages/airflow/example_dags/example_branch_day_of_week_operator.py
[2024-10-28T14:45:46.497+0000] {processor.py:914} INFO - Processing file /home/airflow/.local/lib/python3.12/site-packages/airflow/example_dags/example_branch_day_of_week_operator.py for tasks to queue
[2024-10-28T14:45:46.499+0000] {logging_mixin.py:190} INFO - [2024-10-28T14:45:46.499+0000] {dagbag.py:588} INFO - Filling up the DagBag from /home/airflow/.local/lib/python3.12/site-packages/airflow/example_dags/example_branch_day_of_week_operator.py
[2024-10-28T14:45:46.508+0000] {processor.py:925} INFO - DAG(s) 'example_weekday_branch_operator' retrieved from /home/airflow/.local/lib/python3.12/site-packages/airflow/example_dags/example_branch_day_of_week_operator.py
[2024-10-28T14:45:46.524+0000] {logging_mixin.py:190} INFO - [2024-10-28T14:45:46.523+0000] {dag.py:3239} INFO - Sync 1 DAGs
[2024-10-28T14:45:46.542+0000] {logging_mixin.py:190} INFO - [2024-10-28T14:45:46.542+0000] {dag.py:4180} INFO - Setting next_dagrun for example_weekday_branch_operator to 2024-10-27 00:00:00+00:00, run_after=2024-10-28 00:00:00+00:00
[2024-10-28T14:45:46.557+0000] {processor.py:208} INFO - Processing /home/airflow/.local/lib/python3.12/site-packages/airflow/example_dags/example_branch_day_of_week_operator.py took 0.065 seconds
[2024-10-28T14:46:16.910+0000] {processor.py:186} INFO - Started process (PID=456) to work on /home/airflow/.local/lib/python3.12/site-packages/airflow/example_dags/example_branch_day_of_week_operator.py
[2024-10-28T14:46:16.911+0000] {processor.py:914} INFO - Processing file /home/airflow/.local/lib/python3.12/site-packages/airflow/example_dags/example_branch_day_of_week_operator.py for tasks to queue
[2024-10-28T14:46:16.913+0000] {logging_mixin.py:190} INFO - [2024-10-28T14:46:16.913+0000] {dagbag.py:588} INFO - Filling up the DagBag from /home/airflow/.local/lib/python3.12/site-packages/airflow/example_dags/example_branch_day_of_week_operator.py
[2024-10-28T14:46:16.921+0000] {processor.py:925} INFO - DAG(s) 'example_weekday_branch_operator' retrieved from /home/airflow/.local/lib/python3.12/site-packages/airflow/example_dags/example_branch_day_of_week_operator.py
[2024-10-28T14:46:16.939+0000] {logging_mixin.py:190} INFO - [2024-10-28T14:46:16.939+0000] {dag.py:3239} INFO - Sync 1 DAGs
[2024-10-28T14:46:16.958+0000] {logging_mixin.py:190} INFO - [2024-10-28T14:46:16.958+0000] {dag.py:4180} INFO - Setting next_dagrun for example_weekday_branch_operator to 2024-10-27 00:00:00+00:00, run_after=2024-10-28 00:00:00+00:00
[2024-10-28T14:46:16.977+0000] {processor.py:208} INFO - Processing /home/airflow/.local/lib/python3.12/site-packages/airflow/example_dags/example_branch_day_of_week_operator.py took 0.071 seconds
