[2024-10-28T14:43:44.072+0000] {processor.py:186} INFO - Started process (PID=102) to work on /home/airflow/.local/lib/python3.12/site-packages/airflow/example_dags/example_sensor_decorator.py
[2024-10-28T14:43:44.073+0000] {processor.py:914} INFO - Processing file /home/airflow/.local/lib/python3.12/site-packages/airflow/example_dags/example_sensor_decorator.py for tasks to queue
[2024-10-28T14:43:44.075+0000] {logging_mixin.py:190} INFO - [2024-10-28T14:43:44.074+0000] {dagbag.py:588} INFO - Filling up the DagBag from /home/airflow/.local/lib/python3.12/site-packages/airflow/example_dags/example_sensor_decorator.py
[2024-10-28T14:43:44.082+0000] {processor.py:925} INFO - DAG(s) 'example_sensor_decorator' retrieved from /home/airflow/.local/lib/python3.12/site-packages/airflow/example_dags/example_sensor_decorator.py
[2024-10-28T14:43:44.100+0000] {logging_mixin.py:190} INFO - [2024-10-28T14:43:44.100+0000] {dag.py:3239} INFO - Sync 1 DAGs
[2024-10-28T14:43:44.113+0000] {logging_mixin.py:190} INFO - [2024-10-28T14:43:44.113+0000] {dag.py:4180} INFO - Setting next_dagrun for example_sensor_decorator to None, run_after=None
[2024-10-28T14:43:44.128+0000] {processor.py:208} INFO - Processing /home/airflow/.local/lib/python3.12/site-packages/airflow/example_dags/example_sensor_decorator.py took 0.061 seconds
[2024-10-28T14:44:14.285+0000] {processor.py:186} INFO - Started process (PID=173) to work on /home/airflow/.local/lib/python3.12/site-packages/airflow/example_dags/example_sensor_decorator.py
[2024-10-28T14:44:14.286+0000] {processor.py:914} INFO - Processing file /home/airflow/.local/lib/python3.12/site-packages/airflow/example_dags/example_sensor_decorator.py for tasks to queue
[2024-10-28T14:44:14.288+0000] {logging_mixin.py:190} INFO - [2024-10-28T14:44:14.288+0000] {dagbag.py:588} INFO - Filling up the DagBag from /home/airflow/.local/lib/python3.12/site-packages/airflow/example_dags/example_sensor_decorator.py
[2024-10-28T14:44:14.294+0000] {processor.py:925} INFO - DAG(s) 'example_sensor_decorator' retrieved from /home/airflow/.local/lib/python3.12/site-packages/airflow/example_dags/example_sensor_decorator.py
[2024-10-28T14:44:14.310+0000] {logging_mixin.py:190} INFO - [2024-10-28T14:44:14.310+0000] {dag.py:3239} INFO - Sync 1 DAGs
[2024-10-28T14:44:14.321+0000] {logging_mixin.py:190} INFO - [2024-10-28T14:44:14.321+0000] {dag.py:4180} INFO - Setting next_dagrun for example_sensor_decorator to None, run_after=None
[2024-10-28T14:44:14.338+0000] {processor.py:208} INFO - Processing /home/airflow/.local/lib/python3.12/site-packages/airflow/example_dags/example_sensor_decorator.py took 0.059 seconds
[2024-10-28T14:44:44.801+0000] {processor.py:186} INFO - Started process (PID=244) to work on /home/airflow/.local/lib/python3.12/site-packages/airflow/example_dags/example_sensor_decorator.py
[2024-10-28T14:44:44.802+0000] {processor.py:914} INFO - Processing file /home/airflow/.local/lib/python3.12/site-packages/airflow/example_dags/example_sensor_decorator.py for tasks to queue
[2024-10-28T14:44:44.805+0000] {logging_mixin.py:190} INFO - [2024-10-28T14:44:44.804+0000] {dagbag.py:588} INFO - Filling up the DagBag from /home/airflow/.local/lib/python3.12/site-packages/airflow/example_dags/example_sensor_decorator.py
[2024-10-28T14:44:44.813+0000] {processor.py:925} INFO - DAG(s) 'example_sensor_decorator' retrieved from /home/airflow/.local/lib/python3.12/site-packages/airflow/example_dags/example_sensor_decorator.py
[2024-10-28T14:44:44.839+0000] {logging_mixin.py:190} INFO - [2024-10-28T14:44:44.839+0000] {dag.py:3239} INFO - Sync 1 DAGs
[2024-10-28T14:44:44.855+0000] {logging_mixin.py:190} INFO - [2024-10-28T14:44:44.855+0000] {dag.py:4180} INFO - Setting next_dagrun for example_sensor_decorator to None, run_after=None
[2024-10-28T14:44:45.422+0000] {processor.py:208} INFO - Processing /home/airflow/.local/lib/python3.12/site-packages/airflow/example_dags/example_sensor_decorator.py took 0.629 seconds
[2024-10-28T14:45:16.289+0000] {processor.py:186} INFO - Started process (PID=316) to work on /home/airflow/.local/lib/python3.12/site-packages/airflow/example_dags/example_sensor_decorator.py
[2024-10-28T14:45:16.290+0000] {processor.py:914} INFO - Processing file /home/airflow/.local/lib/python3.12/site-packages/airflow/example_dags/example_sensor_decorator.py for tasks to queue
[2024-10-28T14:45:16.293+0000] {logging_mixin.py:190} INFO - [2024-10-28T14:45:16.292+0000] {dagbag.py:588} INFO - Filling up the DagBag from /home/airflow/.local/lib/python3.12/site-packages/airflow/example_dags/example_sensor_decorator.py
[2024-10-28T14:45:16.301+0000] {processor.py:925} INFO - DAG(s) 'example_sensor_decorator' retrieved from /home/airflow/.local/lib/python3.12/site-packages/airflow/example_dags/example_sensor_decorator.py
[2024-10-28T14:45:16.320+0000] {logging_mixin.py:190} INFO - [2024-10-28T14:45:16.320+0000] {dag.py:3239} INFO - Sync 1 DAGs
[2024-10-28T14:45:16.332+0000] {logging_mixin.py:190} INFO - [2024-10-28T14:45:16.332+0000] {dag.py:4180} INFO - Setting next_dagrun for example_sensor_decorator to None, run_after=None
[2024-10-28T14:45:16.350+0000] {processor.py:208} INFO - Processing /home/airflow/.local/lib/python3.12/site-packages/airflow/example_dags/example_sensor_decorator.py took 0.067 seconds
[2024-10-28T14:45:46.582+0000] {processor.py:186} INFO - Started process (PID=387) to work on /home/airflow/.local/lib/python3.12/site-packages/airflow/example_dags/example_sensor_decorator.py
[2024-10-28T14:45:46.583+0000] {processor.py:914} INFO - Processing file /home/airflow/.local/lib/python3.12/site-packages/airflow/example_dags/example_sensor_decorator.py for tasks to queue
[2024-10-28T14:45:46.585+0000] {logging_mixin.py:190} INFO - [2024-10-28T14:45:46.585+0000] {dagbag.py:588} INFO - Filling up the DagBag from /home/airflow/.local/lib/python3.12/site-packages/airflow/example_dags/example_sensor_decorator.py
[2024-10-28T14:45:46.591+0000] {processor.py:925} INFO - DAG(s) 'example_sensor_decorator' retrieved from /home/airflow/.local/lib/python3.12/site-packages/airflow/example_dags/example_sensor_decorator.py
[2024-10-28T14:45:46.607+0000] {logging_mixin.py:190} INFO - [2024-10-28T14:45:46.607+0000] {dag.py:3239} INFO - Sync 1 DAGs
[2024-10-28T14:45:46.623+0000] {logging_mixin.py:190} INFO - [2024-10-28T14:45:46.623+0000] {dag.py:4180} INFO - Setting next_dagrun for example_sensor_decorator to None, run_after=None
[2024-10-28T14:45:46.639+0000] {processor.py:208} INFO - Processing /home/airflow/.local/lib/python3.12/site-packages/airflow/example_dags/example_sensor_decorator.py took 0.062 seconds
[2024-10-28T14:46:17.009+0000] {processor.py:186} INFO - Started process (PID=458) to work on /home/airflow/.local/lib/python3.12/site-packages/airflow/example_dags/example_sensor_decorator.py
[2024-10-28T14:46:17.010+0000] {processor.py:914} INFO - Processing file /home/airflow/.local/lib/python3.12/site-packages/airflow/example_dags/example_sensor_decorator.py for tasks to queue
[2024-10-28T14:46:17.012+0000] {logging_mixin.py:190} INFO - [2024-10-28T14:46:17.012+0000] {dagbag.py:588} INFO - Filling up the DagBag from /home/airflow/.local/lib/python3.12/site-packages/airflow/example_dags/example_sensor_decorator.py
[2024-10-28T14:46:17.018+0000] {processor.py:925} INFO - DAG(s) 'example_sensor_decorator' retrieved from /home/airflow/.local/lib/python3.12/site-packages/airflow/example_dags/example_sensor_decorator.py
[2024-10-28T14:46:17.036+0000] {logging_mixin.py:190} INFO - [2024-10-28T14:46:17.036+0000] {dag.py:3239} INFO - Sync 1 DAGs
[2024-10-28T14:46:17.046+0000] {logging_mixin.py:190} INFO - [2024-10-28T14:46:17.046+0000] {dag.py:4180} INFO - Setting next_dagrun for example_sensor_decorator to None, run_after=None
[2024-10-28T14:46:17.062+0000] {processor.py:208} INFO - Processing /home/airflow/.local/lib/python3.12/site-packages/airflow/example_dags/example_sensor_decorator.py took 0.058 seconds
