[2024-10-28T14:43:43.544+0000] {processor.py:186} INFO - Started process (PID=93) to work on /home/airflow/.local/lib/python3.12/site-packages/airflow/example_dags/example_latest_only.py
[2024-10-28T14:43:43.545+0000] {processor.py:914} INFO - Processing file /home/airflow/.local/lib/python3.12/site-packages/airflow/example_dags/example_latest_only.py for tasks to queue
[2024-10-28T14:43:43.548+0000] {logging_mixin.py:190} INFO - [2024-10-28T14:43:43.548+0000] {dagbag.py:588} INFO - Filling up the DagBag from /home/airflow/.local/lib/python3.12/site-packages/airflow/example_dags/example_latest_only.py
[2024-10-28T14:43:43.555+0000] {processor.py:925} INFO - DAG(s) 'latest_only' retrieved from /home/airflow/.local/lib/python3.12/site-packages/airflow/example_dags/example_latest_only.py
[2024-10-28T14:43:43.572+0000] {logging_mixin.py:190} INFO - [2024-10-28T14:43:43.572+0000] {dag.py:3239} INFO - Sync 1 DAGs
[2024-10-28T14:43:43.593+0000] {logging_mixin.py:190} INFO - [2024-10-28T14:43:43.592+0000] {dag.py:4180} INFO - Setting next_dagrun for latest_only to 2024-10-28 08:00:00+00:00, run_after=2024-10-28 12:00:00+00:00
[2024-10-28T14:43:43.607+0000] {processor.py:208} INFO - Processing /home/airflow/.local/lib/python3.12/site-packages/airflow/example_dags/example_latest_only.py took 0.068 seconds
[2024-10-28T14:44:13.773+0000] {processor.py:186} INFO - Started process (PID=164) to work on /home/airflow/.local/lib/python3.12/site-packages/airflow/example_dags/example_latest_only.py
[2024-10-28T14:44:13.774+0000] {processor.py:914} INFO - Processing file /home/airflow/.local/lib/python3.12/site-packages/airflow/example_dags/example_latest_only.py for tasks to queue
[2024-10-28T14:44:13.776+0000] {logging_mixin.py:190} INFO - [2024-10-28T14:44:13.776+0000] {dagbag.py:588} INFO - Filling up the DagBag from /home/airflow/.local/lib/python3.12/site-packages/airflow/example_dags/example_latest_only.py
[2024-10-28T14:44:13.783+0000] {processor.py:925} INFO - DAG(s) 'latest_only' retrieved from /home/airflow/.local/lib/python3.12/site-packages/airflow/example_dags/example_latest_only.py
[2024-10-28T14:44:13.800+0000] {logging_mixin.py:190} INFO - [2024-10-28T14:44:13.800+0000] {dag.py:3239} INFO - Sync 1 DAGs
[2024-10-28T14:44:13.819+0000] {logging_mixin.py:190} INFO - [2024-10-28T14:44:13.819+0000] {dag.py:4180} INFO - Setting next_dagrun for latest_only to 2024-10-28 08:00:00+00:00, run_after=2024-10-28 12:00:00+00:00
[2024-10-28T14:44:13.836+0000] {processor.py:208} INFO - Processing /home/airflow/.local/lib/python3.12/site-packages/airflow/example_dags/example_latest_only.py took 0.068 seconds
[2024-10-28T14:44:44.273+0000] {processor.py:186} INFO - Started process (PID=235) to work on /home/airflow/.local/lib/python3.12/site-packages/airflow/example_dags/example_latest_only.py
[2024-10-28T14:44:44.275+0000] {processor.py:914} INFO - Processing file /home/airflow/.local/lib/python3.12/site-packages/airflow/example_dags/example_latest_only.py for tasks to queue
[2024-10-28T14:44:44.279+0000] {logging_mixin.py:190} INFO - [2024-10-28T14:44:44.278+0000] {dagbag.py:588} INFO - Filling up the DagBag from /home/airflow/.local/lib/python3.12/site-packages/airflow/example_dags/example_latest_only.py
[2024-10-28T14:44:44.287+0000] {processor.py:925} INFO - DAG(s) 'latest_only' retrieved from /home/airflow/.local/lib/python3.12/site-packages/airflow/example_dags/example_latest_only.py
[2024-10-28T14:44:44.313+0000] {logging_mixin.py:190} INFO - [2024-10-28T14:44:44.313+0000] {dag.py:3239} INFO - Sync 1 DAGs
[2024-10-28T14:44:44.345+0000] {logging_mixin.py:190} INFO - [2024-10-28T14:44:44.344+0000] {dag.py:4180} INFO - Setting next_dagrun for latest_only to 2024-10-28 08:00:00+00:00, run_after=2024-10-28 12:00:00+00:00
[2024-10-28T14:44:44.363+0000] {processor.py:208} INFO - Processing /home/airflow/.local/lib/python3.12/site-packages/airflow/example_dags/example_latest_only.py took 0.097 seconds
[2024-10-28T14:45:14.708+0000] {processor.py:186} INFO - Started process (PID=307) to work on /home/airflow/.local/lib/python3.12/site-packages/airflow/example_dags/example_latest_only.py
[2024-10-28T14:45:14.709+0000] {processor.py:914} INFO - Processing file /home/airflow/.local/lib/python3.12/site-packages/airflow/example_dags/example_latest_only.py for tasks to queue
[2024-10-28T14:45:14.712+0000] {logging_mixin.py:190} INFO - [2024-10-28T14:45:14.711+0000] {dagbag.py:588} INFO - Filling up the DagBag from /home/airflow/.local/lib/python3.12/site-packages/airflow/example_dags/example_latest_only.py
[2024-10-28T14:45:14.717+0000] {processor.py:925} INFO - DAG(s) 'latest_only' retrieved from /home/airflow/.local/lib/python3.12/site-packages/airflow/example_dags/example_latest_only.py
[2024-10-28T14:45:14.733+0000] {logging_mixin.py:190} INFO - [2024-10-28T14:45:14.733+0000] {dag.py:3239} INFO - Sync 1 DAGs
[2024-10-28T14:45:14.751+0000] {logging_mixin.py:190} INFO - [2024-10-28T14:45:14.751+0000] {dag.py:4180} INFO - Setting next_dagrun for latest_only to 2024-10-28 08:00:00+00:00, run_after=2024-10-28 12:00:00+00:00
[2024-10-28T14:45:14.767+0000] {processor.py:208} INFO - Processing /home/airflow/.local/lib/python3.12/site-packages/airflow/example_dags/example_latest_only.py took 0.064 seconds
[2024-10-28T14:45:46.067+0000] {processor.py:186} INFO - Started process (PID=378) to work on /home/airflow/.local/lib/python3.12/site-packages/airflow/example_dags/example_latest_only.py
[2024-10-28T14:45:46.068+0000] {processor.py:914} INFO - Processing file /home/airflow/.local/lib/python3.12/site-packages/airflow/example_dags/example_latest_only.py for tasks to queue
[2024-10-28T14:45:46.070+0000] {logging_mixin.py:190} INFO - [2024-10-28T14:45:46.070+0000] {dagbag.py:588} INFO - Filling up the DagBag from /home/airflow/.local/lib/python3.12/site-packages/airflow/example_dags/example_latest_only.py
[2024-10-28T14:45:46.076+0000] {processor.py:925} INFO - DAG(s) 'latest_only' retrieved from /home/airflow/.local/lib/python3.12/site-packages/airflow/example_dags/example_latest_only.py
[2024-10-28T14:45:46.095+0000] {logging_mixin.py:190} INFO - [2024-10-28T14:45:46.095+0000] {dag.py:3239} INFO - Sync 1 DAGs
[2024-10-28T14:45:46.131+0000] {logging_mixin.py:190} INFO - [2024-10-28T14:45:46.131+0000] {dag.py:4180} INFO - Setting next_dagrun for latest_only to 2024-10-28 08:00:00+00:00, run_after=2024-10-28 12:00:00+00:00
[2024-10-28T14:45:46.153+0000] {processor.py:208} INFO - Processing /home/airflow/.local/lib/python3.12/site-packages/airflow/example_dags/example_latest_only.py took 0.091 seconds
[2024-10-28T14:46:16.411+0000] {processor.py:186} INFO - Started process (PID=449) to work on /home/airflow/.local/lib/python3.12/site-packages/airflow/example_dags/example_latest_only.py
[2024-10-28T14:46:16.412+0000] {processor.py:914} INFO - Processing file /home/airflow/.local/lib/python3.12/site-packages/airflow/example_dags/example_latest_only.py for tasks to queue
[2024-10-28T14:46:16.414+0000] {logging_mixin.py:190} INFO - [2024-10-28T14:46:16.413+0000] {dagbag.py:588} INFO - Filling up the DagBag from /home/airflow/.local/lib/python3.12/site-packages/airflow/example_dags/example_latest_only.py
[2024-10-28T14:46:16.419+0000] {processor.py:925} INFO - DAG(s) 'latest_only' retrieved from /home/airflow/.local/lib/python3.12/site-packages/airflow/example_dags/example_latest_only.py
[2024-10-28T14:46:16.436+0000] {logging_mixin.py:190} INFO - [2024-10-28T14:46:16.436+0000] {dag.py:3239} INFO - Sync 1 DAGs
[2024-10-28T14:46:16.455+0000] {logging_mixin.py:190} INFO - [2024-10-28T14:46:16.455+0000] {dag.py:4180} INFO - Setting next_dagrun for latest_only to 2024-10-28 08:00:00+00:00, run_after=2024-10-28 12:00:00+00:00
[2024-10-28T14:46:16.473+0000] {processor.py:208} INFO - Processing /home/airflow/.local/lib/python3.12/site-packages/airflow/example_dags/example_latest_only.py took 0.066 seconds
