[2024-10-28T14:43:43.175+0000] {processor.py:186} INFO - Started process (PID=89) to work on /home/airflow/.local/lib/python3.12/site-packages/airflow/example_dags/example_datasets.py
[2024-10-28T14:43:43.176+0000] {processor.py:914} INFO - Processing file /home/airflow/.local/lib/python3.12/site-packages/airflow/example_dags/example_datasets.py for tasks to queue
[2024-10-28T14:43:43.179+0000] {logging_mixin.py:190} INFO - [2024-10-28T14:43:43.179+0000] {dagbag.py:588} INFO - Filling up the DagBag from /home/airflow/.local/lib/python3.12/site-packages/airflow/example_dags/example_datasets.py
[2024-10-28T14:43:43.330+0000] {processor.py:925} INFO - DAG(s) 'dataset_produces_1', 'consume_1_and_2_with_dataset_expressions', 'conditional_dataset_and_time_based_timetable', 'dataset_consumes_1_never_scheduled', 'consume_1_or_2_with_dataset_expressions', 'dataset_produces_2', 'consume_1_or_both_2_and_3_with_dataset_expressions', 'dataset_consumes_unknown_never_scheduled', 'dataset_consumes_1_and_2', 'dataset_consumes_1' retrieved from /home/airflow/.local/lib/python3.12/site-packages/airflow/example_dags/example_datasets.py
[2024-10-28T14:43:43.369+0000] {logging_mixin.py:190} INFO - [2024-10-28T14:43:43.369+0000] {dag.py:3239} INFO - Sync 10 DAGs
[2024-10-28T14:43:43.393+0000] {logging_mixin.py:190} INFO - [2024-10-28T14:43:43.392+0000] {dag.py:4180} INFO - Setting next_dagrun for conditional_dataset_and_time_based_timetable to 2024-10-23 01:00:00+00:00, run_after=2024-10-23 01:00:00+00:00
[2024-10-28T14:43:43.397+0000] {logging_mixin.py:190} INFO - [2024-10-28T14:43:43.397+0000] {dag.py:4180} INFO - Setting next_dagrun for consume_1_and_2_with_dataset_expressions to None, run_after=None
[2024-10-28T14:43:43.399+0000] {logging_mixin.py:190} INFO - [2024-10-28T14:43:43.399+0000] {dag.py:4180} INFO - Setting next_dagrun for consume_1_or_2_with_dataset_expressions to None, run_after=None
[2024-10-28T14:43:43.400+0000] {logging_mixin.py:190} INFO - [2024-10-28T14:43:43.400+0000] {dag.py:4180} INFO - Setting next_dagrun for consume_1_or_both_2_and_3_with_dataset_expressions to None, run_after=None
[2024-10-28T14:43:43.401+0000] {logging_mixin.py:190} INFO - [2024-10-28T14:43:43.401+0000] {dag.py:4180} INFO - Setting next_dagrun for dataset_consumes_1 to None, run_after=None
[2024-10-28T14:43:43.403+0000] {logging_mixin.py:190} INFO - [2024-10-28T14:43:43.403+0000] {dag.py:4180} INFO - Setting next_dagrun for dataset_consumes_1_and_2 to None, run_after=None
[2024-10-28T14:43:43.405+0000] {logging_mixin.py:190} INFO - [2024-10-28T14:43:43.404+0000] {dag.py:4180} INFO - Setting next_dagrun for dataset_consumes_1_never_scheduled to None, run_after=None
[2024-10-28T14:43:43.406+0000] {logging_mixin.py:190} INFO - [2024-10-28T14:43:43.405+0000] {dag.py:4180} INFO - Setting next_dagrun for dataset_consumes_unknown_never_scheduled to None, run_after=None
[2024-10-28T14:43:43.407+0000] {logging_mixin.py:190} INFO - [2024-10-28T14:43:43.407+0000] {dag.py:4180} INFO - Setting next_dagrun for dataset_produces_1 to 2024-10-27 00:00:00+00:00, run_after=2024-10-28 00:00:00+00:00
[2024-10-28T14:43:43.409+0000] {logging_mixin.py:190} INFO - [2024-10-28T14:43:43.409+0000] {dag.py:4180} INFO - Setting next_dagrun for dataset_produces_2 to None, run_after=None
[2024-10-28T14:43:43.437+0000] {processor.py:208} INFO - Processing /home/airflow/.local/lib/python3.12/site-packages/airflow/example_dags/example_datasets.py took 0.269 seconds
[2024-10-28T14:44:13.538+0000] {processor.py:186} INFO - Started process (PID=161) to work on /home/airflow/.local/lib/python3.12/site-packages/airflow/example_dags/example_datasets.py
[2024-10-28T14:44:13.539+0000] {processor.py:914} INFO - Processing file /home/airflow/.local/lib/python3.12/site-packages/airflow/example_dags/example_datasets.py for tasks to queue
[2024-10-28T14:44:13.541+0000] {logging_mixin.py:190} INFO - [2024-10-28T14:44:13.541+0000] {dagbag.py:588} INFO - Filling up the DagBag from /home/airflow/.local/lib/python3.12/site-packages/airflow/example_dags/example_datasets.py
[2024-10-28T14:44:13.660+0000] {processor.py:925} INFO - DAG(s) 'consume_1_or_both_2_and_3_with_dataset_expressions', 'dataset_produces_2', 'dataset_consumes_unknown_never_scheduled', 'conditional_dataset_and_time_based_timetable', 'dataset_consumes_1_never_scheduled', 'consume_1_or_2_with_dataset_expressions', 'dataset_produces_1', 'dataset_consumes_1', 'dataset_consumes_1_and_2', 'consume_1_and_2_with_dataset_expressions' retrieved from /home/airflow/.local/lib/python3.12/site-packages/airflow/example_dags/example_datasets.py
[2024-10-28T14:44:13.698+0000] {logging_mixin.py:190} INFO - [2024-10-28T14:44:13.698+0000] {dag.py:3239} INFO - Sync 10 DAGs
[2024-10-28T14:44:13.719+0000] {logging_mixin.py:190} INFO - [2024-10-28T14:44:13.719+0000] {dag.py:4180} INFO - Setting next_dagrun for conditional_dataset_and_time_based_timetable to 2024-10-23 01:00:00+00:00, run_after=2024-10-23 01:00:00+00:00
[2024-10-28T14:44:13.723+0000] {logging_mixin.py:190} INFO - [2024-10-28T14:44:13.723+0000] {dag.py:4180} INFO - Setting next_dagrun for consume_1_and_2_with_dataset_expressions to None, run_after=None
[2024-10-28T14:44:13.724+0000] {logging_mixin.py:190} INFO - [2024-10-28T14:44:13.724+0000] {dag.py:4180} INFO - Setting next_dagrun for consume_1_or_2_with_dataset_expressions to None, run_after=None
[2024-10-28T14:44:13.726+0000] {logging_mixin.py:190} INFO - [2024-10-28T14:44:13.726+0000] {dag.py:4180} INFO - Setting next_dagrun for consume_1_or_both_2_and_3_with_dataset_expressions to None, run_after=None
[2024-10-28T14:44:13.727+0000] {logging_mixin.py:190} INFO - [2024-10-28T14:44:13.727+0000] {dag.py:4180} INFO - Setting next_dagrun for dataset_consumes_1 to None, run_after=None
[2024-10-28T14:44:13.729+0000] {logging_mixin.py:190} INFO - [2024-10-28T14:44:13.728+0000] {dag.py:4180} INFO - Setting next_dagrun for dataset_consumes_1_and_2 to None, run_after=None
[2024-10-28T14:44:13.730+0000] {logging_mixin.py:190} INFO - [2024-10-28T14:44:13.730+0000] {dag.py:4180} INFO - Setting next_dagrun for dataset_consumes_1_never_scheduled to None, run_after=None
[2024-10-28T14:44:13.731+0000] {logging_mixin.py:190} INFO - [2024-10-28T14:44:13.731+0000] {dag.py:4180} INFO - Setting next_dagrun for dataset_consumes_unknown_never_scheduled to None, run_after=None
[2024-10-28T14:44:13.733+0000] {logging_mixin.py:190} INFO - [2024-10-28T14:44:13.733+0000] {dag.py:4180} INFO - Setting next_dagrun for dataset_produces_1 to 2024-10-27 00:00:00+00:00, run_after=2024-10-28 00:00:00+00:00
[2024-10-28T14:44:13.734+0000] {logging_mixin.py:190} INFO - [2024-10-28T14:44:13.734+0000] {dag.py:4180} INFO - Setting next_dagrun for dataset_produces_2 to None, run_after=None
[2024-10-28T14:44:13.767+0000] {processor.py:208} INFO - Processing /home/airflow/.local/lib/python3.12/site-packages/airflow/example_dags/example_datasets.py took 0.233 seconds
[2024-10-28T14:44:43.959+0000] {processor.py:186} INFO - Started process (PID=231) to work on /home/airflow/.local/lib/python3.12/site-packages/airflow/example_dags/example_datasets.py
[2024-10-28T14:44:43.960+0000] {processor.py:914} INFO - Processing file /home/airflow/.local/lib/python3.12/site-packages/airflow/example_dags/example_datasets.py for tasks to queue
[2024-10-28T14:44:43.961+0000] {logging_mixin.py:190} INFO - [2024-10-28T14:44:43.961+0000] {dagbag.py:588} INFO - Filling up the DagBag from /home/airflow/.local/lib/python3.12/site-packages/airflow/example_dags/example_datasets.py
[2024-10-28T14:44:44.069+0000] {processor.py:925} INFO - DAG(s) 'dataset_consumes_1_and_2', 'consume_1_or_2_with_dataset_expressions', 'conditional_dataset_and_time_based_timetable', 'consume_1_and_2_with_dataset_expressions', 'dataset_consumes_1_never_scheduled', 'consume_1_or_both_2_and_3_with_dataset_expressions', 'dataset_produces_1', 'dataset_consumes_unknown_never_scheduled', 'dataset_consumes_1', 'dataset_produces_2' retrieved from /home/airflow/.local/lib/python3.12/site-packages/airflow/example_dags/example_datasets.py
[2024-10-28T14:44:44.105+0000] {logging_mixin.py:190} INFO - [2024-10-28T14:44:44.104+0000] {dag.py:3239} INFO - Sync 10 DAGs
[2024-10-28T14:44:44.125+0000] {logging_mixin.py:190} INFO - [2024-10-28T14:44:44.125+0000] {dag.py:4180} INFO - Setting next_dagrun for conditional_dataset_and_time_based_timetable to 2024-10-23 01:00:00+00:00, run_after=2024-10-23 01:00:00+00:00
[2024-10-28T14:44:44.128+0000] {logging_mixin.py:190} INFO - [2024-10-28T14:44:44.128+0000] {dag.py:4180} INFO - Setting next_dagrun for consume_1_and_2_with_dataset_expressions to None, run_after=None
[2024-10-28T14:44:44.130+0000] {logging_mixin.py:190} INFO - [2024-10-28T14:44:44.130+0000] {dag.py:4180} INFO - Setting next_dagrun for consume_1_or_2_with_dataset_expressions to None, run_after=None
[2024-10-28T14:44:44.132+0000] {logging_mixin.py:190} INFO - [2024-10-28T14:44:44.132+0000] {dag.py:4180} INFO - Setting next_dagrun for consume_1_or_both_2_and_3_with_dataset_expressions to None, run_after=None
[2024-10-28T14:44:44.134+0000] {logging_mixin.py:190} INFO - [2024-10-28T14:44:44.133+0000] {dag.py:4180} INFO - Setting next_dagrun for dataset_consumes_1 to None, run_after=None
[2024-10-28T14:44:44.137+0000] {logging_mixin.py:190} INFO - [2024-10-28T14:44:44.136+0000] {dag.py:4180} INFO - Setting next_dagrun for dataset_consumes_1_and_2 to None, run_after=None
[2024-10-28T14:44:44.138+0000] {logging_mixin.py:190} INFO - [2024-10-28T14:44:44.138+0000] {dag.py:4180} INFO - Setting next_dagrun for dataset_consumes_1_never_scheduled to None, run_after=None
[2024-10-28T14:44:44.140+0000] {logging_mixin.py:190} INFO - [2024-10-28T14:44:44.140+0000] {dag.py:4180} INFO - Setting next_dagrun for dataset_consumes_unknown_never_scheduled to None, run_after=None
[2024-10-28T14:44:44.142+0000] {logging_mixin.py:190} INFO - [2024-10-28T14:44:44.142+0000] {dag.py:4180} INFO - Setting next_dagrun for dataset_produces_1 to 2024-10-27 00:00:00+00:00, run_after=2024-10-28 00:00:00+00:00
[2024-10-28T14:44:44.144+0000] {logging_mixin.py:190} INFO - [2024-10-28T14:44:44.143+0000] {dag.py:4180} INFO - Setting next_dagrun for dataset_produces_2 to None, run_after=None
[2024-10-28T14:44:44.173+0000] {processor.py:208} INFO - Processing /home/airflow/.local/lib/python3.12/site-packages/airflow/example_dags/example_datasets.py took 0.219 seconds
[2024-10-28T14:45:14.266+0000] {processor.py:186} INFO - Started process (PID=304) to work on /home/airflow/.local/lib/python3.12/site-packages/airflow/example_dags/example_datasets.py
[2024-10-28T14:45:14.267+0000] {processor.py:914} INFO - Processing file /home/airflow/.local/lib/python3.12/site-packages/airflow/example_dags/example_datasets.py for tasks to queue
[2024-10-28T14:45:14.269+0000] {logging_mixin.py:190} INFO - [2024-10-28T14:45:14.269+0000] {dagbag.py:588} INFO - Filling up the DagBag from /home/airflow/.local/lib/python3.12/site-packages/airflow/example_dags/example_datasets.py
[2024-10-28T14:45:14.407+0000] {processor.py:925} INFO - DAG(s) 'dataset_produces_2', 'dataset_consumes_1_and_2', 'dataset_consumes_1_never_scheduled', 'consume_1_or_both_2_and_3_with_dataset_expressions', 'dataset_consumes_1', 'consume_1_or_2_with_dataset_expressions', 'conditional_dataset_and_time_based_timetable', 'consume_1_and_2_with_dataset_expressions', 'dataset_produces_1', 'dataset_consumes_unknown_never_scheduled' retrieved from /home/airflow/.local/lib/python3.12/site-packages/airflow/example_dags/example_datasets.py
[2024-10-28T14:45:14.450+0000] {logging_mixin.py:190} INFO - [2024-10-28T14:45:14.450+0000] {dag.py:3239} INFO - Sync 10 DAGs
[2024-10-28T14:45:14.504+0000] {logging_mixin.py:190} INFO - [2024-10-28T14:45:14.504+0000] {dag.py:4180} INFO - Setting next_dagrun for conditional_dataset_and_time_based_timetable to 2024-10-23 01:00:00+00:00, run_after=2024-10-23 01:00:00+00:00
[2024-10-28T14:45:14.507+0000] {logging_mixin.py:190} INFO - [2024-10-28T14:45:14.507+0000] {dag.py:4180} INFO - Setting next_dagrun for consume_1_and_2_with_dataset_expressions to None, run_after=None
[2024-10-28T14:45:14.508+0000] {logging_mixin.py:190} INFO - [2024-10-28T14:45:14.508+0000] {dag.py:4180} INFO - Setting next_dagrun for consume_1_or_2_with_dataset_expressions to None, run_after=None
[2024-10-28T14:45:14.510+0000] {logging_mixin.py:190} INFO - [2024-10-28T14:45:14.510+0000] {dag.py:4180} INFO - Setting next_dagrun for consume_1_or_both_2_and_3_with_dataset_expressions to None, run_after=None
[2024-10-28T14:45:14.511+0000] {logging_mixin.py:190} INFO - [2024-10-28T14:45:14.511+0000] {dag.py:4180} INFO - Setting next_dagrun for dataset_consumes_1 to None, run_after=None
[2024-10-28T14:45:14.512+0000] {logging_mixin.py:190} INFO - [2024-10-28T14:45:14.512+0000] {dag.py:4180} INFO - Setting next_dagrun for dataset_consumes_1_and_2 to None, run_after=None
[2024-10-28T14:45:14.513+0000] {logging_mixin.py:190} INFO - [2024-10-28T14:45:14.513+0000] {dag.py:4180} INFO - Setting next_dagrun for dataset_consumes_1_never_scheduled to None, run_after=None
[2024-10-28T14:45:14.515+0000] {logging_mixin.py:190} INFO - [2024-10-28T14:45:14.514+0000] {dag.py:4180} INFO - Setting next_dagrun for dataset_consumes_unknown_never_scheduled to None, run_after=None
[2024-10-28T14:45:14.517+0000] {logging_mixin.py:190} INFO - [2024-10-28T14:45:14.517+0000] {dag.py:4180} INFO - Setting next_dagrun for dataset_produces_1 to 2024-10-27 00:00:00+00:00, run_after=2024-10-28 00:00:00+00:00
[2024-10-28T14:45:14.520+0000] {logging_mixin.py:190} INFO - [2024-10-28T14:45:14.519+0000] {dag.py:4180} INFO - Setting next_dagrun for dataset_produces_2 to None, run_after=None
[2024-10-28T14:45:14.553+0000] {processor.py:208} INFO - Processing /home/airflow/.local/lib/python3.12/site-packages/airflow/example_dags/example_datasets.py took 0.292 seconds
[2024-10-28T14:45:45.669+0000] {processor.py:186} INFO - Started process (PID=374) to work on /home/airflow/.local/lib/python3.12/site-packages/airflow/example_dags/example_datasets.py
[2024-10-28T14:45:45.669+0000] {processor.py:914} INFO - Processing file /home/airflow/.local/lib/python3.12/site-packages/airflow/example_dags/example_datasets.py for tasks to queue
[2024-10-28T14:45:45.671+0000] {logging_mixin.py:190} INFO - [2024-10-28T14:45:45.671+0000] {dagbag.py:588} INFO - Filling up the DagBag from /home/airflow/.local/lib/python3.12/site-packages/airflow/example_dags/example_datasets.py
[2024-10-28T14:45:45.805+0000] {processor.py:925} INFO - DAG(s) 'dataset_consumes_1', 'consume_1_or_2_with_dataset_expressions', 'dataset_consumes_1_never_scheduled', 'dataset_consumes_1_and_2', 'dataset_produces_2', 'dataset_produces_1', 'conditional_dataset_and_time_based_timetable', 'consume_1_or_both_2_and_3_with_dataset_expressions', 'consume_1_and_2_with_dataset_expressions', 'dataset_consumes_unknown_never_scheduled' retrieved from /home/airflow/.local/lib/python3.12/site-packages/airflow/example_dags/example_datasets.py
[2024-10-28T14:45:45.853+0000] {logging_mixin.py:190} INFO - [2024-10-28T14:45:45.853+0000] {dag.py:3239} INFO - Sync 10 DAGs
[2024-10-28T14:45:45.877+0000] {logging_mixin.py:190} INFO - [2024-10-28T14:45:45.876+0000] {dag.py:4180} INFO - Setting next_dagrun for conditional_dataset_and_time_based_timetable to 2024-10-23 01:00:00+00:00, run_after=2024-10-23 01:00:00+00:00
[2024-10-28T14:45:45.880+0000] {logging_mixin.py:190} INFO - [2024-10-28T14:45:45.880+0000] {dag.py:4180} INFO - Setting next_dagrun for consume_1_and_2_with_dataset_expressions to None, run_after=None
[2024-10-28T14:45:45.882+0000] {logging_mixin.py:190} INFO - [2024-10-28T14:45:45.882+0000] {dag.py:4180} INFO - Setting next_dagrun for consume_1_or_2_with_dataset_expressions to None, run_after=None
[2024-10-28T14:45:45.883+0000] {logging_mixin.py:190} INFO - [2024-10-28T14:45:45.883+0000] {dag.py:4180} INFO - Setting next_dagrun for consume_1_or_both_2_and_3_with_dataset_expressions to None, run_after=None
[2024-10-28T14:45:45.884+0000] {logging_mixin.py:190} INFO - [2024-10-28T14:45:45.884+0000] {dag.py:4180} INFO - Setting next_dagrun for dataset_consumes_1 to None, run_after=None
[2024-10-28T14:45:45.886+0000] {logging_mixin.py:190} INFO - [2024-10-28T14:45:45.885+0000] {dag.py:4180} INFO - Setting next_dagrun for dataset_consumes_1_and_2 to None, run_after=None
[2024-10-28T14:45:45.887+0000] {logging_mixin.py:190} INFO - [2024-10-28T14:45:45.887+0000] {dag.py:4180} INFO - Setting next_dagrun for dataset_consumes_1_never_scheduled to None, run_after=None
[2024-10-28T14:45:45.888+0000] {logging_mixin.py:190} INFO - [2024-10-28T14:45:45.888+0000] {dag.py:4180} INFO - Setting next_dagrun for dataset_consumes_unknown_never_scheduled to None, run_after=None
[2024-10-28T14:45:45.891+0000] {logging_mixin.py:190} INFO - [2024-10-28T14:45:45.891+0000] {dag.py:4180} INFO - Setting next_dagrun for dataset_produces_1 to 2024-10-27 00:00:00+00:00, run_after=2024-10-28 00:00:00+00:00
[2024-10-28T14:45:45.892+0000] {logging_mixin.py:190} INFO - [2024-10-28T14:45:45.892+0000] {dag.py:4180} INFO - Setting next_dagrun for dataset_produces_2 to None, run_after=None
[2024-10-28T14:45:45.931+0000] {processor.py:208} INFO - Processing /home/airflow/.local/lib/python3.12/site-packages/airflow/example_dags/example_datasets.py took 0.268 seconds
[2024-10-28T14:46:16.059+0000] {processor.py:186} INFO - Started process (PID=446) to work on /home/airflow/.local/lib/python3.12/site-packages/airflow/example_dags/example_datasets.py
[2024-10-28T14:46:16.060+0000] {processor.py:914} INFO - Processing file /home/airflow/.local/lib/python3.12/site-packages/airflow/example_dags/example_datasets.py for tasks to queue
[2024-10-28T14:46:16.061+0000] {logging_mixin.py:190} INFO - [2024-10-28T14:46:16.061+0000] {dagbag.py:588} INFO - Filling up the DagBag from /home/airflow/.local/lib/python3.12/site-packages/airflow/example_dags/example_datasets.py
[2024-10-28T14:46:16.168+0000] {processor.py:925} INFO - DAG(s) 'consume_1_or_both_2_and_3_with_dataset_expressions', 'dataset_produces_1', 'dataset_consumes_unknown_never_scheduled', 'dataset_produces_2', 'consume_1_or_2_with_dataset_expressions', 'dataset_consumes_1', 'conditional_dataset_and_time_based_timetable', 'dataset_consumes_1_never_scheduled', 'consume_1_and_2_with_dataset_expressions', 'dataset_consumes_1_and_2' retrieved from /home/airflow/.local/lib/python3.12/site-packages/airflow/example_dags/example_datasets.py
[2024-10-28T14:46:16.202+0000] {logging_mixin.py:190} INFO - [2024-10-28T14:46:16.201+0000] {dag.py:3239} INFO - Sync 10 DAGs
[2024-10-28T14:46:16.221+0000] {logging_mixin.py:190} INFO - [2024-10-28T14:46:16.221+0000] {dag.py:4180} INFO - Setting next_dagrun for conditional_dataset_and_time_based_timetable to 2024-10-23 01:00:00+00:00, run_after=2024-10-23 01:00:00+00:00
[2024-10-28T14:46:16.224+0000] {logging_mixin.py:190} INFO - [2024-10-28T14:46:16.224+0000] {dag.py:4180} INFO - Setting next_dagrun for consume_1_and_2_with_dataset_expressions to None, run_after=None
[2024-10-28T14:46:16.225+0000] {logging_mixin.py:190} INFO - [2024-10-28T14:46:16.225+0000] {dag.py:4180} INFO - Setting next_dagrun for consume_1_or_2_with_dataset_expressions to None, run_after=None
[2024-10-28T14:46:16.227+0000] {logging_mixin.py:190} INFO - [2024-10-28T14:46:16.227+0000] {dag.py:4180} INFO - Setting next_dagrun for consume_1_or_both_2_and_3_with_dataset_expressions to None, run_after=None
[2024-10-28T14:46:16.228+0000] {logging_mixin.py:190} INFO - [2024-10-28T14:46:16.228+0000] {dag.py:4180} INFO - Setting next_dagrun for dataset_consumes_1 to None, run_after=None
[2024-10-28T14:46:16.229+0000] {logging_mixin.py:190} INFO - [2024-10-28T14:46:16.229+0000] {dag.py:4180} INFO - Setting next_dagrun for dataset_consumes_1_and_2 to None, run_after=None
[2024-10-28T14:46:16.231+0000] {logging_mixin.py:190} INFO - [2024-10-28T14:46:16.231+0000] {dag.py:4180} INFO - Setting next_dagrun for dataset_consumes_1_never_scheduled to None, run_after=None
[2024-10-28T14:46:16.232+0000] {logging_mixin.py:190} INFO - [2024-10-28T14:46:16.232+0000] {dag.py:4180} INFO - Setting next_dagrun for dataset_consumes_unknown_never_scheduled to None, run_after=None
[2024-10-28T14:46:16.234+0000] {logging_mixin.py:190} INFO - [2024-10-28T14:46:16.234+0000] {dag.py:4180} INFO - Setting next_dagrun for dataset_produces_1 to 2024-10-27 00:00:00+00:00, run_after=2024-10-28 00:00:00+00:00
[2024-10-28T14:46:16.236+0000] {logging_mixin.py:190} INFO - [2024-10-28T14:46:16.236+0000] {dag.py:4180} INFO - Setting next_dagrun for dataset_produces_2 to None, run_after=None
[2024-10-28T14:46:16.265+0000] {processor.py:208} INFO - Processing /home/airflow/.local/lib/python3.12/site-packages/airflow/example_dags/example_datasets.py took 0.211 seconds
