[2024-10-21T16:53:08.734+0000] {processor.py:186} INFO - Started process (PID=83) to work on /home/airflow/.local/lib/python3.12/site-packages/airflow/example_dags/example_sla_dag.py
[2024-10-21T16:53:08.736+0000] {processor.py:914} INFO - Processing file /home/airflow/.local/lib/python3.12/site-packages/airflow/example_dags/example_sla_dag.py for tasks to queue
[2024-10-21T16:53:08.738+0000] {logging_mixin.py:190} INFO - [2024-10-21T16:53:08.738+0000] {dagbag.py:588} INFO - Filling up the DagBag from /home/airflow/.local/lib/python3.12/site-packages/airflow/example_dags/example_sla_dag.py
[2024-10-21T16:53:08.746+0000] {processor.py:925} INFO - DAG(s) 'example_sla_dag' retrieved from /home/airflow/.local/lib/python3.12/site-packages/airflow/example_dags/example_sla_dag.py
[2024-10-21T16:53:08.764+0000] {logging_mixin.py:190} INFO - [2024-10-21T16:53:08.764+0000] {dag.py:3239} INFO - Sync 1 DAGs
[2024-10-21T16:53:08.792+0000] {logging_mixin.py:190} INFO - [2024-10-21T16:53:08.792+0000] {dag.py:4180} INFO - Setting next_dagrun for example_sla_dag to 2024-10-21 16:50:00+00:00, run_after=2024-10-21 16:52:00+00:00
[2024-10-21T16:53:08.809+0000] {processor.py:208} INFO - Processing /home/airflow/.local/lib/python3.12/site-packages/airflow/example_dags/example_sla_dag.py took 0.079 seconds
[2024-10-21T16:53:38.877+0000] {processor.py:186} INFO - Started process (PID=151) to work on /home/airflow/.local/lib/python3.12/site-packages/airflow/example_dags/example_sla_dag.py
[2024-10-21T16:53:38.878+0000] {processor.py:914} INFO - Processing file /home/airflow/.local/lib/python3.12/site-packages/airflow/example_dags/example_sla_dag.py for tasks to queue
[2024-10-21T16:53:38.880+0000] {logging_mixin.py:190} INFO - [2024-10-21T16:53:38.880+0000] {dagbag.py:588} INFO - Filling up the DagBag from /home/airflow/.local/lib/python3.12/site-packages/airflow/example_dags/example_sla_dag.py
[2024-10-21T16:53:38.889+0000] {processor.py:925} INFO - DAG(s) 'example_sla_dag' retrieved from /home/airflow/.local/lib/python3.12/site-packages/airflow/example_dags/example_sla_dag.py
[2024-10-21T16:53:38.905+0000] {logging_mixin.py:190} INFO - [2024-10-21T16:53:38.905+0000] {dag.py:3239} INFO - Sync 1 DAGs
[2024-10-21T16:53:38.930+0000] {logging_mixin.py:190} INFO - [2024-10-21T16:53:38.930+0000] {dag.py:4180} INFO - Setting next_dagrun for example_sla_dag to 2024-10-21 16:50:00+00:00, run_after=2024-10-21 16:52:00+00:00
[2024-10-21T16:53:38.948+0000] {processor.py:208} INFO - Processing /home/airflow/.local/lib/python3.12/site-packages/airflow/example_dags/example_sla_dag.py took 0.075 seconds
[2024-10-21T16:54:09.770+0000] {processor.py:186} INFO - Started process (PID=219) to work on /home/airflow/.local/lib/python3.12/site-packages/airflow/example_dags/example_sla_dag.py
[2024-10-21T16:54:09.770+0000] {processor.py:914} INFO - Processing file /home/airflow/.local/lib/python3.12/site-packages/airflow/example_dags/example_sla_dag.py for tasks to queue
[2024-10-21T16:54:09.773+0000] {logging_mixin.py:190} INFO - [2024-10-21T16:54:09.772+0000] {dagbag.py:588} INFO - Filling up the DagBag from /home/airflow/.local/lib/python3.12/site-packages/airflow/example_dags/example_sla_dag.py
[2024-10-21T16:54:09.784+0000] {processor.py:925} INFO - DAG(s) 'example_sla_dag' retrieved from /home/airflow/.local/lib/python3.12/site-packages/airflow/example_dags/example_sla_dag.py
[2024-10-21T16:54:09.799+0000] {logging_mixin.py:190} INFO - [2024-10-21T16:54:09.799+0000] {dag.py:3239} INFO - Sync 1 DAGs
[2024-10-21T16:54:09.819+0000] {logging_mixin.py:190} INFO - [2024-10-21T16:54:09.819+0000] {dag.py:4180} INFO - Setting next_dagrun for example_sla_dag to 2024-10-21 16:52:00+00:00, run_after=2024-10-21 16:54:00+00:00
[2024-10-21T16:54:09.835+0000] {processor.py:208} INFO - Processing /home/airflow/.local/lib/python3.12/site-packages/airflow/example_dags/example_sla_dag.py took 0.070 seconds
[2024-10-21T16:54:40.594+0000] {processor.py:186} INFO - Started process (PID=287) to work on /home/airflow/.local/lib/python3.12/site-packages/airflow/example_dags/example_sla_dag.py
[2024-10-21T16:54:40.595+0000] {processor.py:914} INFO - Processing file /home/airflow/.local/lib/python3.12/site-packages/airflow/example_dags/example_sla_dag.py for tasks to queue
[2024-10-21T16:54:40.597+0000] {logging_mixin.py:190} INFO - [2024-10-21T16:54:40.596+0000] {dagbag.py:588} INFO - Filling up the DagBag from /home/airflow/.local/lib/python3.12/site-packages/airflow/example_dags/example_sla_dag.py
[2024-10-21T16:54:40.605+0000] {processor.py:925} INFO - DAG(s) 'example_sla_dag' retrieved from /home/airflow/.local/lib/python3.12/site-packages/airflow/example_dags/example_sla_dag.py
[2024-10-21T16:54:40.622+0000] {logging_mixin.py:190} INFO - [2024-10-21T16:54:40.622+0000] {dag.py:3239} INFO - Sync 1 DAGs
[2024-10-21T16:54:40.643+0000] {logging_mixin.py:190} INFO - [2024-10-21T16:54:40.643+0000] {dag.py:4180} INFO - Setting next_dagrun for example_sla_dag to 2024-10-21 16:52:00+00:00, run_after=2024-10-21 16:54:00+00:00
[2024-10-21T16:54:40.658+0000] {processor.py:208} INFO - Processing /home/airflow/.local/lib/python3.12/site-packages/airflow/example_dags/example_sla_dag.py took 0.069 seconds
[2024-10-21T16:55:11.487+0000] {processor.py:186} INFO - Started process (PID=355) to work on /home/airflow/.local/lib/python3.12/site-packages/airflow/example_dags/example_sla_dag.py
[2024-10-21T16:55:11.488+0000] {processor.py:914} INFO - Processing file /home/airflow/.local/lib/python3.12/site-packages/airflow/example_dags/example_sla_dag.py for tasks to queue
[2024-10-21T16:55:11.491+0000] {logging_mixin.py:190} INFO - [2024-10-21T16:55:11.490+0000] {dagbag.py:588} INFO - Filling up the DagBag from /home/airflow/.local/lib/python3.12/site-packages/airflow/example_dags/example_sla_dag.py
[2024-10-21T16:55:11.501+0000] {processor.py:925} INFO - DAG(s) 'example_sla_dag' retrieved from /home/airflow/.local/lib/python3.12/site-packages/airflow/example_dags/example_sla_dag.py
[2024-10-21T16:55:11.520+0000] {logging_mixin.py:190} INFO - [2024-10-21T16:55:11.520+0000] {dag.py:3239} INFO - Sync 1 DAGs
[2024-10-21T16:55:11.547+0000] {logging_mixin.py:190} INFO - [2024-10-21T16:55:11.547+0000] {dag.py:4180} INFO - Setting next_dagrun for example_sla_dag to 2024-10-21 16:52:00+00:00, run_after=2024-10-21 16:54:00+00:00
[2024-10-21T16:55:11.564+0000] {processor.py:208} INFO - Processing /home/airflow/.local/lib/python3.12/site-packages/airflow/example_dags/example_sla_dag.py took 0.081 seconds
[2024-10-21T16:55:42.185+0000] {processor.py:186} INFO - Started process (PID=423) to work on /home/airflow/.local/lib/python3.12/site-packages/airflow/example_dags/example_sla_dag.py
[2024-10-21T16:55:42.186+0000] {processor.py:914} INFO - Processing file /home/airflow/.local/lib/python3.12/site-packages/airflow/example_dags/example_sla_dag.py for tasks to queue
[2024-10-21T16:55:42.188+0000] {logging_mixin.py:190} INFO - [2024-10-21T16:55:42.187+0000] {dagbag.py:588} INFO - Filling up the DagBag from /home/airflow/.local/lib/python3.12/site-packages/airflow/example_dags/example_sla_dag.py
[2024-10-21T16:55:42.195+0000] {processor.py:925} INFO - DAG(s) 'example_sla_dag' retrieved from /home/airflow/.local/lib/python3.12/site-packages/airflow/example_dags/example_sla_dag.py
[2024-10-21T16:55:42.211+0000] {logging_mixin.py:190} INFO - [2024-10-21T16:55:42.211+0000] {dag.py:3239} INFO - Sync 1 DAGs
[2024-10-21T16:55:42.230+0000] {logging_mixin.py:190} INFO - [2024-10-21T16:55:42.230+0000] {dag.py:4180} INFO - Setting next_dagrun for example_sla_dag to 2024-10-21 16:52:00+00:00, run_after=2024-10-21 16:54:00+00:00
[2024-10-21T16:55:42.247+0000] {processor.py:208} INFO - Processing /home/airflow/.local/lib/python3.12/site-packages/airflow/example_dags/example_sla_dag.py took 0.066 seconds
[2024-10-21T16:56:13.229+0000] {processor.py:186} INFO - Started process (PID=491) to work on /home/airflow/.local/lib/python3.12/site-packages/airflow/example_dags/example_sla_dag.py
[2024-10-21T16:56:13.230+0000] {processor.py:914} INFO - Processing file /home/airflow/.local/lib/python3.12/site-packages/airflow/example_dags/example_sla_dag.py for tasks to queue
[2024-10-21T16:56:13.232+0000] {logging_mixin.py:190} INFO - [2024-10-21T16:56:13.232+0000] {dagbag.py:588} INFO - Filling up the DagBag from /home/airflow/.local/lib/python3.12/site-packages/airflow/example_dags/example_sla_dag.py
[2024-10-21T16:56:13.243+0000] {processor.py:925} INFO - DAG(s) 'example_sla_dag' retrieved from /home/airflow/.local/lib/python3.12/site-packages/airflow/example_dags/example_sla_dag.py
[2024-10-21T16:56:13.260+0000] {logging_mixin.py:190} INFO - [2024-10-21T16:56:13.259+0000] {dag.py:3239} INFO - Sync 1 DAGs
[2024-10-21T16:56:13.281+0000] {logging_mixin.py:190} INFO - [2024-10-21T16:56:13.281+0000] {dag.py:4180} INFO - Setting next_dagrun for example_sla_dag to 2024-10-21 16:54:00+00:00, run_after=2024-10-21 16:56:00+00:00
[2024-10-21T16:56:13.299+0000] {processor.py:208} INFO - Processing /home/airflow/.local/lib/python3.12/site-packages/airflow/example_dags/example_sla_dag.py took 0.076 seconds
[2024-10-21T16:56:45.539+0000] {processor.py:186} INFO - Started process (PID=560) to work on /home/airflow/.local/lib/python3.12/site-packages/airflow/example_dags/example_sla_dag.py
[2024-10-21T16:56:45.540+0000] {processor.py:914} INFO - Processing file /home/airflow/.local/lib/python3.12/site-packages/airflow/example_dags/example_sla_dag.py for tasks to queue
[2024-10-21T16:56:45.543+0000] {logging_mixin.py:190} INFO - [2024-10-21T16:56:45.543+0000] {dagbag.py:588} INFO - Filling up the DagBag from /home/airflow/.local/lib/python3.12/site-packages/airflow/example_dags/example_sla_dag.py
[2024-10-21T16:56:45.553+0000] {processor.py:925} INFO - DAG(s) 'example_sla_dag' retrieved from /home/airflow/.local/lib/python3.12/site-packages/airflow/example_dags/example_sla_dag.py
[2024-10-21T16:56:45.573+0000] {logging_mixin.py:190} INFO - [2024-10-21T16:56:45.572+0000] {dag.py:3239} INFO - Sync 1 DAGs
[2024-10-21T16:56:45.602+0000] {logging_mixin.py:190} INFO - [2024-10-21T16:56:45.601+0000] {dag.py:4180} INFO - Setting next_dagrun for example_sla_dag to 2024-10-21 16:54:00+00:00, run_after=2024-10-21 16:56:00+00:00
[2024-10-21T16:56:45.619+0000] {processor.py:208} INFO - Processing /home/airflow/.local/lib/python3.12/site-packages/airflow/example_dags/example_sla_dag.py took 0.087 seconds
[2024-10-21T16:57:15.657+0000] {processor.py:186} INFO - Started process (PID=627) to work on /home/airflow/.local/lib/python3.12/site-packages/airflow/example_dags/example_sla_dag.py
[2024-10-21T16:57:15.658+0000] {processor.py:914} INFO - Processing file /home/airflow/.local/lib/python3.12/site-packages/airflow/example_dags/example_sla_dag.py for tasks to queue
[2024-10-21T16:57:15.660+0000] {logging_mixin.py:190} INFO - [2024-10-21T16:57:15.660+0000] {dagbag.py:588} INFO - Filling up the DagBag from /home/airflow/.local/lib/python3.12/site-packages/airflow/example_dags/example_sla_dag.py
[2024-10-21T16:57:15.670+0000] {processor.py:925} INFO - DAG(s) 'example_sla_dag' retrieved from /home/airflow/.local/lib/python3.12/site-packages/airflow/example_dags/example_sla_dag.py
[2024-10-21T16:57:15.688+0000] {logging_mixin.py:190} INFO - [2024-10-21T16:57:15.688+0000] {dag.py:3239} INFO - Sync 1 DAGs
[2024-10-21T16:57:15.712+0000] {logging_mixin.py:190} INFO - [2024-10-21T16:57:15.712+0000] {dag.py:4180} INFO - Setting next_dagrun for example_sla_dag to 2024-10-21 16:54:00+00:00, run_after=2024-10-21 16:56:00+00:00
[2024-10-21T16:57:15.727+0000] {processor.py:208} INFO - Processing /home/airflow/.local/lib/python3.12/site-packages/airflow/example_dags/example_sla_dag.py took 0.076 seconds
[2024-10-21T16:57:47.029+0000] {processor.py:186} INFO - Started process (PID=697) to work on /home/airflow/.local/lib/python3.12/site-packages/airflow/example_dags/example_sla_dag.py
[2024-10-21T16:57:47.030+0000] {processor.py:914} INFO - Processing file /home/airflow/.local/lib/python3.12/site-packages/airflow/example_dags/example_sla_dag.py for tasks to queue
[2024-10-21T16:57:47.032+0000] {logging_mixin.py:190} INFO - [2024-10-21T16:57:47.032+0000] {dagbag.py:588} INFO - Filling up the DagBag from /home/airflow/.local/lib/python3.12/site-packages/airflow/example_dags/example_sla_dag.py
[2024-10-21T16:57:47.042+0000] {processor.py:925} INFO - DAG(s) 'example_sla_dag' retrieved from /home/airflow/.local/lib/python3.12/site-packages/airflow/example_dags/example_sla_dag.py
[2024-10-21T16:57:47.058+0000] {logging_mixin.py:190} INFO - [2024-10-21T16:57:47.058+0000] {dag.py:3239} INFO - Sync 1 DAGs
[2024-10-21T16:57:47.085+0000] {logging_mixin.py:190} INFO - [2024-10-21T16:57:47.085+0000] {dag.py:4180} INFO - Setting next_dagrun for example_sla_dag to 2024-10-21 16:54:00+00:00, run_after=2024-10-21 16:56:00+00:00
[2024-10-21T16:57:47.101+0000] {processor.py:208} INFO - Processing /home/airflow/.local/lib/python3.12/site-packages/airflow/example_dags/example_sla_dag.py took 0.077 seconds
[2024-10-21T16:58:17.214+0000] {processor.py:186} INFO - Started process (PID=765) to work on /home/airflow/.local/lib/python3.12/site-packages/airflow/example_dags/example_sla_dag.py
[2024-10-21T16:58:17.215+0000] {processor.py:914} INFO - Processing file /home/airflow/.local/lib/python3.12/site-packages/airflow/example_dags/example_sla_dag.py for tasks to queue
[2024-10-21T16:58:17.217+0000] {logging_mixin.py:190} INFO - [2024-10-21T16:58:17.217+0000] {dagbag.py:588} INFO - Filling up the DagBag from /home/airflow/.local/lib/python3.12/site-packages/airflow/example_dags/example_sla_dag.py
[2024-10-21T16:58:17.226+0000] {processor.py:925} INFO - DAG(s) 'example_sla_dag' retrieved from /home/airflow/.local/lib/python3.12/site-packages/airflow/example_dags/example_sla_dag.py
[2024-10-21T16:58:17.245+0000] {logging_mixin.py:190} INFO - [2024-10-21T16:58:17.244+0000] {dag.py:3239} INFO - Sync 1 DAGs
[2024-10-21T16:58:17.271+0000] {logging_mixin.py:190} INFO - [2024-10-21T16:58:17.271+0000] {dag.py:4180} INFO - Setting next_dagrun for example_sla_dag to 2024-10-21 16:56:00+00:00, run_after=2024-10-21 16:58:00+00:00
[2024-10-21T16:58:17.291+0000] {processor.py:208} INFO - Processing /home/airflow/.local/lib/python3.12/site-packages/airflow/example_dags/example_sla_dag.py took 0.082 seconds
[2024-10-21T16:58:47.744+0000] {processor.py:186} INFO - Started process (PID=834) to work on /home/airflow/.local/lib/python3.12/site-packages/airflow/example_dags/example_sla_dag.py
[2024-10-21T16:58:47.745+0000] {processor.py:914} INFO - Processing file /home/airflow/.local/lib/python3.12/site-packages/airflow/example_dags/example_sla_dag.py for tasks to queue
[2024-10-21T16:58:47.747+0000] {logging_mixin.py:190} INFO - [2024-10-21T16:58:47.747+0000] {dagbag.py:588} INFO - Filling up the DagBag from /home/airflow/.local/lib/python3.12/site-packages/airflow/example_dags/example_sla_dag.py
[2024-10-21T16:58:47.771+0000] {processor.py:925} INFO - DAG(s) 'example_sla_dag' retrieved from /home/airflow/.local/lib/python3.12/site-packages/airflow/example_dags/example_sla_dag.py
[2024-10-21T16:58:47.789+0000] {logging_mixin.py:190} INFO - [2024-10-21T16:58:47.789+0000] {dag.py:3239} INFO - Sync 1 DAGs
[2024-10-21T16:58:47.811+0000] {logging_mixin.py:190} INFO - [2024-10-21T16:58:47.811+0000] {dag.py:4180} INFO - Setting next_dagrun for example_sla_dag to 2024-10-21 16:56:00+00:00, run_after=2024-10-21 16:58:00+00:00
[2024-10-21T16:58:47.827+0000] {processor.py:208} INFO - Processing /home/airflow/.local/lib/python3.12/site-packages/airflow/example_dags/example_sla_dag.py took 0.088 seconds
[2024-10-21T16:59:17.937+0000] {processor.py:186} INFO - Started process (PID=902) to work on /home/airflow/.local/lib/python3.12/site-packages/airflow/example_dags/example_sla_dag.py
[2024-10-21T16:59:17.938+0000] {processor.py:914} INFO - Processing file /home/airflow/.local/lib/python3.12/site-packages/airflow/example_dags/example_sla_dag.py for tasks to queue
[2024-10-21T16:59:17.940+0000] {logging_mixin.py:190} INFO - [2024-10-21T16:59:17.939+0000] {dagbag.py:588} INFO - Filling up the DagBag from /home/airflow/.local/lib/python3.12/site-packages/airflow/example_dags/example_sla_dag.py
[2024-10-21T16:59:17.947+0000] {processor.py:925} INFO - DAG(s) 'example_sla_dag' retrieved from /home/airflow/.local/lib/python3.12/site-packages/airflow/example_dags/example_sla_dag.py
[2024-10-21T16:59:17.966+0000] {logging_mixin.py:190} INFO - [2024-10-21T16:59:17.965+0000] {dag.py:3239} INFO - Sync 1 DAGs
[2024-10-21T16:59:17.988+0000] {logging_mixin.py:190} INFO - [2024-10-21T16:59:17.988+0000] {dag.py:4180} INFO - Setting next_dagrun for example_sla_dag to 2024-10-21 16:56:00+00:00, run_after=2024-10-21 16:58:00+00:00
[2024-10-21T16:59:18.005+0000] {processor.py:208} INFO - Processing /home/airflow/.local/lib/python3.12/site-packages/airflow/example_dags/example_sla_dag.py took 0.073 seconds
[2024-10-21T16:59:48.870+0000] {processor.py:186} INFO - Started process (PID=970) to work on /home/airflow/.local/lib/python3.12/site-packages/airflow/example_dags/example_sla_dag.py
[2024-10-21T16:59:48.871+0000] {processor.py:914} INFO - Processing file /home/airflow/.local/lib/python3.12/site-packages/airflow/example_dags/example_sla_dag.py for tasks to queue
[2024-10-21T16:59:48.873+0000] {logging_mixin.py:190} INFO - [2024-10-21T16:59:48.873+0000] {dagbag.py:588} INFO - Filling up the DagBag from /home/airflow/.local/lib/python3.12/site-packages/airflow/example_dags/example_sla_dag.py
[2024-10-21T16:59:48.882+0000] {processor.py:925} INFO - DAG(s) 'example_sla_dag' retrieved from /home/airflow/.local/lib/python3.12/site-packages/airflow/example_dags/example_sla_dag.py
[2024-10-21T16:59:48.899+0000] {logging_mixin.py:190} INFO - [2024-10-21T16:59:48.898+0000] {dag.py:3239} INFO - Sync 1 DAGs
[2024-10-21T16:59:48.923+0000] {logging_mixin.py:190} INFO - [2024-10-21T16:59:48.923+0000] {dag.py:4180} INFO - Setting next_dagrun for example_sla_dag to 2024-10-21 16:56:00+00:00, run_after=2024-10-21 16:58:00+00:00
[2024-10-21T16:59:48.941+0000] {processor.py:208} INFO - Processing /home/airflow/.local/lib/python3.12/site-packages/airflow/example_dags/example_sla_dag.py took 0.077 seconds
[2024-10-21T17:00:19.582+0000] {processor.py:186} INFO - Started process (PID=1038) to work on /home/airflow/.local/lib/python3.12/site-packages/airflow/example_dags/example_sla_dag.py
[2024-10-21T17:00:19.583+0000] {processor.py:914} INFO - Processing file /home/airflow/.local/lib/python3.12/site-packages/airflow/example_dags/example_sla_dag.py for tasks to queue
[2024-10-21T17:00:19.585+0000] {logging_mixin.py:190} INFO - [2024-10-21T17:00:19.585+0000] {dagbag.py:588} INFO - Filling up the DagBag from /home/airflow/.local/lib/python3.12/site-packages/airflow/example_dags/example_sla_dag.py
[2024-10-21T17:00:19.593+0000] {processor.py:925} INFO - DAG(s) 'example_sla_dag' retrieved from /home/airflow/.local/lib/python3.12/site-packages/airflow/example_dags/example_sla_dag.py
[2024-10-21T17:00:19.611+0000] {logging_mixin.py:190} INFO - [2024-10-21T17:00:19.610+0000] {dag.py:3239} INFO - Sync 1 DAGs
[2024-10-21T17:00:19.631+0000] {logging_mixin.py:190} INFO - [2024-10-21T17:00:19.631+0000] {dag.py:4180} INFO - Setting next_dagrun for example_sla_dag to 2024-10-21 16:58:00+00:00, run_after=2024-10-21 17:00:00+00:00
[2024-10-21T17:00:19.648+0000] {processor.py:208} INFO - Processing /home/airflow/.local/lib/python3.12/site-packages/airflow/example_dags/example_sla_dag.py took 0.070 seconds
[2024-10-21T17:00:50.323+0000] {processor.py:186} INFO - Started process (PID=1106) to work on /home/airflow/.local/lib/python3.12/site-packages/airflow/example_dags/example_sla_dag.py
[2024-10-21T17:00:50.324+0000] {processor.py:914} INFO - Processing file /home/airflow/.local/lib/python3.12/site-packages/airflow/example_dags/example_sla_dag.py for tasks to queue
[2024-10-21T17:00:50.326+0000] {logging_mixin.py:190} INFO - [2024-10-21T17:00:50.326+0000] {dagbag.py:588} INFO - Filling up the DagBag from /home/airflow/.local/lib/python3.12/site-packages/airflow/example_dags/example_sla_dag.py
[2024-10-21T17:00:50.336+0000] {processor.py:925} INFO - DAG(s) 'example_sla_dag' retrieved from /home/airflow/.local/lib/python3.12/site-packages/airflow/example_dags/example_sla_dag.py
[2024-10-21T17:00:50.352+0000] {logging_mixin.py:190} INFO - [2024-10-21T17:00:50.352+0000] {dag.py:3239} INFO - Sync 1 DAGs
[2024-10-21T17:00:50.374+0000] {logging_mixin.py:190} INFO - [2024-10-21T17:00:50.374+0000] {dag.py:4180} INFO - Setting next_dagrun for example_sla_dag to 2024-10-21 16:58:00+00:00, run_after=2024-10-21 17:00:00+00:00
[2024-10-21T17:00:50.391+0000] {processor.py:208} INFO - Processing /home/airflow/.local/lib/python3.12/site-packages/airflow/example_dags/example_sla_dag.py took 0.073 seconds
[2024-10-21T17:01:20.949+0000] {processor.py:186} INFO - Started process (PID=1174) to work on /home/airflow/.local/lib/python3.12/site-packages/airflow/example_dags/example_sla_dag.py
[2024-10-21T17:01:20.950+0000] {processor.py:914} INFO - Processing file /home/airflow/.local/lib/python3.12/site-packages/airflow/example_dags/example_sla_dag.py for tasks to queue
[2024-10-21T17:01:20.952+0000] {logging_mixin.py:190} INFO - [2024-10-21T17:01:20.951+0000] {dagbag.py:588} INFO - Filling up the DagBag from /home/airflow/.local/lib/python3.12/site-packages/airflow/example_dags/example_sla_dag.py
[2024-10-21T17:01:20.960+0000] {processor.py:925} INFO - DAG(s) 'example_sla_dag' retrieved from /home/airflow/.local/lib/python3.12/site-packages/airflow/example_dags/example_sla_dag.py
[2024-10-21T17:01:20.977+0000] {logging_mixin.py:190} INFO - [2024-10-21T17:01:20.976+0000] {dag.py:3239} INFO - Sync 1 DAGs
[2024-10-21T17:01:20.999+0000] {logging_mixin.py:190} INFO - [2024-10-21T17:01:20.998+0000] {dag.py:4180} INFO - Setting next_dagrun for example_sla_dag to 2024-10-21 16:58:00+00:00, run_after=2024-10-21 17:00:00+00:00
[2024-10-21T17:01:21.015+0000] {processor.py:208} INFO - Processing /home/airflow/.local/lib/python3.12/site-packages/airflow/example_dags/example_sla_dag.py took 0.071 seconds
[2024-10-21T17:01:51.805+0000] {processor.py:186} INFO - Started process (PID=1242) to work on /home/airflow/.local/lib/python3.12/site-packages/airflow/example_dags/example_sla_dag.py
[2024-10-21T17:01:51.806+0000] {processor.py:914} INFO - Processing file /home/airflow/.local/lib/python3.12/site-packages/airflow/example_dags/example_sla_dag.py for tasks to queue
[2024-10-21T17:01:51.809+0000] {logging_mixin.py:190} INFO - [2024-10-21T17:01:51.808+0000] {dagbag.py:588} INFO - Filling up the DagBag from /home/airflow/.local/lib/python3.12/site-packages/airflow/example_dags/example_sla_dag.py
[2024-10-21T17:01:51.821+0000] {processor.py:925} INFO - DAG(s) 'example_sla_dag' retrieved from /home/airflow/.local/lib/python3.12/site-packages/airflow/example_dags/example_sla_dag.py
[2024-10-21T17:01:51.847+0000] {logging_mixin.py:190} INFO - [2024-10-21T17:01:51.847+0000] {dag.py:3239} INFO - Sync 1 DAGs
[2024-10-21T17:01:51.901+0000] {logging_mixin.py:190} INFO - [2024-10-21T17:01:51.901+0000] {dag.py:4180} INFO - Setting next_dagrun for example_sla_dag to 2024-10-21 16:58:00+00:00, run_after=2024-10-21 17:00:00+00:00
[2024-10-21T17:01:51.924+0000] {processor.py:208} INFO - Processing /home/airflow/.local/lib/python3.12/site-packages/airflow/example_dags/example_sla_dag.py took 0.124 seconds
[2024-10-21T17:02:22.660+0000] {processor.py:186} INFO - Started process (PID=1311) to work on /home/airflow/.local/lib/python3.12/site-packages/airflow/example_dags/example_sla_dag.py
[2024-10-21T17:02:22.660+0000] {processor.py:914} INFO - Processing file /home/airflow/.local/lib/python3.12/site-packages/airflow/example_dags/example_sla_dag.py for tasks to queue
[2024-10-21T17:02:22.662+0000] {logging_mixin.py:190} INFO - [2024-10-21T17:02:22.662+0000] {dagbag.py:588} INFO - Filling up the DagBag from /home/airflow/.local/lib/python3.12/site-packages/airflow/example_dags/example_sla_dag.py
[2024-10-21T17:02:22.670+0000] {processor.py:925} INFO - DAG(s) 'example_sla_dag' retrieved from /home/airflow/.local/lib/python3.12/site-packages/airflow/example_dags/example_sla_dag.py
[2024-10-21T17:02:22.687+0000] {logging_mixin.py:190} INFO - [2024-10-21T17:02:22.686+0000] {dag.py:3239} INFO - Sync 1 DAGs
[2024-10-21T17:02:22.709+0000] {logging_mixin.py:190} INFO - [2024-10-21T17:02:22.709+0000] {dag.py:4180} INFO - Setting next_dagrun for example_sla_dag to 2024-10-21 17:00:00+00:00, run_after=2024-10-21 17:02:00+00:00
[2024-10-21T17:02:22.725+0000] {processor.py:208} INFO - Processing /home/airflow/.local/lib/python3.12/site-packages/airflow/example_dags/example_sla_dag.py took 0.070 seconds
[2024-10-21T17:02:53.851+0000] {processor.py:186} INFO - Started process (PID=1379) to work on /home/airflow/.local/lib/python3.12/site-packages/airflow/example_dags/example_sla_dag.py
[2024-10-21T17:02:53.852+0000] {processor.py:914} INFO - Processing file /home/airflow/.local/lib/python3.12/site-packages/airflow/example_dags/example_sla_dag.py for tasks to queue
[2024-10-21T17:02:53.854+0000] {logging_mixin.py:190} INFO - [2024-10-21T17:02:53.854+0000] {dagbag.py:588} INFO - Filling up the DagBag from /home/airflow/.local/lib/python3.12/site-packages/airflow/example_dags/example_sla_dag.py
[2024-10-21T17:02:53.864+0000] {processor.py:925} INFO - DAG(s) 'example_sla_dag' retrieved from /home/airflow/.local/lib/python3.12/site-packages/airflow/example_dags/example_sla_dag.py
[2024-10-21T17:02:53.880+0000] {logging_mixin.py:190} INFO - [2024-10-21T17:02:53.879+0000] {dag.py:3239} INFO - Sync 1 DAGs
[2024-10-21T17:02:53.902+0000] {logging_mixin.py:190} INFO - [2024-10-21T17:02:53.902+0000] {dag.py:4180} INFO - Setting next_dagrun for example_sla_dag to 2024-10-21 17:00:00+00:00, run_after=2024-10-21 17:02:00+00:00
[2024-10-21T17:02:53.918+0000] {processor.py:208} INFO - Processing /home/airflow/.local/lib/python3.12/site-packages/airflow/example_dags/example_sla_dag.py took 0.072 seconds
[2024-10-21T17:03:24.745+0000] {processor.py:186} INFO - Started process (PID=1447) to work on /home/airflow/.local/lib/python3.12/site-packages/airflow/example_dags/example_sla_dag.py
[2024-10-21T17:03:24.746+0000] {processor.py:914} INFO - Processing file /home/airflow/.local/lib/python3.12/site-packages/airflow/example_dags/example_sla_dag.py for tasks to queue
[2024-10-21T17:03:24.749+0000] {logging_mixin.py:190} INFO - [2024-10-21T17:03:24.748+0000] {dagbag.py:588} INFO - Filling up the DagBag from /home/airflow/.local/lib/python3.12/site-packages/airflow/example_dags/example_sla_dag.py
[2024-10-21T17:03:24.757+0000] {processor.py:925} INFO - DAG(s) 'example_sla_dag' retrieved from /home/airflow/.local/lib/python3.12/site-packages/airflow/example_dags/example_sla_dag.py
[2024-10-21T17:03:24.774+0000] {logging_mixin.py:190} INFO - [2024-10-21T17:03:24.774+0000] {dag.py:3239} INFO - Sync 1 DAGs
[2024-10-21T17:03:24.795+0000] {logging_mixin.py:190} INFO - [2024-10-21T17:03:24.795+0000] {dag.py:4180} INFO - Setting next_dagrun for example_sla_dag to 2024-10-21 17:00:00+00:00, run_after=2024-10-21 17:02:00+00:00
[2024-10-21T17:03:24.810+0000] {processor.py:208} INFO - Processing /home/airflow/.local/lib/python3.12/site-packages/airflow/example_dags/example_sla_dag.py took 0.074 seconds
[2024-10-21T17:03:55.905+0000] {processor.py:186} INFO - Started process (PID=1515) to work on /home/airflow/.local/lib/python3.12/site-packages/airflow/example_dags/example_sla_dag.py
[2024-10-21T17:03:55.906+0000] {processor.py:914} INFO - Processing file /home/airflow/.local/lib/python3.12/site-packages/airflow/example_dags/example_sla_dag.py for tasks to queue
[2024-10-21T17:03:55.909+0000] {logging_mixin.py:190} INFO - [2024-10-21T17:03:55.909+0000] {dagbag.py:588} INFO - Filling up the DagBag from /home/airflow/.local/lib/python3.12/site-packages/airflow/example_dags/example_sla_dag.py
[2024-10-21T17:03:55.919+0000] {processor.py:925} INFO - DAG(s) 'example_sla_dag' retrieved from /home/airflow/.local/lib/python3.12/site-packages/airflow/example_dags/example_sla_dag.py
[2024-10-21T17:03:55.939+0000] {logging_mixin.py:190} INFO - [2024-10-21T17:03:55.938+0000] {dag.py:3239} INFO - Sync 1 DAGs
[2024-10-21T17:03:55.959+0000] {logging_mixin.py:190} INFO - [2024-10-21T17:03:55.959+0000] {dag.py:4180} INFO - Setting next_dagrun for example_sla_dag to 2024-10-21 17:00:00+00:00, run_after=2024-10-21 17:02:00+00:00
[2024-10-21T17:03:55.972+0000] {processor.py:208} INFO - Processing /home/airflow/.local/lib/python3.12/site-packages/airflow/example_dags/example_sla_dag.py took 0.072 seconds
[2024-10-21T17:04:26.010+0000] {processor.py:186} INFO - Started process (PID=1582) to work on /home/airflow/.local/lib/python3.12/site-packages/airflow/example_dags/example_sla_dag.py
[2024-10-21T17:04:26.011+0000] {processor.py:914} INFO - Processing file /home/airflow/.local/lib/python3.12/site-packages/airflow/example_dags/example_sla_dag.py for tasks to queue
[2024-10-21T17:04:26.013+0000] {logging_mixin.py:190} INFO - [2024-10-21T17:04:26.013+0000] {dagbag.py:588} INFO - Filling up the DagBag from /home/airflow/.local/lib/python3.12/site-packages/airflow/example_dags/example_sla_dag.py
[2024-10-21T17:04:26.023+0000] {processor.py:925} INFO - DAG(s) 'example_sla_dag' retrieved from /home/airflow/.local/lib/python3.12/site-packages/airflow/example_dags/example_sla_dag.py
[2024-10-21T17:04:26.039+0000] {logging_mixin.py:190} INFO - [2024-10-21T17:04:26.039+0000] {dag.py:3239} INFO - Sync 1 DAGs
[2024-10-21T17:04:26.062+0000] {logging_mixin.py:190} INFO - [2024-10-21T17:04:26.062+0000] {dag.py:4180} INFO - Setting next_dagrun for example_sla_dag to 2024-10-21 17:02:00+00:00, run_after=2024-10-21 17:04:00+00:00
[2024-10-21T17:04:26.079+0000] {processor.py:208} INFO - Processing /home/airflow/.local/lib/python3.12/site-packages/airflow/example_dags/example_sla_dag.py took 0.075 seconds
[2024-10-21T17:04:57.254+0000] {processor.py:186} INFO - Started process (PID=1651) to work on /home/airflow/.local/lib/python3.12/site-packages/airflow/example_dags/example_sla_dag.py
[2024-10-21T17:04:57.255+0000] {processor.py:914} INFO - Processing file /home/airflow/.local/lib/python3.12/site-packages/airflow/example_dags/example_sla_dag.py for tasks to queue
[2024-10-21T17:04:57.257+0000] {logging_mixin.py:190} INFO - [2024-10-21T17:04:57.257+0000] {dagbag.py:588} INFO - Filling up the DagBag from /home/airflow/.local/lib/python3.12/site-packages/airflow/example_dags/example_sla_dag.py
[2024-10-21T17:04:57.267+0000] {processor.py:925} INFO - DAG(s) 'example_sla_dag' retrieved from /home/airflow/.local/lib/python3.12/site-packages/airflow/example_dags/example_sla_dag.py
[2024-10-21T17:04:57.289+0000] {logging_mixin.py:190} INFO - [2024-10-21T17:04:57.289+0000] {dag.py:3239} INFO - Sync 1 DAGs
[2024-10-21T17:04:57.313+0000] {logging_mixin.py:190} INFO - [2024-10-21T17:04:57.313+0000] {dag.py:4180} INFO - Setting next_dagrun for example_sla_dag to 2024-10-21 17:02:00+00:00, run_after=2024-10-21 17:04:00+00:00
[2024-10-21T17:04:57.330+0000] {processor.py:208} INFO - Processing /home/airflow/.local/lib/python3.12/site-packages/airflow/example_dags/example_sla_dag.py took 0.082 seconds
[2024-10-21T17:05:28.257+0000] {processor.py:186} INFO - Started process (PID=1719) to work on /home/airflow/.local/lib/python3.12/site-packages/airflow/example_dags/example_sla_dag.py
[2024-10-21T17:05:28.258+0000] {processor.py:914} INFO - Processing file /home/airflow/.local/lib/python3.12/site-packages/airflow/example_dags/example_sla_dag.py for tasks to queue
[2024-10-21T17:05:28.260+0000] {logging_mixin.py:190} INFO - [2024-10-21T17:05:28.260+0000] {dagbag.py:588} INFO - Filling up the DagBag from /home/airflow/.local/lib/python3.12/site-packages/airflow/example_dags/example_sla_dag.py
[2024-10-21T17:05:28.268+0000] {processor.py:925} INFO - DAG(s) 'example_sla_dag' retrieved from /home/airflow/.local/lib/python3.12/site-packages/airflow/example_dags/example_sla_dag.py
[2024-10-21T17:05:28.284+0000] {logging_mixin.py:190} INFO - [2024-10-21T17:05:28.284+0000] {dag.py:3239} INFO - Sync 1 DAGs
[2024-10-21T17:05:28.306+0000] {logging_mixin.py:190} INFO - [2024-10-21T17:05:28.306+0000] {dag.py:4180} INFO - Setting next_dagrun for example_sla_dag to 2024-10-21 17:02:00+00:00, run_after=2024-10-21 17:04:00+00:00
[2024-10-21T17:05:28.321+0000] {processor.py:208} INFO - Processing /home/airflow/.local/lib/python3.12/site-packages/airflow/example_dags/example_sla_dag.py took 0.070 seconds
[2024-10-21T17:05:59.529+0000] {processor.py:186} INFO - Started process (PID=1787) to work on /home/airflow/.local/lib/python3.12/site-packages/airflow/example_dags/example_sla_dag.py
[2024-10-21T17:05:59.530+0000] {processor.py:914} INFO - Processing file /home/airflow/.local/lib/python3.12/site-packages/airflow/example_dags/example_sla_dag.py for tasks to queue
[2024-10-21T17:05:59.532+0000] {logging_mixin.py:190} INFO - [2024-10-21T17:05:59.532+0000] {dagbag.py:588} INFO - Filling up the DagBag from /home/airflow/.local/lib/python3.12/site-packages/airflow/example_dags/example_sla_dag.py
[2024-10-21T17:05:59.540+0000] {processor.py:925} INFO - DAG(s) 'example_sla_dag' retrieved from /home/airflow/.local/lib/python3.12/site-packages/airflow/example_dags/example_sla_dag.py
[2024-10-21T17:05:59.558+0000] {logging_mixin.py:190} INFO - [2024-10-21T17:05:59.558+0000] {dag.py:3239} INFO - Sync 1 DAGs
[2024-10-21T17:05:59.579+0000] {logging_mixin.py:190} INFO - [2024-10-21T17:05:59.579+0000] {dag.py:4180} INFO - Setting next_dagrun for example_sla_dag to 2024-10-21 17:02:00+00:00, run_after=2024-10-21 17:04:00+00:00
[2024-10-21T17:05:59.599+0000] {processor.py:208} INFO - Processing /home/airflow/.local/lib/python3.12/site-packages/airflow/example_dags/example_sla_dag.py took 0.075 seconds
[2024-10-21T17:06:30.264+0000] {processor.py:186} INFO - Started process (PID=1855) to work on /home/airflow/.local/lib/python3.12/site-packages/airflow/example_dags/example_sla_dag.py
[2024-10-21T17:06:30.265+0000] {processor.py:914} INFO - Processing file /home/airflow/.local/lib/python3.12/site-packages/airflow/example_dags/example_sla_dag.py for tasks to queue
[2024-10-21T17:06:30.267+0000] {logging_mixin.py:190} INFO - [2024-10-21T17:06:30.267+0000] {dagbag.py:588} INFO - Filling up the DagBag from /home/airflow/.local/lib/python3.12/site-packages/airflow/example_dags/example_sla_dag.py
[2024-10-21T17:06:30.276+0000] {processor.py:925} INFO - DAG(s) 'example_sla_dag' retrieved from /home/airflow/.local/lib/python3.12/site-packages/airflow/example_dags/example_sla_dag.py
[2024-10-21T17:06:30.294+0000] {logging_mixin.py:190} INFO - [2024-10-21T17:06:30.293+0000] {dag.py:3239} INFO - Sync 1 DAGs
[2024-10-21T17:06:30.321+0000] {logging_mixin.py:190} INFO - [2024-10-21T17:06:30.321+0000] {dag.py:4180} INFO - Setting next_dagrun for example_sla_dag to 2024-10-21 17:04:00+00:00, run_after=2024-10-21 17:06:00+00:00
[2024-10-21T17:06:30.342+0000] {processor.py:208} INFO - Processing /home/airflow/.local/lib/python3.12/site-packages/airflow/example_dags/example_sla_dag.py took 0.084 seconds
[2024-10-21T17:07:01.230+0000] {processor.py:186} INFO - Started process (PID=1923) to work on /home/airflow/.local/lib/python3.12/site-packages/airflow/example_dags/example_sla_dag.py
[2024-10-21T17:07:01.231+0000] {processor.py:914} INFO - Processing file /home/airflow/.local/lib/python3.12/site-packages/airflow/example_dags/example_sla_dag.py for tasks to queue
[2024-10-21T17:07:01.233+0000] {logging_mixin.py:190} INFO - [2024-10-21T17:07:01.232+0000] {dagbag.py:588} INFO - Filling up the DagBag from /home/airflow/.local/lib/python3.12/site-packages/airflow/example_dags/example_sla_dag.py
[2024-10-21T17:07:01.241+0000] {processor.py:925} INFO - DAG(s) 'example_sla_dag' retrieved from /home/airflow/.local/lib/python3.12/site-packages/airflow/example_dags/example_sla_dag.py
[2024-10-21T17:07:01.259+0000] {logging_mixin.py:190} INFO - [2024-10-21T17:07:01.259+0000] {dag.py:3239} INFO - Sync 1 DAGs
[2024-10-21T17:07:01.283+0000] {logging_mixin.py:190} INFO - [2024-10-21T17:07:01.283+0000] {dag.py:4180} INFO - Setting next_dagrun for example_sla_dag to 2024-10-21 17:04:00+00:00, run_after=2024-10-21 17:06:00+00:00
[2024-10-21T17:07:01.303+0000] {processor.py:208} INFO - Processing /home/airflow/.local/lib/python3.12/site-packages/airflow/example_dags/example_sla_dag.py took 0.078 seconds
[2024-10-21T17:07:32.457+0000] {processor.py:186} INFO - Started process (PID=1992) to work on /home/airflow/.local/lib/python3.12/site-packages/airflow/example_dags/example_sla_dag.py
[2024-10-21T17:07:32.458+0000] {processor.py:914} INFO - Processing file /home/airflow/.local/lib/python3.12/site-packages/airflow/example_dags/example_sla_dag.py for tasks to queue
[2024-10-21T17:07:32.462+0000] {logging_mixin.py:190} INFO - [2024-10-21T17:07:32.462+0000] {dagbag.py:588} INFO - Filling up the DagBag from /home/airflow/.local/lib/python3.12/site-packages/airflow/example_dags/example_sla_dag.py
[2024-10-21T17:07:32.471+0000] {processor.py:925} INFO - DAG(s) 'example_sla_dag' retrieved from /home/airflow/.local/lib/python3.12/site-packages/airflow/example_dags/example_sla_dag.py
[2024-10-21T17:07:32.501+0000] {logging_mixin.py:190} INFO - [2024-10-21T17:07:32.501+0000] {dag.py:3239} INFO - Sync 1 DAGs
[2024-10-21T17:07:32.522+0000] {logging_mixin.py:190} INFO - [2024-10-21T17:07:32.522+0000] {dag.py:4180} INFO - Setting next_dagrun for example_sla_dag to 2024-10-21 17:04:00+00:00, run_after=2024-10-21 17:06:00+00:00
[2024-10-21T17:07:32.538+0000] {processor.py:208} INFO - Processing /home/airflow/.local/lib/python3.12/site-packages/airflow/example_dags/example_sla_dag.py took 0.101 seconds
[2024-10-21T17:08:02.953+0000] {processor.py:186} INFO - Started process (PID=2061) to work on /home/airflow/.local/lib/python3.12/site-packages/airflow/example_dags/example_sla_dag.py
[2024-10-21T17:08:02.954+0000] {processor.py:914} INFO - Processing file /home/airflow/.local/lib/python3.12/site-packages/airflow/example_dags/example_sla_dag.py for tasks to queue
[2024-10-21T17:08:02.956+0000] {logging_mixin.py:190} INFO - [2024-10-21T17:08:02.955+0000] {dagbag.py:588} INFO - Filling up the DagBag from /home/airflow/.local/lib/python3.12/site-packages/airflow/example_dags/example_sla_dag.py
[2024-10-21T17:08:02.968+0000] {processor.py:925} INFO - DAG(s) 'example_sla_dag' retrieved from /home/airflow/.local/lib/python3.12/site-packages/airflow/example_dags/example_sla_dag.py
[2024-10-21T17:08:02.985+0000] {logging_mixin.py:190} INFO - [2024-10-21T17:08:02.985+0000] {dag.py:3239} INFO - Sync 1 DAGs
[2024-10-21T17:08:03.010+0000] {logging_mixin.py:190} INFO - [2024-10-21T17:08:03.010+0000] {dag.py:4180} INFO - Setting next_dagrun for example_sla_dag to 2024-10-21 17:06:00+00:00, run_after=2024-10-21 17:08:00+00:00
[2024-10-21T17:08:03.028+0000] {processor.py:208} INFO - Processing /home/airflow/.local/lib/python3.12/site-packages/airflow/example_dags/example_sla_dag.py took 0.080 seconds
[2024-10-21T17:08:33.211+0000] {processor.py:186} INFO - Started process (PID=2129) to work on /home/airflow/.local/lib/python3.12/site-packages/airflow/example_dags/example_sla_dag.py
[2024-10-21T17:08:33.212+0000] {processor.py:914} INFO - Processing file /home/airflow/.local/lib/python3.12/site-packages/airflow/example_dags/example_sla_dag.py for tasks to queue
[2024-10-21T17:08:33.228+0000] {logging_mixin.py:190} INFO - [2024-10-21T17:08:33.227+0000] {dagbag.py:588} INFO - Filling up the DagBag from /home/airflow/.local/lib/python3.12/site-packages/airflow/example_dags/example_sla_dag.py
[2024-10-21T17:08:33.240+0000] {processor.py:925} INFO - DAG(s) 'example_sla_dag' retrieved from /home/airflow/.local/lib/python3.12/site-packages/airflow/example_dags/example_sla_dag.py
[2024-10-21T17:08:33.258+0000] {logging_mixin.py:190} INFO - [2024-10-21T17:08:33.257+0000] {dag.py:3239} INFO - Sync 1 DAGs
[2024-10-21T17:08:33.279+0000] {logging_mixin.py:190} INFO - [2024-10-21T17:08:33.279+0000] {dag.py:4180} INFO - Setting next_dagrun for example_sla_dag to 2024-10-21 17:06:00+00:00, run_after=2024-10-21 17:08:00+00:00
[2024-10-21T17:08:33.294+0000] {processor.py:208} INFO - Processing /home/airflow/.local/lib/python3.12/site-packages/airflow/example_dags/example_sla_dag.py took 0.088 seconds
[2024-10-21T17:09:03.519+0000] {processor.py:186} INFO - Started process (PID=2199) to work on /home/airflow/.local/lib/python3.12/site-packages/airflow/example_dags/example_sla_dag.py
[2024-10-21T17:09:03.520+0000] {processor.py:914} INFO - Processing file /home/airflow/.local/lib/python3.12/site-packages/airflow/example_dags/example_sla_dag.py for tasks to queue
[2024-10-21T17:09:03.522+0000] {logging_mixin.py:190} INFO - [2024-10-21T17:09:03.522+0000] {dagbag.py:588} INFO - Filling up the DagBag from /home/airflow/.local/lib/python3.12/site-packages/airflow/example_dags/example_sla_dag.py
[2024-10-21T17:09:03.532+0000] {processor.py:925} INFO - DAG(s) 'example_sla_dag' retrieved from /home/airflow/.local/lib/python3.12/site-packages/airflow/example_dags/example_sla_dag.py
[2024-10-21T17:09:03.587+0000] {logging_mixin.py:190} INFO - [2024-10-21T17:09:03.587+0000] {dag.py:3239} INFO - Sync 1 DAGs
[2024-10-21T17:09:03.611+0000] {logging_mixin.py:190} INFO - [2024-10-21T17:09:03.610+0000] {dag.py:4180} INFO - Setting next_dagrun for example_sla_dag to 2024-10-21 17:06:00+00:00, run_after=2024-10-21 17:08:00+00:00
[2024-10-21T17:09:03.625+0000] {processor.py:208} INFO - Processing /home/airflow/.local/lib/python3.12/site-packages/airflow/example_dags/example_sla_dag.py took 0.112 seconds
[2024-10-21T17:09:33.808+0000] {processor.py:186} INFO - Started process (PID=2268) to work on /home/airflow/.local/lib/python3.12/site-packages/airflow/example_dags/example_sla_dag.py
[2024-10-21T17:09:33.809+0000] {processor.py:914} INFO - Processing file /home/airflow/.local/lib/python3.12/site-packages/airflow/example_dags/example_sla_dag.py for tasks to queue
[2024-10-21T17:09:33.811+0000] {logging_mixin.py:190} INFO - [2024-10-21T17:09:33.811+0000] {dagbag.py:588} INFO - Filling up the DagBag from /home/airflow/.local/lib/python3.12/site-packages/airflow/example_dags/example_sla_dag.py
[2024-10-21T17:09:33.820+0000] {processor.py:925} INFO - DAG(s) 'example_sla_dag' retrieved from /home/airflow/.local/lib/python3.12/site-packages/airflow/example_dags/example_sla_dag.py
[2024-10-21T17:09:33.836+0000] {logging_mixin.py:190} INFO - [2024-10-21T17:09:33.836+0000] {dag.py:3239} INFO - Sync 1 DAGs
[2024-10-21T17:09:33.856+0000] {logging_mixin.py:190} INFO - [2024-10-21T17:09:33.856+0000] {dag.py:4180} INFO - Setting next_dagrun for example_sla_dag to 2024-10-21 17:06:00+00:00, run_after=2024-10-21 17:08:00+00:00
[2024-10-21T17:09:33.875+0000] {processor.py:208} INFO - Processing /home/airflow/.local/lib/python3.12/site-packages/airflow/example_dags/example_sla_dag.py took 0.071 seconds
[2024-10-21T17:10:04.944+0000] {processor.py:186} INFO - Started process (PID=2338) to work on /home/airflow/.local/lib/python3.12/site-packages/airflow/example_dags/example_sla_dag.py
[2024-10-21T17:10:04.945+0000] {processor.py:914} INFO - Processing file /home/airflow/.local/lib/python3.12/site-packages/airflow/example_dags/example_sla_dag.py for tasks to queue
[2024-10-21T17:10:04.948+0000] {logging_mixin.py:190} INFO - [2024-10-21T17:10:04.947+0000] {dagbag.py:588} INFO - Filling up the DagBag from /home/airflow/.local/lib/python3.12/site-packages/airflow/example_dags/example_sla_dag.py
[2024-10-21T17:10:04.956+0000] {processor.py:925} INFO - DAG(s) 'example_sla_dag' retrieved from /home/airflow/.local/lib/python3.12/site-packages/airflow/example_dags/example_sla_dag.py
[2024-10-21T17:10:04.974+0000] {logging_mixin.py:190} INFO - [2024-10-21T17:10:04.974+0000] {dag.py:3239} INFO - Sync 1 DAGs
[2024-10-21T17:10:04.997+0000] {logging_mixin.py:190} INFO - [2024-10-21T17:10:04.997+0000] {dag.py:4180} INFO - Setting next_dagrun for example_sla_dag to 2024-10-21 17:08:00+00:00, run_after=2024-10-21 17:10:00+00:00
[2024-10-21T17:10:05.014+0000] {processor.py:208} INFO - Processing /home/airflow/.local/lib/python3.12/site-packages/airflow/example_dags/example_sla_dag.py took 0.074 seconds
[2024-10-21T17:10:35.710+0000] {processor.py:186} INFO - Started process (PID=2407) to work on /home/airflow/.local/lib/python3.12/site-packages/airflow/example_dags/example_sla_dag.py
[2024-10-21T17:10:35.711+0000] {processor.py:914} INFO - Processing file /home/airflow/.local/lib/python3.12/site-packages/airflow/example_dags/example_sla_dag.py for tasks to queue
[2024-10-21T17:10:35.713+0000] {logging_mixin.py:190} INFO - [2024-10-21T17:10:35.713+0000] {dagbag.py:588} INFO - Filling up the DagBag from /home/airflow/.local/lib/python3.12/site-packages/airflow/example_dags/example_sla_dag.py
[2024-10-21T17:10:35.721+0000] {processor.py:925} INFO - DAG(s) 'example_sla_dag' retrieved from /home/airflow/.local/lib/python3.12/site-packages/airflow/example_dags/example_sla_dag.py
[2024-10-21T17:10:35.739+0000] {logging_mixin.py:190} INFO - [2024-10-21T17:10:35.738+0000] {dag.py:3239} INFO - Sync 1 DAGs
[2024-10-21T17:10:35.757+0000] {logging_mixin.py:190} INFO - [2024-10-21T17:10:35.757+0000] {dag.py:4180} INFO - Setting next_dagrun for example_sla_dag to 2024-10-21 17:08:00+00:00, run_after=2024-10-21 17:10:00+00:00
[2024-10-21T17:10:35.773+0000] {processor.py:208} INFO - Processing /home/airflow/.local/lib/python3.12/site-packages/airflow/example_dags/example_sla_dag.py took 0.067 seconds
[2024-10-21T17:11:05.803+0000] {processor.py:186} INFO - Started process (PID=2475) to work on /home/airflow/.local/lib/python3.12/site-packages/airflow/example_dags/example_sla_dag.py
[2024-10-21T17:11:05.804+0000] {processor.py:914} INFO - Processing file /home/airflow/.local/lib/python3.12/site-packages/airflow/example_dags/example_sla_dag.py for tasks to queue
[2024-10-21T17:11:05.806+0000] {logging_mixin.py:190} INFO - [2024-10-21T17:11:05.806+0000] {dagbag.py:588} INFO - Filling up the DagBag from /home/airflow/.local/lib/python3.12/site-packages/airflow/example_dags/example_sla_dag.py
[2024-10-21T17:11:05.815+0000] {processor.py:925} INFO - DAG(s) 'example_sla_dag' retrieved from /home/airflow/.local/lib/python3.12/site-packages/airflow/example_dags/example_sla_dag.py
[2024-10-21T17:11:05.833+0000] {logging_mixin.py:190} INFO - [2024-10-21T17:11:05.833+0000] {dag.py:3239} INFO - Sync 1 DAGs
[2024-10-21T17:11:05.854+0000] {logging_mixin.py:190} INFO - [2024-10-21T17:11:05.854+0000] {dag.py:4180} INFO - Setting next_dagrun for example_sla_dag to 2024-10-21 17:08:00+00:00, run_after=2024-10-21 17:10:00+00:00
[2024-10-21T17:11:05.872+0000] {processor.py:208} INFO - Processing /home/airflow/.local/lib/python3.12/site-packages/airflow/example_dags/example_sla_dag.py took 0.073 seconds
[2024-10-21T17:11:36.331+0000] {processor.py:186} INFO - Started process (PID=2545) to work on /home/airflow/.local/lib/python3.12/site-packages/airflow/example_dags/example_sla_dag.py
[2024-10-21T17:11:36.332+0000] {processor.py:914} INFO - Processing file /home/airflow/.local/lib/python3.12/site-packages/airflow/example_dags/example_sla_dag.py for tasks to queue
[2024-10-21T17:11:36.334+0000] {logging_mixin.py:190} INFO - [2024-10-21T17:11:36.334+0000] {dagbag.py:588} INFO - Filling up the DagBag from /home/airflow/.local/lib/python3.12/site-packages/airflow/example_dags/example_sla_dag.py
[2024-10-21T17:11:36.342+0000] {processor.py:925} INFO - DAG(s) 'example_sla_dag' retrieved from /home/airflow/.local/lib/python3.12/site-packages/airflow/example_dags/example_sla_dag.py
[2024-10-21T17:11:36.358+0000] {logging_mixin.py:190} INFO - [2024-10-21T17:11:36.358+0000] {dag.py:3239} INFO - Sync 1 DAGs
[2024-10-21T17:11:36.378+0000] {logging_mixin.py:190} INFO - [2024-10-21T17:11:36.378+0000] {dag.py:4180} INFO - Setting next_dagrun for example_sla_dag to 2024-10-21 17:08:00+00:00, run_after=2024-10-21 17:10:00+00:00
[2024-10-21T17:11:36.394+0000] {processor.py:208} INFO - Processing /home/airflow/.local/lib/python3.12/site-packages/airflow/example_dags/example_sla_dag.py took 0.068 seconds
[2024-10-21T17:12:07.399+0000] {processor.py:186} INFO - Started process (PID=2614) to work on /home/airflow/.local/lib/python3.12/site-packages/airflow/example_dags/example_sla_dag.py
[2024-10-21T17:12:07.400+0000] {processor.py:914} INFO - Processing file /home/airflow/.local/lib/python3.12/site-packages/airflow/example_dags/example_sla_dag.py for tasks to queue
[2024-10-21T17:12:07.402+0000] {logging_mixin.py:190} INFO - [2024-10-21T17:12:07.402+0000] {dagbag.py:588} INFO - Filling up the DagBag from /home/airflow/.local/lib/python3.12/site-packages/airflow/example_dags/example_sla_dag.py
[2024-10-21T17:12:07.411+0000] {processor.py:925} INFO - DAG(s) 'example_sla_dag' retrieved from /home/airflow/.local/lib/python3.12/site-packages/airflow/example_dags/example_sla_dag.py
[2024-10-21T17:12:07.427+0000] {logging_mixin.py:190} INFO - [2024-10-21T17:12:07.427+0000] {dag.py:3239} INFO - Sync 1 DAGs
[2024-10-21T17:12:07.446+0000] {logging_mixin.py:190} INFO - [2024-10-21T17:12:07.446+0000] {dag.py:4180} INFO - Setting next_dagrun for example_sla_dag to 2024-10-21 17:10:00+00:00, run_after=2024-10-21 17:12:00+00:00
[2024-10-21T17:12:07.463+0000] {processor.py:208} INFO - Processing /home/airflow/.local/lib/python3.12/site-packages/airflow/example_dags/example_sla_dag.py took 0.068 seconds
[2024-10-21T17:12:38.734+0000] {processor.py:186} INFO - Started process (PID=2689) to work on /home/airflow/.local/lib/python3.12/site-packages/airflow/example_dags/example_sla_dag.py
[2024-10-21T17:12:38.735+0000] {processor.py:914} INFO - Processing file /home/airflow/.local/lib/python3.12/site-packages/airflow/example_dags/example_sla_dag.py for tasks to queue
[2024-10-21T17:12:38.737+0000] {logging_mixin.py:190} INFO - [2024-10-21T17:12:38.737+0000] {dagbag.py:588} INFO - Filling up the DagBag from /home/airflow/.local/lib/python3.12/site-packages/airflow/example_dags/example_sla_dag.py
[2024-10-21T17:12:38.746+0000] {processor.py:925} INFO - DAG(s) 'example_sla_dag' retrieved from /home/airflow/.local/lib/python3.12/site-packages/airflow/example_dags/example_sla_dag.py
[2024-10-21T17:12:38.764+0000] {logging_mixin.py:190} INFO - [2024-10-21T17:12:38.763+0000] {dag.py:3239} INFO - Sync 1 DAGs
[2024-10-21T17:12:38.784+0000] {logging_mixin.py:190} INFO - [2024-10-21T17:12:38.784+0000] {dag.py:4180} INFO - Setting next_dagrun for example_sla_dag to 2024-10-21 17:10:00+00:00, run_after=2024-10-21 17:12:00+00:00
[2024-10-21T17:12:38.799+0000] {processor.py:208} INFO - Processing /home/airflow/.local/lib/python3.12/site-packages/airflow/example_dags/example_sla_dag.py took 0.070 seconds
[2024-10-21T17:13:09.290+0000] {processor.py:186} INFO - Started process (PID=2759) to work on /home/airflow/.local/lib/python3.12/site-packages/airflow/example_dags/example_sla_dag.py
[2024-10-21T17:13:09.291+0000] {processor.py:914} INFO - Processing file /home/airflow/.local/lib/python3.12/site-packages/airflow/example_dags/example_sla_dag.py for tasks to queue
[2024-10-21T17:13:09.293+0000] {logging_mixin.py:190} INFO - [2024-10-21T17:13:09.293+0000] {dagbag.py:588} INFO - Filling up the DagBag from /home/airflow/.local/lib/python3.12/site-packages/airflow/example_dags/example_sla_dag.py
[2024-10-21T17:13:09.303+0000] {processor.py:925} INFO - DAG(s) 'example_sla_dag' retrieved from /home/airflow/.local/lib/python3.12/site-packages/airflow/example_dags/example_sla_dag.py
[2024-10-21T17:13:09.321+0000] {logging_mixin.py:190} INFO - [2024-10-21T17:13:09.321+0000] {dag.py:3239} INFO - Sync 1 DAGs
[2024-10-21T17:13:09.361+0000] {logging_mixin.py:190} INFO - [2024-10-21T17:13:09.360+0000] {dag.py:4180} INFO - Setting next_dagrun for example_sla_dag to 2024-10-21 17:10:00+00:00, run_after=2024-10-21 17:12:00+00:00
[2024-10-21T17:13:09.377+0000] {processor.py:208} INFO - Processing /home/airflow/.local/lib/python3.12/site-packages/airflow/example_dags/example_sla_dag.py took 0.092 seconds
[2024-10-21T17:13:39.457+0000] {processor.py:186} INFO - Started process (PID=2828) to work on /home/airflow/.local/lib/python3.12/site-packages/airflow/example_dags/example_sla_dag.py
[2024-10-21T17:13:39.458+0000] {processor.py:914} INFO - Processing file /home/airflow/.local/lib/python3.12/site-packages/airflow/example_dags/example_sla_dag.py for tasks to queue
[2024-10-21T17:13:39.460+0000] {logging_mixin.py:190} INFO - [2024-10-21T17:13:39.460+0000] {dagbag.py:588} INFO - Filling up the DagBag from /home/airflow/.local/lib/python3.12/site-packages/airflow/example_dags/example_sla_dag.py
[2024-10-21T17:13:39.468+0000] {processor.py:925} INFO - DAG(s) 'example_sla_dag' retrieved from /home/airflow/.local/lib/python3.12/site-packages/airflow/example_dags/example_sla_dag.py
[2024-10-21T17:13:39.485+0000] {logging_mixin.py:190} INFO - [2024-10-21T17:13:39.485+0000] {dag.py:3239} INFO - Sync 1 DAGs
[2024-10-21T17:13:39.505+0000] {logging_mixin.py:190} INFO - [2024-10-21T17:13:39.505+0000] {dag.py:4180} INFO - Setting next_dagrun for example_sla_dag to 2024-10-21 17:10:00+00:00, run_after=2024-10-21 17:12:00+00:00
[2024-10-21T17:13:39.522+0000] {processor.py:208} INFO - Processing /home/airflow/.local/lib/python3.12/site-packages/airflow/example_dags/example_sla_dag.py took 0.070 seconds
[2024-10-21T17:14:10.771+0000] {processor.py:186} INFO - Started process (PID=2897) to work on /home/airflow/.local/lib/python3.12/site-packages/airflow/example_dags/example_sla_dag.py
[2024-10-21T17:14:10.772+0000] {processor.py:914} INFO - Processing file /home/airflow/.local/lib/python3.12/site-packages/airflow/example_dags/example_sla_dag.py for tasks to queue
[2024-10-21T17:14:10.773+0000] {logging_mixin.py:190} INFO - [2024-10-21T17:14:10.773+0000] {dagbag.py:588} INFO - Filling up the DagBag from /home/airflow/.local/lib/python3.12/site-packages/airflow/example_dags/example_sla_dag.py
[2024-10-21T17:14:10.782+0000] {processor.py:925} INFO - DAG(s) 'example_sla_dag' retrieved from /home/airflow/.local/lib/python3.12/site-packages/airflow/example_dags/example_sla_dag.py
[2024-10-21T17:14:10.797+0000] {logging_mixin.py:190} INFO - [2024-10-21T17:14:10.796+0000] {dag.py:3239} INFO - Sync 1 DAGs
[2024-10-21T17:14:10.817+0000] {logging_mixin.py:190} INFO - [2024-10-21T17:14:10.817+0000] {dag.py:4180} INFO - Setting next_dagrun for example_sla_dag to 2024-10-21 17:12:00+00:00, run_after=2024-10-21 17:14:00+00:00
[2024-10-21T17:14:10.833+0000] {processor.py:208} INFO - Processing /home/airflow/.local/lib/python3.12/site-packages/airflow/example_dags/example_sla_dag.py took 0.068 seconds
[2024-10-21T17:14:41.283+0000] {processor.py:186} INFO - Started process (PID=2966) to work on /home/airflow/.local/lib/python3.12/site-packages/airflow/example_dags/example_sla_dag.py
[2024-10-21T17:14:41.284+0000] {processor.py:914} INFO - Processing file /home/airflow/.local/lib/python3.12/site-packages/airflow/example_dags/example_sla_dag.py for tasks to queue
[2024-10-21T17:14:41.286+0000] {logging_mixin.py:190} INFO - [2024-10-21T17:14:41.285+0000] {dagbag.py:588} INFO - Filling up the DagBag from /home/airflow/.local/lib/python3.12/site-packages/airflow/example_dags/example_sla_dag.py
[2024-10-21T17:14:41.293+0000] {processor.py:925} INFO - DAG(s) 'example_sla_dag' retrieved from /home/airflow/.local/lib/python3.12/site-packages/airflow/example_dags/example_sla_dag.py
[2024-10-21T17:14:41.312+0000] {logging_mixin.py:190} INFO - [2024-10-21T17:14:41.312+0000] {dag.py:3239} INFO - Sync 1 DAGs
[2024-10-21T17:14:41.333+0000] {logging_mixin.py:190} INFO - [2024-10-21T17:14:41.333+0000] {dag.py:4180} INFO - Setting next_dagrun for example_sla_dag to 2024-10-21 17:12:00+00:00, run_after=2024-10-21 17:14:00+00:00
[2024-10-21T17:14:41.353+0000] {processor.py:208} INFO - Processing /home/airflow/.local/lib/python3.12/site-packages/airflow/example_dags/example_sla_dag.py took 0.076 seconds
[2024-10-21T17:15:11.793+0000] {processor.py:186} INFO - Started process (PID=3035) to work on /home/airflow/.local/lib/python3.12/site-packages/airflow/example_dags/example_sla_dag.py
[2024-10-21T17:15:11.794+0000] {processor.py:914} INFO - Processing file /home/airflow/.local/lib/python3.12/site-packages/airflow/example_dags/example_sla_dag.py for tasks to queue
[2024-10-21T17:15:11.796+0000] {logging_mixin.py:190} INFO - [2024-10-21T17:15:11.796+0000] {dagbag.py:588} INFO - Filling up the DagBag from /home/airflow/.local/lib/python3.12/site-packages/airflow/example_dags/example_sla_dag.py
[2024-10-21T17:15:11.806+0000] {processor.py:925} INFO - DAG(s) 'example_sla_dag' retrieved from /home/airflow/.local/lib/python3.12/site-packages/airflow/example_dags/example_sla_dag.py
[2024-10-21T17:15:11.822+0000] {logging_mixin.py:190} INFO - [2024-10-21T17:15:11.822+0000] {dag.py:3239} INFO - Sync 1 DAGs
[2024-10-21T17:15:11.841+0000] {logging_mixin.py:190} INFO - [2024-10-21T17:15:11.841+0000] {dag.py:4180} INFO - Setting next_dagrun for example_sla_dag to 2024-10-21 17:12:00+00:00, run_after=2024-10-21 17:14:00+00:00
[2024-10-21T17:15:11.858+0000] {processor.py:208} INFO - Processing /home/airflow/.local/lib/python3.12/site-packages/airflow/example_dags/example_sla_dag.py took 0.070 seconds
[2024-10-21T17:16:06.576+0000] {processor.py:186} INFO - Started process (PID=3084) to work on /home/airflow/.local/lib/python3.12/site-packages/airflow/example_dags/example_sla_dag.py
[2024-10-21T17:16:06.577+0000] {processor.py:914} INFO - Processing file /home/airflow/.local/lib/python3.12/site-packages/airflow/example_dags/example_sla_dag.py for tasks to queue
[2024-10-21T17:16:06.578+0000] {logging_mixin.py:190} INFO - [2024-10-21T17:16:06.578+0000] {dagbag.py:588} INFO - Filling up the DagBag from /home/airflow/.local/lib/python3.12/site-packages/airflow/example_dags/example_sla_dag.py
[2024-10-21T17:16:06.586+0000] {processor.py:925} INFO - DAG(s) 'example_sla_dag' retrieved from /home/airflow/.local/lib/python3.12/site-packages/airflow/example_dags/example_sla_dag.py
[2024-10-21T17:16:06.604+0000] {logging_mixin.py:190} INFO - [2024-10-21T17:16:06.604+0000] {dag.py:3239} INFO - Sync 1 DAGs
[2024-10-21T17:16:06.628+0000] {logging_mixin.py:190} INFO - [2024-10-21T17:16:06.627+0000] {dag.py:4180} INFO - Setting next_dagrun for example_sla_dag to 2024-10-21 17:14:00+00:00, run_after=2024-10-21 17:16:00+00:00
[2024-10-21T17:16:06.646+0000] {processor.py:208} INFO - Processing /home/airflow/.local/lib/python3.12/site-packages/airflow/example_dags/example_sla_dag.py took 0.075 seconds
[2024-10-21T17:16:37.253+0000] {processor.py:186} INFO - Started process (PID=3153) to work on /home/airflow/.local/lib/python3.12/site-packages/airflow/example_dags/example_sla_dag.py
[2024-10-21T17:16:37.255+0000] {processor.py:914} INFO - Processing file /home/airflow/.local/lib/python3.12/site-packages/airflow/example_dags/example_sla_dag.py for tasks to queue
[2024-10-21T17:16:37.256+0000] {logging_mixin.py:190} INFO - [2024-10-21T17:16:37.256+0000] {dagbag.py:588} INFO - Filling up the DagBag from /home/airflow/.local/lib/python3.12/site-packages/airflow/example_dags/example_sla_dag.py
[2024-10-21T17:16:37.264+0000] {processor.py:925} INFO - DAG(s) 'example_sla_dag' retrieved from /home/airflow/.local/lib/python3.12/site-packages/airflow/example_dags/example_sla_dag.py
[2024-10-21T17:16:37.281+0000] {logging_mixin.py:190} INFO - [2024-10-21T17:16:37.281+0000] {dag.py:3239} INFO - Sync 1 DAGs
[2024-10-21T17:16:37.304+0000] {logging_mixin.py:190} INFO - [2024-10-21T17:16:37.303+0000] {dag.py:4180} INFO - Setting next_dagrun for example_sla_dag to 2024-10-21 17:14:00+00:00, run_after=2024-10-21 17:16:00+00:00
[2024-10-21T17:16:37.320+0000] {processor.py:208} INFO - Processing /home/airflow/.local/lib/python3.12/site-packages/airflow/example_dags/example_sla_dag.py took 0.071 seconds
[2024-10-21T17:17:07.565+0000] {processor.py:186} INFO - Started process (PID=3222) to work on /home/airflow/.local/lib/python3.12/site-packages/airflow/example_dags/example_sla_dag.py
[2024-10-21T17:17:07.566+0000] {processor.py:914} INFO - Processing file /home/airflow/.local/lib/python3.12/site-packages/airflow/example_dags/example_sla_dag.py for tasks to queue
[2024-10-21T17:17:07.567+0000] {logging_mixin.py:190} INFO - [2024-10-21T17:17:07.567+0000] {dagbag.py:588} INFO - Filling up the DagBag from /home/airflow/.local/lib/python3.12/site-packages/airflow/example_dags/example_sla_dag.py
[2024-10-21T17:17:07.576+0000] {processor.py:925} INFO - DAG(s) 'example_sla_dag' retrieved from /home/airflow/.local/lib/python3.12/site-packages/airflow/example_dags/example_sla_dag.py
[2024-10-21T17:17:07.594+0000] {logging_mixin.py:190} INFO - [2024-10-21T17:17:07.593+0000] {dag.py:3239} INFO - Sync 1 DAGs
[2024-10-21T17:17:07.617+0000] {logging_mixin.py:190} INFO - [2024-10-21T17:17:07.617+0000] {dag.py:4180} INFO - Setting next_dagrun for example_sla_dag to 2024-10-21 17:14:00+00:00, run_after=2024-10-21 17:16:00+00:00
[2024-10-21T17:17:07.634+0000] {processor.py:208} INFO - Processing /home/airflow/.local/lib/python3.12/site-packages/airflow/example_dags/example_sla_dag.py took 0.074 seconds
[2024-10-21T17:17:38.642+0000] {processor.py:186} INFO - Started process (PID=3291) to work on /home/airflow/.local/lib/python3.12/site-packages/airflow/example_dags/example_sla_dag.py
[2024-10-21T17:17:38.643+0000] {processor.py:914} INFO - Processing file /home/airflow/.local/lib/python3.12/site-packages/airflow/example_dags/example_sla_dag.py for tasks to queue
[2024-10-21T17:17:38.644+0000] {logging_mixin.py:190} INFO - [2024-10-21T17:17:38.644+0000] {dagbag.py:588} INFO - Filling up the DagBag from /home/airflow/.local/lib/python3.12/site-packages/airflow/example_dags/example_sla_dag.py
[2024-10-21T17:17:38.653+0000] {processor.py:925} INFO - DAG(s) 'example_sla_dag' retrieved from /home/airflow/.local/lib/python3.12/site-packages/airflow/example_dags/example_sla_dag.py
[2024-10-21T17:17:38.671+0000] {logging_mixin.py:190} INFO - [2024-10-21T17:17:38.671+0000] {dag.py:3239} INFO - Sync 1 DAGs
[2024-10-21T17:17:38.694+0000] {logging_mixin.py:190} INFO - [2024-10-21T17:17:38.693+0000] {dag.py:4180} INFO - Setting next_dagrun for example_sla_dag to 2024-10-21 17:14:00+00:00, run_after=2024-10-21 17:16:00+00:00
[2024-10-21T17:17:38.712+0000] {processor.py:208} INFO - Processing /home/airflow/.local/lib/python3.12/site-packages/airflow/example_dags/example_sla_dag.py took 0.074 seconds
[2024-10-21T17:18:09.005+0000] {processor.py:186} INFO - Started process (PID=3360) to work on /home/airflow/.local/lib/python3.12/site-packages/airflow/example_dags/example_sla_dag.py
[2024-10-21T17:18:09.006+0000] {processor.py:914} INFO - Processing file /home/airflow/.local/lib/python3.12/site-packages/airflow/example_dags/example_sla_dag.py for tasks to queue
[2024-10-21T17:18:09.007+0000] {logging_mixin.py:190} INFO - [2024-10-21T17:18:09.007+0000] {dagbag.py:588} INFO - Filling up the DagBag from /home/airflow/.local/lib/python3.12/site-packages/airflow/example_dags/example_sla_dag.py
[2024-10-21T17:18:09.016+0000] {processor.py:925} INFO - DAG(s) 'example_sla_dag' retrieved from /home/airflow/.local/lib/python3.12/site-packages/airflow/example_dags/example_sla_dag.py
[2024-10-21T17:18:09.033+0000] {logging_mixin.py:190} INFO - [2024-10-21T17:18:09.032+0000] {dag.py:3239} INFO - Sync 1 DAGs
[2024-10-21T17:18:09.053+0000] {logging_mixin.py:190} INFO - [2024-10-21T17:18:09.053+0000] {dag.py:4180} INFO - Setting next_dagrun for example_sla_dag to 2024-10-21 17:16:00+00:00, run_after=2024-10-21 17:18:00+00:00
[2024-10-21T17:18:09.069+0000] {processor.py:208} INFO - Processing /home/airflow/.local/lib/python3.12/site-packages/airflow/example_dags/example_sla_dag.py took 0.069 seconds
[2024-10-21T17:18:39.618+0000] {processor.py:186} INFO - Started process (PID=3429) to work on /home/airflow/.local/lib/python3.12/site-packages/airflow/example_dags/example_sla_dag.py
[2024-10-21T17:18:39.619+0000] {processor.py:914} INFO - Processing file /home/airflow/.local/lib/python3.12/site-packages/airflow/example_dags/example_sla_dag.py for tasks to queue
[2024-10-21T17:18:39.621+0000] {logging_mixin.py:190} INFO - [2024-10-21T17:18:39.620+0000] {dagbag.py:588} INFO - Filling up the DagBag from /home/airflow/.local/lib/python3.12/site-packages/airflow/example_dags/example_sla_dag.py
[2024-10-21T17:18:39.632+0000] {processor.py:925} INFO - DAG(s) 'example_sla_dag' retrieved from /home/airflow/.local/lib/python3.12/site-packages/airflow/example_dags/example_sla_dag.py
[2024-10-21T17:18:39.651+0000] {logging_mixin.py:190} INFO - [2024-10-21T17:18:39.651+0000] {dag.py:3239} INFO - Sync 1 DAGs
[2024-10-21T17:18:39.677+0000] {logging_mixin.py:190} INFO - [2024-10-21T17:18:39.677+0000] {dag.py:4180} INFO - Setting next_dagrun for example_sla_dag to 2024-10-21 17:16:00+00:00, run_after=2024-10-21 17:18:00+00:00
[2024-10-21T17:18:39.703+0000] {processor.py:208} INFO - Processing /home/airflow/.local/lib/python3.12/site-packages/airflow/example_dags/example_sla_dag.py took 0.091 seconds
[2024-10-21T17:19:11.272+0000] {processor.py:186} INFO - Started process (PID=3498) to work on /home/airflow/.local/lib/python3.12/site-packages/airflow/example_dags/example_sla_dag.py
[2024-10-21T17:19:11.273+0000] {processor.py:914} INFO - Processing file /home/airflow/.local/lib/python3.12/site-packages/airflow/example_dags/example_sla_dag.py for tasks to queue
[2024-10-21T17:19:11.274+0000] {logging_mixin.py:190} INFO - [2024-10-21T17:19:11.274+0000] {dagbag.py:588} INFO - Filling up the DagBag from /home/airflow/.local/lib/python3.12/site-packages/airflow/example_dags/example_sla_dag.py
[2024-10-21T17:19:11.283+0000] {processor.py:925} INFO - DAG(s) 'example_sla_dag' retrieved from /home/airflow/.local/lib/python3.12/site-packages/airflow/example_dags/example_sla_dag.py
[2024-10-21T17:19:11.299+0000] {logging_mixin.py:190} INFO - [2024-10-21T17:19:11.299+0000] {dag.py:3239} INFO - Sync 1 DAGs
[2024-10-21T17:19:11.320+0000] {logging_mixin.py:190} INFO - [2024-10-21T17:19:11.319+0000] {dag.py:4180} INFO - Setting next_dagrun for example_sla_dag to 2024-10-21 17:16:00+00:00, run_after=2024-10-21 17:18:00+00:00
[2024-10-21T17:19:11.336+0000] {processor.py:208} INFO - Processing /home/airflow/.local/lib/python3.12/site-packages/airflow/example_dags/example_sla_dag.py took 0.069 seconds
[2024-10-21T17:19:43.824+0000] {processor.py:186} INFO - Started process (PID=3607) to work on /home/airflow/.local/lib/python3.12/site-packages/airflow/example_dags/example_sla_dag.py
[2024-10-21T17:19:43.825+0000] {processor.py:914} INFO - Processing file /home/airflow/.local/lib/python3.12/site-packages/airflow/example_dags/example_sla_dag.py for tasks to queue
[2024-10-21T17:19:43.826+0000] {logging_mixin.py:190} INFO - [2024-10-21T17:19:43.826+0000] {dagbag.py:588} INFO - Filling up the DagBag from /home/airflow/.local/lib/python3.12/site-packages/airflow/example_dags/example_sla_dag.py
[2024-10-21T17:19:43.835+0000] {processor.py:925} INFO - DAG(s) 'example_sla_dag' retrieved from /home/airflow/.local/lib/python3.12/site-packages/airflow/example_dags/example_sla_dag.py
[2024-10-21T17:19:43.852+0000] {logging_mixin.py:190} INFO - [2024-10-21T17:19:43.852+0000] {dag.py:3239} INFO - Sync 1 DAGs
[2024-10-21T17:19:43.873+0000] {logging_mixin.py:190} INFO - [2024-10-21T17:19:43.873+0000] {dag.py:4180} INFO - Setting next_dagrun for example_sla_dag to 2024-10-21 17:16:00+00:00, run_after=2024-10-21 17:18:00+00:00
[2024-10-21T17:19:43.890+0000] {processor.py:208} INFO - Processing /home/airflow/.local/lib/python3.12/site-packages/airflow/example_dags/example_sla_dag.py took 0.071 seconds
[2024-10-21T17:20:14.326+0000] {processor.py:186} INFO - Started process (PID=3706) to work on /home/airflow/.local/lib/python3.12/site-packages/airflow/example_dags/example_sla_dag.py
[2024-10-21T17:20:14.328+0000] {processor.py:914} INFO - Processing file /home/airflow/.local/lib/python3.12/site-packages/airflow/example_dags/example_sla_dag.py for tasks to queue
[2024-10-21T17:20:14.330+0000] {logging_mixin.py:190} INFO - [2024-10-21T17:20:14.329+0000] {dagbag.py:588} INFO - Filling up the DagBag from /home/airflow/.local/lib/python3.12/site-packages/airflow/example_dags/example_sla_dag.py
[2024-10-21T17:20:14.349+0000] {processor.py:925} INFO - DAG(s) 'example_sla_dag' retrieved from /home/airflow/.local/lib/python3.12/site-packages/airflow/example_dags/example_sla_dag.py
[2024-10-21T17:20:14.370+0000] {logging_mixin.py:190} INFO - [2024-10-21T17:20:14.370+0000] {dag.py:3239} INFO - Sync 1 DAGs
[2024-10-21T17:20:14.424+0000] {logging_mixin.py:190} INFO - [2024-10-21T17:20:14.424+0000] {dag.py:4180} INFO - Setting next_dagrun for example_sla_dag to 2024-10-21 17:18:00+00:00, run_after=2024-10-21 17:20:00+00:00
[2024-10-21T17:20:14.445+0000] {processor.py:208} INFO - Processing /home/airflow/.local/lib/python3.12/site-packages/airflow/example_dags/example_sla_dag.py took 0.126 seconds
[2024-10-21T17:20:44.827+0000] {processor.py:186} INFO - Started process (PID=3798) to work on /home/airflow/.local/lib/python3.12/site-packages/airflow/example_dags/example_sla_dag.py
[2024-10-21T17:20:44.831+0000] {processor.py:914} INFO - Processing file /home/airflow/.local/lib/python3.12/site-packages/airflow/example_dags/example_sla_dag.py for tasks to queue
[2024-10-21T17:20:44.835+0000] {logging_mixin.py:190} INFO - [2024-10-21T17:20:44.834+0000] {dagbag.py:588} INFO - Filling up the DagBag from /home/airflow/.local/lib/python3.12/site-packages/airflow/example_dags/example_sla_dag.py
[2024-10-21T17:20:44.855+0000] {processor.py:925} INFO - DAG(s) 'example_sla_dag' retrieved from /home/airflow/.local/lib/python3.12/site-packages/airflow/example_dags/example_sla_dag.py
[2024-10-21T17:20:44.890+0000] {logging_mixin.py:190} INFO - [2024-10-21T17:20:44.888+0000] {dag.py:3239} INFO - Sync 1 DAGs
[2024-10-21T17:20:44.939+0000] {logging_mixin.py:190} INFO - [2024-10-21T17:20:44.938+0000] {dag.py:4180} INFO - Setting next_dagrun for example_sla_dag to 2024-10-21 17:18:00+00:00, run_after=2024-10-21 17:20:00+00:00
[2024-10-21T17:20:44.977+0000] {processor.py:208} INFO - Processing /home/airflow/.local/lib/python3.12/site-packages/airflow/example_dags/example_sla_dag.py took 0.173 seconds
[2024-10-21T17:21:15.688+0000] {processor.py:186} INFO - Started process (PID=3867) to work on /home/airflow/.local/lib/python3.12/site-packages/airflow/example_dags/example_sla_dag.py
[2024-10-21T17:21:15.688+0000] {processor.py:914} INFO - Processing file /home/airflow/.local/lib/python3.12/site-packages/airflow/example_dags/example_sla_dag.py for tasks to queue
[2024-10-21T17:21:15.690+0000] {logging_mixin.py:190} INFO - [2024-10-21T17:21:15.689+0000] {dagbag.py:588} INFO - Filling up the DagBag from /home/airflow/.local/lib/python3.12/site-packages/airflow/example_dags/example_sla_dag.py
[2024-10-21T17:21:15.698+0000] {processor.py:925} INFO - DAG(s) 'example_sla_dag' retrieved from /home/airflow/.local/lib/python3.12/site-packages/airflow/example_dags/example_sla_dag.py
[2024-10-21T17:21:15.713+0000] {logging_mixin.py:190} INFO - [2024-10-21T17:21:15.713+0000] {dag.py:3239} INFO - Sync 1 DAGs
[2024-10-21T17:21:15.736+0000] {logging_mixin.py:190} INFO - [2024-10-21T17:21:15.736+0000] {dag.py:4180} INFO - Setting next_dagrun for example_sla_dag to 2024-10-21 17:18:00+00:00, run_after=2024-10-21 17:20:00+00:00
[2024-10-21T17:21:15.754+0000] {processor.py:208} INFO - Processing /home/airflow/.local/lib/python3.12/site-packages/airflow/example_dags/example_sla_dag.py took 0.071 seconds
[2024-10-21T17:21:45.861+0000] {processor.py:186} INFO - Started process (PID=3936) to work on /home/airflow/.local/lib/python3.12/site-packages/airflow/example_dags/example_sla_dag.py
[2024-10-21T17:21:45.862+0000] {processor.py:914} INFO - Processing file /home/airflow/.local/lib/python3.12/site-packages/airflow/example_dags/example_sla_dag.py for tasks to queue
[2024-10-21T17:21:45.863+0000] {logging_mixin.py:190} INFO - [2024-10-21T17:21:45.863+0000] {dagbag.py:588} INFO - Filling up the DagBag from /home/airflow/.local/lib/python3.12/site-packages/airflow/example_dags/example_sla_dag.py
[2024-10-21T17:21:45.872+0000] {processor.py:925} INFO - DAG(s) 'example_sla_dag' retrieved from /home/airflow/.local/lib/python3.12/site-packages/airflow/example_dags/example_sla_dag.py
[2024-10-21T17:21:45.888+0000] {logging_mixin.py:190} INFO - [2024-10-21T17:21:45.888+0000] {dag.py:3239} INFO - Sync 1 DAGs
[2024-10-21T17:21:45.913+0000] {logging_mixin.py:190} INFO - [2024-10-21T17:21:45.913+0000] {dag.py:4180} INFO - Setting next_dagrun for example_sla_dag to 2024-10-21 17:18:00+00:00, run_after=2024-10-21 17:20:00+00:00
[2024-10-21T17:21:45.930+0000] {processor.py:208} INFO - Processing /home/airflow/.local/lib/python3.12/site-packages/airflow/example_dags/example_sla_dag.py took 0.074 seconds
[2024-10-21T17:22:16.349+0000] {processor.py:186} INFO - Started process (PID=4005) to work on /home/airflow/.local/lib/python3.12/site-packages/airflow/example_dags/example_sla_dag.py
[2024-10-21T17:22:16.350+0000] {processor.py:914} INFO - Processing file /home/airflow/.local/lib/python3.12/site-packages/airflow/example_dags/example_sla_dag.py for tasks to queue
[2024-10-21T17:22:16.351+0000] {logging_mixin.py:190} INFO - [2024-10-21T17:22:16.351+0000] {dagbag.py:588} INFO - Filling up the DagBag from /home/airflow/.local/lib/python3.12/site-packages/airflow/example_dags/example_sla_dag.py
[2024-10-21T17:22:16.360+0000] {processor.py:925} INFO - DAG(s) 'example_sla_dag' retrieved from /home/airflow/.local/lib/python3.12/site-packages/airflow/example_dags/example_sla_dag.py
[2024-10-21T17:22:16.379+0000] {logging_mixin.py:190} INFO - [2024-10-21T17:22:16.379+0000] {dag.py:3239} INFO - Sync 1 DAGs
[2024-10-21T17:22:16.402+0000] {logging_mixin.py:190} INFO - [2024-10-21T17:22:16.401+0000] {dag.py:4180} INFO - Setting next_dagrun for example_sla_dag to 2024-10-21 17:20:00+00:00, run_after=2024-10-21 17:22:00+00:00
[2024-10-21T17:22:16.420+0000] {processor.py:208} INFO - Processing /home/airflow/.local/lib/python3.12/site-packages/airflow/example_dags/example_sla_dag.py took 0.076 seconds
[2024-10-21T17:22:46.514+0000] {processor.py:186} INFO - Started process (PID=4074) to work on /home/airflow/.local/lib/python3.12/site-packages/airflow/example_dags/example_sla_dag.py
[2024-10-21T17:22:46.515+0000] {processor.py:914} INFO - Processing file /home/airflow/.local/lib/python3.12/site-packages/airflow/example_dags/example_sla_dag.py for tasks to queue
[2024-10-21T17:22:46.516+0000] {logging_mixin.py:190} INFO - [2024-10-21T17:22:46.516+0000] {dagbag.py:588} INFO - Filling up the DagBag from /home/airflow/.local/lib/python3.12/site-packages/airflow/example_dags/example_sla_dag.py
[2024-10-21T17:22:46.527+0000] {processor.py:925} INFO - DAG(s) 'example_sla_dag' retrieved from /home/airflow/.local/lib/python3.12/site-packages/airflow/example_dags/example_sla_dag.py
[2024-10-21T17:22:46.545+0000] {logging_mixin.py:190} INFO - [2024-10-21T17:22:46.544+0000] {dag.py:3239} INFO - Sync 1 DAGs
[2024-10-21T17:22:46.565+0000] {logging_mixin.py:190} INFO - [2024-10-21T17:22:46.564+0000] {dag.py:4180} INFO - Setting next_dagrun for example_sla_dag to 2024-10-21 17:20:00+00:00, run_after=2024-10-21 17:22:00+00:00
[2024-10-21T17:22:46.582+0000] {processor.py:208} INFO - Processing /home/airflow/.local/lib/python3.12/site-packages/airflow/example_dags/example_sla_dag.py took 0.073 seconds
[2024-10-21T17:23:16.722+0000] {processor.py:186} INFO - Started process (PID=4144) to work on /home/airflow/.local/lib/python3.12/site-packages/airflow/example_dags/example_sla_dag.py
[2024-10-21T17:23:16.723+0000] {processor.py:914} INFO - Processing file /home/airflow/.local/lib/python3.12/site-packages/airflow/example_dags/example_sla_dag.py for tasks to queue
[2024-10-21T17:23:16.724+0000] {logging_mixin.py:190} INFO - [2024-10-21T17:23:16.724+0000] {dagbag.py:588} INFO - Filling up the DagBag from /home/airflow/.local/lib/python3.12/site-packages/airflow/example_dags/example_sla_dag.py
[2024-10-21T17:23:16.734+0000] {processor.py:925} INFO - DAG(s) 'example_sla_dag' retrieved from /home/airflow/.local/lib/python3.12/site-packages/airflow/example_dags/example_sla_dag.py
[2024-10-21T17:23:16.751+0000] {logging_mixin.py:190} INFO - [2024-10-21T17:23:16.751+0000] {dag.py:3239} INFO - Sync 1 DAGs
[2024-10-21T17:23:16.776+0000] {logging_mixin.py:190} INFO - [2024-10-21T17:23:16.775+0000] {dag.py:4180} INFO - Setting next_dagrun for example_sla_dag to 2024-10-21 17:20:00+00:00, run_after=2024-10-21 17:22:00+00:00
[2024-10-21T17:23:16.799+0000] {processor.py:208} INFO - Processing /home/airflow/.local/lib/python3.12/site-packages/airflow/example_dags/example_sla_dag.py took 0.082 seconds
[2024-10-21T17:23:47.104+0000] {processor.py:186} INFO - Started process (PID=4213) to work on /home/airflow/.local/lib/python3.12/site-packages/airflow/example_dags/example_sla_dag.py
[2024-10-21T17:23:47.104+0000] {processor.py:914} INFO - Processing file /home/airflow/.local/lib/python3.12/site-packages/airflow/example_dags/example_sla_dag.py for tasks to queue
[2024-10-21T17:23:47.106+0000] {logging_mixin.py:190} INFO - [2024-10-21T17:23:47.105+0000] {dagbag.py:588} INFO - Filling up the DagBag from /home/airflow/.local/lib/python3.12/site-packages/airflow/example_dags/example_sla_dag.py
[2024-10-21T17:23:47.114+0000] {processor.py:925} INFO - DAG(s) 'example_sla_dag' retrieved from /home/airflow/.local/lib/python3.12/site-packages/airflow/example_dags/example_sla_dag.py
[2024-10-21T17:23:47.132+0000] {logging_mixin.py:190} INFO - [2024-10-21T17:23:47.132+0000] {dag.py:3239} INFO - Sync 1 DAGs
[2024-10-21T17:23:47.156+0000] {logging_mixin.py:190} INFO - [2024-10-21T17:23:47.156+0000] {dag.py:4180} INFO - Setting next_dagrun for example_sla_dag to 2024-10-21 17:20:00+00:00, run_after=2024-10-21 17:22:00+00:00
[2024-10-21T17:23:47.174+0000] {processor.py:208} INFO - Processing /home/airflow/.local/lib/python3.12/site-packages/airflow/example_dags/example_sla_dag.py took 0.077 seconds
[2024-10-21T17:24:17.501+0000] {processor.py:186} INFO - Started process (PID=4282) to work on /home/airflow/.local/lib/python3.12/site-packages/airflow/example_dags/example_sla_dag.py
[2024-10-21T17:24:17.502+0000] {processor.py:914} INFO - Processing file /home/airflow/.local/lib/python3.12/site-packages/airflow/example_dags/example_sla_dag.py for tasks to queue
[2024-10-21T17:24:17.503+0000] {logging_mixin.py:190} INFO - [2024-10-21T17:24:17.502+0000] {dagbag.py:588} INFO - Filling up the DagBag from /home/airflow/.local/lib/python3.12/site-packages/airflow/example_dags/example_sla_dag.py
[2024-10-21T17:24:17.511+0000] {processor.py:925} INFO - DAG(s) 'example_sla_dag' retrieved from /home/airflow/.local/lib/python3.12/site-packages/airflow/example_dags/example_sla_dag.py
[2024-10-21T17:24:17.528+0000] {logging_mixin.py:190} INFO - [2024-10-21T17:24:17.528+0000] {dag.py:3239} INFO - Sync 1 DAGs
[2024-10-21T17:24:17.553+0000] {logging_mixin.py:190} INFO - [2024-10-21T17:24:17.553+0000] {dag.py:4180} INFO - Setting next_dagrun for example_sla_dag to 2024-10-21 17:22:00+00:00, run_after=2024-10-21 17:24:00+00:00
[2024-10-21T17:24:17.573+0000] {processor.py:208} INFO - Processing /home/airflow/.local/lib/python3.12/site-packages/airflow/example_dags/example_sla_dag.py took 0.078 seconds
[2024-10-21T17:24:47.623+0000] {processor.py:186} INFO - Started process (PID=4350) to work on /home/airflow/.local/lib/python3.12/site-packages/airflow/example_dags/example_sla_dag.py
[2024-10-21T17:24:47.624+0000] {processor.py:914} INFO - Processing file /home/airflow/.local/lib/python3.12/site-packages/airflow/example_dags/example_sla_dag.py for tasks to queue
[2024-10-21T17:24:47.625+0000] {logging_mixin.py:190} INFO - [2024-10-21T17:24:47.625+0000] {dagbag.py:588} INFO - Filling up the DagBag from /home/airflow/.local/lib/python3.12/site-packages/airflow/example_dags/example_sla_dag.py
[2024-10-21T17:24:47.636+0000] {processor.py:925} INFO - DAG(s) 'example_sla_dag' retrieved from /home/airflow/.local/lib/python3.12/site-packages/airflow/example_dags/example_sla_dag.py
[2024-10-21T17:24:47.654+0000] {logging_mixin.py:190} INFO - [2024-10-21T17:24:47.654+0000] {dag.py:3239} INFO - Sync 1 DAGs
[2024-10-21T17:24:47.680+0000] {logging_mixin.py:190} INFO - [2024-10-21T17:24:47.680+0000] {dag.py:4180} INFO - Setting next_dagrun for example_sla_dag to 2024-10-21 17:22:00+00:00, run_after=2024-10-21 17:24:00+00:00
[2024-10-21T17:24:47.704+0000] {processor.py:208} INFO - Processing /home/airflow/.local/lib/python3.12/site-packages/airflow/example_dags/example_sla_dag.py took 0.086 seconds
[2024-10-21T17:25:17.905+0000] {processor.py:186} INFO - Started process (PID=4420) to work on /home/airflow/.local/lib/python3.12/site-packages/airflow/example_dags/example_sla_dag.py
[2024-10-21T17:25:17.906+0000] {processor.py:914} INFO - Processing file /home/airflow/.local/lib/python3.12/site-packages/airflow/example_dags/example_sla_dag.py for tasks to queue
[2024-10-21T17:25:17.907+0000] {logging_mixin.py:190} INFO - [2024-10-21T17:25:17.907+0000] {dagbag.py:588} INFO - Filling up the DagBag from /home/airflow/.local/lib/python3.12/site-packages/airflow/example_dags/example_sla_dag.py
[2024-10-21T17:25:17.915+0000] {processor.py:925} INFO - DAG(s) 'example_sla_dag' retrieved from /home/airflow/.local/lib/python3.12/site-packages/airflow/example_dags/example_sla_dag.py
[2024-10-21T17:25:17.930+0000] {logging_mixin.py:190} INFO - [2024-10-21T17:25:17.930+0000] {dag.py:3239} INFO - Sync 1 DAGs
[2024-10-21T17:25:17.949+0000] {logging_mixin.py:190} INFO - [2024-10-21T17:25:17.949+0000] {dag.py:4180} INFO - Setting next_dagrun for example_sla_dag to 2024-10-21 17:22:00+00:00, run_after=2024-10-21 17:24:00+00:00
[2024-10-21T17:25:17.966+0000] {processor.py:208} INFO - Processing /home/airflow/.local/lib/python3.12/site-packages/airflow/example_dags/example_sla_dag.py took 0.065 seconds
[2024-10-21T17:25:48.147+0000] {processor.py:186} INFO - Started process (PID=4489) to work on /home/airflow/.local/lib/python3.12/site-packages/airflow/example_dags/example_sla_dag.py
[2024-10-21T17:25:48.147+0000] {processor.py:914} INFO - Processing file /home/airflow/.local/lib/python3.12/site-packages/airflow/example_dags/example_sla_dag.py for tasks to queue
[2024-10-21T17:25:48.148+0000] {logging_mixin.py:190} INFO - [2024-10-21T17:25:48.148+0000] {dagbag.py:588} INFO - Filling up the DagBag from /home/airflow/.local/lib/python3.12/site-packages/airflow/example_dags/example_sla_dag.py
[2024-10-21T17:25:48.158+0000] {processor.py:925} INFO - DAG(s) 'example_sla_dag' retrieved from /home/airflow/.local/lib/python3.12/site-packages/airflow/example_dags/example_sla_dag.py
[2024-10-21T17:25:48.177+0000] {logging_mixin.py:190} INFO - [2024-10-21T17:25:48.177+0000] {dag.py:3239} INFO - Sync 1 DAGs
[2024-10-21T17:25:48.200+0000] {logging_mixin.py:190} INFO - [2024-10-21T17:25:48.199+0000] {dag.py:4180} INFO - Setting next_dagrun for example_sla_dag to 2024-10-21 17:22:00+00:00, run_after=2024-10-21 17:24:00+00:00
[2024-10-21T17:25:48.218+0000] {processor.py:208} INFO - Processing /home/airflow/.local/lib/python3.12/site-packages/airflow/example_dags/example_sla_dag.py took 0.076 seconds
[2024-10-21T17:26:18.297+0000] {processor.py:186} INFO - Started process (PID=4559) to work on /home/airflow/.local/lib/python3.12/site-packages/airflow/example_dags/example_sla_dag.py
[2024-10-21T17:26:18.298+0000] {processor.py:914} INFO - Processing file /home/airflow/.local/lib/python3.12/site-packages/airflow/example_dags/example_sla_dag.py for tasks to queue
[2024-10-21T17:26:18.299+0000] {logging_mixin.py:190} INFO - [2024-10-21T17:26:18.299+0000] {dagbag.py:588} INFO - Filling up the DagBag from /home/airflow/.local/lib/python3.12/site-packages/airflow/example_dags/example_sla_dag.py
[2024-10-21T17:26:18.310+0000] {processor.py:925} INFO - DAG(s) 'example_sla_dag' retrieved from /home/airflow/.local/lib/python3.12/site-packages/airflow/example_dags/example_sla_dag.py
[2024-10-21T17:26:18.330+0000] {logging_mixin.py:190} INFO - [2024-10-21T17:26:18.330+0000] {dag.py:3239} INFO - Sync 1 DAGs
[2024-10-21T17:26:18.354+0000] {logging_mixin.py:190} INFO - [2024-10-21T17:26:18.354+0000] {dag.py:4180} INFO - Setting next_dagrun for example_sla_dag to 2024-10-21 17:24:00+00:00, run_after=2024-10-21 17:26:00+00:00
[2024-10-21T17:26:18.371+0000] {processor.py:208} INFO - Processing /home/airflow/.local/lib/python3.12/site-packages/airflow/example_dags/example_sla_dag.py took 0.078 seconds
[2024-10-21T17:26:48.646+0000] {processor.py:186} INFO - Started process (PID=4628) to work on /home/airflow/.local/lib/python3.12/site-packages/airflow/example_dags/example_sla_dag.py
[2024-10-21T17:26:48.647+0000] {processor.py:914} INFO - Processing file /home/airflow/.local/lib/python3.12/site-packages/airflow/example_dags/example_sla_dag.py for tasks to queue
[2024-10-21T17:26:48.649+0000] {logging_mixin.py:190} INFO - [2024-10-21T17:26:48.648+0000] {dagbag.py:588} INFO - Filling up the DagBag from /home/airflow/.local/lib/python3.12/site-packages/airflow/example_dags/example_sla_dag.py
[2024-10-21T17:26:48.659+0000] {processor.py:925} INFO - DAG(s) 'example_sla_dag' retrieved from /home/airflow/.local/lib/python3.12/site-packages/airflow/example_dags/example_sla_dag.py
[2024-10-21T17:26:48.679+0000] {logging_mixin.py:190} INFO - [2024-10-21T17:26:48.679+0000] {dag.py:3239} INFO - Sync 1 DAGs
[2024-10-21T17:26:48.707+0000] {logging_mixin.py:190} INFO - [2024-10-21T17:26:48.707+0000] {dag.py:4180} INFO - Setting next_dagrun for example_sla_dag to 2024-10-21 17:24:00+00:00, run_after=2024-10-21 17:26:00+00:00
[2024-10-21T17:26:48.724+0000] {processor.py:208} INFO - Processing /home/airflow/.local/lib/python3.12/site-packages/airflow/example_dags/example_sla_dag.py took 0.083 seconds
[2024-10-21T17:27:19.076+0000] {processor.py:186} INFO - Started process (PID=4697) to work on /home/airflow/.local/lib/python3.12/site-packages/airflow/example_dags/example_sla_dag.py
[2024-10-21T17:27:19.077+0000] {processor.py:914} INFO - Processing file /home/airflow/.local/lib/python3.12/site-packages/airflow/example_dags/example_sla_dag.py for tasks to queue
[2024-10-21T17:27:19.078+0000] {logging_mixin.py:190} INFO - [2024-10-21T17:27:19.078+0000] {dagbag.py:588} INFO - Filling up the DagBag from /home/airflow/.local/lib/python3.12/site-packages/airflow/example_dags/example_sla_dag.py
[2024-10-21T17:27:19.087+0000] {processor.py:925} INFO - DAG(s) 'example_sla_dag' retrieved from /home/airflow/.local/lib/python3.12/site-packages/airflow/example_dags/example_sla_dag.py
[2024-10-21T17:27:19.103+0000] {logging_mixin.py:190} INFO - [2024-10-21T17:27:19.103+0000] {dag.py:3239} INFO - Sync 1 DAGs
[2024-10-21T17:27:19.139+0000] {logging_mixin.py:190} INFO - [2024-10-21T17:27:19.139+0000] {dag.py:4180} INFO - Setting next_dagrun for example_sla_dag to 2024-10-21 17:24:00+00:00, run_after=2024-10-21 17:26:00+00:00
[2024-10-21T17:27:19.158+0000] {processor.py:208} INFO - Processing /home/airflow/.local/lib/python3.12/site-packages/airflow/example_dags/example_sla_dag.py took 0.088 seconds
[2024-10-21T17:27:49.957+0000] {processor.py:186} INFO - Started process (PID=4765) to work on /home/airflow/.local/lib/python3.12/site-packages/airflow/example_dags/example_sla_dag.py
[2024-10-21T17:27:49.958+0000] {processor.py:914} INFO - Processing file /home/airflow/.local/lib/python3.12/site-packages/airflow/example_dags/example_sla_dag.py for tasks to queue
[2024-10-21T17:27:49.959+0000] {logging_mixin.py:190} INFO - [2024-10-21T17:27:49.958+0000] {dagbag.py:588} INFO - Filling up the DagBag from /home/airflow/.local/lib/python3.12/site-packages/airflow/example_dags/example_sla_dag.py
[2024-10-21T17:27:49.967+0000] {processor.py:925} INFO - DAG(s) 'example_sla_dag' retrieved from /home/airflow/.local/lib/python3.12/site-packages/airflow/example_dags/example_sla_dag.py
[2024-10-21T17:27:49.985+0000] {logging_mixin.py:190} INFO - [2024-10-21T17:27:49.984+0000] {dag.py:3239} INFO - Sync 1 DAGs
[2024-10-21T17:27:50.009+0000] {logging_mixin.py:190} INFO - [2024-10-21T17:27:50.009+0000] {dag.py:4180} INFO - Setting next_dagrun for example_sla_dag to 2024-10-21 17:24:00+00:00, run_after=2024-10-21 17:26:00+00:00
[2024-10-21T17:27:50.029+0000] {processor.py:208} INFO - Processing /home/airflow/.local/lib/python3.12/site-packages/airflow/example_dags/example_sla_dag.py took 0.077 seconds
[2024-10-21T17:28:20.443+0000] {processor.py:186} INFO - Started process (PID=4835) to work on /home/airflow/.local/lib/python3.12/site-packages/airflow/example_dags/example_sla_dag.py
[2024-10-21T17:28:20.444+0000] {processor.py:914} INFO - Processing file /home/airflow/.local/lib/python3.12/site-packages/airflow/example_dags/example_sla_dag.py for tasks to queue
[2024-10-21T17:28:20.446+0000] {logging_mixin.py:190} INFO - [2024-10-21T17:28:20.446+0000] {dagbag.py:588} INFO - Filling up the DagBag from /home/airflow/.local/lib/python3.12/site-packages/airflow/example_dags/example_sla_dag.py
[2024-10-21T17:28:20.460+0000] {processor.py:925} INFO - DAG(s) 'example_sla_dag' retrieved from /home/airflow/.local/lib/python3.12/site-packages/airflow/example_dags/example_sla_dag.py
[2024-10-21T17:28:20.489+0000] {logging_mixin.py:190} INFO - [2024-10-21T17:28:20.489+0000] {dag.py:3239} INFO - Sync 1 DAGs
[2024-10-21T17:28:20.518+0000] {logging_mixin.py:190} INFO - [2024-10-21T17:28:20.518+0000] {dag.py:4180} INFO - Setting next_dagrun for example_sla_dag to 2024-10-21 17:26:00+00:00, run_after=2024-10-21 17:28:00+00:00
[2024-10-21T17:28:20.536+0000] {processor.py:208} INFO - Processing /home/airflow/.local/lib/python3.12/site-packages/airflow/example_dags/example_sla_dag.py took 0.102 seconds
[2024-10-21T17:28:50.760+0000] {processor.py:186} INFO - Started process (PID=4905) to work on /home/airflow/.local/lib/python3.12/site-packages/airflow/example_dags/example_sla_dag.py
[2024-10-21T17:28:50.761+0000] {processor.py:914} INFO - Processing file /home/airflow/.local/lib/python3.12/site-packages/airflow/example_dags/example_sla_dag.py for tasks to queue
[2024-10-21T17:28:50.762+0000] {logging_mixin.py:190} INFO - [2024-10-21T17:28:50.762+0000] {dagbag.py:588} INFO - Filling up the DagBag from /home/airflow/.local/lib/python3.12/site-packages/airflow/example_dags/example_sla_dag.py
[2024-10-21T17:28:50.771+0000] {processor.py:925} INFO - DAG(s) 'example_sla_dag' retrieved from /home/airflow/.local/lib/python3.12/site-packages/airflow/example_dags/example_sla_dag.py
[2024-10-21T17:28:50.788+0000] {logging_mixin.py:190} INFO - [2024-10-21T17:28:50.788+0000] {dag.py:3239} INFO - Sync 1 DAGs
[2024-10-21T17:28:50.809+0000] {logging_mixin.py:190} INFO - [2024-10-21T17:28:50.809+0000] {dag.py:4180} INFO - Setting next_dagrun for example_sla_dag to 2024-10-21 17:26:00+00:00, run_after=2024-10-21 17:28:00+00:00
[2024-10-21T17:28:50.827+0000] {processor.py:208} INFO - Processing /home/airflow/.local/lib/python3.12/site-packages/airflow/example_dags/example_sla_dag.py took 0.072 seconds
[2024-10-21T17:29:21.268+0000] {processor.py:186} INFO - Started process (PID=4975) to work on /home/airflow/.local/lib/python3.12/site-packages/airflow/example_dags/example_sla_dag.py
[2024-10-21T17:29:21.269+0000] {processor.py:914} INFO - Processing file /home/airflow/.local/lib/python3.12/site-packages/airflow/example_dags/example_sla_dag.py for tasks to queue
[2024-10-21T17:29:21.270+0000] {logging_mixin.py:190} INFO - [2024-10-21T17:29:21.269+0000] {dagbag.py:588} INFO - Filling up the DagBag from /home/airflow/.local/lib/python3.12/site-packages/airflow/example_dags/example_sla_dag.py
[2024-10-21T17:29:21.278+0000] {processor.py:925} INFO - DAG(s) 'example_sla_dag' retrieved from /home/airflow/.local/lib/python3.12/site-packages/airflow/example_dags/example_sla_dag.py
[2024-10-21T17:29:21.294+0000] {logging_mixin.py:190} INFO - [2024-10-21T17:29:21.294+0000] {dag.py:3239} INFO - Sync 1 DAGs
[2024-10-21T17:29:21.318+0000] {logging_mixin.py:190} INFO - [2024-10-21T17:29:21.318+0000] {dag.py:4180} INFO - Setting next_dagrun for example_sla_dag to 2024-10-21 17:26:00+00:00, run_after=2024-10-21 17:28:00+00:00
[2024-10-21T17:29:21.336+0000] {processor.py:208} INFO - Processing /home/airflow/.local/lib/python3.12/site-packages/airflow/example_dags/example_sla_dag.py took 0.073 seconds
[2024-10-21T17:29:51.980+0000] {processor.py:186} INFO - Started process (PID=5073) to work on /home/airflow/.local/lib/python3.12/site-packages/airflow/example_dags/example_sla_dag.py
[2024-10-21T17:29:51.982+0000] {processor.py:914} INFO - Processing file /home/airflow/.local/lib/python3.12/site-packages/airflow/example_dags/example_sla_dag.py for tasks to queue
[2024-10-21T17:29:51.984+0000] {logging_mixin.py:190} INFO - [2024-10-21T17:29:51.983+0000] {dagbag.py:588} INFO - Filling up the DagBag from /home/airflow/.local/lib/python3.12/site-packages/airflow/example_dags/example_sla_dag.py
[2024-10-21T17:29:51.995+0000] {processor.py:925} INFO - DAG(s) 'example_sla_dag' retrieved from /home/airflow/.local/lib/python3.12/site-packages/airflow/example_dags/example_sla_dag.py
[2024-10-21T17:29:52.014+0000] {logging_mixin.py:190} INFO - [2024-10-21T17:29:52.014+0000] {dag.py:3239} INFO - Sync 1 DAGs
[2024-10-21T17:29:52.043+0000] {logging_mixin.py:190} INFO - [2024-10-21T17:29:52.043+0000] {dag.py:4180} INFO - Setting next_dagrun for example_sla_dag to 2024-10-21 17:26:00+00:00, run_after=2024-10-21 17:28:00+00:00
[2024-10-21T17:29:52.067+0000] {processor.py:208} INFO - Processing /home/airflow/.local/lib/python3.12/site-packages/airflow/example_dags/example_sla_dag.py took 0.093 seconds
[2024-10-21T17:30:22.570+0000] {processor.py:186} INFO - Started process (PID=5143) to work on /home/airflow/.local/lib/python3.12/site-packages/airflow/example_dags/example_sla_dag.py
[2024-10-21T17:30:22.571+0000] {processor.py:914} INFO - Processing file /home/airflow/.local/lib/python3.12/site-packages/airflow/example_dags/example_sla_dag.py for tasks to queue
[2024-10-21T17:30:22.573+0000] {logging_mixin.py:190} INFO - [2024-10-21T17:30:22.573+0000] {dagbag.py:588} INFO - Filling up the DagBag from /home/airflow/.local/lib/python3.12/site-packages/airflow/example_dags/example_sla_dag.py
[2024-10-21T17:30:22.588+0000] {processor.py:925} INFO - DAG(s) 'example_sla_dag' retrieved from /home/airflow/.local/lib/python3.12/site-packages/airflow/example_dags/example_sla_dag.py
[2024-10-21T17:30:22.611+0000] {logging_mixin.py:190} INFO - [2024-10-21T17:30:22.611+0000] {dag.py:3239} INFO - Sync 1 DAGs
[2024-10-21T17:30:22.644+0000] {logging_mixin.py:190} INFO - [2024-10-21T17:30:22.644+0000] {dag.py:4180} INFO - Setting next_dagrun for example_sla_dag to 2024-10-21 17:28:00+00:00, run_after=2024-10-21 17:30:00+00:00
[2024-10-21T17:30:22.664+0000] {processor.py:208} INFO - Processing /home/airflow/.local/lib/python3.12/site-packages/airflow/example_dags/example_sla_dag.py took 0.100 seconds
[2024-10-21T17:30:53.361+0000] {processor.py:186} INFO - Started process (PID=5214) to work on /home/airflow/.local/lib/python3.12/site-packages/airflow/example_dags/example_sla_dag.py
[2024-10-21T17:30:53.362+0000] {processor.py:914} INFO - Processing file /home/airflow/.local/lib/python3.12/site-packages/airflow/example_dags/example_sla_dag.py for tasks to queue
[2024-10-21T17:30:53.363+0000] {logging_mixin.py:190} INFO - [2024-10-21T17:30:53.363+0000] {dagbag.py:588} INFO - Filling up the DagBag from /home/airflow/.local/lib/python3.12/site-packages/airflow/example_dags/example_sla_dag.py
[2024-10-21T17:30:53.372+0000] {processor.py:925} INFO - DAG(s) 'example_sla_dag' retrieved from /home/airflow/.local/lib/python3.12/site-packages/airflow/example_dags/example_sla_dag.py
[2024-10-21T17:30:53.391+0000] {logging_mixin.py:190} INFO - [2024-10-21T17:30:53.390+0000] {dag.py:3239} INFO - Sync 1 DAGs
[2024-10-21T17:30:53.416+0000] {logging_mixin.py:190} INFO - [2024-10-21T17:30:53.415+0000] {dag.py:4180} INFO - Setting next_dagrun for example_sla_dag to 2024-10-21 17:28:00+00:00, run_after=2024-10-21 17:30:00+00:00
[2024-10-21T17:30:53.432+0000] {processor.py:208} INFO - Processing /home/airflow/.local/lib/python3.12/site-packages/airflow/example_dags/example_sla_dag.py took 0.077 seconds
[2024-10-21T17:31:23.664+0000] {processor.py:186} INFO - Started process (PID=5284) to work on /home/airflow/.local/lib/python3.12/site-packages/airflow/example_dags/example_sla_dag.py
[2024-10-21T17:31:23.664+0000] {processor.py:914} INFO - Processing file /home/airflow/.local/lib/python3.12/site-packages/airflow/example_dags/example_sla_dag.py for tasks to queue
[2024-10-21T17:31:23.666+0000] {logging_mixin.py:190} INFO - [2024-10-21T17:31:23.665+0000] {dagbag.py:588} INFO - Filling up the DagBag from /home/airflow/.local/lib/python3.12/site-packages/airflow/example_dags/example_sla_dag.py
[2024-10-21T17:31:23.675+0000] {processor.py:925} INFO - DAG(s) 'example_sla_dag' retrieved from /home/airflow/.local/lib/python3.12/site-packages/airflow/example_dags/example_sla_dag.py
[2024-10-21T17:31:23.693+0000] {logging_mixin.py:190} INFO - [2024-10-21T17:31:23.693+0000] {dag.py:3239} INFO - Sync 1 DAGs
[2024-10-21T17:31:23.717+0000] {logging_mixin.py:190} INFO - [2024-10-21T17:31:23.716+0000] {dag.py:4180} INFO - Setting next_dagrun for example_sla_dag to 2024-10-21 17:28:00+00:00, run_after=2024-10-21 17:30:00+00:00
[2024-10-21T17:31:23.734+0000] {processor.py:208} INFO - Processing /home/airflow/.local/lib/python3.12/site-packages/airflow/example_dags/example_sla_dag.py took 0.075 seconds
[2024-10-21T17:31:54.044+0000] {processor.py:186} INFO - Started process (PID=5354) to work on /home/airflow/.local/lib/python3.12/site-packages/airflow/example_dags/example_sla_dag.py
[2024-10-21T17:31:54.045+0000] {processor.py:914} INFO - Processing file /home/airflow/.local/lib/python3.12/site-packages/airflow/example_dags/example_sla_dag.py for tasks to queue
[2024-10-21T17:31:54.047+0000] {logging_mixin.py:190} INFO - [2024-10-21T17:31:54.046+0000] {dagbag.py:588} INFO - Filling up the DagBag from /home/airflow/.local/lib/python3.12/site-packages/airflow/example_dags/example_sla_dag.py
[2024-10-21T17:31:54.055+0000] {processor.py:925} INFO - DAG(s) 'example_sla_dag' retrieved from /home/airflow/.local/lib/python3.12/site-packages/airflow/example_dags/example_sla_dag.py
[2024-10-21T17:31:54.072+0000] {logging_mixin.py:190} INFO - [2024-10-21T17:31:54.072+0000] {dag.py:3239} INFO - Sync 1 DAGs
[2024-10-21T17:31:54.094+0000] {logging_mixin.py:190} INFO - [2024-10-21T17:31:54.094+0000] {dag.py:4180} INFO - Setting next_dagrun for example_sla_dag to 2024-10-21 17:28:00+00:00, run_after=2024-10-21 17:30:00+00:00
[2024-10-21T17:31:54.111+0000] {processor.py:208} INFO - Processing /home/airflow/.local/lib/python3.12/site-packages/airflow/example_dags/example_sla_dag.py took 0.073 seconds
