[2024-10-21T17:20:46.162+0000] {local_task_job_runner.py:123} INFO - ::group::Pre task execution logs
[2024-10-21T17:20:46.198+0000] {taskinstance.py:2612} INFO - Dependencies all met for dep_context=non-requeueable deps ti=<TaskInstance: DAG_principal.python_principal scheduled__2024-10-21T04:27:00+00:00 [queued]>
[2024-10-21T17:20:46.215+0000] {taskinstance.py:2612} INFO - Dependencies all met for dep_context=requeueable deps ti=<TaskInstance: DAG_principal.python_principal scheduled__2024-10-21T04:27:00+00:00 [queued]>
[2024-10-21T17:20:46.217+0000] {taskinstance.py:2865} INFO - Starting attempt 1 of 1
[2024-10-21T17:20:46.241+0000] {taskinstance.py:2888} INFO - Executing <Task(PythonOperator): python_principal> on 2024-10-21 04:27:00+00:00
[2024-10-21T17:20:46.251+0000] {warnings.py:112} WARNING - /home/***/.local/lib/python3.12/site-packages/***/task/task_runner/standard_task_runner.py:70: DeprecationWarning: This process (pid=1079) is multi-threaded, use of fork() may lead to deadlocks in the child.
  pid = os.fork()

[2024-10-21T17:20:46.255+0000] {standard_task_runner.py:72} INFO - Started process 1089 to run task
[2024-10-21T17:20:46.255+0000] {standard_task_runner.py:104} INFO - Running: ['***', 'tasks', 'run', 'DAG_principal', 'python_principal', 'scheduled__2024-10-21T04:27:00+00:00', '--job-id', '230', '--raw', '--subdir', 'DAGS_FOLDER/lesson_3_dag_principal.py', '--cfg-path', '/tmp/tmpvby3vo32']
[2024-10-21T17:20:46.257+0000] {standard_task_runner.py:105} INFO - Job 230: Subtask python_principal
[2024-10-21T17:20:46.333+0000] {task_command.py:467} INFO - Running <TaskInstance: DAG_principal.python_principal scheduled__2024-10-21T04:27:00+00:00 [running]> on host 1da8eee663cb
[2024-10-21T17:20:46.467+0000] {taskinstance.py:3131} INFO - Exporting env vars: AIRFLOW_CTX_DAG_OWNER='***' AIRFLOW_CTX_DAG_ID='DAG_principal' AIRFLOW_CTX_TASK_ID='python_principal' AIRFLOW_CTX_EXECUTION_DATE='2024-10-21T04:27:00+00:00' AIRFLOW_CTX_TRY_NUMBER='1' AIRFLOW_CTX_DAG_RUN_ID='scheduled__2024-10-21T04:27:00+00:00'
[2024-10-21T17:20:46.472+0000] {logging_mixin.py:190} INFO - Task instance is in running state
[2024-10-21T17:20:46.473+0000] {logging_mixin.py:190} INFO -  Previous state of the Task instance: queued
[2024-10-21T17:20:46.474+0000] {logging_mixin.py:190} INFO - Current task name:python_principal state:running start_date:2024-10-21 17:20:46.199430+00:00
[2024-10-21T17:20:46.475+0000] {logging_mixin.py:190} INFO - Dag name:DAG_principal and current dag run status:running
[2024-10-21T17:20:46.476+0000] {taskinstance.py:731} INFO - ::endgroup::
[2024-10-21T17:20:46.478+0000] {logging_mixin.py:190} INFO - DAG principal
[2024-10-21T17:20:46.496+0000] {logging_mixin.py:190} INFO - {'conf': <***.configuration.AirflowConfigParser object at 0x7f8e1c8dcc80>,
 'conn': None,
 'dag': <DAG: DAG_principal>,
 'dag_run': <DagRun DAG_principal @ 2024-10-21 04:27:00+00:00: scheduled__2024-10-21T04:27:00+00:00, state:running, queued_at: 2024-10-21 17:20:43.243517+00:00. externally triggered: False>,
 'data_interval_end': DateTime(2024, 10, 21, 4, 28, 0, tzinfo=Timezone('UTC')),
 'data_interval_start': DateTime(2024, 10, 21, 4, 27, 0, tzinfo=Timezone('UTC')),
 'ds': '2024-10-21',
 'ds_nodash': '20241021',
 'execution_date': <Proxy at 0x7f8df6675c80 with factory functools.partial(<function lazy_mapping_from_context.<locals>._deprecated_proxy_factory at 0x7f8df66f3b00>, 'execution_date', DateTime(2024, 10, 21, 4, 27, 0, tzinfo=Timezone('UTC')))>,
 'expanded_ti_count': None,
 'inlet_events': InletEventsAccessors(_inlets=[], _datasets={}, _dataset_aliases={}, _session=<sqlalchemy.orm.session.Session object at 0x7f8e1c7c6c00>),
 'inlets': [],
 'logical_date': DateTime(2024, 10, 21, 4, 27, 0, tzinfo=Timezone('UTC')),
 'macros': <module '***.macros' from '/home/***/.local/lib/python3.12/site-packages/***/macros/__init__.py'>,
 'map_index_template': None,
 'next_ds': <Proxy at 0x7f8df66a4180 with factory functools.partial(<function lazy_mapping_from_context.<locals>._deprecated_proxy_factory at 0x7f8df66f3b00>, 'next_ds', '2024-10-21')>,
 'next_ds_nodash': <Proxy at 0x7f8df6d71e80 with factory functools.partial(<function lazy_mapping_from_context.<locals>._deprecated_proxy_factory at 0x7f8df66f3b00>, 'next_ds_nodash', '20241021')>,
 'next_execution_date': <Proxy at 0x7f8df66e5b00 with factory functools.partial(<function lazy_mapping_from_context.<locals>._deprecated_proxy_factory at 0x7f8df66f3b00>, 'next_execution_date', DateTime(2024, 10, 21, 4, 28, 0, tzinfo=Timezone('UTC')))>,
 'outlet_events': <***.utils.context.OutletEventAccessors object at 0x7f8df66b7e60>,
 'outlets': [],
 'params': {},
 'prev_data_interval_end_success': DateTime(2024, 10, 21, 4, 25, 0, tzinfo=Timezone('UTC')),
 'prev_data_interval_start_success': DateTime(2024, 10, 21, 4, 24, 0, tzinfo=Timezone('UTC')),
 'prev_ds': <Proxy at 0x7f8df6685f00 with factory functools.partial(<function lazy_mapping_from_context.<locals>._deprecated_proxy_factory at 0x7f8df66f3b00>, 'prev_ds', '2024-10-21')>,
 'prev_ds_nodash': <Proxy at 0x7f8df6b65f40 with factory functools.partial(<function lazy_mapping_from_context.<locals>._deprecated_proxy_factory at 0x7f8df66f3b00>, 'prev_ds_nodash', '20241021')>,
 'prev_end_date_success': DateTime(2024, 10, 21, 17, 20, 44, 165441, tzinfo=Timezone('UTC')),
 'prev_execution_date': <Proxy at 0x7f8df6828300 with factory functools.partial(<function lazy_mapping_from_context.<locals>._deprecated_proxy_factory at 0x7f8df66f3b00>, 'prev_execution_date', DateTime(2024, 10, 21, 4, 26, 0, tzinfo=Timezone('UTC')))>,
 'prev_execution_date_success': <Proxy at 0x7f8df66cec00 with factory functools.partial(<function lazy_mapping_from_context.<locals>._deprecated_proxy_factory at 0x7f8df66f3b00>, 'prev_execution_date_success', DateTime(2024, 10, 21, 4, 24, 0, tzinfo=Timezone('UTC')))>,
 'prev_start_date_success': DateTime(2024, 10, 21, 17, 20, 38, 803194, tzinfo=Timezone('UTC')),
 'run_id': 'scheduled__2024-10-21T04:27:00+00:00',
 'task': <Task(PythonOperator): python_principal>,
 'task_instance': <TaskInstance: DAG_principal.python_principal scheduled__2024-10-21T04:27:00+00:00 [running]>,
 'task_instance_key_str': 'DAG_principal__python_principal__20241021',
 'templates_dict': None,
 'test_mode': False,
 'ti': <TaskInstance: DAG_principal.python_principal scheduled__2024-10-21T04:27:00+00:00 [running]>,
 'tomorrow_ds': <Proxy at 0x7f8df6560ec0 with factory functools.partial(<function lazy_mapping_from_context.<locals>._deprecated_proxy_factory at 0x7f8df66f3b00>, 'tomorrow_ds', '2024-10-22')>,
 'tomorrow_ds_nodash': <Proxy at 0x7f8df6562100 with factory functools.partial(<function lazy_mapping_from_context.<locals>._deprecated_proxy_factory at 0x7f8df66f3b00>, 'tomorrow_ds_nodash', '20241022')>,
 'triggering_dataset_events': <Proxy at 0x7f8df67025c0 with factory <function _get_template_context.<locals>.get_triggering_events at 0x7f8df66f0ea0>>,
 'ts': '2024-10-21T04:27:00+00:00',
 'ts_nodash': '20241021T042700',
 'ts_nodash_with_tz': '20241021T042700+0000',
 'var': {'json': None, 'value': None},
 'yesterday_ds': <Proxy at 0x7f8df6560200 with factory functools.partial(<function lazy_mapping_from_context.<locals>._deprecated_proxy_factory at 0x7f8df66f3b00>, 'yesterday_ds', '2024-10-20')>,
 'yesterday_ds_nodash': <Proxy at 0x7f8df65601c0 with factory functools.partial(<function lazy_mapping_from_context.<locals>._deprecated_proxy_factory at 0x7f8df66f3b00>, 'yesterday_ds_nodash', '20241020')>}
[2024-10-21T17:20:46.497+0000] {python.py:240} INFO - Done. Returned value was: principal
[2024-10-21T17:20:46.522+0000] {taskinstance.py:340} INFO - ::group::Post task execution logs
[2024-10-21T17:20:46.523+0000] {taskinstance.py:352} INFO - Marking task as SUCCESS. dag_id=DAG_principal, task_id=python_principal, run_id=scheduled__2024-10-21T04:27:00+00:00, execution_date=20241021T042700, start_date=20241021T172046, end_date=20241021T172046
[2024-10-21T17:20:46.543+0000] {logging_mixin.py:190} INFO - Task instance in success state
[2024-10-21T17:20:46.543+0000] {logging_mixin.py:190} INFO -  Previous state of the Task instance: running
[2024-10-21T17:20:46.544+0000] {logging_mixin.py:190} INFO - Dag name:DAG_principal queued_at:2024-10-21 17:20:43.243517+00:00
[2024-10-21T17:20:46.545+0000] {logging_mixin.py:190} INFO - Task hostname:1da8eee663cb operator:PythonOperator
[2024-10-21T17:20:46.596+0000] {local_task_job_runner.py:266} INFO - Task exited with return code 0
[2024-10-21T17:20:46.608+0000] {local_task_job_runner.py:245} INFO - ::endgroup::
