[2024-10-30T21:48:05.846+0000] {local_task_job_runner.py:123} INFO - ::group::Pre task execution logs
[2024-10-30T21:48:05.860+0000] {taskinstance.py:2612} INFO - Dependencies all met for dep_context=non-requeueable deps ti=<TaskInstance: dag_setup_teardown.tarefa_fim manual__2024-10-30T21:47:57.797179+00:00 [queued]>
[2024-10-30T21:48:05.869+0000] {taskinstance.py:2612} INFO - Dependencies all met for dep_context=requeueable deps ti=<TaskInstance: dag_setup_teardown.tarefa_fim manual__2024-10-30T21:47:57.797179+00:00 [queued]>
[2024-10-30T21:48:05.870+0000] {taskinstance.py:2865} INFO - Starting attempt 1 of 1
[2024-10-30T21:48:05.881+0000] {taskinstance.py:2888} INFO - Executing <Task(BashOperator): tarefa_fim> on 2024-10-30 21:47:57.797179+00:00
[2024-10-30T21:48:05.889+0000] {warnings.py:112} WARNING - /home/***/.local/lib/python3.12/site-packages/***/task/task_runner/standard_task_runner.py:70: DeprecationWarning: This process (pid=1082) is multi-threaded, use of fork() may lead to deadlocks in the child.
  pid = os.fork()

[2024-10-30T21:48:05.891+0000] {standard_task_runner.py:72} INFO - Started process 1092 to run task
[2024-10-30T21:48:05.891+0000] {standard_task_runner.py:104} INFO - Running: ['***', 'tasks', 'run', 'dag_setup_teardown', 'tarefa_fim', 'manual__2024-10-30T21:47:57.797179+00:00', '--job-id', '480', '--raw', '--subdir', 'DAGS_FOLDER/lesson_6_setup_teardown.py', '--cfg-path', '/tmp/tmpvdk7_u0e']
[2024-10-30T21:48:05.892+0000] {standard_task_runner.py:105} INFO - Job 480: Subtask tarefa_fim
[2024-10-30T21:48:05.933+0000] {task_command.py:467} INFO - Running <TaskInstance: dag_setup_teardown.tarefa_fim manual__2024-10-30T21:47:57.797179+00:00 [running]> on host 1da8eee663cb
[2024-10-30T21:48:06.006+0000] {taskinstance.py:3131} INFO - Exporting env vars: AIRFLOW_CTX_DAG_OWNER='***' AIRFLOW_CTX_DAG_ID='dag_setup_teardown' AIRFLOW_CTX_TASK_ID='tarefa_fim' AIRFLOW_CTX_EXECUTION_DATE='2024-10-30T21:47:57.797179+00:00' AIRFLOW_CTX_TRY_NUMBER='1' AIRFLOW_CTX_DAG_RUN_ID='manual__2024-10-30T21:47:57.797179+00:00'
[2024-10-30T21:48:06.007+0000] {logging_mixin.py:190} INFO - Task instance is in running state
[2024-10-30T21:48:06.008+0000] {logging_mixin.py:190} INFO -  Previous state of the Task instance: queued
[2024-10-30T21:48:06.008+0000] {logging_mixin.py:190} INFO - Current task name:tarefa_fim state:running start_date:2024-10-30 21:48:05.861463+00:00
[2024-10-30T21:48:06.008+0000] {logging_mixin.py:190} INFO - Dag name:dag_setup_teardown and current dag run status:running
[2024-10-30T21:48:06.009+0000] {taskinstance.py:731} INFO - ::endgroup::
[2024-10-30T21:48:06.010+0000] {subprocess.py:63} INFO - Tmp dir root location: /tmp
[2024-10-30T21:48:06.011+0000] {subprocess.py:75} INFO - Running command: ['/usr/bin/bash', '-c', "echo 'last task'"]
[2024-10-30T21:48:06.023+0000] {subprocess.py:86} INFO - Output:
[2024-10-30T21:48:06.025+0000] {subprocess.py:93} INFO - last task
[2024-10-30T21:48:06.026+0000] {subprocess.py:97} INFO - Command exited with return code 0
[2024-10-30T21:48:06.048+0000] {taskinstance.py:340} INFO - ::group::Post task execution logs
[2024-10-30T21:48:06.049+0000] {taskinstance.py:352} INFO - Marking task as SUCCESS. dag_id=dag_setup_teardown, task_id=tarefa_fim, run_id=manual__2024-10-30T21:47:57.797179+00:00, execution_date=20241030T214757, start_date=20241030T214805, end_date=20241030T214806
[2024-10-30T21:48:06.057+0000] {logging_mixin.py:190} INFO - Task instance in success state
[2024-10-30T21:48:06.058+0000] {logging_mixin.py:190} INFO -  Previous state of the Task instance: running
[2024-10-30T21:48:06.058+0000] {logging_mixin.py:190} INFO - Dag name:dag_setup_teardown queued_at:2024-10-30 21:47:57.807374+00:00
[2024-10-30T21:48:06.059+0000] {logging_mixin.py:190} INFO - Task hostname:1da8eee663cb operator:BashOperator
[2024-10-30T21:48:06.106+0000] {local_task_job_runner.py:266} INFO - Task exited with return code 0
[2024-10-30T21:48:06.125+0000] {taskinstance.py:3900} INFO - 0 downstream tasks scheduled from follow-on schedule check
[2024-10-30T21:48:06.128+0000] {local_task_job_runner.py:245} INFO - ::endgroup::
