[2024-10-19T14:19:19.444+0000] {processor.py:186} INFO - Started process (PID=98) to work on /home/airflow/.local/lib/python3.12/site-packages/airflow/example_dags/example_short_circuit_decorator.py
[2024-10-19T14:19:19.445+0000] {processor.py:914} INFO - Processing file /home/airflow/.local/lib/python3.12/site-packages/airflow/example_dags/example_short_circuit_decorator.py for tasks to queue
[2024-10-19T14:19:19.447+0000] {logging_mixin.py:190} INFO - [2024-10-19T14:19:19.447+0000] {dagbag.py:588} INFO - Filling up the DagBag from /home/airflow/.local/lib/python3.12/site-packages/airflow/example_dags/example_short_circuit_decorator.py
[2024-10-19T14:19:19.455+0000] {processor.py:925} INFO - DAG(s) 'example_short_circuit_decorator' retrieved from /home/airflow/.local/lib/python3.12/site-packages/airflow/example_dags/example_short_circuit_decorator.py
[2024-10-19T14:19:19.477+0000] {logging_mixin.py:190} INFO - [2024-10-19T14:19:19.477+0000] {dag.py:3239} INFO - Sync 1 DAGs
[2024-10-19T14:19:19.491+0000] {logging_mixin.py:190} INFO - [2024-10-19T14:19:19.490+0000] {dag.py:4180} INFO - Setting next_dagrun for example_short_circuit_decorator to None, run_after=None
[2024-10-19T14:19:19.511+0000] {processor.py:208} INFO - Processing /home/airflow/.local/lib/python3.12/site-packages/airflow/example_dags/example_short_circuit_decorator.py took 0.071 seconds
[2024-10-19T14:19:49.660+0000] {processor.py:186} INFO - Started process (PID=160) to work on /home/airflow/.local/lib/python3.12/site-packages/airflow/example_dags/example_short_circuit_decorator.py
[2024-10-19T14:19:49.662+0000] {processor.py:914} INFO - Processing file /home/airflow/.local/lib/python3.12/site-packages/airflow/example_dags/example_short_circuit_decorator.py for tasks to queue
[2024-10-19T14:19:49.665+0000] {logging_mixin.py:190} INFO - [2024-10-19T14:19:49.664+0000] {dagbag.py:588} INFO - Filling up the DagBag from /home/airflow/.local/lib/python3.12/site-packages/airflow/example_dags/example_short_circuit_decorator.py
[2024-10-19T14:19:49.672+0000] {processor.py:925} INFO - DAG(s) 'example_short_circuit_decorator' retrieved from /home/airflow/.local/lib/python3.12/site-packages/airflow/example_dags/example_short_circuit_decorator.py
[2024-10-19T14:19:49.694+0000] {logging_mixin.py:190} INFO - [2024-10-19T14:19:49.694+0000] {dag.py:3239} INFO - Sync 1 DAGs
[2024-10-19T14:19:49.710+0000] {logging_mixin.py:190} INFO - [2024-10-19T14:19:49.710+0000] {dag.py:4180} INFO - Setting next_dagrun for example_short_circuit_decorator to None, run_after=None
[2024-10-19T14:19:49.737+0000] {processor.py:208} INFO - Processing /home/airflow/.local/lib/python3.12/site-packages/airflow/example_dags/example_short_circuit_decorator.py took 0.082 seconds
[2024-10-19T14:20:19.969+0000] {processor.py:186} INFO - Started process (PID=221) to work on /home/airflow/.local/lib/python3.12/site-packages/airflow/example_dags/example_short_circuit_decorator.py
[2024-10-19T14:20:19.970+0000] {processor.py:914} INFO - Processing file /home/airflow/.local/lib/python3.12/site-packages/airflow/example_dags/example_short_circuit_decorator.py for tasks to queue
[2024-10-19T14:20:19.972+0000] {logging_mixin.py:190} INFO - [2024-10-19T14:20:19.972+0000] {dagbag.py:588} INFO - Filling up the DagBag from /home/airflow/.local/lib/python3.12/site-packages/airflow/example_dags/example_short_circuit_decorator.py
[2024-10-19T14:20:19.983+0000] {processor.py:925} INFO - DAG(s) 'example_short_circuit_decorator' retrieved from /home/airflow/.local/lib/python3.12/site-packages/airflow/example_dags/example_short_circuit_decorator.py
[2024-10-19T14:20:20.004+0000] {logging_mixin.py:190} INFO - [2024-10-19T14:20:20.003+0000] {dag.py:3239} INFO - Sync 1 DAGs
[2024-10-19T14:20:20.017+0000] {logging_mixin.py:190} INFO - [2024-10-19T14:20:20.017+0000] {dag.py:4180} INFO - Setting next_dagrun for example_short_circuit_decorator to None, run_after=None
[2024-10-19T14:20:20.034+0000] {processor.py:208} INFO - Processing /home/airflow/.local/lib/python3.12/site-packages/airflow/example_dags/example_short_circuit_decorator.py took 0.070 seconds
[2024-10-19T14:20:50.357+0000] {processor.py:186} INFO - Started process (PID=283) to work on /home/airflow/.local/lib/python3.12/site-packages/airflow/example_dags/example_short_circuit_decorator.py
[2024-10-19T14:20:50.358+0000] {processor.py:914} INFO - Processing file /home/airflow/.local/lib/python3.12/site-packages/airflow/example_dags/example_short_circuit_decorator.py for tasks to queue
[2024-10-19T14:20:50.360+0000] {logging_mixin.py:190} INFO - [2024-10-19T14:20:50.360+0000] {dagbag.py:588} INFO - Filling up the DagBag from /home/airflow/.local/lib/python3.12/site-packages/airflow/example_dags/example_short_circuit_decorator.py
[2024-10-19T14:20:50.367+0000] {processor.py:925} INFO - DAG(s) 'example_short_circuit_decorator' retrieved from /home/airflow/.local/lib/python3.12/site-packages/airflow/example_dags/example_short_circuit_decorator.py
[2024-10-19T14:20:50.386+0000] {logging_mixin.py:190} INFO - [2024-10-19T14:20:50.386+0000] {dag.py:3239} INFO - Sync 1 DAGs
[2024-10-19T14:20:50.396+0000] {logging_mixin.py:190} INFO - [2024-10-19T14:20:50.396+0000] {dag.py:4180} INFO - Setting next_dagrun for example_short_circuit_decorator to None, run_after=None
[2024-10-19T14:20:50.414+0000] {processor.py:208} INFO - Processing /home/airflow/.local/lib/python3.12/site-packages/airflow/example_dags/example_short_circuit_decorator.py took 0.062 seconds
[2024-10-19T14:21:20.779+0000] {processor.py:186} INFO - Started process (PID=344) to work on /home/airflow/.local/lib/python3.12/site-packages/airflow/example_dags/example_short_circuit_decorator.py
[2024-10-19T14:21:20.780+0000] {processor.py:914} INFO - Processing file /home/airflow/.local/lib/python3.12/site-packages/airflow/example_dags/example_short_circuit_decorator.py for tasks to queue
[2024-10-19T14:21:20.783+0000] {logging_mixin.py:190} INFO - [2024-10-19T14:21:20.782+0000] {dagbag.py:588} INFO - Filling up the DagBag from /home/airflow/.local/lib/python3.12/site-packages/airflow/example_dags/example_short_circuit_decorator.py
[2024-10-19T14:21:20.794+0000] {processor.py:925} INFO - DAG(s) 'example_short_circuit_decorator' retrieved from /home/airflow/.local/lib/python3.12/site-packages/airflow/example_dags/example_short_circuit_decorator.py
[2024-10-19T14:21:20.813+0000] {logging_mixin.py:190} INFO - [2024-10-19T14:21:20.812+0000] {dag.py:3239} INFO - Sync 1 DAGs
[2024-10-19T14:21:20.825+0000] {logging_mixin.py:190} INFO - [2024-10-19T14:21:20.824+0000] {dag.py:4180} INFO - Setting next_dagrun for example_short_circuit_decorator to None, run_after=None
[2024-10-19T14:21:20.841+0000] {processor.py:208} INFO - Processing /home/airflow/.local/lib/python3.12/site-packages/airflow/example_dags/example_short_circuit_decorator.py took 0.068 seconds
[2024-10-19T14:21:51.374+0000] {processor.py:186} INFO - Started process (PID=406) to work on /home/airflow/.local/lib/python3.12/site-packages/airflow/example_dags/example_short_circuit_decorator.py
[2024-10-19T14:21:51.375+0000] {processor.py:914} INFO - Processing file /home/airflow/.local/lib/python3.12/site-packages/airflow/example_dags/example_short_circuit_decorator.py for tasks to queue
[2024-10-19T14:21:51.377+0000] {logging_mixin.py:190} INFO - [2024-10-19T14:21:51.376+0000] {dagbag.py:588} INFO - Filling up the DagBag from /home/airflow/.local/lib/python3.12/site-packages/airflow/example_dags/example_short_circuit_decorator.py
[2024-10-19T14:21:51.384+0000] {processor.py:925} INFO - DAG(s) 'example_short_circuit_decorator' retrieved from /home/airflow/.local/lib/python3.12/site-packages/airflow/example_dags/example_short_circuit_decorator.py
[2024-10-19T14:21:51.407+0000] {logging_mixin.py:190} INFO - [2024-10-19T14:21:51.407+0000] {dag.py:3239} INFO - Sync 1 DAGs
[2024-10-19T14:21:51.419+0000] {logging_mixin.py:190} INFO - [2024-10-19T14:21:51.419+0000] {dag.py:4180} INFO - Setting next_dagrun for example_short_circuit_decorator to None, run_after=None
[2024-10-19T14:21:51.437+0000] {processor.py:208} INFO - Processing /home/airflow/.local/lib/python3.12/site-packages/airflow/example_dags/example_short_circuit_decorator.py took 0.068 seconds
[2024-10-19T14:22:21.674+0000] {processor.py:186} INFO - Started process (PID=468) to work on /home/airflow/.local/lib/python3.12/site-packages/airflow/example_dags/example_short_circuit_decorator.py
[2024-10-19T14:22:21.675+0000] {processor.py:914} INFO - Processing file /home/airflow/.local/lib/python3.12/site-packages/airflow/example_dags/example_short_circuit_decorator.py for tasks to queue
[2024-10-19T14:22:21.677+0000] {logging_mixin.py:190} INFO - [2024-10-19T14:22:21.677+0000] {dagbag.py:588} INFO - Filling up the DagBag from /home/airflow/.local/lib/python3.12/site-packages/airflow/example_dags/example_short_circuit_decorator.py
[2024-10-19T14:22:21.685+0000] {processor.py:925} INFO - DAG(s) 'example_short_circuit_decorator' retrieved from /home/airflow/.local/lib/python3.12/site-packages/airflow/example_dags/example_short_circuit_decorator.py
[2024-10-19T14:22:21.703+0000] {logging_mixin.py:190} INFO - [2024-10-19T14:22:21.703+0000] {dag.py:3239} INFO - Sync 1 DAGs
[2024-10-19T14:22:21.715+0000] {logging_mixin.py:190} INFO - [2024-10-19T14:22:21.715+0000] {dag.py:4180} INFO - Setting next_dagrun for example_short_circuit_decorator to None, run_after=None
[2024-10-19T14:22:21.732+0000] {processor.py:208} INFO - Processing /home/airflow/.local/lib/python3.12/site-packages/airflow/example_dags/example_short_circuit_decorator.py took 0.063 seconds
[2024-10-19T14:22:52.272+0000] {processor.py:186} INFO - Started process (PID=530) to work on /home/airflow/.local/lib/python3.12/site-packages/airflow/example_dags/example_short_circuit_decorator.py
[2024-10-19T14:22:52.273+0000] {processor.py:914} INFO - Processing file /home/airflow/.local/lib/python3.12/site-packages/airflow/example_dags/example_short_circuit_decorator.py for tasks to queue
[2024-10-19T14:22:52.275+0000] {logging_mixin.py:190} INFO - [2024-10-19T14:22:52.275+0000] {dagbag.py:588} INFO - Filling up the DagBag from /home/airflow/.local/lib/python3.12/site-packages/airflow/example_dags/example_short_circuit_decorator.py
[2024-10-19T14:22:52.284+0000] {processor.py:925} INFO - DAG(s) 'example_short_circuit_decorator' retrieved from /home/airflow/.local/lib/python3.12/site-packages/airflow/example_dags/example_short_circuit_decorator.py
[2024-10-19T14:22:52.308+0000] {logging_mixin.py:190} INFO - [2024-10-19T14:22:52.308+0000] {dag.py:3239} INFO - Sync 1 DAGs
[2024-10-19T14:22:52.324+0000] {logging_mixin.py:190} INFO - [2024-10-19T14:22:52.323+0000] {dag.py:4180} INFO - Setting next_dagrun for example_short_circuit_decorator to None, run_after=None
[2024-10-19T14:22:52.342+0000] {processor.py:208} INFO - Processing /home/airflow/.local/lib/python3.12/site-packages/airflow/example_dags/example_short_circuit_decorator.py took 0.075 seconds
[2024-10-19T14:23:22.733+0000] {processor.py:186} INFO - Started process (PID=592) to work on /home/airflow/.local/lib/python3.12/site-packages/airflow/example_dags/example_short_circuit_decorator.py
[2024-10-19T14:23:22.734+0000] {processor.py:914} INFO - Processing file /home/airflow/.local/lib/python3.12/site-packages/airflow/example_dags/example_short_circuit_decorator.py for tasks to queue
[2024-10-19T14:23:22.735+0000] {logging_mixin.py:190} INFO - [2024-10-19T14:23:22.735+0000] {dagbag.py:588} INFO - Filling up the DagBag from /home/airflow/.local/lib/python3.12/site-packages/airflow/example_dags/example_short_circuit_decorator.py
[2024-10-19T14:23:22.743+0000] {processor.py:925} INFO - DAG(s) 'example_short_circuit_decorator' retrieved from /home/airflow/.local/lib/python3.12/site-packages/airflow/example_dags/example_short_circuit_decorator.py
[2024-10-19T14:23:22.762+0000] {logging_mixin.py:190} INFO - [2024-10-19T14:23:22.762+0000] {dag.py:3239} INFO - Sync 1 DAGs
[2024-10-19T14:23:22.775+0000] {logging_mixin.py:190} INFO - [2024-10-19T14:23:22.775+0000] {dag.py:4180} INFO - Setting next_dagrun for example_short_circuit_decorator to None, run_after=None
[2024-10-19T14:23:22.793+0000] {processor.py:208} INFO - Processing /home/airflow/.local/lib/python3.12/site-packages/airflow/example_dags/example_short_circuit_decorator.py took 0.065 seconds
[2024-10-19T14:23:53.308+0000] {processor.py:186} INFO - Started process (PID=654) to work on /home/airflow/.local/lib/python3.12/site-packages/airflow/example_dags/example_short_circuit_decorator.py
[2024-10-19T14:23:53.309+0000] {processor.py:914} INFO - Processing file /home/airflow/.local/lib/python3.12/site-packages/airflow/example_dags/example_short_circuit_decorator.py for tasks to queue
[2024-10-19T14:23:53.311+0000] {logging_mixin.py:190} INFO - [2024-10-19T14:23:53.311+0000] {dagbag.py:588} INFO - Filling up the DagBag from /home/airflow/.local/lib/python3.12/site-packages/airflow/example_dags/example_short_circuit_decorator.py
[2024-10-19T14:23:53.321+0000] {processor.py:925} INFO - DAG(s) 'example_short_circuit_decorator' retrieved from /home/airflow/.local/lib/python3.12/site-packages/airflow/example_dags/example_short_circuit_decorator.py
[2024-10-19T14:23:53.340+0000] {logging_mixin.py:190} INFO - [2024-10-19T14:23:53.340+0000] {dag.py:3239} INFO - Sync 1 DAGs
[2024-10-19T14:23:53.353+0000] {logging_mixin.py:190} INFO - [2024-10-19T14:23:53.353+0000] {dag.py:4180} INFO - Setting next_dagrun for example_short_circuit_decorator to None, run_after=None
[2024-10-19T14:23:53.371+0000] {processor.py:208} INFO - Processing /home/airflow/.local/lib/python3.12/site-packages/airflow/example_dags/example_short_circuit_decorator.py took 0.068 seconds
[2024-10-19T14:24:24.313+0000] {processor.py:186} INFO - Started process (PID=716) to work on /home/airflow/.local/lib/python3.12/site-packages/airflow/example_dags/example_short_circuit_decorator.py
[2024-10-19T14:24:24.314+0000] {processor.py:914} INFO - Processing file /home/airflow/.local/lib/python3.12/site-packages/airflow/example_dags/example_short_circuit_decorator.py for tasks to queue
[2024-10-19T14:24:24.316+0000] {logging_mixin.py:190} INFO - [2024-10-19T14:24:24.316+0000] {dagbag.py:588} INFO - Filling up the DagBag from /home/airflow/.local/lib/python3.12/site-packages/airflow/example_dags/example_short_circuit_decorator.py
[2024-10-19T14:24:24.325+0000] {processor.py:925} INFO - DAG(s) 'example_short_circuit_decorator' retrieved from /home/airflow/.local/lib/python3.12/site-packages/airflow/example_dags/example_short_circuit_decorator.py
[2024-10-19T14:24:24.351+0000] {logging_mixin.py:190} INFO - [2024-10-19T14:24:24.351+0000] {dag.py:3239} INFO - Sync 1 DAGs
[2024-10-19T14:24:24.368+0000] {logging_mixin.py:190} INFO - [2024-10-19T14:24:24.367+0000] {dag.py:4180} INFO - Setting next_dagrun for example_short_circuit_decorator to None, run_after=None
[2024-10-19T14:24:24.388+0000] {processor.py:208} INFO - Processing /home/airflow/.local/lib/python3.12/site-packages/airflow/example_dags/example_short_circuit_decorator.py took 0.081 seconds
[2024-10-19T14:24:55.137+0000] {processor.py:186} INFO - Started process (PID=778) to work on /home/airflow/.local/lib/python3.12/site-packages/airflow/example_dags/example_short_circuit_decorator.py
[2024-10-19T14:24:55.138+0000] {processor.py:914} INFO - Processing file /home/airflow/.local/lib/python3.12/site-packages/airflow/example_dags/example_short_circuit_decorator.py for tasks to queue
[2024-10-19T14:24:55.140+0000] {logging_mixin.py:190} INFO - [2024-10-19T14:24:55.140+0000] {dagbag.py:588} INFO - Filling up the DagBag from /home/airflow/.local/lib/python3.12/site-packages/airflow/example_dags/example_short_circuit_decorator.py
[2024-10-19T14:24:55.149+0000] {processor.py:925} INFO - DAG(s) 'example_short_circuit_decorator' retrieved from /home/airflow/.local/lib/python3.12/site-packages/airflow/example_dags/example_short_circuit_decorator.py
[2024-10-19T14:24:55.173+0000] {logging_mixin.py:190} INFO - [2024-10-19T14:24:55.172+0000] {dag.py:3239} INFO - Sync 1 DAGs
[2024-10-19T14:24:55.187+0000] {logging_mixin.py:190} INFO - [2024-10-19T14:24:55.187+0000] {dag.py:4180} INFO - Setting next_dagrun for example_short_circuit_decorator to None, run_after=None
[2024-10-19T14:24:55.206+0000] {processor.py:208} INFO - Processing /home/airflow/.local/lib/python3.12/site-packages/airflow/example_dags/example_short_circuit_decorator.py took 0.074 seconds
[2024-10-19T14:25:25.433+0000] {processor.py:186} INFO - Started process (PID=840) to work on /home/airflow/.local/lib/python3.12/site-packages/airflow/example_dags/example_short_circuit_decorator.py
[2024-10-19T14:25:25.434+0000] {processor.py:914} INFO - Processing file /home/airflow/.local/lib/python3.12/site-packages/airflow/example_dags/example_short_circuit_decorator.py for tasks to queue
[2024-10-19T14:25:25.436+0000] {logging_mixin.py:190} INFO - [2024-10-19T14:25:25.436+0000] {dagbag.py:588} INFO - Filling up the DagBag from /home/airflow/.local/lib/python3.12/site-packages/airflow/example_dags/example_short_circuit_decorator.py
[2024-10-19T14:25:25.444+0000] {processor.py:925} INFO - DAG(s) 'example_short_circuit_decorator' retrieved from /home/airflow/.local/lib/python3.12/site-packages/airflow/example_dags/example_short_circuit_decorator.py
[2024-10-19T14:25:25.465+0000] {logging_mixin.py:190} INFO - [2024-10-19T14:25:25.465+0000] {dag.py:3239} INFO - Sync 1 DAGs
[2024-10-19T14:25:25.477+0000] {logging_mixin.py:190} INFO - [2024-10-19T14:25:25.477+0000] {dag.py:4180} INFO - Setting next_dagrun for example_short_circuit_decorator to None, run_after=None
[2024-10-19T14:25:25.497+0000] {processor.py:208} INFO - Processing /home/airflow/.local/lib/python3.12/site-packages/airflow/example_dags/example_short_circuit_decorator.py took 0.069 seconds
[2024-10-19T14:25:55.686+0000] {processor.py:186} INFO - Started process (PID=902) to work on /home/airflow/.local/lib/python3.12/site-packages/airflow/example_dags/example_short_circuit_decorator.py
[2024-10-19T14:25:55.687+0000] {processor.py:914} INFO - Processing file /home/airflow/.local/lib/python3.12/site-packages/airflow/example_dags/example_short_circuit_decorator.py for tasks to queue
[2024-10-19T14:25:55.689+0000] {logging_mixin.py:190} INFO - [2024-10-19T14:25:55.689+0000] {dagbag.py:588} INFO - Filling up the DagBag from /home/airflow/.local/lib/python3.12/site-packages/airflow/example_dags/example_short_circuit_decorator.py
[2024-10-19T14:25:55.698+0000] {processor.py:925} INFO - DAG(s) 'example_short_circuit_decorator' retrieved from /home/airflow/.local/lib/python3.12/site-packages/airflow/example_dags/example_short_circuit_decorator.py
[2024-10-19T14:25:55.721+0000] {logging_mixin.py:190} INFO - [2024-10-19T14:25:55.721+0000] {dag.py:3239} INFO - Sync 1 DAGs
[2024-10-19T14:25:55.737+0000] {logging_mixin.py:190} INFO - [2024-10-19T14:25:55.737+0000] {dag.py:4180} INFO - Setting next_dagrun for example_short_circuit_decorator to None, run_after=None
[2024-10-19T14:25:55.757+0000] {processor.py:208} INFO - Processing /home/airflow/.local/lib/python3.12/site-packages/airflow/example_dags/example_short_circuit_decorator.py took 0.077 seconds
[2024-10-19T14:26:26.286+0000] {processor.py:186} INFO - Started process (PID=964) to work on /home/airflow/.local/lib/python3.12/site-packages/airflow/example_dags/example_short_circuit_decorator.py
[2024-10-19T14:26:26.287+0000] {processor.py:914} INFO - Processing file /home/airflow/.local/lib/python3.12/site-packages/airflow/example_dags/example_short_circuit_decorator.py for tasks to queue
[2024-10-19T14:26:26.290+0000] {logging_mixin.py:190} INFO - [2024-10-19T14:26:26.289+0000] {dagbag.py:588} INFO - Filling up the DagBag from /home/airflow/.local/lib/python3.12/site-packages/airflow/example_dags/example_short_circuit_decorator.py
[2024-10-19T14:26:26.302+0000] {processor.py:925} INFO - DAG(s) 'example_short_circuit_decorator' retrieved from /home/airflow/.local/lib/python3.12/site-packages/airflow/example_dags/example_short_circuit_decorator.py
[2024-10-19T14:26:26.324+0000] {logging_mixin.py:190} INFO - [2024-10-19T14:26:26.323+0000] {dag.py:3239} INFO - Sync 1 DAGs
[2024-10-19T14:26:26.338+0000] {logging_mixin.py:190} INFO - [2024-10-19T14:26:26.338+0000] {dag.py:4180} INFO - Setting next_dagrun for example_short_circuit_decorator to None, run_after=None
[2024-10-19T14:26:26.360+0000] {processor.py:208} INFO - Processing /home/airflow/.local/lib/python3.12/site-packages/airflow/example_dags/example_short_circuit_decorator.py took 0.080 seconds
[2024-10-19T14:26:56.502+0000] {processor.py:186} INFO - Started process (PID=1026) to work on /home/airflow/.local/lib/python3.12/site-packages/airflow/example_dags/example_short_circuit_decorator.py
[2024-10-19T14:26:56.503+0000] {processor.py:914} INFO - Processing file /home/airflow/.local/lib/python3.12/site-packages/airflow/example_dags/example_short_circuit_decorator.py for tasks to queue
[2024-10-19T14:26:56.506+0000] {logging_mixin.py:190} INFO - [2024-10-19T14:26:56.506+0000] {dagbag.py:588} INFO - Filling up the DagBag from /home/airflow/.local/lib/python3.12/site-packages/airflow/example_dags/example_short_circuit_decorator.py
[2024-10-19T14:26:56.515+0000] {processor.py:925} INFO - DAG(s) 'example_short_circuit_decorator' retrieved from /home/airflow/.local/lib/python3.12/site-packages/airflow/example_dags/example_short_circuit_decorator.py
[2024-10-19T14:26:56.534+0000] {logging_mixin.py:190} INFO - [2024-10-19T14:26:56.534+0000] {dag.py:3239} INFO - Sync 1 DAGs
[2024-10-19T14:26:56.549+0000] {logging_mixin.py:190} INFO - [2024-10-19T14:26:56.549+0000] {dag.py:4180} INFO - Setting next_dagrun for example_short_circuit_decorator to None, run_after=None
[2024-10-19T14:26:56.569+0000] {processor.py:208} INFO - Processing /home/airflow/.local/lib/python3.12/site-packages/airflow/example_dags/example_short_circuit_decorator.py took 0.072 seconds
[2024-10-19T14:27:26.935+0000] {processor.py:186} INFO - Started process (PID=1088) to work on /home/airflow/.local/lib/python3.12/site-packages/airflow/example_dags/example_short_circuit_decorator.py
[2024-10-19T14:27:26.936+0000] {processor.py:914} INFO - Processing file /home/airflow/.local/lib/python3.12/site-packages/airflow/example_dags/example_short_circuit_decorator.py for tasks to queue
[2024-10-19T14:27:26.939+0000] {logging_mixin.py:190} INFO - [2024-10-19T14:27:26.939+0000] {dagbag.py:588} INFO - Filling up the DagBag from /home/airflow/.local/lib/python3.12/site-packages/airflow/example_dags/example_short_circuit_decorator.py
[2024-10-19T14:27:26.947+0000] {processor.py:925} INFO - DAG(s) 'example_short_circuit_decorator' retrieved from /home/airflow/.local/lib/python3.12/site-packages/airflow/example_dags/example_short_circuit_decorator.py
[2024-10-19T14:27:26.969+0000] {logging_mixin.py:190} INFO - [2024-10-19T14:27:26.969+0000] {dag.py:3239} INFO - Sync 1 DAGs
[2024-10-19T14:27:26.984+0000] {logging_mixin.py:190} INFO - [2024-10-19T14:27:26.984+0000] {dag.py:4180} INFO - Setting next_dagrun for example_short_circuit_decorator to None, run_after=None
[2024-10-19T14:27:27.005+0000] {processor.py:208} INFO - Processing /home/airflow/.local/lib/python3.12/site-packages/airflow/example_dags/example_short_circuit_decorator.py took 0.076 seconds
[2024-10-19T14:27:57.164+0000] {processor.py:186} INFO - Started process (PID=1150) to work on /home/airflow/.local/lib/python3.12/site-packages/airflow/example_dags/example_short_circuit_decorator.py
[2024-10-19T14:27:57.165+0000] {processor.py:914} INFO - Processing file /home/airflow/.local/lib/python3.12/site-packages/airflow/example_dags/example_short_circuit_decorator.py for tasks to queue
[2024-10-19T14:27:57.168+0000] {logging_mixin.py:190} INFO - [2024-10-19T14:27:57.167+0000] {dagbag.py:588} INFO - Filling up the DagBag from /home/airflow/.local/lib/python3.12/site-packages/airflow/example_dags/example_short_circuit_decorator.py
[2024-10-19T14:27:57.176+0000] {processor.py:925} INFO - DAG(s) 'example_short_circuit_decorator' retrieved from /home/airflow/.local/lib/python3.12/site-packages/airflow/example_dags/example_short_circuit_decorator.py
[2024-10-19T14:27:57.197+0000] {logging_mixin.py:190} INFO - [2024-10-19T14:27:57.196+0000] {dag.py:3239} INFO - Sync 1 DAGs
[2024-10-19T14:27:57.210+0000] {logging_mixin.py:190} INFO - [2024-10-19T14:27:57.209+0000] {dag.py:4180} INFO - Setting next_dagrun for example_short_circuit_decorator to None, run_after=None
[2024-10-19T14:27:57.227+0000] {processor.py:208} INFO - Processing /home/airflow/.local/lib/python3.12/site-packages/airflow/example_dags/example_short_circuit_decorator.py took 0.068 seconds
[2024-10-19T14:28:27.725+0000] {processor.py:186} INFO - Started process (PID=1212) to work on /home/airflow/.local/lib/python3.12/site-packages/airflow/example_dags/example_short_circuit_decorator.py
[2024-10-19T14:28:27.726+0000] {processor.py:914} INFO - Processing file /home/airflow/.local/lib/python3.12/site-packages/airflow/example_dags/example_short_circuit_decorator.py for tasks to queue
[2024-10-19T14:28:27.728+0000] {logging_mixin.py:190} INFO - [2024-10-19T14:28:27.728+0000] {dagbag.py:588} INFO - Filling up the DagBag from /home/airflow/.local/lib/python3.12/site-packages/airflow/example_dags/example_short_circuit_decorator.py
[2024-10-19T14:28:27.736+0000] {processor.py:925} INFO - DAG(s) 'example_short_circuit_decorator' retrieved from /home/airflow/.local/lib/python3.12/site-packages/airflow/example_dags/example_short_circuit_decorator.py
[2024-10-19T14:28:27.758+0000] {logging_mixin.py:190} INFO - [2024-10-19T14:28:27.758+0000] {dag.py:3239} INFO - Sync 1 DAGs
[2024-10-19T14:28:27.773+0000] {logging_mixin.py:190} INFO - [2024-10-19T14:28:27.773+0000] {dag.py:4180} INFO - Setting next_dagrun for example_short_circuit_decorator to None, run_after=None
[2024-10-19T14:28:27.790+0000] {processor.py:208} INFO - Processing /home/airflow/.local/lib/python3.12/site-packages/airflow/example_dags/example_short_circuit_decorator.py took 0.071 seconds
[2024-10-19T14:28:58.118+0000] {processor.py:186} INFO - Started process (PID=1274) to work on /home/airflow/.local/lib/python3.12/site-packages/airflow/example_dags/example_short_circuit_decorator.py
[2024-10-19T14:28:58.119+0000] {processor.py:914} INFO - Processing file /home/airflow/.local/lib/python3.12/site-packages/airflow/example_dags/example_short_circuit_decorator.py for tasks to queue
[2024-10-19T14:28:58.121+0000] {logging_mixin.py:190} INFO - [2024-10-19T14:28:58.121+0000] {dagbag.py:588} INFO - Filling up the DagBag from /home/airflow/.local/lib/python3.12/site-packages/airflow/example_dags/example_short_circuit_decorator.py
[2024-10-19T14:28:58.129+0000] {processor.py:925} INFO - DAG(s) 'example_short_circuit_decorator' retrieved from /home/airflow/.local/lib/python3.12/site-packages/airflow/example_dags/example_short_circuit_decorator.py
[2024-10-19T14:28:58.149+0000] {logging_mixin.py:190} INFO - [2024-10-19T14:28:58.149+0000] {dag.py:3239} INFO - Sync 1 DAGs
[2024-10-19T14:28:58.161+0000] {logging_mixin.py:190} INFO - [2024-10-19T14:28:58.161+0000] {dag.py:4180} INFO - Setting next_dagrun for example_short_circuit_decorator to None, run_after=None
[2024-10-19T14:28:58.179+0000] {processor.py:208} INFO - Processing /home/airflow/.local/lib/python3.12/site-packages/airflow/example_dags/example_short_circuit_decorator.py took 0.066 seconds
[2024-10-19T14:29:28.605+0000] {processor.py:186} INFO - Started process (PID=1337) to work on /home/airflow/.local/lib/python3.12/site-packages/airflow/example_dags/example_short_circuit_decorator.py
[2024-10-19T14:29:28.606+0000] {processor.py:914} INFO - Processing file /home/airflow/.local/lib/python3.12/site-packages/airflow/example_dags/example_short_circuit_decorator.py for tasks to queue
[2024-10-19T14:29:28.608+0000] {logging_mixin.py:190} INFO - [2024-10-19T14:29:28.608+0000] {dagbag.py:588} INFO - Filling up the DagBag from /home/airflow/.local/lib/python3.12/site-packages/airflow/example_dags/example_short_circuit_decorator.py
[2024-10-19T14:29:28.617+0000] {processor.py:925} INFO - DAG(s) 'example_short_circuit_decorator' retrieved from /home/airflow/.local/lib/python3.12/site-packages/airflow/example_dags/example_short_circuit_decorator.py
[2024-10-19T14:29:28.640+0000] {logging_mixin.py:190} INFO - [2024-10-19T14:29:28.639+0000] {dag.py:3239} INFO - Sync 1 DAGs
[2024-10-19T14:29:28.653+0000] {logging_mixin.py:190} INFO - [2024-10-19T14:29:28.652+0000] {dag.py:4180} INFO - Setting next_dagrun for example_short_circuit_decorator to None, run_after=None
[2024-10-19T14:29:28.672+0000] {processor.py:208} INFO - Processing /home/airflow/.local/lib/python3.12/site-packages/airflow/example_dags/example_short_circuit_decorator.py took 0.072 seconds
[2024-10-19T14:29:59.224+0000] {processor.py:186} INFO - Started process (PID=1400) to work on /home/airflow/.local/lib/python3.12/site-packages/airflow/example_dags/example_short_circuit_decorator.py
[2024-10-19T14:29:59.225+0000] {processor.py:914} INFO - Processing file /home/airflow/.local/lib/python3.12/site-packages/airflow/example_dags/example_short_circuit_decorator.py for tasks to queue
[2024-10-19T14:29:59.229+0000] {logging_mixin.py:190} INFO - [2024-10-19T14:29:59.228+0000] {dagbag.py:588} INFO - Filling up the DagBag from /home/airflow/.local/lib/python3.12/site-packages/airflow/example_dags/example_short_circuit_decorator.py
[2024-10-19T14:29:59.239+0000] {processor.py:925} INFO - DAG(s) 'example_short_circuit_decorator' retrieved from /home/airflow/.local/lib/python3.12/site-packages/airflow/example_dags/example_short_circuit_decorator.py
[2024-10-19T14:29:59.264+0000] {logging_mixin.py:190} INFO - [2024-10-19T14:29:59.264+0000] {dag.py:3239} INFO - Sync 1 DAGs
[2024-10-19T14:29:59.280+0000] {logging_mixin.py:190} INFO - [2024-10-19T14:29:59.280+0000] {dag.py:4180} INFO - Setting next_dagrun for example_short_circuit_decorator to None, run_after=None
[2024-10-19T14:29:59.297+0000] {processor.py:208} INFO - Processing /home/airflow/.local/lib/python3.12/site-packages/airflow/example_dags/example_short_circuit_decorator.py took 0.081 seconds
[2024-10-19T14:30:29.597+0000] {processor.py:186} INFO - Started process (PID=1463) to work on /home/airflow/.local/lib/python3.12/site-packages/airflow/example_dags/example_short_circuit_decorator.py
[2024-10-19T14:30:29.598+0000] {processor.py:914} INFO - Processing file /home/airflow/.local/lib/python3.12/site-packages/airflow/example_dags/example_short_circuit_decorator.py for tasks to queue
[2024-10-19T14:30:29.601+0000] {logging_mixin.py:190} INFO - [2024-10-19T14:30:29.600+0000] {dagbag.py:588} INFO - Filling up the DagBag from /home/airflow/.local/lib/python3.12/site-packages/airflow/example_dags/example_short_circuit_decorator.py
[2024-10-19T14:30:29.611+0000] {processor.py:925} INFO - DAG(s) 'example_short_circuit_decorator' retrieved from /home/airflow/.local/lib/python3.12/site-packages/airflow/example_dags/example_short_circuit_decorator.py
[2024-10-19T14:30:29.631+0000] {logging_mixin.py:190} INFO - [2024-10-19T14:30:29.631+0000] {dag.py:3239} INFO - Sync 1 DAGs
[2024-10-19T14:30:29.643+0000] {logging_mixin.py:190} INFO - [2024-10-19T14:30:29.642+0000] {dag.py:4180} INFO - Setting next_dagrun for example_short_circuit_decorator to None, run_after=None
[2024-10-19T14:30:29.665+0000] {processor.py:208} INFO - Processing /home/airflow/.local/lib/python3.12/site-packages/airflow/example_dags/example_short_circuit_decorator.py took 0.075 seconds
[2024-10-19T14:31:00.271+0000] {processor.py:186} INFO - Started process (PID=1526) to work on /home/airflow/.local/lib/python3.12/site-packages/airflow/example_dags/example_short_circuit_decorator.py
[2024-10-19T14:31:00.272+0000] {processor.py:914} INFO - Processing file /home/airflow/.local/lib/python3.12/site-packages/airflow/example_dags/example_short_circuit_decorator.py for tasks to queue
[2024-10-19T14:31:00.274+0000] {logging_mixin.py:190} INFO - [2024-10-19T14:31:00.274+0000] {dagbag.py:588} INFO - Filling up the DagBag from /home/airflow/.local/lib/python3.12/site-packages/airflow/example_dags/example_short_circuit_decorator.py
[2024-10-19T14:31:00.283+0000] {processor.py:925} INFO - DAG(s) 'example_short_circuit_decorator' retrieved from /home/airflow/.local/lib/python3.12/site-packages/airflow/example_dags/example_short_circuit_decorator.py
[2024-10-19T14:31:00.306+0000] {logging_mixin.py:190} INFO - [2024-10-19T14:31:00.306+0000] {dag.py:3239} INFO - Sync 1 DAGs
[2024-10-19T14:31:00.319+0000] {logging_mixin.py:190} INFO - [2024-10-19T14:31:00.319+0000] {dag.py:4180} INFO - Setting next_dagrun for example_short_circuit_decorator to None, run_after=None
[2024-10-19T14:31:00.341+0000] {processor.py:208} INFO - Processing /home/airflow/.local/lib/python3.12/site-packages/airflow/example_dags/example_short_circuit_decorator.py took 0.075 seconds
[2024-10-19T14:31:30.892+0000] {processor.py:186} INFO - Started process (PID=1589) to work on /home/airflow/.local/lib/python3.12/site-packages/airflow/example_dags/example_short_circuit_decorator.py
[2024-10-19T14:31:30.893+0000] {processor.py:914} INFO - Processing file /home/airflow/.local/lib/python3.12/site-packages/airflow/example_dags/example_short_circuit_decorator.py for tasks to queue
[2024-10-19T14:31:30.895+0000] {logging_mixin.py:190} INFO - [2024-10-19T14:31:30.895+0000] {dagbag.py:588} INFO - Filling up the DagBag from /home/airflow/.local/lib/python3.12/site-packages/airflow/example_dags/example_short_circuit_decorator.py
[2024-10-19T14:31:30.905+0000] {processor.py:925} INFO - DAG(s) 'example_short_circuit_decorator' retrieved from /home/airflow/.local/lib/python3.12/site-packages/airflow/example_dags/example_short_circuit_decorator.py
[2024-10-19T14:31:30.926+0000] {logging_mixin.py:190} INFO - [2024-10-19T14:31:30.926+0000] {dag.py:3239} INFO - Sync 1 DAGs
[2024-10-19T14:31:30.939+0000] {logging_mixin.py:190} INFO - [2024-10-19T14:31:30.939+0000] {dag.py:4180} INFO - Setting next_dagrun for example_short_circuit_decorator to None, run_after=None
[2024-10-19T14:31:30.963+0000] {processor.py:208} INFO - Processing /home/airflow/.local/lib/python3.12/site-packages/airflow/example_dags/example_short_circuit_decorator.py took 0.076 seconds
[2024-10-19T14:32:01.370+0000] {processor.py:186} INFO - Started process (PID=1652) to work on /home/airflow/.local/lib/python3.12/site-packages/airflow/example_dags/example_short_circuit_decorator.py
[2024-10-19T14:32:01.375+0000] {processor.py:914} INFO - Processing file /home/airflow/.local/lib/python3.12/site-packages/airflow/example_dags/example_short_circuit_decorator.py for tasks to queue
[2024-10-19T14:32:01.380+0000] {logging_mixin.py:190} INFO - [2024-10-19T14:32:01.380+0000] {dagbag.py:588} INFO - Filling up the DagBag from /home/airflow/.local/lib/python3.12/site-packages/airflow/example_dags/example_short_circuit_decorator.py
[2024-10-19T14:32:01.390+0000] {processor.py:925} INFO - DAG(s) 'example_short_circuit_decorator' retrieved from /home/airflow/.local/lib/python3.12/site-packages/airflow/example_dags/example_short_circuit_decorator.py
[2024-10-19T14:32:01.412+0000] {logging_mixin.py:190} INFO - [2024-10-19T14:32:01.412+0000] {dag.py:3239} INFO - Sync 1 DAGs
[2024-10-19T14:32:01.427+0000] {logging_mixin.py:190} INFO - [2024-10-19T14:32:01.427+0000] {dag.py:4180} INFO - Setting next_dagrun for example_short_circuit_decorator to None, run_after=None
[2024-10-19T14:32:01.443+0000] {processor.py:208} INFO - Processing /home/airflow/.local/lib/python3.12/site-packages/airflow/example_dags/example_short_circuit_decorator.py took 0.081 seconds
[2024-10-19T14:32:31.744+0000] {processor.py:186} INFO - Started process (PID=1715) to work on /home/airflow/.local/lib/python3.12/site-packages/airflow/example_dags/example_short_circuit_decorator.py
[2024-10-19T14:32:31.745+0000] {processor.py:914} INFO - Processing file /home/airflow/.local/lib/python3.12/site-packages/airflow/example_dags/example_short_circuit_decorator.py for tasks to queue
[2024-10-19T14:32:31.748+0000] {logging_mixin.py:190} INFO - [2024-10-19T14:32:31.748+0000] {dagbag.py:588} INFO - Filling up the DagBag from /home/airflow/.local/lib/python3.12/site-packages/airflow/example_dags/example_short_circuit_decorator.py
[2024-10-19T14:32:31.759+0000] {processor.py:925} INFO - DAG(s) 'example_short_circuit_decorator' retrieved from /home/airflow/.local/lib/python3.12/site-packages/airflow/example_dags/example_short_circuit_decorator.py
[2024-10-19T14:32:31.782+0000] {logging_mixin.py:190} INFO - [2024-10-19T14:32:31.781+0000] {dag.py:3239} INFO - Sync 1 DAGs
[2024-10-19T14:32:31.797+0000] {logging_mixin.py:190} INFO - [2024-10-19T14:32:31.796+0000] {dag.py:4180} INFO - Setting next_dagrun for example_short_circuit_decorator to None, run_after=None
[2024-10-19T14:32:31.813+0000] {processor.py:208} INFO - Processing /home/airflow/.local/lib/python3.12/site-packages/airflow/example_dags/example_short_circuit_decorator.py took 0.075 seconds
[2024-10-19T14:33:02.391+0000] {processor.py:186} INFO - Started process (PID=1778) to work on /home/airflow/.local/lib/python3.12/site-packages/airflow/example_dags/example_short_circuit_decorator.py
[2024-10-19T14:33:02.392+0000] {processor.py:914} INFO - Processing file /home/airflow/.local/lib/python3.12/site-packages/airflow/example_dags/example_short_circuit_decorator.py for tasks to queue
[2024-10-19T14:33:02.394+0000] {logging_mixin.py:190} INFO - [2024-10-19T14:33:02.394+0000] {dagbag.py:588} INFO - Filling up the DagBag from /home/airflow/.local/lib/python3.12/site-packages/airflow/example_dags/example_short_circuit_decorator.py
[2024-10-19T14:33:02.402+0000] {processor.py:925} INFO - DAG(s) 'example_short_circuit_decorator' retrieved from /home/airflow/.local/lib/python3.12/site-packages/airflow/example_dags/example_short_circuit_decorator.py
[2024-10-19T14:33:02.426+0000] {logging_mixin.py:190} INFO - [2024-10-19T14:33:02.425+0000] {dag.py:3239} INFO - Sync 1 DAGs
[2024-10-19T14:33:02.438+0000] {logging_mixin.py:190} INFO - [2024-10-19T14:33:02.438+0000] {dag.py:4180} INFO - Setting next_dagrun for example_short_circuit_decorator to None, run_after=None
[2024-10-19T14:33:02.459+0000] {processor.py:208} INFO - Processing /home/airflow/.local/lib/python3.12/site-packages/airflow/example_dags/example_short_circuit_decorator.py took 0.074 seconds
[2024-10-19T14:33:33.228+0000] {processor.py:186} INFO - Started process (PID=1841) to work on /home/airflow/.local/lib/python3.12/site-packages/airflow/example_dags/example_short_circuit_decorator.py
[2024-10-19T14:33:33.229+0000] {processor.py:914} INFO - Processing file /home/airflow/.local/lib/python3.12/site-packages/airflow/example_dags/example_short_circuit_decorator.py for tasks to queue
[2024-10-19T14:33:33.231+0000] {logging_mixin.py:190} INFO - [2024-10-19T14:33:33.231+0000] {dagbag.py:588} INFO - Filling up the DagBag from /home/airflow/.local/lib/python3.12/site-packages/airflow/example_dags/example_short_circuit_decorator.py
[2024-10-19T14:33:33.240+0000] {processor.py:925} INFO - DAG(s) 'example_short_circuit_decorator' retrieved from /home/airflow/.local/lib/python3.12/site-packages/airflow/example_dags/example_short_circuit_decorator.py
[2024-10-19T14:33:33.260+0000] {logging_mixin.py:190} INFO - [2024-10-19T14:33:33.260+0000] {dag.py:3239} INFO - Sync 1 DAGs
[2024-10-19T14:33:33.275+0000] {logging_mixin.py:190} INFO - [2024-10-19T14:33:33.275+0000] {dag.py:4180} INFO - Setting next_dagrun for example_short_circuit_decorator to None, run_after=None
[2024-10-19T14:33:33.292+0000] {processor.py:208} INFO - Processing /home/airflow/.local/lib/python3.12/site-packages/airflow/example_dags/example_short_circuit_decorator.py took 0.070 seconds
[2024-10-19T14:34:03.855+0000] {processor.py:186} INFO - Started process (PID=1904) to work on /home/airflow/.local/lib/python3.12/site-packages/airflow/example_dags/example_short_circuit_decorator.py
[2024-10-19T14:34:03.857+0000] {processor.py:914} INFO - Processing file /home/airflow/.local/lib/python3.12/site-packages/airflow/example_dags/example_short_circuit_decorator.py for tasks to queue
[2024-10-19T14:34:03.859+0000] {logging_mixin.py:190} INFO - [2024-10-19T14:34:03.859+0000] {dagbag.py:588} INFO - Filling up the DagBag from /home/airflow/.local/lib/python3.12/site-packages/airflow/example_dags/example_short_circuit_decorator.py
[2024-10-19T14:34:03.868+0000] {processor.py:925} INFO - DAG(s) 'example_short_circuit_decorator' retrieved from /home/airflow/.local/lib/python3.12/site-packages/airflow/example_dags/example_short_circuit_decorator.py
[2024-10-19T14:34:03.889+0000] {logging_mixin.py:190} INFO - [2024-10-19T14:34:03.889+0000] {dag.py:3239} INFO - Sync 1 DAGs
[2024-10-19T14:34:03.903+0000] {logging_mixin.py:190} INFO - [2024-10-19T14:34:03.903+0000] {dag.py:4180} INFO - Setting next_dagrun for example_short_circuit_decorator to None, run_after=None
[2024-10-19T14:34:03.921+0000] {processor.py:208} INFO - Processing /home/airflow/.local/lib/python3.12/site-packages/airflow/example_dags/example_short_circuit_decorator.py took 0.071 seconds
[2024-10-19T14:34:34.504+0000] {processor.py:186} INFO - Started process (PID=1967) to work on /home/airflow/.local/lib/python3.12/site-packages/airflow/example_dags/example_short_circuit_decorator.py
[2024-10-19T14:34:34.505+0000] {processor.py:914} INFO - Processing file /home/airflow/.local/lib/python3.12/site-packages/airflow/example_dags/example_short_circuit_decorator.py for tasks to queue
[2024-10-19T14:34:34.507+0000] {logging_mixin.py:190} INFO - [2024-10-19T14:34:34.507+0000] {dagbag.py:588} INFO - Filling up the DagBag from /home/airflow/.local/lib/python3.12/site-packages/airflow/example_dags/example_short_circuit_decorator.py
[2024-10-19T14:34:34.516+0000] {processor.py:925} INFO - DAG(s) 'example_short_circuit_decorator' retrieved from /home/airflow/.local/lib/python3.12/site-packages/airflow/example_dags/example_short_circuit_decorator.py
[2024-10-19T14:34:34.535+0000] {logging_mixin.py:190} INFO - [2024-10-19T14:34:34.534+0000] {dag.py:3239} INFO - Sync 1 DAGs
[2024-10-19T14:34:34.545+0000] {logging_mixin.py:190} INFO - [2024-10-19T14:34:34.545+0000] {dag.py:4180} INFO - Setting next_dagrun for example_short_circuit_decorator to None, run_after=None
[2024-10-19T14:34:34.563+0000] {processor.py:208} INFO - Processing /home/airflow/.local/lib/python3.12/site-packages/airflow/example_dags/example_short_circuit_decorator.py took 0.064 seconds
[2024-10-19T14:35:05.129+0000] {processor.py:186} INFO - Started process (PID=2030) to work on /home/airflow/.local/lib/python3.12/site-packages/airflow/example_dags/example_short_circuit_decorator.py
[2024-10-19T14:35:05.130+0000] {processor.py:914} INFO - Processing file /home/airflow/.local/lib/python3.12/site-packages/airflow/example_dags/example_short_circuit_decorator.py for tasks to queue
[2024-10-19T14:35:05.132+0000] {logging_mixin.py:190} INFO - [2024-10-19T14:35:05.132+0000] {dagbag.py:588} INFO - Filling up the DagBag from /home/airflow/.local/lib/python3.12/site-packages/airflow/example_dags/example_short_circuit_decorator.py
[2024-10-19T14:35:05.140+0000] {processor.py:925} INFO - DAG(s) 'example_short_circuit_decorator' retrieved from /home/airflow/.local/lib/python3.12/site-packages/airflow/example_dags/example_short_circuit_decorator.py
[2024-10-19T14:35:05.159+0000] {logging_mixin.py:190} INFO - [2024-10-19T14:35:05.159+0000] {dag.py:3239} INFO - Sync 1 DAGs
[2024-10-19T14:35:05.173+0000] {logging_mixin.py:190} INFO - [2024-10-19T14:35:05.173+0000] {dag.py:4180} INFO - Setting next_dagrun for example_short_circuit_decorator to None, run_after=None
[2024-10-19T14:35:05.190+0000] {processor.py:208} INFO - Processing /home/airflow/.local/lib/python3.12/site-packages/airflow/example_dags/example_short_circuit_decorator.py took 0.066 seconds
[2024-10-19T14:35:35.747+0000] {processor.py:186} INFO - Started process (PID=2093) to work on /home/airflow/.local/lib/python3.12/site-packages/airflow/example_dags/example_short_circuit_decorator.py
[2024-10-19T14:35:35.748+0000] {processor.py:914} INFO - Processing file /home/airflow/.local/lib/python3.12/site-packages/airflow/example_dags/example_short_circuit_decorator.py for tasks to queue
[2024-10-19T14:35:35.750+0000] {logging_mixin.py:190} INFO - [2024-10-19T14:35:35.749+0000] {dagbag.py:588} INFO - Filling up the DagBag from /home/airflow/.local/lib/python3.12/site-packages/airflow/example_dags/example_short_circuit_decorator.py
[2024-10-19T14:35:35.757+0000] {processor.py:925} INFO - DAG(s) 'example_short_circuit_decorator' retrieved from /home/airflow/.local/lib/python3.12/site-packages/airflow/example_dags/example_short_circuit_decorator.py
[2024-10-19T14:35:35.776+0000] {logging_mixin.py:190} INFO - [2024-10-19T14:35:35.776+0000] {dag.py:3239} INFO - Sync 1 DAGs
[2024-10-19T14:35:35.787+0000] {logging_mixin.py:190} INFO - [2024-10-19T14:35:35.786+0000] {dag.py:4180} INFO - Setting next_dagrun for example_short_circuit_decorator to None, run_after=None
[2024-10-19T14:35:35.803+0000] {processor.py:208} INFO - Processing /home/airflow/.local/lib/python3.12/site-packages/airflow/example_dags/example_short_circuit_decorator.py took 0.061 seconds
[2024-10-19T14:36:06.450+0000] {processor.py:186} INFO - Started process (PID=2156) to work on /home/airflow/.local/lib/python3.12/site-packages/airflow/example_dags/example_short_circuit_decorator.py
[2024-10-19T14:36:06.451+0000] {processor.py:914} INFO - Processing file /home/airflow/.local/lib/python3.12/site-packages/airflow/example_dags/example_short_circuit_decorator.py for tasks to queue
[2024-10-19T14:36:06.453+0000] {logging_mixin.py:190} INFO - [2024-10-19T14:36:06.452+0000] {dagbag.py:588} INFO - Filling up the DagBag from /home/airflow/.local/lib/python3.12/site-packages/airflow/example_dags/example_short_circuit_decorator.py
[2024-10-19T14:36:06.461+0000] {processor.py:925} INFO - DAG(s) 'example_short_circuit_decorator' retrieved from /home/airflow/.local/lib/python3.12/site-packages/airflow/example_dags/example_short_circuit_decorator.py
[2024-10-19T14:36:06.484+0000] {logging_mixin.py:190} INFO - [2024-10-19T14:36:06.484+0000] {dag.py:3239} INFO - Sync 1 DAGs
[2024-10-19T14:36:06.496+0000] {logging_mixin.py:190} INFO - [2024-10-19T14:36:06.495+0000] {dag.py:4180} INFO - Setting next_dagrun for example_short_circuit_decorator to None, run_after=None
[2024-10-19T14:36:06.515+0000] {processor.py:208} INFO - Processing /home/airflow/.local/lib/python3.12/site-packages/airflow/example_dags/example_short_circuit_decorator.py took 0.071 seconds
[2024-10-19T14:36:37.101+0000] {processor.py:186} INFO - Started process (PID=2219) to work on /home/airflow/.local/lib/python3.12/site-packages/airflow/example_dags/example_short_circuit_decorator.py
[2024-10-19T14:36:37.103+0000] {processor.py:914} INFO - Processing file /home/airflow/.local/lib/python3.12/site-packages/airflow/example_dags/example_short_circuit_decorator.py for tasks to queue
[2024-10-19T14:36:37.105+0000] {logging_mixin.py:190} INFO - [2024-10-19T14:36:37.105+0000] {dagbag.py:588} INFO - Filling up the DagBag from /home/airflow/.local/lib/python3.12/site-packages/airflow/example_dags/example_short_circuit_decorator.py
[2024-10-19T14:36:37.112+0000] {processor.py:925} INFO - DAG(s) 'example_short_circuit_decorator' retrieved from /home/airflow/.local/lib/python3.12/site-packages/airflow/example_dags/example_short_circuit_decorator.py
[2024-10-19T14:36:37.133+0000] {logging_mixin.py:190} INFO - [2024-10-19T14:36:37.132+0000] {dag.py:3239} INFO - Sync 1 DAGs
[2024-10-19T14:36:37.147+0000] {logging_mixin.py:190} INFO - [2024-10-19T14:36:37.147+0000] {dag.py:4180} INFO - Setting next_dagrun for example_short_circuit_decorator to None, run_after=None
[2024-10-19T14:36:37.181+0000] {processor.py:208} INFO - Processing /home/airflow/.local/lib/python3.12/site-packages/airflow/example_dags/example_short_circuit_decorator.py took 0.098 seconds
[2024-10-19T14:37:07.767+0000] {processor.py:186} INFO - Started process (PID=2282) to work on /home/airflow/.local/lib/python3.12/site-packages/airflow/example_dags/example_short_circuit_decorator.py
[2024-10-19T14:37:07.768+0000] {processor.py:914} INFO - Processing file /home/airflow/.local/lib/python3.12/site-packages/airflow/example_dags/example_short_circuit_decorator.py for tasks to queue
[2024-10-19T14:37:07.769+0000] {logging_mixin.py:190} INFO - [2024-10-19T14:37:07.769+0000] {dagbag.py:588} INFO - Filling up the DagBag from /home/airflow/.local/lib/python3.12/site-packages/airflow/example_dags/example_short_circuit_decorator.py
[2024-10-19T14:37:07.777+0000] {processor.py:925} INFO - DAG(s) 'example_short_circuit_decorator' retrieved from /home/airflow/.local/lib/python3.12/site-packages/airflow/example_dags/example_short_circuit_decorator.py
[2024-10-19T14:37:07.795+0000] {logging_mixin.py:190} INFO - [2024-10-19T14:37:07.794+0000] {dag.py:3239} INFO - Sync 1 DAGs
[2024-10-19T14:37:07.805+0000] {logging_mixin.py:190} INFO - [2024-10-19T14:37:07.805+0000] {dag.py:4180} INFO - Setting next_dagrun for example_short_circuit_decorator to None, run_after=None
[2024-10-19T14:37:07.821+0000] {processor.py:208} INFO - Processing /home/airflow/.local/lib/python3.12/site-packages/airflow/example_dags/example_short_circuit_decorator.py took 0.059 seconds
[2024-10-19T14:37:37.978+0000] {processor.py:186} INFO - Started process (PID=2345) to work on /home/airflow/.local/lib/python3.12/site-packages/airflow/example_dags/example_short_circuit_decorator.py
[2024-10-19T14:37:37.979+0000] {processor.py:914} INFO - Processing file /home/airflow/.local/lib/python3.12/site-packages/airflow/example_dags/example_short_circuit_decorator.py for tasks to queue
[2024-10-19T14:37:37.981+0000] {logging_mixin.py:190} INFO - [2024-10-19T14:37:37.981+0000] {dagbag.py:588} INFO - Filling up the DagBag from /home/airflow/.local/lib/python3.12/site-packages/airflow/example_dags/example_short_circuit_decorator.py
[2024-10-19T14:37:37.989+0000] {processor.py:925} INFO - DAG(s) 'example_short_circuit_decorator' retrieved from /home/airflow/.local/lib/python3.12/site-packages/airflow/example_dags/example_short_circuit_decorator.py
[2024-10-19T14:37:38.012+0000] {logging_mixin.py:190} INFO - [2024-10-19T14:37:38.012+0000] {dag.py:3239} INFO - Sync 1 DAGs
[2024-10-19T14:37:38.024+0000] {logging_mixin.py:190} INFO - [2024-10-19T14:37:38.023+0000] {dag.py:4180} INFO - Setting next_dagrun for example_short_circuit_decorator to None, run_after=None
[2024-10-19T14:37:38.043+0000] {processor.py:208} INFO - Processing /home/airflow/.local/lib/python3.12/site-packages/airflow/example_dags/example_short_circuit_decorator.py took 0.070 seconds
[2024-10-19T14:38:08.443+0000] {processor.py:186} INFO - Started process (PID=2407) to work on /home/airflow/.local/lib/python3.12/site-packages/airflow/example_dags/example_short_circuit_decorator.py
[2024-10-19T14:38:08.444+0000] {processor.py:914} INFO - Processing file /home/airflow/.local/lib/python3.12/site-packages/airflow/example_dags/example_short_circuit_decorator.py for tasks to queue
[2024-10-19T14:38:08.447+0000] {logging_mixin.py:190} INFO - [2024-10-19T14:38:08.447+0000] {dagbag.py:588} INFO - Filling up the DagBag from /home/airflow/.local/lib/python3.12/site-packages/airflow/example_dags/example_short_circuit_decorator.py
[2024-10-19T14:38:08.469+0000] {processor.py:925} INFO - DAG(s) 'example_short_circuit_decorator' retrieved from /home/airflow/.local/lib/python3.12/site-packages/airflow/example_dags/example_short_circuit_decorator.py
[2024-10-19T14:38:08.494+0000] {logging_mixin.py:190} INFO - [2024-10-19T14:38:08.494+0000] {dag.py:3239} INFO - Sync 1 DAGs
[2024-10-19T14:38:08.509+0000] {logging_mixin.py:190} INFO - [2024-10-19T14:38:08.508+0000] {dag.py:4180} INFO - Setting next_dagrun for example_short_circuit_decorator to None, run_after=None
[2024-10-19T14:38:08.530+0000] {processor.py:208} INFO - Processing /home/airflow/.local/lib/python3.12/site-packages/airflow/example_dags/example_short_circuit_decorator.py took 0.095 seconds
[2024-10-19T14:38:38.742+0000] {processor.py:186} INFO - Started process (PID=2471) to work on /home/airflow/.local/lib/python3.12/site-packages/airflow/example_dags/example_short_circuit_decorator.py
[2024-10-19T14:38:38.743+0000] {processor.py:914} INFO - Processing file /home/airflow/.local/lib/python3.12/site-packages/airflow/example_dags/example_short_circuit_decorator.py for tasks to queue
[2024-10-19T14:38:38.745+0000] {logging_mixin.py:190} INFO - [2024-10-19T14:38:38.745+0000] {dagbag.py:588} INFO - Filling up the DagBag from /home/airflow/.local/lib/python3.12/site-packages/airflow/example_dags/example_short_circuit_decorator.py
[2024-10-19T14:38:38.754+0000] {processor.py:925} INFO - DAG(s) 'example_short_circuit_decorator' retrieved from /home/airflow/.local/lib/python3.12/site-packages/airflow/example_dags/example_short_circuit_decorator.py
[2024-10-19T14:38:38.773+0000] {logging_mixin.py:190} INFO - [2024-10-19T14:38:38.773+0000] {dag.py:3239} INFO - Sync 1 DAGs
[2024-10-19T14:38:38.784+0000] {logging_mixin.py:190} INFO - [2024-10-19T14:38:38.784+0000] {dag.py:4180} INFO - Setting next_dagrun for example_short_circuit_decorator to None, run_after=None
[2024-10-19T14:38:38.800+0000] {processor.py:208} INFO - Processing /home/airflow/.local/lib/python3.12/site-packages/airflow/example_dags/example_short_circuit_decorator.py took 0.063 seconds
