[2024-10-19T14:19:17.237+0000] {processor.py:186} INFO - Started process (PID=79) to work on /home/airflow/.local/lib/python3.12/site-packages/airflow/example_dags/example_subdag_operator.py
[2024-10-19T14:19:17.238+0000] {processor.py:914} INFO - Processing file /home/airflow/.local/lib/python3.12/site-packages/airflow/example_dags/example_subdag_operator.py for tasks to queue
[2024-10-19T14:19:17.241+0000] {logging_mixin.py:190} INFO - [2024-10-19T14:19:17.241+0000] {dagbag.py:588} INFO - Filling up the DagBag from /home/airflow/.local/lib/python3.12/site-packages/airflow/example_dags/example_subdag_operator.py
[2024-10-19T14:19:17.269+0000] {processor.py:925} INFO - DAG(s) 'example_subdag_operator.section-1', 'example_subdag_operator.section-2', 'example_subdag_operator' retrieved from /home/airflow/.local/lib/python3.12/site-packages/airflow/example_dags/example_subdag_operator.py
[2024-10-19T14:19:17.286+0000] {logging_mixin.py:190} INFO - [2024-10-19T14:19:17.286+0000] {dag.py:3239} INFO - Sync 3 DAGs
[2024-10-19T14:19:17.309+0000] {logging_mixin.py:190} INFO - [2024-10-19T14:19:17.309+0000] {dag.py:4180} INFO - Setting next_dagrun for example_subdag_operator to 2022-01-01 00:00:00+00:00, run_after=2022-01-01 00:00:00+00:00
[2024-10-19T14:19:17.314+0000] {logging_mixin.py:190} INFO - [2024-10-19T14:19:17.314+0000] {dag.py:4180} INFO - Setting next_dagrun for example_subdag_operator.section-1 to None, run_after=None
[2024-10-19T14:19:17.316+0000] {logging_mixin.py:190} INFO - [2024-10-19T14:19:17.316+0000] {dag.py:4180} INFO - Setting next_dagrun for example_subdag_operator.section-2 to None, run_after=None
[2024-10-19T14:19:17.324+0000] {logging_mixin.py:190} INFO - [2024-10-19T14:19:17.324+0000] {dag.py:3239} INFO - Sync 2 DAGs
[2024-10-19T14:19:17.342+0000] {logging_mixin.py:190} INFO - [2024-10-19T14:19:17.342+0000] {dag.py:4180} INFO - Setting next_dagrun for example_subdag_operator.section-1 to None, run_after=None
[2024-10-19T14:19:17.343+0000] {logging_mixin.py:190} INFO - [2024-10-19T14:19:17.343+0000] {dag.py:4180} INFO - Setting next_dagrun for example_subdag_operator.section-2 to None, run_after=None
[2024-10-19T14:19:17.365+0000] {processor.py:208} INFO - Processing /home/airflow/.local/lib/python3.12/site-packages/airflow/example_dags/example_subdag_operator.py took 0.135 seconds
[2024-10-19T14:19:48.284+0000] {processor.py:186} INFO - Started process (PID=141) to work on /home/airflow/.local/lib/python3.12/site-packages/airflow/example_dags/example_subdag_operator.py
[2024-10-19T14:19:48.285+0000] {processor.py:914} INFO - Processing file /home/airflow/.local/lib/python3.12/site-packages/airflow/example_dags/example_subdag_operator.py for tasks to queue
[2024-10-19T14:19:48.287+0000] {logging_mixin.py:190} INFO - [2024-10-19T14:19:48.287+0000] {dagbag.py:588} INFO - Filling up the DagBag from /home/airflow/.local/lib/python3.12/site-packages/airflow/example_dags/example_subdag_operator.py
[2024-10-19T14:19:48.312+0000] {processor.py:925} INFO - DAG(s) 'example_subdag_operator.section-1', 'example_subdag_operator.section-2', 'example_subdag_operator' retrieved from /home/airflow/.local/lib/python3.12/site-packages/airflow/example_dags/example_subdag_operator.py
[2024-10-19T14:19:48.327+0000] {logging_mixin.py:190} INFO - [2024-10-19T14:19:48.326+0000] {dag.py:3239} INFO - Sync 3 DAGs
[2024-10-19T14:19:48.346+0000] {logging_mixin.py:190} INFO - [2024-10-19T14:19:48.346+0000] {dag.py:4180} INFO - Setting next_dagrun for example_subdag_operator to 2022-01-01 00:00:00+00:00, run_after=2022-01-01 00:00:00+00:00
[2024-10-19T14:19:48.350+0000] {logging_mixin.py:190} INFO - [2024-10-19T14:19:48.349+0000] {dag.py:4180} INFO - Setting next_dagrun for example_subdag_operator.section-1 to None, run_after=None
[2024-10-19T14:19:48.351+0000] {logging_mixin.py:190} INFO - [2024-10-19T14:19:48.351+0000] {dag.py:4180} INFO - Setting next_dagrun for example_subdag_operator.section-2 to None, run_after=None
[2024-10-19T14:19:48.358+0000] {logging_mixin.py:190} INFO - [2024-10-19T14:19:48.358+0000] {dag.py:3239} INFO - Sync 2 DAGs
[2024-10-19T14:19:48.364+0000] {logging_mixin.py:190} INFO - [2024-10-19T14:19:48.364+0000] {dag.py:4180} INFO - Setting next_dagrun for example_subdag_operator.section-1 to None, run_after=None
[2024-10-19T14:19:48.365+0000] {logging_mixin.py:190} INFO - [2024-10-19T14:19:48.365+0000] {dag.py:4180} INFO - Setting next_dagrun for example_subdag_operator.section-2 to None, run_after=None
[2024-10-19T14:19:48.375+0000] {processor.py:208} INFO - Processing /home/airflow/.local/lib/python3.12/site-packages/airflow/example_dags/example_subdag_operator.py took 0.097 seconds
[2024-10-19T14:20:18.778+0000] {processor.py:186} INFO - Started process (PID=202) to work on /home/airflow/.local/lib/python3.12/site-packages/airflow/example_dags/example_subdag_operator.py
[2024-10-19T14:20:18.779+0000] {processor.py:914} INFO - Processing file /home/airflow/.local/lib/python3.12/site-packages/airflow/example_dags/example_subdag_operator.py for tasks to queue
[2024-10-19T14:20:18.781+0000] {logging_mixin.py:190} INFO - [2024-10-19T14:20:18.781+0000] {dagbag.py:588} INFO - Filling up the DagBag from /home/airflow/.local/lib/python3.12/site-packages/airflow/example_dags/example_subdag_operator.py
[2024-10-19T14:20:18.803+0000] {processor.py:925} INFO - DAG(s) 'example_subdag_operator.section-1', 'example_subdag_operator.section-2', 'example_subdag_operator' retrieved from /home/airflow/.local/lib/python3.12/site-packages/airflow/example_dags/example_subdag_operator.py
[2024-10-19T14:20:18.816+0000] {logging_mixin.py:190} INFO - [2024-10-19T14:20:18.816+0000] {dag.py:3239} INFO - Sync 3 DAGs
[2024-10-19T14:20:18.834+0000] {logging_mixin.py:190} INFO - [2024-10-19T14:20:18.834+0000] {dag.py:4180} INFO - Setting next_dagrun for example_subdag_operator to 2022-01-01 00:00:00+00:00, run_after=2022-01-01 00:00:00+00:00
[2024-10-19T14:20:18.838+0000] {logging_mixin.py:190} INFO - [2024-10-19T14:20:18.837+0000] {dag.py:4180} INFO - Setting next_dagrun for example_subdag_operator.section-1 to None, run_after=None
[2024-10-19T14:20:18.839+0000] {logging_mixin.py:190} INFO - [2024-10-19T14:20:18.839+0000] {dag.py:4180} INFO - Setting next_dagrun for example_subdag_operator.section-2 to None, run_after=None
[2024-10-19T14:20:18.845+0000] {logging_mixin.py:190} INFO - [2024-10-19T14:20:18.845+0000] {dag.py:3239} INFO - Sync 2 DAGs
[2024-10-19T14:20:18.850+0000] {logging_mixin.py:190} INFO - [2024-10-19T14:20:18.850+0000] {dag.py:4180} INFO - Setting next_dagrun for example_subdag_operator.section-1 to None, run_after=None
[2024-10-19T14:20:18.851+0000] {logging_mixin.py:190} INFO - [2024-10-19T14:20:18.851+0000] {dag.py:4180} INFO - Setting next_dagrun for example_subdag_operator.section-2 to None, run_after=None
[2024-10-19T14:20:18.863+0000] {processor.py:208} INFO - Processing /home/airflow/.local/lib/python3.12/site-packages/airflow/example_dags/example_subdag_operator.py took 0.090 seconds
[2024-10-19T14:20:49.150+0000] {processor.py:186} INFO - Started process (PID=264) to work on /home/airflow/.local/lib/python3.12/site-packages/airflow/example_dags/example_subdag_operator.py
[2024-10-19T14:20:49.151+0000] {processor.py:914} INFO - Processing file /home/airflow/.local/lib/python3.12/site-packages/airflow/example_dags/example_subdag_operator.py for tasks to queue
[2024-10-19T14:20:49.154+0000] {logging_mixin.py:190} INFO - [2024-10-19T14:20:49.153+0000] {dagbag.py:588} INFO - Filling up the DagBag from /home/airflow/.local/lib/python3.12/site-packages/airflow/example_dags/example_subdag_operator.py
[2024-10-19T14:20:49.177+0000] {processor.py:925} INFO - DAG(s) 'example_subdag_operator.section-1', 'example_subdag_operator.section-2', 'example_subdag_operator' retrieved from /home/airflow/.local/lib/python3.12/site-packages/airflow/example_dags/example_subdag_operator.py
[2024-10-19T14:20:49.190+0000] {logging_mixin.py:190} INFO - [2024-10-19T14:20:49.190+0000] {dag.py:3239} INFO - Sync 3 DAGs
[2024-10-19T14:20:49.208+0000] {logging_mixin.py:190} INFO - [2024-10-19T14:20:49.208+0000] {dag.py:4180} INFO - Setting next_dagrun for example_subdag_operator to 2022-01-01 00:00:00+00:00, run_after=2022-01-01 00:00:00+00:00
[2024-10-19T14:20:49.212+0000] {logging_mixin.py:190} INFO - [2024-10-19T14:20:49.212+0000] {dag.py:4180} INFO - Setting next_dagrun for example_subdag_operator.section-1 to None, run_after=None
[2024-10-19T14:20:49.214+0000] {logging_mixin.py:190} INFO - [2024-10-19T14:20:49.214+0000] {dag.py:4180} INFO - Setting next_dagrun for example_subdag_operator.section-2 to None, run_after=None
[2024-10-19T14:20:49.220+0000] {logging_mixin.py:190} INFO - [2024-10-19T14:20:49.220+0000] {dag.py:3239} INFO - Sync 2 DAGs
[2024-10-19T14:20:49.225+0000] {logging_mixin.py:190} INFO - [2024-10-19T14:20:49.225+0000] {dag.py:4180} INFO - Setting next_dagrun for example_subdag_operator.section-1 to None, run_after=None
[2024-10-19T14:20:49.226+0000] {logging_mixin.py:190} INFO - [2024-10-19T14:20:49.226+0000] {dag.py:4180} INFO - Setting next_dagrun for example_subdag_operator.section-2 to None, run_after=None
[2024-10-19T14:20:49.237+0000] {processor.py:208} INFO - Processing /home/airflow/.local/lib/python3.12/site-packages/airflow/example_dags/example_subdag_operator.py took 0.091 seconds
[2024-10-19T14:21:19.530+0000] {processor.py:186} INFO - Started process (PID=325) to work on /home/airflow/.local/lib/python3.12/site-packages/airflow/example_dags/example_subdag_operator.py
[2024-10-19T14:21:19.531+0000] {processor.py:914} INFO - Processing file /home/airflow/.local/lib/python3.12/site-packages/airflow/example_dags/example_subdag_operator.py for tasks to queue
[2024-10-19T14:21:19.533+0000] {logging_mixin.py:190} INFO - [2024-10-19T14:21:19.533+0000] {dagbag.py:588} INFO - Filling up the DagBag from /home/airflow/.local/lib/python3.12/site-packages/airflow/example_dags/example_subdag_operator.py
[2024-10-19T14:21:19.567+0000] {processor.py:925} INFO - DAG(s) 'example_subdag_operator.section-1', 'example_subdag_operator.section-2', 'example_subdag_operator' retrieved from /home/airflow/.local/lib/python3.12/site-packages/airflow/example_dags/example_subdag_operator.py
[2024-10-19T14:21:19.582+0000] {logging_mixin.py:190} INFO - [2024-10-19T14:21:19.582+0000] {dag.py:3239} INFO - Sync 3 DAGs
[2024-10-19T14:21:19.604+0000] {logging_mixin.py:190} INFO - [2024-10-19T14:21:19.604+0000] {dag.py:4180} INFO - Setting next_dagrun for example_subdag_operator to 2022-01-01 00:00:00+00:00, run_after=2022-01-01 00:00:00+00:00
[2024-10-19T14:21:19.607+0000] {logging_mixin.py:190} INFO - [2024-10-19T14:21:19.607+0000] {dag.py:4180} INFO - Setting next_dagrun for example_subdag_operator.section-1 to None, run_after=None
[2024-10-19T14:21:19.609+0000] {logging_mixin.py:190} INFO - [2024-10-19T14:21:19.609+0000] {dag.py:4180} INFO - Setting next_dagrun for example_subdag_operator.section-2 to None, run_after=None
[2024-10-19T14:21:19.615+0000] {logging_mixin.py:190} INFO - [2024-10-19T14:21:19.615+0000] {dag.py:3239} INFO - Sync 2 DAGs
[2024-10-19T14:21:19.619+0000] {logging_mixin.py:190} INFO - [2024-10-19T14:21:19.619+0000] {dag.py:4180} INFO - Setting next_dagrun for example_subdag_operator.section-1 to None, run_after=None
[2024-10-19T14:21:19.620+0000] {logging_mixin.py:190} INFO - [2024-10-19T14:21:19.619+0000] {dag.py:4180} INFO - Setting next_dagrun for example_subdag_operator.section-2 to None, run_after=None
[2024-10-19T14:21:19.630+0000] {processor.py:208} INFO - Processing /home/airflow/.local/lib/python3.12/site-packages/airflow/example_dags/example_subdag_operator.py took 0.106 seconds
[2024-10-19T14:21:50.159+0000] {processor.py:186} INFO - Started process (PID=387) to work on /home/airflow/.local/lib/python3.12/site-packages/airflow/example_dags/example_subdag_operator.py
[2024-10-19T14:21:50.160+0000] {processor.py:914} INFO - Processing file /home/airflow/.local/lib/python3.12/site-packages/airflow/example_dags/example_subdag_operator.py for tasks to queue
[2024-10-19T14:21:50.163+0000] {logging_mixin.py:190} INFO - [2024-10-19T14:21:50.162+0000] {dagbag.py:588} INFO - Filling up the DagBag from /home/airflow/.local/lib/python3.12/site-packages/airflow/example_dags/example_subdag_operator.py
[2024-10-19T14:21:50.188+0000] {processor.py:925} INFO - DAG(s) 'example_subdag_operator.section-1', 'example_subdag_operator.section-2', 'example_subdag_operator' retrieved from /home/airflow/.local/lib/python3.12/site-packages/airflow/example_dags/example_subdag_operator.py
[2024-10-19T14:21:50.202+0000] {logging_mixin.py:190} INFO - [2024-10-19T14:21:50.202+0000] {dag.py:3239} INFO - Sync 3 DAGs
[2024-10-19T14:21:50.224+0000] {logging_mixin.py:190} INFO - [2024-10-19T14:21:50.224+0000] {dag.py:4180} INFO - Setting next_dagrun for example_subdag_operator to 2022-01-01 00:00:00+00:00, run_after=2022-01-01 00:00:00+00:00
[2024-10-19T14:21:50.228+0000] {logging_mixin.py:190} INFO - [2024-10-19T14:21:50.227+0000] {dag.py:4180} INFO - Setting next_dagrun for example_subdag_operator.section-1 to None, run_after=None
[2024-10-19T14:21:50.229+0000] {logging_mixin.py:190} INFO - [2024-10-19T14:21:50.229+0000] {dag.py:4180} INFO - Setting next_dagrun for example_subdag_operator.section-2 to None, run_after=None
[2024-10-19T14:21:50.236+0000] {logging_mixin.py:190} INFO - [2024-10-19T14:21:50.236+0000] {dag.py:3239} INFO - Sync 2 DAGs
[2024-10-19T14:21:50.241+0000] {logging_mixin.py:190} INFO - [2024-10-19T14:21:50.241+0000] {dag.py:4180} INFO - Setting next_dagrun for example_subdag_operator.section-1 to None, run_after=None
[2024-10-19T14:21:50.242+0000] {logging_mixin.py:190} INFO - [2024-10-19T14:21:50.242+0000] {dag.py:4180} INFO - Setting next_dagrun for example_subdag_operator.section-2 to None, run_after=None
[2024-10-19T14:21:50.254+0000] {processor.py:208} INFO - Processing /home/airflow/.local/lib/python3.12/site-packages/airflow/example_dags/example_subdag_operator.py took 0.099 seconds
[2024-10-19T14:22:20.561+0000] {processor.py:186} INFO - Started process (PID=449) to work on /home/airflow/.local/lib/python3.12/site-packages/airflow/example_dags/example_subdag_operator.py
[2024-10-19T14:22:20.561+0000] {processor.py:914} INFO - Processing file /home/airflow/.local/lib/python3.12/site-packages/airflow/example_dags/example_subdag_operator.py for tasks to queue
[2024-10-19T14:22:20.564+0000] {logging_mixin.py:190} INFO - [2024-10-19T14:22:20.564+0000] {dagbag.py:588} INFO - Filling up the DagBag from /home/airflow/.local/lib/python3.12/site-packages/airflow/example_dags/example_subdag_operator.py
[2024-10-19T14:22:20.589+0000] {processor.py:925} INFO - DAG(s) 'example_subdag_operator.section-1', 'example_subdag_operator.section-2', 'example_subdag_operator' retrieved from /home/airflow/.local/lib/python3.12/site-packages/airflow/example_dags/example_subdag_operator.py
[2024-10-19T14:22:20.603+0000] {logging_mixin.py:190} INFO - [2024-10-19T14:22:20.603+0000] {dag.py:3239} INFO - Sync 3 DAGs
[2024-10-19T14:22:20.625+0000] {logging_mixin.py:190} INFO - [2024-10-19T14:22:20.625+0000] {dag.py:4180} INFO - Setting next_dagrun for example_subdag_operator to 2022-01-01 00:00:00+00:00, run_after=2022-01-01 00:00:00+00:00
[2024-10-19T14:22:20.629+0000] {logging_mixin.py:190} INFO - [2024-10-19T14:22:20.629+0000] {dag.py:4180} INFO - Setting next_dagrun for example_subdag_operator.section-1 to None, run_after=None
[2024-10-19T14:22:20.631+0000] {logging_mixin.py:190} INFO - [2024-10-19T14:22:20.631+0000] {dag.py:4180} INFO - Setting next_dagrun for example_subdag_operator.section-2 to None, run_after=None
[2024-10-19T14:22:20.638+0000] {logging_mixin.py:190} INFO - [2024-10-19T14:22:20.638+0000] {dag.py:3239} INFO - Sync 2 DAGs
[2024-10-19T14:22:20.643+0000] {logging_mixin.py:190} INFO - [2024-10-19T14:22:20.643+0000] {dag.py:4180} INFO - Setting next_dagrun for example_subdag_operator.section-1 to None, run_after=None
[2024-10-19T14:22:20.644+0000] {logging_mixin.py:190} INFO - [2024-10-19T14:22:20.644+0000] {dag.py:4180} INFO - Setting next_dagrun for example_subdag_operator.section-2 to None, run_after=None
[2024-10-19T14:22:20.654+0000] {processor.py:208} INFO - Processing /home/airflow/.local/lib/python3.12/site-packages/airflow/example_dags/example_subdag_operator.py took 0.098 seconds
[2024-10-19T14:22:50.889+0000] {processor.py:186} INFO - Started process (PID=511) to work on /home/airflow/.local/lib/python3.12/site-packages/airflow/example_dags/example_subdag_operator.py
[2024-10-19T14:22:50.890+0000] {processor.py:914} INFO - Processing file /home/airflow/.local/lib/python3.12/site-packages/airflow/example_dags/example_subdag_operator.py for tasks to queue
[2024-10-19T14:22:50.893+0000] {logging_mixin.py:190} INFO - [2024-10-19T14:22:50.892+0000] {dagbag.py:588} INFO - Filling up the DagBag from /home/airflow/.local/lib/python3.12/site-packages/airflow/example_dags/example_subdag_operator.py
[2024-10-19T14:22:50.917+0000] {processor.py:925} INFO - DAG(s) 'example_subdag_operator.section-1', 'example_subdag_operator.section-2', 'example_subdag_operator' retrieved from /home/airflow/.local/lib/python3.12/site-packages/airflow/example_dags/example_subdag_operator.py
[2024-10-19T14:22:50.930+0000] {logging_mixin.py:190} INFO - [2024-10-19T14:22:50.930+0000] {dag.py:3239} INFO - Sync 3 DAGs
[2024-10-19T14:22:50.963+0000] {logging_mixin.py:190} INFO - [2024-10-19T14:22:50.963+0000] {dag.py:4180} INFO - Setting next_dagrun for example_subdag_operator to 2022-01-01 00:00:00+00:00, run_after=2022-01-01 00:00:00+00:00
[2024-10-19T14:22:50.967+0000] {logging_mixin.py:190} INFO - [2024-10-19T14:22:50.966+0000] {dag.py:4180} INFO - Setting next_dagrun for example_subdag_operator.section-1 to None, run_after=None
[2024-10-19T14:22:50.968+0000] {logging_mixin.py:190} INFO - [2024-10-19T14:22:50.968+0000] {dag.py:4180} INFO - Setting next_dagrun for example_subdag_operator.section-2 to None, run_after=None
[2024-10-19T14:22:50.975+0000] {logging_mixin.py:190} INFO - [2024-10-19T14:22:50.975+0000] {dag.py:3239} INFO - Sync 2 DAGs
[2024-10-19T14:22:50.980+0000] {logging_mixin.py:190} INFO - [2024-10-19T14:22:50.980+0000] {dag.py:4180} INFO - Setting next_dagrun for example_subdag_operator.section-1 to None, run_after=None
[2024-10-19T14:22:50.981+0000] {logging_mixin.py:190} INFO - [2024-10-19T14:22:50.981+0000] {dag.py:4180} INFO - Setting next_dagrun for example_subdag_operator.section-2 to None, run_after=None
[2024-10-19T14:22:50.993+0000] {processor.py:208} INFO - Processing /home/airflow/.local/lib/python3.12/site-packages/airflow/example_dags/example_subdag_operator.py took 0.109 seconds
[2024-10-19T14:23:21.391+0000] {processor.py:186} INFO - Started process (PID=573) to work on /home/airflow/.local/lib/python3.12/site-packages/airflow/example_dags/example_subdag_operator.py
[2024-10-19T14:23:21.392+0000] {processor.py:914} INFO - Processing file /home/airflow/.local/lib/python3.12/site-packages/airflow/example_dags/example_subdag_operator.py for tasks to queue
[2024-10-19T14:23:21.395+0000] {logging_mixin.py:190} INFO - [2024-10-19T14:23:21.395+0000] {dagbag.py:588} INFO - Filling up the DagBag from /home/airflow/.local/lib/python3.12/site-packages/airflow/example_dags/example_subdag_operator.py
[2024-10-19T14:23:21.421+0000] {processor.py:925} INFO - DAG(s) 'example_subdag_operator.section-1', 'example_subdag_operator.section-2', 'example_subdag_operator' retrieved from /home/airflow/.local/lib/python3.12/site-packages/airflow/example_dags/example_subdag_operator.py
[2024-10-19T14:23:21.434+0000] {logging_mixin.py:190} INFO - [2024-10-19T14:23:21.434+0000] {dag.py:3239} INFO - Sync 3 DAGs
[2024-10-19T14:23:21.455+0000] {logging_mixin.py:190} INFO - [2024-10-19T14:23:21.455+0000] {dag.py:4180} INFO - Setting next_dagrun for example_subdag_operator to 2022-01-01 00:00:00+00:00, run_after=2022-01-01 00:00:00+00:00
[2024-10-19T14:23:21.459+0000] {logging_mixin.py:190} INFO - [2024-10-19T14:23:21.458+0000] {dag.py:4180} INFO - Setting next_dagrun for example_subdag_operator.section-1 to None, run_after=None
[2024-10-19T14:23:21.460+0000] {logging_mixin.py:190} INFO - [2024-10-19T14:23:21.460+0000] {dag.py:4180} INFO - Setting next_dagrun for example_subdag_operator.section-2 to None, run_after=None
[2024-10-19T14:23:21.466+0000] {logging_mixin.py:190} INFO - [2024-10-19T14:23:21.466+0000] {dag.py:3239} INFO - Sync 2 DAGs
[2024-10-19T14:23:21.471+0000] {logging_mixin.py:190} INFO - [2024-10-19T14:23:21.471+0000] {dag.py:4180} INFO - Setting next_dagrun for example_subdag_operator.section-1 to None, run_after=None
[2024-10-19T14:23:21.471+0000] {logging_mixin.py:190} INFO - [2024-10-19T14:23:21.471+0000] {dag.py:4180} INFO - Setting next_dagrun for example_subdag_operator.section-2 to None, run_after=None
[2024-10-19T14:23:21.481+0000] {processor.py:208} INFO - Processing /home/airflow/.local/lib/python3.12/site-packages/airflow/example_dags/example_subdag_operator.py took 0.107 seconds
[2024-10-19T14:23:51.926+0000] {processor.py:186} INFO - Started process (PID=635) to work on /home/airflow/.local/lib/python3.12/site-packages/airflow/example_dags/example_subdag_operator.py
[2024-10-19T14:23:51.927+0000] {processor.py:914} INFO - Processing file /home/airflow/.local/lib/python3.12/site-packages/airflow/example_dags/example_subdag_operator.py for tasks to queue
[2024-10-19T14:23:51.930+0000] {logging_mixin.py:190} INFO - [2024-10-19T14:23:51.930+0000] {dagbag.py:588} INFO - Filling up the DagBag from /home/airflow/.local/lib/python3.12/site-packages/airflow/example_dags/example_subdag_operator.py
[2024-10-19T14:23:51.957+0000] {processor.py:925} INFO - DAG(s) 'example_subdag_operator.section-1', 'example_subdag_operator.section-2', 'example_subdag_operator' retrieved from /home/airflow/.local/lib/python3.12/site-packages/airflow/example_dags/example_subdag_operator.py
[2024-10-19T14:23:51.975+0000] {logging_mixin.py:190} INFO - [2024-10-19T14:23:51.974+0000] {dag.py:3239} INFO - Sync 3 DAGs
[2024-10-19T14:23:52.003+0000] {logging_mixin.py:190} INFO - [2024-10-19T14:23:52.003+0000] {dag.py:4180} INFO - Setting next_dagrun for example_subdag_operator to 2022-01-01 00:00:00+00:00, run_after=2022-01-01 00:00:00+00:00
[2024-10-19T14:23:52.008+0000] {logging_mixin.py:190} INFO - [2024-10-19T14:23:52.008+0000] {dag.py:4180} INFO - Setting next_dagrun for example_subdag_operator.section-1 to None, run_after=None
[2024-10-19T14:23:52.010+0000] {logging_mixin.py:190} INFO - [2024-10-19T14:23:52.010+0000] {dag.py:4180} INFO - Setting next_dagrun for example_subdag_operator.section-2 to None, run_after=None
[2024-10-19T14:23:52.018+0000] {logging_mixin.py:190} INFO - [2024-10-19T14:23:52.018+0000] {dag.py:3239} INFO - Sync 2 DAGs
[2024-10-19T14:23:52.024+0000] {logging_mixin.py:190} INFO - [2024-10-19T14:23:52.024+0000] {dag.py:4180} INFO - Setting next_dagrun for example_subdag_operator.section-1 to None, run_after=None
[2024-10-19T14:23:52.024+0000] {logging_mixin.py:190} INFO - [2024-10-19T14:23:52.024+0000] {dag.py:4180} INFO - Setting next_dagrun for example_subdag_operator.section-2 to None, run_after=None
[2024-10-19T14:23:52.037+0000] {processor.py:208} INFO - Processing /home/airflow/.local/lib/python3.12/site-packages/airflow/example_dags/example_subdag_operator.py took 0.118 seconds
[2024-10-19T14:24:22.718+0000] {processor.py:186} INFO - Started process (PID=697) to work on /home/airflow/.local/lib/python3.12/site-packages/airflow/example_dags/example_subdag_operator.py
[2024-10-19T14:24:22.719+0000] {processor.py:914} INFO - Processing file /home/airflow/.local/lib/python3.12/site-packages/airflow/example_dags/example_subdag_operator.py for tasks to queue
[2024-10-19T14:24:22.722+0000] {logging_mixin.py:190} INFO - [2024-10-19T14:24:22.722+0000] {dagbag.py:588} INFO - Filling up the DagBag from /home/airflow/.local/lib/python3.12/site-packages/airflow/example_dags/example_subdag_operator.py
[2024-10-19T14:24:22.747+0000] {processor.py:925} INFO - DAG(s) 'example_subdag_operator.section-1', 'example_subdag_operator.section-2', 'example_subdag_operator' retrieved from /home/airflow/.local/lib/python3.12/site-packages/airflow/example_dags/example_subdag_operator.py
[2024-10-19T14:24:22.760+0000] {logging_mixin.py:190} INFO - [2024-10-19T14:24:22.760+0000] {dag.py:3239} INFO - Sync 3 DAGs
[2024-10-19T14:24:22.787+0000] {logging_mixin.py:190} INFO - [2024-10-19T14:24:22.786+0000] {dag.py:4180} INFO - Setting next_dagrun for example_subdag_operator to 2022-01-01 00:00:00+00:00, run_after=2022-01-01 00:00:00+00:00
[2024-10-19T14:24:22.791+0000] {logging_mixin.py:190} INFO - [2024-10-19T14:24:22.791+0000] {dag.py:4180} INFO - Setting next_dagrun for example_subdag_operator.section-1 to None, run_after=None
[2024-10-19T14:24:22.794+0000] {logging_mixin.py:190} INFO - [2024-10-19T14:24:22.793+0000] {dag.py:4180} INFO - Setting next_dagrun for example_subdag_operator.section-2 to None, run_after=None
[2024-10-19T14:24:22.805+0000] {logging_mixin.py:190} INFO - [2024-10-19T14:24:22.804+0000] {dag.py:3239} INFO - Sync 2 DAGs
[2024-10-19T14:24:22.814+0000] {logging_mixin.py:190} INFO - [2024-10-19T14:24:22.813+0000] {dag.py:4180} INFO - Setting next_dagrun for example_subdag_operator.section-1 to None, run_after=None
[2024-10-19T14:24:22.814+0000] {logging_mixin.py:190} INFO - [2024-10-19T14:24:22.814+0000] {dag.py:4180} INFO - Setting next_dagrun for example_subdag_operator.section-2 to None, run_after=None
[2024-10-19T14:24:22.862+0000] {processor.py:208} INFO - Processing /home/airflow/.local/lib/python3.12/site-packages/airflow/example_dags/example_subdag_operator.py took 0.149 seconds
[2024-10-19T14:24:53.085+0000] {processor.py:186} INFO - Started process (PID=759) to work on /home/airflow/.local/lib/python3.12/site-packages/airflow/example_dags/example_subdag_operator.py
[2024-10-19T14:24:53.085+0000] {processor.py:914} INFO - Processing file /home/airflow/.local/lib/python3.12/site-packages/airflow/example_dags/example_subdag_operator.py for tasks to queue
[2024-10-19T14:24:53.088+0000] {logging_mixin.py:190} INFO - [2024-10-19T14:24:53.087+0000] {dagbag.py:588} INFO - Filling up the DagBag from /home/airflow/.local/lib/python3.12/site-packages/airflow/example_dags/example_subdag_operator.py
[2024-10-19T14:24:53.109+0000] {processor.py:925} INFO - DAG(s) 'example_subdag_operator.section-1', 'example_subdag_operator.section-2', 'example_subdag_operator' retrieved from /home/airflow/.local/lib/python3.12/site-packages/airflow/example_dags/example_subdag_operator.py
[2024-10-19T14:24:53.122+0000] {logging_mixin.py:190} INFO - [2024-10-19T14:24:53.122+0000] {dag.py:3239} INFO - Sync 3 DAGs
[2024-10-19T14:24:53.142+0000] {logging_mixin.py:190} INFO - [2024-10-19T14:24:53.142+0000] {dag.py:4180} INFO - Setting next_dagrun for example_subdag_operator to 2022-01-01 00:00:00+00:00, run_after=2022-01-01 00:00:00+00:00
[2024-10-19T14:24:53.146+0000] {logging_mixin.py:190} INFO - [2024-10-19T14:24:53.145+0000] {dag.py:4180} INFO - Setting next_dagrun for example_subdag_operator.section-1 to None, run_after=None
[2024-10-19T14:24:53.147+0000] {logging_mixin.py:190} INFO - [2024-10-19T14:24:53.147+0000] {dag.py:4180} INFO - Setting next_dagrun for example_subdag_operator.section-2 to None, run_after=None
[2024-10-19T14:24:53.154+0000] {logging_mixin.py:190} INFO - [2024-10-19T14:24:53.154+0000] {dag.py:3239} INFO - Sync 2 DAGs
[2024-10-19T14:24:53.159+0000] {logging_mixin.py:190} INFO - [2024-10-19T14:24:53.159+0000] {dag.py:4180} INFO - Setting next_dagrun for example_subdag_operator.section-1 to None, run_after=None
[2024-10-19T14:24:53.160+0000] {logging_mixin.py:190} INFO - [2024-10-19T14:24:53.160+0000] {dag.py:4180} INFO - Setting next_dagrun for example_subdag_operator.section-2 to None, run_after=None
[2024-10-19T14:24:53.171+0000] {processor.py:208} INFO - Processing /home/airflow/.local/lib/python3.12/site-packages/airflow/example_dags/example_subdag_operator.py took 0.090 seconds
[2024-10-19T14:25:23.215+0000] {processor.py:186} INFO - Started process (PID=821) to work on /home/airflow/.local/lib/python3.12/site-packages/airflow/example_dags/example_subdag_operator.py
[2024-10-19T14:25:23.216+0000] {processor.py:914} INFO - Processing file /home/airflow/.local/lib/python3.12/site-packages/airflow/example_dags/example_subdag_operator.py for tasks to queue
[2024-10-19T14:25:23.220+0000] {logging_mixin.py:190} INFO - [2024-10-19T14:25:23.219+0000] {dagbag.py:588} INFO - Filling up the DagBag from /home/airflow/.local/lib/python3.12/site-packages/airflow/example_dags/example_subdag_operator.py
[2024-10-19T14:25:23.249+0000] {processor.py:925} INFO - DAG(s) 'example_subdag_operator.section-1', 'example_subdag_operator.section-2', 'example_subdag_operator' retrieved from /home/airflow/.local/lib/python3.12/site-packages/airflow/example_dags/example_subdag_operator.py
[2024-10-19T14:25:23.280+0000] {logging_mixin.py:190} INFO - [2024-10-19T14:25:23.279+0000] {dag.py:3239} INFO - Sync 3 DAGs
[2024-10-19T14:25:23.308+0000] {logging_mixin.py:190} INFO - [2024-10-19T14:25:23.308+0000] {dag.py:4180} INFO - Setting next_dagrun for example_subdag_operator to 2022-01-01 00:00:00+00:00, run_after=2022-01-01 00:00:00+00:00
[2024-10-19T14:25:23.314+0000] {logging_mixin.py:190} INFO - [2024-10-19T14:25:23.314+0000] {dag.py:4180} INFO - Setting next_dagrun for example_subdag_operator.section-1 to None, run_after=None
[2024-10-19T14:25:23.316+0000] {logging_mixin.py:190} INFO - [2024-10-19T14:25:23.316+0000] {dag.py:4180} INFO - Setting next_dagrun for example_subdag_operator.section-2 to None, run_after=None
[2024-10-19T14:25:23.325+0000] {logging_mixin.py:190} INFO - [2024-10-19T14:25:23.325+0000] {dag.py:3239} INFO - Sync 2 DAGs
[2024-10-19T14:25:23.332+0000] {logging_mixin.py:190} INFO - [2024-10-19T14:25:23.332+0000] {dag.py:4180} INFO - Setting next_dagrun for example_subdag_operator.section-1 to None, run_after=None
[2024-10-19T14:25:23.333+0000] {logging_mixin.py:190} INFO - [2024-10-19T14:25:23.333+0000] {dag.py:4180} INFO - Setting next_dagrun for example_subdag_operator.section-2 to None, run_after=None
[2024-10-19T14:25:23.344+0000] {processor.py:208} INFO - Processing /home/airflow/.local/lib/python3.12/site-packages/airflow/example_dags/example_subdag_operator.py took 0.135 seconds
[2024-10-19T14:25:53.518+0000] {processor.py:186} INFO - Started process (PID=883) to work on /home/airflow/.local/lib/python3.12/site-packages/airflow/example_dags/example_subdag_operator.py
[2024-10-19T14:25:53.519+0000] {processor.py:914} INFO - Processing file /home/airflow/.local/lib/python3.12/site-packages/airflow/example_dags/example_subdag_operator.py for tasks to queue
[2024-10-19T14:25:53.521+0000] {logging_mixin.py:190} INFO - [2024-10-19T14:25:53.521+0000] {dagbag.py:588} INFO - Filling up the DagBag from /home/airflow/.local/lib/python3.12/site-packages/airflow/example_dags/example_subdag_operator.py
[2024-10-19T14:25:53.550+0000] {processor.py:925} INFO - DAG(s) 'example_subdag_operator.section-1', 'example_subdag_operator.section-2', 'example_subdag_operator' retrieved from /home/airflow/.local/lib/python3.12/site-packages/airflow/example_dags/example_subdag_operator.py
[2024-10-19T14:25:53.569+0000] {logging_mixin.py:190} INFO - [2024-10-19T14:25:53.569+0000] {dag.py:3239} INFO - Sync 3 DAGs
[2024-10-19T14:25:53.587+0000] {logging_mixin.py:190} INFO - [2024-10-19T14:25:53.587+0000] {dag.py:4180} INFO - Setting next_dagrun for example_subdag_operator to 2022-01-01 00:00:00+00:00, run_after=2022-01-01 00:00:00+00:00
[2024-10-19T14:25:53.591+0000] {logging_mixin.py:190} INFO - [2024-10-19T14:25:53.591+0000] {dag.py:4180} INFO - Setting next_dagrun for example_subdag_operator.section-1 to None, run_after=None
[2024-10-19T14:25:53.593+0000] {logging_mixin.py:190} INFO - [2024-10-19T14:25:53.592+0000] {dag.py:4180} INFO - Setting next_dagrun for example_subdag_operator.section-2 to None, run_after=None
[2024-10-19T14:25:53.599+0000] {logging_mixin.py:190} INFO - [2024-10-19T14:25:53.599+0000] {dag.py:3239} INFO - Sync 2 DAGs
[2024-10-19T14:25:53.604+0000] {logging_mixin.py:190} INFO - [2024-10-19T14:25:53.603+0000] {dag.py:4180} INFO - Setting next_dagrun for example_subdag_operator.section-1 to None, run_after=None
[2024-10-19T14:25:53.604+0000] {logging_mixin.py:190} INFO - [2024-10-19T14:25:53.604+0000] {dag.py:4180} INFO - Setting next_dagrun for example_subdag_operator.section-2 to None, run_after=None
[2024-10-19T14:25:53.616+0000] {processor.py:208} INFO - Processing /home/airflow/.local/lib/python3.12/site-packages/airflow/example_dags/example_subdag_operator.py took 0.105 seconds
[2024-10-19T14:26:24.111+0000] {processor.py:186} INFO - Started process (PID=945) to work on /home/airflow/.local/lib/python3.12/site-packages/airflow/example_dags/example_subdag_operator.py
[2024-10-19T14:26:24.113+0000] {processor.py:914} INFO - Processing file /home/airflow/.local/lib/python3.12/site-packages/airflow/example_dags/example_subdag_operator.py for tasks to queue
[2024-10-19T14:26:24.115+0000] {logging_mixin.py:190} INFO - [2024-10-19T14:26:24.115+0000] {dagbag.py:588} INFO - Filling up the DagBag from /home/airflow/.local/lib/python3.12/site-packages/airflow/example_dags/example_subdag_operator.py
[2024-10-19T14:26:24.138+0000] {processor.py:925} INFO - DAG(s) 'example_subdag_operator.section-1', 'example_subdag_operator.section-2', 'example_subdag_operator' retrieved from /home/airflow/.local/lib/python3.12/site-packages/airflow/example_dags/example_subdag_operator.py
[2024-10-19T14:26:24.153+0000] {logging_mixin.py:190} INFO - [2024-10-19T14:26:24.153+0000] {dag.py:3239} INFO - Sync 3 DAGs
[2024-10-19T14:26:24.171+0000] {logging_mixin.py:190} INFO - [2024-10-19T14:26:24.171+0000] {dag.py:4180} INFO - Setting next_dagrun for example_subdag_operator to 2022-01-01 00:00:00+00:00, run_after=2022-01-01 00:00:00+00:00
[2024-10-19T14:26:24.175+0000] {logging_mixin.py:190} INFO - [2024-10-19T14:26:24.174+0000] {dag.py:4180} INFO - Setting next_dagrun for example_subdag_operator.section-1 to None, run_after=None
[2024-10-19T14:26:24.176+0000] {logging_mixin.py:190} INFO - [2024-10-19T14:26:24.176+0000] {dag.py:4180} INFO - Setting next_dagrun for example_subdag_operator.section-2 to None, run_after=None
[2024-10-19T14:26:24.181+0000] {logging_mixin.py:190} INFO - [2024-10-19T14:26:24.181+0000] {dag.py:3239} INFO - Sync 2 DAGs
[2024-10-19T14:26:24.186+0000] {logging_mixin.py:190} INFO - [2024-10-19T14:26:24.186+0000] {dag.py:4180} INFO - Setting next_dagrun for example_subdag_operator.section-1 to None, run_after=None
[2024-10-19T14:26:24.187+0000] {logging_mixin.py:190} INFO - [2024-10-19T14:26:24.186+0000] {dag.py:4180} INFO - Setting next_dagrun for example_subdag_operator.section-2 to None, run_after=None
[2024-10-19T14:26:24.194+0000] {processor.py:208} INFO - Processing /home/airflow/.local/lib/python3.12/site-packages/airflow/example_dags/example_subdag_operator.py took 0.093 seconds
[2024-10-19T14:26:54.422+0000] {processor.py:186} INFO - Started process (PID=1007) to work on /home/airflow/.local/lib/python3.12/site-packages/airflow/example_dags/example_subdag_operator.py
[2024-10-19T14:26:54.423+0000] {processor.py:914} INFO - Processing file /home/airflow/.local/lib/python3.12/site-packages/airflow/example_dags/example_subdag_operator.py for tasks to queue
[2024-10-19T14:26:54.426+0000] {logging_mixin.py:190} INFO - [2024-10-19T14:26:54.425+0000] {dagbag.py:588} INFO - Filling up the DagBag from /home/airflow/.local/lib/python3.12/site-packages/airflow/example_dags/example_subdag_operator.py
[2024-10-19T14:26:54.449+0000] {processor.py:925} INFO - DAG(s) 'example_subdag_operator.section-1', 'example_subdag_operator.section-2', 'example_subdag_operator' retrieved from /home/airflow/.local/lib/python3.12/site-packages/airflow/example_dags/example_subdag_operator.py
[2024-10-19T14:26:54.462+0000] {logging_mixin.py:190} INFO - [2024-10-19T14:26:54.462+0000] {dag.py:3239} INFO - Sync 3 DAGs
[2024-10-19T14:26:54.482+0000] {logging_mixin.py:190} INFO - [2024-10-19T14:26:54.482+0000] {dag.py:4180} INFO - Setting next_dagrun for example_subdag_operator to 2022-01-01 00:00:00+00:00, run_after=2022-01-01 00:00:00+00:00
[2024-10-19T14:26:54.486+0000] {logging_mixin.py:190} INFO - [2024-10-19T14:26:54.486+0000] {dag.py:4180} INFO - Setting next_dagrun for example_subdag_operator.section-1 to None, run_after=None
[2024-10-19T14:26:54.488+0000] {logging_mixin.py:190} INFO - [2024-10-19T14:26:54.487+0000] {dag.py:4180} INFO - Setting next_dagrun for example_subdag_operator.section-2 to None, run_after=None
[2024-10-19T14:26:54.494+0000] {logging_mixin.py:190} INFO - [2024-10-19T14:26:54.494+0000] {dag.py:3239} INFO - Sync 2 DAGs
[2024-10-19T14:26:54.500+0000] {logging_mixin.py:190} INFO - [2024-10-19T14:26:54.500+0000] {dag.py:4180} INFO - Setting next_dagrun for example_subdag_operator.section-1 to None, run_after=None
[2024-10-19T14:26:54.501+0000] {logging_mixin.py:190} INFO - [2024-10-19T14:26:54.501+0000] {dag.py:4180} INFO - Setting next_dagrun for example_subdag_operator.section-2 to None, run_after=None
[2024-10-19T14:26:54.512+0000] {processor.py:208} INFO - Processing /home/airflow/.local/lib/python3.12/site-packages/airflow/example_dags/example_subdag_operator.py took 0.095 seconds
[2024-10-19T14:27:24.693+0000] {processor.py:186} INFO - Started process (PID=1069) to work on /home/airflow/.local/lib/python3.12/site-packages/airflow/example_dags/example_subdag_operator.py
[2024-10-19T14:27:24.694+0000] {processor.py:914} INFO - Processing file /home/airflow/.local/lib/python3.12/site-packages/airflow/example_dags/example_subdag_operator.py for tasks to queue
[2024-10-19T14:27:24.697+0000] {logging_mixin.py:190} INFO - [2024-10-19T14:27:24.696+0000] {dagbag.py:588} INFO - Filling up the DagBag from /home/airflow/.local/lib/python3.12/site-packages/airflow/example_dags/example_subdag_operator.py
[2024-10-19T14:27:24.722+0000] {processor.py:925} INFO - DAG(s) 'example_subdag_operator.section-1', 'example_subdag_operator.section-2', 'example_subdag_operator' retrieved from /home/airflow/.local/lib/python3.12/site-packages/airflow/example_dags/example_subdag_operator.py
[2024-10-19T14:27:24.735+0000] {logging_mixin.py:190} INFO - [2024-10-19T14:27:24.735+0000] {dag.py:3239} INFO - Sync 3 DAGs
[2024-10-19T14:27:24.753+0000] {logging_mixin.py:190} INFO - [2024-10-19T14:27:24.753+0000] {dag.py:4180} INFO - Setting next_dagrun for example_subdag_operator to 2022-01-01 00:00:00+00:00, run_after=2022-01-01 00:00:00+00:00
[2024-10-19T14:27:24.757+0000] {logging_mixin.py:190} INFO - [2024-10-19T14:27:24.757+0000] {dag.py:4180} INFO - Setting next_dagrun for example_subdag_operator.section-1 to None, run_after=None
[2024-10-19T14:27:24.759+0000] {logging_mixin.py:190} INFO - [2024-10-19T14:27:24.758+0000] {dag.py:4180} INFO - Setting next_dagrun for example_subdag_operator.section-2 to None, run_after=None
[2024-10-19T14:27:24.764+0000] {logging_mixin.py:190} INFO - [2024-10-19T14:27:24.764+0000] {dag.py:3239} INFO - Sync 2 DAGs
[2024-10-19T14:27:24.770+0000] {logging_mixin.py:190} INFO - [2024-10-19T14:27:24.770+0000] {dag.py:4180} INFO - Setting next_dagrun for example_subdag_operator.section-1 to None, run_after=None
[2024-10-19T14:27:24.771+0000] {logging_mixin.py:190} INFO - [2024-10-19T14:27:24.771+0000] {dag.py:4180} INFO - Setting next_dagrun for example_subdag_operator.section-2 to None, run_after=None
[2024-10-19T14:27:24.783+0000] {processor.py:208} INFO - Processing /home/airflow/.local/lib/python3.12/site-packages/airflow/example_dags/example_subdag_operator.py took 0.094 seconds
[2024-10-19T14:27:54.992+0000] {processor.py:186} INFO - Started process (PID=1131) to work on /home/airflow/.local/lib/python3.12/site-packages/airflow/example_dags/example_subdag_operator.py
[2024-10-19T14:27:54.993+0000] {processor.py:914} INFO - Processing file /home/airflow/.local/lib/python3.12/site-packages/airflow/example_dags/example_subdag_operator.py for tasks to queue
[2024-10-19T14:27:54.996+0000] {logging_mixin.py:190} INFO - [2024-10-19T14:27:54.996+0000] {dagbag.py:588} INFO - Filling up the DagBag from /home/airflow/.local/lib/python3.12/site-packages/airflow/example_dags/example_subdag_operator.py
[2024-10-19T14:27:55.021+0000] {processor.py:925} INFO - DAG(s) 'example_subdag_operator.section-1', 'example_subdag_operator.section-2', 'example_subdag_operator' retrieved from /home/airflow/.local/lib/python3.12/site-packages/airflow/example_dags/example_subdag_operator.py
[2024-10-19T14:27:55.035+0000] {logging_mixin.py:190} INFO - [2024-10-19T14:27:55.035+0000] {dag.py:3239} INFO - Sync 3 DAGs
[2024-10-19T14:27:55.068+0000] {logging_mixin.py:190} INFO - [2024-10-19T14:27:55.067+0000] {dag.py:4180} INFO - Setting next_dagrun for example_subdag_operator to 2022-01-01 00:00:00+00:00, run_after=2022-01-01 00:00:00+00:00
[2024-10-19T14:27:55.072+0000] {logging_mixin.py:190} INFO - [2024-10-19T14:27:55.072+0000] {dag.py:4180} INFO - Setting next_dagrun for example_subdag_operator.section-1 to None, run_after=None
[2024-10-19T14:27:55.074+0000] {logging_mixin.py:190} INFO - [2024-10-19T14:27:55.074+0000] {dag.py:4180} INFO - Setting next_dagrun for example_subdag_operator.section-2 to None, run_after=None
[2024-10-19T14:27:55.081+0000] {logging_mixin.py:190} INFO - [2024-10-19T14:27:55.081+0000] {dag.py:3239} INFO - Sync 2 DAGs
[2024-10-19T14:27:55.086+0000] {logging_mixin.py:190} INFO - [2024-10-19T14:27:55.086+0000] {dag.py:4180} INFO - Setting next_dagrun for example_subdag_operator.section-1 to None, run_after=None
[2024-10-19T14:27:55.087+0000] {logging_mixin.py:190} INFO - [2024-10-19T14:27:55.087+0000] {dag.py:4180} INFO - Setting next_dagrun for example_subdag_operator.section-2 to None, run_after=None
[2024-10-19T14:27:55.099+0000] {processor.py:208} INFO - Processing /home/airflow/.local/lib/python3.12/site-packages/airflow/example_dags/example_subdag_operator.py took 0.112 seconds
[2024-10-19T14:28:25.446+0000] {processor.py:186} INFO - Started process (PID=1193) to work on /home/airflow/.local/lib/python3.12/site-packages/airflow/example_dags/example_subdag_operator.py
[2024-10-19T14:28:25.447+0000] {processor.py:914} INFO - Processing file /home/airflow/.local/lib/python3.12/site-packages/airflow/example_dags/example_subdag_operator.py for tasks to queue
[2024-10-19T14:28:25.449+0000] {logging_mixin.py:190} INFO - [2024-10-19T14:28:25.449+0000] {dagbag.py:588} INFO - Filling up the DagBag from /home/airflow/.local/lib/python3.12/site-packages/airflow/example_dags/example_subdag_operator.py
[2024-10-19T14:28:25.475+0000] {processor.py:925} INFO - DAG(s) 'example_subdag_operator.section-1', 'example_subdag_operator.section-2', 'example_subdag_operator' retrieved from /home/airflow/.local/lib/python3.12/site-packages/airflow/example_dags/example_subdag_operator.py
[2024-10-19T14:28:25.490+0000] {logging_mixin.py:190} INFO - [2024-10-19T14:28:25.490+0000] {dag.py:3239} INFO - Sync 3 DAGs
[2024-10-19T14:28:25.511+0000] {logging_mixin.py:190} INFO - [2024-10-19T14:28:25.511+0000] {dag.py:4180} INFO - Setting next_dagrun for example_subdag_operator to 2022-01-01 00:00:00+00:00, run_after=2022-01-01 00:00:00+00:00
[2024-10-19T14:28:25.515+0000] {logging_mixin.py:190} INFO - [2024-10-19T14:28:25.515+0000] {dag.py:4180} INFO - Setting next_dagrun for example_subdag_operator.section-1 to None, run_after=None
[2024-10-19T14:28:25.517+0000] {logging_mixin.py:190} INFO - [2024-10-19T14:28:25.517+0000] {dag.py:4180} INFO - Setting next_dagrun for example_subdag_operator.section-2 to None, run_after=None
[2024-10-19T14:28:25.524+0000] {logging_mixin.py:190} INFO - [2024-10-19T14:28:25.524+0000] {dag.py:3239} INFO - Sync 2 DAGs
[2024-10-19T14:28:25.530+0000] {logging_mixin.py:190} INFO - [2024-10-19T14:28:25.530+0000] {dag.py:4180} INFO - Setting next_dagrun for example_subdag_operator.section-1 to None, run_after=None
[2024-10-19T14:28:25.531+0000] {logging_mixin.py:190} INFO - [2024-10-19T14:28:25.531+0000] {dag.py:4180} INFO - Setting next_dagrun for example_subdag_operator.section-2 to None, run_after=None
[2024-10-19T14:28:25.544+0000] {processor.py:208} INFO - Processing /home/airflow/.local/lib/python3.12/site-packages/airflow/example_dags/example_subdag_operator.py took 0.104 seconds
[2024-10-19T14:28:55.918+0000] {processor.py:186} INFO - Started process (PID=1255) to work on /home/airflow/.local/lib/python3.12/site-packages/airflow/example_dags/example_subdag_operator.py
[2024-10-19T14:28:55.920+0000] {processor.py:914} INFO - Processing file /home/airflow/.local/lib/python3.12/site-packages/airflow/example_dags/example_subdag_operator.py for tasks to queue
[2024-10-19T14:28:55.922+0000] {logging_mixin.py:190} INFO - [2024-10-19T14:28:55.921+0000] {dagbag.py:588} INFO - Filling up the DagBag from /home/airflow/.local/lib/python3.12/site-packages/airflow/example_dags/example_subdag_operator.py
[2024-10-19T14:28:55.949+0000] {processor.py:925} INFO - DAG(s) 'example_subdag_operator.section-1', 'example_subdag_operator.section-2', 'example_subdag_operator' retrieved from /home/airflow/.local/lib/python3.12/site-packages/airflow/example_dags/example_subdag_operator.py
[2024-10-19T14:28:55.962+0000] {logging_mixin.py:190} INFO - [2024-10-19T14:28:55.962+0000] {dag.py:3239} INFO - Sync 3 DAGs
[2024-10-19T14:28:55.983+0000] {logging_mixin.py:190} INFO - [2024-10-19T14:28:55.982+0000] {dag.py:4180} INFO - Setting next_dagrun for example_subdag_operator to 2022-01-01 00:00:00+00:00, run_after=2022-01-01 00:00:00+00:00
[2024-10-19T14:28:55.986+0000] {logging_mixin.py:190} INFO - [2024-10-19T14:28:55.986+0000] {dag.py:4180} INFO - Setting next_dagrun for example_subdag_operator.section-1 to None, run_after=None
[2024-10-19T14:28:55.988+0000] {logging_mixin.py:190} INFO - [2024-10-19T14:28:55.988+0000] {dag.py:4180} INFO - Setting next_dagrun for example_subdag_operator.section-2 to None, run_after=None
[2024-10-19T14:28:55.995+0000] {logging_mixin.py:190} INFO - [2024-10-19T14:28:55.995+0000] {dag.py:3239} INFO - Sync 2 DAGs
[2024-10-19T14:28:56.001+0000] {logging_mixin.py:190} INFO - [2024-10-19T14:28:56.001+0000] {dag.py:4180} INFO - Setting next_dagrun for example_subdag_operator.section-1 to None, run_after=None
[2024-10-19T14:28:56.001+0000] {logging_mixin.py:190} INFO - [2024-10-19T14:28:56.001+0000] {dag.py:4180} INFO - Setting next_dagrun for example_subdag_operator.section-2 to None, run_after=None
[2024-10-19T14:28:56.014+0000] {processor.py:208} INFO - Processing /home/airflow/.local/lib/python3.12/site-packages/airflow/example_dags/example_subdag_operator.py took 0.100 seconds
[2024-10-19T14:29:26.278+0000] {processor.py:186} INFO - Started process (PID=1318) to work on /home/airflow/.local/lib/python3.12/site-packages/airflow/example_dags/example_subdag_operator.py
[2024-10-19T14:29:26.279+0000] {processor.py:914} INFO - Processing file /home/airflow/.local/lib/python3.12/site-packages/airflow/example_dags/example_subdag_operator.py for tasks to queue
[2024-10-19T14:29:26.281+0000] {logging_mixin.py:190} INFO - [2024-10-19T14:29:26.280+0000] {dagbag.py:588} INFO - Filling up the DagBag from /home/airflow/.local/lib/python3.12/site-packages/airflow/example_dags/example_subdag_operator.py
[2024-10-19T14:29:26.305+0000] {processor.py:925} INFO - DAG(s) 'example_subdag_operator.section-1', 'example_subdag_operator.section-2', 'example_subdag_operator' retrieved from /home/airflow/.local/lib/python3.12/site-packages/airflow/example_dags/example_subdag_operator.py
[2024-10-19T14:29:26.319+0000] {logging_mixin.py:190} INFO - [2024-10-19T14:29:26.319+0000] {dag.py:3239} INFO - Sync 3 DAGs
[2024-10-19T14:29:26.339+0000] {logging_mixin.py:190} INFO - [2024-10-19T14:29:26.339+0000] {dag.py:4180} INFO - Setting next_dagrun for example_subdag_operator to 2022-01-01 00:00:00+00:00, run_after=2022-01-01 00:00:00+00:00
[2024-10-19T14:29:26.343+0000] {logging_mixin.py:190} INFO - [2024-10-19T14:29:26.343+0000] {dag.py:4180} INFO - Setting next_dagrun for example_subdag_operator.section-1 to None, run_after=None
[2024-10-19T14:29:26.345+0000] {logging_mixin.py:190} INFO - [2024-10-19T14:29:26.345+0000] {dag.py:4180} INFO - Setting next_dagrun for example_subdag_operator.section-2 to None, run_after=None
[2024-10-19T14:29:26.352+0000] {logging_mixin.py:190} INFO - [2024-10-19T14:29:26.352+0000] {dag.py:3239} INFO - Sync 2 DAGs
[2024-10-19T14:29:26.358+0000] {logging_mixin.py:190} INFO - [2024-10-19T14:29:26.358+0000] {dag.py:4180} INFO - Setting next_dagrun for example_subdag_operator.section-1 to None, run_after=None
[2024-10-19T14:29:26.359+0000] {logging_mixin.py:190} INFO - [2024-10-19T14:29:26.359+0000] {dag.py:4180} INFO - Setting next_dagrun for example_subdag_operator.section-2 to None, run_after=None
[2024-10-19T14:29:26.372+0000] {processor.py:208} INFO - Processing /home/airflow/.local/lib/python3.12/site-packages/airflow/example_dags/example_subdag_operator.py took 0.099 seconds
[2024-10-19T14:29:56.824+0000] {processor.py:186} INFO - Started process (PID=1381) to work on /home/airflow/.local/lib/python3.12/site-packages/airflow/example_dags/example_subdag_operator.py
[2024-10-19T14:29:56.825+0000] {processor.py:914} INFO - Processing file /home/airflow/.local/lib/python3.12/site-packages/airflow/example_dags/example_subdag_operator.py for tasks to queue
[2024-10-19T14:29:56.828+0000] {logging_mixin.py:190} INFO - [2024-10-19T14:29:56.827+0000] {dagbag.py:588} INFO - Filling up the DagBag from /home/airflow/.local/lib/python3.12/site-packages/airflow/example_dags/example_subdag_operator.py
[2024-10-19T14:29:56.850+0000] {processor.py:925} INFO - DAG(s) 'example_subdag_operator.section-1', 'example_subdag_operator.section-2', 'example_subdag_operator' retrieved from /home/airflow/.local/lib/python3.12/site-packages/airflow/example_dags/example_subdag_operator.py
[2024-10-19T14:29:56.864+0000] {logging_mixin.py:190} INFO - [2024-10-19T14:29:56.863+0000] {dag.py:3239} INFO - Sync 3 DAGs
[2024-10-19T14:29:56.883+0000] {logging_mixin.py:190} INFO - [2024-10-19T14:29:56.883+0000] {dag.py:4180} INFO - Setting next_dagrun for example_subdag_operator to 2022-01-01 00:00:00+00:00, run_after=2022-01-01 00:00:00+00:00
[2024-10-19T14:29:56.886+0000] {logging_mixin.py:190} INFO - [2024-10-19T14:29:56.886+0000] {dag.py:4180} INFO - Setting next_dagrun for example_subdag_operator.section-1 to None, run_after=None
[2024-10-19T14:29:56.888+0000] {logging_mixin.py:190} INFO - [2024-10-19T14:29:56.888+0000] {dag.py:4180} INFO - Setting next_dagrun for example_subdag_operator.section-2 to None, run_after=None
[2024-10-19T14:29:56.894+0000] {logging_mixin.py:190} INFO - [2024-10-19T14:29:56.894+0000] {dag.py:3239} INFO - Sync 2 DAGs
[2024-10-19T14:29:56.900+0000] {logging_mixin.py:190} INFO - [2024-10-19T14:29:56.899+0000] {dag.py:4180} INFO - Setting next_dagrun for example_subdag_operator.section-1 to None, run_after=None
[2024-10-19T14:29:56.900+0000] {logging_mixin.py:190} INFO - [2024-10-19T14:29:56.900+0000] {dag.py:4180} INFO - Setting next_dagrun for example_subdag_operator.section-2 to None, run_after=None
[2024-10-19T14:29:56.913+0000] {processor.py:208} INFO - Processing /home/airflow/.local/lib/python3.12/site-packages/airflow/example_dags/example_subdag_operator.py took 0.093 seconds
[2024-10-19T14:30:27.449+0000] {processor.py:186} INFO - Started process (PID=1444) to work on /home/airflow/.local/lib/python3.12/site-packages/airflow/example_dags/example_subdag_operator.py
[2024-10-19T14:30:27.450+0000] {processor.py:914} INFO - Processing file /home/airflow/.local/lib/python3.12/site-packages/airflow/example_dags/example_subdag_operator.py for tasks to queue
[2024-10-19T14:30:27.453+0000] {logging_mixin.py:190} INFO - [2024-10-19T14:30:27.452+0000] {dagbag.py:588} INFO - Filling up the DagBag from /home/airflow/.local/lib/python3.12/site-packages/airflow/example_dags/example_subdag_operator.py
[2024-10-19T14:30:27.475+0000] {processor.py:925} INFO - DAG(s) 'example_subdag_operator.section-1', 'example_subdag_operator.section-2', 'example_subdag_operator' retrieved from /home/airflow/.local/lib/python3.12/site-packages/airflow/example_dags/example_subdag_operator.py
[2024-10-19T14:30:27.487+0000] {logging_mixin.py:190} INFO - [2024-10-19T14:30:27.487+0000] {dag.py:3239} INFO - Sync 3 DAGs
[2024-10-19T14:30:27.506+0000] {logging_mixin.py:190} INFO - [2024-10-19T14:30:27.506+0000] {dag.py:4180} INFO - Setting next_dagrun for example_subdag_operator to 2022-01-01 00:00:00+00:00, run_after=2022-01-01 00:00:00+00:00
[2024-10-19T14:30:27.510+0000] {logging_mixin.py:190} INFO - [2024-10-19T14:30:27.509+0000] {dag.py:4180} INFO - Setting next_dagrun for example_subdag_operator.section-1 to None, run_after=None
[2024-10-19T14:30:27.511+0000] {logging_mixin.py:190} INFO - [2024-10-19T14:30:27.511+0000] {dag.py:4180} INFO - Setting next_dagrun for example_subdag_operator.section-2 to None, run_after=None
[2024-10-19T14:30:27.518+0000] {logging_mixin.py:190} INFO - [2024-10-19T14:30:27.518+0000] {dag.py:3239} INFO - Sync 2 DAGs
[2024-10-19T14:30:27.524+0000] {logging_mixin.py:190} INFO - [2024-10-19T14:30:27.523+0000] {dag.py:4180} INFO - Setting next_dagrun for example_subdag_operator.section-1 to None, run_after=None
[2024-10-19T14:30:27.524+0000] {logging_mixin.py:190} INFO - [2024-10-19T14:30:27.524+0000] {dag.py:4180} INFO - Setting next_dagrun for example_subdag_operator.section-2 to None, run_after=None
[2024-10-19T14:30:27.536+0000] {processor.py:208} INFO - Processing /home/airflow/.local/lib/python3.12/site-packages/airflow/example_dags/example_subdag_operator.py took 0.091 seconds
[2024-10-19T14:30:57.990+0000] {processor.py:186} INFO - Started process (PID=1507) to work on /home/airflow/.local/lib/python3.12/site-packages/airflow/example_dags/example_subdag_operator.py
[2024-10-19T14:30:57.992+0000] {processor.py:914} INFO - Processing file /home/airflow/.local/lib/python3.12/site-packages/airflow/example_dags/example_subdag_operator.py for tasks to queue
[2024-10-19T14:30:57.994+0000] {logging_mixin.py:190} INFO - [2024-10-19T14:30:57.994+0000] {dagbag.py:588} INFO - Filling up the DagBag from /home/airflow/.local/lib/python3.12/site-packages/airflow/example_dags/example_subdag_operator.py
[2024-10-19T14:30:58.020+0000] {processor.py:925} INFO - DAG(s) 'example_subdag_operator.section-1', 'example_subdag_operator.section-2', 'example_subdag_operator' retrieved from /home/airflow/.local/lib/python3.12/site-packages/airflow/example_dags/example_subdag_operator.py
[2024-10-19T14:30:58.035+0000] {logging_mixin.py:190} INFO - [2024-10-19T14:30:58.035+0000] {dag.py:3239} INFO - Sync 3 DAGs
[2024-10-19T14:30:58.056+0000] {logging_mixin.py:190} INFO - [2024-10-19T14:30:58.056+0000] {dag.py:4180} INFO - Setting next_dagrun for example_subdag_operator to 2022-01-01 00:00:00+00:00, run_after=2022-01-01 00:00:00+00:00
[2024-10-19T14:30:58.073+0000] {logging_mixin.py:190} INFO - [2024-10-19T14:30:58.073+0000] {dag.py:4180} INFO - Setting next_dagrun for example_subdag_operator.section-1 to None, run_after=None
[2024-10-19T14:30:58.075+0000] {logging_mixin.py:190} INFO - [2024-10-19T14:30:58.075+0000] {dag.py:4180} INFO - Setting next_dagrun for example_subdag_operator.section-2 to None, run_after=None
[2024-10-19T14:30:58.082+0000] {logging_mixin.py:190} INFO - [2024-10-19T14:30:58.082+0000] {dag.py:3239} INFO - Sync 2 DAGs
[2024-10-19T14:30:58.088+0000] {logging_mixin.py:190} INFO - [2024-10-19T14:30:58.088+0000] {dag.py:4180} INFO - Setting next_dagrun for example_subdag_operator.section-1 to None, run_after=None
[2024-10-19T14:30:58.089+0000] {logging_mixin.py:190} INFO - [2024-10-19T14:30:58.088+0000] {dag.py:4180} INFO - Setting next_dagrun for example_subdag_operator.section-2 to None, run_after=None
[2024-10-19T14:30:58.101+0000] {processor.py:208} INFO - Processing /home/airflow/.local/lib/python3.12/site-packages/airflow/example_dags/example_subdag_operator.py took 0.115 seconds
[2024-10-19T14:31:28.594+0000] {processor.py:186} INFO - Started process (PID=1570) to work on /home/airflow/.local/lib/python3.12/site-packages/airflow/example_dags/example_subdag_operator.py
[2024-10-19T14:31:28.595+0000] {processor.py:914} INFO - Processing file /home/airflow/.local/lib/python3.12/site-packages/airflow/example_dags/example_subdag_operator.py for tasks to queue
[2024-10-19T14:31:28.597+0000] {logging_mixin.py:190} INFO - [2024-10-19T14:31:28.597+0000] {dagbag.py:588} INFO - Filling up the DagBag from /home/airflow/.local/lib/python3.12/site-packages/airflow/example_dags/example_subdag_operator.py
[2024-10-19T14:31:28.621+0000] {processor.py:925} INFO - DAG(s) 'example_subdag_operator.section-1', 'example_subdag_operator.section-2', 'example_subdag_operator' retrieved from /home/airflow/.local/lib/python3.12/site-packages/airflow/example_dags/example_subdag_operator.py
[2024-10-19T14:31:28.633+0000] {logging_mixin.py:190} INFO - [2024-10-19T14:31:28.633+0000] {dag.py:3239} INFO - Sync 3 DAGs
[2024-10-19T14:31:28.651+0000] {logging_mixin.py:190} INFO - [2024-10-19T14:31:28.651+0000] {dag.py:4180} INFO - Setting next_dagrun for example_subdag_operator to 2022-01-01 00:00:00+00:00, run_after=2022-01-01 00:00:00+00:00
[2024-10-19T14:31:28.654+0000] {logging_mixin.py:190} INFO - [2024-10-19T14:31:28.654+0000] {dag.py:4180} INFO - Setting next_dagrun for example_subdag_operator.section-1 to None, run_after=None
[2024-10-19T14:31:28.656+0000] {logging_mixin.py:190} INFO - [2024-10-19T14:31:28.655+0000] {dag.py:4180} INFO - Setting next_dagrun for example_subdag_operator.section-2 to None, run_after=None
[2024-10-19T14:31:28.662+0000] {logging_mixin.py:190} INFO - [2024-10-19T14:31:28.661+0000] {dag.py:3239} INFO - Sync 2 DAGs
[2024-10-19T14:31:28.666+0000] {logging_mixin.py:190} INFO - [2024-10-19T14:31:28.666+0000] {dag.py:4180} INFO - Setting next_dagrun for example_subdag_operator.section-1 to None, run_after=None
[2024-10-19T14:31:28.667+0000] {logging_mixin.py:190} INFO - [2024-10-19T14:31:28.667+0000] {dag.py:4180} INFO - Setting next_dagrun for example_subdag_operator.section-2 to None, run_after=None
[2024-10-19T14:31:28.678+0000] {processor.py:208} INFO - Processing /home/airflow/.local/lib/python3.12/site-packages/airflow/example_dags/example_subdag_operator.py took 0.089 seconds
[2024-10-19T14:31:59.141+0000] {processor.py:186} INFO - Started process (PID=1633) to work on /home/airflow/.local/lib/python3.12/site-packages/airflow/example_dags/example_subdag_operator.py
[2024-10-19T14:31:59.142+0000] {processor.py:914} INFO - Processing file /home/airflow/.local/lib/python3.12/site-packages/airflow/example_dags/example_subdag_operator.py for tasks to queue
[2024-10-19T14:31:59.145+0000] {logging_mixin.py:190} INFO - [2024-10-19T14:31:59.144+0000] {dagbag.py:588} INFO - Filling up the DagBag from /home/airflow/.local/lib/python3.12/site-packages/airflow/example_dags/example_subdag_operator.py
[2024-10-19T14:31:59.166+0000] {processor.py:925} INFO - DAG(s) 'example_subdag_operator.section-1', 'example_subdag_operator.section-2', 'example_subdag_operator' retrieved from /home/airflow/.local/lib/python3.12/site-packages/airflow/example_dags/example_subdag_operator.py
[2024-10-19T14:31:59.179+0000] {logging_mixin.py:190} INFO - [2024-10-19T14:31:59.179+0000] {dag.py:3239} INFO - Sync 3 DAGs
[2024-10-19T14:31:59.197+0000] {logging_mixin.py:190} INFO - [2024-10-19T14:31:59.197+0000] {dag.py:4180} INFO - Setting next_dagrun for example_subdag_operator to 2022-01-01 00:00:00+00:00, run_after=2022-01-01 00:00:00+00:00
[2024-10-19T14:31:59.200+0000] {logging_mixin.py:190} INFO - [2024-10-19T14:31:59.200+0000] {dag.py:4180} INFO - Setting next_dagrun for example_subdag_operator.section-1 to None, run_after=None
[2024-10-19T14:31:59.202+0000] {logging_mixin.py:190} INFO - [2024-10-19T14:31:59.202+0000] {dag.py:4180} INFO - Setting next_dagrun for example_subdag_operator.section-2 to None, run_after=None
[2024-10-19T14:31:59.208+0000] {logging_mixin.py:190} INFO - [2024-10-19T14:31:59.208+0000] {dag.py:3239} INFO - Sync 2 DAGs
[2024-10-19T14:31:59.213+0000] {logging_mixin.py:190} INFO - [2024-10-19T14:31:59.213+0000] {dag.py:4180} INFO - Setting next_dagrun for example_subdag_operator.section-1 to None, run_after=None
[2024-10-19T14:31:59.214+0000] {logging_mixin.py:190} INFO - [2024-10-19T14:31:59.214+0000] {dag.py:4180} INFO - Setting next_dagrun for example_subdag_operator.section-2 to None, run_after=None
[2024-10-19T14:31:59.244+0000] {processor.py:208} INFO - Processing /home/airflow/.local/lib/python3.12/site-packages/airflow/example_dags/example_subdag_operator.py took 0.107 seconds
[2024-10-19T14:32:29.698+0000] {processor.py:186} INFO - Started process (PID=1696) to work on /home/airflow/.local/lib/python3.12/site-packages/airflow/example_dags/example_subdag_operator.py
[2024-10-19T14:32:29.699+0000] {processor.py:914} INFO - Processing file /home/airflow/.local/lib/python3.12/site-packages/airflow/example_dags/example_subdag_operator.py for tasks to queue
[2024-10-19T14:32:29.702+0000] {logging_mixin.py:190} INFO - [2024-10-19T14:32:29.701+0000] {dagbag.py:588} INFO - Filling up the DagBag from /home/airflow/.local/lib/python3.12/site-packages/airflow/example_dags/example_subdag_operator.py
[2024-10-19T14:32:29.724+0000] {processor.py:925} INFO - DAG(s) 'example_subdag_operator.section-1', 'example_subdag_operator.section-2', 'example_subdag_operator' retrieved from /home/airflow/.local/lib/python3.12/site-packages/airflow/example_dags/example_subdag_operator.py
[2024-10-19T14:32:29.738+0000] {logging_mixin.py:190} INFO - [2024-10-19T14:32:29.738+0000] {dag.py:3239} INFO - Sync 3 DAGs
[2024-10-19T14:32:29.759+0000] {logging_mixin.py:190} INFO - [2024-10-19T14:32:29.759+0000] {dag.py:4180} INFO - Setting next_dagrun for example_subdag_operator to 2022-01-01 00:00:00+00:00, run_after=2022-01-01 00:00:00+00:00
[2024-10-19T14:32:29.763+0000] {logging_mixin.py:190} INFO - [2024-10-19T14:32:29.763+0000] {dag.py:4180} INFO - Setting next_dagrun for example_subdag_operator.section-1 to None, run_after=None
[2024-10-19T14:32:29.764+0000] {logging_mixin.py:190} INFO - [2024-10-19T14:32:29.764+0000] {dag.py:4180} INFO - Setting next_dagrun for example_subdag_operator.section-2 to None, run_after=None
[2024-10-19T14:32:29.771+0000] {logging_mixin.py:190} INFO - [2024-10-19T14:32:29.771+0000] {dag.py:3239} INFO - Sync 2 DAGs
[2024-10-19T14:32:29.775+0000] {logging_mixin.py:190} INFO - [2024-10-19T14:32:29.775+0000] {dag.py:4180} INFO - Setting next_dagrun for example_subdag_operator.section-1 to None, run_after=None
[2024-10-19T14:32:29.776+0000] {logging_mixin.py:190} INFO - [2024-10-19T14:32:29.776+0000] {dag.py:4180} INFO - Setting next_dagrun for example_subdag_operator.section-2 to None, run_after=None
[2024-10-19T14:32:29.787+0000] {processor.py:208} INFO - Processing /home/airflow/.local/lib/python3.12/site-packages/airflow/example_dags/example_subdag_operator.py took 0.093 seconds
[2024-10-19T14:33:00.094+0000] {processor.py:186} INFO - Started process (PID=1759) to work on /home/airflow/.local/lib/python3.12/site-packages/airflow/example_dags/example_subdag_operator.py
[2024-10-19T14:33:00.096+0000] {processor.py:914} INFO - Processing file /home/airflow/.local/lib/python3.12/site-packages/airflow/example_dags/example_subdag_operator.py for tasks to queue
[2024-10-19T14:33:00.098+0000] {logging_mixin.py:190} INFO - [2024-10-19T14:33:00.098+0000] {dagbag.py:588} INFO - Filling up the DagBag from /home/airflow/.local/lib/python3.12/site-packages/airflow/example_dags/example_subdag_operator.py
[2024-10-19T14:33:00.122+0000] {processor.py:925} INFO - DAG(s) 'example_subdag_operator.section-1', 'example_subdag_operator.section-2', 'example_subdag_operator' retrieved from /home/airflow/.local/lib/python3.12/site-packages/airflow/example_dags/example_subdag_operator.py
[2024-10-19T14:33:00.135+0000] {logging_mixin.py:190} INFO - [2024-10-19T14:33:00.135+0000] {dag.py:3239} INFO - Sync 3 DAGs
[2024-10-19T14:33:00.155+0000] {logging_mixin.py:190} INFO - [2024-10-19T14:33:00.154+0000] {dag.py:4180} INFO - Setting next_dagrun for example_subdag_operator to 2022-01-01 00:00:00+00:00, run_after=2022-01-01 00:00:00+00:00
[2024-10-19T14:33:00.158+0000] {logging_mixin.py:190} INFO - [2024-10-19T14:33:00.158+0000] {dag.py:4180} INFO - Setting next_dagrun for example_subdag_operator.section-1 to None, run_after=None
[2024-10-19T14:33:00.159+0000] {logging_mixin.py:190} INFO - [2024-10-19T14:33:00.159+0000] {dag.py:4180} INFO - Setting next_dagrun for example_subdag_operator.section-2 to None, run_after=None
[2024-10-19T14:33:00.166+0000] {logging_mixin.py:190} INFO - [2024-10-19T14:33:00.166+0000] {dag.py:3239} INFO - Sync 2 DAGs
[2024-10-19T14:33:00.171+0000] {logging_mixin.py:190} INFO - [2024-10-19T14:33:00.171+0000] {dag.py:4180} INFO - Setting next_dagrun for example_subdag_operator.section-1 to None, run_after=None
[2024-10-19T14:33:00.171+0000] {logging_mixin.py:190} INFO - [2024-10-19T14:33:00.171+0000] {dag.py:4180} INFO - Setting next_dagrun for example_subdag_operator.section-2 to None, run_after=None
[2024-10-19T14:33:00.183+0000] {processor.py:208} INFO - Processing /home/airflow/.local/lib/python3.12/site-packages/airflow/example_dags/example_subdag_operator.py took 0.093 seconds
[2024-10-19T14:33:30.815+0000] {processor.py:186} INFO - Started process (PID=1822) to work on /home/airflow/.local/lib/python3.12/site-packages/airflow/example_dags/example_subdag_operator.py
[2024-10-19T14:33:30.816+0000] {processor.py:914} INFO - Processing file /home/airflow/.local/lib/python3.12/site-packages/airflow/example_dags/example_subdag_operator.py for tasks to queue
[2024-10-19T14:33:30.818+0000] {logging_mixin.py:190} INFO - [2024-10-19T14:33:30.818+0000] {dagbag.py:588} INFO - Filling up the DagBag from /home/airflow/.local/lib/python3.12/site-packages/airflow/example_dags/example_subdag_operator.py
[2024-10-19T14:33:30.838+0000] {processor.py:925} INFO - DAG(s) 'example_subdag_operator.section-1', 'example_subdag_operator.section-2', 'example_subdag_operator' retrieved from /home/airflow/.local/lib/python3.12/site-packages/airflow/example_dags/example_subdag_operator.py
[2024-10-19T14:33:30.857+0000] {logging_mixin.py:190} INFO - [2024-10-19T14:33:30.857+0000] {dag.py:3239} INFO - Sync 3 DAGs
[2024-10-19T14:33:30.882+0000] {logging_mixin.py:190} INFO - [2024-10-19T14:33:30.882+0000] {dag.py:4180} INFO - Setting next_dagrun for example_subdag_operator to 2022-01-01 00:00:00+00:00, run_after=2022-01-01 00:00:00+00:00
[2024-10-19T14:33:30.886+0000] {logging_mixin.py:190} INFO - [2024-10-19T14:33:30.885+0000] {dag.py:4180} INFO - Setting next_dagrun for example_subdag_operator.section-1 to None, run_after=None
[2024-10-19T14:33:30.887+0000] {logging_mixin.py:190} INFO - [2024-10-19T14:33:30.887+0000] {dag.py:4180} INFO - Setting next_dagrun for example_subdag_operator.section-2 to None, run_after=None
[2024-10-19T14:33:30.896+0000] {logging_mixin.py:190} INFO - [2024-10-19T14:33:30.896+0000] {dag.py:3239} INFO - Sync 2 DAGs
[2024-10-19T14:33:30.901+0000] {logging_mixin.py:190} INFO - [2024-10-19T14:33:30.901+0000] {dag.py:4180} INFO - Setting next_dagrun for example_subdag_operator.section-1 to None, run_after=None
[2024-10-19T14:33:30.902+0000] {logging_mixin.py:190} INFO - [2024-10-19T14:33:30.902+0000] {dag.py:4180} INFO - Setting next_dagrun for example_subdag_operator.section-2 to None, run_after=None
[2024-10-19T14:33:30.915+0000] {processor.py:208} INFO - Processing /home/airflow/.local/lib/python3.12/site-packages/airflow/example_dags/example_subdag_operator.py took 0.105 seconds
[2024-10-19T14:34:01.476+0000] {processor.py:186} INFO - Started process (PID=1885) to work on /home/airflow/.local/lib/python3.12/site-packages/airflow/example_dags/example_subdag_operator.py
[2024-10-19T14:34:01.477+0000] {processor.py:914} INFO - Processing file /home/airflow/.local/lib/python3.12/site-packages/airflow/example_dags/example_subdag_operator.py for tasks to queue
[2024-10-19T14:34:01.480+0000] {logging_mixin.py:190} INFO - [2024-10-19T14:34:01.480+0000] {dagbag.py:588} INFO - Filling up the DagBag from /home/airflow/.local/lib/python3.12/site-packages/airflow/example_dags/example_subdag_operator.py
[2024-10-19T14:34:01.503+0000] {processor.py:925} INFO - DAG(s) 'example_subdag_operator.section-1', 'example_subdag_operator.section-2', 'example_subdag_operator' retrieved from /home/airflow/.local/lib/python3.12/site-packages/airflow/example_dags/example_subdag_operator.py
[2024-10-19T14:34:01.516+0000] {logging_mixin.py:190} INFO - [2024-10-19T14:34:01.516+0000] {dag.py:3239} INFO - Sync 3 DAGs
[2024-10-19T14:34:01.536+0000] {logging_mixin.py:190} INFO - [2024-10-19T14:34:01.536+0000] {dag.py:4180} INFO - Setting next_dagrun for example_subdag_operator to 2022-01-01 00:00:00+00:00, run_after=2022-01-01 00:00:00+00:00
[2024-10-19T14:34:01.540+0000] {logging_mixin.py:190} INFO - [2024-10-19T14:34:01.540+0000] {dag.py:4180} INFO - Setting next_dagrun for example_subdag_operator.section-1 to None, run_after=None
[2024-10-19T14:34:01.542+0000] {logging_mixin.py:190} INFO - [2024-10-19T14:34:01.541+0000] {dag.py:4180} INFO - Setting next_dagrun for example_subdag_operator.section-2 to None, run_after=None
[2024-10-19T14:34:01.548+0000] {logging_mixin.py:190} INFO - [2024-10-19T14:34:01.548+0000] {dag.py:3239} INFO - Sync 2 DAGs
[2024-10-19T14:34:01.553+0000] {logging_mixin.py:190} INFO - [2024-10-19T14:34:01.552+0000] {dag.py:4180} INFO - Setting next_dagrun for example_subdag_operator.section-1 to None, run_after=None
[2024-10-19T14:34:01.553+0000] {logging_mixin.py:190} INFO - [2024-10-19T14:34:01.553+0000] {dag.py:4180} INFO - Setting next_dagrun for example_subdag_operator.section-2 to None, run_after=None
[2024-10-19T14:34:01.565+0000] {processor.py:208} INFO - Processing /home/airflow/.local/lib/python3.12/site-packages/airflow/example_dags/example_subdag_operator.py took 0.093 seconds
[2024-10-19T14:34:32.262+0000] {processor.py:186} INFO - Started process (PID=1948) to work on /home/airflow/.local/lib/python3.12/site-packages/airflow/example_dags/example_subdag_operator.py
[2024-10-19T14:34:32.263+0000] {processor.py:914} INFO - Processing file /home/airflow/.local/lib/python3.12/site-packages/airflow/example_dags/example_subdag_operator.py for tasks to queue
[2024-10-19T14:34:32.266+0000] {logging_mixin.py:190} INFO - [2024-10-19T14:34:32.266+0000] {dagbag.py:588} INFO - Filling up the DagBag from /home/airflow/.local/lib/python3.12/site-packages/airflow/example_dags/example_subdag_operator.py
[2024-10-19T14:34:32.287+0000] {processor.py:925} INFO - DAG(s) 'example_subdag_operator.section-1', 'example_subdag_operator.section-2', 'example_subdag_operator' retrieved from /home/airflow/.local/lib/python3.12/site-packages/airflow/example_dags/example_subdag_operator.py
[2024-10-19T14:34:32.300+0000] {logging_mixin.py:190} INFO - [2024-10-19T14:34:32.299+0000] {dag.py:3239} INFO - Sync 3 DAGs
[2024-10-19T14:34:32.320+0000] {logging_mixin.py:190} INFO - [2024-10-19T14:34:32.320+0000] {dag.py:4180} INFO - Setting next_dagrun for example_subdag_operator to 2022-01-01 00:00:00+00:00, run_after=2022-01-01 00:00:00+00:00
[2024-10-19T14:34:32.324+0000] {logging_mixin.py:190} INFO - [2024-10-19T14:34:32.323+0000] {dag.py:4180} INFO - Setting next_dagrun for example_subdag_operator.section-1 to None, run_after=None
[2024-10-19T14:34:32.325+0000] {logging_mixin.py:190} INFO - [2024-10-19T14:34:32.325+0000] {dag.py:4180} INFO - Setting next_dagrun for example_subdag_operator.section-2 to None, run_after=None
[2024-10-19T14:34:32.333+0000] {logging_mixin.py:190} INFO - [2024-10-19T14:34:32.333+0000] {dag.py:3239} INFO - Sync 2 DAGs
[2024-10-19T14:34:32.338+0000] {logging_mixin.py:190} INFO - [2024-10-19T14:34:32.338+0000] {dag.py:4180} INFO - Setting next_dagrun for example_subdag_operator.section-1 to None, run_after=None
[2024-10-19T14:34:32.339+0000] {logging_mixin.py:190} INFO - [2024-10-19T14:34:32.338+0000] {dag.py:4180} INFO - Setting next_dagrun for example_subdag_operator.section-2 to None, run_after=None
[2024-10-19T14:34:32.350+0000] {processor.py:208} INFO - Processing /home/airflow/.local/lib/python3.12/site-packages/airflow/example_dags/example_subdag_operator.py took 0.093 seconds
[2024-10-19T14:35:02.944+0000] {processor.py:186} INFO - Started process (PID=2011) to work on /home/airflow/.local/lib/python3.12/site-packages/airflow/example_dags/example_subdag_operator.py
[2024-10-19T14:35:02.945+0000] {processor.py:914} INFO - Processing file /home/airflow/.local/lib/python3.12/site-packages/airflow/example_dags/example_subdag_operator.py for tasks to queue
[2024-10-19T14:35:02.947+0000] {logging_mixin.py:190} INFO - [2024-10-19T14:35:02.947+0000] {dagbag.py:588} INFO - Filling up the DagBag from /home/airflow/.local/lib/python3.12/site-packages/airflow/example_dags/example_subdag_operator.py
[2024-10-19T14:35:02.971+0000] {processor.py:925} INFO - DAG(s) 'example_subdag_operator.section-1', 'example_subdag_operator.section-2', 'example_subdag_operator' retrieved from /home/airflow/.local/lib/python3.12/site-packages/airflow/example_dags/example_subdag_operator.py
[2024-10-19T14:35:02.983+0000] {logging_mixin.py:190} INFO - [2024-10-19T14:35:02.983+0000] {dag.py:3239} INFO - Sync 3 DAGs
[2024-10-19T14:35:03.002+0000] {logging_mixin.py:190} INFO - [2024-10-19T14:35:03.001+0000] {dag.py:4180} INFO - Setting next_dagrun for example_subdag_operator to 2022-01-01 00:00:00+00:00, run_after=2022-01-01 00:00:00+00:00
[2024-10-19T14:35:03.005+0000] {logging_mixin.py:190} INFO - [2024-10-19T14:35:03.005+0000] {dag.py:4180} INFO - Setting next_dagrun for example_subdag_operator.section-1 to None, run_after=None
[2024-10-19T14:35:03.007+0000] {logging_mixin.py:190} INFO - [2024-10-19T14:35:03.007+0000] {dag.py:4180} INFO - Setting next_dagrun for example_subdag_operator.section-2 to None, run_after=None
[2024-10-19T14:35:03.013+0000] {logging_mixin.py:190} INFO - [2024-10-19T14:35:03.013+0000] {dag.py:3239} INFO - Sync 2 DAGs
[2024-10-19T14:35:03.019+0000] {logging_mixin.py:190} INFO - [2024-10-19T14:35:03.019+0000] {dag.py:4180} INFO - Setting next_dagrun for example_subdag_operator.section-1 to None, run_after=None
[2024-10-19T14:35:03.020+0000] {logging_mixin.py:190} INFO - [2024-10-19T14:35:03.020+0000] {dag.py:4180} INFO - Setting next_dagrun for example_subdag_operator.section-2 to None, run_after=None
[2024-10-19T14:35:03.031+0000] {processor.py:208} INFO - Processing /home/airflow/.local/lib/python3.12/site-packages/airflow/example_dags/example_subdag_operator.py took 0.092 seconds
[2024-10-19T14:35:33.499+0000] {processor.py:186} INFO - Started process (PID=2074) to work on /home/airflow/.local/lib/python3.12/site-packages/airflow/example_dags/example_subdag_operator.py
[2024-10-19T14:35:33.500+0000] {processor.py:914} INFO - Processing file /home/airflow/.local/lib/python3.12/site-packages/airflow/example_dags/example_subdag_operator.py for tasks to queue
[2024-10-19T14:35:33.503+0000] {logging_mixin.py:190} INFO - [2024-10-19T14:35:33.503+0000] {dagbag.py:588} INFO - Filling up the DagBag from /home/airflow/.local/lib/python3.12/site-packages/airflow/example_dags/example_subdag_operator.py
[2024-10-19T14:35:33.524+0000] {processor.py:925} INFO - DAG(s) 'example_subdag_operator.section-1', 'example_subdag_operator.section-2', 'example_subdag_operator' retrieved from /home/airflow/.local/lib/python3.12/site-packages/airflow/example_dags/example_subdag_operator.py
[2024-10-19T14:35:33.536+0000] {logging_mixin.py:190} INFO - [2024-10-19T14:35:33.536+0000] {dag.py:3239} INFO - Sync 3 DAGs
[2024-10-19T14:35:33.554+0000] {logging_mixin.py:190} INFO - [2024-10-19T14:35:33.553+0000] {dag.py:4180} INFO - Setting next_dagrun for example_subdag_operator to 2022-01-01 00:00:00+00:00, run_after=2022-01-01 00:00:00+00:00
[2024-10-19T14:35:33.557+0000] {logging_mixin.py:190} INFO - [2024-10-19T14:35:33.557+0000] {dag.py:4180} INFO - Setting next_dagrun for example_subdag_operator.section-1 to None, run_after=None
[2024-10-19T14:35:33.559+0000] {logging_mixin.py:190} INFO - [2024-10-19T14:35:33.558+0000] {dag.py:4180} INFO - Setting next_dagrun for example_subdag_operator.section-2 to None, run_after=None
[2024-10-19T14:35:33.566+0000] {logging_mixin.py:190} INFO - [2024-10-19T14:35:33.566+0000] {dag.py:3239} INFO - Sync 2 DAGs
[2024-10-19T14:35:33.572+0000] {logging_mixin.py:190} INFO - [2024-10-19T14:35:33.572+0000] {dag.py:4180} INFO - Setting next_dagrun for example_subdag_operator.section-1 to None, run_after=None
[2024-10-19T14:35:33.573+0000] {logging_mixin.py:190} INFO - [2024-10-19T14:35:33.573+0000] {dag.py:4180} INFO - Setting next_dagrun for example_subdag_operator.section-2 to None, run_after=None
[2024-10-19T14:35:33.586+0000] {processor.py:208} INFO - Processing /home/airflow/.local/lib/python3.12/site-packages/airflow/example_dags/example_subdag_operator.py took 0.092 seconds
[2024-10-19T14:36:04.419+0000] {processor.py:186} INFO - Started process (PID=2137) to work on /home/airflow/.local/lib/python3.12/site-packages/airflow/example_dags/example_subdag_operator.py
[2024-10-19T14:36:04.420+0000] {processor.py:914} INFO - Processing file /home/airflow/.local/lib/python3.12/site-packages/airflow/example_dags/example_subdag_operator.py for tasks to queue
[2024-10-19T14:36:04.421+0000] {logging_mixin.py:190} INFO - [2024-10-19T14:36:04.421+0000] {dagbag.py:588} INFO - Filling up the DagBag from /home/airflow/.local/lib/python3.12/site-packages/airflow/example_dags/example_subdag_operator.py
[2024-10-19T14:36:04.446+0000] {processor.py:925} INFO - DAG(s) 'example_subdag_operator.section-1', 'example_subdag_operator.section-2', 'example_subdag_operator' retrieved from /home/airflow/.local/lib/python3.12/site-packages/airflow/example_dags/example_subdag_operator.py
[2024-10-19T14:36:04.460+0000] {logging_mixin.py:190} INFO - [2024-10-19T14:36:04.459+0000] {dag.py:3239} INFO - Sync 3 DAGs
[2024-10-19T14:36:04.480+0000] {logging_mixin.py:190} INFO - [2024-10-19T14:36:04.480+0000] {dag.py:4180} INFO - Setting next_dagrun for example_subdag_operator to 2022-01-01 00:00:00+00:00, run_after=2022-01-01 00:00:00+00:00
[2024-10-19T14:36:04.484+0000] {logging_mixin.py:190} INFO - [2024-10-19T14:36:04.483+0000] {dag.py:4180} INFO - Setting next_dagrun for example_subdag_operator.section-1 to None, run_after=None
[2024-10-19T14:36:04.485+0000] {logging_mixin.py:190} INFO - [2024-10-19T14:36:04.485+0000] {dag.py:4180} INFO - Setting next_dagrun for example_subdag_operator.section-2 to None, run_after=None
[2024-10-19T14:36:04.493+0000] {logging_mixin.py:190} INFO - [2024-10-19T14:36:04.493+0000] {dag.py:3239} INFO - Sync 2 DAGs
[2024-10-19T14:36:04.498+0000] {logging_mixin.py:190} INFO - [2024-10-19T14:36:04.498+0000] {dag.py:4180} INFO - Setting next_dagrun for example_subdag_operator.section-1 to None, run_after=None
[2024-10-19T14:36:04.499+0000] {logging_mixin.py:190} INFO - [2024-10-19T14:36:04.499+0000] {dag.py:4180} INFO - Setting next_dagrun for example_subdag_operator.section-2 to None, run_after=None
[2024-10-19T14:36:04.511+0000] {processor.py:208} INFO - Processing /home/airflow/.local/lib/python3.12/site-packages/airflow/example_dags/example_subdag_operator.py took 0.097 seconds
[2024-10-19T14:36:34.997+0000] {processor.py:186} INFO - Started process (PID=2200) to work on /home/airflow/.local/lib/python3.12/site-packages/airflow/example_dags/example_subdag_operator.py
[2024-10-19T14:36:34.998+0000] {processor.py:914} INFO - Processing file /home/airflow/.local/lib/python3.12/site-packages/airflow/example_dags/example_subdag_operator.py for tasks to queue
[2024-10-19T14:36:35.001+0000] {logging_mixin.py:190} INFO - [2024-10-19T14:36:35.001+0000] {dagbag.py:588} INFO - Filling up the DagBag from /home/airflow/.local/lib/python3.12/site-packages/airflow/example_dags/example_subdag_operator.py
[2024-10-19T14:36:35.027+0000] {processor.py:925} INFO - DAG(s) 'example_subdag_operator.section-1', 'example_subdag_operator.section-2', 'example_subdag_operator' retrieved from /home/airflow/.local/lib/python3.12/site-packages/airflow/example_dags/example_subdag_operator.py
[2024-10-19T14:36:35.042+0000] {logging_mixin.py:190} INFO - [2024-10-19T14:36:35.042+0000] {dag.py:3239} INFO - Sync 3 DAGs
[2024-10-19T14:36:35.076+0000] {logging_mixin.py:190} INFO - [2024-10-19T14:36:35.076+0000] {dag.py:4180} INFO - Setting next_dagrun for example_subdag_operator to 2022-01-01 00:00:00+00:00, run_after=2022-01-01 00:00:00+00:00
[2024-10-19T14:36:35.080+0000] {logging_mixin.py:190} INFO - [2024-10-19T14:36:35.080+0000] {dag.py:4180} INFO - Setting next_dagrun for example_subdag_operator.section-1 to None, run_after=None
[2024-10-19T14:36:35.082+0000] {logging_mixin.py:190} INFO - [2024-10-19T14:36:35.082+0000] {dag.py:4180} INFO - Setting next_dagrun for example_subdag_operator.section-2 to None, run_after=None
[2024-10-19T14:36:35.089+0000] {logging_mixin.py:190} INFO - [2024-10-19T14:36:35.089+0000] {dag.py:3239} INFO - Sync 2 DAGs
[2024-10-19T14:36:35.094+0000] {logging_mixin.py:190} INFO - [2024-10-19T14:36:35.094+0000] {dag.py:4180} INFO - Setting next_dagrun for example_subdag_operator.section-1 to None, run_after=None
[2024-10-19T14:36:35.095+0000] {logging_mixin.py:190} INFO - [2024-10-19T14:36:35.095+0000] {dag.py:4180} INFO - Setting next_dagrun for example_subdag_operator.section-2 to None, run_after=None
[2024-10-19T14:36:35.106+0000] {processor.py:208} INFO - Processing /home/airflow/.local/lib/python3.12/site-packages/airflow/example_dags/example_subdag_operator.py took 0.113 seconds
[2024-10-19T14:37:05.672+0000] {processor.py:186} INFO - Started process (PID=2263) to work on /home/airflow/.local/lib/python3.12/site-packages/airflow/example_dags/example_subdag_operator.py
[2024-10-19T14:37:05.673+0000] {processor.py:914} INFO - Processing file /home/airflow/.local/lib/python3.12/site-packages/airflow/example_dags/example_subdag_operator.py for tasks to queue
[2024-10-19T14:37:05.676+0000] {logging_mixin.py:190} INFO - [2024-10-19T14:37:05.676+0000] {dagbag.py:588} INFO - Filling up the DagBag from /home/airflow/.local/lib/python3.12/site-packages/airflow/example_dags/example_subdag_operator.py
[2024-10-19T14:37:05.697+0000] {processor.py:925} INFO - DAG(s) 'example_subdag_operator.section-1', 'example_subdag_operator.section-2', 'example_subdag_operator' retrieved from /home/airflow/.local/lib/python3.12/site-packages/airflow/example_dags/example_subdag_operator.py
[2024-10-19T14:37:05.711+0000] {logging_mixin.py:190} INFO - [2024-10-19T14:37:05.711+0000] {dag.py:3239} INFO - Sync 3 DAGs
[2024-10-19T14:37:05.730+0000] {logging_mixin.py:190} INFO - [2024-10-19T14:37:05.730+0000] {dag.py:4180} INFO - Setting next_dagrun for example_subdag_operator to 2022-01-01 00:00:00+00:00, run_after=2022-01-01 00:00:00+00:00
[2024-10-19T14:37:05.734+0000] {logging_mixin.py:190} INFO - [2024-10-19T14:37:05.734+0000] {dag.py:4180} INFO - Setting next_dagrun for example_subdag_operator.section-1 to None, run_after=None
[2024-10-19T14:37:05.736+0000] {logging_mixin.py:190} INFO - [2024-10-19T14:37:05.736+0000] {dag.py:4180} INFO - Setting next_dagrun for example_subdag_operator.section-2 to None, run_after=None
[2024-10-19T14:37:05.745+0000] {logging_mixin.py:190} INFO - [2024-10-19T14:37:05.744+0000] {dag.py:3239} INFO - Sync 2 DAGs
[2024-10-19T14:37:05.750+0000] {logging_mixin.py:190} INFO - [2024-10-19T14:37:05.750+0000] {dag.py:4180} INFO - Setting next_dagrun for example_subdag_operator.section-1 to None, run_after=None
[2024-10-19T14:37:05.751+0000] {logging_mixin.py:190} INFO - [2024-10-19T14:37:05.751+0000] {dag.py:4180} INFO - Setting next_dagrun for example_subdag_operator.section-2 to None, run_after=None
[2024-10-19T14:37:05.764+0000] {processor.py:208} INFO - Processing /home/airflow/.local/lib/python3.12/site-packages/airflow/example_dags/example_subdag_operator.py took 0.096 seconds
[2024-10-19T14:37:35.959+0000] {processor.py:186} INFO - Started process (PID=2327) to work on /home/airflow/.local/lib/python3.12/site-packages/airflow/example_dags/example_subdag_operator.py
[2024-10-19T14:37:35.960+0000] {processor.py:914} INFO - Processing file /home/airflow/.local/lib/python3.12/site-packages/airflow/example_dags/example_subdag_operator.py for tasks to queue
[2024-10-19T14:37:35.963+0000] {logging_mixin.py:190} INFO - [2024-10-19T14:37:35.963+0000] {dagbag.py:588} INFO - Filling up the DagBag from /home/airflow/.local/lib/python3.12/site-packages/airflow/example_dags/example_subdag_operator.py
[2024-10-19T14:37:35.988+0000] {processor.py:925} INFO - DAG(s) 'example_subdag_operator.section-1', 'example_subdag_operator.section-2', 'example_subdag_operator' retrieved from /home/airflow/.local/lib/python3.12/site-packages/airflow/example_dags/example_subdag_operator.py
[2024-10-19T14:37:36.001+0000] {logging_mixin.py:190} INFO - [2024-10-19T14:37:36.001+0000] {dag.py:3239} INFO - Sync 3 DAGs
[2024-10-19T14:37:36.023+0000] {logging_mixin.py:190} INFO - [2024-10-19T14:37:36.022+0000] {dag.py:4180} INFO - Setting next_dagrun for example_subdag_operator to 2022-01-01 00:00:00+00:00, run_after=2022-01-01 00:00:00+00:00
[2024-10-19T14:37:36.028+0000] {logging_mixin.py:190} INFO - [2024-10-19T14:37:36.028+0000] {dag.py:4180} INFO - Setting next_dagrun for example_subdag_operator.section-1 to None, run_after=None
[2024-10-19T14:37:36.029+0000] {logging_mixin.py:190} INFO - [2024-10-19T14:37:36.029+0000] {dag.py:4180} INFO - Setting next_dagrun for example_subdag_operator.section-2 to None, run_after=None
[2024-10-19T14:37:36.036+0000] {logging_mixin.py:190} INFO - [2024-10-19T14:37:36.036+0000] {dag.py:3239} INFO - Sync 2 DAGs
[2024-10-19T14:37:36.041+0000] {logging_mixin.py:190} INFO - [2024-10-19T14:37:36.041+0000] {dag.py:4180} INFO - Setting next_dagrun for example_subdag_operator.section-1 to None, run_after=None
[2024-10-19T14:37:36.042+0000] {logging_mixin.py:190} INFO - [2024-10-19T14:37:36.042+0000] {dag.py:4180} INFO - Setting next_dagrun for example_subdag_operator.section-2 to None, run_after=None
[2024-10-19T14:37:36.051+0000] {processor.py:208} INFO - Processing /home/airflow/.local/lib/python3.12/site-packages/airflow/example_dags/example_subdag_operator.py took 0.100 seconds
[2024-10-19T14:38:07.315+0000] {processor.py:186} INFO - Started process (PID=2389) to work on /home/airflow/.local/lib/python3.12/site-packages/airflow/example_dags/example_subdag_operator.py
[2024-10-19T14:38:07.316+0000] {processor.py:914} INFO - Processing file /home/airflow/.local/lib/python3.12/site-packages/airflow/example_dags/example_subdag_operator.py for tasks to queue
[2024-10-19T14:38:07.318+0000] {logging_mixin.py:190} INFO - [2024-10-19T14:38:07.318+0000] {dagbag.py:588} INFO - Filling up the DagBag from /home/airflow/.local/lib/python3.12/site-packages/airflow/example_dags/example_subdag_operator.py
[2024-10-19T14:38:07.355+0000] {processor.py:925} INFO - DAG(s) 'example_subdag_operator.section-1', 'example_subdag_operator.section-2', 'example_subdag_operator' retrieved from /home/airflow/.local/lib/python3.12/site-packages/airflow/example_dags/example_subdag_operator.py
[2024-10-19T14:38:07.370+0000] {logging_mixin.py:190} INFO - [2024-10-19T14:38:07.370+0000] {dag.py:3239} INFO - Sync 3 DAGs
[2024-10-19T14:38:07.394+0000] {logging_mixin.py:190} INFO - [2024-10-19T14:38:07.394+0000] {dag.py:4180} INFO - Setting next_dagrun for example_subdag_operator to 2022-01-01 00:00:00+00:00, run_after=2022-01-01 00:00:00+00:00
[2024-10-19T14:38:07.397+0000] {logging_mixin.py:190} INFO - [2024-10-19T14:38:07.397+0000] {dag.py:4180} INFO - Setting next_dagrun for example_subdag_operator.section-1 to None, run_after=None
[2024-10-19T14:38:07.399+0000] {logging_mixin.py:190} INFO - [2024-10-19T14:38:07.399+0000] {dag.py:4180} INFO - Setting next_dagrun for example_subdag_operator.section-2 to None, run_after=None
[2024-10-19T14:38:07.407+0000] {logging_mixin.py:190} INFO - [2024-10-19T14:38:07.407+0000] {dag.py:3239} INFO - Sync 2 DAGs
[2024-10-19T14:38:07.414+0000] {logging_mixin.py:190} INFO - [2024-10-19T14:38:07.414+0000] {dag.py:4180} INFO - Setting next_dagrun for example_subdag_operator.section-1 to None, run_after=None
[2024-10-19T14:38:07.414+0000] {logging_mixin.py:190} INFO - [2024-10-19T14:38:07.414+0000] {dag.py:4180} INFO - Setting next_dagrun for example_subdag_operator.section-2 to None, run_after=None
[2024-10-19T14:38:07.425+0000] {processor.py:208} INFO - Processing /home/airflow/.local/lib/python3.12/site-packages/airflow/example_dags/example_subdag_operator.py took 0.114 seconds
[2024-10-19T14:38:37.723+0000] {processor.py:186} INFO - Started process (PID=2453) to work on /home/airflow/.local/lib/python3.12/site-packages/airflow/example_dags/example_subdag_operator.py
[2024-10-19T14:38:37.724+0000] {processor.py:914} INFO - Processing file /home/airflow/.local/lib/python3.12/site-packages/airflow/example_dags/example_subdag_operator.py for tasks to queue
[2024-10-19T14:38:37.726+0000] {logging_mixin.py:190} INFO - [2024-10-19T14:38:37.726+0000] {dagbag.py:588} INFO - Filling up the DagBag from /home/airflow/.local/lib/python3.12/site-packages/airflow/example_dags/example_subdag_operator.py
[2024-10-19T14:38:37.748+0000] {processor.py:925} INFO - DAG(s) 'example_subdag_operator.section-1', 'example_subdag_operator.section-2', 'example_subdag_operator' retrieved from /home/airflow/.local/lib/python3.12/site-packages/airflow/example_dags/example_subdag_operator.py
[2024-10-19T14:38:37.761+0000] {logging_mixin.py:190} INFO - [2024-10-19T14:38:37.761+0000] {dag.py:3239} INFO - Sync 3 DAGs
[2024-10-19T14:38:37.780+0000] {logging_mixin.py:190} INFO - [2024-10-19T14:38:37.780+0000] {dag.py:4180} INFO - Setting next_dagrun for example_subdag_operator to 2022-01-01 00:00:00+00:00, run_after=2022-01-01 00:00:00+00:00
[2024-10-19T14:38:37.784+0000] {logging_mixin.py:190} INFO - [2024-10-19T14:38:37.784+0000] {dag.py:4180} INFO - Setting next_dagrun for example_subdag_operator.section-1 to None, run_after=None
[2024-10-19T14:38:37.785+0000] {logging_mixin.py:190} INFO - [2024-10-19T14:38:37.785+0000] {dag.py:4180} INFO - Setting next_dagrun for example_subdag_operator.section-2 to None, run_after=None
[2024-10-19T14:38:37.792+0000] {logging_mixin.py:190} INFO - [2024-10-19T14:38:37.792+0000] {dag.py:3239} INFO - Sync 2 DAGs
[2024-10-19T14:38:37.798+0000] {logging_mixin.py:190} INFO - [2024-10-19T14:38:37.798+0000] {dag.py:4180} INFO - Setting next_dagrun for example_subdag_operator.section-1 to None, run_after=None
[2024-10-19T14:38:37.799+0000] {logging_mixin.py:190} INFO - [2024-10-19T14:38:37.798+0000] {dag.py:4180} INFO - Setting next_dagrun for example_subdag_operator.section-2 to None, run_after=None
[2024-10-19T14:38:37.807+0000] {processor.py:208} INFO - Processing /home/airflow/.local/lib/python3.12/site-packages/airflow/example_dags/example_subdag_operator.py took 0.089 seconds
