[2024-10-19T14:19:20.708+0000] {processor.py:186} INFO - Started process (PID=115) to work on /home/airflow/.local/lib/python3.12/site-packages/airflow/example_dags/example_python_operator.py
[2024-10-19T14:19:20.710+0000] {processor.py:914} INFO - Processing file /home/airflow/.local/lib/python3.12/site-packages/airflow/example_dags/example_python_operator.py for tasks to queue
[2024-10-19T14:19:20.727+0000] {logging_mixin.py:190} INFO - [2024-10-19T14:19:20.726+0000] {dagbag.py:588} INFO - Filling up the DagBag from /home/airflow/.local/lib/python3.12/site-packages/airflow/example_dags/example_python_operator.py
[2024-10-19T14:19:20.744+0000] {processor.py:925} INFO - DAG(s) 'example_python_operator' retrieved from /home/airflow/.local/lib/python3.12/site-packages/airflow/example_dags/example_python_operator.py
[2024-10-19T14:19:20.894+0000] {logging_mixin.py:190} INFO - [2024-10-19T14:19:20.894+0000] {dag.py:3239} INFO - Sync 1 DAGs
[2024-10-19T14:19:20.922+0000] {logging_mixin.py:190} INFO - [2024-10-19T14:19:20.922+0000] {dag.py:4180} INFO - Setting next_dagrun for example_python_operator to None, run_after=None
[2024-10-19T14:19:20.947+0000] {processor.py:208} INFO - Processing /home/airflow/.local/lib/python3.12/site-packages/airflow/example_dags/example_python_operator.py took 0.246 seconds
[2024-10-19T14:19:51.586+0000] {processor.py:186} INFO - Started process (PID=177) to work on /home/airflow/.local/lib/python3.12/site-packages/airflow/example_dags/example_python_operator.py
[2024-10-19T14:19:51.587+0000] {processor.py:914} INFO - Processing file /home/airflow/.local/lib/python3.12/site-packages/airflow/example_dags/example_python_operator.py for tasks to queue
[2024-10-19T14:19:51.590+0000] {logging_mixin.py:190} INFO - [2024-10-19T14:19:51.589+0000] {dagbag.py:588} INFO - Filling up the DagBag from /home/airflow/.local/lib/python3.12/site-packages/airflow/example_dags/example_python_operator.py
[2024-10-19T14:19:51.601+0000] {processor.py:925} INFO - DAG(s) 'example_python_operator' retrieved from /home/airflow/.local/lib/python3.12/site-packages/airflow/example_dags/example_python_operator.py
[2024-10-19T14:19:51.618+0000] {logging_mixin.py:190} INFO - [2024-10-19T14:19:51.618+0000] {dag.py:3239} INFO - Sync 1 DAGs
[2024-10-19T14:19:51.629+0000] {logging_mixin.py:190} INFO - [2024-10-19T14:19:51.629+0000] {dag.py:4180} INFO - Setting next_dagrun for example_python_operator to None, run_after=None
[2024-10-19T14:19:51.647+0000] {processor.py:208} INFO - Processing /home/airflow/.local/lib/python3.12/site-packages/airflow/example_dags/example_python_operator.py took 0.068 seconds
[2024-10-19T14:20:21.870+0000] {processor.py:186} INFO - Started process (PID=238) to work on /home/airflow/.local/lib/python3.12/site-packages/airflow/example_dags/example_python_operator.py
[2024-10-19T14:20:21.872+0000] {processor.py:914} INFO - Processing file /home/airflow/.local/lib/python3.12/site-packages/airflow/example_dags/example_python_operator.py for tasks to queue
[2024-10-19T14:20:21.874+0000] {logging_mixin.py:190} INFO - [2024-10-19T14:20:21.874+0000] {dagbag.py:588} INFO - Filling up the DagBag from /home/airflow/.local/lib/python3.12/site-packages/airflow/example_dags/example_python_operator.py
[2024-10-19T14:20:21.884+0000] {processor.py:925} INFO - DAG(s) 'example_python_operator' retrieved from /home/airflow/.local/lib/python3.12/site-packages/airflow/example_dags/example_python_operator.py
[2024-10-19T14:20:21.905+0000] {logging_mixin.py:190} INFO - [2024-10-19T14:20:21.904+0000] {dag.py:3239} INFO - Sync 1 DAGs
[2024-10-19T14:20:21.917+0000] {logging_mixin.py:190} INFO - [2024-10-19T14:20:21.917+0000] {dag.py:4180} INFO - Setting next_dagrun for example_python_operator to None, run_after=None
[2024-10-19T14:20:21.935+0000] {processor.py:208} INFO - Processing /home/airflow/.local/lib/python3.12/site-packages/airflow/example_dags/example_python_operator.py took 0.070 seconds
[2024-10-19T14:20:52.262+0000] {processor.py:186} INFO - Started process (PID=300) to work on /home/airflow/.local/lib/python3.12/site-packages/airflow/example_dags/example_python_operator.py
[2024-10-19T14:20:52.263+0000] {processor.py:914} INFO - Processing file /home/airflow/.local/lib/python3.12/site-packages/airflow/example_dags/example_python_operator.py for tasks to queue
[2024-10-19T14:20:52.265+0000] {logging_mixin.py:190} INFO - [2024-10-19T14:20:52.265+0000] {dagbag.py:588} INFO - Filling up the DagBag from /home/airflow/.local/lib/python3.12/site-packages/airflow/example_dags/example_python_operator.py
[2024-10-19T14:20:52.274+0000] {processor.py:925} INFO - DAG(s) 'example_python_operator' retrieved from /home/airflow/.local/lib/python3.12/site-packages/airflow/example_dags/example_python_operator.py
[2024-10-19T14:20:52.293+0000] {logging_mixin.py:190} INFO - [2024-10-19T14:20:52.292+0000] {dag.py:3239} INFO - Sync 1 DAGs
[2024-10-19T14:20:52.304+0000] {logging_mixin.py:190} INFO - [2024-10-19T14:20:52.304+0000] {dag.py:4180} INFO - Setting next_dagrun for example_python_operator to None, run_after=None
[2024-10-19T14:20:52.323+0000] {processor.py:208} INFO - Processing /home/airflow/.local/lib/python3.12/site-packages/airflow/example_dags/example_python_operator.py took 0.065 seconds
[2024-10-19T14:21:22.747+0000] {processor.py:186} INFO - Started process (PID=361) to work on /home/airflow/.local/lib/python3.12/site-packages/airflow/example_dags/example_python_operator.py
[2024-10-19T14:21:22.747+0000] {processor.py:914} INFO - Processing file /home/airflow/.local/lib/python3.12/site-packages/airflow/example_dags/example_python_operator.py for tasks to queue
[2024-10-19T14:21:22.749+0000] {logging_mixin.py:190} INFO - [2024-10-19T14:21:22.749+0000] {dagbag.py:588} INFO - Filling up the DagBag from /home/airflow/.local/lib/python3.12/site-packages/airflow/example_dags/example_python_operator.py
[2024-10-19T14:21:22.759+0000] {processor.py:925} INFO - DAG(s) 'example_python_operator' retrieved from /home/airflow/.local/lib/python3.12/site-packages/airflow/example_dags/example_python_operator.py
[2024-10-19T14:21:22.778+0000] {logging_mixin.py:190} INFO - [2024-10-19T14:21:22.778+0000] {dag.py:3239} INFO - Sync 1 DAGs
[2024-10-19T14:21:22.792+0000] {logging_mixin.py:190} INFO - [2024-10-19T14:21:22.792+0000] {dag.py:4180} INFO - Setting next_dagrun for example_python_operator to None, run_after=None
[2024-10-19T14:21:22.809+0000] {processor.py:208} INFO - Processing /home/airflow/.local/lib/python3.12/site-packages/airflow/example_dags/example_python_operator.py took 0.067 seconds
[2024-10-19T14:21:53.347+0000] {processor.py:186} INFO - Started process (PID=423) to work on /home/airflow/.local/lib/python3.12/site-packages/airflow/example_dags/example_python_operator.py
[2024-10-19T14:21:53.348+0000] {processor.py:914} INFO - Processing file /home/airflow/.local/lib/python3.12/site-packages/airflow/example_dags/example_python_operator.py for tasks to queue
[2024-10-19T14:21:53.350+0000] {logging_mixin.py:190} INFO - [2024-10-19T14:21:53.349+0000] {dagbag.py:588} INFO - Filling up the DagBag from /home/airflow/.local/lib/python3.12/site-packages/airflow/example_dags/example_python_operator.py
[2024-10-19T14:21:53.361+0000] {processor.py:925} INFO - DAG(s) 'example_python_operator' retrieved from /home/airflow/.local/lib/python3.12/site-packages/airflow/example_dags/example_python_operator.py
[2024-10-19T14:21:53.381+0000] {logging_mixin.py:190} INFO - [2024-10-19T14:21:53.381+0000] {dag.py:3239} INFO - Sync 1 DAGs
[2024-10-19T14:21:53.394+0000] {logging_mixin.py:190} INFO - [2024-10-19T14:21:53.393+0000] {dag.py:4180} INFO - Setting next_dagrun for example_python_operator to None, run_after=None
[2024-10-19T14:21:53.409+0000] {processor.py:208} INFO - Processing /home/airflow/.local/lib/python3.12/site-packages/airflow/example_dags/example_python_operator.py took 0.067 seconds
[2024-10-19T14:22:23.568+0000] {processor.py:186} INFO - Started process (PID=485) to work on /home/airflow/.local/lib/python3.12/site-packages/airflow/example_dags/example_python_operator.py
[2024-10-19T14:22:23.569+0000] {processor.py:914} INFO - Processing file /home/airflow/.local/lib/python3.12/site-packages/airflow/example_dags/example_python_operator.py for tasks to queue
[2024-10-19T14:22:23.572+0000] {logging_mixin.py:190} INFO - [2024-10-19T14:22:23.571+0000] {dagbag.py:588} INFO - Filling up the DagBag from /home/airflow/.local/lib/python3.12/site-packages/airflow/example_dags/example_python_operator.py
[2024-10-19T14:22:23.585+0000] {processor.py:925} INFO - DAG(s) 'example_python_operator' retrieved from /home/airflow/.local/lib/python3.12/site-packages/airflow/example_dags/example_python_operator.py
[2024-10-19T14:22:23.625+0000] {logging_mixin.py:190} INFO - [2024-10-19T14:22:23.624+0000] {dag.py:3239} INFO - Sync 1 DAGs
[2024-10-19T14:22:23.637+0000] {logging_mixin.py:190} INFO - [2024-10-19T14:22:23.637+0000] {dag.py:4180} INFO - Setting next_dagrun for example_python_operator to None, run_after=None
[2024-10-19T14:22:23.667+0000] {processor.py:208} INFO - Processing /home/airflow/.local/lib/python3.12/site-packages/airflow/example_dags/example_python_operator.py took 0.104 seconds
[2024-10-19T14:22:54.212+0000] {processor.py:186} INFO - Started process (PID=547) to work on /home/airflow/.local/lib/python3.12/site-packages/airflow/example_dags/example_python_operator.py
[2024-10-19T14:22:54.213+0000] {processor.py:914} INFO - Processing file /home/airflow/.local/lib/python3.12/site-packages/airflow/example_dags/example_python_operator.py for tasks to queue
[2024-10-19T14:22:54.216+0000] {logging_mixin.py:190} INFO - [2024-10-19T14:22:54.215+0000] {dagbag.py:588} INFO - Filling up the DagBag from /home/airflow/.local/lib/python3.12/site-packages/airflow/example_dags/example_python_operator.py
[2024-10-19T14:22:54.227+0000] {processor.py:925} INFO - DAG(s) 'example_python_operator' retrieved from /home/airflow/.local/lib/python3.12/site-packages/airflow/example_dags/example_python_operator.py
[2024-10-19T14:22:54.246+0000] {logging_mixin.py:190} INFO - [2024-10-19T14:22:54.246+0000] {dag.py:3239} INFO - Sync 1 DAGs
[2024-10-19T14:22:54.259+0000] {logging_mixin.py:190} INFO - [2024-10-19T14:22:54.259+0000] {dag.py:4180} INFO - Setting next_dagrun for example_python_operator to None, run_after=None
[2024-10-19T14:22:54.277+0000] {processor.py:208} INFO - Processing /home/airflow/.local/lib/python3.12/site-packages/airflow/example_dags/example_python_operator.py took 0.072 seconds
[2024-10-19T14:23:24.663+0000] {processor.py:186} INFO - Started process (PID=609) to work on /home/airflow/.local/lib/python3.12/site-packages/airflow/example_dags/example_python_operator.py
[2024-10-19T14:23:24.664+0000] {processor.py:914} INFO - Processing file /home/airflow/.local/lib/python3.12/site-packages/airflow/example_dags/example_python_operator.py for tasks to queue
[2024-10-19T14:23:24.667+0000] {logging_mixin.py:190} INFO - [2024-10-19T14:23:24.666+0000] {dagbag.py:588} INFO - Filling up the DagBag from /home/airflow/.local/lib/python3.12/site-packages/airflow/example_dags/example_python_operator.py
[2024-10-19T14:23:24.680+0000] {processor.py:925} INFO - DAG(s) 'example_python_operator' retrieved from /home/airflow/.local/lib/python3.12/site-packages/airflow/example_dags/example_python_operator.py
[2024-10-19T14:23:24.700+0000] {logging_mixin.py:190} INFO - [2024-10-19T14:23:24.699+0000] {dag.py:3239} INFO - Sync 1 DAGs
[2024-10-19T14:23:24.712+0000] {logging_mixin.py:190} INFO - [2024-10-19T14:23:24.712+0000] {dag.py:4180} INFO - Setting next_dagrun for example_python_operator to None, run_after=None
[2024-10-19T14:23:24.728+0000] {processor.py:208} INFO - Processing /home/airflow/.local/lib/python3.12/site-packages/airflow/example_dags/example_python_operator.py took 0.072 seconds
[2024-10-19T14:23:55.322+0000] {processor.py:186} INFO - Started process (PID=671) to work on /home/airflow/.local/lib/python3.12/site-packages/airflow/example_dags/example_python_operator.py
[2024-10-19T14:23:55.323+0000] {processor.py:914} INFO - Processing file /home/airflow/.local/lib/python3.12/site-packages/airflow/example_dags/example_python_operator.py for tasks to queue
[2024-10-19T14:23:55.328+0000] {logging_mixin.py:190} INFO - [2024-10-19T14:23:55.328+0000] {dagbag.py:588} INFO - Filling up the DagBag from /home/airflow/.local/lib/python3.12/site-packages/airflow/example_dags/example_python_operator.py
[2024-10-19T14:23:55.342+0000] {processor.py:925} INFO - DAG(s) 'example_python_operator' retrieved from /home/airflow/.local/lib/python3.12/site-packages/airflow/example_dags/example_python_operator.py
[2024-10-19T14:23:55.366+0000] {logging_mixin.py:190} INFO - [2024-10-19T14:23:55.366+0000] {dag.py:3239} INFO - Sync 1 DAGs
[2024-10-19T14:23:55.382+0000] {logging_mixin.py:190} INFO - [2024-10-19T14:23:55.382+0000] {dag.py:4180} INFO - Setting next_dagrun for example_python_operator to None, run_after=None
[2024-10-19T14:23:55.410+0000] {processor.py:208} INFO - Processing /home/airflow/.local/lib/python3.12/site-packages/airflow/example_dags/example_python_operator.py took 0.094 seconds
[2024-10-19T14:24:25.473+0000] {processor.py:186} INFO - Started process (PID=733) to work on /home/airflow/.local/lib/python3.12/site-packages/airflow/example_dags/example_python_operator.py
[2024-10-19T14:24:25.475+0000] {processor.py:914} INFO - Processing file /home/airflow/.local/lib/python3.12/site-packages/airflow/example_dags/example_python_operator.py for tasks to queue
[2024-10-19T14:24:25.477+0000] {logging_mixin.py:190} INFO - [2024-10-19T14:24:25.477+0000] {dagbag.py:588} INFO - Filling up the DagBag from /home/airflow/.local/lib/python3.12/site-packages/airflow/example_dags/example_python_operator.py
[2024-10-19T14:24:25.489+0000] {processor.py:925} INFO - DAG(s) 'example_python_operator' retrieved from /home/airflow/.local/lib/python3.12/site-packages/airflow/example_dags/example_python_operator.py
[2024-10-19T14:24:25.511+0000] {logging_mixin.py:190} INFO - [2024-10-19T14:24:25.511+0000] {dag.py:3239} INFO - Sync 1 DAGs
[2024-10-19T14:24:25.523+0000] {logging_mixin.py:190} INFO - [2024-10-19T14:24:25.523+0000] {dag.py:4180} INFO - Setting next_dagrun for example_python_operator to None, run_after=None
[2024-10-19T14:24:25.585+0000] {processor.py:208} INFO - Processing /home/airflow/.local/lib/python3.12/site-packages/airflow/example_dags/example_python_operator.py took 0.116 seconds
[2024-10-19T14:24:56.039+0000] {processor.py:186} INFO - Started process (PID=795) to work on /home/airflow/.local/lib/python3.12/site-packages/airflow/example_dags/example_python_operator.py
[2024-10-19T14:24:56.041+0000] {processor.py:914} INFO - Processing file /home/airflow/.local/lib/python3.12/site-packages/airflow/example_dags/example_python_operator.py for tasks to queue
[2024-10-19T14:24:56.043+0000] {logging_mixin.py:190} INFO - [2024-10-19T14:24:56.043+0000] {dagbag.py:588} INFO - Filling up the DagBag from /home/airflow/.local/lib/python3.12/site-packages/airflow/example_dags/example_python_operator.py
[2024-10-19T14:24:56.053+0000] {processor.py:925} INFO - DAG(s) 'example_python_operator' retrieved from /home/airflow/.local/lib/python3.12/site-packages/airflow/example_dags/example_python_operator.py
[2024-10-19T14:24:56.073+0000] {logging_mixin.py:190} INFO - [2024-10-19T14:24:56.073+0000] {dag.py:3239} INFO - Sync 1 DAGs
[2024-10-19T14:24:56.086+0000] {logging_mixin.py:190} INFO - [2024-10-19T14:24:56.086+0000] {dag.py:4180} INFO - Setting next_dagrun for example_python_operator to None, run_after=None
[2024-10-19T14:24:56.105+0000] {processor.py:208} INFO - Processing /home/airflow/.local/lib/python3.12/site-packages/airflow/example_dags/example_python_operator.py took 0.070 seconds
[2024-10-19T14:25:26.301+0000] {processor.py:186} INFO - Started process (PID=857) to work on /home/airflow/.local/lib/python3.12/site-packages/airflow/example_dags/example_python_operator.py
[2024-10-19T14:25:26.302+0000] {processor.py:914} INFO - Processing file /home/airflow/.local/lib/python3.12/site-packages/airflow/example_dags/example_python_operator.py for tasks to queue
[2024-10-19T14:25:26.304+0000] {logging_mixin.py:190} INFO - [2024-10-19T14:25:26.303+0000] {dagbag.py:588} INFO - Filling up the DagBag from /home/airflow/.local/lib/python3.12/site-packages/airflow/example_dags/example_python_operator.py
[2024-10-19T14:25:26.313+0000] {processor.py:925} INFO - DAG(s) 'example_python_operator' retrieved from /home/airflow/.local/lib/python3.12/site-packages/airflow/example_dags/example_python_operator.py
[2024-10-19T14:25:26.332+0000] {logging_mixin.py:190} INFO - [2024-10-19T14:25:26.332+0000] {dag.py:3239} INFO - Sync 1 DAGs
[2024-10-19T14:25:26.345+0000] {logging_mixin.py:190} INFO - [2024-10-19T14:25:26.345+0000] {dag.py:4180} INFO - Setting next_dagrun for example_python_operator to None, run_after=None
[2024-10-19T14:25:26.364+0000] {processor.py:208} INFO - Processing /home/airflow/.local/lib/python3.12/site-packages/airflow/example_dags/example_python_operator.py took 0.068 seconds
[2024-10-19T14:25:56.836+0000] {processor.py:186} INFO - Started process (PID=919) to work on /home/airflow/.local/lib/python3.12/site-packages/airflow/example_dags/example_python_operator.py
[2024-10-19T14:25:56.837+0000] {processor.py:914} INFO - Processing file /home/airflow/.local/lib/python3.12/site-packages/airflow/example_dags/example_python_operator.py for tasks to queue
[2024-10-19T14:25:56.839+0000] {logging_mixin.py:190} INFO - [2024-10-19T14:25:56.839+0000] {dagbag.py:588} INFO - Filling up the DagBag from /home/airflow/.local/lib/python3.12/site-packages/airflow/example_dags/example_python_operator.py
[2024-10-19T14:25:56.853+0000] {processor.py:925} INFO - DAG(s) 'example_python_operator' retrieved from /home/airflow/.local/lib/python3.12/site-packages/airflow/example_dags/example_python_operator.py
[2024-10-19T14:25:56.874+0000] {logging_mixin.py:190} INFO - [2024-10-19T14:25:56.874+0000] {dag.py:3239} INFO - Sync 1 DAGs
[2024-10-19T14:25:56.887+0000] {logging_mixin.py:190} INFO - [2024-10-19T14:25:56.887+0000] {dag.py:4180} INFO - Setting next_dagrun for example_python_operator to None, run_after=None
[2024-10-19T14:25:56.942+0000] {processor.py:208} INFO - Processing /home/airflow/.local/lib/python3.12/site-packages/airflow/example_dags/example_python_operator.py took 0.112 seconds
[2024-10-19T14:26:27.244+0000] {processor.py:186} INFO - Started process (PID=981) to work on /home/airflow/.local/lib/python3.12/site-packages/airflow/example_dags/example_python_operator.py
[2024-10-19T14:26:27.245+0000] {processor.py:914} INFO - Processing file /home/airflow/.local/lib/python3.12/site-packages/airflow/example_dags/example_python_operator.py for tasks to queue
[2024-10-19T14:26:27.247+0000] {logging_mixin.py:190} INFO - [2024-10-19T14:26:27.247+0000] {dagbag.py:588} INFO - Filling up the DagBag from /home/airflow/.local/lib/python3.12/site-packages/airflow/example_dags/example_python_operator.py
[2024-10-19T14:26:27.258+0000] {processor.py:925} INFO - DAG(s) 'example_python_operator' retrieved from /home/airflow/.local/lib/python3.12/site-packages/airflow/example_dags/example_python_operator.py
[2024-10-19T14:26:27.277+0000] {logging_mixin.py:190} INFO - [2024-10-19T14:26:27.277+0000] {dag.py:3239} INFO - Sync 1 DAGs
[2024-10-19T14:26:27.289+0000] {logging_mixin.py:190} INFO - [2024-10-19T14:26:27.289+0000] {dag.py:4180} INFO - Setting next_dagrun for example_python_operator to None, run_after=None
[2024-10-19T14:26:27.308+0000] {processor.py:208} INFO - Processing /home/airflow/.local/lib/python3.12/site-packages/airflow/example_dags/example_python_operator.py took 0.069 seconds
[2024-10-19T14:26:57.517+0000] {processor.py:186} INFO - Started process (PID=1043) to work on /home/airflow/.local/lib/python3.12/site-packages/airflow/example_dags/example_python_operator.py
[2024-10-19T14:26:57.518+0000] {processor.py:914} INFO - Processing file /home/airflow/.local/lib/python3.12/site-packages/airflow/example_dags/example_python_operator.py for tasks to queue
[2024-10-19T14:26:57.520+0000] {logging_mixin.py:190} INFO - [2024-10-19T14:26:57.520+0000] {dagbag.py:588} INFO - Filling up the DagBag from /home/airflow/.local/lib/python3.12/site-packages/airflow/example_dags/example_python_operator.py
[2024-10-19T14:26:57.530+0000] {processor.py:925} INFO - DAG(s) 'example_python_operator' retrieved from /home/airflow/.local/lib/python3.12/site-packages/airflow/example_dags/example_python_operator.py
[2024-10-19T14:26:57.547+0000] {logging_mixin.py:190} INFO - [2024-10-19T14:26:57.547+0000] {dag.py:3239} INFO - Sync 1 DAGs
[2024-10-19T14:26:57.557+0000] {logging_mixin.py:190} INFO - [2024-10-19T14:26:57.557+0000] {dag.py:4180} INFO - Setting next_dagrun for example_python_operator to None, run_after=None
[2024-10-19T14:26:57.573+0000] {processor.py:208} INFO - Processing /home/airflow/.local/lib/python3.12/site-packages/airflow/example_dags/example_python_operator.py took 0.060 seconds
[2024-10-19T14:27:27.816+0000] {processor.py:186} INFO - Started process (PID=1105) to work on /home/airflow/.local/lib/python3.12/site-packages/airflow/example_dags/example_python_operator.py
[2024-10-19T14:27:27.817+0000] {processor.py:914} INFO - Processing file /home/airflow/.local/lib/python3.12/site-packages/airflow/example_dags/example_python_operator.py for tasks to queue
[2024-10-19T14:27:27.819+0000] {logging_mixin.py:190} INFO - [2024-10-19T14:27:27.819+0000] {dagbag.py:588} INFO - Filling up the DagBag from /home/airflow/.local/lib/python3.12/site-packages/airflow/example_dags/example_python_operator.py
[2024-10-19T14:27:27.832+0000] {processor.py:925} INFO - DAG(s) 'example_python_operator' retrieved from /home/airflow/.local/lib/python3.12/site-packages/airflow/example_dags/example_python_operator.py
[2024-10-19T14:27:27.850+0000] {logging_mixin.py:190} INFO - [2024-10-19T14:27:27.850+0000] {dag.py:3239} INFO - Sync 1 DAGs
[2024-10-19T14:27:27.862+0000] {logging_mixin.py:190} INFO - [2024-10-19T14:27:27.862+0000] {dag.py:4180} INFO - Setting next_dagrun for example_python_operator to None, run_after=None
[2024-10-19T14:27:27.881+0000] {processor.py:208} INFO - Processing /home/airflow/.local/lib/python3.12/site-packages/airflow/example_dags/example_python_operator.py took 0.070 seconds
[2024-10-19T14:27:58.209+0000] {processor.py:186} INFO - Started process (PID=1167) to work on /home/airflow/.local/lib/python3.12/site-packages/airflow/example_dags/example_python_operator.py
[2024-10-19T14:27:58.210+0000] {processor.py:914} INFO - Processing file /home/airflow/.local/lib/python3.12/site-packages/airflow/example_dags/example_python_operator.py for tasks to queue
[2024-10-19T14:27:58.212+0000] {logging_mixin.py:190} INFO - [2024-10-19T14:27:58.212+0000] {dagbag.py:588} INFO - Filling up the DagBag from /home/airflow/.local/lib/python3.12/site-packages/airflow/example_dags/example_python_operator.py
[2024-10-19T14:27:58.222+0000] {processor.py:925} INFO - DAG(s) 'example_python_operator' retrieved from /home/airflow/.local/lib/python3.12/site-packages/airflow/example_dags/example_python_operator.py
[2024-10-19T14:27:58.242+0000] {logging_mixin.py:190} INFO - [2024-10-19T14:27:58.241+0000] {dag.py:3239} INFO - Sync 1 DAGs
[2024-10-19T14:27:58.252+0000] {logging_mixin.py:190} INFO - [2024-10-19T14:27:58.252+0000] {dag.py:4180} INFO - Setting next_dagrun for example_python_operator to None, run_after=None
[2024-10-19T14:27:58.269+0000] {processor.py:208} INFO - Processing /home/airflow/.local/lib/python3.12/site-packages/airflow/example_dags/example_python_operator.py took 0.064 seconds
[2024-10-19T14:28:28.663+0000] {processor.py:186} INFO - Started process (PID=1229) to work on /home/airflow/.local/lib/python3.12/site-packages/airflow/example_dags/example_python_operator.py
[2024-10-19T14:28:28.665+0000] {processor.py:914} INFO - Processing file /home/airflow/.local/lib/python3.12/site-packages/airflow/example_dags/example_python_operator.py for tasks to queue
[2024-10-19T14:28:28.667+0000] {logging_mixin.py:190} INFO - [2024-10-19T14:28:28.666+0000] {dagbag.py:588} INFO - Filling up the DagBag from /home/airflow/.local/lib/python3.12/site-packages/airflow/example_dags/example_python_operator.py
[2024-10-19T14:28:28.678+0000] {processor.py:925} INFO - DAG(s) 'example_python_operator' retrieved from /home/airflow/.local/lib/python3.12/site-packages/airflow/example_dags/example_python_operator.py
[2024-10-19T14:28:28.698+0000] {logging_mixin.py:190} INFO - [2024-10-19T14:28:28.698+0000] {dag.py:3239} INFO - Sync 1 DAGs
[2024-10-19T14:28:28.712+0000] {logging_mixin.py:190} INFO - [2024-10-19T14:28:28.712+0000] {dag.py:4180} INFO - Setting next_dagrun for example_python_operator to None, run_after=None
[2024-10-19T14:28:28.730+0000] {processor.py:208} INFO - Processing /home/airflow/.local/lib/python3.12/site-packages/airflow/example_dags/example_python_operator.py took 0.072 seconds
[2024-10-19T14:28:58.981+0000] {processor.py:186} INFO - Started process (PID=1291) to work on /home/airflow/.local/lib/python3.12/site-packages/airflow/example_dags/example_python_operator.py
[2024-10-19T14:28:58.982+0000] {processor.py:914} INFO - Processing file /home/airflow/.local/lib/python3.12/site-packages/airflow/example_dags/example_python_operator.py for tasks to queue
[2024-10-19T14:28:58.985+0000] {logging_mixin.py:190} INFO - [2024-10-19T14:28:58.984+0000] {dagbag.py:588} INFO - Filling up the DagBag from /home/airflow/.local/lib/python3.12/site-packages/airflow/example_dags/example_python_operator.py
[2024-10-19T14:28:58.995+0000] {processor.py:925} INFO - DAG(s) 'example_python_operator' retrieved from /home/airflow/.local/lib/python3.12/site-packages/airflow/example_dags/example_python_operator.py
[2024-10-19T14:28:59.016+0000] {logging_mixin.py:190} INFO - [2024-10-19T14:28:59.016+0000] {dag.py:3239} INFO - Sync 1 DAGs
[2024-10-19T14:28:59.028+0000] {logging_mixin.py:190} INFO - [2024-10-19T14:28:59.028+0000] {dag.py:4180} INFO - Setting next_dagrun for example_python_operator to None, run_after=None
[2024-10-19T14:28:59.046+0000] {processor.py:208} INFO - Processing /home/airflow/.local/lib/python3.12/site-packages/airflow/example_dags/example_python_operator.py took 0.069 seconds
[2024-10-19T14:29:29.510+0000] {processor.py:186} INFO - Started process (PID=1354) to work on /home/airflow/.local/lib/python3.12/site-packages/airflow/example_dags/example_python_operator.py
[2024-10-19T14:29:29.512+0000] {processor.py:914} INFO - Processing file /home/airflow/.local/lib/python3.12/site-packages/airflow/example_dags/example_python_operator.py for tasks to queue
[2024-10-19T14:29:29.514+0000] {logging_mixin.py:190} INFO - [2024-10-19T14:29:29.514+0000] {dagbag.py:588} INFO - Filling up the DagBag from /home/airflow/.local/lib/python3.12/site-packages/airflow/example_dags/example_python_operator.py
[2024-10-19T14:29:29.527+0000] {processor.py:925} INFO - DAG(s) 'example_python_operator' retrieved from /home/airflow/.local/lib/python3.12/site-packages/airflow/example_dags/example_python_operator.py
[2024-10-19T14:29:29.547+0000] {logging_mixin.py:190} INFO - [2024-10-19T14:29:29.547+0000] {dag.py:3239} INFO - Sync 1 DAGs
[2024-10-19T14:29:29.558+0000] {logging_mixin.py:190} INFO - [2024-10-19T14:29:29.558+0000] {dag.py:4180} INFO - Setting next_dagrun for example_python_operator to None, run_after=None
[2024-10-19T14:29:29.577+0000] {processor.py:208} INFO - Processing /home/airflow/.local/lib/python3.12/site-packages/airflow/example_dags/example_python_operator.py took 0.074 seconds
[2024-10-19T14:30:00.112+0000] {processor.py:186} INFO - Started process (PID=1417) to work on /home/airflow/.local/lib/python3.12/site-packages/airflow/example_dags/example_python_operator.py
[2024-10-19T14:30:00.113+0000] {processor.py:914} INFO - Processing file /home/airflow/.local/lib/python3.12/site-packages/airflow/example_dags/example_python_operator.py for tasks to queue
[2024-10-19T14:30:00.115+0000] {logging_mixin.py:190} INFO - [2024-10-19T14:30:00.115+0000] {dagbag.py:588} INFO - Filling up the DagBag from /home/airflow/.local/lib/python3.12/site-packages/airflow/example_dags/example_python_operator.py
[2024-10-19T14:30:00.125+0000] {processor.py:925} INFO - DAG(s) 'example_python_operator' retrieved from /home/airflow/.local/lib/python3.12/site-packages/airflow/example_dags/example_python_operator.py
[2024-10-19T14:30:00.143+0000] {logging_mixin.py:190} INFO - [2024-10-19T14:30:00.143+0000] {dag.py:3239} INFO - Sync 1 DAGs
[2024-10-19T14:30:00.156+0000] {logging_mixin.py:190} INFO - [2024-10-19T14:30:00.155+0000] {dag.py:4180} INFO - Setting next_dagrun for example_python_operator to None, run_after=None
[2024-10-19T14:30:00.173+0000] {processor.py:208} INFO - Processing /home/airflow/.local/lib/python3.12/site-packages/airflow/example_dags/example_python_operator.py took 0.066 seconds
[2024-10-19T14:30:30.597+0000] {processor.py:186} INFO - Started process (PID=1480) to work on /home/airflow/.local/lib/python3.12/site-packages/airflow/example_dags/example_python_operator.py
[2024-10-19T14:30:30.598+0000] {processor.py:914} INFO - Processing file /home/airflow/.local/lib/python3.12/site-packages/airflow/example_dags/example_python_operator.py for tasks to queue
[2024-10-19T14:30:30.600+0000] {logging_mixin.py:190} INFO - [2024-10-19T14:30:30.600+0000] {dagbag.py:588} INFO - Filling up the DagBag from /home/airflow/.local/lib/python3.12/site-packages/airflow/example_dags/example_python_operator.py
[2024-10-19T14:30:30.609+0000] {processor.py:925} INFO - DAG(s) 'example_python_operator' retrieved from /home/airflow/.local/lib/python3.12/site-packages/airflow/example_dags/example_python_operator.py
[2024-10-19T14:30:30.627+0000] {logging_mixin.py:190} INFO - [2024-10-19T14:30:30.627+0000] {dag.py:3239} INFO - Sync 1 DAGs
[2024-10-19T14:30:30.645+0000] {logging_mixin.py:190} INFO - [2024-10-19T14:30:30.645+0000] {dag.py:4180} INFO - Setting next_dagrun for example_python_operator to None, run_after=None
[2024-10-19T14:30:30.663+0000] {processor.py:208} INFO - Processing /home/airflow/.local/lib/python3.12/site-packages/airflow/example_dags/example_python_operator.py took 0.070 seconds
[2024-10-19T14:31:01.279+0000] {processor.py:186} INFO - Started process (PID=1543) to work on /home/airflow/.local/lib/python3.12/site-packages/airflow/example_dags/example_python_operator.py
[2024-10-19T14:31:01.280+0000] {processor.py:914} INFO - Processing file /home/airflow/.local/lib/python3.12/site-packages/airflow/example_dags/example_python_operator.py for tasks to queue
[2024-10-19T14:31:01.282+0000] {logging_mixin.py:190} INFO - [2024-10-19T14:31:01.282+0000] {dagbag.py:588} INFO - Filling up the DagBag from /home/airflow/.local/lib/python3.12/site-packages/airflow/example_dags/example_python_operator.py
[2024-10-19T14:31:01.293+0000] {processor.py:925} INFO - DAG(s) 'example_python_operator' retrieved from /home/airflow/.local/lib/python3.12/site-packages/airflow/example_dags/example_python_operator.py
[2024-10-19T14:31:01.309+0000] {logging_mixin.py:190} INFO - [2024-10-19T14:31:01.309+0000] {dag.py:3239} INFO - Sync 1 DAGs
[2024-10-19T14:31:01.321+0000] {logging_mixin.py:190} INFO - [2024-10-19T14:31:01.321+0000] {dag.py:4180} INFO - Setting next_dagrun for example_python_operator to None, run_after=None
[2024-10-19T14:31:01.338+0000] {processor.py:208} INFO - Processing /home/airflow/.local/lib/python3.12/site-packages/airflow/example_dags/example_python_operator.py took 0.064 seconds
[2024-10-19T14:31:31.808+0000] {processor.py:186} INFO - Started process (PID=1606) to work on /home/airflow/.local/lib/python3.12/site-packages/airflow/example_dags/example_python_operator.py
[2024-10-19T14:31:31.809+0000] {processor.py:914} INFO - Processing file /home/airflow/.local/lib/python3.12/site-packages/airflow/example_dags/example_python_operator.py for tasks to queue
[2024-10-19T14:31:31.812+0000] {logging_mixin.py:190} INFO - [2024-10-19T14:31:31.812+0000] {dagbag.py:588} INFO - Filling up the DagBag from /home/airflow/.local/lib/python3.12/site-packages/airflow/example_dags/example_python_operator.py
[2024-10-19T14:31:31.821+0000] {processor.py:925} INFO - DAG(s) 'example_python_operator' retrieved from /home/airflow/.local/lib/python3.12/site-packages/airflow/example_dags/example_python_operator.py
[2024-10-19T14:31:31.839+0000] {logging_mixin.py:190} INFO - [2024-10-19T14:31:31.839+0000] {dag.py:3239} INFO - Sync 1 DAGs
[2024-10-19T14:31:31.850+0000] {logging_mixin.py:190} INFO - [2024-10-19T14:31:31.849+0000] {dag.py:4180} INFO - Setting next_dagrun for example_python_operator to None, run_after=None
[2024-10-19T14:31:31.867+0000] {processor.py:208} INFO - Processing /home/airflow/.local/lib/python3.12/site-packages/airflow/example_dags/example_python_operator.py took 0.064 seconds
[2024-10-19T14:32:02.260+0000] {processor.py:186} INFO - Started process (PID=1669) to work on /home/airflow/.local/lib/python3.12/site-packages/airflow/example_dags/example_python_operator.py
[2024-10-19T14:32:02.261+0000] {processor.py:914} INFO - Processing file /home/airflow/.local/lib/python3.12/site-packages/airflow/example_dags/example_python_operator.py for tasks to queue
[2024-10-19T14:32:02.263+0000] {logging_mixin.py:190} INFO - [2024-10-19T14:32:02.263+0000] {dagbag.py:588} INFO - Filling up the DagBag from /home/airflow/.local/lib/python3.12/site-packages/airflow/example_dags/example_python_operator.py
[2024-10-19T14:32:02.272+0000] {processor.py:925} INFO - DAG(s) 'example_python_operator' retrieved from /home/airflow/.local/lib/python3.12/site-packages/airflow/example_dags/example_python_operator.py
[2024-10-19T14:32:02.292+0000] {logging_mixin.py:190} INFO - [2024-10-19T14:32:02.292+0000] {dag.py:3239} INFO - Sync 1 DAGs
[2024-10-19T14:32:02.305+0000] {logging_mixin.py:190} INFO - [2024-10-19T14:32:02.305+0000] {dag.py:4180} INFO - Setting next_dagrun for example_python_operator to None, run_after=None
[2024-10-19T14:32:02.323+0000] {processor.py:208} INFO - Processing /home/airflow/.local/lib/python3.12/site-packages/airflow/example_dags/example_python_operator.py took 0.068 seconds
[2024-10-19T14:32:32.634+0000] {processor.py:186} INFO - Started process (PID=1732) to work on /home/airflow/.local/lib/python3.12/site-packages/airflow/example_dags/example_python_operator.py
[2024-10-19T14:32:32.635+0000] {processor.py:914} INFO - Processing file /home/airflow/.local/lib/python3.12/site-packages/airflow/example_dags/example_python_operator.py for tasks to queue
[2024-10-19T14:32:32.637+0000] {logging_mixin.py:190} INFO - [2024-10-19T14:32:32.637+0000] {dagbag.py:588} INFO - Filling up the DagBag from /home/airflow/.local/lib/python3.12/site-packages/airflow/example_dags/example_python_operator.py
[2024-10-19T14:32:32.647+0000] {processor.py:925} INFO - DAG(s) 'example_python_operator' retrieved from /home/airflow/.local/lib/python3.12/site-packages/airflow/example_dags/example_python_operator.py
[2024-10-19T14:32:32.666+0000] {logging_mixin.py:190} INFO - [2024-10-19T14:32:32.666+0000] {dag.py:3239} INFO - Sync 1 DAGs
[2024-10-19T14:32:32.679+0000] {logging_mixin.py:190} INFO - [2024-10-19T14:32:32.678+0000] {dag.py:4180} INFO - Setting next_dagrun for example_python_operator to None, run_after=None
[2024-10-19T14:32:32.695+0000] {processor.py:208} INFO - Processing /home/airflow/.local/lib/python3.12/site-packages/airflow/example_dags/example_python_operator.py took 0.066 seconds
[2024-10-19T14:33:03.367+0000] {processor.py:186} INFO - Started process (PID=1795) to work on /home/airflow/.local/lib/python3.12/site-packages/airflow/example_dags/example_python_operator.py
[2024-10-19T14:33:03.374+0000] {processor.py:914} INFO - Processing file /home/airflow/.local/lib/python3.12/site-packages/airflow/example_dags/example_python_operator.py for tasks to queue
[2024-10-19T14:33:03.377+0000] {logging_mixin.py:190} INFO - [2024-10-19T14:33:03.377+0000] {dagbag.py:588} INFO - Filling up the DagBag from /home/airflow/.local/lib/python3.12/site-packages/airflow/example_dags/example_python_operator.py
[2024-10-19T14:33:03.412+0000] {processor.py:925} INFO - DAG(s) 'example_python_operator' retrieved from /home/airflow/.local/lib/python3.12/site-packages/airflow/example_dags/example_python_operator.py
[2024-10-19T14:33:03.449+0000] {logging_mixin.py:190} INFO - [2024-10-19T14:33:03.449+0000] {dag.py:3239} INFO - Sync 1 DAGs
[2024-10-19T14:33:03.463+0000] {logging_mixin.py:190} INFO - [2024-10-19T14:33:03.463+0000] {dag.py:4180} INFO - Setting next_dagrun for example_python_operator to None, run_after=None
[2024-10-19T14:33:03.482+0000] {processor.py:208} INFO - Processing /home/airflow/.local/lib/python3.12/site-packages/airflow/example_dags/example_python_operator.py took 0.130 seconds
[2024-10-19T14:33:34.115+0000] {processor.py:186} INFO - Started process (PID=1858) to work on /home/airflow/.local/lib/python3.12/site-packages/airflow/example_dags/example_python_operator.py
[2024-10-19T14:33:34.116+0000] {processor.py:914} INFO - Processing file /home/airflow/.local/lib/python3.12/site-packages/airflow/example_dags/example_python_operator.py for tasks to queue
[2024-10-19T14:33:34.119+0000] {logging_mixin.py:190} INFO - [2024-10-19T14:33:34.118+0000] {dagbag.py:588} INFO - Filling up the DagBag from /home/airflow/.local/lib/python3.12/site-packages/airflow/example_dags/example_python_operator.py
[2024-10-19T14:33:34.130+0000] {processor.py:925} INFO - DAG(s) 'example_python_operator' retrieved from /home/airflow/.local/lib/python3.12/site-packages/airflow/example_dags/example_python_operator.py
[2024-10-19T14:33:34.150+0000] {logging_mixin.py:190} INFO - [2024-10-19T14:33:34.150+0000] {dag.py:3239} INFO - Sync 1 DAGs
[2024-10-19T14:33:34.166+0000] {logging_mixin.py:190} INFO - [2024-10-19T14:33:34.165+0000] {dag.py:4180} INFO - Setting next_dagrun for example_python_operator to None, run_after=None
[2024-10-19T14:33:34.186+0000] {processor.py:208} INFO - Processing /home/airflow/.local/lib/python3.12/site-packages/airflow/example_dags/example_python_operator.py took 0.077 seconds
[2024-10-19T14:34:04.822+0000] {processor.py:186} INFO - Started process (PID=1921) to work on /home/airflow/.local/lib/python3.12/site-packages/airflow/example_dags/example_python_operator.py
[2024-10-19T14:34:04.823+0000] {processor.py:914} INFO - Processing file /home/airflow/.local/lib/python3.12/site-packages/airflow/example_dags/example_python_operator.py for tasks to queue
[2024-10-19T14:34:04.825+0000] {logging_mixin.py:190} INFO - [2024-10-19T14:34:04.825+0000] {dagbag.py:588} INFO - Filling up the DagBag from /home/airflow/.local/lib/python3.12/site-packages/airflow/example_dags/example_python_operator.py
[2024-10-19T14:34:04.835+0000] {processor.py:925} INFO - DAG(s) 'example_python_operator' retrieved from /home/airflow/.local/lib/python3.12/site-packages/airflow/example_dags/example_python_operator.py
[2024-10-19T14:34:04.857+0000] {logging_mixin.py:190} INFO - [2024-10-19T14:34:04.857+0000] {dag.py:3239} INFO - Sync 1 DAGs
[2024-10-19T14:34:04.870+0000] {logging_mixin.py:190} INFO - [2024-10-19T14:34:04.870+0000] {dag.py:4180} INFO - Setting next_dagrun for example_python_operator to None, run_after=None
[2024-10-19T14:34:04.887+0000] {processor.py:208} INFO - Processing /home/airflow/.local/lib/python3.12/site-packages/airflow/example_dags/example_python_operator.py took 0.071 seconds
[2024-10-19T14:34:35.559+0000] {processor.py:186} INFO - Started process (PID=1984) to work on /home/airflow/.local/lib/python3.12/site-packages/airflow/example_dags/example_python_operator.py
[2024-10-19T14:34:35.559+0000] {processor.py:914} INFO - Processing file /home/airflow/.local/lib/python3.12/site-packages/airflow/example_dags/example_python_operator.py for tasks to queue
[2024-10-19T14:34:35.561+0000] {logging_mixin.py:190} INFO - [2024-10-19T14:34:35.561+0000] {dagbag.py:588} INFO - Filling up the DagBag from /home/airflow/.local/lib/python3.12/site-packages/airflow/example_dags/example_python_operator.py
[2024-10-19T14:34:35.571+0000] {processor.py:925} INFO - DAG(s) 'example_python_operator' retrieved from /home/airflow/.local/lib/python3.12/site-packages/airflow/example_dags/example_python_operator.py
[2024-10-19T14:34:35.589+0000] {logging_mixin.py:190} INFO - [2024-10-19T14:34:35.589+0000] {dag.py:3239} INFO - Sync 1 DAGs
[2024-10-19T14:34:35.602+0000] {logging_mixin.py:190} INFO - [2024-10-19T14:34:35.602+0000] {dag.py:4180} INFO - Setting next_dagrun for example_python_operator to None, run_after=None
[2024-10-19T14:34:35.620+0000] {processor.py:208} INFO - Processing /home/airflow/.local/lib/python3.12/site-packages/airflow/example_dags/example_python_operator.py took 0.067 seconds
[2024-10-19T14:35:06.138+0000] {processor.py:186} INFO - Started process (PID=2047) to work on /home/airflow/.local/lib/python3.12/site-packages/airflow/example_dags/example_python_operator.py
[2024-10-19T14:35:06.139+0000] {processor.py:914} INFO - Processing file /home/airflow/.local/lib/python3.12/site-packages/airflow/example_dags/example_python_operator.py for tasks to queue
[2024-10-19T14:35:06.141+0000] {logging_mixin.py:190} INFO - [2024-10-19T14:35:06.141+0000] {dagbag.py:588} INFO - Filling up the DagBag from /home/airflow/.local/lib/python3.12/site-packages/airflow/example_dags/example_python_operator.py
[2024-10-19T14:35:06.151+0000] {processor.py:925} INFO - DAG(s) 'example_python_operator' retrieved from /home/airflow/.local/lib/python3.12/site-packages/airflow/example_dags/example_python_operator.py
[2024-10-19T14:35:06.169+0000] {logging_mixin.py:190} INFO - [2024-10-19T14:35:06.168+0000] {dag.py:3239} INFO - Sync 1 DAGs
[2024-10-19T14:35:06.181+0000] {logging_mixin.py:190} INFO - [2024-10-19T14:35:06.181+0000] {dag.py:4180} INFO - Setting next_dagrun for example_python_operator to None, run_after=None
[2024-10-19T14:35:06.198+0000] {processor.py:208} INFO - Processing /home/airflow/.local/lib/python3.12/site-packages/airflow/example_dags/example_python_operator.py took 0.065 seconds
[2024-10-19T14:35:36.743+0000] {processor.py:186} INFO - Started process (PID=2110) to work on /home/airflow/.local/lib/python3.12/site-packages/airflow/example_dags/example_python_operator.py
[2024-10-19T14:35:36.744+0000] {processor.py:914} INFO - Processing file /home/airflow/.local/lib/python3.12/site-packages/airflow/example_dags/example_python_operator.py for tasks to queue
[2024-10-19T14:35:36.746+0000] {logging_mixin.py:190} INFO - [2024-10-19T14:35:36.746+0000] {dagbag.py:588} INFO - Filling up the DagBag from /home/airflow/.local/lib/python3.12/site-packages/airflow/example_dags/example_python_operator.py
[2024-10-19T14:35:36.755+0000] {processor.py:925} INFO - DAG(s) 'example_python_operator' retrieved from /home/airflow/.local/lib/python3.12/site-packages/airflow/example_dags/example_python_operator.py
[2024-10-19T14:35:36.774+0000] {logging_mixin.py:190} INFO - [2024-10-19T14:35:36.774+0000] {dag.py:3239} INFO - Sync 1 DAGs
[2024-10-19T14:35:36.785+0000] {logging_mixin.py:190} INFO - [2024-10-19T14:35:36.785+0000] {dag.py:4180} INFO - Setting next_dagrun for example_python_operator to None, run_after=None
[2024-10-19T14:35:36.802+0000] {processor.py:208} INFO - Processing /home/airflow/.local/lib/python3.12/site-packages/airflow/example_dags/example_python_operator.py took 0.063 seconds
[2024-10-19T14:36:07.411+0000] {processor.py:186} INFO - Started process (PID=2173) to work on /home/airflow/.local/lib/python3.12/site-packages/airflow/example_dags/example_python_operator.py
[2024-10-19T14:36:07.412+0000] {processor.py:914} INFO - Processing file /home/airflow/.local/lib/python3.12/site-packages/airflow/example_dags/example_python_operator.py for tasks to queue
[2024-10-19T14:36:07.414+0000] {logging_mixin.py:190} INFO - [2024-10-19T14:36:07.414+0000] {dagbag.py:588} INFO - Filling up the DagBag from /home/airflow/.local/lib/python3.12/site-packages/airflow/example_dags/example_python_operator.py
[2024-10-19T14:36:07.424+0000] {processor.py:925} INFO - DAG(s) 'example_python_operator' retrieved from /home/airflow/.local/lib/python3.12/site-packages/airflow/example_dags/example_python_operator.py
[2024-10-19T14:36:07.444+0000] {logging_mixin.py:190} INFO - [2024-10-19T14:36:07.444+0000] {dag.py:3239} INFO - Sync 1 DAGs
[2024-10-19T14:36:07.459+0000] {logging_mixin.py:190} INFO - [2024-10-19T14:36:07.459+0000] {dag.py:4180} INFO - Setting next_dagrun for example_python_operator to None, run_after=None
[2024-10-19T14:36:07.480+0000] {processor.py:208} INFO - Processing /home/airflow/.local/lib/python3.12/site-packages/airflow/example_dags/example_python_operator.py took 0.073 seconds
[2024-10-19T14:36:38.089+0000] {processor.py:186} INFO - Started process (PID=2236) to work on /home/airflow/.local/lib/python3.12/site-packages/airflow/example_dags/example_python_operator.py
[2024-10-19T14:36:38.090+0000] {processor.py:914} INFO - Processing file /home/airflow/.local/lib/python3.12/site-packages/airflow/example_dags/example_python_operator.py for tasks to queue
[2024-10-19T14:36:38.092+0000] {logging_mixin.py:190} INFO - [2024-10-19T14:36:38.092+0000] {dagbag.py:588} INFO - Filling up the DagBag from /home/airflow/.local/lib/python3.12/site-packages/airflow/example_dags/example_python_operator.py
[2024-10-19T14:36:38.102+0000] {processor.py:925} INFO - DAG(s) 'example_python_operator' retrieved from /home/airflow/.local/lib/python3.12/site-packages/airflow/example_dags/example_python_operator.py
[2024-10-19T14:36:38.119+0000] {logging_mixin.py:190} INFO - [2024-10-19T14:36:38.119+0000] {dag.py:3239} INFO - Sync 1 DAGs
[2024-10-19T14:36:38.131+0000] {logging_mixin.py:190} INFO - [2024-10-19T14:36:38.131+0000] {dag.py:4180} INFO - Setting next_dagrun for example_python_operator to None, run_after=None
[2024-10-19T14:36:38.149+0000] {processor.py:208} INFO - Processing /home/airflow/.local/lib/python3.12/site-packages/airflow/example_dags/example_python_operator.py took 0.065 seconds
[2024-10-19T14:37:08.838+0000] {processor.py:186} INFO - Started process (PID=2299) to work on /home/airflow/.local/lib/python3.12/site-packages/airflow/example_dags/example_python_operator.py
[2024-10-19T14:37:08.839+0000] {processor.py:914} INFO - Processing file /home/airflow/.local/lib/python3.12/site-packages/airflow/example_dags/example_python_operator.py for tasks to queue
[2024-10-19T14:37:08.850+0000] {logging_mixin.py:190} INFO - [2024-10-19T14:37:08.850+0000] {dagbag.py:588} INFO - Filling up the DagBag from /home/airflow/.local/lib/python3.12/site-packages/airflow/example_dags/example_python_operator.py
[2024-10-19T14:37:08.883+0000] {processor.py:925} INFO - DAG(s) 'example_python_operator' retrieved from /home/airflow/.local/lib/python3.12/site-packages/airflow/example_dags/example_python_operator.py
[2024-10-19T14:37:08.934+0000] {logging_mixin.py:190} INFO - [2024-10-19T14:37:08.933+0000] {dag.py:3239} INFO - Sync 1 DAGs
[2024-10-19T14:37:08.950+0000] {logging_mixin.py:190} INFO - [2024-10-19T14:37:08.949+0000] {dag.py:4180} INFO - Setting next_dagrun for example_python_operator to None, run_after=None
[2024-10-19T14:37:08.966+0000] {processor.py:208} INFO - Processing /home/airflow/.local/lib/python3.12/site-packages/airflow/example_dags/example_python_operator.py took 0.133 seconds
[2024-10-19T14:37:39.028+0000] {processor.py:186} INFO - Started process (PID=2362) to work on /home/airflow/.local/lib/python3.12/site-packages/airflow/example_dags/example_python_operator.py
[2024-10-19T14:37:39.029+0000] {processor.py:914} INFO - Processing file /home/airflow/.local/lib/python3.12/site-packages/airflow/example_dags/example_python_operator.py for tasks to queue
[2024-10-19T14:37:39.031+0000] {logging_mixin.py:190} INFO - [2024-10-19T14:37:39.031+0000] {dagbag.py:588} INFO - Filling up the DagBag from /home/airflow/.local/lib/python3.12/site-packages/airflow/example_dags/example_python_operator.py
[2024-10-19T14:37:39.056+0000] {processor.py:925} INFO - DAG(s) 'example_python_operator' retrieved from /home/airflow/.local/lib/python3.12/site-packages/airflow/example_dags/example_python_operator.py
[2024-10-19T14:37:39.079+0000] {logging_mixin.py:190} INFO - [2024-10-19T14:37:39.079+0000] {dag.py:3239} INFO - Sync 1 DAGs
[2024-10-19T14:37:39.093+0000] {logging_mixin.py:190} INFO - [2024-10-19T14:37:39.093+0000] {dag.py:4180} INFO - Setting next_dagrun for example_python_operator to None, run_after=None
[2024-10-19T14:37:39.115+0000] {processor.py:208} INFO - Processing /home/airflow/.local/lib/python3.12/site-packages/airflow/example_dags/example_python_operator.py took 0.092 seconds
[2024-10-19T14:38:09.719+0000] {processor.py:186} INFO - Started process (PID=2425) to work on /home/airflow/.local/lib/python3.12/site-packages/airflow/example_dags/example_python_operator.py
[2024-10-19T14:38:09.721+0000] {processor.py:914} INFO - Processing file /home/airflow/.local/lib/python3.12/site-packages/airflow/example_dags/example_python_operator.py for tasks to queue
[2024-10-19T14:38:09.723+0000] {logging_mixin.py:190} INFO - [2024-10-19T14:38:09.723+0000] {dagbag.py:588} INFO - Filling up the DagBag from /home/airflow/.local/lib/python3.12/site-packages/airflow/example_dags/example_python_operator.py
[2024-10-19T14:38:09.734+0000] {processor.py:925} INFO - DAG(s) 'example_python_operator' retrieved from /home/airflow/.local/lib/python3.12/site-packages/airflow/example_dags/example_python_operator.py
[2024-10-19T14:38:09.756+0000] {logging_mixin.py:190} INFO - [2024-10-19T14:38:09.756+0000] {dag.py:3239} INFO - Sync 1 DAGs
[2024-10-19T14:38:09.772+0000] {logging_mixin.py:190} INFO - [2024-10-19T14:38:09.772+0000] {dag.py:4180} INFO - Setting next_dagrun for example_python_operator to None, run_after=None
[2024-10-19T14:38:09.792+0000] {processor.py:208} INFO - Processing /home/airflow/.local/lib/python3.12/site-packages/airflow/example_dags/example_python_operator.py took 0.079 seconds
[2024-10-19T14:38:40.857+0000] {processor.py:186} INFO - Started process (PID=2489) to work on /home/airflow/.local/lib/python3.12/site-packages/airflow/example_dags/example_python_operator.py
[2024-10-19T14:38:40.858+0000] {processor.py:914} INFO - Processing file /home/airflow/.local/lib/python3.12/site-packages/airflow/example_dags/example_python_operator.py for tasks to queue
[2024-10-19T14:38:40.860+0000] {logging_mixin.py:190} INFO - [2024-10-19T14:38:40.860+0000] {dagbag.py:588} INFO - Filling up the DagBag from /home/airflow/.local/lib/python3.12/site-packages/airflow/example_dags/example_python_operator.py
[2024-10-19T14:38:40.870+0000] {processor.py:925} INFO - DAG(s) 'example_python_operator' retrieved from /home/airflow/.local/lib/python3.12/site-packages/airflow/example_dags/example_python_operator.py
[2024-10-19T14:38:40.889+0000] {logging_mixin.py:190} INFO - [2024-10-19T14:38:40.889+0000] {dag.py:3239} INFO - Sync 1 DAGs
[2024-10-19T14:38:40.901+0000] {logging_mixin.py:190} INFO - [2024-10-19T14:38:40.901+0000] {dag.py:4180} INFO - Setting next_dagrun for example_python_operator to None, run_after=None
[2024-10-19T14:38:40.919+0000] {processor.py:208} INFO - Processing /home/airflow/.local/lib/python3.12/site-packages/airflow/example_dags/example_python_operator.py took 0.067 seconds
