[2024-10-19T14:19:19.215+0000] {processor.py:186} INFO - Started process (PID=96) to work on /home/airflow/.local/lib/python3.12/site-packages/airflow/example_dags/example_sensors.py
[2024-10-19T14:19:19.216+0000] {processor.py:914} INFO - Processing file /home/airflow/.local/lib/python3.12/site-packages/airflow/example_dags/example_sensors.py for tasks to queue
[2024-10-19T14:19:19.219+0000] {logging_mixin.py:190} INFO - [2024-10-19T14:19:19.219+0000] {dagbag.py:588} INFO - Filling up the DagBag from /home/airflow/.local/lib/python3.12/site-packages/airflow/example_dags/example_sensors.py
[2024-10-19T14:19:19.232+0000] {processor.py:925} INFO - DAG(s) 'example_sensors' retrieved from /home/airflow/.local/lib/python3.12/site-packages/airflow/example_dags/example_sensors.py
[2024-10-19T14:19:19.260+0000] {logging_mixin.py:190} INFO - [2024-10-19T14:19:19.260+0000] {dag.py:3239} INFO - Sync 1 DAGs
[2024-10-19T14:19:19.275+0000] {logging_mixin.py:190} INFO - [2024-10-19T14:19:19.274+0000] {dag.py:4180} INFO - Setting next_dagrun for example_sensors to None, run_after=None
[2024-10-19T14:19:19.294+0000] {processor.py:208} INFO - Processing /home/airflow/.local/lib/python3.12/site-packages/airflow/example_dags/example_sensors.py took 0.084 seconds
[2024-10-19T14:19:49.547+0000] {processor.py:186} INFO - Started process (PID=158) to work on /home/airflow/.local/lib/python3.12/site-packages/airflow/example_dags/example_sensors.py
[2024-10-19T14:19:49.549+0000] {processor.py:914} INFO - Processing file /home/airflow/.local/lib/python3.12/site-packages/airflow/example_dags/example_sensors.py for tasks to queue
[2024-10-19T14:19:49.551+0000] {logging_mixin.py:190} INFO - [2024-10-19T14:19:49.550+0000] {dagbag.py:588} INFO - Filling up the DagBag from /home/airflow/.local/lib/python3.12/site-packages/airflow/example_dags/example_sensors.py
[2024-10-19T14:19:49.559+0000] {processor.py:925} INFO - DAG(s) 'example_sensors' retrieved from /home/airflow/.local/lib/python3.12/site-packages/airflow/example_dags/example_sensors.py
[2024-10-19T14:19:49.583+0000] {logging_mixin.py:190} INFO - [2024-10-19T14:19:49.583+0000] {dag.py:3239} INFO - Sync 1 DAGs
[2024-10-19T14:19:49.594+0000] {logging_mixin.py:190} INFO - [2024-10-19T14:19:49.594+0000] {dag.py:4180} INFO - Setting next_dagrun for example_sensors to None, run_after=None
[2024-10-19T14:19:49.613+0000] {processor.py:208} INFO - Processing /home/airflow/.local/lib/python3.12/site-packages/airflow/example_dags/example_sensors.py took 0.070 seconds
[2024-10-19T14:20:19.824+0000] {processor.py:186} INFO - Started process (PID=219) to work on /home/airflow/.local/lib/python3.12/site-packages/airflow/example_dags/example_sensors.py
[2024-10-19T14:20:19.826+0000] {processor.py:914} INFO - Processing file /home/airflow/.local/lib/python3.12/site-packages/airflow/example_dags/example_sensors.py for tasks to queue
[2024-10-19T14:20:19.828+0000] {logging_mixin.py:190} INFO - [2024-10-19T14:20:19.828+0000] {dagbag.py:588} INFO - Filling up the DagBag from /home/airflow/.local/lib/python3.12/site-packages/airflow/example_dags/example_sensors.py
[2024-10-19T14:20:19.837+0000] {processor.py:925} INFO - DAG(s) 'example_sensors' retrieved from /home/airflow/.local/lib/python3.12/site-packages/airflow/example_dags/example_sensors.py
[2024-10-19T14:20:19.858+0000] {logging_mixin.py:190} INFO - [2024-10-19T14:20:19.858+0000] {dag.py:3239} INFO - Sync 1 DAGs
[2024-10-19T14:20:19.869+0000] {logging_mixin.py:190} INFO - [2024-10-19T14:20:19.869+0000] {dag.py:4180} INFO - Setting next_dagrun for example_sensors to None, run_after=None
[2024-10-19T14:20:19.888+0000] {processor.py:208} INFO - Processing /home/airflow/.local/lib/python3.12/site-packages/airflow/example_dags/example_sensors.py took 0.067 seconds
[2024-10-19T14:20:50.164+0000] {processor.py:186} INFO - Started process (PID=281) to work on /home/airflow/.local/lib/python3.12/site-packages/airflow/example_dags/example_sensors.py
[2024-10-19T14:20:50.165+0000] {processor.py:914} INFO - Processing file /home/airflow/.local/lib/python3.12/site-packages/airflow/example_dags/example_sensors.py for tasks to queue
[2024-10-19T14:20:50.167+0000] {logging_mixin.py:190} INFO - [2024-10-19T14:20:50.167+0000] {dagbag.py:588} INFO - Filling up the DagBag from /home/airflow/.local/lib/python3.12/site-packages/airflow/example_dags/example_sensors.py
[2024-10-19T14:20:50.176+0000] {processor.py:925} INFO - DAG(s) 'example_sensors' retrieved from /home/airflow/.local/lib/python3.12/site-packages/airflow/example_dags/example_sensors.py
[2024-10-19T14:20:50.198+0000] {logging_mixin.py:190} INFO - [2024-10-19T14:20:50.198+0000] {dag.py:3239} INFO - Sync 1 DAGs
[2024-10-19T14:20:50.210+0000] {logging_mixin.py:190} INFO - [2024-10-19T14:20:50.209+0000] {dag.py:4180} INFO - Setting next_dagrun for example_sensors to None, run_after=None
[2024-10-19T14:20:50.229+0000] {processor.py:208} INFO - Processing /home/airflow/.local/lib/python3.12/site-packages/airflow/example_dags/example_sensors.py took 0.069 seconds
[2024-10-19T14:21:20.686+0000] {processor.py:186} INFO - Started process (PID=342) to work on /home/airflow/.local/lib/python3.12/site-packages/airflow/example_dags/example_sensors.py
[2024-10-19T14:21:20.686+0000] {processor.py:914} INFO - Processing file /home/airflow/.local/lib/python3.12/site-packages/airflow/example_dags/example_sensors.py for tasks to queue
[2024-10-19T14:21:20.688+0000] {logging_mixin.py:190} INFO - [2024-10-19T14:21:20.688+0000] {dagbag.py:588} INFO - Filling up the DagBag from /home/airflow/.local/lib/python3.12/site-packages/airflow/example_dags/example_sensors.py
[2024-10-19T14:21:20.698+0000] {processor.py:925} INFO - DAG(s) 'example_sensors' retrieved from /home/airflow/.local/lib/python3.12/site-packages/airflow/example_dags/example_sensors.py
[2024-10-19T14:21:20.719+0000] {logging_mixin.py:190} INFO - [2024-10-19T14:21:20.718+0000] {dag.py:3239} INFO - Sync 1 DAGs
[2024-10-19T14:21:20.731+0000] {logging_mixin.py:190} INFO - [2024-10-19T14:21:20.730+0000] {dag.py:4180} INFO - Setting next_dagrun for example_sensors to None, run_after=None
[2024-10-19T14:21:20.747+0000] {processor.py:208} INFO - Processing /home/airflow/.local/lib/python3.12/site-packages/airflow/example_dags/example_sensors.py took 0.066 seconds
[2024-10-19T14:21:51.283+0000] {processor.py:186} INFO - Started process (PID=404) to work on /home/airflow/.local/lib/python3.12/site-packages/airflow/example_dags/example_sensors.py
[2024-10-19T14:21:51.284+0000] {processor.py:914} INFO - Processing file /home/airflow/.local/lib/python3.12/site-packages/airflow/example_dags/example_sensors.py for tasks to queue
[2024-10-19T14:21:51.286+0000] {logging_mixin.py:190} INFO - [2024-10-19T14:21:51.285+0000] {dagbag.py:588} INFO - Filling up the DagBag from /home/airflow/.local/lib/python3.12/site-packages/airflow/example_dags/example_sensors.py
[2024-10-19T14:21:51.294+0000] {processor.py:925} INFO - DAG(s) 'example_sensors' retrieved from /home/airflow/.local/lib/python3.12/site-packages/airflow/example_dags/example_sensors.py
[2024-10-19T14:21:51.314+0000] {logging_mixin.py:190} INFO - [2024-10-19T14:21:51.314+0000] {dag.py:3239} INFO - Sync 1 DAGs
[2024-10-19T14:21:51.325+0000] {logging_mixin.py:190} INFO - [2024-10-19T14:21:51.325+0000] {dag.py:4180} INFO - Setting next_dagrun for example_sensors to None, run_after=None
[2024-10-19T14:21:51.341+0000] {processor.py:208} INFO - Processing /home/airflow/.local/lib/python3.12/site-packages/airflow/example_dags/example_sensors.py took 0.063 seconds
[2024-10-19T14:22:21.574+0000] {processor.py:186} INFO - Started process (PID=466) to work on /home/airflow/.local/lib/python3.12/site-packages/airflow/example_dags/example_sensors.py
[2024-10-19T14:22:21.574+0000] {processor.py:914} INFO - Processing file /home/airflow/.local/lib/python3.12/site-packages/airflow/example_dags/example_sensors.py for tasks to queue
[2024-10-19T14:22:21.576+0000] {logging_mixin.py:190} INFO - [2024-10-19T14:22:21.576+0000] {dagbag.py:588} INFO - Filling up the DagBag from /home/airflow/.local/lib/python3.12/site-packages/airflow/example_dags/example_sensors.py
[2024-10-19T14:22:21.587+0000] {processor.py:925} INFO - DAG(s) 'example_sensors' retrieved from /home/airflow/.local/lib/python3.12/site-packages/airflow/example_dags/example_sensors.py
[2024-10-19T14:22:21.610+0000] {logging_mixin.py:190} INFO - [2024-10-19T14:22:21.610+0000] {dag.py:3239} INFO - Sync 1 DAGs
[2024-10-19T14:22:21.624+0000] {logging_mixin.py:190} INFO - [2024-10-19T14:22:21.624+0000] {dag.py:4180} INFO - Setting next_dagrun for example_sensors to None, run_after=None
[2024-10-19T14:22:21.651+0000] {processor.py:208} INFO - Processing /home/airflow/.local/lib/python3.12/site-packages/airflow/example_dags/example_sensors.py took 0.083 seconds
[2024-10-19T14:22:52.173+0000] {processor.py:186} INFO - Started process (PID=528) to work on /home/airflow/.local/lib/python3.12/site-packages/airflow/example_dags/example_sensors.py
[2024-10-19T14:22:52.174+0000] {processor.py:914} INFO - Processing file /home/airflow/.local/lib/python3.12/site-packages/airflow/example_dags/example_sensors.py for tasks to queue
[2024-10-19T14:22:52.176+0000] {logging_mixin.py:190} INFO - [2024-10-19T14:22:52.176+0000] {dagbag.py:588} INFO - Filling up the DagBag from /home/airflow/.local/lib/python3.12/site-packages/airflow/example_dags/example_sensors.py
[2024-10-19T14:22:52.185+0000] {processor.py:925} INFO - DAG(s) 'example_sensors' retrieved from /home/airflow/.local/lib/python3.12/site-packages/airflow/example_dags/example_sensors.py
[2024-10-19T14:22:52.210+0000] {logging_mixin.py:190} INFO - [2024-10-19T14:22:52.210+0000] {dag.py:3239} INFO - Sync 1 DAGs
[2024-10-19T14:22:52.226+0000] {logging_mixin.py:190} INFO - [2024-10-19T14:22:52.225+0000] {dag.py:4180} INFO - Setting next_dagrun for example_sensors to None, run_after=None
[2024-10-19T14:22:52.244+0000] {processor.py:208} INFO - Processing /home/airflow/.local/lib/python3.12/site-packages/airflow/example_dags/example_sensors.py took 0.077 seconds
[2024-10-19T14:23:22.622+0000] {processor.py:186} INFO - Started process (PID=590) to work on /home/airflow/.local/lib/python3.12/site-packages/airflow/example_dags/example_sensors.py
[2024-10-19T14:23:22.623+0000] {processor.py:914} INFO - Processing file /home/airflow/.local/lib/python3.12/site-packages/airflow/example_dags/example_sensors.py for tasks to queue
[2024-10-19T14:23:22.625+0000] {logging_mixin.py:190} INFO - [2024-10-19T14:23:22.625+0000] {dagbag.py:588} INFO - Filling up the DagBag from /home/airflow/.local/lib/python3.12/site-packages/airflow/example_dags/example_sensors.py
[2024-10-19T14:23:22.634+0000] {processor.py:925} INFO - DAG(s) 'example_sensors' retrieved from /home/airflow/.local/lib/python3.12/site-packages/airflow/example_dags/example_sensors.py
[2024-10-19T14:23:22.668+0000] {logging_mixin.py:190} INFO - [2024-10-19T14:23:22.668+0000] {dag.py:3239} INFO - Sync 1 DAGs
[2024-10-19T14:23:22.681+0000] {logging_mixin.py:190} INFO - [2024-10-19T14:23:22.680+0000] {dag.py:4180} INFO - Setting next_dagrun for example_sensors to None, run_after=None
[2024-10-19T14:23:22.699+0000] {processor.py:208} INFO - Processing /home/airflow/.local/lib/python3.12/site-packages/airflow/example_dags/example_sensors.py took 0.081 seconds
[2024-10-19T14:23:53.189+0000] {processor.py:186} INFO - Started process (PID=652) to work on /home/airflow/.local/lib/python3.12/site-packages/airflow/example_dags/example_sensors.py
[2024-10-19T14:23:53.190+0000] {processor.py:914} INFO - Processing file /home/airflow/.local/lib/python3.12/site-packages/airflow/example_dags/example_sensors.py for tasks to queue
[2024-10-19T14:23:53.193+0000] {logging_mixin.py:190} INFO - [2024-10-19T14:23:53.193+0000] {dagbag.py:588} INFO - Filling up the DagBag from /home/airflow/.local/lib/python3.12/site-packages/airflow/example_dags/example_sensors.py
[2024-10-19T14:23:53.204+0000] {processor.py:925} INFO - DAG(s) 'example_sensors' retrieved from /home/airflow/.local/lib/python3.12/site-packages/airflow/example_dags/example_sensors.py
[2024-10-19T14:23:53.229+0000] {logging_mixin.py:190} INFO - [2024-10-19T14:23:53.229+0000] {dag.py:3239} INFO - Sync 1 DAGs
[2024-10-19T14:23:53.256+0000] {logging_mixin.py:190} INFO - [2024-10-19T14:23:53.256+0000] {dag.py:4180} INFO - Setting next_dagrun for example_sensors to None, run_after=None
[2024-10-19T14:23:53.275+0000] {processor.py:208} INFO - Processing /home/airflow/.local/lib/python3.12/site-packages/airflow/example_dags/example_sensors.py took 0.105 seconds
[2024-10-19T14:24:24.111+0000] {processor.py:186} INFO - Started process (PID=714) to work on /home/airflow/.local/lib/python3.12/site-packages/airflow/example_dags/example_sensors.py
[2024-10-19T14:24:24.112+0000] {processor.py:914} INFO - Processing file /home/airflow/.local/lib/python3.12/site-packages/airflow/example_dags/example_sensors.py for tasks to queue
[2024-10-19T14:24:24.115+0000] {logging_mixin.py:190} INFO - [2024-10-19T14:24:24.114+0000] {dagbag.py:588} INFO - Filling up the DagBag from /home/airflow/.local/lib/python3.12/site-packages/airflow/example_dags/example_sensors.py
[2024-10-19T14:24:24.124+0000] {processor.py:925} INFO - DAG(s) 'example_sensors' retrieved from /home/airflow/.local/lib/python3.12/site-packages/airflow/example_dags/example_sensors.py
[2024-10-19T14:24:24.150+0000] {logging_mixin.py:190} INFO - [2024-10-19T14:24:24.149+0000] {dag.py:3239} INFO - Sync 1 DAGs
[2024-10-19T14:24:24.164+0000] {logging_mixin.py:190} INFO - [2024-10-19T14:24:24.164+0000] {dag.py:4180} INFO - Setting next_dagrun for example_sensors to None, run_after=None
[2024-10-19T14:24:24.278+0000] {processor.py:208} INFO - Processing /home/airflow/.local/lib/python3.12/site-packages/airflow/example_dags/example_sensors.py took 0.173 seconds
[2024-10-19T14:24:55.035+0000] {processor.py:186} INFO - Started process (PID=776) to work on /home/airflow/.local/lib/python3.12/site-packages/airflow/example_dags/example_sensors.py
[2024-10-19T14:24:55.036+0000] {processor.py:914} INFO - Processing file /home/airflow/.local/lib/python3.12/site-packages/airflow/example_dags/example_sensors.py for tasks to queue
[2024-10-19T14:24:55.038+0000] {logging_mixin.py:190} INFO - [2024-10-19T14:24:55.038+0000] {dagbag.py:588} INFO - Filling up the DagBag from /home/airflow/.local/lib/python3.12/site-packages/airflow/example_dags/example_sensors.py
[2024-10-19T14:24:55.047+0000] {processor.py:925} INFO - DAG(s) 'example_sensors' retrieved from /home/airflow/.local/lib/python3.12/site-packages/airflow/example_dags/example_sensors.py
[2024-10-19T14:24:55.074+0000] {logging_mixin.py:190} INFO - [2024-10-19T14:24:55.074+0000] {dag.py:3239} INFO - Sync 1 DAGs
[2024-10-19T14:24:55.087+0000] {logging_mixin.py:190} INFO - [2024-10-19T14:24:55.087+0000] {dag.py:4180} INFO - Setting next_dagrun for example_sensors to None, run_after=None
[2024-10-19T14:24:55.105+0000] {processor.py:208} INFO - Processing /home/airflow/.local/lib/python3.12/site-packages/airflow/example_dags/example_sensors.py took 0.075 seconds
[2024-10-19T14:25:25.208+0000] {processor.py:186} INFO - Started process (PID=838) to work on /home/airflow/.local/lib/python3.12/site-packages/airflow/example_dags/example_sensors.py
[2024-10-19T14:25:25.209+0000] {processor.py:914} INFO - Processing file /home/airflow/.local/lib/python3.12/site-packages/airflow/example_dags/example_sensors.py for tasks to queue
[2024-10-19T14:25:25.211+0000] {logging_mixin.py:190} INFO - [2024-10-19T14:25:25.210+0000] {dagbag.py:588} INFO - Filling up the DagBag from /home/airflow/.local/lib/python3.12/site-packages/airflow/example_dags/example_sensors.py
[2024-10-19T14:25:25.224+0000] {processor.py:925} INFO - DAG(s) 'example_sensors' retrieved from /home/airflow/.local/lib/python3.12/site-packages/airflow/example_dags/example_sensors.py
[2024-10-19T14:25:25.266+0000] {logging_mixin.py:190} INFO - [2024-10-19T14:25:25.265+0000] {dag.py:3239} INFO - Sync 1 DAGs
[2024-10-19T14:25:25.292+0000] {logging_mixin.py:190} INFO - [2024-10-19T14:25:25.291+0000] {dag.py:4180} INFO - Setting next_dagrun for example_sensors to None, run_after=None
[2024-10-19T14:25:25.309+0000] {processor.py:208} INFO - Processing /home/airflow/.local/lib/python3.12/site-packages/airflow/example_dags/example_sensors.py took 0.107 seconds
[2024-10-19T14:25:55.493+0000] {processor.py:186} INFO - Started process (PID=899) to work on /home/airflow/.local/lib/python3.12/site-packages/airflow/example_dags/example_sensors.py
[2024-10-19T14:25:55.494+0000] {processor.py:914} INFO - Processing file /home/airflow/.local/lib/python3.12/site-packages/airflow/example_dags/example_sensors.py for tasks to queue
[2024-10-19T14:25:55.497+0000] {logging_mixin.py:190} INFO - [2024-10-19T14:25:55.496+0000] {dagbag.py:588} INFO - Filling up the DagBag from /home/airflow/.local/lib/python3.12/site-packages/airflow/example_dags/example_sensors.py
[2024-10-19T14:25:55.508+0000] {processor.py:925} INFO - DAG(s) 'example_sensors' retrieved from /home/airflow/.local/lib/python3.12/site-packages/airflow/example_dags/example_sensors.py
[2024-10-19T14:25:55.532+0000] {logging_mixin.py:190} INFO - [2024-10-19T14:25:55.531+0000] {dag.py:3239} INFO - Sync 1 DAGs
[2024-10-19T14:25:55.544+0000] {logging_mixin.py:190} INFO - [2024-10-19T14:25:55.544+0000] {dag.py:4180} INFO - Setting next_dagrun for example_sensors to None, run_after=None
[2024-10-19T14:25:55.562+0000] {processor.py:208} INFO - Processing /home/airflow/.local/lib/python3.12/site-packages/airflow/example_dags/example_sensors.py took 0.075 seconds
[2024-10-19T14:26:26.194+0000] {processor.py:186} INFO - Started process (PID=962) to work on /home/airflow/.local/lib/python3.12/site-packages/airflow/example_dags/example_sensors.py
[2024-10-19T14:26:26.195+0000] {processor.py:914} INFO - Processing file /home/airflow/.local/lib/python3.12/site-packages/airflow/example_dags/example_sensors.py for tasks to queue
[2024-10-19T14:26:26.196+0000] {logging_mixin.py:190} INFO - [2024-10-19T14:26:26.196+0000] {dagbag.py:588} INFO - Filling up the DagBag from /home/airflow/.local/lib/python3.12/site-packages/airflow/example_dags/example_sensors.py
[2024-10-19T14:26:26.206+0000] {processor.py:925} INFO - DAG(s) 'example_sensors' retrieved from /home/airflow/.local/lib/python3.12/site-packages/airflow/example_dags/example_sensors.py
[2024-10-19T14:26:26.228+0000] {logging_mixin.py:190} INFO - [2024-10-19T14:26:26.228+0000] {dag.py:3239} INFO - Sync 1 DAGs
[2024-10-19T14:26:26.241+0000] {logging_mixin.py:190} INFO - [2024-10-19T14:26:26.240+0000] {dag.py:4180} INFO - Setting next_dagrun for example_sensors to None, run_after=None
[2024-10-19T14:26:26.257+0000] {processor.py:208} INFO - Processing /home/airflow/.local/lib/python3.12/site-packages/airflow/example_dags/example_sensors.py took 0.068 seconds
[2024-10-19T14:26:56.319+0000] {processor.py:186} INFO - Started process (PID=1024) to work on /home/airflow/.local/lib/python3.12/site-packages/airflow/example_dags/example_sensors.py
[2024-10-19T14:26:56.320+0000] {processor.py:914} INFO - Processing file /home/airflow/.local/lib/python3.12/site-packages/airflow/example_dags/example_sensors.py for tasks to queue
[2024-10-19T14:26:56.322+0000] {logging_mixin.py:190} INFO - [2024-10-19T14:26:56.322+0000] {dagbag.py:588} INFO - Filling up the DagBag from /home/airflow/.local/lib/python3.12/site-packages/airflow/example_dags/example_sensors.py
[2024-10-19T14:26:56.330+0000] {processor.py:925} INFO - DAG(s) 'example_sensors' retrieved from /home/airflow/.local/lib/python3.12/site-packages/airflow/example_dags/example_sensors.py
[2024-10-19T14:26:56.352+0000] {logging_mixin.py:190} INFO - [2024-10-19T14:26:56.352+0000] {dag.py:3239} INFO - Sync 1 DAGs
[2024-10-19T14:26:56.363+0000] {logging_mixin.py:190} INFO - [2024-10-19T14:26:56.363+0000] {dag.py:4180} INFO - Setting next_dagrun for example_sensors to None, run_after=None
[2024-10-19T14:26:56.381+0000] {processor.py:208} INFO - Processing /home/airflow/.local/lib/python3.12/site-packages/airflow/example_dags/example_sensors.py took 0.066 seconds
[2024-10-19T14:27:26.804+0000] {processor.py:186} INFO - Started process (PID=1086) to work on /home/airflow/.local/lib/python3.12/site-packages/airflow/example_dags/example_sensors.py
[2024-10-19T14:27:26.805+0000] {processor.py:914} INFO - Processing file /home/airflow/.local/lib/python3.12/site-packages/airflow/example_dags/example_sensors.py for tasks to queue
[2024-10-19T14:27:26.807+0000] {logging_mixin.py:190} INFO - [2024-10-19T14:27:26.807+0000] {dagbag.py:588} INFO - Filling up the DagBag from /home/airflow/.local/lib/python3.12/site-packages/airflow/example_dags/example_sensors.py
[2024-10-19T14:27:26.817+0000] {processor.py:925} INFO - DAG(s) 'example_sensors' retrieved from /home/airflow/.local/lib/python3.12/site-packages/airflow/example_dags/example_sensors.py
[2024-10-19T14:27:26.854+0000] {logging_mixin.py:190} INFO - [2024-10-19T14:27:26.854+0000] {dag.py:3239} INFO - Sync 1 DAGs
[2024-10-19T14:27:26.866+0000] {logging_mixin.py:190} INFO - [2024-10-19T14:27:26.866+0000] {dag.py:4180} INFO - Setting next_dagrun for example_sensors to None, run_after=None
[2024-10-19T14:27:26.887+0000] {processor.py:208} INFO - Processing /home/airflow/.local/lib/python3.12/site-packages/airflow/example_dags/example_sensors.py took 0.088 seconds
[2024-10-19T14:27:56.969+0000] {processor.py:186} INFO - Started process (PID=1148) to work on /home/airflow/.local/lib/python3.12/site-packages/airflow/example_dags/example_sensors.py
[2024-10-19T14:27:56.969+0000] {processor.py:914} INFO - Processing file /home/airflow/.local/lib/python3.12/site-packages/airflow/example_dags/example_sensors.py for tasks to queue
[2024-10-19T14:27:56.973+0000] {logging_mixin.py:190} INFO - [2024-10-19T14:27:56.973+0000] {dagbag.py:588} INFO - Filling up the DagBag from /home/airflow/.local/lib/python3.12/site-packages/airflow/example_dags/example_sensors.py
[2024-10-19T14:27:56.982+0000] {processor.py:925} INFO - DAG(s) 'example_sensors' retrieved from /home/airflow/.local/lib/python3.12/site-packages/airflow/example_dags/example_sensors.py
[2024-10-19T14:27:57.007+0000] {logging_mixin.py:190} INFO - [2024-10-19T14:27:57.006+0000] {dag.py:3239} INFO - Sync 1 DAGs
[2024-10-19T14:27:57.018+0000] {logging_mixin.py:190} INFO - [2024-10-19T14:27:57.018+0000] {dag.py:4180} INFO - Setting next_dagrun for example_sensors to None, run_after=None
[2024-10-19T14:27:57.040+0000] {processor.py:208} INFO - Processing /home/airflow/.local/lib/python3.12/site-packages/airflow/example_dags/example_sensors.py took 0.076 seconds
[2024-10-19T14:28:27.600+0000] {processor.py:186} INFO - Started process (PID=1210) to work on /home/airflow/.local/lib/python3.12/site-packages/airflow/example_dags/example_sensors.py
[2024-10-19T14:28:27.600+0000] {processor.py:914} INFO - Processing file /home/airflow/.local/lib/python3.12/site-packages/airflow/example_dags/example_sensors.py for tasks to queue
[2024-10-19T14:28:27.603+0000] {logging_mixin.py:190} INFO - [2024-10-19T14:28:27.602+0000] {dagbag.py:588} INFO - Filling up the DagBag from /home/airflow/.local/lib/python3.12/site-packages/airflow/example_dags/example_sensors.py
[2024-10-19T14:28:27.613+0000] {processor.py:925} INFO - DAG(s) 'example_sensors' retrieved from /home/airflow/.local/lib/python3.12/site-packages/airflow/example_dags/example_sensors.py
[2024-10-19T14:28:27.650+0000] {logging_mixin.py:190} INFO - [2024-10-19T14:28:27.649+0000] {dag.py:3239} INFO - Sync 1 DAGs
[2024-10-19T14:28:27.664+0000] {logging_mixin.py:190} INFO - [2024-10-19T14:28:27.664+0000] {dag.py:4180} INFO - Setting next_dagrun for example_sensors to None, run_after=None
[2024-10-19T14:28:27.695+0000] {processor.py:208} INFO - Processing /home/airflow/.local/lib/python3.12/site-packages/airflow/example_dags/example_sensors.py took 0.100 seconds
[2024-10-19T14:28:58.022+0000] {processor.py:186} INFO - Started process (PID=1272) to work on /home/airflow/.local/lib/python3.12/site-packages/airflow/example_dags/example_sensors.py
[2024-10-19T14:28:58.023+0000] {processor.py:914} INFO - Processing file /home/airflow/.local/lib/python3.12/site-packages/airflow/example_dags/example_sensors.py for tasks to queue
[2024-10-19T14:28:58.025+0000] {logging_mixin.py:190} INFO - [2024-10-19T14:28:58.025+0000] {dagbag.py:588} INFO - Filling up the DagBag from /home/airflow/.local/lib/python3.12/site-packages/airflow/example_dags/example_sensors.py
[2024-10-19T14:28:58.034+0000] {processor.py:925} INFO - DAG(s) 'example_sensors' retrieved from /home/airflow/.local/lib/python3.12/site-packages/airflow/example_dags/example_sensors.py
[2024-10-19T14:28:58.059+0000] {logging_mixin.py:190} INFO - [2024-10-19T14:28:58.059+0000] {dag.py:3239} INFO - Sync 1 DAGs
[2024-10-19T14:28:58.071+0000] {logging_mixin.py:190} INFO - [2024-10-19T14:28:58.071+0000] {dag.py:4180} INFO - Setting next_dagrun for example_sensors to None, run_after=None
[2024-10-19T14:28:58.088+0000] {processor.py:208} INFO - Processing /home/airflow/.local/lib/python3.12/site-packages/airflow/example_dags/example_sensors.py took 0.071 seconds
[2024-10-19T14:29:28.503+0000] {processor.py:186} INFO - Started process (PID=1335) to work on /home/airflow/.local/lib/python3.12/site-packages/airflow/example_dags/example_sensors.py
[2024-10-19T14:29:28.505+0000] {processor.py:914} INFO - Processing file /home/airflow/.local/lib/python3.12/site-packages/airflow/example_dags/example_sensors.py for tasks to queue
[2024-10-19T14:29:28.507+0000] {logging_mixin.py:190} INFO - [2024-10-19T14:29:28.506+0000] {dagbag.py:588} INFO - Filling up the DagBag from /home/airflow/.local/lib/python3.12/site-packages/airflow/example_dags/example_sensors.py
[2024-10-19T14:29:28.516+0000] {processor.py:925} INFO - DAG(s) 'example_sensors' retrieved from /home/airflow/.local/lib/python3.12/site-packages/airflow/example_dags/example_sensors.py
[2024-10-19T14:29:28.539+0000] {logging_mixin.py:190} INFO - [2024-10-19T14:29:28.539+0000] {dag.py:3239} INFO - Sync 1 DAGs
[2024-10-19T14:29:28.553+0000] {logging_mixin.py:190} INFO - [2024-10-19T14:29:28.553+0000] {dag.py:4180} INFO - Setting next_dagrun for example_sensors to None, run_after=None
[2024-10-19T14:29:28.571+0000] {processor.py:208} INFO - Processing /home/airflow/.local/lib/python3.12/site-packages/airflow/example_dags/example_sensors.py took 0.085 seconds
[2024-10-19T14:29:59.104+0000] {processor.py:186} INFO - Started process (PID=1398) to work on /home/airflow/.local/lib/python3.12/site-packages/airflow/example_dags/example_sensors.py
[2024-10-19T14:29:59.105+0000] {processor.py:914} INFO - Processing file /home/airflow/.local/lib/python3.12/site-packages/airflow/example_dags/example_sensors.py for tasks to queue
[2024-10-19T14:29:59.107+0000] {logging_mixin.py:190} INFO - [2024-10-19T14:29:59.107+0000] {dagbag.py:588} INFO - Filling up the DagBag from /home/airflow/.local/lib/python3.12/site-packages/airflow/example_dags/example_sensors.py
[2024-10-19T14:29:59.118+0000] {processor.py:925} INFO - DAG(s) 'example_sensors' retrieved from /home/airflow/.local/lib/python3.12/site-packages/airflow/example_dags/example_sensors.py
[2024-10-19T14:29:59.145+0000] {logging_mixin.py:190} INFO - [2024-10-19T14:29:59.144+0000] {dag.py:3239} INFO - Sync 1 DAGs
[2024-10-19T14:29:59.158+0000] {logging_mixin.py:190} INFO - [2024-10-19T14:29:59.158+0000] {dag.py:4180} INFO - Setting next_dagrun for example_sensors to None, run_after=None
[2024-10-19T14:29:59.192+0000] {processor.py:208} INFO - Processing /home/airflow/.local/lib/python3.12/site-packages/airflow/example_dags/example_sensors.py took 0.093 seconds
[2024-10-19T14:30:29.491+0000] {processor.py:186} INFO - Started process (PID=1461) to work on /home/airflow/.local/lib/python3.12/site-packages/airflow/example_dags/example_sensors.py
[2024-10-19T14:30:29.492+0000] {processor.py:914} INFO - Processing file /home/airflow/.local/lib/python3.12/site-packages/airflow/example_dags/example_sensors.py for tasks to queue
[2024-10-19T14:30:29.495+0000] {logging_mixin.py:190} INFO - [2024-10-19T14:30:29.494+0000] {dagbag.py:588} INFO - Filling up the DagBag from /home/airflow/.local/lib/python3.12/site-packages/airflow/example_dags/example_sensors.py
[2024-10-19T14:30:29.508+0000] {processor.py:925} INFO - DAG(s) 'example_sensors' retrieved from /home/airflow/.local/lib/python3.12/site-packages/airflow/example_dags/example_sensors.py
[2024-10-19T14:30:29.532+0000] {logging_mixin.py:190} INFO - [2024-10-19T14:30:29.532+0000] {dag.py:3239} INFO - Sync 1 DAGs
[2024-10-19T14:30:29.546+0000] {logging_mixin.py:190} INFO - [2024-10-19T14:30:29.545+0000] {dag.py:4180} INFO - Setting next_dagrun for example_sensors to None, run_after=None
[2024-10-19T14:30:29.566+0000] {processor.py:208} INFO - Processing /home/airflow/.local/lib/python3.12/site-packages/airflow/example_dags/example_sensors.py took 0.080 seconds
[2024-10-19T14:31:00.173+0000] {processor.py:186} INFO - Started process (PID=1524) to work on /home/airflow/.local/lib/python3.12/site-packages/airflow/example_dags/example_sensors.py
[2024-10-19T14:31:00.174+0000] {processor.py:914} INFO - Processing file /home/airflow/.local/lib/python3.12/site-packages/airflow/example_dags/example_sensors.py for tasks to queue
[2024-10-19T14:31:00.176+0000] {logging_mixin.py:190} INFO - [2024-10-19T14:31:00.176+0000] {dagbag.py:588} INFO - Filling up the DagBag from /home/airflow/.local/lib/python3.12/site-packages/airflow/example_dags/example_sensors.py
[2024-10-19T14:31:00.184+0000] {processor.py:925} INFO - DAG(s) 'example_sensors' retrieved from /home/airflow/.local/lib/python3.12/site-packages/airflow/example_dags/example_sensors.py
[2024-10-19T14:31:00.206+0000] {logging_mixin.py:190} INFO - [2024-10-19T14:31:00.206+0000] {dag.py:3239} INFO - Sync 1 DAGs
[2024-10-19T14:31:00.217+0000] {logging_mixin.py:190} INFO - [2024-10-19T14:31:00.217+0000] {dag.py:4180} INFO - Setting next_dagrun for example_sensors to None, run_after=None
[2024-10-19T14:31:00.239+0000] {processor.py:208} INFO - Processing /home/airflow/.local/lib/python3.12/site-packages/airflow/example_dags/example_sensors.py took 0.071 seconds
[2024-10-19T14:31:30.793+0000] {processor.py:186} INFO - Started process (PID=1587) to work on /home/airflow/.local/lib/python3.12/site-packages/airflow/example_dags/example_sensors.py
[2024-10-19T14:31:30.794+0000] {processor.py:914} INFO - Processing file /home/airflow/.local/lib/python3.12/site-packages/airflow/example_dags/example_sensors.py for tasks to queue
[2024-10-19T14:31:30.796+0000] {logging_mixin.py:190} INFO - [2024-10-19T14:31:30.796+0000] {dagbag.py:588} INFO - Filling up the DagBag from /home/airflow/.local/lib/python3.12/site-packages/airflow/example_dags/example_sensors.py
[2024-10-19T14:31:30.805+0000] {processor.py:925} INFO - DAG(s) 'example_sensors' retrieved from /home/airflow/.local/lib/python3.12/site-packages/airflow/example_dags/example_sensors.py
[2024-10-19T14:31:30.828+0000] {logging_mixin.py:190} INFO - [2024-10-19T14:31:30.828+0000] {dag.py:3239} INFO - Sync 1 DAGs
[2024-10-19T14:31:30.842+0000] {logging_mixin.py:190} INFO - [2024-10-19T14:31:30.842+0000] {dag.py:4180} INFO - Setting next_dagrun for example_sensors to None, run_after=None
[2024-10-19T14:31:30.861+0000] {processor.py:208} INFO - Processing /home/airflow/.local/lib/python3.12/site-packages/airflow/example_dags/example_sensors.py took 0.072 seconds
[2024-10-19T14:32:01.226+0000] {processor.py:186} INFO - Started process (PID=1650) to work on /home/airflow/.local/lib/python3.12/site-packages/airflow/example_dags/example_sensors.py
[2024-10-19T14:32:01.226+0000] {processor.py:914} INFO - Processing file /home/airflow/.local/lib/python3.12/site-packages/airflow/example_dags/example_sensors.py for tasks to queue
[2024-10-19T14:32:01.229+0000] {logging_mixin.py:190} INFO - [2024-10-19T14:32:01.228+0000] {dagbag.py:588} INFO - Filling up the DagBag from /home/airflow/.local/lib/python3.12/site-packages/airflow/example_dags/example_sensors.py
[2024-10-19T14:32:01.238+0000] {processor.py:925} INFO - DAG(s) 'example_sensors' retrieved from /home/airflow/.local/lib/python3.12/site-packages/airflow/example_dags/example_sensors.py
[2024-10-19T14:32:01.260+0000] {logging_mixin.py:190} INFO - [2024-10-19T14:32:01.260+0000] {dag.py:3239} INFO - Sync 1 DAGs
[2024-10-19T14:32:01.276+0000] {logging_mixin.py:190} INFO - [2024-10-19T14:32:01.276+0000] {dag.py:4180} INFO - Setting next_dagrun for example_sensors to None, run_after=None
[2024-10-19T14:32:01.303+0000] {processor.py:208} INFO - Processing /home/airflow/.local/lib/python3.12/site-packages/airflow/example_dags/example_sensors.py took 0.083 seconds
[2024-10-19T14:32:31.641+0000] {processor.py:186} INFO - Started process (PID=1713) to work on /home/airflow/.local/lib/python3.12/site-packages/airflow/example_dags/example_sensors.py
[2024-10-19T14:32:31.642+0000] {processor.py:914} INFO - Processing file /home/airflow/.local/lib/python3.12/site-packages/airflow/example_dags/example_sensors.py for tasks to queue
[2024-10-19T14:32:31.644+0000] {logging_mixin.py:190} INFO - [2024-10-19T14:32:31.644+0000] {dagbag.py:588} INFO - Filling up the DagBag from /home/airflow/.local/lib/python3.12/site-packages/airflow/example_dags/example_sensors.py
[2024-10-19T14:32:31.653+0000] {processor.py:925} INFO - DAG(s) 'example_sensors' retrieved from /home/airflow/.local/lib/python3.12/site-packages/airflow/example_dags/example_sensors.py
[2024-10-19T14:32:31.678+0000] {logging_mixin.py:190} INFO - [2024-10-19T14:32:31.678+0000] {dag.py:3239} INFO - Sync 1 DAGs
[2024-10-19T14:32:31.691+0000] {logging_mixin.py:190} INFO - [2024-10-19T14:32:31.691+0000] {dag.py:4180} INFO - Setting next_dagrun for example_sensors to None, run_after=None
[2024-10-19T14:32:31.710+0000] {processor.py:208} INFO - Processing /home/airflow/.local/lib/python3.12/site-packages/airflow/example_dags/example_sensors.py took 0.074 seconds
[2024-10-19T14:33:02.289+0000] {processor.py:186} INFO - Started process (PID=1776) to work on /home/airflow/.local/lib/python3.12/site-packages/airflow/example_dags/example_sensors.py
[2024-10-19T14:33:02.290+0000] {processor.py:914} INFO - Processing file /home/airflow/.local/lib/python3.12/site-packages/airflow/example_dags/example_sensors.py for tasks to queue
[2024-10-19T14:33:02.292+0000] {logging_mixin.py:190} INFO - [2024-10-19T14:33:02.292+0000] {dagbag.py:588} INFO - Filling up the DagBag from /home/airflow/.local/lib/python3.12/site-packages/airflow/example_dags/example_sensors.py
[2024-10-19T14:33:02.301+0000] {processor.py:925} INFO - DAG(s) 'example_sensors' retrieved from /home/airflow/.local/lib/python3.12/site-packages/airflow/example_dags/example_sensors.py
[2024-10-19T14:33:02.325+0000] {logging_mixin.py:190} INFO - [2024-10-19T14:33:02.325+0000] {dag.py:3239} INFO - Sync 1 DAGs
[2024-10-19T14:33:02.337+0000] {logging_mixin.py:190} INFO - [2024-10-19T14:33:02.337+0000] {dag.py:4180} INFO - Setting next_dagrun for example_sensors to None, run_after=None
[2024-10-19T14:33:02.357+0000] {processor.py:208} INFO - Processing /home/airflow/.local/lib/python3.12/site-packages/airflow/example_dags/example_sensors.py took 0.074 seconds
[2024-10-19T14:33:33.024+0000] {processor.py:186} INFO - Started process (PID=1839) to work on /home/airflow/.local/lib/python3.12/site-packages/airflow/example_dags/example_sensors.py
[2024-10-19T14:33:33.025+0000] {processor.py:914} INFO - Processing file /home/airflow/.local/lib/python3.12/site-packages/airflow/example_dags/example_sensors.py for tasks to queue
[2024-10-19T14:33:33.027+0000] {logging_mixin.py:190} INFO - [2024-10-19T14:33:33.027+0000] {dagbag.py:588} INFO - Filling up the DagBag from /home/airflow/.local/lib/python3.12/site-packages/airflow/example_dags/example_sensors.py
[2024-10-19T14:33:33.036+0000] {processor.py:925} INFO - DAG(s) 'example_sensors' retrieved from /home/airflow/.local/lib/python3.12/site-packages/airflow/example_dags/example_sensors.py
[2024-10-19T14:33:33.058+0000] {logging_mixin.py:190} INFO - [2024-10-19T14:33:33.058+0000] {dag.py:3239} INFO - Sync 1 DAGs
[2024-10-19T14:33:33.068+0000] {logging_mixin.py:190} INFO - [2024-10-19T14:33:33.068+0000] {dag.py:4180} INFO - Setting next_dagrun for example_sensors to None, run_after=None
[2024-10-19T14:33:33.086+0000] {processor.py:208} INFO - Processing /home/airflow/.local/lib/python3.12/site-packages/airflow/example_dags/example_sensors.py took 0.069 seconds
[2024-10-19T14:34:03.736+0000] {processor.py:186} INFO - Started process (PID=1902) to work on /home/airflow/.local/lib/python3.12/site-packages/airflow/example_dags/example_sensors.py
[2024-10-19T14:34:03.737+0000] {processor.py:914} INFO - Processing file /home/airflow/.local/lib/python3.12/site-packages/airflow/example_dags/example_sensors.py for tasks to queue
[2024-10-19T14:34:03.739+0000] {logging_mixin.py:190} INFO - [2024-10-19T14:34:03.739+0000] {dagbag.py:588} INFO - Filling up the DagBag from /home/airflow/.local/lib/python3.12/site-packages/airflow/example_dags/example_sensors.py
[2024-10-19T14:34:03.749+0000] {processor.py:925} INFO - DAG(s) 'example_sensors' retrieved from /home/airflow/.local/lib/python3.12/site-packages/airflow/example_dags/example_sensors.py
[2024-10-19T14:34:03.773+0000] {logging_mixin.py:190} INFO - [2024-10-19T14:34:03.773+0000] {dag.py:3239} INFO - Sync 1 DAGs
[2024-10-19T14:34:03.786+0000] {logging_mixin.py:190} INFO - [2024-10-19T14:34:03.786+0000] {dag.py:4180} INFO - Setting next_dagrun for example_sensors to None, run_after=None
[2024-10-19T14:34:03.805+0000] {processor.py:208} INFO - Processing /home/airflow/.local/lib/python3.12/site-packages/airflow/example_dags/example_sensors.py took 0.075 seconds
[2024-10-19T14:34:34.308+0000] {processor.py:186} INFO - Started process (PID=1965) to work on /home/airflow/.local/lib/python3.12/site-packages/airflow/example_dags/example_sensors.py
[2024-10-19T14:34:34.309+0000] {processor.py:914} INFO - Processing file /home/airflow/.local/lib/python3.12/site-packages/airflow/example_dags/example_sensors.py for tasks to queue
[2024-10-19T14:34:34.311+0000] {logging_mixin.py:190} INFO - [2024-10-19T14:34:34.311+0000] {dagbag.py:588} INFO - Filling up the DagBag from /home/airflow/.local/lib/python3.12/site-packages/airflow/example_dags/example_sensors.py
[2024-10-19T14:34:34.319+0000] {processor.py:925} INFO - DAG(s) 'example_sensors' retrieved from /home/airflow/.local/lib/python3.12/site-packages/airflow/example_dags/example_sensors.py
[2024-10-19T14:34:34.340+0000] {logging_mixin.py:190} INFO - [2024-10-19T14:34:34.340+0000] {dag.py:3239} INFO - Sync 1 DAGs
[2024-10-19T14:34:34.353+0000] {logging_mixin.py:190} INFO - [2024-10-19T14:34:34.353+0000] {dag.py:4180} INFO - Setting next_dagrun for example_sensors to None, run_after=None
[2024-10-19T14:34:34.372+0000] {processor.py:208} INFO - Processing /home/airflow/.local/lib/python3.12/site-packages/airflow/example_dags/example_sensors.py took 0.069 seconds
[2024-10-19T14:35:04.939+0000] {processor.py:186} INFO - Started process (PID=2028) to work on /home/airflow/.local/lib/python3.12/site-packages/airflow/example_dags/example_sensors.py
[2024-10-19T14:35:04.940+0000] {processor.py:914} INFO - Processing file /home/airflow/.local/lib/python3.12/site-packages/airflow/example_dags/example_sensors.py for tasks to queue
[2024-10-19T14:35:04.942+0000] {logging_mixin.py:190} INFO - [2024-10-19T14:35:04.942+0000] {dagbag.py:588} INFO - Filling up the DagBag from /home/airflow/.local/lib/python3.12/site-packages/airflow/example_dags/example_sensors.py
[2024-10-19T14:35:04.951+0000] {processor.py:925} INFO - DAG(s) 'example_sensors' retrieved from /home/airflow/.local/lib/python3.12/site-packages/airflow/example_dags/example_sensors.py
[2024-10-19T14:35:04.974+0000] {logging_mixin.py:190} INFO - [2024-10-19T14:35:04.974+0000] {dag.py:3239} INFO - Sync 1 DAGs
[2024-10-19T14:35:04.987+0000] {logging_mixin.py:190} INFO - [2024-10-19T14:35:04.986+0000] {dag.py:4180} INFO - Setting next_dagrun for example_sensors to None, run_after=None
[2024-10-19T14:35:05.005+0000] {processor.py:208} INFO - Processing /home/airflow/.local/lib/python3.12/site-packages/airflow/example_dags/example_sensors.py took 0.071 seconds
[2024-10-19T14:35:35.555+0000] {processor.py:186} INFO - Started process (PID=2091) to work on /home/airflow/.local/lib/python3.12/site-packages/airflow/example_dags/example_sensors.py
[2024-10-19T14:35:35.556+0000] {processor.py:914} INFO - Processing file /home/airflow/.local/lib/python3.12/site-packages/airflow/example_dags/example_sensors.py for tasks to queue
[2024-10-19T14:35:35.558+0000] {logging_mixin.py:190} INFO - [2024-10-19T14:35:35.558+0000] {dagbag.py:588} INFO - Filling up the DagBag from /home/airflow/.local/lib/python3.12/site-packages/airflow/example_dags/example_sensors.py
[2024-10-19T14:35:35.566+0000] {processor.py:925} INFO - DAG(s) 'example_sensors' retrieved from /home/airflow/.local/lib/python3.12/site-packages/airflow/example_dags/example_sensors.py
[2024-10-19T14:35:35.593+0000] {logging_mixin.py:190} INFO - [2024-10-19T14:35:35.593+0000] {dag.py:3239} INFO - Sync 1 DAGs
[2024-10-19T14:35:35.605+0000] {logging_mixin.py:190} INFO - [2024-10-19T14:35:35.605+0000] {dag.py:4180} INFO - Setting next_dagrun for example_sensors to None, run_after=None
[2024-10-19T14:35:35.624+0000] {processor.py:208} INFO - Processing /home/airflow/.local/lib/python3.12/site-packages/airflow/example_dags/example_sensors.py took 0.073 seconds
[2024-10-19T14:36:06.346+0000] {processor.py:186} INFO - Started process (PID=2154) to work on /home/airflow/.local/lib/python3.12/site-packages/airflow/example_dags/example_sensors.py
[2024-10-19T14:36:06.346+0000] {processor.py:914} INFO - Processing file /home/airflow/.local/lib/python3.12/site-packages/airflow/example_dags/example_sensors.py for tasks to queue
[2024-10-19T14:36:06.349+0000] {logging_mixin.py:190} INFO - [2024-10-19T14:36:06.349+0000] {dagbag.py:588} INFO - Filling up the DagBag from /home/airflow/.local/lib/python3.12/site-packages/airflow/example_dags/example_sensors.py
[2024-10-19T14:36:06.359+0000] {processor.py:925} INFO - DAG(s) 'example_sensors' retrieved from /home/airflow/.local/lib/python3.12/site-packages/airflow/example_dags/example_sensors.py
[2024-10-19T14:36:06.382+0000] {logging_mixin.py:190} INFO - [2024-10-19T14:36:06.382+0000] {dag.py:3239} INFO - Sync 1 DAGs
[2024-10-19T14:36:06.396+0000] {logging_mixin.py:190} INFO - [2024-10-19T14:36:06.396+0000] {dag.py:4180} INFO - Setting next_dagrun for example_sensors to None, run_after=None
[2024-10-19T14:36:06.417+0000] {processor.py:208} INFO - Processing /home/airflow/.local/lib/python3.12/site-packages/airflow/example_dags/example_sensors.py took 0.076 seconds
[2024-10-19T14:36:36.985+0000] {processor.py:186} INFO - Started process (PID=2217) to work on /home/airflow/.local/lib/python3.12/site-packages/airflow/example_dags/example_sensors.py
[2024-10-19T14:36:36.986+0000] {processor.py:914} INFO - Processing file /home/airflow/.local/lib/python3.12/site-packages/airflow/example_dags/example_sensors.py for tasks to queue
[2024-10-19T14:36:36.988+0000] {logging_mixin.py:190} INFO - [2024-10-19T14:36:36.988+0000] {dagbag.py:588} INFO - Filling up the DagBag from /home/airflow/.local/lib/python3.12/site-packages/airflow/example_dags/example_sensors.py
[2024-10-19T14:36:36.998+0000] {processor.py:925} INFO - DAG(s) 'example_sensors' retrieved from /home/airflow/.local/lib/python3.12/site-packages/airflow/example_dags/example_sensors.py
[2024-10-19T14:36:37.023+0000] {logging_mixin.py:190} INFO - [2024-10-19T14:36:37.022+0000] {dag.py:3239} INFO - Sync 1 DAGs
[2024-10-19T14:36:37.036+0000] {logging_mixin.py:190} INFO - [2024-10-19T14:36:37.035+0000] {dag.py:4180} INFO - Setting next_dagrun for example_sensors to None, run_after=None
[2024-10-19T14:36:37.057+0000] {processor.py:208} INFO - Processing /home/airflow/.local/lib/python3.12/site-packages/airflow/example_dags/example_sensors.py took 0.078 seconds
[2024-10-19T14:37:07.585+0000] {processor.py:186} INFO - Started process (PID=2280) to work on /home/airflow/.local/lib/python3.12/site-packages/airflow/example_dags/example_sensors.py
[2024-10-19T14:37:07.586+0000] {processor.py:914} INFO - Processing file /home/airflow/.local/lib/python3.12/site-packages/airflow/example_dags/example_sensors.py for tasks to queue
[2024-10-19T14:37:07.588+0000] {logging_mixin.py:190} INFO - [2024-10-19T14:37:07.588+0000] {dagbag.py:588} INFO - Filling up the DagBag from /home/airflow/.local/lib/python3.12/site-packages/airflow/example_dags/example_sensors.py
[2024-10-19T14:37:07.597+0000] {processor.py:925} INFO - DAG(s) 'example_sensors' retrieved from /home/airflow/.local/lib/python3.12/site-packages/airflow/example_dags/example_sensors.py
[2024-10-19T14:37:07.619+0000] {logging_mixin.py:190} INFO - [2024-10-19T14:37:07.618+0000] {dag.py:3239} INFO - Sync 1 DAGs
[2024-10-19T14:37:07.629+0000] {logging_mixin.py:190} INFO - [2024-10-19T14:37:07.629+0000] {dag.py:4180} INFO - Setting next_dagrun for example_sensors to None, run_after=None
[2024-10-19T14:37:07.646+0000] {processor.py:208} INFO - Processing /home/airflow/.local/lib/python3.12/site-packages/airflow/example_dags/example_sensors.py took 0.066 seconds
[2024-10-19T14:37:37.788+0000] {processor.py:186} INFO - Started process (PID=2342) to work on /home/airflow/.local/lib/python3.12/site-packages/airflow/example_dags/example_sensors.py
[2024-10-19T14:37:37.789+0000] {processor.py:914} INFO - Processing file /home/airflow/.local/lib/python3.12/site-packages/airflow/example_dags/example_sensors.py for tasks to queue
[2024-10-19T14:37:37.791+0000] {logging_mixin.py:190} INFO - [2024-10-19T14:37:37.791+0000] {dagbag.py:588} INFO - Filling up the DagBag from /home/airflow/.local/lib/python3.12/site-packages/airflow/example_dags/example_sensors.py
[2024-10-19T14:37:37.801+0000] {processor.py:925} INFO - DAG(s) 'example_sensors' retrieved from /home/airflow/.local/lib/python3.12/site-packages/airflow/example_dags/example_sensors.py
[2024-10-19T14:37:37.822+0000] {logging_mixin.py:190} INFO - [2024-10-19T14:37:37.822+0000] {dag.py:3239} INFO - Sync 1 DAGs
[2024-10-19T14:37:37.835+0000] {logging_mixin.py:190} INFO - [2024-10-19T14:37:37.834+0000] {dag.py:4180} INFO - Setting next_dagrun for example_sensors to None, run_after=None
[2024-10-19T14:37:37.852+0000] {processor.py:208} INFO - Processing /home/airflow/.local/lib/python3.12/site-packages/airflow/example_dags/example_sensors.py took 0.072 seconds
[2024-10-19T14:38:08.312+0000] {processor.py:186} INFO - Started process (PID=2405) to work on /home/airflow/.local/lib/python3.12/site-packages/airflow/example_dags/example_sensors.py
[2024-10-19T14:38:08.312+0000] {processor.py:914} INFO - Processing file /home/airflow/.local/lib/python3.12/site-packages/airflow/example_dags/example_sensors.py for tasks to queue
[2024-10-19T14:38:08.315+0000] {logging_mixin.py:190} INFO - [2024-10-19T14:38:08.314+0000] {dagbag.py:588} INFO - Filling up the DagBag from /home/airflow/.local/lib/python3.12/site-packages/airflow/example_dags/example_sensors.py
[2024-10-19T14:38:08.325+0000] {processor.py:925} INFO - DAG(s) 'example_sensors' retrieved from /home/airflow/.local/lib/python3.12/site-packages/airflow/example_dags/example_sensors.py
[2024-10-19T14:38:08.350+0000] {logging_mixin.py:190} INFO - [2024-10-19T14:38:08.350+0000] {dag.py:3239} INFO - Sync 1 DAGs
[2024-10-19T14:38:08.364+0000] {logging_mixin.py:190} INFO - [2024-10-19T14:38:08.363+0000] {dag.py:4180} INFO - Setting next_dagrun for example_sensors to None, run_after=None
[2024-10-19T14:38:08.384+0000] {processor.py:208} INFO - Processing /home/airflow/.local/lib/python3.12/site-packages/airflow/example_dags/example_sensors.py took 0.077 seconds
[2024-10-19T14:38:38.627+0000] {processor.py:186} INFO - Started process (PID=2469) to work on /home/airflow/.local/lib/python3.12/site-packages/airflow/example_dags/example_sensors.py
[2024-10-19T14:38:38.628+0000] {processor.py:914} INFO - Processing file /home/airflow/.local/lib/python3.12/site-packages/airflow/example_dags/example_sensors.py for tasks to queue
[2024-10-19T14:38:38.631+0000] {logging_mixin.py:190} INFO - [2024-10-19T14:38:38.631+0000] {dagbag.py:588} INFO - Filling up the DagBag from /home/airflow/.local/lib/python3.12/site-packages/airflow/example_dags/example_sensors.py
[2024-10-19T14:38:38.641+0000] {processor.py:925} INFO - DAG(s) 'example_sensors' retrieved from /home/airflow/.local/lib/python3.12/site-packages/airflow/example_dags/example_sensors.py
[2024-10-19T14:38:38.667+0000] {logging_mixin.py:190} INFO - [2024-10-19T14:38:38.666+0000] {dag.py:3239} INFO - Sync 1 DAGs
[2024-10-19T14:38:38.679+0000] {logging_mixin.py:190} INFO - [2024-10-19T14:38:38.678+0000] {dag.py:4180} INFO - Setting next_dagrun for example_sensors to None, run_after=None
[2024-10-19T14:38:38.709+0000] {processor.py:208} INFO - Processing /home/airflow/.local/lib/python3.12/site-packages/airflow/example_dags/example_sensors.py took 0.086 seconds
[2024-10-19T14:39:09.296+0000] {processor.py:186} INFO - Started process (PID=2532) to work on /home/airflow/.local/lib/python3.12/site-packages/airflow/example_dags/example_sensors.py
[2024-10-19T14:39:09.308+0000] {processor.py:914} INFO - Processing file /home/airflow/.local/lib/python3.12/site-packages/airflow/example_dags/example_sensors.py for tasks to queue
[2024-10-19T14:39:09.310+0000] {logging_mixin.py:190} INFO - [2024-10-19T14:39:09.310+0000] {dagbag.py:588} INFO - Filling up the DagBag from /home/airflow/.local/lib/python3.12/site-packages/airflow/example_dags/example_sensors.py
[2024-10-19T14:39:09.331+0000] {processor.py:925} INFO - DAG(s) 'example_sensors' retrieved from /home/airflow/.local/lib/python3.12/site-packages/airflow/example_dags/example_sensors.py
[2024-10-19T14:39:09.357+0000] {logging_mixin.py:190} INFO - [2024-10-19T14:39:09.357+0000] {dag.py:3239} INFO - Sync 1 DAGs
[2024-10-19T14:39:09.372+0000] {logging_mixin.py:190} INFO - [2024-10-19T14:39:09.372+0000] {dag.py:4180} INFO - Setting next_dagrun for example_sensors to None, run_after=None
[2024-10-19T14:39:09.390+0000] {processor.py:208} INFO - Processing /home/airflow/.local/lib/python3.12/site-packages/airflow/example_dags/example_sensors.py took 0.099 seconds
[2024-10-19T14:39:42.130+0000] {processor.py:186} INFO - Started process (PID=2595) to work on /home/airflow/.local/lib/python3.12/site-packages/airflow/example_dags/example_sensors.py
[2024-10-19T14:39:42.131+0000] {processor.py:914} INFO - Processing file /home/airflow/.local/lib/python3.12/site-packages/airflow/example_dags/example_sensors.py for tasks to queue
[2024-10-19T14:39:42.133+0000] {logging_mixin.py:190} INFO - [2024-10-19T14:39:42.133+0000] {dagbag.py:588} INFO - Filling up the DagBag from /home/airflow/.local/lib/python3.12/site-packages/airflow/example_dags/example_sensors.py
[2024-10-19T14:39:42.144+0000] {processor.py:925} INFO - DAG(s) 'example_sensors' retrieved from /home/airflow/.local/lib/python3.12/site-packages/airflow/example_dags/example_sensors.py
[2024-10-19T14:39:42.169+0000] {logging_mixin.py:190} INFO - [2024-10-19T14:39:42.169+0000] {dag.py:3239} INFO - Sync 1 DAGs
[2024-10-19T14:39:42.184+0000] {logging_mixin.py:190} INFO - [2024-10-19T14:39:42.184+0000] {dag.py:4180} INFO - Setting next_dagrun for example_sensors to None, run_after=None
[2024-10-19T14:39:42.205+0000] {processor.py:208} INFO - Processing /home/airflow/.local/lib/python3.12/site-packages/airflow/example_dags/example_sensors.py took 0.083 seconds
[2024-10-19T14:40:13.022+0000] {processor.py:186} INFO - Started process (PID=2658) to work on /home/airflow/.local/lib/python3.12/site-packages/airflow/example_dags/example_sensors.py
[2024-10-19T14:40:13.023+0000] {processor.py:914} INFO - Processing file /home/airflow/.local/lib/python3.12/site-packages/airflow/example_dags/example_sensors.py for tasks to queue
[2024-10-19T14:40:13.026+0000] {logging_mixin.py:190} INFO - [2024-10-19T14:40:13.025+0000] {dagbag.py:588} INFO - Filling up the DagBag from /home/airflow/.local/lib/python3.12/site-packages/airflow/example_dags/example_sensors.py
[2024-10-19T14:40:13.034+0000] {processor.py:925} INFO - DAG(s) 'example_sensors' retrieved from /home/airflow/.local/lib/python3.12/site-packages/airflow/example_dags/example_sensors.py
[2024-10-19T14:40:13.060+0000] {logging_mixin.py:190} INFO - [2024-10-19T14:40:13.060+0000] {dag.py:3239} INFO - Sync 1 DAGs
[2024-10-19T14:40:13.071+0000] {logging_mixin.py:190} INFO - [2024-10-19T14:40:13.071+0000] {dag.py:4180} INFO - Setting next_dagrun for example_sensors to None, run_after=None
[2024-10-19T14:40:13.087+0000] {processor.py:208} INFO - Processing /home/airflow/.local/lib/python3.12/site-packages/airflow/example_dags/example_sensors.py took 0.070 seconds
[2024-10-19T14:40:44.033+0000] {processor.py:186} INFO - Started process (PID=2727) to work on /home/airflow/.local/lib/python3.12/site-packages/airflow/example_dags/example_sensors.py
[2024-10-19T14:40:44.034+0000] {processor.py:914} INFO - Processing file /home/airflow/.local/lib/python3.12/site-packages/airflow/example_dags/example_sensors.py for tasks to queue
[2024-10-19T14:40:44.037+0000] {logging_mixin.py:190} INFO - [2024-10-19T14:40:44.037+0000] {dagbag.py:588} INFO - Filling up the DagBag from /home/airflow/.local/lib/python3.12/site-packages/airflow/example_dags/example_sensors.py
[2024-10-19T14:40:44.049+0000] {processor.py:925} INFO - DAG(s) 'example_sensors' retrieved from /home/airflow/.local/lib/python3.12/site-packages/airflow/example_dags/example_sensors.py
[2024-10-19T14:40:44.070+0000] {logging_mixin.py:190} INFO - [2024-10-19T14:40:44.070+0000] {dag.py:3239} INFO - Sync 1 DAGs
[2024-10-19T14:40:44.084+0000] {logging_mixin.py:190} INFO - [2024-10-19T14:40:44.083+0000] {dag.py:4180} INFO - Setting next_dagrun for example_sensors to None, run_after=None
[2024-10-19T14:40:44.100+0000] {processor.py:208} INFO - Processing /home/airflow/.local/lib/python3.12/site-packages/airflow/example_dags/example_sensors.py took 0.074 seconds
[2024-10-19T14:41:14.435+0000] {processor.py:186} INFO - Started process (PID=2790) to work on /home/airflow/.local/lib/python3.12/site-packages/airflow/example_dags/example_sensors.py
[2024-10-19T14:41:14.436+0000] {processor.py:914} INFO - Processing file /home/airflow/.local/lib/python3.12/site-packages/airflow/example_dags/example_sensors.py for tasks to queue
[2024-10-19T14:41:14.438+0000] {logging_mixin.py:190} INFO - [2024-10-19T14:41:14.437+0000] {dagbag.py:588} INFO - Filling up the DagBag from /home/airflow/.local/lib/python3.12/site-packages/airflow/example_dags/example_sensors.py
[2024-10-19T14:41:14.447+0000] {processor.py:925} INFO - DAG(s) 'example_sensors' retrieved from /home/airflow/.local/lib/python3.12/site-packages/airflow/example_dags/example_sensors.py
[2024-10-19T14:41:14.469+0000] {logging_mixin.py:190} INFO - [2024-10-19T14:41:14.469+0000] {dag.py:3239} INFO - Sync 1 DAGs
[2024-10-19T14:41:14.481+0000] {logging_mixin.py:190} INFO - [2024-10-19T14:41:14.481+0000] {dag.py:4180} INFO - Setting next_dagrun for example_sensors to None, run_after=None
[2024-10-19T14:41:14.499+0000] {processor.py:208} INFO - Processing /home/airflow/.local/lib/python3.12/site-packages/airflow/example_dags/example_sensors.py took 0.069 seconds
[2024-10-19T14:41:44.599+0000] {processor.py:186} INFO - Started process (PID=2854) to work on /home/airflow/.local/lib/python3.12/site-packages/airflow/example_dags/example_sensors.py
[2024-10-19T14:41:44.600+0000] {processor.py:914} INFO - Processing file /home/airflow/.local/lib/python3.12/site-packages/airflow/example_dags/example_sensors.py for tasks to queue
[2024-10-19T14:41:44.603+0000] {logging_mixin.py:190} INFO - [2024-10-19T14:41:44.603+0000] {dagbag.py:588} INFO - Filling up the DagBag from /home/airflow/.local/lib/python3.12/site-packages/airflow/example_dags/example_sensors.py
[2024-10-19T14:41:44.612+0000] {processor.py:925} INFO - DAG(s) 'example_sensors' retrieved from /home/airflow/.local/lib/python3.12/site-packages/airflow/example_dags/example_sensors.py
[2024-10-19T14:41:44.636+0000] {logging_mixin.py:190} INFO - [2024-10-19T14:41:44.635+0000] {dag.py:3239} INFO - Sync 1 DAGs
[2024-10-19T14:41:44.651+0000] {logging_mixin.py:190} INFO - [2024-10-19T14:41:44.651+0000] {dag.py:4180} INFO - Setting next_dagrun for example_sensors to None, run_after=None
[2024-10-19T14:41:44.670+0000] {processor.py:208} INFO - Processing /home/airflow/.local/lib/python3.12/site-packages/airflow/example_dags/example_sensors.py took 0.077 seconds
[2024-10-19T14:42:16.022+0000] {processor.py:186} INFO - Started process (PID=2918) to work on /home/airflow/.local/lib/python3.12/site-packages/airflow/example_dags/example_sensors.py
[2024-10-19T14:42:16.023+0000] {processor.py:914} INFO - Processing file /home/airflow/.local/lib/python3.12/site-packages/airflow/example_dags/example_sensors.py for tasks to queue
[2024-10-19T14:42:16.025+0000] {logging_mixin.py:190} INFO - [2024-10-19T14:42:16.024+0000] {dagbag.py:588} INFO - Filling up the DagBag from /home/airflow/.local/lib/python3.12/site-packages/airflow/example_dags/example_sensors.py
[2024-10-19T14:42:16.034+0000] {processor.py:925} INFO - DAG(s) 'example_sensors' retrieved from /home/airflow/.local/lib/python3.12/site-packages/airflow/example_dags/example_sensors.py
[2024-10-19T14:42:16.058+0000] {logging_mixin.py:190} INFO - [2024-10-19T14:42:16.058+0000] {dag.py:3239} INFO - Sync 1 DAGs
[2024-10-19T14:42:16.070+0000] {logging_mixin.py:190} INFO - [2024-10-19T14:42:16.070+0000] {dag.py:4180} INFO - Setting next_dagrun for example_sensors to None, run_after=None
[2024-10-19T14:42:16.089+0000] {processor.py:208} INFO - Processing /home/airflow/.local/lib/python3.12/site-packages/airflow/example_dags/example_sensors.py took 0.072 seconds
[2024-10-19T14:42:46.698+0000] {processor.py:186} INFO - Started process (PID=2981) to work on /home/airflow/.local/lib/python3.12/site-packages/airflow/example_dags/example_sensors.py
[2024-10-19T14:42:46.699+0000] {processor.py:914} INFO - Processing file /home/airflow/.local/lib/python3.12/site-packages/airflow/example_dags/example_sensors.py for tasks to queue
[2024-10-19T14:42:46.701+0000] {logging_mixin.py:190} INFO - [2024-10-19T14:42:46.701+0000] {dagbag.py:588} INFO - Filling up the DagBag from /home/airflow/.local/lib/python3.12/site-packages/airflow/example_dags/example_sensors.py
[2024-10-19T14:42:46.710+0000] {processor.py:925} INFO - DAG(s) 'example_sensors' retrieved from /home/airflow/.local/lib/python3.12/site-packages/airflow/example_dags/example_sensors.py
[2024-10-19T14:42:46.732+0000] {logging_mixin.py:190} INFO - [2024-10-19T14:42:46.732+0000] {dag.py:3239} INFO - Sync 1 DAGs
[2024-10-19T14:42:46.745+0000] {logging_mixin.py:190} INFO - [2024-10-19T14:42:46.744+0000] {dag.py:4180} INFO - Setting next_dagrun for example_sensors to None, run_after=None
[2024-10-19T14:42:46.763+0000] {processor.py:208} INFO - Processing /home/airflow/.local/lib/python3.12/site-packages/airflow/example_dags/example_sensors.py took 0.070 seconds
[2024-10-19T14:43:17.374+0000] {processor.py:186} INFO - Started process (PID=3045) to work on /home/airflow/.local/lib/python3.12/site-packages/airflow/example_dags/example_sensors.py
[2024-10-19T14:43:17.375+0000] {processor.py:914} INFO - Processing file /home/airflow/.local/lib/python3.12/site-packages/airflow/example_dags/example_sensors.py for tasks to queue
[2024-10-19T14:43:17.377+0000] {logging_mixin.py:190} INFO - [2024-10-19T14:43:17.377+0000] {dagbag.py:588} INFO - Filling up the DagBag from /home/airflow/.local/lib/python3.12/site-packages/airflow/example_dags/example_sensors.py
[2024-10-19T14:43:17.385+0000] {processor.py:925} INFO - DAG(s) 'example_sensors' retrieved from /home/airflow/.local/lib/python3.12/site-packages/airflow/example_dags/example_sensors.py
[2024-10-19T14:43:17.407+0000] {logging_mixin.py:190} INFO - [2024-10-19T14:43:17.406+0000] {dag.py:3239} INFO - Sync 1 DAGs
[2024-10-19T14:43:17.418+0000] {logging_mixin.py:190} INFO - [2024-10-19T14:43:17.418+0000] {dag.py:4180} INFO - Setting next_dagrun for example_sensors to None, run_after=None
[2024-10-19T14:43:17.435+0000] {processor.py:208} INFO - Processing /home/airflow/.local/lib/python3.12/site-packages/airflow/example_dags/example_sensors.py took 0.065 seconds
[2024-10-19T14:43:47.860+0000] {processor.py:186} INFO - Started process (PID=3108) to work on /home/airflow/.local/lib/python3.12/site-packages/airflow/example_dags/example_sensors.py
[2024-10-19T14:43:47.861+0000] {processor.py:914} INFO - Processing file /home/airflow/.local/lib/python3.12/site-packages/airflow/example_dags/example_sensors.py for tasks to queue
[2024-10-19T14:43:47.863+0000] {logging_mixin.py:190} INFO - [2024-10-19T14:43:47.863+0000] {dagbag.py:588} INFO - Filling up the DagBag from /home/airflow/.local/lib/python3.12/site-packages/airflow/example_dags/example_sensors.py
[2024-10-19T14:43:47.872+0000] {processor.py:925} INFO - DAG(s) 'example_sensors' retrieved from /home/airflow/.local/lib/python3.12/site-packages/airflow/example_dags/example_sensors.py
[2024-10-19T14:43:47.893+0000] {logging_mixin.py:190} INFO - [2024-10-19T14:43:47.893+0000] {dag.py:3239} INFO - Sync 1 DAGs
[2024-10-19T14:43:47.904+0000] {logging_mixin.py:190} INFO - [2024-10-19T14:43:47.904+0000] {dag.py:4180} INFO - Setting next_dagrun for example_sensors to None, run_after=None
[2024-10-19T14:43:47.923+0000] {processor.py:208} INFO - Processing /home/airflow/.local/lib/python3.12/site-packages/airflow/example_dags/example_sensors.py took 0.068 seconds
[2024-10-19T14:44:18.877+0000] {processor.py:186} INFO - Started process (PID=3171) to work on /home/airflow/.local/lib/python3.12/site-packages/airflow/example_dags/example_sensors.py
[2024-10-19T14:44:18.878+0000] {processor.py:914} INFO - Processing file /home/airflow/.local/lib/python3.12/site-packages/airflow/example_dags/example_sensors.py for tasks to queue
[2024-10-19T14:44:18.880+0000] {logging_mixin.py:190} INFO - [2024-10-19T14:44:18.880+0000] {dagbag.py:588} INFO - Filling up the DagBag from /home/airflow/.local/lib/python3.12/site-packages/airflow/example_dags/example_sensors.py
[2024-10-19T14:44:18.889+0000] {processor.py:925} INFO - DAG(s) 'example_sensors' retrieved from /home/airflow/.local/lib/python3.12/site-packages/airflow/example_dags/example_sensors.py
[2024-10-19T14:44:18.913+0000] {logging_mixin.py:190} INFO - [2024-10-19T14:44:18.912+0000] {dag.py:3239} INFO - Sync 1 DAGs
[2024-10-19T14:44:18.924+0000] {logging_mixin.py:190} INFO - [2024-10-19T14:44:18.924+0000] {dag.py:4180} INFO - Setting next_dagrun for example_sensors to None, run_after=None
[2024-10-19T14:44:19.061+0000] {processor.py:208} INFO - Processing /home/airflow/.local/lib/python3.12/site-packages/airflow/example_dags/example_sensors.py took 0.189 seconds
[2024-10-19T14:44:50.171+0000] {processor.py:186} INFO - Started process (PID=3234) to work on /home/airflow/.local/lib/python3.12/site-packages/airflow/example_dags/example_sensors.py
[2024-10-19T14:44:50.172+0000] {processor.py:914} INFO - Processing file /home/airflow/.local/lib/python3.12/site-packages/airflow/example_dags/example_sensors.py for tasks to queue
[2024-10-19T14:44:50.174+0000] {logging_mixin.py:190} INFO - [2024-10-19T14:44:50.173+0000] {dagbag.py:588} INFO - Filling up the DagBag from /home/airflow/.local/lib/python3.12/site-packages/airflow/example_dags/example_sensors.py
[2024-10-19T14:44:50.182+0000] {processor.py:925} INFO - DAG(s) 'example_sensors' retrieved from /home/airflow/.local/lib/python3.12/site-packages/airflow/example_dags/example_sensors.py
[2024-10-19T14:44:50.204+0000] {logging_mixin.py:190} INFO - [2024-10-19T14:44:50.204+0000] {dag.py:3239} INFO - Sync 1 DAGs
[2024-10-19T14:44:50.215+0000] {logging_mixin.py:190} INFO - [2024-10-19T14:44:50.214+0000] {dag.py:4180} INFO - Setting next_dagrun for example_sensors to None, run_after=None
[2024-10-19T14:44:50.351+0000] {processor.py:208} INFO - Processing /home/airflow/.local/lib/python3.12/site-packages/airflow/example_dags/example_sensors.py took 0.184 seconds
[2024-10-19T14:45:20.894+0000] {processor.py:186} INFO - Started process (PID=3297) to work on /home/airflow/.local/lib/python3.12/site-packages/airflow/example_dags/example_sensors.py
[2024-10-19T14:45:20.895+0000] {processor.py:914} INFO - Processing file /home/airflow/.local/lib/python3.12/site-packages/airflow/example_dags/example_sensors.py for tasks to queue
[2024-10-19T14:45:20.897+0000] {logging_mixin.py:190} INFO - [2024-10-19T14:45:20.897+0000] {dagbag.py:588} INFO - Filling up the DagBag from /home/airflow/.local/lib/python3.12/site-packages/airflow/example_dags/example_sensors.py
[2024-10-19T14:45:20.906+0000] {processor.py:925} INFO - DAG(s) 'example_sensors' retrieved from /home/airflow/.local/lib/python3.12/site-packages/airflow/example_dags/example_sensors.py
[2024-10-19T14:45:20.927+0000] {logging_mixin.py:190} INFO - [2024-10-19T14:45:20.927+0000] {dag.py:3239} INFO - Sync 1 DAGs
[2024-10-19T14:45:20.939+0000] {logging_mixin.py:190} INFO - [2024-10-19T14:45:20.939+0000] {dag.py:4180} INFO - Setting next_dagrun for example_sensors to None, run_after=None
[2024-10-19T14:45:20.957+0000] {processor.py:208} INFO - Processing /home/airflow/.local/lib/python3.12/site-packages/airflow/example_dags/example_sensors.py took 0.067 seconds
[2024-10-19T14:45:51.529+0000] {processor.py:186} INFO - Started process (PID=3360) to work on /home/airflow/.local/lib/python3.12/site-packages/airflow/example_dags/example_sensors.py
[2024-10-19T14:45:51.530+0000] {processor.py:914} INFO - Processing file /home/airflow/.local/lib/python3.12/site-packages/airflow/example_dags/example_sensors.py for tasks to queue
[2024-10-19T14:45:51.533+0000] {logging_mixin.py:190} INFO - [2024-10-19T14:45:51.532+0000] {dagbag.py:588} INFO - Filling up the DagBag from /home/airflow/.local/lib/python3.12/site-packages/airflow/example_dags/example_sensors.py
[2024-10-19T14:45:51.541+0000] {processor.py:925} INFO - DAG(s) 'example_sensors' retrieved from /home/airflow/.local/lib/python3.12/site-packages/airflow/example_dags/example_sensors.py
[2024-10-19T14:45:51.563+0000] {logging_mixin.py:190} INFO - [2024-10-19T14:45:51.563+0000] {dag.py:3239} INFO - Sync 1 DAGs
[2024-10-19T14:45:51.574+0000] {logging_mixin.py:190} INFO - [2024-10-19T14:45:51.574+0000] {dag.py:4180} INFO - Setting next_dagrun for example_sensors to None, run_after=None
[2024-10-19T14:45:51.604+0000] {processor.py:208} INFO - Processing /home/airflow/.local/lib/python3.12/site-packages/airflow/example_dags/example_sensors.py took 0.080 seconds
[2024-10-19T14:46:21.801+0000] {processor.py:186} INFO - Started process (PID=3423) to work on /home/airflow/.local/lib/python3.12/site-packages/airflow/example_dags/example_sensors.py
[2024-10-19T14:46:21.802+0000] {processor.py:914} INFO - Processing file /home/airflow/.local/lib/python3.12/site-packages/airflow/example_dags/example_sensors.py for tasks to queue
[2024-10-19T14:46:21.804+0000] {logging_mixin.py:190} INFO - [2024-10-19T14:46:21.804+0000] {dagbag.py:588} INFO - Filling up the DagBag from /home/airflow/.local/lib/python3.12/site-packages/airflow/example_dags/example_sensors.py
[2024-10-19T14:46:21.812+0000] {processor.py:925} INFO - DAG(s) 'example_sensors' retrieved from /home/airflow/.local/lib/python3.12/site-packages/airflow/example_dags/example_sensors.py
[2024-10-19T14:46:21.834+0000] {logging_mixin.py:190} INFO - [2024-10-19T14:46:21.834+0000] {dag.py:3239} INFO - Sync 1 DAGs
[2024-10-19T14:46:21.846+0000] {logging_mixin.py:190} INFO - [2024-10-19T14:46:21.845+0000] {dag.py:4180} INFO - Setting next_dagrun for example_sensors to None, run_after=None
[2024-10-19T14:46:21.864+0000] {processor.py:208} INFO - Processing /home/airflow/.local/lib/python3.12/site-packages/airflow/example_dags/example_sensors.py took 0.068 seconds
[2024-10-19T14:46:52.355+0000] {processor.py:186} INFO - Started process (PID=3486) to work on /home/airflow/.local/lib/python3.12/site-packages/airflow/example_dags/example_sensors.py
[2024-10-19T14:46:52.356+0000] {processor.py:914} INFO - Processing file /home/airflow/.local/lib/python3.12/site-packages/airflow/example_dags/example_sensors.py for tasks to queue
[2024-10-19T14:46:52.358+0000] {logging_mixin.py:190} INFO - [2024-10-19T14:46:52.358+0000] {dagbag.py:588} INFO - Filling up the DagBag from /home/airflow/.local/lib/python3.12/site-packages/airflow/example_dags/example_sensors.py
[2024-10-19T14:46:52.366+0000] {processor.py:925} INFO - DAG(s) 'example_sensors' retrieved from /home/airflow/.local/lib/python3.12/site-packages/airflow/example_dags/example_sensors.py
[2024-10-19T14:46:52.388+0000] {logging_mixin.py:190} INFO - [2024-10-19T14:46:52.387+0000] {dag.py:3239} INFO - Sync 1 DAGs
[2024-10-19T14:46:52.398+0000] {logging_mixin.py:190} INFO - [2024-10-19T14:46:52.398+0000] {dag.py:4180} INFO - Setting next_dagrun for example_sensors to None, run_after=None
[2024-10-19T14:46:52.415+0000] {processor.py:208} INFO - Processing /home/airflow/.local/lib/python3.12/site-packages/airflow/example_dags/example_sensors.py took 0.066 seconds
[2024-10-19T14:47:22.811+0000] {processor.py:186} INFO - Started process (PID=3549) to work on /home/airflow/.local/lib/python3.12/site-packages/airflow/example_dags/example_sensors.py
[2024-10-19T14:47:22.812+0000] {processor.py:914} INFO - Processing file /home/airflow/.local/lib/python3.12/site-packages/airflow/example_dags/example_sensors.py for tasks to queue
[2024-10-19T14:47:22.815+0000] {logging_mixin.py:190} INFO - [2024-10-19T14:47:22.815+0000] {dagbag.py:588} INFO - Filling up the DagBag from /home/airflow/.local/lib/python3.12/site-packages/airflow/example_dags/example_sensors.py
[2024-10-19T14:47:22.827+0000] {processor.py:925} INFO - DAG(s) 'example_sensors' retrieved from /home/airflow/.local/lib/python3.12/site-packages/airflow/example_dags/example_sensors.py
[2024-10-19T14:47:22.853+0000] {logging_mixin.py:190} INFO - [2024-10-19T14:47:22.853+0000] {dag.py:3239} INFO - Sync 1 DAGs
[2024-10-19T14:47:22.867+0000] {logging_mixin.py:190} INFO - [2024-10-19T14:47:22.866+0000] {dag.py:4180} INFO - Setting next_dagrun for example_sensors to None, run_after=None
[2024-10-19T14:47:22.885+0000] {processor.py:208} INFO - Processing /home/airflow/.local/lib/python3.12/site-packages/airflow/example_dags/example_sensors.py took 0.080 seconds
[2024-10-19T14:47:53.339+0000] {processor.py:186} INFO - Started process (PID=3612) to work on /home/airflow/.local/lib/python3.12/site-packages/airflow/example_dags/example_sensors.py
[2024-10-19T14:47:53.340+0000] {processor.py:914} INFO - Processing file /home/airflow/.local/lib/python3.12/site-packages/airflow/example_dags/example_sensors.py for tasks to queue
[2024-10-19T14:47:53.342+0000] {logging_mixin.py:190} INFO - [2024-10-19T14:47:53.342+0000] {dagbag.py:588} INFO - Filling up the DagBag from /home/airflow/.local/lib/python3.12/site-packages/airflow/example_dags/example_sensors.py
[2024-10-19T14:47:53.350+0000] {processor.py:925} INFO - DAG(s) 'example_sensors' retrieved from /home/airflow/.local/lib/python3.12/site-packages/airflow/example_dags/example_sensors.py
[2024-10-19T14:47:53.372+0000] {logging_mixin.py:190} INFO - [2024-10-19T14:47:53.372+0000] {dag.py:3239} INFO - Sync 1 DAGs
[2024-10-19T14:47:53.383+0000] {logging_mixin.py:190} INFO - [2024-10-19T14:47:53.383+0000] {dag.py:4180} INFO - Setting next_dagrun for example_sensors to None, run_after=None
[2024-10-19T14:47:53.400+0000] {processor.py:208} INFO - Processing /home/airflow/.local/lib/python3.12/site-packages/airflow/example_dags/example_sensors.py took 0.066 seconds
[2024-10-19T14:48:23.997+0000] {processor.py:186} INFO - Started process (PID=3675) to work on /home/airflow/.local/lib/python3.12/site-packages/airflow/example_dags/example_sensors.py
[2024-10-19T14:48:23.998+0000] {processor.py:914} INFO - Processing file /home/airflow/.local/lib/python3.12/site-packages/airflow/example_dags/example_sensors.py for tasks to queue
[2024-10-19T14:48:24.000+0000] {logging_mixin.py:190} INFO - [2024-10-19T14:48:24.000+0000] {dagbag.py:588} INFO - Filling up the DagBag from /home/airflow/.local/lib/python3.12/site-packages/airflow/example_dags/example_sensors.py
[2024-10-19T14:48:24.009+0000] {processor.py:925} INFO - DAG(s) 'example_sensors' retrieved from /home/airflow/.local/lib/python3.12/site-packages/airflow/example_dags/example_sensors.py
[2024-10-19T14:48:24.034+0000] {logging_mixin.py:190} INFO - [2024-10-19T14:48:24.034+0000] {dag.py:3239} INFO - Sync 1 DAGs
[2024-10-19T14:48:24.046+0000] {logging_mixin.py:190} INFO - [2024-10-19T14:48:24.045+0000] {dag.py:4180} INFO - Setting next_dagrun for example_sensors to None, run_after=None
[2024-10-19T14:48:24.064+0000] {processor.py:208} INFO - Processing /home/airflow/.local/lib/python3.12/site-packages/airflow/example_dags/example_sensors.py took 0.070 seconds
[2024-10-19T14:48:54.614+0000] {processor.py:186} INFO - Started process (PID=3738) to work on /home/airflow/.local/lib/python3.12/site-packages/airflow/example_dags/example_sensors.py
[2024-10-19T14:48:54.615+0000] {processor.py:914} INFO - Processing file /home/airflow/.local/lib/python3.12/site-packages/airflow/example_dags/example_sensors.py for tasks to queue
[2024-10-19T14:48:54.617+0000] {logging_mixin.py:190} INFO - [2024-10-19T14:48:54.617+0000] {dagbag.py:588} INFO - Filling up the DagBag from /home/airflow/.local/lib/python3.12/site-packages/airflow/example_dags/example_sensors.py
[2024-10-19T14:48:54.625+0000] {processor.py:925} INFO - DAG(s) 'example_sensors' retrieved from /home/airflow/.local/lib/python3.12/site-packages/airflow/example_dags/example_sensors.py
[2024-10-19T14:48:54.648+0000] {logging_mixin.py:190} INFO - [2024-10-19T14:48:54.648+0000] {dag.py:3239} INFO - Sync 1 DAGs
[2024-10-19T14:48:54.658+0000] {logging_mixin.py:190} INFO - [2024-10-19T14:48:54.658+0000] {dag.py:4180} INFO - Setting next_dagrun for example_sensors to None, run_after=None
[2024-10-19T14:48:54.676+0000] {processor.py:208} INFO - Processing /home/airflow/.local/lib/python3.12/site-packages/airflow/example_dags/example_sensors.py took 0.066 seconds
[2024-10-19T14:49:25.195+0000] {processor.py:186} INFO - Started process (PID=3801) to work on /home/airflow/.local/lib/python3.12/site-packages/airflow/example_dags/example_sensors.py
[2024-10-19T14:49:25.196+0000] {processor.py:914} INFO - Processing file /home/airflow/.local/lib/python3.12/site-packages/airflow/example_dags/example_sensors.py for tasks to queue
[2024-10-19T14:49:25.199+0000] {logging_mixin.py:190} INFO - [2024-10-19T14:49:25.199+0000] {dagbag.py:588} INFO - Filling up the DagBag from /home/airflow/.local/lib/python3.12/site-packages/airflow/example_dags/example_sensors.py
[2024-10-19T14:49:25.209+0000] {processor.py:925} INFO - DAG(s) 'example_sensors' retrieved from /home/airflow/.local/lib/python3.12/site-packages/airflow/example_dags/example_sensors.py
[2024-10-19T14:49:25.233+0000] {logging_mixin.py:190} INFO - [2024-10-19T14:49:25.233+0000] {dag.py:3239} INFO - Sync 1 DAGs
[2024-10-19T14:49:25.245+0000] {logging_mixin.py:190} INFO - [2024-10-19T14:49:25.244+0000] {dag.py:4180} INFO - Setting next_dagrun for example_sensors to None, run_after=None
[2024-10-19T14:49:25.260+0000] {processor.py:208} INFO - Processing /home/airflow/.local/lib/python3.12/site-packages/airflow/example_dags/example_sensors.py took 0.070 seconds
[2024-10-19T14:49:55.963+0000] {processor.py:186} INFO - Started process (PID=3864) to work on /home/airflow/.local/lib/python3.12/site-packages/airflow/example_dags/example_sensors.py
[2024-10-19T14:49:55.964+0000] {processor.py:914} INFO - Processing file /home/airflow/.local/lib/python3.12/site-packages/airflow/example_dags/example_sensors.py for tasks to queue
[2024-10-19T14:49:55.966+0000] {logging_mixin.py:190} INFO - [2024-10-19T14:49:55.966+0000] {dagbag.py:588} INFO - Filling up the DagBag from /home/airflow/.local/lib/python3.12/site-packages/airflow/example_dags/example_sensors.py
[2024-10-19T14:49:55.974+0000] {processor.py:925} INFO - DAG(s) 'example_sensors' retrieved from /home/airflow/.local/lib/python3.12/site-packages/airflow/example_dags/example_sensors.py
[2024-10-19T14:49:56.001+0000] {logging_mixin.py:190} INFO - [2024-10-19T14:49:56.001+0000] {dag.py:3239} INFO - Sync 1 DAGs
[2024-10-19T14:49:56.013+0000] {logging_mixin.py:190} INFO - [2024-10-19T14:49:56.013+0000] {dag.py:4180} INFO - Setting next_dagrun for example_sensors to None, run_after=None
[2024-10-19T14:49:56.049+0000] {processor.py:208} INFO - Processing /home/airflow/.local/lib/python3.12/site-packages/airflow/example_dags/example_sensors.py took 0.091 seconds
[2024-10-19T14:50:26.809+0000] {processor.py:186} INFO - Started process (PID=3927) to work on /home/airflow/.local/lib/python3.12/site-packages/airflow/example_dags/example_sensors.py
[2024-10-19T14:50:26.810+0000] {processor.py:914} INFO - Processing file /home/airflow/.local/lib/python3.12/site-packages/airflow/example_dags/example_sensors.py for tasks to queue
[2024-10-19T14:50:26.812+0000] {logging_mixin.py:190} INFO - [2024-10-19T14:50:26.812+0000] {dagbag.py:588} INFO - Filling up the DagBag from /home/airflow/.local/lib/python3.12/site-packages/airflow/example_dags/example_sensors.py
[2024-10-19T14:50:26.820+0000] {processor.py:925} INFO - DAG(s) 'example_sensors' retrieved from /home/airflow/.local/lib/python3.12/site-packages/airflow/example_dags/example_sensors.py
[2024-10-19T14:50:26.842+0000] {logging_mixin.py:190} INFO - [2024-10-19T14:50:26.842+0000] {dag.py:3239} INFO - Sync 1 DAGs
[2024-10-19T14:50:26.852+0000] {logging_mixin.py:190} INFO - [2024-10-19T14:50:26.852+0000] {dag.py:4180} INFO - Setting next_dagrun for example_sensors to None, run_after=None
[2024-10-19T14:50:26.870+0000] {processor.py:208} INFO - Processing /home/airflow/.local/lib/python3.12/site-packages/airflow/example_dags/example_sensors.py took 0.065 seconds
[2024-10-19T14:50:57.301+0000] {processor.py:186} INFO - Started process (PID=3990) to work on /home/airflow/.local/lib/python3.12/site-packages/airflow/example_dags/example_sensors.py
[2024-10-19T14:50:57.302+0000] {processor.py:914} INFO - Processing file /home/airflow/.local/lib/python3.12/site-packages/airflow/example_dags/example_sensors.py for tasks to queue
[2024-10-19T14:50:57.305+0000] {logging_mixin.py:190} INFO - [2024-10-19T14:50:57.304+0000] {dagbag.py:588} INFO - Filling up the DagBag from /home/airflow/.local/lib/python3.12/site-packages/airflow/example_dags/example_sensors.py
[2024-10-19T14:50:57.313+0000] {processor.py:925} INFO - DAG(s) 'example_sensors' retrieved from /home/airflow/.local/lib/python3.12/site-packages/airflow/example_dags/example_sensors.py
[2024-10-19T14:50:57.335+0000] {logging_mixin.py:190} INFO - [2024-10-19T14:50:57.334+0000] {dag.py:3239} INFO - Sync 1 DAGs
[2024-10-19T14:50:57.345+0000] {logging_mixin.py:190} INFO - [2024-10-19T14:50:57.345+0000] {dag.py:4180} INFO - Setting next_dagrun for example_sensors to None, run_after=None
[2024-10-19T14:50:57.362+0000] {processor.py:208} INFO - Processing /home/airflow/.local/lib/python3.12/site-packages/airflow/example_dags/example_sensors.py took 0.065 seconds
[2024-10-19T14:51:27.997+0000] {processor.py:186} INFO - Started process (PID=4053) to work on /home/airflow/.local/lib/python3.12/site-packages/airflow/example_dags/example_sensors.py
[2024-10-19T14:51:27.998+0000] {processor.py:914} INFO - Processing file /home/airflow/.local/lib/python3.12/site-packages/airflow/example_dags/example_sensors.py for tasks to queue
[2024-10-19T14:51:28.001+0000] {logging_mixin.py:190} INFO - [2024-10-19T14:51:28.001+0000] {dagbag.py:588} INFO - Filling up the DagBag from /home/airflow/.local/lib/python3.12/site-packages/airflow/example_dags/example_sensors.py
[2024-10-19T14:51:28.010+0000] {processor.py:925} INFO - DAG(s) 'example_sensors' retrieved from /home/airflow/.local/lib/python3.12/site-packages/airflow/example_dags/example_sensors.py
[2024-10-19T14:51:28.031+0000] {logging_mixin.py:190} INFO - [2024-10-19T14:51:28.031+0000] {dag.py:3239} INFO - Sync 1 DAGs
[2024-10-19T14:51:28.044+0000] {logging_mixin.py:190} INFO - [2024-10-19T14:51:28.043+0000] {dag.py:4180} INFO - Setting next_dagrun for example_sensors to None, run_after=None
[2024-10-19T14:51:28.063+0000] {processor.py:208} INFO - Processing /home/airflow/.local/lib/python3.12/site-packages/airflow/example_dags/example_sensors.py took 0.071 seconds
[2024-10-19T14:51:58.614+0000] {processor.py:186} INFO - Started process (PID=4116) to work on /home/airflow/.local/lib/python3.12/site-packages/airflow/example_dags/example_sensors.py
[2024-10-19T14:51:58.615+0000] {processor.py:914} INFO - Processing file /home/airflow/.local/lib/python3.12/site-packages/airflow/example_dags/example_sensors.py for tasks to queue
[2024-10-19T14:51:58.617+0000] {logging_mixin.py:190} INFO - [2024-10-19T14:51:58.617+0000] {dagbag.py:588} INFO - Filling up the DagBag from /home/airflow/.local/lib/python3.12/site-packages/airflow/example_dags/example_sensors.py
[2024-10-19T14:51:58.626+0000] {processor.py:925} INFO - DAG(s) 'example_sensors' retrieved from /home/airflow/.local/lib/python3.12/site-packages/airflow/example_dags/example_sensors.py
[2024-10-19T14:51:58.650+0000] {logging_mixin.py:190} INFO - [2024-10-19T14:51:58.650+0000] {dag.py:3239} INFO - Sync 1 DAGs
[2024-10-19T14:51:58.663+0000] {logging_mixin.py:190} INFO - [2024-10-19T14:51:58.662+0000] {dag.py:4180} INFO - Setting next_dagrun for example_sensors to None, run_after=None
[2024-10-19T14:51:58.683+0000] {processor.py:208} INFO - Processing /home/airflow/.local/lib/python3.12/site-packages/airflow/example_dags/example_sensors.py took 0.075 seconds
[2024-10-19T14:52:29.139+0000] {processor.py:186} INFO - Started process (PID=4179) to work on /home/airflow/.local/lib/python3.12/site-packages/airflow/example_dags/example_sensors.py
[2024-10-19T14:52:29.140+0000] {processor.py:914} INFO - Processing file /home/airflow/.local/lib/python3.12/site-packages/airflow/example_dags/example_sensors.py for tasks to queue
[2024-10-19T14:52:29.142+0000] {logging_mixin.py:190} INFO - [2024-10-19T14:52:29.141+0000] {dagbag.py:588} INFO - Filling up the DagBag from /home/airflow/.local/lib/python3.12/site-packages/airflow/example_dags/example_sensors.py
[2024-10-19T14:52:29.150+0000] {processor.py:925} INFO - DAG(s) 'example_sensors' retrieved from /home/airflow/.local/lib/python3.12/site-packages/airflow/example_dags/example_sensors.py
[2024-10-19T14:52:29.171+0000] {logging_mixin.py:190} INFO - [2024-10-19T14:52:29.171+0000] {dag.py:3239} INFO - Sync 1 DAGs
[2024-10-19T14:52:29.182+0000] {logging_mixin.py:190} INFO - [2024-10-19T14:52:29.181+0000] {dag.py:4180} INFO - Setting next_dagrun for example_sensors to None, run_after=None
[2024-10-19T14:52:29.199+0000] {processor.py:208} INFO - Processing /home/airflow/.local/lib/python3.12/site-packages/airflow/example_dags/example_sensors.py took 0.065 seconds
[2024-10-19T14:52:59.650+0000] {processor.py:186} INFO - Started process (PID=4242) to work on /home/airflow/.local/lib/python3.12/site-packages/airflow/example_dags/example_sensors.py
[2024-10-19T14:52:59.651+0000] {processor.py:914} INFO - Processing file /home/airflow/.local/lib/python3.12/site-packages/airflow/example_dags/example_sensors.py for tasks to queue
[2024-10-19T14:52:59.653+0000] {logging_mixin.py:190} INFO - [2024-10-19T14:52:59.653+0000] {dagbag.py:588} INFO - Filling up the DagBag from /home/airflow/.local/lib/python3.12/site-packages/airflow/example_dags/example_sensors.py
[2024-10-19T14:52:59.661+0000] {processor.py:925} INFO - DAG(s) 'example_sensors' retrieved from /home/airflow/.local/lib/python3.12/site-packages/airflow/example_dags/example_sensors.py
[2024-10-19T14:52:59.684+0000] {logging_mixin.py:190} INFO - [2024-10-19T14:52:59.684+0000] {dag.py:3239} INFO - Sync 1 DAGs
[2024-10-19T14:52:59.696+0000] {logging_mixin.py:190} INFO - [2024-10-19T14:52:59.696+0000] {dag.py:4180} INFO - Setting next_dagrun for example_sensors to None, run_after=None
[2024-10-19T14:52:59.714+0000] {processor.py:208} INFO - Processing /home/airflow/.local/lib/python3.12/site-packages/airflow/example_dags/example_sensors.py took 0.068 seconds
[2024-10-19T14:53:30.159+0000] {processor.py:186} INFO - Started process (PID=4305) to work on /home/airflow/.local/lib/python3.12/site-packages/airflow/example_dags/example_sensors.py
[2024-10-19T14:53:30.160+0000] {processor.py:914} INFO - Processing file /home/airflow/.local/lib/python3.12/site-packages/airflow/example_dags/example_sensors.py for tasks to queue
[2024-10-19T14:53:30.162+0000] {logging_mixin.py:190} INFO - [2024-10-19T14:53:30.162+0000] {dagbag.py:588} INFO - Filling up the DagBag from /home/airflow/.local/lib/python3.12/site-packages/airflow/example_dags/example_sensors.py
[2024-10-19T14:53:30.170+0000] {processor.py:925} INFO - DAG(s) 'example_sensors' retrieved from /home/airflow/.local/lib/python3.12/site-packages/airflow/example_dags/example_sensors.py
[2024-10-19T14:53:30.193+0000] {logging_mixin.py:190} INFO - [2024-10-19T14:53:30.193+0000] {dag.py:3239} INFO - Sync 1 DAGs
[2024-10-19T14:53:30.204+0000] {logging_mixin.py:190} INFO - [2024-10-19T14:53:30.204+0000] {dag.py:4180} INFO - Setting next_dagrun for example_sensors to None, run_after=None
[2024-10-19T14:53:30.222+0000] {processor.py:208} INFO - Processing /home/airflow/.local/lib/python3.12/site-packages/airflow/example_dags/example_sensors.py took 0.068 seconds
[2024-10-19T14:54:00.645+0000] {processor.py:186} INFO - Started process (PID=4368) to work on /home/airflow/.local/lib/python3.12/site-packages/airflow/example_dags/example_sensors.py
[2024-10-19T14:54:00.646+0000] {processor.py:914} INFO - Processing file /home/airflow/.local/lib/python3.12/site-packages/airflow/example_dags/example_sensors.py for tasks to queue
[2024-10-19T14:54:00.649+0000] {logging_mixin.py:190} INFO - [2024-10-19T14:54:00.648+0000] {dagbag.py:588} INFO - Filling up the DagBag from /home/airflow/.local/lib/python3.12/site-packages/airflow/example_dags/example_sensors.py
[2024-10-19T14:54:00.658+0000] {processor.py:925} INFO - DAG(s) 'example_sensors' retrieved from /home/airflow/.local/lib/python3.12/site-packages/airflow/example_dags/example_sensors.py
[2024-10-19T14:54:00.682+0000] {logging_mixin.py:190} INFO - [2024-10-19T14:54:00.682+0000] {dag.py:3239} INFO - Sync 1 DAGs
[2024-10-19T14:54:00.696+0000] {logging_mixin.py:190} INFO - [2024-10-19T14:54:00.696+0000] {dag.py:4180} INFO - Setting next_dagrun for example_sensors to None, run_after=None
[2024-10-19T14:54:00.715+0000] {processor.py:208} INFO - Processing /home/airflow/.local/lib/python3.12/site-packages/airflow/example_dags/example_sensors.py took 0.074 seconds
[2024-10-19T14:54:31.305+0000] {processor.py:186} INFO - Started process (PID=4431) to work on /home/airflow/.local/lib/python3.12/site-packages/airflow/example_dags/example_sensors.py
[2024-10-19T14:54:31.306+0000] {processor.py:914} INFO - Processing file /home/airflow/.local/lib/python3.12/site-packages/airflow/example_dags/example_sensors.py for tasks to queue
[2024-10-19T14:54:31.309+0000] {logging_mixin.py:190} INFO - [2024-10-19T14:54:31.309+0000] {dagbag.py:588} INFO - Filling up the DagBag from /home/airflow/.local/lib/python3.12/site-packages/airflow/example_dags/example_sensors.py
[2024-10-19T14:54:31.323+0000] {processor.py:925} INFO - DAG(s) 'example_sensors' retrieved from /home/airflow/.local/lib/python3.12/site-packages/airflow/example_dags/example_sensors.py
[2024-10-19T14:54:31.353+0000] {logging_mixin.py:190} INFO - [2024-10-19T14:54:31.353+0000] {dag.py:3239} INFO - Sync 1 DAGs
[2024-10-19T14:54:31.365+0000] {logging_mixin.py:190} INFO - [2024-10-19T14:54:31.365+0000] {dag.py:4180} INFO - Setting next_dagrun for example_sensors to None, run_after=None
[2024-10-19T14:54:31.382+0000] {processor.py:208} INFO - Processing /home/airflow/.local/lib/python3.12/site-packages/airflow/example_dags/example_sensors.py took 0.090 seconds
[2024-10-19T14:55:02.103+0000] {processor.py:186} INFO - Started process (PID=4494) to work on /home/airflow/.local/lib/python3.12/site-packages/airflow/example_dags/example_sensors.py
[2024-10-19T14:55:02.104+0000] {processor.py:914} INFO - Processing file /home/airflow/.local/lib/python3.12/site-packages/airflow/example_dags/example_sensors.py for tasks to queue
[2024-10-19T14:55:02.106+0000] {logging_mixin.py:190} INFO - [2024-10-19T14:55:02.106+0000] {dagbag.py:588} INFO - Filling up the DagBag from /home/airflow/.local/lib/python3.12/site-packages/airflow/example_dags/example_sensors.py
[2024-10-19T14:55:02.116+0000] {processor.py:925} INFO - DAG(s) 'example_sensors' retrieved from /home/airflow/.local/lib/python3.12/site-packages/airflow/example_dags/example_sensors.py
[2024-10-19T14:55:02.138+0000] {logging_mixin.py:190} INFO - [2024-10-19T14:55:02.138+0000] {dag.py:3239} INFO - Sync 1 DAGs
[2024-10-19T14:55:02.149+0000] {logging_mixin.py:190} INFO - [2024-10-19T14:55:02.149+0000] {dag.py:4180} INFO - Setting next_dagrun for example_sensors to None, run_after=None
[2024-10-19T14:55:02.167+0000] {processor.py:208} INFO - Processing /home/airflow/.local/lib/python3.12/site-packages/airflow/example_dags/example_sensors.py took 0.070 seconds
[2024-10-19T14:55:32.649+0000] {processor.py:186} INFO - Started process (PID=4557) to work on /home/airflow/.local/lib/python3.12/site-packages/airflow/example_dags/example_sensors.py
[2024-10-19T14:55:32.650+0000] {processor.py:914} INFO - Processing file /home/airflow/.local/lib/python3.12/site-packages/airflow/example_dags/example_sensors.py for tasks to queue
[2024-10-19T14:55:32.652+0000] {logging_mixin.py:190} INFO - [2024-10-19T14:55:32.652+0000] {dagbag.py:588} INFO - Filling up the DagBag from /home/airflow/.local/lib/python3.12/site-packages/airflow/example_dags/example_sensors.py
[2024-10-19T14:55:32.663+0000] {processor.py:925} INFO - DAG(s) 'example_sensors' retrieved from /home/airflow/.local/lib/python3.12/site-packages/airflow/example_dags/example_sensors.py
[2024-10-19T14:55:32.688+0000] {logging_mixin.py:190} INFO - [2024-10-19T14:55:32.688+0000] {dag.py:3239} INFO - Sync 1 DAGs
[2024-10-19T14:55:32.700+0000] {logging_mixin.py:190} INFO - [2024-10-19T14:55:32.700+0000] {dag.py:4180} INFO - Setting next_dagrun for example_sensors to None, run_after=None
[2024-10-19T14:55:32.719+0000] {processor.py:208} INFO - Processing /home/airflow/.local/lib/python3.12/site-packages/airflow/example_dags/example_sensors.py took 0.075 seconds
[2024-10-19T14:56:07.316+0000] {processor.py:186} INFO - Started process (PID=4621) to work on /home/airflow/.local/lib/python3.12/site-packages/airflow/example_dags/example_sensors.py
[2024-10-19T14:56:07.318+0000] {processor.py:914} INFO - Processing file /home/airflow/.local/lib/python3.12/site-packages/airflow/example_dags/example_sensors.py for tasks to queue
[2024-10-19T14:56:07.321+0000] {logging_mixin.py:190} INFO - [2024-10-19T14:56:07.321+0000] {dagbag.py:588} INFO - Filling up the DagBag from /home/airflow/.local/lib/python3.12/site-packages/airflow/example_dags/example_sensors.py
[2024-10-19T14:56:07.337+0000] {processor.py:925} INFO - DAG(s) 'example_sensors' retrieved from /home/airflow/.local/lib/python3.12/site-packages/airflow/example_dags/example_sensors.py
[2024-10-19T14:56:07.404+0000] {logging_mixin.py:190} INFO - [2024-10-19T14:56:07.403+0000] {dag.py:3239} INFO - Sync 1 DAGs
[2024-10-19T14:56:07.431+0000] {logging_mixin.py:190} INFO - [2024-10-19T14:56:07.430+0000] {dag.py:4180} INFO - Setting next_dagrun for example_sensors to None, run_after=None
[2024-10-19T14:56:07.460+0000] {processor.py:208} INFO - Processing /home/airflow/.local/lib/python3.12/site-packages/airflow/example_dags/example_sensors.py took 0.155 seconds
[2024-10-19T15:06:29.694+0000] {processor.py:186} INFO - Started process (PID=4678) to work on /home/airflow/.local/lib/python3.12/site-packages/airflow/example_dags/example_sensors.py
[2024-10-19T15:06:29.696+0000] {processor.py:914} INFO - Processing file /home/airflow/.local/lib/python3.12/site-packages/airflow/example_dags/example_sensors.py for tasks to queue
[2024-10-19T15:06:29.699+0000] {logging_mixin.py:190} INFO - [2024-10-19T15:06:29.699+0000] {dagbag.py:588} INFO - Filling up the DagBag from /home/airflow/.local/lib/python3.12/site-packages/airflow/example_dags/example_sensors.py
[2024-10-19T15:06:29.743+0000] {processor.py:925} INFO - DAG(s) 'example_sensors' retrieved from /home/airflow/.local/lib/python3.12/site-packages/airflow/example_dags/example_sensors.py
[2024-10-19T15:06:29.833+0000] {logging_mixin.py:190} INFO - [2024-10-19T15:06:29.832+0000] {dag.py:3239} INFO - Sync 1 DAGs
[2024-10-19T15:06:29.862+0000] {logging_mixin.py:190} INFO - [2024-10-19T15:06:29.861+0000] {dag.py:4180} INFO - Setting next_dagrun for example_sensors to None, run_after=None
[2024-10-19T15:06:29.893+0000] {processor.py:208} INFO - Processing /home/airflow/.local/lib/python3.12/site-packages/airflow/example_dags/example_sensors.py took 0.212 seconds
