[2024-10-21T17:19:31.537+0000] {local_task_job_runner.py:123} INFO - ::group::Pre task execution logs
[2024-10-21T17:19:31.591+0000] {taskinstance.py:2612} INFO - Dependencies all met for dep_context=non-requeueable deps ti=<TaskInstance: DAG_filha.wait_principal scheduled__2024-10-21T03:07:00+00:00 [queued]>
[2024-10-21T17:19:31.615+0000] {taskinstance.py:2612} INFO - Dependencies all met for dep_context=requeueable deps ti=<TaskInstance: DAG_filha.wait_principal scheduled__2024-10-21T03:07:00+00:00 [queued]>
[2024-10-21T17:19:31.628+0000] {taskinstance.py:2865} INFO - Starting attempt 1 of 1
[2024-10-21T17:19:31.681+0000] {taskinstance.py:2888} INFO - Executing <Task(ExternalTaskSensor): wait_principal> on 2024-10-21 03:07:00+00:00
[2024-10-21T17:19:31.721+0000] {warnings.py:112} WARNING - /home/***/.local/lib/python3.12/site-packages/***/task/task_runner/standard_task_runner.py:70: DeprecationWarning: This process (pid=610) is multi-threaded, use of fork() may lead to deadlocks in the child.
  pid = os.fork()

[2024-10-21T17:19:31.722+0000] {standard_task_runner.py:72} INFO - Started process 649 to run task
[2024-10-21T17:19:31.724+0000] {standard_task_runner.py:104} INFO - Running: ['***', 'tasks', 'run', 'DAG_filha', 'wait_principal', 'scheduled__2024-10-21T03:07:00+00:00', '--job-id', '121', '--raw', '--subdir', 'DAGS_FOLDER/lesson_3_dag_filha.py', '--cfg-path', '/tmp/tmp7wla79fe']
[2024-10-21T17:19:31.736+0000] {standard_task_runner.py:105} INFO - Job 121: Subtask wait_principal
[2024-10-21T17:19:31.928+0000] {task_command.py:467} INFO - Running <TaskInstance: DAG_filha.wait_principal scheduled__2024-10-21T03:07:00+00:00 [running]> on host 1da8eee663cb
[2024-10-21T17:19:32.106+0000] {taskinstance.py:3131} INFO - Exporting env vars: AIRFLOW_CTX_DAG_OWNER='***' AIRFLOW_CTX_DAG_ID='DAG_filha' AIRFLOW_CTX_TASK_ID='wait_principal' AIRFLOW_CTX_EXECUTION_DATE='2024-10-21T03:07:00+00:00' AIRFLOW_CTX_TRY_NUMBER='1' AIRFLOW_CTX_DAG_RUN_ID='scheduled__2024-10-21T03:07:00+00:00'
[2024-10-21T17:19:32.111+0000] {logging_mixin.py:190} INFO - Task instance is in running state
[2024-10-21T17:19:32.120+0000] {logging_mixin.py:190} INFO -  Previous state of the Task instance: queued
[2024-10-21T17:19:32.121+0000] {logging_mixin.py:190} INFO - Current task name:wait_principal state:running start_date:2024-10-21 17:19:31.592717+00:00
[2024-10-21T17:19:32.121+0000] {logging_mixin.py:190} INFO - Dag name:DAG_filha and current dag run status:running
[2024-10-21T17:19:32.122+0000] {taskinstance.py:731} INFO - ::endgroup::
[2024-10-21T17:19:32.123+0000] {baseoperator.py:405} WARNING - ExternalTaskSensor.execute cannot be called outside TaskInstance!
[2024-10-21T17:19:32.139+0000] {external_task.py:274} INFO - Poking for DAG 'python_principal' on 2024-10-21T02:07:00+00:00 ... 
[2024-10-21T17:19:32.143+0000] {warnings.py:112} WARNING - /home/***/.local/lib/python3.12/site-packages/***/utils/session.py:97: DeprecationWarning: This method is deprecated and will be removed in future.
  return func(*args, session=session, **kwargs)

[2024-10-21T17:19:32.250+0000] {taskinstance.py:309} INFO - Rescheduling task, marking task as UP_FOR_RESCHEDULE
[2024-10-21T17:19:32.254+0000] {taskinstance.py:340} INFO - ::group::Post task execution logs
[2024-10-21T17:19:32.308+0000] {local_task_job_runner.py:266} INFO - Task exited with return code 0
[2024-10-21T17:19:32.344+0000] {local_task_job_runner.py:245} INFO - ::endgroup::
[2024-10-21T17:20:04.609+0000] {local_task_job_runner.py:123} INFO - ::group::Pre task execution logs
[2024-10-21T17:20:04.656+0000] {taskinstance.py:2612} INFO - Dependencies all met for dep_context=non-requeueable deps ti=<TaskInstance: DAG_filha.wait_principal scheduled__2024-10-21T03:07:00+00:00 [queued]>
[2024-10-21T17:20:04.668+0000] {taskinstance.py:2612} INFO - Dependencies all met for dep_context=requeueable deps ti=<TaskInstance: DAG_filha.wait_principal scheduled__2024-10-21T03:07:00+00:00 [queued]>
[2024-10-21T17:20:04.669+0000] {taskinstance.py:2865} INFO - Starting attempt 1 of 1
[2024-10-21T17:20:04.705+0000] {taskinstance.py:2888} INFO - Executing <Task(ExternalTaskSensor): wait_principal> on 2024-10-21 03:07:00+00:00
[2024-10-21T17:20:04.719+0000] {warnings.py:112} WARNING - /home/***/.local/lib/python3.12/site-packages/***/task/task_runner/standard_task_runner.py:70: DeprecationWarning: This process (pid=846) is multi-threaded, use of fork() may lead to deadlocks in the child.
  pid = os.fork()

[2024-10-21T17:20:04.725+0000] {standard_task_runner.py:72} INFO - Started process 871 to run task
[2024-10-21T17:20:04.724+0000] {standard_task_runner.py:104} INFO - Running: ['***', 'tasks', 'run', 'DAG_filha', 'wait_principal', 'scheduled__2024-10-21T03:07:00+00:00', '--job-id', '175', '--raw', '--subdir', 'DAGS_FOLDER/lesson_3_dag_filha.py', '--cfg-path', '/tmp/tmpr6_v0g_4']
[2024-10-21T17:20:04.729+0000] {standard_task_runner.py:105} INFO - Job 175: Subtask wait_principal
[2024-10-21T17:20:04.887+0000] {task_command.py:467} INFO - Running <TaskInstance: DAG_filha.wait_principal scheduled__2024-10-21T03:07:00+00:00 [running]> on host 1da8eee663cb
[2024-10-21T17:20:05.121+0000] {taskinstance.py:3131} INFO - Exporting env vars: AIRFLOW_CTX_DAG_OWNER='***' AIRFLOW_CTX_DAG_ID='DAG_filha' AIRFLOW_CTX_TASK_ID='wait_principal' AIRFLOW_CTX_EXECUTION_DATE='2024-10-21T03:07:00+00:00' AIRFLOW_CTX_TRY_NUMBER='1' AIRFLOW_CTX_DAG_RUN_ID='scheduled__2024-10-21T03:07:00+00:00'
[2024-10-21T17:20:05.123+0000] {logging_mixin.py:190} INFO - Task instance is in running state
[2024-10-21T17:20:05.124+0000] {logging_mixin.py:190} INFO -  Previous state of the Task instance: queued
[2024-10-21T17:20:05.125+0000] {logging_mixin.py:190} INFO - Current task name:wait_principal state:running start_date:2024-10-21 17:20:04.658950+00:00
[2024-10-21T17:20:05.129+0000] {logging_mixin.py:190} INFO - Dag name:DAG_filha and current dag run status:running
[2024-10-21T17:20:05.131+0000] {taskinstance.py:731} INFO - ::endgroup::
[2024-10-21T17:20:05.138+0000] {baseoperator.py:405} WARNING - ExternalTaskSensor.execute cannot be called outside TaskInstance!
[2024-10-21T17:20:05.164+0000] {external_task.py:274} INFO - Poking for DAG 'python_principal' on 2024-10-21T02:07:00+00:00 ... 
[2024-10-21T17:20:05.168+0000] {warnings.py:112} WARNING - /home/***/.local/lib/python3.12/site-packages/***/utils/session.py:97: DeprecationWarning: This method is deprecated and will be removed in future.
  return func(*args, session=session, **kwargs)

[2024-10-21T17:20:05.240+0000] {taskinstance.py:309} INFO - Rescheduling task, marking task as UP_FOR_RESCHEDULE
[2024-10-21T17:20:05.245+0000] {taskinstance.py:340} INFO - ::group::Post task execution logs
[2024-10-21T17:20:05.273+0000] {local_task_job_runner.py:266} INFO - Task exited with return code 0
[2024-10-21T17:20:05.340+0000] {taskinstance.py:3900} INFO - 0 downstream tasks scheduled from follow-on schedule check
[2024-10-21T17:20:05.383+0000] {local_task_job_runner.py:245} INFO - ::endgroup::
[2024-10-21T17:20:36.978+0000] {local_task_job_runner.py:123} INFO - ::group::Pre task execution logs
[2024-10-21T17:20:36.996+0000] {taskinstance.py:2612} INFO - Dependencies all met for dep_context=non-requeueable deps ti=<TaskInstance: DAG_filha.wait_principal scheduled__2024-10-21T03:07:00+00:00 [queued]>
[2024-10-21T17:20:37.006+0000] {taskinstance.py:2612} INFO - Dependencies all met for dep_context=requeueable deps ti=<TaskInstance: DAG_filha.wait_principal scheduled__2024-10-21T03:07:00+00:00 [queued]>
[2024-10-21T17:20:37.006+0000] {taskinstance.py:2865} INFO - Starting attempt 1 of 1
[2024-10-21T17:20:37.023+0000] {taskinstance.py:2888} INFO - Executing <Task(ExternalTaskSensor): wait_principal> on 2024-10-21 03:07:00+00:00
[2024-10-21T17:20:37.031+0000] {warnings.py:112} WARNING - /home/***/.local/lib/python3.12/site-packages/***/task/task_runner/standard_task_runner.py:70: DeprecationWarning: This process (pid=1019) is multi-threaded, use of fork() may lead to deadlocks in the child.
  pid = os.fork()

[2024-10-21T17:20:37.033+0000] {standard_task_runner.py:72} INFO - Started process 1031 to run task
[2024-10-21T17:20:37.034+0000] {standard_task_runner.py:104} INFO - Running: ['***', 'tasks', 'run', 'DAG_filha', 'wait_principal', 'scheduled__2024-10-21T03:07:00+00:00', '--job-id', '215', '--raw', '--subdir', 'DAGS_FOLDER/lesson_3_dag_filha.py', '--cfg-path', '/tmp/tmp14b32fav']
[2024-10-21T17:20:37.036+0000] {standard_task_runner.py:105} INFO - Job 215: Subtask wait_principal
[2024-10-21T17:20:37.096+0000] {task_command.py:467} INFO - Running <TaskInstance: DAG_filha.wait_principal scheduled__2024-10-21T03:07:00+00:00 [running]> on host 1da8eee663cb
[2024-10-21T17:20:37.179+0000] {taskinstance.py:3131} INFO - Exporting env vars: AIRFLOW_CTX_DAG_OWNER='***' AIRFLOW_CTX_DAG_ID='DAG_filha' AIRFLOW_CTX_TASK_ID='wait_principal' AIRFLOW_CTX_EXECUTION_DATE='2024-10-21T03:07:00+00:00' AIRFLOW_CTX_TRY_NUMBER='1' AIRFLOW_CTX_DAG_RUN_ID='scheduled__2024-10-21T03:07:00+00:00'
[2024-10-21T17:20:37.180+0000] {logging_mixin.py:190} INFO - Task instance is in running state
[2024-10-21T17:20:37.181+0000] {logging_mixin.py:190} INFO -  Previous state of the Task instance: queued
[2024-10-21T17:20:37.181+0000] {logging_mixin.py:190} INFO - Current task name:wait_principal state:running start_date:2024-10-21 17:20:36.997590+00:00
[2024-10-21T17:20:37.182+0000] {logging_mixin.py:190} INFO - Dag name:DAG_filha and current dag run status:running
[2024-10-21T17:20:37.182+0000] {taskinstance.py:731} INFO - ::endgroup::
[2024-10-21T17:20:37.183+0000] {baseoperator.py:405} WARNING - ExternalTaskSensor.execute cannot be called outside TaskInstance!
[2024-10-21T17:20:37.191+0000] {external_task.py:274} INFO - Poking for DAG 'python_principal' on 2024-10-21T02:07:00+00:00 ... 
[2024-10-21T17:20:37.192+0000] {warnings.py:112} WARNING - /home/***/.local/lib/python3.12/site-packages/***/utils/session.py:97: DeprecationWarning: This method is deprecated and will be removed in future.
  return func(*args, session=session, **kwargs)

[2024-10-21T17:20:37.222+0000] {taskinstance.py:309} INFO - Rescheduling task, marking task as UP_FOR_RESCHEDULE
[2024-10-21T17:20:37.223+0000] {taskinstance.py:340} INFO - ::group::Post task execution logs
[2024-10-21T17:20:37.248+0000] {local_task_job_runner.py:266} INFO - Task exited with return code 0
[2024-10-21T17:20:37.280+0000] {taskinstance.py:3900} INFO - 0 downstream tasks scheduled from follow-on schedule check
[2024-10-21T17:20:37.282+0000] {local_task_job_runner.py:245} INFO - ::endgroup::
